0.01	7.43230103723
0.0118984169542	6.98730204272
0.0141572326015	6.55011163389
0.016844865641	6.12993171325
0.0200427234933	5.7239556827
0.0238476681021	5.33416924448
0.0283749498463	4.96077876323
0.0337616984325	4.60403863679
0.0401710765031	4.26364518123
0.0477972217731	3.93987741776
0.0568711273907	3.63233700443
0.0676676386349	3.34063509474
0.0805137778781	3.06468336742
0.0957986499749	2.80407387638
0.113985228105	2.55848485161
0.135624377061	2.32757531757
0.161371538742	2.11096672591
0.192006585248	1.90786750237
0.228457440923	1.71975624579
0.271828188838	1.54286778584
0.323432513069	1.37940584071
0.384833489703	1.22542472527
0.457890931842	1.08877617838
0.544817722658	0.960710103634
0.648246842821	0.843441148734
0.77131112251	0.736532262752
0.917738133701	0.639669109531
1.09196309695	0.551950487779
1.29926322261	0.473162225891
1.54591755558	0.402957641703
1.83939716531	0.340739208695
2.18859144171	0.285439016801
2.60407735158	0.237174232451
3.098439811	0.195455649361
3.68665287787	0.159343342442
4.38653331062	0.12851876673
5.21928023131	0.102243441069
6.21011723927	0.0803246905326
7.38905642471	0.0620515457465
8.79180742391	0.0475592465678
10.460859051	0.0357286451503
12.4467662688	0.0264415482326
14.8096814797	0.0190194347285
17.6211765204	0.0131640595054
20.9664105463	0.00925804190555
24.9467094712	0.00621167399104
29.6826350923	0.00404533112237
35.3176368626	0.00253346198068
42.0223969227	0.00152149448753
50.0	0.000866390315739
