This is pdfTeX, Version 3.1415926-2.5-1.40.14 (TeX Live 2013/Debian) (format=pdflatex 2014.7.22)  14 FEB 2015 16:19
entering extended mode
 restricted \write18 enabled.
 %&-line parsing enabled.
**lyaf.tex
(./lyaf.tex
LaTeX2e <2011/06/27>
Babel <3.9h> and hyphenation patterns for 2 languages loaded.
(./mn2e.cls
Document Class: mn2e 2001/02/06 v2.2 LaTeX2e MN document class
Document Style `MN' v2.2, released 2001 February 20
\math@groups=\toks14
LaTeX Font Info:    Overwriting symbol font `symbols' in version `bold'
(Font)                  OMS/cmsy/b/n --> OMS/cmsy/b/n on input line 223.
\symbmisymbols=\mathgroup4
\symUPM=\mathgroup5
LaTeX Font Info:    Overwriting symbol font `UPM' in version `bold'
(Font)                  U/eur/m/n --> U/eur/b/n on input line 260.
\symAMSa=\mathgroup6
\SFB@measure=\dimen102
\realparindent=\skip41
\c@part=\count79
\c@section=\count80
\c@subsection=\count81
\c@subsubsection=\count82
\c@paragraph=\count83
\c@subparagraph=\count84
\@indentskip=\skip42
\smallindent=\skip43
\@footindent=\skip44
\@leftskip=\skip45
\c@dummy=\count85
(/usr/share/texlive/texmf-dist/tex/latex/natbib/natbib.sty
Package: natbib 2010/09/13 8.31b (PWD, AO)
\bibhang=\skip46
\bibsep=\skip47
LaTeX Info: Redefining \cite on input line 694.
\c@NAT@ctr=\count86
)
\c@table=\count87
\c@figure=\count88
\mathindent=\dimen103
)
(/usr/share/texlive/texmf-dist/tex/latex/graphics/graphicx.sty
Package: graphicx 1999/02/16 v1.0f Enhanced LaTeX Graphics (DPC,SPQR)

(/usr/share/texlive/texmf-dist/tex/latex/graphics/keyval.sty
Package: keyval 1999/03/16 v1.13 key=value parser (DPC)
\KV@toks@=\toks15
)
(/usr/share/texlive/texmf-dist/tex/latex/graphics/graphics.sty
Package: graphics 2009/02/05 v1.0o Standard LaTeX Graphics (DPC,SPQR)

(/usr/share/texlive/texmf-dist/tex/latex/graphics/trig.sty
Package: trig 1999/03/16 v1.09 sin cos tan (DPC)
)
(/usr/share/texlive/texmf-dist/tex/latex/latexconfig/graphics.cfg
File: graphics.cfg 2010/04/23 v1.9 graphics configuration of TeX Live
)
Package graphics Info: Driver file: pdftex.def on input line 91.

(/usr/share/texlive/texmf-dist/tex/latex/pdftex-def/pdftex.def
File: pdftex.def 2011/05/27 v0.06d Graphics/color for pdfTeX

(/usr/share/texlive/texmf-dist/tex/generic/oberdiek/infwarerr.sty
Package: infwarerr 2010/04/08 v1.3 Providing info/warning/error messages (HO)
)
(/usr/share/texlive/texmf-dist/tex/generic/oberdiek/ltxcmds.sty
Package: ltxcmds 2011/11/09 v1.22 LaTeX kernel commands for general use (HO)
)
\Gread@gobject=\count89
))
\Gin@req@height=\dimen104
\Gin@req@width=\dimen105
)
(/usr/share/texlive/texmf-dist/tex/latex/tools/dcolumn.sty
Package: dcolumn 2001/05/28 v1.06 decimal alignment package (DPC)

(/usr/share/texlive/texmf-dist/tex/latex/tools/array.sty
Package: array 2008/09/09 v2.4c Tabular extension package (FMi)
\col@sep=\dimen106
\extrarowheight=\dimen107
\NC@list=\toks16
\extratabsurround=\skip48
\backup@length=\skip49
))
(/usr/share/texlive/texmf-dist/tex/latex/tools/bm.sty
Package: bm 2004/02/26 v1.1c Bold Symbol Support (DPC/FMi)
\symboldoperators=\mathgroup7
\symboldletters=\mathgroup8
\symboldsymbols=\mathgroup9
\symboldUPM=\mathgroup10
LaTeX Font Info:    Redeclaring math alphabet \mathbf on input line 138.
LaTeX Info: Redefining \bm on input line 204.
)
(/usr/share/texlive/texmf-dist/tex/latex/listings/listings.sty
\lst@mode=\count90
\lst@gtempboxa=\box26
\lst@token=\toks17
\lst@length=\count91
\lst@currlwidth=\dimen108
\lst@column=\count92
\lst@pos=\count93
\lst@lostspace=\dimen109
\lst@width=\dimen110
\lst@newlines=\count94
\lst@lineno=\count95
\abovecaptionskip=\skip50
\belowcaptionskip=\skip51
\lst@maxwidth=\dimen111

(/usr/share/texlive/texmf-dist/tex/latex/listings/lstmisc.sty
File: lstmisc.sty 2013/08/26 1.5b (Carsten Heinz)
\c@lstnumber=\count96
\lst@skipnumbers=\count97
\lst@framebox=\box27
)
(/usr/share/texlive/texmf-dist/tex/latex/listings/listings.cfg
File: listings.cfg 2013/08/26 1.5b listings configuration
))
Package: listings 2013/08/26 1.5b (Carsten Heinz)

(/usr/share/texlive/texmf-dist/tex/latex/amsfonts/amssymb.sty
Package: amssymb 2013/01/14 v3.01 AMS font symbols

(/usr/share/texlive/texmf-dist/tex/latex/amsfonts/amsfonts.sty
Package: amsfonts 2013/01/14 v3.01 Basic AMSFonts support
\@emptytoks=\toks18
LaTeX Font Info:    Redeclaring symbol font `AMSa' on input line 59.
LaTeX Font Info:    Overwriting symbol font `AMSa' in version `normal'
(Font)                  U/msa/m/n --> U/msa/m/n on input line 59.
LaTeX Font Info:    Overwriting symbol font `AMSa' in version `bold'
(Font)                  U/msa/m/n --> U/msa/m/n on input line 59.
\symAMSb=\mathgroup11
LaTeX Font Info:    Overwriting math alphabet `\mathfrak' in version `bold'
(Font)                  U/euf/m/n --> U/euf/b/n on input line 106.
)
LaTeX Font Info:    Redeclaring math symbol \leqslant on input line 101.
LaTeX Font Info:    Redeclaring math symbol \geqslant on input line 108.
)
(/usr/share/texlive/texmf-dist/tex/latex/tools/verbatim.sty
Package: verbatim 2003/08/22 v1.5q LaTeX2e package for verbatim enhancements
\every@verbatim=\toks19
\verbatim@line=\toks20
\verbatim@in@stream=\read1
)
(/usr/share/texlive/texmf-dist/tex/latex/url/url.sty
\Urlmuskip=\muskip10
Package: url 2013/09/16  ver 3.4  Verb mode for urls, etc.
)
(/usr/share/texlive/texmf-dist/tex/latex/mh/mathtools.sty
Package: mathtools 2013/02/12 v1.13 mathematical typesetting tools

(/usr/share/texlive/texmf-dist/tex/latex/tools/calc.sty
Package: calc 2007/08/22 v4.3 Infix arithmetic (KKT,FJ)
\calc@Acount=\count98
\calc@Bcount=\count99
\calc@Adimen=\dimen112
\calc@Bdimen=\dimen113
\calc@Askip=\skip52
\calc@Bskip=\skip53
LaTeX Info: Redefining \setlength on input line 76.
LaTeX Info: Redefining \addtolength on input line 77.
\calc@Ccount=\count100
\calc@Cskip=\skip54
)
(/usr/share/texlive/texmf-dist/tex/latex/mh/mhsetup.sty
Package: mhsetup 2010/01/21 v1.2a programming setup (MH)
)
(/usr/share/texlive/texmf-dist/tex/latex/amsmath/amsmath.sty
Package: amsmath 2013/01/14 v2.14 AMS math features
\@mathmargin=\skip55

For additional information on amsmath, use the `?' option.
(/usr/share/texlive/texmf-dist/tex/latex/amsmath/amstext.sty
Package: amstext 2000/06/29 v2.01

(/usr/share/texlive/texmf-dist/tex/latex/amsmath/amsgen.sty
File: amsgen.sty 1999/11/30 v2.0
\@emptytoks=\toks21
\ex@=\dimen114
))
(/usr/share/texlive/texmf-dist/tex/latex/amsmath/amsbsy.sty
Package: amsbsy 1999/11/29 v1.2d
LaTeX Info: Redefining \boldsymbol on input line 39.
\pmbraise@=\dimen115
)
(/usr/share/texlive/texmf-dist/tex/latex/amsmath/amsopn.sty
Package: amsopn 1999/12/14 v2.01 operator names
)
\inf@bad=\count101
LaTeX Info: Redefining \frac on input line 210.
\uproot@=\count102
\leftroot@=\count103
LaTeX Info: Redefining \overline on input line 306.
\classnum@=\count104
\DOTSCASE@=\count105
LaTeX Info: Redefining \ldots on input line 378.
LaTeX Info: Redefining \dots on input line 381.
LaTeX Info: Redefining \cdots on input line 466.
\Mathstrutbox@=\box28
\strutbox@=\box29
\big@size=\dimen116
LaTeX Font Info:    Redeclaring font encoding OML on input line 566.
LaTeX Font Info:    Redeclaring font encoding OMS on input line 567.
\macc@depth=\count106
\c@MaxMatrixCols=\count107
\dotsspace@=\muskip11
\c@parentequation=\count108
\dspbrk@lvl=\count109
\tag@help=\toks22
\row@=\count110
\column@=\count111
\maxfields@=\count112
\andhelp@=\toks23
\eqnshift@=\dimen117
\alignsep@=\dimen118
\tagshift@=\dimen119
\tagwidth@=\dimen120
\totwidth@=\dimen121
\lineht@=\dimen122
\@envbody=\toks24
\multlinegap=\skip56
\multlinetaggap=\skip57
\mathdisplay@stack=\toks25
LaTeX Info: Redefining \[ on input line 2665.
LaTeX Info: Redefining \] on input line 2666.
)
LaTeX Info: Thecontrolsequence`\['isalreadyrobust on input line 129.
LaTeX Info: Thecontrolsequence`\]'isalreadyrobust on input line 129.
\g_MT_multlinerow_int=\count113
\l_MT_multwidth_dim=\dimen123
\origjot=\skip58
\l_MT_shortvdotswithinadjustabove_dim=\dimen124
\l_MT_shortvdotswithinadjustbelow_dim=\dimen125
\l_MT_above_intertext_sep=\dimen126
\l_MT_below_intertext_sep=\dimen127
\l_MT_above_shortintertext_sep=\dimen128
\l_MT_below_shortintertext_sep=\dimen129
)
(/usr/share/texlive/texmf-dist/tex/latex/tools/longtable.sty
Package: longtable 2004/02/01 v4.11 Multi-page Table package (DPC)
\LTleft=\skip59
\LTright=\skip60
\LTpre=\skip61
\LTpost=\skip62
\LTchunksize=\count114
\LTcapwidth=\dimen130
\LT@head=\box30
\LT@firsthead=\box31
\LT@foot=\box32
\LT@lastfoot=\box33
\LT@cols=\count115
\LT@rows=\count116
\c@LT@tables=\count117
\c@LT@chunks=\count118
\LT@p@ftn=\toks26
)
(/usr/share/texlive/texmf-dist/tex/latex/booktabs/booktabs.sty
Package: booktabs 2005/04/14 v1.61803 publication quality tables
\heavyrulewidth=\dimen131
\lightrulewidth=\dimen132
\cmidrulewidth=\dimen133
\belowrulesep=\dimen134
\belowbottomsep=\dimen135
\aboverulesep=\dimen136
\abovetopsep=\dimen137
\cmidrulesep=\dimen138
\cmidrulekern=\dimen139
\defaultaddspace=\dimen140
\@cmidla=\count119
\@cmidlb=\count120
\@aboverulesep=\dimen141
\@belowrulesep=\dimen142
\@thisruleclass=\count121
\@lastruleclass=\count122
\@thisrulewidth=\dimen143
)
(/usr/share/texlive/texmf-dist/tex/latex/ctable/ctable.sty
Package: ctable 2013/12/19 v1.27 ctable package for \ flexible typesetting of t
able and figure floats using key/value directives

(/usr/share/texlive/texmf-dist/tex/generic/oberdiek/ifpdf.sty
Package: ifpdf 2011/01/30 v2.3 Provides the ifpdf switch (HO)
Package ifpdf Info: pdfTeX in PDF mode is detected.
)
(/usr/share/texmf/tex/latex/xcolor/xcolor.sty
Package: xcolor 2007/01/21 v2.11 LaTeX color extensions (UK)

(/usr/share/texlive/texmf-dist/tex/latex/latexconfig/color.cfg
File: color.cfg 2007/01/18 v1.5 color configuration of teTeX/TeXLive
)
Package xcolor Info: Driver file: pdftex.def on input line 225.
Package xcolor Info: Model `cmy' substituted by `cmy0' on input line 1337.
Package xcolor Info: Model `hsb' substituted by `rgb' on input line 1341.
Package xcolor Info: Model `RGB' extended on input line 1353.
Package xcolor Info: Model `HTML' substituted by `rgb' on input line 1355.
Package xcolor Info: Model `Hsb' substituted by `hsb' on input line 1356.
Package xcolor Info: Model `tHsb' substituted by `hsb' on input line 1357.
Package xcolor Info: Model `HSB' substituted by `hsb' on input line 1358.
Package xcolor Info: Model `Gray' substituted by `gray' on input line 1359.
Package xcolor Info: Model `wave' substituted by `hsb' on input line 1360.
)
(/usr/share/texlive/texmf-dist/tex/latex/xkeyval/xkeyval.sty
Package: xkeyval 2012/10/14 v2.6b package option processing (HA)

(/usr/share/texlive/texmf-dist/tex/generic/xkeyval/xkeyval.tex
\XKV@toks=\toks27
\XKV@tempa@toks=\toks28
\XKV@depth=\count123
File: xkeyval.tex 2012/10/14 v2.6b key=value parser (HA)
))
(/usr/share/texlive/texmf-dist/tex/latex/tools/tabularx.sty
Package: tabularx 1999/01/07 v2.07 `tabularx' package (DPC)
\TX@col@width=\dimen144
\TX@old@table=\dimen145
\TX@old@col=\dimen146
\TX@target=\dimen147
\TX@delta=\dimen148
\TX@cols=\count124
\TX@ftn=\toks29
)
(/usr/share/texlive/texmf-dist/tex/latex/rotating/rotating.sty
Package: rotating 2009/03/28 v2.16a rotated objects in LaTeX

(/usr/share/texlive/texmf-dist/tex/latex/base/ifthen.sty
Package: ifthen 2001/05/26 v1.1c Standard LaTeX ifthen package (DPC)
)
\c@r@tfl@t=\count125
\rotFPtop=\skip63
\rotFPbot=\skip64
\rot@float@box=\box34
\rot@mess@toks=\toks30
)
(/usr/share/texlive/texmf-dist/tex/latex/oberdiek/transparent.sty
Package: transparent 2007/01/08 v1.0 Transparency via pdfTeX's color stack (HO)


(/usr/share/texlive/texmf-dist/tex/latex/oberdiek/auxhook.sty
Package: auxhook 2011/03/04 v1.3 Hooks for auxiliary files (HO)
))
\@ctblframesep=\dimen149
\@defaultctblframesep=\dimen150
\@ctblframerule=\dimen151
\@defaultctblframerule=\dimen152
\@ctblwidth=\dimen153
\@defaultctblwidth=\dimen154
\@ctblcaptionskip=\dimen155
\@defaultctblcaptionskip=\dimen156
\@ctblmaxwidth=\dimen157
\@defaultctblmaxwidth=\dimen158
\@ctblmincapwidth=\dimen159
\@defaultctblmincapwidth=\dimen160
\@ctblfooterwidth=\dimen161
\@defaultctblfooterwidth=\dimen162
\@ctblw=\dimen163
\@ctblfloatwidth=\dimen164
\@ctbloldsep=\dimen165
\@ctbloldrule=\dimen166
\ctbl@t=\box35
\@ctblcurftwidth=\dimen167
) (./lyaf.aux

LaTeX Warning: Label `EoR_xi' multiply defined.


LaTeX Warning: Label `table:telescope' multiply defined.

)
\openout1 = `lyaf.aux'.

LaTeX Font Info:    Checking defaults for OML/cmm/m/it on input line 73.
LaTeX Font Info:    ... okay on input line 73.
LaTeX Font Info:    Checking defaults for T1/cmr/m/n on input line 73.
LaTeX Font Info:    ... okay on input line 73.
LaTeX Font Info:    Checking defaults for OT1/cmr/m/n on input line 73.
LaTeX Font Info:    ... okay on input line 73.
LaTeX Font Info:    Checking defaults for OMS/cmsy/m/n on input line 73.
LaTeX Font Info:    ... okay on input line 73.
LaTeX Font Info:    Checking defaults for OMX/cmex/m/n on input line 73.
LaTeX Font Info:    ... okay on input line 73.
LaTeX Font Info:    Checking defaults for U/cmr/m/n on input line 73.
LaTeX Font Info:    ... okay on input line 73.
 (/usr/share/texlive/texmf-dist/tex/context/base/supp-pdf.mkii
[Loading MPS to PDF converter (version 2006.09.02).]
\scratchcounter=\count126
\scratchdimen=\dimen168
\scratchbox=\box36
\nofMPsegments=\count127
\nofMParguments=\count128
\everyMPshowfont=\toks31
\MPscratchCnt=\count129
\MPscratchDim=\dimen169
\MPnumerator=\count130
\makeMPintoPDFobject=\count131
\everyMPtoPDFconversion=\toks32
) (/usr/share/texlive/texmf-dist/tex/generic/oberdiek/pdftexcmds.sty
Package: pdftexcmds 2011/11/29 v0.20 Utility functions of pdfTeX for LuaTeX (HO
)

(/usr/share/texlive/texmf-dist/tex/generic/oberdiek/ifluatex.sty
Package: ifluatex 2010/03/01 v1.3 Provides the ifluatex switch (HO)
Package ifluatex Info: LuaTeX not detected.
)
Package pdftexcmds Info: LuaTeX not detected.
Package pdftexcmds Info: \pdf@primitive is available.
Package pdftexcmds Info: \pdf@ifprimitive is available.
Package pdftexcmds Info: \pdfdraftmode found.
)
(/usr/share/texlive/texmf-dist/tex/latex/oberdiek/epstopdf-base.sty
Package: epstopdf-base 2010/02/09 v2.5 Base part for package epstopdf

(/usr/share/texlive/texmf-dist/tex/latex/oberdiek/grfext.sty
Package: grfext 2010/08/19 v1.1 Manage graphics extensions (HO)

(/usr/share/texlive/texmf-dist/tex/generic/oberdiek/kvdefinekeys.sty
Package: kvdefinekeys 2011/04/07 v1.3 Define keys (HO)
))
(/usr/share/texlive/texmf-dist/tex/latex/oberdiek/kvoptions.sty
Package: kvoptions 2011/06/30 v3.11 Key value format for package options (HO)

(/usr/share/texlive/texmf-dist/tex/generic/oberdiek/kvsetkeys.sty
Package: kvsetkeys 2012/04/25 v1.16 Key value parser (HO)

(/usr/share/texlive/texmf-dist/tex/generic/oberdiek/etexcmds.sty
Package: etexcmds 2011/02/16 v1.5 Avoid name clashes with e-TeX commands (HO)
Package etexcmds Info: Could not find \expanded.
(etexcmds)             That can mean that you are not using pdfTeX 1.50 or
(etexcmds)             that some package has redefined \expanded.
(etexcmds)             In the latter case, load this package earlier.
)))
Package grfext Info: Graphics extension search list:
(grfext)             [.png,.pdf,.jpg,.mps,.jpeg,.jbig2,.jb2,.PNG,.PDF,.JPG,.JPE
G,.JBIG2,.JB2,.eps]
(grfext)             \AppendGraphicsExtensions on input line 452.

(/usr/share/texlive/texmf-dist/tex/latex/latexconfig/epstopdf-sys.cfg
File: epstopdf-sys.cfg 2010/07/13 v1.3 Configuration of (r)epstopdf for TeX Liv
e
))
\c@lstlisting=\count132
LaTeX Font Info:    Try loading font information for U+eur on input line 75.

(/usr/share/texlive/texmf-dist/tex/latex/amsfonts/ueur.fd
File: ueur.fd 2013/01/14 v3.01 Euler Roman
)
LaTeX Font Info:    Try loading font information for U+msa on input line 75.

(/usr/share/texlive/texmf-dist/tex/latex/amsfonts/umsa.fd
File: umsa.fd 2013/01/14 v3.01 AMS symbols A
)
LaTeX Font Info:    Try loading font information for U+msb on input line 75.

(/usr/share/texlive/texmf-dist/tex/latex/amsfonts/umsb.fd
File: umsb.fd 2013/01/14 v3.01 AMS symbols B
)

LaTeX Warning: Reference `firstpage' on page 1 undefined on input line 156.

LaTeX Font Info:    Try loading font information for OMS+cmr on input line 156.

(/usr/share/texlive/texmf-dist/tex/latex/base/omscmr.fd
File: omscmr.fd 1999/05/25 v2.5h Standard LaTeX font definitions
)
LaTeX Font Info:    Font shape `OMS/cmr/m/n' in size <8> not available
(Font)              Font shape `OMS/cmsy/m/n' tried instead on input line 156.
 [1{/var/lib/texmf/fonts/map/pdftex/updmap/pdftex.map}


]
Underfull \hbox (badness 1337) in paragraph at lines 208--221
[]\OT1/cmr/m/n/9 Using the stel-lar pop-u-la-tion syn-the-sis re-sult from
 []


Underfull \hbox (badness 1852) in paragraph at lines 234--238
\OT1/cmr/m/n/9 Then, $^^@[] = ^^@[](\OML/cmm/m/it/9 r=r[]\OT1/cmr/m/n/9 )[]$. T
he com-bi-na-tion of
 []


LaTeX Warning: Reference `firstpage' on page 2 undefined on input line 294.

[2] <figure/corrfunc.pdf, id=33, 587.19376pt x 442.65375pt>
File: figure/corrfunc.pdf Graphic file (type pdf)

<use figure/corrfunc.pdf>
Package pdftex.def Info: figure/corrfunc.pdf used on input line 297.
(pdftex.def)             Requested size: 587.19232pt x 442.65265pt.

<figure/xi_example_EoR.pdf, id=34, 505.89pt x 722.7pt>
File: figure/xi_example_EoR.pdf Graphic file (type pdf)

<use figure/xi_example_EoR.pdf>
Package pdftex.def Info: figure/xi_example_EoR.pdf used on input line 342.
(pdftex.def)             Requested size: 505.88875pt x 722.69823pt.

Underfull \hbox (badness 1590) in paragraph at lines 357--363
\OT1/cmr/m/n/9 The con-di-tional pair-wise ve-loc-ity dis-tri-bu-tion func-tion

 []


LaTeX Warning: Reference `firstpage' on page 3 undefined on input line 408.

[3 <./figure/corrfunc.pdf> <./figure/xi_example_EoR.pdf>]
<figure/s12_L40P256G256R0_Gamma12_SST.pdf, id=108, 442.65375pt x 442.65375pt>
File: figure/s12_L40P256G256R0_Gamma12_SST.pdf Graphic file (type pdf)

<use figure/s12_L40P256G256R0_Gamma12_SST.pdf>
Package pdftex.def Info: figure/s12_L40P256G256R0_Gamma12_SST.pdf used on input
 line 438.
(pdftex.def)             Requested size: 442.65265pt x 442.65265pt.


LaTeX Warning: Reference `firstpage' on page 4 undefined on input line 510.

[4 <./figure/s12_L40P256G256R0_Gamma12_SST.pdf>]
Overfull \hbox (15.67342pt too wide) detected at line 592
\OT1/cmr/m/n/9 1 + \OML/cmm/m/it/9 ^^X[]\OT1/cmr/m/n/9 (\OML/cmm/m/it/9 s[]; s[
]\OT1/cmr/m/n/9 ) = [] \OML/cmm/m/it/9 dr[] [] ^^N[] []
 []


Underfull \hbox (badness 1264) in paragraph at lines 592--599
\OT1/cmr/m/n/9 where $\OML/cmm/m/it/9 r \OT1/cmr/m/n/9 = []$ and $\OML/cmm/m/it
/9 ^^V \OT1/cmr/m/n/9 = \OML/cmm/m/it/9 r[]=r$\OT1/cmr/m/n/9 . The redshift-
 []


LaTeX Warning: Reference `firstpage' on page 5 undefined on input line 639.

[5]
Underfull \hbox (badness 1424) in paragraph at lines 676--692
\OT1/cmr/m/n/9 the IGM en-vi-ron-ment in-flu-ence the vis-i-bil-ity of $[]\OML/
cmm/m/it/9 $\OT1/cmr/m/n/9 -
 []


Overfull \hbox (5.35112pt too wide) in alignment at lines 732--736
[] [] [] [] 
 []


Overfull \hbox (8.68651pt too wide) detected at line 747
\OML/cmm/m/it/9 I\OT1/cmr/m/n/9 (\OML/cmm/m/it/9 s \OT1/cmr/m/n/9 + \OML/cmm/m/
it/9 ds\OT1/cmr/m/n/9 ) = \OML/cmm/m/it/9 I\OT1/cmr/m/n/9 (\OML/cmm/m/it/9 s\OT
1/cmr/m/n/9 ) []
 []


Overfull \hbox (17.49692pt too wide) detected at line 762
\OML/cmm/m/it/9 f\OT1/cmr/m/n/9 (\OML/cmm/m/it/9 v[]\OT1/cmr/m/n/9 ) = [] [] []
 [] []
 []


Overfull \hbox (24.94688pt too wide) detected at line 776
\OML/cmm/m/it/9 f\OT1/cmr/m/n/9 (\OML/cmm/m/it/9 v[]\OT1/cmr/m/n/9 ) = [] [] []
 [] []
 []


Overfull \hbox (24.94688pt too wide) detected at line 789
\OML/cmm/m/it/9 f\OT1/cmr/m/n/9 (\OML/cmm/m/it/9 v[]\OT1/cmr/m/n/9 ) = [] [] []
 [] []
 []


LaTeX Warning: Reference `firstpage' on page 6 undefined on input line 798.

[6] <figure/v12_distribution.pdf, id=183, 794.97pt x 735.34723pt>
File: figure/v12_distribution.pdf Graphic file (type pdf)

<use figure/v12_distribution.pdf>
Package pdftex.def Info: figure/v12_distribution.pdf used on input line 809.
(pdftex.def)             Requested size: 794.96806pt x 735.34543pt.

<figure/test_eff_optdpt.pdf, id=184, 587.19376pt x 442.65375pt>
File: figure/test_eff_optdpt.pdf Graphic file (type pdf)

<use figure/test_eff_optdpt.pdf>
Package pdftex.def Info: figure/test_eff_optdpt.pdf used on input line 817.
(pdftex.def)             Requested size: 587.19232pt x 442.65265pt.

<figure/test_lya_profile.pdf, id=185, 587.19376pt x 442.65375pt>
File: figure/test_lya_profile.pdf Graphic file (type pdf)

<use figure/test_lya_profile.pdf>
Package pdftex.def Info: figure/test_lya_profile.pdf used on input line 818.
(pdftex.def)             Requested size: 587.19232pt x 442.65265pt.


LaTeX Warning: Command \r invalid in math mode on input line 860.

<figure/spectral_synthesis.pdf, id=186, 1093.08376pt x 514.92375pt>
File: figure/spectral_synthesis.pdf Graphic file (type pdf)

<use figure/spectral_synthesis.pdf>
Package pdftex.def Info: figure/spectral_synthesis.pdf used on input line 866.
(pdftex.def)             Requested size: 1093.08109pt x 514.92249pt.

<figure/spectral_synthesis_3500-5000.pdf, id=187, 1093.08376pt x 514.92375pt>
File: figure/spectral_synthesis_3500-5000.pdf Graphic file (type pdf)

<use figure/spectral_synthesis_3500-5000.pdf>
Package pdftex.def Info: figure/spectral_synthesis_3500-5000.pdf used on input 
line 873.
(pdftex.def)             Requested size: 1093.08109pt x 514.92249pt.

Overfull \hbox (7.14702pt too wide) in paragraph at lines 887--905
 [][] 
 []


LaTeX Warning: Reference `firstpage' on page 7 undefined on input line 925.

[7 <./figure/test_eff_optdpt.pdf> <./figure/test_lya_profile.pdf

pdfTeX warning: pdflatex (file ./figure/test_lya_profile.pdf): PDF inclusion: m
ultiple pdfs with page group included in a single page
> <./figure/spectral_synthesis_3500-5000.pdf

pdfTeX warning: pdflatex (file ./figure/spectral_synthesis_3500-5000.pdf): PDF 
inclusion: multiple pdfs with page group included in a single page
>]
Underfull \vbox (badness 10000) has occurred while \output is active []



LaTeX Warning: Reference `firstpage' on page 8 undefined on input line 925.

[8 <./figure/v12_distribution.pdf> <./figure/spectral_synthesis.pdf

pdfTeX warning: pdflatex (file ./figure/spectral_synthesis.pdf): PDF inclusion:
 multiple pdfs with page group included in a single page
>]
<figure/2PCF_L40P256G256R0_Gamma12_SST.pdf, id=418, 442.65375pt x 442.65375pt>
File: figure/2PCF_L40P256G256R0_Gamma12_SST.pdf Graphic file (type pdf)

<use figure/2PCF_L40P256G256R0_Gamma12_SST.pdf>
Package pdftex.def Info: figure/2PCF_L40P256G256R0_Gamma12_SST.pdf used on inpu
t line 963.
(pdftex.def)             Requested size: 442.65265pt x 442.65265pt.

<figure/v12_comparison_z3.pdf, id=419, 614.295pt x 442.65375pt>
File: figure/v12_comparison_z3.pdf Graphic file (type pdf)

<use figure/v12_comparison_z3.pdf>
Package pdftex.def Info: figure/v12_comparison_z3.pdf used on input line 983.
(pdftex.def)             Requested size: 614.29349pt x 442.65265pt.

<figure/v12_L40P256G256R0_Gamma12_SST.pdf, id=420, 442.65375pt x 442.65375pt>
File: figure/v12_L40P256G256R0_Gamma12_SST.pdf Graphic file (type pdf)

<use figure/v12_L40P256G256R0_Gamma12_SST.pdf>
Package pdftex.def Info: figure/v12_L40P256G256R0_Gamma12_SST.pdf used on input
 line 993.
(pdftex.def)             Requested size: 442.65265pt x 442.65265pt.

Overfull \hbox (12.53525pt too wide) in paragraph at lines 1009--1027
 [][] 
 []


Underfull \vbox (badness 10000) has occurred while \output is active []



LaTeX Warning: Reference `firstpage' on page 9 undefined on input line 1036.

[9 <./figure/2PCF_L40P256G256R0_Gamma12_SST.pdf> <./figure/v12_comparison_z3.pd
f>]

LaTeX Warning: Command \r invalid in math mode on input line 1040.

<figure/RSDs_1-2-3.pdf, id=566, 227.85126pt x 1011.78pt>
File: figure/RSDs_1-2-3.pdf Graphic file (type pdf)

<use figure/RSDs_1-2-3.pdf>
Package pdftex.def Info: figure/RSDs_1-2-3.pdf used on input line 1054.
(pdftex.def)             Requested size: 227.8507pt x 1011.77753pt.

<figure/RSD_moment_model1-2-3.pdf, id=567, 1093.08376pt x 442.65375pt>
File: figure/RSD_moment_model1-2-3.pdf Graphic file (type pdf)

<use figure/RSD_moment_model1-2-3.pdf>
Package pdftex.def Info: figure/RSD_moment_model1-2-3.pdf used on input line 10
61.
(pdftex.def)             Requested size: 1093.08109pt x 442.65265pt.

<figure/RSDs_1-4-5.pdf, id=568, 227.85126pt x 1011.78pt>
File: figure/RSDs_1-4-5.pdf Graphic file (type pdf)

<use figure/RSDs_1-4-5.pdf>
Package pdftex.def Info: figure/RSDs_1-4-5.pdf used on input line 1091.
(pdftex.def)             Requested size: 227.8507pt x 1011.77753pt.

<figure/RSD_moment_model1-4-5.pdf, id=569, 1093.08376pt x 442.65375pt>
File: figure/RSD_moment_model1-4-5.pdf Graphic file (type pdf)

<use figure/RSD_moment_model1-4-5.pdf>
Package pdftex.def Info: figure/RSD_moment_model1-4-5.pdf used on input line 10
98.
(pdftex.def)             Requested size: 1093.08109pt x 442.65265pt.

<figure/RSDs_1-9-10.pdf, id=570, 227.85126pt x 1011.78pt>
File: figure/RSDs_1-9-10.pdf Graphic file (type pdf)

<use figure/RSDs_1-9-10.pdf>
Package pdftex.def Info: figure/RSDs_1-9-10.pdf used on input line 1120.
(pdftex.def)             Requested size: 227.8507pt x 1011.77753pt.

<figure/RSD_moment_model1-9-10.pdf, id=571, 1093.08376pt x 442.65375pt>
File: figure/RSD_moment_model1-9-10.pdf Graphic file (type pdf)

<use figure/RSD_moment_model1-9-10.pdf>
Package pdftex.def Info: figure/RSD_moment_model1-9-10.pdf used on input line 1
127.
(pdftex.def)             Requested size: 1093.08109pt x 442.65265pt.

Underfull \vbox (badness 2205) has occurred while \output is active []



LaTeX Warning: Reference `firstpage' on page 10 undefined on input line 1141.

[10 <./figure/v12_L40P256G256R0_Gamma12_SST.pdf>]
<figure/RSDs_1-6-7-8.pdf, id=639, 227.85126pt x 1373.13pt>
File: figure/RSDs_1-6-7-8.pdf Graphic file (type pdf)

<use figure/RSDs_1-6-7-8.pdf>
Package pdftex.def Info: figure/RSDs_1-6-7-8.pdf used on input line 1147.
(pdftex.def)             Requested size: 227.8507pt x 1373.12666pt.

<figure/RSD_moment_model1-6-7-8.pdf, id=640, 1093.08376pt x 442.65375pt>
File: figure/RSD_moment_model1-6-7-8.pdf Graphic file (type pdf)

<use figure/RSD_moment_model1-6-7-8.pdf>
Package pdftex.def Info: figure/RSD_moment_model1-6-7-8.pdf used on input line 
1154.
(pdftex.def)             Requested size: 1093.08109pt x 442.65265pt.

Underfull \vbox (badness 10000) has occurred while \output is active []



LaTeX Warning: Reference `firstpage' on page 11 undefined on input line 1193.

[11 <./figure/RSDs_1-2-3.pdf> <./figure/RSD_moment_model1-2-3.pdf>]

LaTeX Warning: Reference `firstpage' on page 12 undefined on input line 1245.

[12 <./figure/RSDs_1-4-5.pdf> <./figure/RSD_moment_model1-4-5.pdf>]
Missing character: There is no â in font cmr8!
Missing character: There is no ˆ in font cmr8!
Missing character: There is no ’ in font cmr8!
Missing character: There is no â in font cmr8!
Missing character: There is no ˆ in font cmr8!
Missing character: There is no ’ in font cmr8!
Missing character: There is no â in font cmr8!
Missing character: There is no ˆ in font cmr8!
Missing character: There is no ’ in font cmr8!
Missing character: There is no â in font cmr8!
Missing character: There is no ˆ in font cmr8!
Missing character: There is no ’ in font cmr8!
Missing character: There is no â in font cmr8!
Missing character: There is no ˆ in font cmr8!
Missing character: There is no ’ in font cmr8!
Missing character: There is no â in font cmr8!
Missing character: There is no ˆ in font cmr8!
Missing character: There is no ’ in font cmr8!
Missing character: There is no â in font cmr8!
Missing character: There is no ˆ in font cmr8!
Missing character: There is no ’ in font cmr8!
Missing character: There is no â in font cmr8!
Missing character: There is no ˆ in font cmr8!
Missing character: There is no ’ in font cmr8!
Missing character: There is no â in font cmr8!
Missing character: There is no ˆ in font cmr8!
Missing character: There is no ’ in font cmr8!
Missing character: There is no â in font cmr8!
Missing character: There is no ˆ in font cmr8!
Missing character: There is no ’ in font cmr8!
Missing character: There is no â in font cmr8!
Missing character: There is no ˆ in font cmr8!
Missing character: There is no ’ in font cmr8!
Missing character: There is no â in font cmr8!
Missing character: There is no ˆ in font cmr8!
Missing character: There is no ’ in font cmr8!
Missing character: There is no â in font cmr8!
Missing character: There is no ˆ in font cmr8!
Missing character: There is no ’ in font cmr8!


Package natbib Warning: Citation `1998ARA&A..36..267R' on page 13 undefined on 
input line 1354.


Package natbib Warning: Citation `2012ApJ...750...67R' on page 13 undefined on 
input line 1355.


LaTeX Warning: Reference `firstpage' on page 13 undefined on input line 1360.

[13 <./figure/RSDs_1-9-10.pdf> <./figure/RSD_moment_model1-9-10.pdf>]

Package natbib Warning: Citation `1998ARA&A..36..267R' on page 14 undefined on 
input line 1364.

<figure/region_of_influence.pdf, id=852, 478.78876pt x 247.52475pt>
File: figure/region_of_influence.pdf Graphic file (type pdf)

<use figure/region_of_influence.pdf>
Package pdftex.def Info: figure/region_of_influence.pdf used on input line 1440
.
(pdftex.def)             Requested size: 478.78758pt x 247.52414pt.


Package natbib Warning: Citation `2010ApJ...717..289S' on page 14 undefined on 
input line 1453.


Underfull \vbox (badness 10000) has occurred while \output is active []



LaTeX Warning: Reference `firstpage' on page 14 undefined on input line 1466.

[14 <./figure/RSDs_1-6-7-8.pdf> <./figure/RSD_moment_model1-6-7-8.pdf>]
Overfull \hbox (9.25668pt too wide) detected at line 1471
\OML/cmm/m/it/9 N\OT1/cmr/m/n/9 (\OML/cmm/m/it/9 > F[]\OT1/cmr/m/n/9 ) = 
[] [][] \OML/cmm/m/it/9 dz[] [][] []dL
 []


Overfull \hbox (20.3058pt too wide) detected at line 1481
\OML/cmm/m/it/9 N\OT1/cmr/m/n/9 (\OML/cmm/m/it/9 > F[]\OT1/cmr/m/n/9 ) \OMS/cms
y/m/n/9 ^^Y \OT1/cmr/m/n/9 
[] [][] []\OML/cmm/m/it/9 ^^^[]\OT1/cmr/m/n/9 ^^@ []
 []


Underfull \vbox (badness 4518) has occurred while \output is active []


<figure/LAE_number_counts.pdf, id=927, 478.78876pt x 659.46375pt>
File: figure/LAE_number_counts.pdf Graphic file (type pdf)

<use figure/LAE_number_counts.pdf>
Package pdftex.def Info: figure/LAE_number_counts.pdf used on input line 1487.
(pdftex.def)             Requested size: 478.78758pt x 659.46213pt.

Underfull \hbox (badness 1924) in paragraph at lines 1495--1495
\OT1/cmr/m/n/8 Cam (dot-ted; Ouchi+2008) and Mag-el-lan/I-MACS (dashed;
 []

<figure/LBG_number_counts.pdf, id=928, 478.78876pt x 646.81653pt>
File: figure/LBG_number_counts.pdf Graphic file (type pdf)

<use figure/LBG_number_counts.pdf>
Package pdftex.def Info: figure/LBG_number_counts.pdf used on input line 1501.
(pdftex.def)             Requested size: 478.78758pt x 646.81494pt.

<figure/LAE_pair_counts.pdf, id=929, 514.92375pt x 659.46375pt>
File: figure/LAE_pair_counts.pdf Graphic file (type pdf)

<use figure/LAE_pair_counts.pdf>
Package pdftex.def Info: figure/LAE_pair_counts.pdf used on input line 1515.
(pdftex.def)             Requested size: 514.92249pt x 659.46213pt.


LaTeX Warning: Reference `firstpage' on page 15 undefined on input line 1558.

[15 <./figure/region_of_influence.pdf>]
Underfull \vbox (badness 10000) has occurred while \output is active []



LaTeX Warning: Reference `firstpage' on page 16 undefined on input line 1585.

[16 <./figure/LAE_number_counts.pdf>]

LaTeX Warning: Reference `firstpage' on page 17 undefined on input line 1630.

[17 <./figure/LBG_number_counts.pdf> <./figure/LAE_pair_counts.pdf

pdfTeX warning: pdflatex (file ./figure/LAE_pair_counts.pdf): PDF inclusion: mu
ltiple pdfs with page group included in a single page
>]

Package natbib Warning: Citation `mpmath' on page 18 undefined on input line 16
36.

(./lyaf.bbl)
Overfull \hbox (5.72122pt too wide) detected at line 1679
[][] \OT1/cmr/m/n/9 + [] \OMS/cmsy/m/n/9 ^^A []\OML/cmm/m/it/9 I[] \OMS/cmsy/m/
n/9 ^^@ []\OML/cmm/m/it/9 ^^W[] \OT1/cmr/m/n/9 + 3[]\OML/cmm/m/it/9 I[] \OT1/cm
r/m/n/9 = \OMS/cmsy/m/n/9 ^^@\OML/cmm/m/it/9 ^^[[]n[]'[]I[]
 []


Overfull \hbox (43.34012pt too wide) detected at line 1694
\OML/cmm/m/it/9 ^^\[]\OT1/cmr/m/n/9 (\OML/cmm/m/it/9 ^^W[]; z[]\OT1/cmr/m/n/9 )
 = [][] \OML/cmm/m/it/9 dz[] [] n[]\OT1/cmr/m/n/9 (\OML/cmm/m/it/9 z[]\OT1/cmr/
m/n/9 )\OML/cmm/m/it/9 '[] []
 []


Package natbib Warning: There were undefined citations.


LaTeX Warning: Reference `firstpage' on page 18 undefined on input line 1719.

[18] (./lyaf.aux)

LaTeX Warning: There were undefined references.


LaTeX Warning: There were multiply-defined labels.

 ) 
Here is how much of TeX's memory you used:
 6357 strings out of 495028
 88060 string characters out of 6181497
 176313 words of memory out of 5000000
 9401 multiletter control sequences out of 15000+600000
 29664 words of font info for 108 fonts, out of 8000000 for 9000
 14 hyphenation exceptions out of 8191
 38i,15n,53p,852b,339s stack positions out of 5000i,500n,10000p,200000b,80000s
</usr/share/texlive/texmf-dist/fonts/type1/public/amsfonts/cmextra/cmbsy9.pfb
></usr/share/texlive/texmf-dist/fonts/type1/public/amsfonts/cm/cmbx10.pfb></usr
/share/texlive/texmf-dist/fonts/type1/public/amsfonts/cm/cmbx12.pfb></usr/share
/texlive/texmf-dist/fonts/type1/public/amsfonts/cm/cmbx8.pfb></usr/share/texliv
e/texmf-dist/fonts/type1/public/amsfonts/cm/cmbx9.pfb></usr/share/texlive/texmf
-dist/fonts/type1/public/amsfonts/cmextra/cmex8.pfb></usr/share/texlive/texmf-d
ist/fonts/type1/public/amsfonts/cmextra/cmex9.pfb></usr/share/texlive/texmf-dis
t/fonts/type1/public/amsfonts/cm/cmmi10.pfb></usr/share/texlive/texmf-dist/font
s/type1/public/amsfonts/cm/cmmi12.pfb></usr/share/texlive/texmf-dist/fonts/type
1/public/amsfonts/cm/cmmi5.pfb></usr/share/texlive/texmf-dist/fonts/type1/publi
c/amsfonts/cm/cmmi6.pfb></usr/share/texlive/texmf-dist/fonts/type1/public/amsfo
nts/cm/cmmi8.pfb></usr/share/texlive/texmf-dist/fonts/type1/public/amsfonts/cm/
cmmi9.pfb></usr/share/texlive/texmf-dist/fonts/type1/public/amsfonts/cmextra/cm
mib9.pfb></usr/share/texlive/texmf-dist/fonts/type1/public/amsfonts/cm/cmr10.pf
b></usr/share/texlive/texmf-dist/fonts/type1/public/amsfonts/cm/cmr12.pfb></usr
/share/texlive/texmf-dist/fonts/type1/public/amsfonts/cm/cmr5.pfb></usr/share/t
exlive/texmf-dist/fonts/type1/public/amsfonts/cm/cmr6.pfb></usr/share/texlive/t
exmf-dist/fonts/type1/public/amsfonts/cm/cmr8.pfb></usr/share/texlive/texmf-dis
t/fonts/type1/public/amsfonts/cm/cmr9.pfb></usr/share/texlive/texmf-dist/fonts/
type1/public/amsfonts/cm/cmsy5.pfb></usr/share/texlive/texmf-dist/fonts/type1/p
ublic/amsfonts/cm/cmsy6.pfb></usr/share/texlive/texmf-dist/fonts/type1/public/a
msfonts/cm/cmsy8.pfb></usr/share/texlive/texmf-dist/fonts/type1/public/amsfonts
/cm/cmsy9.pfb></usr/share/texlive/texmf-dist/fonts/type1/public/amsfonts/cm/cmt
i12.pfb></usr/share/texlive/texmf-dist/fonts/type1/public/amsfonts/cm/cmti8.pfb
></usr/share/texlive/texmf-dist/fonts/type1/public/amsfonts/cm/cmti9.pfb></usr/
share/texlive/texmf-dist/fonts/type1/public/amsfonts/symbols/msam10.pfb>
Output written on lyaf.pdf (18 pages, 17185612 bytes).
PDF statistics:
 1332 PDF objects out of 1440 (max. 8388607)
 453 compressed objects within 5 object streams
 0 named destinations out of 1000 (max. 500000)
 116 words of extra memory for PDF output out of 10000 (max. 10000000)

