912.0	3.28728070175e+15	-3.37197367374e+13	0.0336229377775	0.966936030958
912.937008571	3.28390674478e+15	-3.36851279064e+13	0.0337613306296	0.966802223182
913.874017141	3.28053970653e+15	-3.36505900454e+13	0.0339001502999	0.966668021331
914.811025712	3.27717956577e+15	-3.36161229361e+13	0.0340393979028	0.966533424497
915.748034283	3.2738263013e+15	-3.35817263615e+13	0.0341790750669	0.966398431278
916.685042853	3.27047989206e+15	-3.35474001052e+13	0.0343191799382	0.966263043634
917.622051424	3.26714031703e+15	-3.35131439519e+13	0.0344597138641	0.966127260437
918.559059995	3.2638075553e+15	-3.3478957687e+13	0.0346006803461	0.965991078474
919.496068565	3.26048158605e+15	-3.34448410967e+13	0.0347420790945	0.965854498201
920.433077136	3.25716238852e+15	-3.34107939685e+13	0.034883910792	0.965717519132
921.370085707	3.25384994207e+15	-3.33768160903e+13	0.0350261763018	0.96558014061
922.307094277	3.25054422611e+15	-3.3342907251e+13	0.0351688765166	0.965442361947
923.244102848	3.24724522014e+15	-3.33090672405e+13	0.0353120123244	0.965304182464
924.181111419	3.24395290377e+15	-3.32752958494e+13	0.0354555846262	0.965165601469
925.118119989	3.24066725667e+15	-3.32415928692e+13	0.0355995944345	0.965026618163
926.05512856	3.23738825858e+15	-3.32079580922e+13	0.0357440432471	0.964887231282
926.992137131	3.23411588935e+15	-3.31743913117e+13	0.0358889303721	0.964747441672
927.929145701	3.2308501289e+15	-3.31408923216e+13	0.0360342560765	0.964607249257
928.866154272	3.22759095722e+15	-3.31074609167e+13	0.0361800237939	0.964466650908
929.803162843	3.2243383544e+15	-3.30740968929e+13	0.0363262335766	0.964325646757
930.740171413	3.2210923006e+15	-3.30408000465e+13	0.0364728862398	0.964184236202
931.677179984	3.21785277606e+15	-3.30075701748e+13	0.0366199826794	0.964042418565
932.614188555	3.21461976109e+15	-3.29744070761e+13	0.0367675227344	0.963900194185
933.551197125	3.2113932361e+15	-3.29413105492e+13	0.0369155083566	0.963757561369
934.488205696	3.20817318156e+15	-3.29082803938e+13	0.037063940523	0.963614519363
935.425214267	3.20495957804e+15	-3.28753164106e+13	0.0372128198731	0.963471067738
936.362222837	3.20175240615e+15	-3.28424184009e+13	0.0373621472902	0.963327205834
937.299231408	3.19855164662e+15	-3.28095861668e+13	0.0375119236724	0.963182932975
938.236239979	3.19535728024e+15	-3.27768195112e+13	0.0376621499185	0.963038248486
939.173248549	3.19216928786e+15	-3.27441182379e+13	0.0378128269285	0.962893151694
940.11025712	3.18898765043e+15	-3.27114821513e+13	0.0379639556033	0.962747641924
941.047265691	3.18581234897e+15	-3.26789110568e+13	0.0381155368445	0.962601718501
941.984274261	3.18264336456e+15	-3.26464047604e+13	0.0382675715547	0.962455380752
942.921282832	3.17948067838e+15	-3.2613963069e+13	0.0384200606374	0.962308628004
943.858291403	3.17632427167e+15	-3.258158579e+13	0.038573004997	0.962161459581
944.795299973	3.17317412574e+15	-3.25492727319e+13	0.0387264055388	0.962013874812
945.732308544	3.17003022199e+15	-3.25170237038e+13	0.0388802631689	0.961865873023
946.669317115	3.16689254188e+15	-3.24848385156e+13	0.0390345787946	0.961717453541
947.606325685	3.16376106695e+15	-3.24527169778e+13	0.0391893533237	0.961568615694
948.543334256	3.16063577881e+15	-3.24206589019e+13	0.0393445876652	0.961419358808
949.480342827	3.15751665914e+15	-3.23886640999e+13	0.0395002827288	0.961269682212
950.417351397	3.1544036897e+15	-3.23567323847e+13	0.0396564394252	0.961119585234
951.354359968	3.15129685231e+15	-3.232486357e+13	0.0398130586661	0.960969067201
952.291368539	3.14819612888e+15	-3.229305747e+13	0.0399701377505	0.960818130915
953.228377109	3.14510150137e+15	-3.22613138998e+13	0.0401276848044	0.960666768772
954.16538568	3.14201295184e+15	-3.22296326752e+13	0.0402856971427	0.960514983562
955.102394251	3.13893046237e+15	-3.21980136127e+13	0.0404441756808	0.960362774613
956.039402821	3.13585401517e+15	-3.21664565294e+13	0.0406031213347	0.960210141254
956.976411392	3.13278359248e+15	-3.21349612435e+13	0.0407625350214	0.960057082816
957.913419963	3.12971917662e+15	-3.21035275734e+13	0.0409224176588	0.959903598628
958.850428533	3.12666074998e+15	-3.20721553386e+13	0.0410827701656	0.95974968802
959.787437104	3.12360829503e+15	-3.20408443592e+13	0.0412435934615	0.959595350322
960.724445675	3.12056179428e+15	-3.20095944559e+13	0.0414048884672	0.959440584867
961.661454245	3.11752123033e+15	-3.19784054501e+13	0.041566656104	0.959285390984
962.598462816	3.11448658585e+15	-3.19472771641e+13	0.0417288972944	0.959129768004
963.535471387	3.11145784357e+15	-3.19162094207e+13	0.0418916129617	0.958973715261
964.472479957	3.10843498628e+15	-3.18852020434e+13	0.04205480403	0.958817232084
965.409488528	3.10541799684e+15	-3.18542548565e+13	0.0422184714243	0.958660317807
966.346497099	3.1024068582e+15	-3.18233676849e+13	0.0423826160708	0.958502971763
967.283505669	3.09940155335e+15	-3.17925403542e+13	0.0425472388962	0.958345193283
968.22051424	3.09640206534e+15	-3.17617726906e+13	0.0427123408283	0.9581869817
969.157522811	3.09340837731e+15	-3.1731064521e+13	0.0428779227957	0.95802833635
970.094531381	3.09042047246e+15	-3.17004156732e+13	0.0430439857282	0.957869256564
971.031539952	3.08743833403e+15	-3.16698259753e+13	0.043210530556	0.957709741677
971.968548523	3.08446194535e+15	-3.16392952563e+13	0.0433775582107	0.957549791023
972.905557093	3.08149128982e+15	-3.16088233457e+13	0.0435450696244	0.957389403938
973.842565664	3.07852635087e+15	-3.15784100739e+13	0.0437130657304	0.957228579755
974.779574235	3.07556711203e+15	-3.15480552717e+13	0.0438815474627	0.957067317811
975.716582806	3.07261355688e+15	-3.15177587707e+13	0.0440505157562	0.956905617441
976.653591376	3.06966566905e+15	-3.1487520403e+13	0.0442199715469	0.956743477981
977.590599947	3.06672343225e+15	-3.14573400015e+13	0.0443899157714	0.956580898768
978.527608518	3.06378683024e+15	-3.14272173998e+13	0.0445603493676	0.956417879138
979.464617088	3.06085584685e+15	-3.13971524318e+13	0.0447312732738	0.956254418428
980.401625659	3.05793046598e+15	-3.13671449324e+13	0.0449026884296	0.956090515976
981.33863423	3.05501067157e+15	-3.13371947369e+13	0.0450745957754	0.955926171119
982.2756428	3.05209644765e+15	-3.13073016814e+13	0.0452469962524	0.955761383197
983.212651371	3.04918777827e+15	-3.12774656025e+13	0.0454198908027	0.955596151546
984.149659942	3.04628464758e+15	-3.12476863374e+13	0.0455932803695	0.955430475507
985.086668512	3.04338703977e+15	-3.1217963724e+13	0.0457671658966	0.955264354419
986.023677083	3.0404949391e+15	-3.11882976008e+13	0.045941548329	0.955097787621
986.960685654	3.03760832987e+15	-3.1158687807e+13	0.0461164286124	0.954930774453
987.897694224	3.03472719648e+15	-3.11291341822e+13	0.0462918076934	0.954763314256
988.834702795	3.03185152334e+15	-3.10996365667e+13	0.0464676865197	0.954595406371
989.771711366	3.02898129495e+15	-3.10701948015e+13	0.0466440660396	0.95442705014
990.708719936	3.02611649587e+15	-3.10408087282e+13	0.0468209472025	0.954258244903
991.645728507	3.0232571107e+15	-3.10114781888e+13	0.0469983309586	0.954088990003
992.582737078	3.0204031241e+15	-3.09822030261e+13	0.0471762182592	0.953919284783
993.519745648	3.01755452082e+15	-3.09529830834e+13	0.0473546100562	0.953749128585
994.456754219	3.01471128562e+15	-3.09238182046e+13	0.0475335073027	0.953578520753
995.39376279	3.01187340334e+15	-3.08947082342e+13	0.0477129109524	0.953407460631
996.33077136	3.0090408589e+15	-3.08656530173e+13	0.0478928219601	0.953235947563
997.267779931	3.00621363723e+15	-3.08366523995e+13	0.0480732412815	0.953063980894
998.204788502	3.00339172336e+15	-3.08077062271e+13	0.0482541698731	0.952891559969
999.141797072	3.00057510234e+15	-3.0778814347e+13	0.0484356086923	0.952718684133
1000.07880564	2.9977637593e+15	-3.07499766064e+13	0.0486175586975	0.952545352732
1001.01581421	2.99495767942e+15	-3.07211928535e+13	0.0488000208479	0.952371565114
1001.95282278	2.99215684793e+15	-3.06924629366e+13	0.0489829961038	0.952197320625
1002.88983135	2.98936125013e+15	-3.0663786705e+13	0.049166485426	0.952022618613
1003.82683993	2.98657087135e+15	-3.06351640082e+13	0.0493504897766	0.951847458425
1004.7638485	2.98378569699e+15	-3.06065946966e+13	0.0495350101184	0.951671839409
1005.7638485	2.98081901083e+15	-3.05761635024e+13	0.0497325053189	0.951483907347
1006.0668788	2.97992117937e+15	-3.05669538719e+13	0.0497924687726	0.951426854797
1006.3699091	2.97902388862e+15	-3.05577497877e+13	0.0498524864342	0.951369754095
1006.67293941	2.97812713807e+15	-3.05485512447e+13	0.0499125583365	0.951312605221
1006.97596971	2.97723092724e+15	-3.0539358238e+13	0.0499726845121	0.951255408151
1007.27900001	2.97633525564e+15	-3.05301707626e+13	0.0500328649937	0.951198162865
1007.58203031	2.97544012279e+15	-3.05209888134e+13	0.050093099814	0.951140869341
1007.88506062	2.9745455282e+15	-3.05118123855e+13	0.0501533890057	0.951083527555
1008.18809092	2.97365147139e+15	-3.0502641474e+13	0.0502137326015	0.951026137486
1008.49112122	2.97275795186e+15	-3.04934760737e+13	0.0502741306341	0.950968699113
1008.79415153	2.97186496914e+15	-3.04843161798e+13	0.0503345831363	0.950911212414
1009.09718183	2.97097252275e+15	-3.04751617873e+13	0.0503950901734	0.950853677334
1009.40021213	2.97008061219e+15	-3.04660128913e+13	0.0504556517575	0.950796093873
1009.70324244	2.969189237e+15	-3.04568694867e+13	0.0505162679318	0.950738461998
1010.00627274	2.96829839667e+15	-3.04477315688e+13	0.0505769387313	0.950680781685
1010.30930304	2.96740809074e+15	-3.04385991324e+13	0.0506376641926	0.950623052909
1010.61233334	2.96651831873e+15	-3.04294721727e+13	0.0506984442212	0.950565275769
1010.91536365	2.96562908015e+15	-3.04203506848e+13	0.0507592682113	0.950507460354
1011.21839395	2.96474037452e+15	-3.04112346638e+13	0.0508201576726	0.950449586229
1011.52142425	2.96385220136e+15	-3.04021241046e+13	0.0508811020821	0.950391663405
1011.82445456	2.9629645602e+15	-3.03930190025e+13	0.050942101132	0.950333692185
1012.12748486	2.96207745056e+15	-3.03839193525e+13	0.0510031552501	0.95027567217
1012.43051516	2.96119087197e+15	-3.03748251498e+13	0.0510642640429	0.950217603745
1012.73354547	2.96030482393e+15	-3.03657363894e+13	0.0511254280461	0.95015948641
1013.03657577	2.95941930599e+15	-3.03566530664e+13	0.051186646764	0.950101320645
1013.33960607	2.95853431765e+15	-3.0347575176e+13	0.0512479205253	0.950043106147
1013.64263638	2.95764985846e+15	-3.03385027133e+13	0.0513092497871	0.949984842491
1013.94566668	2.95676592792e+15	-3.03294356735e+13	0.0513706339624	0.949926530245
1014.24869698	2.95588252558e+15	-3.03203740516e+13	0.051432074116	0.949868168406
1014.55172728	2.95499965095e+15	-3.03113178429e+13	0.0514935697405	0.949809757466
1014.85475759	2.95411730357e+15	-3.03022670424e+13	0.0515551225066	0.949751295847
1015.15778789	2.95323548296e+15	-3.02932216454e+13	0.0516167319243	0.949692784025
1015.46081819	2.95235418865e+15	-3.02841816469e+13	0.0516783997726	0.949634220321
1015.7638485	2.95147342016e+15	-3.02751470422e+13	0.0517401242126	0.949575606489
1016.0668788	2.95059317704e+15	-3.02661178265e+13	0.0518019059202	0.949516941899
1016.3699091	2.9497134588e+15	-3.02570939948e+13	0.0518637413815	0.949458229896
1016.67293941	2.94883426498e+15	-3.02480755425e+13	0.051925631895	0.949399469257
1016.97596971	2.94795559512e+15	-3.02390624646e+13	0.0519875763008	0.949340661092
1017.27900001	2.94707744873e+15	-3.02300547565e+13	0.0520495730706	0.949281806862
1017.58203031	2.94619982536e+15	-3.02210524132e+13	0.0521116268982	0.949222902121
1017.88506062	2.94532272453e+15	-3.021205543e+13	0.0521737393519	0.949163945388
1018.18809092	2.94444614579e+15	-3.02030638022e+13	0.0522359094983	0.949104937561
1018.49112122	2.94357008866e+15	-3.01940775248e+13	0.0522981462816	0.949045870161
1018.79415153	2.94269455268e+15	-3.01850965933e+13	0.0523608098083	0.948986401463
1019.09718183	2.94181953738e+15	-3.01761210027e+13	0.0539132232697	0.947514325129
1019.40021213	2.94094504231e+15	-3.01671507483e+13	0.0540542989278	0.947380663351
1019.70324244	2.94007106699e+15	-3.01581858255e+13	0.0542042673707	0.947238596801
1020.00627274	2.93919761096e+15	-3.01492262293e+13	0.0543657803028	0.947085617872
1020.30930304	2.93832467377e+15	-3.01402719551e+13	0.0545427102092	0.946918064926
1020.61233334	2.93745225494e+15	-3.01313229982e+13	0.0547407363236	0.946730568986
1020.91536365	2.93658035401e+15	-3.01223793537e+13	0.0549682436169	0.946515205376
1021.21839395	2.93570897054e+15	-3.0113441017e+13	0.0552376395606	0.946260252362
1021.52142425	2.93483810405e+15	-3.01045079834e+13	0.055567322351	0.945948338061
1021.82445456	2.93396775408e+15	-3.00955802481e+13	0.0559847175211	0.945553586183
1022.12748486	2.93309792018e+15	-3.00866578064e+13	0.0565310623199	0.945037128994
1022.43051516	2.93222860188e+15	-3.00777406536e+13	0.0572694486034	0.944339584101
1022.73354547	2.93135979874e+15	-3.0068828785e+13	0.0582998000677	0.943367083522
1023.03657577	2.93049151028e+15	-3.00599221959e+13	0.0597908061055	0.941961565583
1023.33960607	2.92962373606e+15	-3.00510208817e+13	0.0620571291205	0.939829193642
1023.64263638	2.92875647562e+15	-3.00421248376e+13	0.0657506234029	0.936364342532
1023.94566668	2.92788972849e+15	-3.00332340589e+13	0.0722800787116	0.930270310411
1024.24869698	2.92702349423e+15	-3.0024348541e+13	0.0844859703489	0.918984548319
1024.55172728	2.92615777238e+15	-3.00154682793e+13	0.107068272874	0.898464330154
1024.85475759	2.92529256249e+15	-3.00065932689e+13	0.14527250148	0.86478660537
1025.15778789	2.92442786409e+15	-2.99977235054e+13	0.200216704923	0.818553349316
1025.46081819	2.92356367675e+15	-2.99888589841e+13	0.262343709735	0.769246580726
1025.7638485	2.9227e+15	-2.99799997002e+13	0.309830616838	0.733571200311
1026.0668788	2.92183683339e+15	-2.99711456492e+13	0.318608287026	0.727160331662
1026.3699091	2.92097417648e+15	-2.99622968264e+13	0.27948573138	0.756172517276
1026.67293941	2.9201120288e+15	-2.99534532272e+13	0.206636437035	0.81331528756
1026.97596971	2.91925038991e+15	-2.9944614847e+13	0.127837617461	0.879996263571
1027.27900001	2.91838925936e+15	-2.99357816811e+13	0.0658797459193	0.936243444617
1027.58203031	2.9175286367e+15	-2.9926953725e+13	0.0281974858782	0.972196352791
1027.88506062	2.91666852148e+15	-2.9918130974e+13	0.010004306627	0.990045569983
1028.18809092	2.91580891325e+15	-2.99093134235e+13	0.00293866261951	0.997065651023
1028.49112122	2.91494981156e+15	-2.9900501069e+13	0.000714498476975	0.999285756716
1028.79415153	2.91409121597e+15	-2.98916939058e+13	0.000144252596481	0.999855757807
1029.09718183	2.91323312602e+15	-2.98828919293e+13	2.47075871391e-05	0.999975292718
1029.40021213	2.91237554128e+15	-2.98740951351e+13	4.08735249842e-06	0.999995912656
1029.70324244	2.91151846129e+15	-2.98653035184e+13	1.08246864579e-06	0.999998917532
1030.00627274	2.91066188561e+15	-2.98565170747e+13	6.51213909631e-07	0.999999348786
1030.30930304	2.9098058138e+15	-2.98477357996e+13	5.39498720826e-07	0.999999460501
1030.61233334	2.9089502454e+15	-2.98389596883e+13	4.7411467455e-07	0.999999525885
1030.91536365	2.90809517999e+15	-2.98301887364e+13	4.22801403671e-07	0.999999577199
1031.21839395	2.90724061711e+15	-2.98214229393e+13	3.80533610432e-07	0.999999619466
1031.52142425	2.90638655631e+15	-2.98126622924e+13	3.45122886639e-07	0.999999654877
1031.82445456	2.90553299717e+15	-2.98039067913e+13	3.1508091417e-07	0.999999684919
1032.12748486	2.90467993923e+15	-2.97951564313e+13	2.89325384935e-07	0.999999710675
1032.43051516	2.90382738206e+15	-2.97864112081e+13	2.67038995724e-07	0.999999732961
1032.73354547	2.90297532521e+15	-2.97776711169e+13	2.47850568269e-07	0.999999752149
1033.03657577	2.90212376824e+15	-2.97689361534e+13	2.30777396784e-07	0.999999769223
1033.33960607	2.90127271072e+15	-2.9760206313e+13	2.15675387386e-07	0.999999784325
1033.64263638	2.9004221522e+15	-2.97514815912e+13	2.02237265157e-07	0.999999797763
1033.94566668	2.89957209225e+15	-2.97427619836e+13	1.90217974543e-07	0.999999809782
1034.24869698	2.89872253042e+15	-2.97340474855e+13	1.7935629574e-07	0.999999820644
1034.55172728	2.89787346629e+15	-2.97253380926e+13	1.69763063042e-07	0.999999830237
1034.85475759	2.89702489941e+15	-2.97166338003e+13	1.6091934361e-07	0.999999839081
1035.15778789	2.89617682934e+15	-2.97079346041e+13	1.52869523716e-07	0.99999984713
1035.46081819	2.89532925566e+15	-2.96992404997e+13	1.4550830437e-07	0.999999854492
1035.7638485	2.89448217791e+15	-2.96905514824e+13	1.38782122345e-07	0.999999861218
