1210.0	2.47768595041e+15	-1420.70070312	0.0864322668731	0.917197671347
1210.1010101	2.47747913189e+15	-1395.55707201	0.0865229376777	0.917114512066
1210.2020202	2.47727234788e+15	-1370.41763815	0.086619194326	0.917026237946
1210.3030303	2.4770655984e+15	-1345.28240049	0.0867220969252	0.916931878417
1210.4040404	2.47685888342e+15	-1320.15135798	0.086831896739	0.916831204995
1210.50505051	2.47665220294e+15	-1295.02450957	0.0869430128064	0.916729335977
1210.60606061	2.47644555695e+15	-1269.9018542	0.0870758027481	0.916607611624
1210.70707071	2.47623894544e+15	-1244.78339084	0.0872117364468	0.916483022229
1210.80808081	2.4760323684e+15	-1219.66911843	0.0873583928228	0.916348624006
1210.90909091	2.47582582583e+15	-1194.55903592	0.0875169846948	0.916203310085
1211.01010101	2.47561931771e+15	-1169.45314227	0.0876960768048	0.916039239993
1211.11111111	2.47541284404e+15	-1144.35143642	0.087875580553	0.915874822274
1211.21212121	2.4752064048e+15	-1119.25391732	0.0880788267441	0.91568869312
1211.31313131	2.475e+15	-1094.16058394	0.0883005395714	0.915485695695
1211.41414141	2.47479362962e+15	-1069.07143522	0.0885429026139	0.915263842682
1211.51515152	2.47458729365e+15	-1043.98647012	0.0888083800069	0.915020893074
1211.61616162	2.47438099208e+15	-1018.90568759	0.0890997918335	0.914754284012
1211.71717172	2.47417472491e+15	-993.829086581	0.0894203016715	0.914461143245
1211.81818182	2.47396849212e+15	-968.756666052	0.0897735686084	0.914138151412
1211.91919192	2.47376229372e+15	-943.688424956	0.0901637817587	0.913781512272
1212.02020202	2.47355612968e+15	-918.624362249	0.0905957839638	0.913386841899
1212.12121212	2.47335e+15	-893.564476886	0.0910752213978	0.912949035014
1212.22222222	2.47314390467e+15	-868.508767822	0.0916087107684	0.912462116302
1212.32323232	2.47293784369e+15	-843.457234013	0.0922040738791	0.911919031701
1212.42424242	2.47273181705e+15	-818.409874417	0.0928706586628	0.911311362904
1212.52525253	2.47252582473e+15	-793.36668799	0.093619769625	0.910628945207
1212.62626263	2.47231986672e+15	-768.327673688	0.0944650710278	0.909859514529
1212.72727273	2.47211394303e+15	-743.29283047	0.0954234243004	0.908987965378
1212.82828283	2.47190805364e+15	-718.262157294	0.0965156203489	0.907995714279
1212.92929293	2.47170219853e+15	-693.235653117	0.0977674899954	0.906859733204
1213.03030303	2.47149637772e+15	-668.213316898	0.0992112953356	0.905551349031
1213.13131313	2.47129059117e+15	-643.195147596	0.100887248493	0.904034958444
1213.23232323	2.4710848389e+15	-618.18114417	0.102845416329	0.90226643836
1213.33333333	2.47087912088e+15	-593.17130558	0.105147860953	0.900191409586
1213.43434343	2.47067343711e+15	-568.165630786	0.107870812231	0.897743566428
1213.53535354	2.47046778758e+15	-543.164118747	0.111106962369	0.89484302928
1213.63636364	2.47026217228e+15	-518.166768425	0.114967692252	0.891394942405
1213.73737374	2.47005659121e+15	-493.173578781	0.119584098967	0.887289384561
1213.83838384	2.46985104435e+15	-468.184548775	0.125107678305	0.88240188193
1213.93939394	2.4696455317e+15	-443.19967737	0.131709613162	0.876595509922
1214.04040404	2.46944005325e+15	-418.218963527	0.139577165227	0.869725908018
1214.14141414	2.46923460899e+15	-393.242406209	0.148908094956	0.861648301086
1214.24242424	2.4690291989e+15	-368.270004378	0.159902332346	0.852227019915
1214.34343434	2.46882382299e+15	-343.301756998	0.172749237867	0.841348566755
1214.44444444	2.46861848124e+15	-318.337663031	0.187612008475	0.828936265094
1214.54545455	2.46841317365e+15	-293.377721443	0.20460947438	0.814965519189
1214.64646465	2.46820790021e+15	-268.421931196	0.223794718721	0.799479235646
1214.74747475	2.4680026609e+15	-243.470291255	0.245133308432	0.782600204082
1214.84848485	2.46779745572e+15	-218.522800584	0.268482531628	0.764538777941
1214.94949495	2.46759228467e+15	-193.57945815	0.293573705309	0.745594266583
1215.05050505	2.46738714773e+15	-168.640262917	0.320000492447	0.726148679484
1215.15151515	2.46718204489e+15	-143.705213851	0.347215030464	0.70665335992
1215.25252525	2.46697697614e+15	-118.774309918	0.37453472006	0.687609135111
1215.35353535	2.46677194149e+15	-93.8475500854	0.401160252869	0.669542756293
1215.45454545	2.46656694091e+15	-68.924933319	0.426206087301	0.652981757005
1215.55555556	2.46636197441e+15	-44.0064585864	0.448741553279	0.638431077793
1215.65656566	2.46615704196e+15	-19.0921248548	0.467841355412	0.626352883271
1215.75757576	2.46595214357e+15	5.81806890766	0.482640759479	0.617151489378
1215.85858586	2.46574727922e+15	30.7241237329	0.492393102159	0.611162069476
1215.95959596	2.46554244891e+15	55.6260406523	0.49652178729	0.608643975513
1216.06060606	2.46533765263e+15	80.5238206971	0.494664694389	0.609775334113
1216.16161616	2.46513289037e+15	105.417464898	0.486703258599	0.614649397809
1216.26262626	2.46492816211e+15	130.306974286	0.472777066252	0.623269003386
1216.36363636	2.46472346786e+15	155.19234989	0.453278528446	0.635541092699
1216.46464646	2.46451880761e+15	180.07359274	0.428829896204	0.651270703378
1216.56565657	2.46431418134e+15	204.950703867	0.400244244827	0.670156343824
1216.66666667	2.46410958904e+15	229.823684298	0.368473644016	0.69178944215
1216.76767677	2.46390503072e+15	254.692535063	0.334549154239	0.715660666208
1216.86868687	2.46370050635e+15	279.55725719	0.299521379506	0.74117287633
1216.96969697	2.46349601594e+15	304.417851708	0.264396963566	0.767668742642
1217.07070707	2.46329155947e+15	329.274319642	0.230091958165	0.79446054201
1217.17171717	2.46308713693e+15	354.126662023	0.197389019757	0.820871236062
1217.27272727	2.46288274832e+15	378.974879875	0.166911461515	0.846274535886
1217.37373737	2.46267839363e+15	403.818974226	0.139111244254	0.870131225974
1217.47474747	2.46247407284e+15	428.658946102	0.114268086674	0.892018785475
1217.57575758	2.46226978596e+15	453.49479653	0.0925021185305	0.91164727961
1217.67676768	2.46206553297e+15	478.326526534	0.0737950268058	0.928862066155
1217.77777778	2.46186131387e+15	503.154137141	0.0580144861288	0.943636277701
1217.87878788	2.46165712864e+15	527.977629375	0.0449437049005	0.956051301321
1217.97979798	2.46145297728e+15	552.79700426	0.0343103382995	0.966271587021
1218.08080808	2.46124885977e+15	577.612262822	0.0258111167065	0.974519142611
1218.18181818	2.46104477612e+15	602.423406084	0.0191348455527	0.98104706349
1218.28282828	2.46084072631e+15	627.230435069	0.0139799467107	0.98611731896
1218.38383838	2.46063671033e+15	652.033350802	0.0100668706654	0.989983630672
1218.48484848	2.46043272818e+15	676.832154304	0.00714585518995	0.992879615727
1218.58585859	2.46022877984e+15	701.626846599	0.00500150535876	0.995010981343
1218.68686869	2.46002486531e+15	726.417428709	0.00318571642547	0.996819352585
1218.78787879	2.45982098458e+15	751.203901655	0.00177198536769	0.998229583671
1218.88888889	2.45961713765e+15	775.98626646	0.00158372721103	0.998417526223
1218.98989899	2.45941332449e+15	800.764524144	0.00105459270232	0.998945963185
1219.09090909	2.45920954512e+15	825.538675729	0.000696156312977	0.999304085948
1219.19191919	2.4590057995e+15	850.308722235	0.000331282378804	0.999668772489
1219.29292929	2.45880208765e+15	875.074664682	0.000154693773979	0.99984531819
1219.39393939	2.45859840954e+15	899.83650409	9.8820494191e-05	0.999901184388
1219.49494949	2.45839476518e+15	924.594241479	6.91993757708e-05	0.999930803018
1219.5959596	2.45819115455e+15	949.347877867	9.17915590369e-05	0.999908212654
1219.6969697	2.45798757764e+15	974.097414275	6.59073807485e-05	0.999934094791
1219.7979798	2.45778403445e+15	998.84285172	3.71774302564e-05	0.999962823261
1219.8989899	2.45758052496e+15	1023.58419122	3.11497487101e-05	0.999968850736
1220.0	2.45737704918e+15	1048.32143379	2.85415713624e-05	0.999971458836
