912.0	3.28728070175e+15	-99845.8858013	0.026100098802	0.974237564715
914.909090909	3.27682829889e+15	-98575.1516652	0.0264347112069	0.973911627275
917.818181818	3.26644215531e+15	-97312.472896	0.026772530719	0.97358267649
920.727272727	3.25612164297e+15	-96057.7731397	0.0271135788035	0.973250694597
923.636363636	3.24586614173e+15	-94810.9770038	0.0274578840627	0.972915656945
926.545454545	3.23567503925e+15	-93572.010043	0.0278054333154	0.972577579589
929.454545455	3.22554773083e+15	-92340.798744	0.0281562861009	0.97223640789
932.363636364	3.21548361934e+15	-91117.2705108	0.0285104488007	0.971892138986
935.272727273	3.20548211509e+15	-89901.3536507	0.0288679421559	0.971544756101
938.181818182	3.19554263566e+15	-88692.9773603	0.029228786983	0.971194242446
941.090909091	3.18566460587e+15	-87492.0717116	0.0295930041633	0.970840581226
944.0	3.17584745763e+15	-86298.5676385	0.029960614643	0.970483755645
946.909090909	3.1660906298e+15	-85112.3969238	0.0303316394332	0.970123748903
949.818181818	3.15639356815e+15	-83933.4921859	0.0307060996097	0.9697605442
952.727272727	3.14675572519e+15	-82761.7868663	0.0310840163133	0.969394124734
955.636363636	3.13717656012e+15	-81597.2152167	0.0314654107497	0.969024473704
958.545454545	3.12765553869e+15	-80439.7122874	0.0318503062623	0.968651572301
961.454545455	3.11819213313e+15	-79289.2139144	0.0322387201892	0.968275407599
964.363636364	3.10878582202e+15	-78145.656708	0.0326306758239	0.967895960965
967.272727273	3.09943609023e+15	-77008.9780412	0.0330261957508	0.967513214522
970.181818182	3.09014242879e+15	-75879.1160381	0.0334253185182	0.967127135022
973.090909091	3.08090433483e+15	-74756.0095626	0.0338280030405	0.966737766295
976.0	3.07172131148e+15	-73639.5982078	0.0342343407516	0.966345024082
978.909090909	3.06259286776e+15	-72529.8222844	0.0346443281978	0.965948915959
981.818181818	3.05351851852e+15	-71426.622811	0.0350579871449	0.96554942518
984.727272727	3.04449778434e+15	-70329.9415028	0.0354753394468	0.965146534984
987.636363636	3.03553019146e+15	-69239.720762	0.0358964070226	0.964740228619
990.545454545	3.02661527166e+15	-68155.9036673	0.036321211856	0.964330489343
993.454545455	3.01775256223e+15	-67078.433964	0.0367497759957	0.963917300422
996.363636364	3.00894160584e+15	-66007.2560546	0.0371821215551	0.963500645133
999.272727273	3.00018195051e+15	-64942.3149889	0.0376182707124	0.963080506767
1002.18181818	2.99147314949e+15	-63883.5564549	0.0380582459305	0.962656868413
1005.09090909	2.98281476122e+15	-62830.926769	0.0385020694018	0.962229713498
1008.0	2.97420634921e+15	-61784.3728678	0.0389497766707	0.961799012682
1010.90909091	2.96564748201e+15	-60743.8422984	0.0394013473345	0.961364790512
1013.81818182	2.95713773314e+15	-59709.28321	0.0398568443721	0.960926991413
1016.72727273	2.94867668097e+15	-58680.6443454	0.0403162844139	0.960485604479
1019.63636364	2.9402639087e+15	-57657.875032	0.040779685117	0.960040617886
1022.54545455	2.93189900427e+15	-56640.9251741	0.0412470691787	0.959592015046
1025.45454545	2.92358156028e+15	-55629.7452445	0.0417184593609	0.959139779389
1028.36363636	2.91531117397e+15	-54624.2862764	0.0421938784904	0.958683894367
1031.27272727	2.90708744711e+15	-53624.4998553	0.0426733494588	0.958224343451
1034.18181818	2.89890998594e+15	-52630.3381117	0.0431568955027	0.957761109867
1037.09090909	2.89077840112e+15	-51641.753713	0.0436445394242	0.957294177342
1040.0	2.88269230769e+15	-50658.6998565	0.0441363165854	0.956823517668
1042.90909091	2.87465132497e+15	-49681.1302614	0.0446322128231	0.956349150114
1045.81818182	2.8666550765e+15	-48708.9991619	0.0451322783054	0.95587103247
1048.72727273	2.85870319001e+15	-47742.2613001	0.0456365445693	0.955389140466
1051.63636364	2.85079529737e+15	-46780.871919	0.046145024729	0.954903467532
1054.54545455	2.84293103448e+15	-45824.786755	0.0466577421948	0.954413997336
1057.45454545	2.83511004127e+15	-44873.9620322	0.0471747204422	0.95392071358
1060.36363636	2.82733196159e+15	-43928.3544546	0.047695983388	0.953423599634
1063.27272727	2.81959644323e+15	-42987.9212003	0.0482215545906	0.952922639303
1066.18181818	2.81190313779e+15	-42052.6199146	0.048751494942	0.952417780929
1069.09090909	2.80425170068e+15	-41122.408704	0.0492857032183	0.951909127343
1072.0	2.79664179104e+15	-40197.2461295	0.0498243382049	0.951396533846
1074.90909091	2.78907307172e+15	-39277.0912008	0.0503673776563	0.950880028248
1077.81818182	2.78154520918e+15	-38361.9033703	0.0509148440316	0.950359595878
1080.72727273	2.77405787349e+15	-37451.6425268	0.051466761858	0.949835220195
1083.63636364	2.76661073826e+15	-36546.2689898	0.052023152276	0.949306887973
1086.54545455	2.75920348059e+15	-35645.7435039	0.0525840730839	0.9487745513
1089.45454545	2.75183578104e+15	-34750.0272329	0.0531494421966	0.94823829508
1092.36363636	2.74450732357e+15	-33859.0817542	0.0537194045814	0.947697988911
1095.27272727	2.73721779548e+15	-32972.8690537	0.054293939527	0.947153659682
1098.18181818	2.72996688742e+15	-32091.3515197	0.0548731119634	0.946605253215
1101.09090909	2.72275429326e+15	-31214.4919384	0.0554568108739	0.946052881985
1104.0	2.71557971014e+15	-30342.253488	0.0560452233216	0.945496376437
1106.90909091	2.70844283837e+15	-29474.5997338	0.0566382686415	0.94493582047
1109.81818182	2.70134338139e+15	-28611.4946231	0.057236028778	0.944371144292
1112.72727273	2.69428104575e+15	-27752.9024803	0.0578385081034	0.943802351562
1115.63636364	2.68725554107e+15	-26898.7880018	0.0584457313334	0.943229426814
1118.54545455	2.68026657997e+15	-26049.1162515	0.059057723305	0.942652354577
1121.45454545	2.67331387808e+15	-25203.8526555	0.0596745089204	0.942071119432
1124.36363636	2.66639715395e+15	-24362.9629979	0.0602961131462	0.94148570601
1127.27272727	2.65951612903e+15	-23526.413416	0.0609225610142	0.940896098995
1130.18181818	2.65267052767e+15	-22694.1703956	0.0615538776209	0.940302283125
1133.09090909	2.64586007702e+15	-21866.2007669	0.0621900881276	0.939704243193
1136.0	2.63908450704e+15	-21042.4716996	0.0628312177606	0.939101964046
1138.90909091	2.63234355045e+15	-20222.9506991	0.063477291811	0.93849543059
1141.81818182	2.62563694268e+15	-19407.6056018	0.0641283356346	0.937884627788
1144.72727273	2.61896442186e+15	-18596.404571	0.0647843746523	0.937269540661
1147.63636364	2.61232572877e+15	-17789.316093	0.0654454343496	0.93665015429
1150.54545455	2.60572060683e+15	-16986.3089727	0.066111540277	0.936026453819
1153.45454545	2.59914880202e+15	-16187.3523296	0.0667827180498	0.935398424451
1156.36363636	2.59261006289e+15	-15392.4155942	0.0674589933482	0.934766051456
1159.27272727	2.58610414053e+15	-14601.4685036	0.0681403919172	0.934129320165
1162.18181818	2.57963078849e+15	-13814.4810981	0.0688269395667	0.933488215975
1165.09090909	2.5731897628e+15	-13031.4237171	0.0695186621713	0.932842724351
1168.0	2.56678082192e+15	-12252.2669955	0.0702155856706	0.932192830825
1170.90909091	2.56040372671e+15	-11476.9818601	0.0709177360691	0.931538520996
1173.81818182	2.5540582404e+15	-10705.5395259	0.0716251394359	0.930879780535
1176.72727273	2.54774412855e+15	-9937.91149247	0.0723378219052	0.930216595183
1179.63636364	2.54146115906e+15	-9174.06954057	0.073055809676	0.929548950752
1182.54545455	2.53520910209e+15	-8413.98572867	0.0737791290119	0.92887683313
1185.45454545	2.52898773006e+15	-7657.63238945	0.0745078062418	0.928200228275
1188.36363636	2.52279681763e+15	-6904.98212657	0.0752418677591	0.927519122225
1191.27272727	2.51663614164e+15	-6156.00781124	0.0759813400221	0.926833501091
1194.18181818	2.51050548112e+15	-5410.68257906	0.076726249554	0.926143351063
1197.09090909	2.50440461725e+15	-4668.97982674	0.0774766294841	0.925448652356
1200.0	2.49833333333e+15	-3930.87320898	0.0782325226595	0.924749376358
1201.0	2.4962531224e+15	-3677.97489656	0.0784936486325	0.924507931802
1201.19191919	2.49585428615e+15	-3629.48701817	0.078543849279	0.924461522072
1201.38383838	2.49545557732e+15	-3581.0146315	0.0785940656297	0.924415100153
1201.57575758	2.49505699586e+15	-3532.55772913	0.0786443079384	0.924368656571
1201.76767677	2.49465854171e+15	-3484.11630365	0.0786945769497	0.92432219064
1201.95959596	2.4942602148e+15	-3435.69034763	0.0787448865249	0.924275689553
1202.15151515	2.49386201507e+15	-3387.27985368	0.0787952129024	0.924229175277
1202.34343434	2.49346394247e+15	-3338.88481439	0.0788455705103	0.924182634478
1202.53535354	2.49306599693e+15	-3290.50522235	0.0788959618051	0.924136064892
1202.72727273	2.49266817838e+15	-3242.14107018	0.0789464059431	0.92408944882
1202.91919192	2.49227048678e+15	-3193.79235048	0.0789968739918	0.924042813006
1203.11111111	2.49187292205e+15	-3145.45905587	0.0790473837348	0.92399614102
1203.3030303	2.49147548415e+15	-3097.14117896	0.0790979370146	0.923949431165
1203.49494949	2.491078173e+15	-3048.83871239	0.07914855499	0.923902663899
1203.68686869	2.49068098855e+15	-3000.55164878	0.0791991941823	0.923855879399
1203.87878788	2.49028393073e+15	-2952.27998075	0.079249872305	0.923809061304
1204.07070707	2.48988699949e+15	-2904.02370097	0.0793006053742	0.923762194823
1204.26262626	2.48949019476e+15	-2855.78280205	0.0793513431872	0.923715326339
1204.45454545	2.48909351649e+15	-2807.55727666	0.0794020979611	0.923668444566
1204.64646465	2.48869696462e+15	-2759.34711744	0.0794528685253	0.923621550589
1204.83838384	2.48830053907e+15	-2711.15231706	0.0795036778358	0.923574623207
1205.03030303	2.4879042398e+15	-2662.97286816	0.079554470161	0.923527713895
1205.22222222	2.48750806675e+15	-2614.80876343	0.079605270427	0.923480799633
1205.41414141	2.48711201984e+15	-2566.65999553	0.0796561210096	0.923433841291
1205.60606061	2.48671609903e+15	-2518.52655713	0.0797069545462	0.923386901076
1205.7979798	2.48632030425e+15	-2470.40844092	0.0797578465742	0.92333990924
1205.98989899	2.48592463545e+15	-2422.30563958	0.0798087253824	0.923292932
1206.18181818	2.48552909255e+15	-2374.2181458	0.0798596745728	0.923245892171
1206.37373737	2.48513367551e+15	-2326.14595228	0.079910650732	0.923198829841
1206.56565657	2.48473838426e+15	-2278.08905171	0.079961678473	0.923151722292
1206.75757576	2.48434321874e+15	-2230.04743679	0.0800127770076	0.923104551797
1206.94949495	2.4839481789e+15	-2182.02110025	0.0800639770067	0.923057290055
1207.14141414	2.48355326466e+15	-2134.01003478	0.0801153649702	0.92300985724
1207.33333333	2.48315847598e+15	-2086.01423311	0.0801672372466	0.922961979859
1207.52525253	2.48276381279e+15	-2038.03368795	0.0803193545476	0.922821592052
1207.71717172	2.48236927503e+15	-1990.06839204	0.0824092094459	0.920895042633
1207.90909091	2.48197486265e+15	-1942.11833811	0.0826264842817	0.920694977049
1208.1010101	2.48158057558e+15	-1894.18351889	0.0827419443106	0.920588679717
1208.29292929	2.48118641376e+15	-1846.26392712	0.0828610618922	0.920479027951
1208.48484848	2.48079237713e+15	-1798.35955555	0.0829843499019	0.920365550919
1208.67676768	2.48039846564e+15	-1750.47039693	0.0831124341814	0.920247674109
1208.86868687	2.48000467922e+15	-1702.59644401	0.083246099983	0.920124676687
1209.06060606	2.47961101782e+15	-1654.73768955	0.0833863013391	0.919995683002
1209.25252525	2.47921748137e+15	-1606.89412632	0.0835341556253	0.919859667753
1209.44444444	2.47882406982e+15	-1559.06574708	0.0836910326419	0.919715374231
1209.63636364	2.47843078311e+15	-1511.2525446	0.083858749995	0.919561134937
1209.82828283	2.47803762117e+15	-1463.45451167	0.0840393765748	0.919395052754
1210.02020202	2.47764458395e+15	-1415.67164106	0.0842355926538	0.91921467036
1210.21212121	2.47725167138e+15	-1367.90392557	0.084450697383	0.919016964201
1210.4040404	2.47685888342e+15	-1320.15135798	0.0846886423863	0.918798314721
1210.5959596	2.47646621999e+15	-1272.41393108	0.0849544597322	0.918554114649
1210.78787879	2.47607368105e+15	-1224.69163769	0.0852542521433	0.91827878037
1210.97979798	2.47568126653e+15	-1176.9844706	0.0855956783807	0.917965309418
1211.17171717	2.47528897636e+15	-1129.29242262	0.0859882368498	0.917605025082
1211.36363636	2.47489681051e+15	-1081.61548656	0.0864438204524	0.917187074492
1211.55555556	2.47450476889e+15	-1033.95365526	0.0869773082241	0.9166978969
1211.74747475	2.47411285146e+15	-986.30692152	0.0876076750872	0.916120223015
1211.93939394	2.47372105816e+15	-938.675278177	0.0883593083071	0.915431895339
1212.13131313	2.47332938892e+15	-891.058718063	0.0892640798661	0.914604013175
1212.32323232	2.47293784369e+15	-843.457234013	0.0903648300605	0.913597816517
1212.51515152	2.47254642241e+15	-795.87081887	0.0917207710679	0.912359871253
1212.70707071	2.47215512502e+15	-748.299465477	0.0934165435914	0.910814027522
1212.8989899	2.47176395146e+15	-700.743166687	0.09557693663	0.908848435228
1213.09090909	2.47137290168e+15	-653.201915353	0.0983902980045	0.906295109543
1213.28282828	2.47098197561e+15	-605.675704336	0.102142760061	0.902900644317
1213.47474747	2.47059117319e+15	-558.164526498	0.107264642022	0.898287916801
1213.66666667	2.47020049437e+15	-510.668374708	0.114383805954	0.891915567676
1213.85858586	2.46980993909e+15	-463.187241839	0.124371352317	0.883051856634
1214.05050505	2.46941950728e+15	-415.721120768	0.13835098687	0.870793001193
1214.24242424	2.4690291989e+15	-368.270004378	0.157630405981	0.854165418066
1214.43434343	2.46863901388e+15	-320.833885554	0.183508538356	0.832344768851
1214.62626263	2.46824895217e+15	-273.412757187	0.216932622984	0.804984204911
1214.81818182	2.46785901369e+15	-226.006612174	0.258025646041	0.772575418352
1215.01010101	2.46746919841e+15	-178.615443412	0.305581127988	0.736695135811
1215.2020202	2.46707950625e+15	-131.239243808	0.356692201465	0.699987919836
1215.39393939	2.46668993717e+15	-83.8780062687	0.406722845335	0.665828702262
1215.58585859	2.4663004911e+15	-36.5317237087	0.449772305044	0.637773352866
1215.77777778	2.46591116798e+15	10.7996109546	0.479647148023	0.619001769274
1215.96969697	2.46552196775e+15	58.1160047991	0.491158613075	0.611917008265
1216.16161616	2.46513289037e+15	105.417464898	0.48138462457	0.617927202006
1216.35353535	2.46474393576e+15	152.70399832	0.450487730735	0.637317236603
1216.54545455	2.46435510387e+15	199.97561213	0.401794961069	0.669117926851
1216.73737374	2.46396639465e+15	247.232313388	0.341081683293	0.711000828946
1216.92929293	2.46357780803e+15	294.474109148	0.275287878867	0.759353489934
1217.12121212	2.46318934396e+15	341.701006463	0.211075176451	0.809713193229
1217.31313131	2.46280100237e+15	388.913012378	0.153651081933	0.857571190898
1217.50505051	2.46241278322e+15	436.110133936	0.106138250645	0.899300310634
1217.6969697	2.46202468644e+15	483.292378175	0.0695485948379	0.932814802299
1217.88888889	2.46163671198e+15	530.459752127	0.0432194704535	0.957701179888
1218.08080808	2.46124885977e+15	577.612262822	0.0254685463068	0.974853041212
1218.27272727	2.46086112977e+15	624.749917284	0.0142333407939	0.985867474322
1218.46464646	2.4604735219e+15	671.872722533	0.00754758635124	0.992480825154
1218.65656566	2.46008603612e+15	718.980685585	0.00380241998905	0.996204800056
1218.84848485	2.45969867237e+15	766.07381345	0.00182530512837	0.998176359728
1219.04040404	2.45931143058e+15	813.152113135	0.000840477584087	0.999159875518
1219.23232323	2.45892431071e+15	860.215591643	0.000376841434251	0.999623229562
1219.42424242	2.45853731269e+15	907.264255972	0.000169877498588	0.99983013693
1219.61616162	2.45815043647e+15	954.298113115	8.17351506862e-05	0.99991826819
1219.80808081	2.45776368198e+15	1001.31717006	4.54082223793e-05	0.999954592809
1220.0	2.45737704918e+15	1048.32143379	3.04570255486e-05	0.999969543438
