912.0	3.28728070175e+15	-99845.8858013	0.061826304133	0.940046154743
915.0	3.27650273224e+15	-98535.5714216	0.0620296801854	0.939854991307
918.0	3.26579520697e+15	-97233.8211882	0.0622330562259	0.939663866756
921.0	3.25515743757e+15	-95940.5514123	0.0624364358782	0.939472777678
924.0	3.24458874459e+15	-94655.6794922	0.0626398250272	0.939281718539
927.0	3.23408845739e+15	-93379.1238951	0.0628431768631	0.939090733297
930.0	3.22365591398e+15	-92110.8041406	0.0630465526765	0.938899764375
933.0	3.21329046088e+15	-90850.6407832	0.0632499284916	0.938708834286
936.0	3.20299145299e+15	-89598.5553961	0.0634533043055	0.938517943025
939.0	3.19275825346e+15	-88354.4705546	0.0636566801182	0.938327090583
942.0	3.18259023355e+15	-87118.3098204	0.0638600559297	0.938136276954
945.0	3.17248677249e+15	-85889.9977257	0.06406343174	0.937945502128
948.0	3.16244725738e+15	-84669.4597582	0.0642668075492	0.937754766099
951.0	3.15247108307e+15	-83456.6223457	0.0644701833572	0.937564068858
954.0	3.14255765199e+15	-82251.4128415	0.064673559164	0.937373410398
957.0	3.13270637409e+15	-81053.7595097	0.0648769349696	0.937182790709
960.0	3.12291666667e+15	-79863.5915112	0.0650803107741	0.936992209786
963.0	3.11318795431e+15	-78680.8388897	0.0652836868941	0.936801667322
966.0	3.10351966874e+15	-77505.4325577	0.065487063289	0.936611163349
969.0	3.09391124871e+15	-76337.3042836	0.0656904671335	0.936420672412
972.0	3.08436213992e+15	-75176.3866777	0.0658938074843	0.936230279662
975.0	3.07487179487e+15	-74022.6131803	0.0660971807395	0.936039894822
978.0	3.0654396728e+15	-72875.9180478	0.0663005564987	0.935849546355
981.0	3.05606523955e+15	-71736.2363413	0.0665039322567	0.935659236597
984.0	3.04674796748e+15	-70603.5039134	0.0667073080136	0.93546896554
987.0	3.03748733536e+15	-69477.6573969	0.0669106837694	0.935278733177
990.0	3.02828282828e+15	-68358.6341927	0.067114059524	0.9350885395
993.0	3.01913393756e+15	-67246.372458	0.0673174352775	0.934898384501
996.0	3.01004016064e+15	-66140.8110952	0.0675208110299	0.934708268172
999.0	3.001001001e+15	-65041.8897405	0.0677241867811	0.934518190505
1002.0	2.99201596806e+15	-63949.5487533	0.0679275629114	0.934328151137
1005.0	2.98308457711e+15	-62863.7292047	0.0681309391944	0.934138150272
1008.0	2.97420634921e+15	-61784.3728678	0.0683343388392	0.933948166226
1011.0	2.96538081108e+15	-60711.4222065	0.0685376848228	0.933758270925
1014.0	2.95660749507e+15	-59644.8203657	0.0687410536575	0.933568392902
1017.0	2.94788593904e+15	-58584.511161	0.0689444293656	0.933378547075
1020.0	2.93921568627e+15	-57530.4390694	0.0691478050728	0.933188739855
1023.0	2.93059628543e+15	-56482.5492187	0.069351180779	0.932998971234
1026.0	2.92202729045e+15	-55440.7873789	0.0695545564842	0.932809241204
1029.0	2.91350826045e+15	-54405.0999522	0.0697579321885	0.932619549757
1032.0	2.90503875969e+15	-53375.4339639	0.0699613078918	0.932429896886
1035.0	2.89661835749e+15	-52351.7370539	0.0701646841184	0.932240282095
1038.0	2.88824662813e+15	-51333.957467	0.0703680610443	0.93205070521
1041.0	2.87992315082e+15	-50322.0440449	0.0705715002819	0.931861108812
1044.0	2.87164750958e+15	-49315.9462172	0.0707747965975	0.931671684137
1047.0	2.86341929322e+15	-48315.6139931	0.0709781717323	0.931482224549
1050.0	2.85523809524e+15	-47320.9979531	0.0711815474038	0.931292802989
1053.0	2.84710351377e+15	-46332.049241	0.0713849230746	0.931103419949
1056.0	2.83901515152e+15	-45348.7195557	0.0715882987448	0.930914075421
1059.0	2.83097261568e+15	-44370.9611433	0.0717916748719	0.930724768973
1062.0	2.82297551789e+15	-43398.7267898	0.07199505094	0.930535501076
1065.0	2.81502347418e+15	-42431.9698129	0.0721984362927	0.93034626303
1068.0	2.80711610487e+15	-41470.644055	0.0724018226427	0.93015706254
1071.0	2.79925303455e+15	-40514.7038756	0.0726051605029	0.929967945621
1074.0	2.79143389199e+15	-39564.1041441	0.0728085361617	0.929778832009
1077.0	2.78365831012e+15	-38618.8002328	0.0730119118204	0.929589756854
1080.0	2.77592592593e+15	-37678.74801	0.0732152881049	0.929400719566
1083.0	2.76823638042e+15	-36743.9038327	0.0734186660199	0.929211719206
1086.0	2.7605893186e+15	-35814.2245403	0.0736221163814	0.929022689975
1089.0	2.75298438935e+15	-34889.6674479	0.0738253983268	0.928833855629
1092.0	2.74542124542e+15	-33970.1903395	0.0740287743941	0.92864497226
1095.0	2.73789954338e+15	-33055.7514619	0.0742321511104	0.928456126699
1098.0	2.73041894353e+15	-32146.309518	0.0744355829176	0.928267268402
1101.0	2.7229791099e+15	-31241.823661	0.0746388897923	0.928078564468
1104.0	2.71557971014e+15	-30342.253488	0.0748422874441	0.927889814664
1107.0	2.70822041554e+15	-29447.5590341	0.0750456358179	0.927701148962
1110.0	2.7009009009e+15	-28557.7007665	0.0752490114755	0.927512496315
1113.0	2.69362084456e+15	-27672.6395784	0.0754523871822	0.927323881986
1116.0	2.68637992832e+15	-26792.3367838	0.0756557628889	0.927135306013
1119.0	2.67917783735e+15	-25916.7541115	0.0758591385955	0.926946768387
1122.0	2.67201426025e+15	-25045.8536994	0.0760625143022	0.926758269102
1125.0	2.66488888889e+15	-24179.5980896	0.0762658900089	0.926569808149
1128.0	2.65780141844e+15	-23317.9502223	0.0764692657156	0.92638138552
1131.0	2.6507515473e+15	-22460.8734313	0.0766726414223	0.926193001208
1134.0	2.64373897707e+15	-21608.3314381	0.076876017129	0.926004655205
1137.0	2.63676341249e+15	-20760.2883472	0.0770793928357	0.925816347503
1140.0	2.6298245614e+15	-19916.708641	0.0772827685424	0.925628078095
1143.0	2.62292213473e+15	-19077.5571748	0.0774861442491	0.925439846972
1146.0	2.61605584642e+15	-18242.7991717	0.0776895199558	0.925251654127
1149.0	2.6092254134e+15	-17412.4002183	0.0778928956624	0.925063499551
1152.0	2.60243055556e+15	-16586.3262593	0.0780962713691	0.924875383238
1155.0	2.59567099567e+15	-15764.5435937	0.0782996470758	0.924687305179
1158.0	2.58894645941e+15	-14947.0188694	0.0785030227825	0.924499265367
1161.0	2.58225667528e+15	-14133.719079	0.0787063984892	0.924311263794
1164.0	2.57560137457e+15	-13324.6115556	0.0789097741959	0.924123300452
1167.0	2.56898029135e+15	-12519.6639681	0.0791131499026	0.923935375333
1170.0	2.56239316239e+15	-11718.8443169	0.0793165256093	0.923747488429
1173.0	2.5558397272e+15	-10922.1209299	0.079519901316	0.923559639734
1176.0	2.54931972789e+15	-10129.4624581	0.0797232770227	0.923371829238
1179.0	2.54283290925e+15	-9340.83787173	0.0799266527294	0.923184056934
1182.0	2.53637901861e+15	-8556.21645581	0.080130028436	0.922996322815
1185.0	2.52995780591e+15	-7775.56780656	0.0803334041427	0.922808626873
1188.0	2.52356902357e+15	-6998.86182725	0.0805367798494	0.922620969099
1191.0	2.51721242653e+15	-6226.06872441	0.0807401555561	0.922433349487
1194.0	2.51088777219e+15	-5457.159004	0.0809435312628	0.922245768028
1197.0	2.50459482038e+15	-4692.10346764	0.0811469137285	0.922058218483
1200.0	2.49833333333e+15	-3930.87320898	0.0813503199214	0.921870685204
1203.0	2.49210307564e+15	-3173.43960995	0.0815540564312	0.92168288562
1206.0	2.48590381426e+15	-2419.77433729	0.081759587529	0.92149347059
1209.0	2.47973531844e+15	-1669.84933893	0.0847416419116	0.918749620137
1200.0	2.49833333333e+15	-3930.87320898	0.0813503199214	0.921870685204
1200.2020202	2.49791280929e+15	-3879.74867216	0.081364017582	0.921858057819
1200.4040404	2.49749242679e+15	-3828.6413432	0.0813777238102	0.921845422709
1200.60606061	2.49707218576e+15	-3777.55121341	0.0813914226422	0.921832794589
1200.80808081	2.49665208614e+15	-3726.47827411	0.0814051221598	0.921820166011
1201.01010101	2.49623212784e+15	-3675.42251662	0.0814188225703	0.921807536783
1201.21212121	2.4958123108e+15	-3624.38393228	0.0814325345669	0.921794897048
1201.41414141	2.49539263494e+15	-3573.36251241	0.0814462380824	0.921782265304
1201.61616162	2.4949731002e+15	-3522.35824837	0.0814599438739	0.921769631635
1201.81818182	2.49455370651e+15	-3471.3711315	0.0814736528922	0.921756995165
1202.02020202	2.49413445378e+15	-3420.40115316	0.0814873798706	0.921744342313
1202.22222222	2.49371534196e+15	-3369.44830471	0.0815011004194	0.921731695562
1202.42424242	2.49329637097e+15	-3318.51257751	0.0815148300873	0.921719040579
1202.62626263	2.49287754074e+15	-3267.59396293	0.0815285887032	0.921706359088
1202.82828283	2.49245885119e+15	-3216.69245235	0.081542346765	0.921693678282
1203.03030303	2.49204030227e+15	-3165.80803716	0.0815561243389	0.921680979667
1203.23232323	2.49162189389e+15	-3114.94070875	0.0815699231601	0.921668261643
1203.43434343	2.49120362599e+15	-3064.0904585	0.0815837658111	0.9216555034
1203.63636364	2.49078549849e+15	-3013.25727783	0.0815976083924	0.921642745397
1203.83838384	2.49036751133e+15	-2962.44115813	0.0816114689271	0.921629971024
1204.04040404	2.48994966443e+15	-2911.64209082	0.081625338749	0.921617188269
1204.24242424	2.48953195773e+15	-2860.86006732	0.0816392388471	0.921604377789
1204.44444444	2.48911439114e+15	-2810.09507905	0.0816531070144	0.921591596914
1204.64646465	2.48869696462e+15	-2759.34711744	0.0816669655161	0.921578825123
1204.84848485	2.48827967807e+15	-2708.61617393	0.0816808371448	0.921566041413
1205.05050505	2.48786253143e+15	-2657.90223995	0.0816946649945	0.921553298224
1205.25252525	2.48744552464e+15	-2607.20530696	0.0817085124297	0.921540537163
1205.45454545	2.48702865762e+15	-2556.5253664	0.0817223110151	0.921527821295
1205.65656566	2.48661193029e+15	-2505.86240974	0.0817361060875	0.92151510884
1205.85858586	2.4861953426e+15	-2455.21642843	0.0817499362217	0.92150236425
1206.06060606	2.48577889447e+15	-2404.58741396	0.0817637710654	0.921489615497
1206.26262626	2.48536258583e+15	-2353.97535778	0.0817775698692	0.92147690013
1206.46464646	2.48494641661e+15	-2303.38025139	0.0817914420554	0.92146411732
1206.66666667	2.48453038674e+15	-2252.80208627	0.081805337641	0.921451313125
1206.86868687	2.48411449615e+15	-2202.24085392	0.0818192903527	0.92143845647
1207.07070707	2.48369874477e+15	-2151.69654583	0.0818333798239	0.921425473981
1207.27272727	2.48328313253e+15	-2101.1691535	0.0818478127252	0.921412175234
1207.47474747	2.48286765936e+15	-2050.65866845	0.0818662208804	0.921395213892
1207.67676768	2.48245232519e+15	-2000.16508219	0.0836587935691	0.91974502548
1207.87878788	2.48203712995e+15	-1949.68838624	0.0842307472393	0.919219124346
1208.08080808	2.48162207358e+15	-1899.22857213	0.0843118807243	0.919144547921
1208.28282828	2.48120715599e+15	-1848.78563139	0.0843969929387	0.919066320822
1208.48484848	2.48079237713e+15	-1798.35955555	0.0844866782892	0.918983897733
1208.68686869	2.48037773692e+15	-1747.95033617	0.0845816687363	0.918896607188
1208.88888889	2.47996323529e+15	-1697.55796479	0.0846828910763	0.91880359903
1209.09090909	2.47954887218e+15	-1647.18243297	0.0847914814515	0.91870383122
1209.29292929	2.47913464751e+15	-1596.82373226	0.0849087985185	0.918596057903
1209.49494949	2.47872056122e+15	-1546.48185424	0.0850365211803	0.918478739861
1209.6969697	2.47830661323e+15	-1496.15679047	0.0851768818842	0.918349830586
1209.8989899	2.47789280347e+15	-1445.84853253	0.0853324823106	0.918206946077
1210.1010101	2.47747913189e+15	-1395.55707201	0.0855067334115	0.918046961445
1210.3030303	2.4770655984e+15	-1345.28240049	0.0857037237968	0.917866132832
1210.50505051	2.47665220294e+15	-1295.02450957	0.0859286876024	0.917659669398
1210.70707071	2.47623894544e+15	-1244.78339084	0.0861881445043	0.917421607148
1210.90909091	2.47582582583e+15	-1194.55903592	0.0864901706705	0.917144563656
1211.11111111	2.47541284404e+15	-1144.35143642	0.0868450104681	0.916819181998
1211.31313131	2.475e+15	-1094.16058394	0.0872655837584	0.916433673411
1211.51515152	2.47458729365e+15	-1043.98647012	0.0877682009465	0.915973173832
1211.71717172	2.47417472491e+15	-993.829086581	0.0883738599799	0.915418574371
1211.91919192	2.47376229372e+15	-943.688424956	0.0891097965438	0.914745132207
1212.12121212	2.47335e+15	-893.564476886	0.0900120856344	0.9139201399
1212.32323232	2.47293784369e+15	-843.457234013	0.0911296750057	0.912899322999
1212.52525253	2.47252582473e+15	-793.36668799	0.0925313852853	0.911620599043
1212.72727273	2.47211394303e+15	-743.29283047	0.0943174862492	0.909993805853
1212.92929293	2.47170219853e+15	-693.235653117	0.0966390702157	0.907883629248
1213.13131313	2.47129059117e+15	-643.195147596	0.0997294520072	0.905082253102
1213.33333333	2.47087912088e+15	-593.17130558	0.103950747993	0.901269685669
1213.53535354	2.47046778758e+15	-543.164118747	0.109855856155	0.89596327358
1213.73737374	2.47005659121e+15	-493.173578781	0.118256990931	0.888467695133
1213.93939394	2.4696455317e+15	-443.19967737	0.130274268823	0.877854629744
1214.14141414	2.46923460899e+15	-393.242406209	0.147317909136	0.863019571994
1214.34343434	2.46882382299e+15	-343.301756998	0.170940384443	0.842871820246
1214.54545455	2.46841317365e+15	-293.377721443	0.202500120809	0.816686383935
1214.74747475	2.4680026609e+15	-243.470291255	0.242626351249	0.784564610598
1214.94949495	2.46759228467e+15	-193.57945815	0.290567758527	0.747838855136
1215.15151515	2.46718204489e+15	-143.705213851	0.343622877221	0.709196331715
1215.35353535	2.46677194149e+15	-93.8475500854	0.396932658739	0.672379302978
1215.55555556	2.46636197441e+15	-44.0064585864	0.443892143698	0.641534610647
1215.75757576	2.46595214357e+15	5.81806890766	0.477263938426	0.620478739497
1215.95959596	2.46554244891e+15	55.6260406523	0.490796995814	0.612138328032
1216.16161616	2.46513289037e+15	105.417464898	0.480877001104	0.618240955982
1216.36363636	2.46472346786e+15	155.19234989	0.447630650073	0.639140707015
1216.56565657	2.46431418134e+15	204.950703867	0.395042978243	0.673651086286
1216.76767677	2.46390503072e+15	254.692535063	0.330007301624	0.71891848414
1216.96969697	2.46349601594e+15	304.417851708	0.260639892154	0.770558353768
1217.17171717	2.46308713693e+15	354.126662023	0.194448080845	0.823288921612
1217.37373737	2.46267839363e+15	403.818974226	0.136933963785	0.872027809646
1217.57575758	2.46226978596e+15	453.49479653	0.0909781712638	0.91303764114
1217.77777778	2.46186131387e+15	503.154137141	0.0570055711431	0.944588806912
1217.97979798	2.46145297728e+15	552.79700426	0.033678751908	0.96688206377
1218.18181818	2.46104477612e+15	602.423406084	0.0187605688489	0.981414315273
1218.38383838	2.46063671033e+15	652.033350802	0.00985658508866	0.99019183184
1218.58585859	2.46022877984e+15	701.626846599	0.00488911426717	0.995122817998
1218.78787879	2.45982098458e+15	751.203901655	0.00229536431945	0.997707268015
1218.98989899	2.45941332449e+15	800.764524144	0.00102603664156	0.998974489554
1219.19191919	2.4590057995e+15	850.308722235	0.000442817926418	0.999557280103
1219.39393939	2.45859840954e+15	899.83650409	0.000190458687703	0.999809559448
1219.5959596	2.45819115455e+15	949.347877867	8.69694361728e-05	0.999913034346
1219.7979798	2.45778403445e+15	998.84285172	4.61541779219e-05	0.999953846887
1220.0	2.45737704918e+15	1048.32143379	3.01386409281e-05	0.999969861813
