912.0	3.28728070175e+15	-3.12221366996e+13	0.0194353264688	0.980752321854
912.169557127	3.28666965103e+15	-3.12163330244e+13	0.0194497782471	0.980738148341
912.339114254	3.28605882743e+15	-3.12105315064e+13	0.0194642438391	0.980723961486
912.50867138	3.28544823083e+15	-3.12047321444e+13	0.0194787174985	0.980709766924
912.678228507	3.2848378611e+15	-3.11989349372e+13	0.0194931992285	0.980695564652
912.847785634	3.28422771812e+15	-3.11931398837e+13	0.0195076890319	0.980681354669
913.017342761	3.28361780175e+15	-3.11873469825e+13	0.0195221869118	0.980667136972
913.186899888	3.28300811189e+15	-3.11815562326e+13	0.0195366928712	0.980652911558
913.356457014	3.28239864839e+15	-3.11757676326e+13	0.0195512069131	0.980638678423
913.526014141	3.28178941113e+15	-3.11699811815e+13	0.0195657290404	0.980624437567
913.695571268	3.28118039999e+15	-3.1164196878e+13	0.0195802592563	0.980610188986
913.865128395	3.28057161484e+15	-3.11584147209e+13	0.0195947975637	0.980595932677
914.034685521	3.27996305555e+15	-3.1152634709e+13	0.0196093439655	0.980581668638
914.204242648	3.279354722e+15	-3.11468568412e+13	0.0196238984649	0.980567396867
914.373799775	3.27874661406e+15	-3.11410811162e+13	0.0196384610647	0.98055311736
914.543356902	3.27813873161e+15	-3.11353075329e+13	0.0196530317681	0.980538830116
914.712914029	3.27753107453e+15	-3.112953609e+13	0.019667610578	0.980524535131
914.882471155	3.27692364268e+15	-3.11237667864e+13	0.0196821974974	0.980510232403
915.052028282	3.27631643594e+15	-3.11179996208e+13	0.0196967925293	0.980495921929
915.221585409	3.27570945419e+15	-3.11122345922e+13	0.0197113956768	0.980481603707
915.391142536	3.2751026973e+15	-3.11064716992e+13	0.0197260069429	0.980467277734
915.560699663	3.27449616514e+15	-3.11007109408e+13	0.0197406263304	0.980452944008
915.730256789	3.2738898576e+15	-3.10949523157e+13	0.0197552538426	0.980438602525
915.899813916	3.27328377454e+15	-3.10891958228e+13	0.0197698894823	0.980424253284
916.069371043	3.27267791585e+15	-3.10834414608e+13	0.0197845332526	0.980409896282
916.23892817	3.2720722814e+15	-3.10776892286e+13	0.0197991851565	0.980395531515
916.408485296	3.27146687105e+15	-3.10719391249e+13	0.019813845197	0.980381158982
916.578042423	3.2708616847e+15	-3.10661911487e+13	0.0198285133771	0.980366778681
916.74759955	3.27025672221e+15	-3.10604452988e+13	0.0198431896998	0.980352390607
916.917156677	3.26965198346e+15	-3.10547015739e+13	0.0198578741682	0.980337994759
917.086713804	3.26904746833e+15	-3.10489599728e+13	0.0198725667852	0.980323591134
917.25627093	3.26844317669e+15	-3.10432204945e+13	0.0198872675539	0.98030917973
917.425828057	3.26783910842e+15	-3.10374831377e+13	0.0199019764773	0.980294760543
917.595385184	3.26723526339e+15	-3.10317479012e+13	0.0199166935584	0.980280333572
917.764942311	3.26663164149e+15	-3.10260147839e+13	0.0199314188002	0.980265898813
917.934499438	3.26602824258e+15	-3.10202837846e+13	0.0199461522057	0.980251456264
918.104056564	3.26542506654e+15	-3.10145549021e+13	0.019960893778	0.980237005923
918.273613691	3.26482211326e+15	-3.10088281353e+13	0.01997564352	0.980222547787
918.443170818	3.2642193826e+15	-3.1003103483e+13	0.0199904014348	0.980208081853
918.612727945	3.26361687444e+15	-3.09973809439e+13	0.0200051675255	0.980193608118
918.782285072	3.26301458867e+15	-3.0991660517e+13	0.0200199417949	0.980179126581
918.951842198	3.26241252515e+15	-3.09859422011e+13	0.0200347242462	0.980164637238
919.121399325	3.26181068377e+15	-3.0980225995e+13	0.0200495148823	0.980150140086
919.290956452	3.2612090644e+15	-3.09745118975e+13	0.0200643137063	0.980135635124
919.460513579	3.26060766691e+15	-3.09687999074e+13	0.0200791207212	0.980121122349
919.630070705	3.2600064912e+15	-3.09630900237e+13	0.0200939359301	0.980106601757
919.799627832	3.25940553712e+15	-3.09573822451e+13	0.0201087593359	0.980092073347
919.969184959	3.25880480457e+15	-3.09516765705e+13	0.0201235909416	0.980077537116
920.138742086	3.25820429341e+15	-3.09459729986e+13	0.0201384307504	0.98006299306
920.308299213	3.25760400353e+15	-3.09402715285e+13	0.0201532787651	0.980048441179
920.477856339	3.25700393481e+15	-3.09345721588e+13	0.0201681349889	0.980033881468
920.647413466	3.25640408711e+15	-3.09288748884e+13	0.0201829994248	0.980019313925
920.816970593	3.25580446033e+15	-3.09231797162e+13	0.0201978720757	0.980004738548
920.98652772	3.25520505433e+15	-3.0917486641e+13	0.0202127529448	0.979990155335
921.156084847	3.25460586899e+15	-3.09117956617e+13	0.020227642035	0.979975564281
921.325641973	3.2540069042e+15	-3.0906106777e+13	0.0202425393494	0.979960965386
921.4951991	3.25340815983e+15	-3.09004199859e+13	0.020257444891	0.979946358646
921.664756227	3.25280963577e+15	-3.08947352872e+13	0.0202723586628	0.979931744059
921.834313354	3.25221133187e+15	-3.08890526796e+13	0.0202872806679	0.979917121621
922.003870481	3.25161324804e+15	-3.08833721622e+13	0.0203022109093	0.979902491331
922.173427607	3.25101538414e+15	-3.08776937337e+13	0.0203171493899	0.979887853186
922.342984734	3.25041774006e+15	-3.08720173929e+13	0.020332096113	0.979873207183
922.512541861	3.24982031567e+15	-3.08663431388e+13	0.0203470510814	0.97985855332
922.682098988	3.24922311085e+15	-3.08606709701e+13	0.0203620142982	0.979843891594
922.851656114	3.24862612548e+15	-3.08550008857e+13	0.0203769857664	0.979829222002
923.021213241	3.24802935945e+15	-3.08493328845e+13	0.0203919654892	0.979814544542
923.190770368	3.24743281262e+15	-3.08436669653e+13	0.0204069534694	0.979799859211
923.360327495	3.24683648488e+15	-3.0838003127e+13	0.0204219497102	0.979785166006
923.529884622	3.24624037611e+15	-3.08323413684e+13	0.0204369542146	0.979770464926
923.699441748	3.24564448618e+15	-3.08266816884e+13	0.0204519669855	0.979755755967
923.868998875	3.24504881498e+15	-3.08210240858e+13	0.0204669880262	0.979741039126
924.038556002	3.24445336239e+15	-3.08153685595e+13	0.0204820173395	0.979726314402
924.208113129	3.24385812829e+15	-3.08097151084e+13	0.0204970549285	0.979711581791
924.377670256	3.24326311254e+15	-3.08040637313e+13	0.0205121007963	0.979696841291
924.547227382	3.24266831505e+15	-3.0798414427e+13	0.0205271549459	0.979682092899
924.716784509	3.24207373568e+15	-3.07927671945e+13	0.0205422173803	0.979667336613
924.886341636	3.24147937432e+15	-3.07871220325e+13	0.0205572881026	0.97965257243
925.055898763	3.24088523084e+15	-3.078147894e+13	0.0205723671158	0.979637800347
925.225455889	3.24029130513e+15	-3.07758379158e+13	0.020587454423	0.979623020362
925.395013016	3.23969759706e+15	-3.07701989588e+13	0.0206025500272	0.979608232472
925.564570143	3.23910410652e+15	-3.07645620678e+13	0.0206176539314	0.979593436675
925.73412727	3.23851083339e+15	-3.07589272418e+13	0.0206327661386	0.979578632968
925.903684397	3.23791777754e+15	-3.07532944795e+13	0.020647886652	0.979563821348
926.073241523	3.23732493887e+15	-3.07476637798e+13	0.0206630154746	0.979549001813
926.24279865	3.23673231724e+15	-3.07420351416e+13	0.0206781526094	0.97953417436
926.412355777	3.23613991254e+15	-3.07364085638e+13	0.0206932980594	0.979519338987
926.581912904	3.23554772465e+15	-3.07307840452e+13	0.0207084518277	0.97950449569
926.751470031	3.23495575346e+15	-3.07251615848e+13	0.0207236139174	0.979489644467
926.921027157	3.23436399883e+15	-3.07195411813e+13	0.0207387843314	0.979474785317
927.090584284	3.23377246067e+15	-3.07139228337e+13	0.0207539630729	0.979459918235
927.260141411	3.23318113883e+15	-3.07083065407e+13	0.0207691501449	0.97944504322
927.429698538	3.23259003321e+15	-3.07026923014e+13	0.0207843455504	0.979430160268
927.599255665	3.2319991437e+15	-3.06970801146e+13	0.0207995492924	0.979415269378
927.768812791	3.23140847016e+15	-3.06914699791e+13	0.0208147613741	0.979400370546
927.938369918	3.23081801248e+15	-3.06858618938e+13	0.0208299817985	0.97938546377
928.107927045	3.23022777054e+15	-3.06802558576e+13	0.0208452105686	0.979370549048
928.277484172	3.22963774423e+15	-3.06746518694e+13	0.0208604476874	0.979355626376
928.447041298	3.22904793343e+15	-3.0669049928e+13	0.0208756931581	0.979340695752
928.616598425	3.22845833801e+15	-3.06634500324e+13	0.0208909469837	0.979325757174
928.786155552	3.22786895786e+15	-3.06578521814e+13	0.0209062091671	0.979310810639
929.786155552	3.22439733276e+15	-3.06248791668e+13	0.0209963913777	0.979222498207
930.089185855	3.22334679899e+15	-3.06149013424e+13	0.0210237768317	0.979195682122
930.392216158	3.22229694954e+15	-3.06049300177e+13	0.0210511890658	0.979168840548
930.695246461	3.22124778374e+15	-3.05949651862e+13	0.0210786280978	0.979141973472
930.998276764	3.22019930093e+15	-3.05850068416e+13	0.0211060939449	0.979115080877
931.301307067	3.21915150043e+15	-3.05750549776e+13	0.0211335866246	0.97908816275
931.60433737	3.21810438159e+15	-3.05651095878e+13	0.0211611061544	0.979061219075
931.907367673	3.21705794374e+15	-3.05551706659e+13	0.0211886525519	0.979034249837
932.210397976	3.21601218621e+15	-3.05452382057e+13	0.0212162258344	0.979007255021
932.513428279	3.21496710834e+15	-3.05353122007e+13	0.0212438260195	0.978980234613
932.816458582	3.21392270946e+15	-3.05253926448e+13	0.0212714532758	0.978953188448
933.119488885	3.21287898893e+15	-3.05154795317e+13	0.0212991073186	0.978926116809
933.422519188	3.21183594607e+15	-3.0505572855e+13	0.0213267883166	0.978899019532
933.725549491	3.21079358023e+15	-3.04956726085e+13	0.0213544962871	0.978871896603
934.028579794	3.20975189074e+15	-3.0485778786e+13	0.0213822312477	0.978844748006
934.331610097	3.20871087695e+15	-3.04758913812e+13	0.0214099932169	0.978817573726
934.634640401	3.20767053821e+15	-3.04660103878e+13	0.0214377822116	0.978790373747
934.937670704	3.20663087385e+15	-3.04561357996e+13	0.0214655982497	0.978763148055
935.240701007	3.20559188322e+15	-3.04462676105e+13	0.0214934413488	0.978735896635
935.54373131	3.20455356566e+15	-3.04364058141e+13	0.0215213115265	0.978708619472
935.846761613	3.20351592053e+15	-3.04265504043e+13	0.0215492087965	0.978681316554
936.149791916	3.20247894716e+15	-3.04167013748e+13	0.0215771331838	0.97865398786
936.452822219	3.20144264491e+15	-3.04068587195e+13	0.0216050846977	0.978626633382
936.755852522	3.20040701313e+15	-3.03970224322e+13	0.0216330633654	0.978599253095
937.058882825	3.19937205116e+15	-3.03871925067e+13	0.0216610692006	0.97857184699
937.361913128	3.19833775835e+15	-3.03773689368e+13	0.0216891022133	0.978544415057
937.664943431	3.19730413407e+15	-3.03675517165e+13	0.0217171624364	0.978516957268
937.967973734	3.19627117765e+15	-3.03577408394e+13	0.0217452498714	0.978489473622
938.271004037	3.19523888845e+15	-3.03479362995e+13	0.0217733645452	0.978461964097
938.57403434	3.19420726582e+15	-3.03381380906e+13	0.0218015064887	0.978434428663
938.877064643	3.19317630913e+15	-3.03283462067e+13	0.0218296757014	0.978406867323
939.180094946	3.19214601772e+15	-3.03185606415e+13	0.0218578722351	0.97837928003
939.483125249	3.19111639095e+15	-3.0308781389e+13	0.0218860960949	0.97835166678
939.786155552	3.19008742818e+15	-3.0299008443e+13	0.0219143473556	0.978324027503
940.089185855	3.18905912876e+15	-3.02892417975e+13	0.0219426260214	0.978296362196
940.392216158	3.18803149206e+15	-3.02794814464e+13	0.0219709321585	0.978268670797
940.695246461	3.18700451743e+15	-3.02697273836e+13	0.0219992657381	0.978240953336
940.998276764	3.18597820424e+15	-3.0259979603e+13	0.0220276266842	0.97821320989
941.301307067	3.18495255185e+15	-3.02502380985e+13	0.0220560150352	0.978185440425
941.60433737	3.18392755961e+15	-3.02405028642e+13	0.0220844307605	0.978157644971
941.907367673	3.18290322689e+15	-3.02307738938e+13	0.022112873829	0.978129823562
942.210397976	3.18187955306e+15	-3.02210511815e+13	0.022141344408	0.978101976036
942.513428279	3.18085653747e+15	-3.02113347211e+13	0.0221698425747	0.97807410232
942.816458582	3.17983417951e+15	-3.02016245067e+13	0.0221983683634	0.978046202382
943.119488885	3.17881247852e+15	-3.01919205321e+13	0.0222269221749	0.978018275834
943.422519188	3.17779143387e+15	-3.01822227914e+13	0.0223915618531	0.977857268474
943.725549491	3.17677104495e+15	-3.01725312787e+13	0.0229303578862	0.977330544768
944.028579794	3.1757513111e+15	-3.01628459878e+13	0.0229967642874	0.977265645919
944.331610097	3.17473223171e+15	-3.01531669128e+13	0.0230681511897	0.977195884442
944.634640401	3.17371380614e+15	-3.01434940478e+13	0.0231462484558	0.977119571095
944.937670704	3.17269603377e+15	-3.01338273867e+13	0.0232336696769	0.977034153842
945.240701007	3.17167891396e+15	-3.01241669236e+13	0.0233343862348	0.976935755281
945.54373131	3.17066244609e+15	-3.01145126525e+13	0.023454455434	0.976818462429
945.846761613	3.16964662953e+15	-3.01048645674e+13	0.0236031454145	0.976673230108
946.149791916	3.16863146366e+15	-3.00952226625e+13	0.0237947093629	0.976486152647
946.452822219	3.16761694785e+15	-3.00855869318e+13	0.0240512876435	0.976235639648
946.755852522	3.16660308148e+15	-3.00759573693e+13	0.0244079942273	0.975887472069
947.058882825	3.16558986391e+15	-3.00663339692e+13	0.0249229898536	0.97538502368
947.361913128	3.16457729454e+15	-3.00567167255e+13	0.0257009059716	0.974626551001
947.664943431	3.16356537274e+15	-3.00471056323e+13	0.0269545150553	0.973405515813
947.967973734	3.16255409789e+15	-3.00375006838e+13	0.0291640367631	0.971257129523
948.271004037	3.16154346936e+15	-3.0027901874e+13	0.033409559647	0.967142375974
948.57403434	3.16053348655e+15	-3.0018309197e+13	0.0417738470507	0.959086656324
948.877064643	3.15952414882e+15	-3.0008722647e+13	0.0571110360572	0.944489191188
949.180094946	3.15851545556e+15	-2.99991422181e+13	0.0809253875148	0.922262501175
949.483125249	3.15750740616e+15	-2.99895679045e+13	0.109429960182	0.896344942
949.786155552	3.1565e+15	-2.99799997002e+13	0.131672839525	0.87662774612
950.089185855	3.15549323646e+15	-2.99704375995e+13	0.134829681457	0.873864734383
950.392216158	3.15448711493e+15	-2.99608815965e+13	0.114534238806	0.891781404365
950.695246461	3.15348163479e+15	-2.99513316853e+13	0.0795637604058	0.923519134137
950.998276764	3.15247679544e+15	-2.99417878603e+13	0.0448239242326	0.956165824643
951.301307067	3.15147259625e+15	-2.99322501154e+13	0.0203760003102	0.979830187581
951.60433737	3.15046903662e+15	-2.9922718445e+13	0.00744958949565	0.99257808992
951.907367673	3.14946611594e+15	-2.99131928432e+13	0.00218582317571	0.997816563996
952.210397976	3.14846383359e+15	-2.99036733042e+13	0.000513944906801	0.99948618714
952.513428279	3.14746218897e+15	-2.98941598223e+13	9.67501941642e-05	0.999903254486
952.816458582	3.14646118148e+15	-2.98846523917e+13	1.45881090659e-05	0.999985411997
953.119488885	3.14546081049e+15	-2.98751510065e+13	1.7777026935e-06	0.999998222299
953.422519188	3.1444610754e+15	-2.98656556611e+13	1.90660512458e-07	0.99999980934
953.725549491	3.14346197562e+15	-2.98561663496e+13	3.25938273533e-08	0.999999967406
954.028579794	3.14246351052e+15	-2.98466830664e+13	1.72511656402e-08	0.999999982749
954.331610097	3.14146567952e+15	-2.98372058057e+13	1.44126060435e-08	0.999999985587
954.634640401	3.140468482e+15	-2.98277345617e+13	1.2736145316e-08	0.999999987264
954.937670704	3.13947191736e+15	-2.98182693287e+13	1.13970516661e-08	0.999999988603
955.240701007	3.138475985e+15	-2.9808810101e+13	1.02864023114e-08	0.999999989714
955.54373131	3.13748068431e+15	-2.97993568729e+13	9.3518331897e-09	0.999999990648
955.846761613	3.13648601471e+15	-2.97899096387e+13	8.55610725439e-09	0.999999991444
956.149791916	3.13549197558e+15	-2.97804683927e+13	7.87956372438e-09	0.99999999212
956.452822219	3.13449856632e+15	-2.97710331291e+13	7.28627046409e-09	0.999999992714
956.755852522	3.13350578635e+15	-2.97616038424e+13	6.76748025308e-09	0.999999993233
957.058882825	3.13251363506e+15	-2.97521805267e+13	6.3106499446e-09	0.999999993689
957.361913128	3.13152211185e+15	-2.97427631766e+13	5.90577740799e-09	0.999999994094
957.664943431	3.13053121613e+15	-2.97333517862e+13	5.5431951835e-09	0.999999994457
957.967973734	3.1295409473e+15	-2.972394635e+13	5.22496991966e-09	0.999999994775
958.271004037	3.12855130477e+15	-2.97145468622e+13	4.93403278213e-09	0.999999995066
958.57403434	3.12756228794e+15	-2.97051533173e+13	4.67094198549e-09	0.999999995329
958.877064643	3.12657389622e+15	-2.96957657096e+13	4.43227146911e-09	0.999999995568
959.180094946	3.12558612902e+15	-2.96863840335e+13	4.21508788785e-09	0.999999995785
959.483125249	3.12459898575e+15	-2.96770082834e+13	4.01592812046e-09	0.999999995984
959.786155552	3.12361246582e+15	-2.96676384536e+13	3.82815446724e-09	0.999999996172
