912.0	3.28728070175e+15	-99845.8858013	0.061826304133	0.940046154743
915.0	3.27650273224e+15	-98535.5714216	0.0620296801854	0.939854991307
918.0	3.26579520697e+15	-97233.8211882	0.0622330562259	0.939663866756
921.0	3.25515743757e+15	-95940.5514123	0.0624364358782	0.939472777678
924.0	3.24458874459e+15	-94655.6794922	0.0626398250272	0.939281718539
927.0	3.23408845739e+15	-93379.1238951	0.0628431768631	0.939090733297
930.0	3.22365591398e+15	-92110.8041406	0.0630465526765	0.938899764375
933.0	3.21329046088e+15	-90850.6407832	0.0632499284916	0.938708834286
936.0	3.20299145299e+15	-89598.5553961	0.0634533043055	0.938517943025
939.0	3.19275825346e+15	-88354.4705546	0.0636566801182	0.938327090583
942.0	3.18259023355e+15	-87118.3098204	0.0638600559297	0.938136276954
945.0	3.17248677249e+15	-85889.9977257	0.06406343174	0.937945502128
948.0	3.16244725738e+15	-84669.4597582	0.0642668075492	0.937754766099
951.0	3.15247108307e+15	-83456.6223457	0.0644701833572	0.937564068858
954.0	3.14255765199e+15	-82251.4128415	0.064673559164	0.937373410398
957.0	3.13270637409e+15	-81053.7595097	0.0648769349696	0.937182790709
960.0	3.12291666667e+15	-79863.5915112	0.0650803107741	0.936992209786
963.0	3.11318795431e+15	-78680.8388897	0.0652836868941	0.936801667322
966.0	3.10351966874e+15	-77505.4325577	0.065487063289	0.936611163349
969.0	3.09391124871e+15	-76337.3042836	0.0656904671335	0.936420672412
972.0	3.08436213992e+15	-75176.3866777	0.0658938074843	0.936230279662
975.0	3.07487179487e+15	-74022.6131803	0.0660971807395	0.936039894822
978.0	3.0654396728e+15	-72875.9180478	0.0663005564987	0.935849546355
981.0	3.05606523955e+15	-71736.2363413	0.0665039322567	0.935659236597
984.0	3.04674796748e+15	-70603.5039134	0.0667073080136	0.93546896554
987.0	3.03748733536e+15	-69477.6573969	0.0669106837694	0.935278733177
990.0	3.02828282828e+15	-68358.6341927	0.067114059524	0.9350885395
993.0	3.01913393756e+15	-67246.372458	0.0673174352775	0.934898384501
996.0	3.01004016064e+15	-66140.8110952	0.0675208110299	0.934708268172
999.0	3.001001001e+15	-65041.8897405	0.0677241867811	0.934518190505
1002.0	2.99201596806e+15	-63949.5487533	0.0679275629114	0.934328151137
1005.0	2.98308457711e+15	-62863.7292047	0.0681309391944	0.934138150272
1008.0	2.97420634921e+15	-61784.3728678	0.0683343388392	0.933948166226
1011.0	2.96538081108e+15	-60711.4222065	0.0685376848228	0.933758270925
1014.0	2.95660749507e+15	-59644.8203657	0.0687410536575	0.933568392902
1017.0	2.94788593904e+15	-58584.511161	0.0689444293656	0.933378547075
1020.0	2.93921568627e+15	-57530.4390694	0.0691478050728	0.933188739855
1023.0	2.93059628543e+15	-56482.5492187	0.069351180779	0.932998971234
1026.0	2.92202729045e+15	-55440.7873789	0.0695545564842	0.932809241204
1029.0	2.91350826045e+15	-54405.0999522	0.0697579321885	0.932619549757
1032.0	2.90503875969e+15	-53375.4339639	0.0699613078918	0.932429896886
1035.0	2.89661835749e+15	-52351.7370539	0.0701646841184	0.932240282095
1038.0	2.88824662813e+15	-51333.957467	0.0703680610443	0.93205070521
1041.0	2.87992315082e+15	-50322.0440449	0.0705715002819	0.931861108812
1044.0	2.87164750958e+15	-49315.9462172	0.0707747965975	0.931671684137
1047.0	2.86341929322e+15	-48315.6139931	0.0709781717323	0.931482224549
1050.0	2.85523809524e+15	-47320.9979531	0.0711815474038	0.931292802989
1053.0	2.84710351377e+15	-46332.049241	0.0713849230746	0.931103419949
1056.0	2.83901515152e+15	-45348.7195557	0.0715882987448	0.930914075421
1059.0	2.83097261568e+15	-44370.9611433	0.0717916748719	0.930724768973
1062.0	2.82297551789e+15	-43398.7267898	0.07199505094	0.930535501076
1065.0	2.81502347418e+15	-42431.9698129	0.0721984362927	0.93034626303
1068.0	2.80711610487e+15	-41470.644055	0.0724018226427	0.93015706254
1071.0	2.79925303455e+15	-40514.7038756	0.0726051605029	0.929967945621
1074.0	2.79143389199e+15	-39564.1041441	0.0728085361617	0.929778832009
1077.0	2.78365831012e+15	-38618.8002328	0.0730119118204	0.929589756854
1080.0	2.77592592593e+15	-37678.74801	0.0732152881049	0.929400719566
1083.0	2.76823638042e+15	-36743.9038327	0.0734186660199	0.929211719206
1086.0	2.7605893186e+15	-35814.2245403	0.0736221163814	0.929022689975
1089.0	2.75298438935e+15	-34889.6674479	0.0738253983268	0.928833855629
1092.0	2.74542124542e+15	-33970.1903395	0.0740287743941	0.92864497226
1095.0	2.73789954338e+15	-33055.7514619	0.0742321511104	0.928456126699
1098.0	2.73041894353e+15	-32146.309518	0.0744355829176	0.928267268402
1101.0	2.7229791099e+15	-31241.823661	0.0746388897923	0.928078564468
1104.0	2.71557971014e+15	-30342.253488	0.0748422874441	0.927889814664
1107.0	2.70822041554e+15	-29447.5590341	0.0750456358179	0.927701148962
1110.0	2.7009009009e+15	-28557.7007665	0.0752490114755	0.927512496315
1113.0	2.69362084456e+15	-27672.6395784	0.0754523871822	0.927323881986
1116.0	2.68637992832e+15	-26792.3367838	0.0756557628889	0.927135306013
1119.0	2.67917783735e+15	-25916.7541115	0.0758591385955	0.926946768387
1122.0	2.67201426025e+15	-25045.8536994	0.0760625143022	0.926758269102
1125.0	2.66488888889e+15	-24179.5980896	0.0762658900089	0.926569808149
1128.0	2.65780141844e+15	-23317.9502223	0.0764692657156	0.92638138552
1131.0	2.6507515473e+15	-22460.8734313	0.0766726414223	0.926193001208
1134.0	2.64373897707e+15	-21608.3314381	0.076876017129	0.926004655205
1137.0	2.63676341249e+15	-20760.2883472	0.0770793928357	0.925816347503
1140.0	2.6298245614e+15	-19916.708641	0.0772827685424	0.925628078095
1143.0	2.62292213473e+15	-19077.5571748	0.0774861442491	0.925439846972
1146.0	2.61605584642e+15	-18242.7991717	0.0776895199558	0.925251654127
1149.0	2.6092254134e+15	-17412.4002183	0.0778928956624	0.925063499551
1152.0	2.60243055556e+15	-16586.3262593	0.0780962713691	0.924875383238
1155.0	2.59567099567e+15	-15764.5435937	0.0782996470758	0.924687305179
1158.0	2.58894645941e+15	-14947.0188694	0.0785030227825	0.924499265367
1161.0	2.58225667528e+15	-14133.719079	0.0787063984892	0.924311263794
1164.0	2.57560137457e+15	-13324.6115556	0.0789097741959	0.924123300452
1167.0	2.56898029135e+15	-12519.6639681	0.0791131499026	0.923935375333
1170.0	2.56239316239e+15	-11718.8443169	0.0793165256093	0.923747488429
1173.0	2.5558397272e+15	-10922.1209299	0.079519901316	0.923559639734
1176.0	2.54931972789e+15	-10129.4624581	0.0797232770227	0.923371829238
1179.0	2.54283290925e+15	-9340.83787173	0.0799266527294	0.923184056934
1182.0	2.53637901861e+15	-8556.21645581	0.080130028436	0.922996322815
1185.0	2.52995780591e+15	-7775.56780656	0.0803334041427	0.922808626873
1188.0	2.52356902357e+15	-6998.86182725	0.0805367798494	0.922620969099
1191.0	2.51721242653e+15	-6226.06872441	0.0807401555561	0.922433349487
1194.0	2.51088777219e+15	-5457.159004	0.0809435312628	0.922245768028
1197.0	2.50459482038e+15	-4692.10346764	0.0811469137285	0.922058218483
1200.0	2.49833333333e+15	-3930.87320898	0.0813503199214	0.921870685204
1203.0	2.49210307564e+15	-3173.43960995	0.0815540564312	0.92168288562
1206.0	2.48590381426e+15	-2419.77433729	0.081759587529	0.92149347059
1209.0	2.47973531844e+15	-1669.84933893	0.0847416419116	0.918749620137
1200.0	2.49833333333e+15	-3930.87320898	0.0813503199214	0.921870685204
