912.0	3.28728070175e+15	-3.08304681475e+13	0.0141467432347	0.985952851736
912.049206954	3.28710334611e+15	-3.08288047795e+13	0.0141497966316	0.985949841235
912.098413908	3.28692600961e+15	-3.0827141591e+13	0.0141528505227	0.985946830256
912.147620862	3.28674869224e+15	-3.08254785819e+13	0.0141559049081	0.985943818799
912.196827816	3.286571394e+15	-3.08238157523e+13	0.0141589597879	0.985940806864
912.246034771	3.28639411489e+15	-3.0822153102e+13	0.0141620151621	0.985937794451
912.295241725	3.2862168549e+15	-3.08204906312e+13	0.0141650710307	0.985934781559
912.344448679	3.28603961403e+15	-3.08188283396e+13	0.0141681273939	0.985931768189
912.393655633	3.28586239228e+15	-3.08171662273e+13	0.0141711842517	0.98592875434
912.442862587	3.28568518965e+15	-3.08155042943e+13	0.014174241604	0.985925740013
912.492069541	3.28550800612e+15	-3.08138425406e+13	0.0141772994511	0.985922725208
912.541276495	3.28533084171e+15	-3.0812180966e+13	0.0141803577929	0.985919709924
912.590483449	3.2851536964e+15	-3.08105195707e+13	0.0141834166294	0.985916694161
912.639690403	3.28497657019e+15	-3.08088583545e+13	0.0141864759608	0.98591367792
912.688897357	3.28479946308e+15	-3.08071973174e+13	0.0141895357871	0.9859106612
912.738104312	3.28462237507e+15	-3.08055364594e+13	0.0141925961084	0.985907644001
912.787311266	3.28444530615e+15	-3.08038757805e+13	0.0141956569246	0.985904626323
912.83651822	3.28426825632e+15	-3.08022152807e+13	0.0141987182359	0.985901608167
912.885725174	3.28409122558e+15	-3.08005549598e+13	0.0142017800423	0.985898589532
912.934932128	3.28391421392e+15	-3.07988948179e+13	0.0142048423438	0.985895570418
912.984139082	3.28373722134e+15	-3.0797234855e+13	0.0142079051406	0.985892550825
913.033346036	3.28356024784e+15	-3.0795575071e+13	0.0142109684326	0.985889530752
913.08255299	3.28338329342e+15	-3.07939154659e+13	0.01421403222	0.985886510201
913.131759944	3.28320635806e+15	-3.07922560397e+13	0.0142170965027	0.985883489171
913.180966899	3.28302944178e+15	-3.07905967923e+13	0.0142201612809	0.985880467661
913.230173853	3.28285254456e+15	-3.07889377237e+13	0.0142232265545	0.985877445673
913.279380807	3.2826756664e+15	-3.07872788339e+13	0.0142262923236	0.985874423204
913.328587761	3.2824988073e+15	-3.07856201228e+13	0.0142293585884	0.985871400257
913.377794715	3.28232196726e+15	-3.07839615905e+13	0.0142324253488	0.98586837683
913.427001669	3.28214514627e+15	-3.07823032368e+13	0.0142354926048	0.985865352924
913.476208623	3.28196834433e+15	-3.07806450618e+13	0.0142385603567	0.985862328539
913.525415577	3.28179156144e+15	-3.07789870655e+13	0.0142416286043	0.985859303674
913.574622531	3.28161479759e+15	-3.07773292477e+13	0.0142446973477	0.985856278329
913.623829485	3.28143805278e+15	-3.07756716086e+13	0.0142477665871	0.985853252505
913.67303644	3.28126132701e+15	-3.0774014148e+13	0.0142508363225	0.985850226201
913.722243394	3.28108462027e+15	-3.07723568659e+13	0.0142539065538	0.985847199417
913.771450348	3.28090793257e+15	-3.07706997623e+13	0.0142569772812	0.985844172154
913.820657302	3.28073126389e+15	-3.07690428371e+13	0.0142600485048	0.985841144411
913.869864256	3.28055461424e+15	-3.07673860904e+13	0.0142631202245	0.985838116188
913.91907121	3.28037798361e+15	-3.07657295221e+13	0.0142661924404	0.985835087485
913.968278164	3.280201372e+15	-3.07640731322e+13	0.0142692651526	0.985832058302
914.017485118	3.28002477941e+15	-3.07624169206e+13	0.0142723383612	0.985829028639
914.066692072	3.27984820583e+15	-3.07607608873e+13	0.0142754120661	0.985825998496
914.115899027	3.27967165126e+15	-3.07591050323e+13	0.0142784862675	0.985822967873
914.165105981	3.27949511569e+15	-3.07574493556e+13	0.0142815609654	0.98581993677
914.214312935	3.27931859913e+15	-3.07557938571e+13	0.0142846361598	0.985816905187
914.263519889	3.27914210157e+15	-3.07541385368e+13	0.0142877118508	0.985813873123
914.312726843	3.27896562301e+15	-3.07524833947e+13	0.0142907880385	0.985810840579
914.361933797	3.27878916344e+15	-3.07508284307e+13	0.0142938647229	0.985807807555
914.411140751	3.27861272287e+15	-3.07491736449e+13	0.014296941904	0.985804774051
914.460347705	3.27843630128e+15	-3.07475190371e+13	0.014300019582	0.985801740066
914.509554659	3.27825989868e+15	-3.07458646074e+13	0.0143030977568	0.9857987056
914.558761614	3.27808351506e+15	-3.07442103558e+13	0.0143061764285	0.985795670654
914.607968568	3.27790715042e+15	-3.07425562821e+13	0.0143092555972	0.985792635228
914.657175522	3.27773080476e+15	-3.07409023864e+13	0.014312335263	0.985789599321
914.706382476	3.27755447807e+15	-3.07392486686e+13	0.0143154154258	0.985786562933
914.75558943	3.27737817035e+15	-3.07375951288e+13	0.0143184960858	0.985783526064
914.804796384	3.27720188159e+15	-3.07359417668e+13	0.0143215772429	0.985780488715
914.854003338	3.2770256118e+15	-3.07342885827e+13	0.0143246588973	0.985777450885
914.903210292	3.27684936097e+15	-3.07326355765e+13	0.014327741049	0.985774412574
914.952417246	3.2766731291e+15	-3.0730982748e+13	0.0143308236981	0.985771373782
915.0016242	3.27649691619e+15	-3.07293300973e+13	0.0143339068445	0.985768334509
915.050831155	3.27632072222e+15	-3.07276776243e+13	0.0143369904884	0.985765294755
915.100038109	3.27614454721e+15	-3.07260253291e+13	0.0143400746298	0.985762254521
915.149245063	3.27596839114e+15	-3.07243732115e+13	0.0143431592688	0.985759213805
915.198452017	3.27579225401e+15	-3.07227212716e+13	0.0143462444054	0.985756172607
915.247658971	3.27561613582e+15	-3.07210695094e+13	0.0143493300397	0.985753130929
915.296865925	3.27544003657e+15	-3.07194179247e+13	0.0143524161717	0.985750088769
915.346072879	3.27526395625e+15	-3.07177665176e+13	0.0143555028014	0.985747046129
915.395279833	3.27508789487e+15	-3.0716115288e+13	0.014358589929	0.985744003006
915.444486787	3.27491185241e+15	-3.0714464236e+13	0.0143616775545	0.985740959403
915.493693742	3.27473582887e+15	-3.07128133614e+13	0.0143647656779	0.985737915318
915.542900696	3.27455982426e+15	-3.07111626643e+13	0.0143678542993	0.985734870751
915.59210765	3.27438383856e+15	-3.07095121447e+13	0.0143709434188	0.985731825703
915.641314604	3.27420787178e+15	-3.07078618024e+13	0.0143740330364	0.985728780174
915.690521558	3.27403192391e+15	-3.07062116375e+13	0.0143771231521	0.985725734162
915.739728512	3.27385599495e+15	-3.07045616499e+13	0.014380213766	0.985722687669
915.788935466	3.27368008489e+15	-3.07029118397e+13	0.0143833048781	0.985719640695
915.83814242	3.27350419374e+15	-3.07012622067e+13	0.0143863964886	0.985716593238
915.887349374	3.27332832149e+15	-3.0699612751e+13	0.0143894885975	0.9857135453
915.936556328	3.27315246813e+15	-3.06979634725e+13	0.0143925812048	0.98571049688
915.985763283	3.27297663367e+15	-3.06963143713e+13	0.0143956743105	0.985707447978
916.034970237	3.2728008181e+15	-3.06946654471e+13	0.0143987679148	0.985704398594
916.084177191	3.27262502142e+15	-3.06930167002e+13	0.0144018620176	0.985701348727
916.133384145	3.27244924362e+15	-3.06913681303e+13	0.0144049566191	0.985698298379
916.182591099	3.2722734847e+15	-3.06897197376e+13	0.0144080517193	0.985695247549
916.231798053	3.27209774467e+15	-3.06880715218e+13	0.0144111473182	0.985692196237
916.281005007	3.2719220235e+15	-3.06864234832e+13	0.0144142434159	0.985689144442
916.330211961	3.27174632121e+15	-3.06847756215e+13	0.0144173400125	0.985686092165
916.379418915	3.27157063779e+15	-3.06831279368e+13	0.0144204371079	0.985683039406
916.42862587	3.27139497324e+15	-3.0681480429e+13	0.0144235347024	0.985679986164
916.477832824	3.27121932755e+15	-3.06798330981e+13	0.0144266327958	0.98567693244
916.527039778	3.27104370072e+15	-3.06781859442e+13	0.0144297313883	0.985673878234
916.576246732	3.27086809274e+15	-3.0676538967e+13	0.0144328304799	0.985670823545
916.625453686	3.27069250362e+15	-3.06748921668e+13	0.0144359300707	0.985667768374
916.67466064	3.27051693335e+15	-3.06732455433e+13	0.0144390301607	0.98566471272
916.723867594	3.27034138193e+15	-3.06715990966e+13	0.0144421307499	0.985661656583
916.773074548	3.27016584936e+15	-3.06699528266e+13	0.0144452318385	0.985658599963
916.822281502	3.26999033563e+15	-3.06683067333e+13	0.0144483334265	0.985655542861
916.871488456	3.26981484073e+15	-3.06666608168e+13	0.014451435514	0.985652485276
917.871488456	3.26625245223e+15	-3.06332501906e+13	0.0145145854555	0.985590243345
918.17451876	3.26517447255e+15	-3.06231401266e+13	0.014533762597	0.985571342723
918.477549063	3.26409720418e+15	-3.06130367337e+13	0.0145529587353	0.98555242374
918.780579366	3.26302064642e+15	-3.06029400054e+13	0.014572173883	0.985533486387
919.083609669	3.26194479856e+15	-3.05928499351e+13	0.0145914080526	0.985514530651
919.386639972	3.2608696599e+15	-3.05827665161e+13	0.0146106612566	0.985495556521
919.689670275	3.25979522974e+15	-3.0572689742e+13	0.0146299335077	0.985476563987
919.992700578	3.25872150737e+15	-3.05626196061e+13	0.0146492248183	0.985457553035
920.295730881	3.25764849211e+15	-3.05525561018e+13	0.0146685352011	0.985438523657
920.598761184	3.25657618325e+15	-3.05424992228e+13	0.0146878646685	0.985419475839
920.901791487	3.25550458009e+15	-3.05324489623e+13	0.0147072132332	0.985400409571
921.20482179	3.25443368194e+15	-3.05224053139e+13	0.0147265809078	0.985381324841
921.507852093	3.2533634881e+15	-3.0512368271e+13	0.0147459677048	0.985362221639
921.810882396	3.25229399788e+15	-3.05023378271e+13	0.0147653736368	0.985343099952
922.113912699	3.25122521059e+15	-3.04923139758e+13	0.0147847987164	0.98532395977
922.416943002	3.25015712552e+15	-3.04822967105e+13	0.0148042429562	0.985304801081
922.719973305	3.249089742e+15	-3.04722860247e+13	0.0148237063694	0.985285623873
923.023003608	3.24802305932e+15	-3.0462281912e+13	0.014843188968	0.985266428135
923.326033911	3.2469570768e+15	-3.04522843659e+13	0.0148626907647	0.985247213857
923.629064214	3.24589179375e+15	-3.04422933799e+13	0.0148822117714	0.985227981027
923.932094517	3.24482720948e+15	-3.04323089476e+13	0.0149017520023	0.985208729633
924.23512482	3.2437633233e+15	-3.04223310625e+13	0.0149213114694	0.985189459664
924.538155123	3.24270013453e+15	-3.04123597181e+13	0.0149408901837	0.98517017111
924.841185426	3.24163764249e+15	-3.04023949082e+13	0.0149604881609	0.985150863957
925.144215729	3.24057584648e+15	-3.03924366261e+13	0.0149801054102	0.985131538196
925.447246032	3.23951474582e+15	-3.03824848656e+13	0.0149997419483	0.985112193813
925.750276335	3.23845433983e+15	-3.03725396202e+13	0.0150193977835	0.9850928308
926.053306638	3.23739462784e+15	-3.03626008835e+13	0.0150390729335	0.985073449142
926.356336941	3.23633560914e+15	-3.03526686491e+13	0.0150587674059	0.985054048831
926.659367244	3.23527728308e+15	-3.03427429107e+13	0.0150784812199	0.98503462985
926.962397547	3.23421964897e+15	-3.03328236619e+13	0.0150982143822	0.985015192194
927.26542785	3.23316270612e+15	-3.03229108963e+13	0.0151179669153	0.984995735841
927.568458153	3.23210645387e+15	-3.03130046076e+13	0.0151377388272	0.984976260784
927.871488456	3.23105089153e+15	-3.03031047894e+13	0.0151575301475	0.984956766996
928.17451876	3.22999601843e+15	-3.02932114353e+13	0.0151773408858	0.984937254469
928.477549063	3.22894183389e+15	-3.02833245391e+13	0.015197171073	0.984917723172
928.780579366	3.22788833725e+15	-3.02734440945e+13	0.0152170207021	0.984898173115
929.083609669	3.22683552783e+15	-3.02635700951e+13	0.0152368897876	0.984878604283
929.386639972	3.22578340495e+15	-3.02537025346e+13	0.0152567783166	0.984859016691
929.689670275	3.22473196794e+15	-3.02438414067e+13	0.0152766862756	0.984839410354
929.992700578	3.22368121614e+15	-3.02339867051e+13	0.0152966137084	0.984819785228
930.295730881	3.22263114887e+15	-3.02241384236e+13	0.0153165606242	0.984800141307
930.598761184	3.22158176547e+15	-3.02142965559e+13	0.0153365270621	0.984780478552
930.901791487	3.22053306527e+15	-3.02044610957e+13	0.0153565130398	0.984760796948
931.20482179	3.21948504759e+15	-3.01946320367e+13	0.0153765186531	0.984741096401
931.507852093	3.21843771179e+15	-3.01848093728e+13	0.0153966590708	0.984721263504
931.810882396	3.21739105718e+15	-3.01749930976e+13	0.015857620748	0.984267449342
932.113912699	3.2163450831e+15	-3.0165183205e+13	0.0159034334373	0.984222358436
932.416943002	3.2152997889e+15	-3.01553796887e+13	0.0159525527811	0.984174015267
932.719973305	3.2142551739e+15	-3.01455825425e+13	0.0160061088843	0.984121308154
933.023003608	3.21321123746e+15	-3.01357917602e+13	0.0160658154209	0.984062551433
933.326033911	3.2121679789e+15	-3.01260073356e+13	0.0161342875551	0.983995172877
933.629064214	3.21112539756e+15	-3.01162292625e+13	0.0162155324261	0.983915231563
933.932094517	3.21008349279e+15	-3.01064575348e+13	0.0163157111012	0.983816669176
934.23512482	3.20904226393e+15	-3.00966921462e+13	0.0164443387859	0.983690131254
934.538155123	3.20800171033e+15	-3.00869330905e+13	0.0166162474251	0.983521040957
934.841185426	3.20696183131e+15	-3.00771803618e+13	0.0168550002495	0.98328625056
935.144215729	3.20592262624e+15	-3.00674339536e+13	0.0171995688608	0.982947499347
935.447246032	3.20488409444e+15	-3.00576938601e+13	0.0177196936122	0.982436376958
935.750276335	3.20384623528e+15	-3.00479600749e+13	0.0185564129229	0.981614697276
936.053306638	3.20280904809e+15	-3.0038232592e+13	0.0200290951827	0.980170154662
936.356336941	3.20177253223e+15	-3.00285114052e+13	0.0228673728388	0.977392103918
936.659367244	3.20073668704e+15	-3.00187965085e+13	0.028513148962	0.971889514724
936.962397547	3.19970151187e+15	-3.00090878958e+13	0.0390067966335	0.961744172502
937.26542785	3.19866700608e+15	-2.99993855608e+13	0.0555199885694	0.945993114432
937.568458153	3.197633169e+15	-2.99896894977e+13	0.0754867297777	0.927292035824
937.871488456	3.1966e+15	-2.99799997002e+13	0.091127922237	0.912900923101
938.17451876	3.19556749843e+15	-2.99703161623e+13	0.0932349988825	0.910979396
938.477549063	3.19453566363e+15	-2.9960638878e+13	0.0787378315623	0.924282210307
938.780579366	3.19350449498e+15	-2.99509678412e+13	0.0540821531911	0.947354275128
939.083609669	3.19247399181e+15	-2.99413030458e+13	0.0299565636225	0.970487687103
939.386639972	3.19144415349e+15	-2.99316444858e+13	0.0133124522732	0.986775766516
939.689670275	3.19041497937e+15	-2.99219921551e+13	0.0047306588944	0.995280513049
939.992700578	3.18938646881e+15	-2.99123460478e+13	0.00134130721598	0.998659591934
940.295730881	3.18835862117e+15	-2.99027061579e+13	0.000302988569545	0.999697057327
940.598761184	3.1873314358e+15	-2.98930724792e+13	5.44701766866e-05	0.999945531307
940.901791487	3.18630491208e+15	-2.98834450059e+13	7.79306488748e-06	0.999992206965
941.20482179	3.18527904936e+15	-2.98738237319e+13	8.92045862691e-07	0.999999107955
941.507852093	3.18425384699e+15	-2.98642086512e+13	8.65406885676e-08	0.999999913459
941.810882396	3.18322930435e+15	-2.98545997579e+13	1.18683638916e-08	0.999999988132
942.113912699	3.1822054208e+15	-2.9844997046e+13	5.35909052142e-09	0.999999994641
942.416943002	3.1811821957e+15	-2.98354005095e+13	4.40935045125e-09	0.999999995591
942.719973305	3.18015962841e+15	-2.98258101425e+13	3.89607889151e-09	0.999999996104
943.023003608	3.17913771831e+15	-2.9816225939e+13	3.48811678597e-09	0.999999996512
943.326033911	3.17811646475e+15	-2.9806647893e+13	3.14954289163e-09	0.99999999685
943.629064214	3.17709586711e+15	-2.97970759988e+13	2.86444126618e-09	0.999999997136
943.932094517	3.17607592476e+15	-2.97875102502e+13	2.62159142446e-09	0.999999997378
944.23512482	3.17505663705e+15	-2.97779506415e+13	2.41511231277e-09	0.999999997585
944.538155123	3.17403800338e+15	-2.97683971666e+13	2.23387744913e-09	0.999999997766
944.841185426	3.17302002309e+15	-2.97588498198e+13	2.0753503229e-09	0.999999997925
945.144215729	3.17200269557e+15	-2.97493085951e+13	1.93572389379e-09	0.999999998064
945.447246032	3.17098602019e+15	-2.97397734865e+13	1.81140512779e-09	0.999999998189
945.750276335	3.16996999633e+15	-2.97302444884e+13	1.70258400727e-09	0.999999998297
946.053306638	3.16895462334e+15	-2.97207215947e+13	1.60370786967e-09	0.999999998396
946.356336941	3.16793990062e+15	-2.97112047995e+13	1.51466865354e-09	0.999999998485
946.659367244	3.16692582753e+15	-2.97016940972e+13	1.43416545873e-09	0.999999998566
946.962397547	3.16591240345e+15	-2.96921894817e+13	1.36115552414e-09	0.999999998639
947.26542785	3.16489962777e+15	-2.96826909473e+13	1.29465059085e-09	0.999999998705
947.568458153	3.16388749985e+15	-2.96731984881e+13	1.23342402049e-09	0.999999998767
947.871488456	3.16287601907e+15	-2.96637120983e+13	1.17652625543e-09	0.999999998823
