912.0	3.28728070175e+15	-3.99645882803e+13	0.0814941061979	0.92173814238
914.85589881	3.2770188222e+15	-3.98398311234e+13	0.0825196958144	0.920793301904
917.711797619	3.26682081213e+15	-3.97158504495e+13	0.0835549352453	0.919840553617
920.567696429	3.25668607711e+15	-3.95926390318e+13	0.0845998857447	0.918879867793
923.423595239	3.24661403007e+15	-3.94701897333e+13	0.0856546193725	0.917911205227
926.279494048	3.23660409117e+15	-3.93484955044e+13	0.0867191533311	0.916934577497
929.135392858	3.22665568769e+15	-3.92275493827e+13	0.0877935972294	0.915949911813
931.991291668	3.21676825396e+15	-3.91073444908e+13	0.0888779945835	0.914957196499
934.847190477	3.20694123119e+15	-3.89878740355e+13	0.089972406639	0.913956404052
937.703089287	3.19717406741e+15	-3.88691313064e+13	0.0910768948661	0.912947507224
940.558988097	3.18746621737e+15	-3.87511096745e+13	0.0921915209227	0.911930479052
943.414886906	3.17781714239e+15	-3.86338025911e+13	0.093316346655	0.910905292869
946.270785716	3.16822631033e+15	-3.85172035865e+13	0.0944514340972	0.909871922304
949.126684526	3.15869319542e+15	-3.8401306269e+13	0.0955968454716	0.908830341289
951.982583335	3.14921727822e+15	-3.82861043234e+13	0.0967526431885	0.90778052406
954.838482145	3.13979804549e+15	-3.81715915104e+13	0.0979188898463	0.906722445168
957.694380955	3.13043499014e+15	-3.80577616647e+13	0.0990956482315	0.905656079478
960.550279764	3.12112761108e+15	-3.79446086946e+13	0.100282981319	0.904581402176
963.406178574	3.11187541317e+15	-3.78321265805e+13	0.10148095246	0.9034983886
966.262077384	3.10267790713e+15	-3.77203093741e+13	0.102689625043	0.902407014559
969.117976193	3.09353460946e+15	-3.76091511972e+13	0.103909079512	0.90130724099
971.973875003	3.0844450423e+15	-3.74986462404e+13	0.105139323193	0.900199095237
974.829773813	3.07540873344e+15	-3.73887887629e+13	0.106380479395	0.899082500624
977.685672622	3.06642521615e+15	-3.72795730904e+13	0.107632593626	0.897957451123
980.541571432	3.05749402916e+15	-3.71709936152e+13	0.108895728646	0.896823925668
983.397470242	3.04861471655e+15	-3.70630447944e+13	0.110169948935	0.895681902175
986.253369051	3.03978682768e+15	-3.69557211495e+13	0.11145531916	0.894531358923
989.109267861	3.03100991712e+15	-3.68490172652e+13	0.112751904176	0.893372274554
991.965166671	3.02228354455e+15	-3.67429277885e+13	0.114059769027	0.892204628086
994.82106548	3.01360727474e+15	-3.6637447428e+13	0.115378978944	0.89102839891
997.67696429	3.00498067742e+15	-3.65325709529e+13	0.116709599346	0.8898435668
1000.5328631	2.99640332723e+15	-3.64282931919e+13	0.118051695841	0.888650111912
1003.38876191	2.98787480368e+15	-3.63246090328e+13	0.119405334537	0.88744801452
1006.24466072	2.97939469101e+15	-3.62215134214e+13	0.120770581901	0.886237255138
1009.10055953	2.9709625782e+15	-3.61190013605e+13	0.122147537893	0.885017785211
1011.95645834	2.96257805886e+15	-3.60170679098e+13	0.123536154103	0.883789688043
1014.81235715	2.95424073119e+15	-3.5915708184e+13	0.124936621491	0.882552835695
1017.66825596	2.94595019787e+15	-3.58149173531e+13	0.126348962749	0.881307249716
1020.52415477	2.93770606604e+15	-3.57146906409e+13	0.12777324462	0.880052913254
1023.38005358	2.92950794724e+15	-3.56150233248e+13	0.129209534215	0.87878980972
1026.23595239	2.92135545732e+15	-3.55159107344e+13	0.130657898833	0.877517922953
1029.0918512	2.91324821639e+15	-3.54173482515e+13	0.132118405965	0.876237237221
1031.94775001	2.90518584878e+15	-3.53193313087e+13	0.133591123285	0.874947737233
1034.80364882	2.89716798296e+15	-3.52218553892e+13	0.135076119005	0.873649407833
1037.65954763	2.88919425149e+15	-3.51249160261e+13	0.13657346109	0.872342234694
1040.51544644	2.88126429095e+15	-3.50285088011e+13	0.138083245855	0.871026179408
1043.37134524	2.87337774194e+15	-3.49326293447e+13	0.139605447693	0.869701310372
1046.22724405	2.86553424893e+15	-3.48372733348e+13	0.141140234208	0.868367528326
1049.08314286	2.8577334603e+15	-3.47424364966e+13	0.142687644297	0.867024846759
1051.93904167	2.84997502824e+15	-3.46481146015e+13	0.144247743575	0.865673256503
1054.79494048	2.8422586087e+15	-3.45543034669e+13	0.145820601224	0.864312745926
1057.65083929	2.83458386135e+15	-3.44609989553e+13	0.147406286612	0.862943303873
1060.5067381	2.82695044952e+15	-3.43681969738e+13	0.149004869727	0.861564919303
1063.36263691	2.81935804017e+15	-3.42758934733e+13	0.150616420303	0.860177582043
1066.21853572	2.81180630383e+15	-3.41840844483e+13	0.152241050904	0.858781245794
1069.07443453	2.80429491452e+15	-3.40927659359e+13	0.153878688754	0.857376024057
1071.93033334	2.79682354977e+15	-3.40019340157e+13	0.155529558126	0.855961775929
1074.78623215	2.78939189052e+15	-3.39115848087e+13	0.157193677129	0.854538538219
1077.64213096	2.78199962109e+15	-3.38217144772e+13	0.15887111472	0.853106304729
1080.49802977	2.77464642914e+15	-3.3732319224e+13	0.160561942326	0.851665067823
1083.35392858	2.76733200564e+15	-3.36433952919e+13	0.162266232687	0.85021481943
1086.20982739	2.76005604479e+15	-3.35549389633e+13	0.16398410338	0.848755514117
1089.0657262	2.752818244e+15	-3.34669465596e+13	0.165715458411	0.847287288364
1091.92162501	2.74561830385e+15	-3.33794144405e+13	0.167460556041	0.845809978725
1094.77752382	2.73845592805e+15	-3.32923390039e+13	0.169219400673	0.844323637889
1097.63342263	2.73133082338e+15	-3.32057166852e+13	0.170992100255	0.842828231573
1100.48932144	2.72424269968e+15	-3.31195439566e+13	0.17277860708	0.841323857373
1103.34522025	2.71719126977e+15	-3.3033817327e+13	0.174579133234	0.839810394688
1106.20111906	2.71017624946e+15	-3.29485333413e+13	0.17639367208	0.838287907826
1109.05701787	2.70319735749e+15	-3.28636885799e+13	0.178222332004	0.836756365087
1111.91291668	2.69625431545e+15	-3.27792796586e+13	0.180065174427	0.835215774928
1114.76881549	2.68934684784e+15	-3.26953032275e+13	0.181922271466	0.833666137544
1117.6247143	2.68247468193e+15	-3.26117559712e+13	0.18379369644	0.83210745285
1120.48061311	2.67563754779e+15	-3.25286346081e+13	0.185679522855	0.830539721335
1123.33651192	2.66883517824e+15	-3.24459358898e+13	0.187579824407	0.828962944064
1126.19241073	2.66206730879e+15	-3.23636566011e+13	0.189494674978	0.827377122687
1129.04830953	2.65533367765e+15	-3.2281793559e+13	0.191424148639	0.825782259439
1131.90420834	2.64863402565e+15	-3.2200343613e+13	0.19336831965	0.824178357144
1134.76010715	2.64196809625e+15	-3.21193036441e+13	0.195327262457	0.822565419222
1137.61600596	2.63533563547e+15	-3.20386705645e+13	0.197301051695	0.82094344969
1140.47190477	2.62873639188e+15	-3.19584413177e+13	0.19928976086	0.819312454253
1143.32780358	2.62217011657e+15	-3.18786128773e+13	0.201293467606	0.817672435968
1146.18370239	2.61563656309e+15	-3.17991822475e+13	0.203312245817	0.816023401747
1149.0396012	2.60913548746e+15	-3.17201464618e+13	0.205346170882	0.814365358037
1151.89550001	2.60266664812e+15	-3.16415025837e+13	0.207395318374	0.812698311901
1154.75139882	2.59622980588e+15	-3.15632477051e+13	0.209459764059	0.811022271021
1157.60729763	2.58982472392e+15	-3.14853789472e+13	0.211539583887	0.809337243705
1160.46319644	2.58345116777e+15	-3.14078934592e+13	0.213634853999	0.807643238886
1163.31909525	2.57710890523e+15	-3.13307884183e+13	0.215745650722	0.805940266131
1166.17499406	2.57079770641e+15	-3.12540610295e+13	0.217872050572	0.804228335639
1169.03089287	2.56451734363e+15	-3.1177708525e+13	0.220014130253	0.802507458249
1171.88679168	2.55826759145e+15	-3.11017281639e+13	0.222171966658	0.800777645438
1174.74269049	2.55204822662e+15	-3.10261172323e+13	0.224345636866	0.799038909331
1177.5985893	2.54585902806e+15	-3.09508730422e+13	0.226535218146	0.797291262699
1180.45448811	2.53969977682e+15	-3.08759929318e+13	0.228740787953	0.795534718964
1183.31038692	2.53357025607e+15	-3.08014742651e+13	0.230962423933	0.793769292203
1186.16628573	2.52747025107e+15	-3.07273144314e+13	0.233200203917	0.79199499715
1189.02218454	2.52139954913e+15	-3.06535108449e+13	0.235454205927	0.7902118492
1191.87808335	2.51535793961e+15	-3.0580060945e+13	0.23772450817	0.788419864409
1194.73398216	2.50934521389e+15	-3.05069621951e+13	0.240011189043	0.786619059503
1195.73398216	2.50724663239e+15	-3.04814490267e+13	0.240815762356	0.785986421336
1196.03701246	2.50661139143e+15	-3.04737261864e+13	0.241059972003	0.785794499305
1196.34004276	2.50597647227e+15	-3.04660072585e+13	0.241304367945	0.785602477784
1196.64307307	2.50534187468e+15	-3.04582922399e+13	0.241548950326	0.785410356755
1196.94610337	2.50470759841e+15	-3.04505811278e+13	0.241793719293	0.785218136199
1197.24913367	2.50407364322e+15	-3.04428739191e+13	0.242038671852	0.785025818562
1197.55216398	2.50344000887e+15	-3.04351706109e+13	0.242283813829	0.784833399368
1197.85519428	2.5028066951e+15	-3.04274712002e+13	0.242529138849	0.784640883714
1198.15822458	2.50217370168e+15	-3.04197756841e+13	0.242774654444	0.784448265786
1198.46125488	2.50154102837e+15	-3.04120840596e+13	0.243020352434	0.784255552099
1198.76428519	2.50090867491e+15	-3.04043963238e+13	0.243266242347	0.784062735277
1199.06731549	2.50027664108e+15	-3.03967124737e+13	0.243512313904	0.783869823475
1199.37034579	2.49964492662e+15	-3.03890325064e+13	0.243758572385	0.78367681265
1199.6733761	2.49901353129e+15	-3.03813564189e+13	0.244005024891	0.783483697333
1199.9764064	2.49838245486e+15	-3.03736842082e+13	0.244251658166	0.78329048801
1200.2794367	2.49775169708e+15	-3.03660158716e+13	0.244498487689	0.783097172651
1200.58246701	2.49712125771e+15	-3.03583514059e+13	0.244745497145	0.782903764132
1200.88549731	2.49649113651e+15	-3.03506908083e+13	0.244992695326	0.782710255664
1201.18852761	2.49586133324e+15	-3.03430340759e+13	0.245240094217	0.782516637967
1201.49155791	2.49523184766e+15	-3.03353812058e+13	0.245487673626	0.78232292694
1201.79458822	2.49460267952e+15	-3.03277321949e+13	0.245735446792	0.782129112324
1202.09761852	2.49397382859e+15	-3.03200870405e+13	0.24598343273	0.781935179349
1202.40064882	2.49334529463e+15	-3.03124457395e+13	0.246231610603	0.781741144418
1202.70367913	2.49271707739e+15	-3.03048082891e+13	0.246480023034	0.781546974318
1203.00670943	2.49208917664e+15	-3.02971746863e+13	0.2467286476	0.781352686695
1203.30973973	2.49146159215e+15	-3.02895449283e+13	0.246977511133	0.781158260698
1203.61277004	2.49083432366e+15	-3.02819190122e+13	0.247226639389	0.780963676342
1203.91580034	2.49020737094e+15	-3.02742969349e+13	0.247475975915	0.780768977846
1204.21883064	2.48958073376e+15	-3.02666786938e+13	0.247725547764	0.780574144202
1204.52186095	2.48895441188e+15	-3.02590642858e+13	0.247975272021	0.780379240241
1204.82489125	2.48832840505e+15	-3.0251453708e+13	0.248225184227	0.780184238311
1205.12792155	2.48770271304e+15	-3.02438469576e+13	0.248475216199	0.779989191693
1205.43095185	2.48707733561e+15	-3.02362440317e+13	0.24872543993	0.779794044303
1205.73398216	2.48645227253e+15	-3.02286449275e+13	0.248975842646	0.779598806201
1206.03701246	2.48582752355e+15	-3.02210496419e+13	0.249226383206	0.779403509546
1206.34004276	2.48520308845e+15	-3.02134581721e+13	0.249477218963	0.779208031794
1206.64307307	2.48457896699e+15	-3.02058705154e+13	0.249728274192	0.779012432098
1206.94610337	2.48395515892e+15	-3.01982866687e+13	0.249979696722	0.778816595441
1207.24913367	2.48333166401e+15	-3.01907066293e+13	0.250231785801	0.778620289027
1207.55216398	2.48270848203e+15	-3.01831303942e+13	0.250970415183	0.778045389549
1207.85519428	2.48208561275e+15	-3.01755579606e+13	0.257884162771	0.772684732582
1208.15822458	2.48146305592e+15	-3.01679893256e+13	0.258453076337	0.772245266776
1208.46125488	2.48084081131e+15	-3.01604244865e+13	0.259051554823	0.77178323287
1208.76428519	2.48021887868e+15	-3.01528634402e+13	0.259686709615	0.771293186696
1209.06731549	2.47959725781e+15	-3.01453061841e+13	0.260368393445	0.770767587769
1209.37034579	2.47897594846e+15	-3.01377527151e+13	0.261109996598	0.770196195994
1209.6733761	2.47835495039e+15	-3.01302030305e+13	0.261930207522	0.769564731663
1209.9764064	2.47773426337e+15	-3.01226571275e+13	0.262854928633	0.768853427839
1210.2794367	2.47711388716e+15	-3.01151150031e+13	0.263920373376	0.768034693232
1210.58246701	2.47649382154e+15	-3.01075766546e+13	0.265176851823	0.767070280202
1210.88549731	2.47587406626e+15	-3.01000420792e+13	0.266694775595	0.765906809243
1211.18852761	2.4752546211e+15	-3.00925112739e+13	0.268573189954	0.764469469277
1211.49155791	2.47463548583e+15	-3.0084984236e+13	0.27095252061	0.762652705831
1211.79458822	2.47401666021e+15	-3.00774609626e+13	0.274035005121	0.76030546021
1212.09761852	2.473398144e+15	-3.00699414509e+13	0.278120364677	0.757205675212
1212.40064882	2.47277993699e+15	-3.00624256981e+13	0.283673748376	0.753012276113
1212.70367913	2.47216203892e+15	-3.00549137014e+13	0.291469425892	0.747164857153
1213.00670943	2.47154444958e+15	-3.00474054579e+13	0.302903094641	0.738670674049
1213.30973973	2.47092716874e+15	-3.00399009649e+13	0.320639178884	0.725685046245
1213.61277004	2.47031019615e+15	-3.00324002195e+13	0.349761310569	0.704856311393
1213.91580034	2.4696935316e+15	-3.0024903219e+13	0.399279399582	0.670803253019
1214.21883064	2.46907717484e+15	-3.00174099604e+13	0.482883450279	0.617001730563
1214.52186095	2.46846112565e+15	-3.00099204411e+13	0.616426428549	0.539870259461
1214.82489125	2.46784538381e+15	-3.00024346582e+13	0.809346637023	0.445148814985
1215.12792155	2.46722994907e+15	-2.9994952609e+13	1.05072614326	0.349683736409
1215.43095185	2.46661482121e+15	-2.99874742906e+13	1.29805530246	0.273062300612
1215.73398216	2.466e+15	-2.99799997002e+13	1.48182427428	0.22722279336
1216.03701246	2.46538548521e+15	-2.99725288351e+13	1.5324505177	0.216005692453
1216.34004276	2.46477127662e+15	-2.99650616925e+13	1.41754051972	0.242309239425
1216.64307307	2.46415737398e+15	-2.99575982695e+13	1.16340151742	0.312421663692
1216.94610337	2.46354377708e+15	-2.99501385635e+13	0.842757083525	0.430521900776
1217.24913367	2.46293048569e+15	-2.99426825716e+13	0.536976212238	0.584513026214
1217.55216398	2.46231749957e+15	-2.99352302911e+13	0.300244494986	0.740637116482
1217.85519428	2.46170481851e+15	-2.99277817192e+13	0.147085303956	0.863220338165
1218.15822458	2.46109244226e+15	-2.99203368531e+13	0.0630671712033	0.938880405844
1218.46125488	2.46048037062e+15	-2.99128956901e+13	0.0236613274727	0.976616406902
1218.76428519	2.45986860334e+15	-2.99054582274e+13	0.00777600516012	0.992254149756
1219.06731549	2.4592571402e+15	-2.98980244622e+13	0.00225150261495	0.997751030116
1219.37034579	2.45864598097e+15	-2.98905943918e+13	0.000587891939958	0.999412280835
1219.6733761	2.45803512543e+15	-2.98831680134e+13	0.000151380850946	0.999848630607
1219.9764064	2.45742457335e+15	-2.98757453244e+13	4.96552597591e-05	0.999950345973
1220.2794367	2.45681432451e+15	-2.98683263218e+13	2.6984343896e-05	0.99997301602
1220.58246701	2.45620437868e+15	-2.98609110031e+13	2.08311601623e-05	0.999979169057
1220.88549731	2.45559473563e+15	-2.98534993653e+13	1.8009280223e-05	0.999981990882
1221.18852761	2.45498539514e+15	-2.98460914059e+13	1.60285670339e-05	0.999983971561
1221.49155791	2.45437635698e+15	-2.98386871221e+13	1.4441612665e-05	0.999985558492
1221.79458822	2.45376762093e+15	-2.98312865111e+13	1.31095154349e-05	0.99998689057
1222.09761852	2.45315918677e+15	-2.98238895701e+13	1.19779483136e-05	0.999988022123
1222.40064882	2.45255105426e+15	-2.98164962966e+13	1.10062592764e-05	0.999988993801
1222.70367913	2.45194322319e+15	-2.98091066877e+13	1.01640412853e-05	0.99998983601
1223.00670943	2.45133569332e+15	-2.98017207407e+13	9.42816448547e-06	0.99999057188
1223.30973973	2.45072846445e+15	-2.97943384529e+13	8.78047974355e-06	0.999991219559
1223.61277004	2.45012153633e+15	-2.97869598216e+13	8.20688197536e-06	0.999991793152
1223.91580034	2.44951490876e+15	-2.9779584844e+13	7.7034833279e-06	0.999992296546
1224.21883064	2.44890858151e+15	-2.97722135175e+13	7.24613512579e-06	0.999992753891
1224.52186095	2.44830255434e+15	-2.97648458394e+13	6.8345518566e-06	0.999993165471
1224.82489125	2.44769682705e+15	-2.97574818068e+13	6.46249825231e-06	0.999993537523
1225.12792155	2.44709139941e+15	-2.97501214172e+13	6.12491512077e-06	0.999993875104
1225.43095185	2.44648627119e+15	-2.97427646678e+13	5.8172976456e-06	0.999994182719
1225.73398216	2.44588144217e+15	-2.9735411556e+13	5.53478404533e-06	0.999994465231
