912.0	3.28728070175e+15	-3.19716705643e+13	0.0266376266376	0.973714025626
912.399870563	3.2858400102e+15	-3.19576585829e+13	0.0266843749278	0.973668507224
912.799741126	3.2844005809e+15	-3.1943658878e+13	0.0267311847225	0.973622931068
913.199611689	3.28296241219e+15	-3.19296714334e+13	0.0267780560756	0.973577297113
913.599482252	3.28152550241e+15	-3.1915696233e+13	0.0268249890411	0.973531605316
913.999352814	3.28008984992e+15	-3.19017332608e+13	0.0268719836728	0.973485855632
914.399223377	3.27865545306e+15	-3.18877825008e+13	0.0269190400249	0.973440048016
914.79909394	3.27722231019e+15	-3.18738439368e+13	0.0269661581513	0.973394182426
915.198964503	3.27579041966e+15	-3.1859917553e+13	0.0270133381061	0.973348258815
915.598835066	3.27435977983e+15	-3.18460033334e+13	0.0270605799432	0.973302277142
915.998705629	3.27293038907e+15	-3.1832101262e+13	0.0271078837169	0.97325623736
916.398576192	3.27150224574e+15	-3.1818211323e+13	0.0271552494813	0.973210139426
916.798446755	3.2700753482e+15	-3.18043335004e+13	0.0272026772904	0.973163983296
917.198317318	3.26864969483e+15	-3.17904677784e+13	0.0272501671984	0.973117768925
917.59818788	3.267225284e+15	-3.17766141412e+13	0.0272977192595	0.97307149627
917.998058443	3.2658021141e+15	-3.17627725731e+13	0.0273453335279	0.973025165285
918.397929006	3.26438018348e+15	-3.17489430581e+13	0.0273930100578	0.972978775928
918.797799569	3.26295949055e+15	-3.17351255807e+13	0.0274407489036	0.972932328153
919.197670132	3.26154003368e+15	-3.17213201251e+13	0.0274885501193	0.972885821916
919.597540695	3.26012181126e+15	-3.17075266756e+13	0.0275364137595	0.972839257174
919.997411258	3.25870482168e+15	-3.16937452165e+13	0.0275843398784	0.972792633881
920.397281821	3.25728906334e+15	-3.16799757323e+13	0.0276323285303	0.972745951994
920.797152384	3.25587453462e+15	-3.16662182073e+13	0.0276803797695	0.972699211469
921.197022946	3.25446123394e+15	-3.16524726259e+13	0.0277284936506	0.97265241226
921.596893509	3.25304915969e+15	-3.16387389727e+13	0.027776670228	0.972605554325
921.996764072	3.25163831027e+15	-3.1625017232e+13	0.0278249095559	0.972558637618
922.396634635	3.25022868409e+15	-3.16113073885e+13	0.027873211689	0.972511662096
922.796505198	3.24882027957e+15	-3.15976094265e+13	0.0279215766818	0.972464627714
923.196375761	3.24741309511e+15	-3.15839233308e+13	0.0279700045886	0.972417534428
923.596246324	3.24600712913e+15	-3.15702490858e+13	0.0280184954641	0.972370382193
923.996116887	3.24460238004e+15	-3.15565866762e+13	0.0280670493629	0.972323170967
924.39598745	3.24319884628e+15	-3.15429360867e+13	0.0281156663394	0.972275900703
924.795858012	3.24179652626e+15	-3.15292973019e+13	0.0281643464484	0.972228571358
925.195728575	3.2403954184e+15	-3.15156703064e+13	0.0282130897444	0.972181182888
925.595599138	3.23899552114e+15	-3.15020550851e+13	0.0282618962821	0.972133735248
925.995469701	3.23759683292e+15	-3.14884516226e+13	0.0283107661162	0.972086228395
926.395340264	3.23619935215e+15	-3.14748599038e+13	0.0283596993013	0.972038662283
926.795210827	3.23480307729e+15	-3.14612799134e+13	0.0284086958923	0.971991036869
927.19508139	3.23340800677e+15	-3.14477116362e+13	0.0284577559438	0.971943352108
927.594951953	3.23201413903e+15	-3.14341550572e+13	0.0285068795107	0.971895607957
927.994822516	3.23062147251e+15	-3.14206101612e+13	0.0285560666476	0.97184780437
928.394693078	3.22923000568e+15	-3.1407076933e+13	0.0286053174096	0.971799941304
928.794563641	3.22783973697e+15	-3.13935553577e+13	0.0286546318513	0.971752018714
929.194434204	3.22645066484e+15	-3.13800454202e+13	0.0287040100276	0.971704036556
929.594304767	3.22506278774e+15	-3.13665471054e+13	0.0287534519935	0.971655994786
929.99417533	3.22367610414e+15	-3.13530603984e+13	0.0288029578039	0.971607893359
930.394045893	3.22229061249e+15	-3.13395852842e+13	0.0288525275137	0.971559732232
930.793916456	3.22090631127e+15	-3.13261217478e+13	0.0289021611778	0.971511511359
931.193787019	3.21952319892e+15	-3.13126697744e+13	0.0289518588512	0.971463230697
931.593657581	3.21814127394e+15	-3.12992293491e+13	0.0290016205891	0.971414890201
931.993528144	3.21676053477e+15	-3.12858004569e+13	0.0290514464463	0.971366489827
932.393398707	3.21538097991e+15	-3.12723830831e+13	0.0291013364779	0.971318029531
932.79326927	3.21400260783e+15	-3.12589772128e+13	0.0291512907391	0.971269509269
933.193139833	3.212625417e+15	-3.12455828313e+13	0.0292013092848	0.971220928995
933.593010396	3.21124940591e+15	-3.12321999238e+13	0.0292513921704	0.971172288666
933.992880959	3.20987457305e+15	-3.12188284756e+13	0.0293015394508	0.971123588238
934.392751522	3.2085009169e+15	-3.12054684718e+13	0.0293517511813	0.971074827667
934.792622085	3.20712843595e+15	-3.1192119898e+13	0.0294020274171	0.971026006907
935.192492647	3.20575712869e+15	-3.11787827393e+13	0.0294523682134	0.970977125915
935.59236321	3.20438699362e+15	-3.11654569812e+13	0.0295027736254	0.970928184646
935.992233773	3.20301802924e+15	-3.1152142609e+13	0.0295532437085	0.970879183057
936.392104336	3.20165023404e+15	-3.11388396082e+13	0.0296037785178	0.970830121102
936.791974899	3.20028360653e+15	-3.11255479642e+13	0.0296543781088	0.970780998738
937.191845462	3.19891814522e+15	-3.11122676625e+13	0.0297050425367	0.97073181592
937.591716025	3.19755384861e+15	-3.10989986885e+13	0.0297557718569	0.970682572604
937.991586588	3.19619071521e+15	-3.10857410277e+13	0.0298065661248	0.970633268745
938.391457151	3.19482874354e+15	-3.10724946658e+13	0.0298574253959	0.9705839043
938.791327713	3.19346793211e+15	-3.10592595882e+13	0.0299083497255	0.970534479224
939.191198276	3.19210827945e+15	-3.10460357806e+13	0.0299593391691	0.970484993472
939.591068839	3.19074978406e+15	-3.10328232285e+13	0.0300103937822	0.970435447001
939.990939402	3.18939244447e+15	-3.10196219176e+13	0.0300615136203	0.970385839766
940.390809965	3.18803625921e+15	-3.10064318336e+13	0.0301126987389	0.970336171723
940.790680528	3.18668122681e+15	-3.09932529621e+13	0.0301639491937	0.970286442828
941.190551091	3.1853273458e+15	-3.09800852889e+13	0.03021526504	0.970236653035
941.590421654	3.18397461471e+15	-3.09669287996e+13	0.0302666463336	0.970186802301
941.990292217	3.18262303208e+15	-3.09537834801e+13	0.0303180931301	0.970136890582
942.390162779	3.18127259643e+15	-3.09406493161e+13	0.0303696054851	0.970086917834
942.790033342	3.17992330633e+15	-3.09275262935e+13	0.0304211834543	0.970036884011
943.189903905	3.1785751603e+15	-3.0914414398e+13	0.0304728270934	0.96998678907
943.589774468	3.1772281569e+15	-3.09013136155e+13	0.0305245364581	0.969936632966
943.989645031	3.17588229466e+15	-3.08882239318e+13	0.0305763116041	0.969886415655
944.389515594	3.17453757215e+15	-3.0875145333e+13	0.0306281525873	0.969836137093
944.789386157	3.17319398792e+15	-3.08620778049e+13	0.0306800594633	0.969785797235
945.18925672	3.17185154051e+15	-3.08490213335e+13	0.0307320322881	0.969735396038
945.589127283	3.17051022849e+15	-3.08359759046e+13	0.0307840711174	0.969684933456
945.988997845	3.16917005042e+15	-3.08229415045e+13	0.0308361760071	0.969634409446
946.388868408	3.16783100486e+15	-3.08099181189e+13	0.0308883470131	0.969583823963
946.788738971	3.16649309038e+15	-3.07969057341e+13	0.0309405841913	0.969533176962
947.188609534	3.16515630554e+15	-3.07839043361e+13	0.0309928875976	0.969482468401
947.588480097	3.16382064891e+15	-3.07709139108e+13	0.031045257288	0.969431698234
947.98835066	3.16248611907e+15	-3.07579344446e+13	0.0310976933185	0.969380866416
948.388221223	3.16115271459e+15	-3.07449659235e+13	0.031150195745	0.969329972905
948.788091786	3.15982043404e+15	-3.07320083336e+13	0.0312027646236	0.969279017654
949.187962349	3.15848927601e+15	-3.07190616612e+13	0.0312554000103	0.969228000621
949.587832911	3.15715923909e+15	-3.07061258925e+13	0.0313081019613	0.96917692176
949.987703474	3.15583032184e+15	-3.06932010137e+13	0.0313608705325	0.969125781028
950.387574037	3.15450252287e+15	-3.0680287011e+13	0.0314137057802	0.96907457838
950.7874446	3.15317584075e+15	-3.06673838707e+13	0.0314666077604	0.969023313772
951.187315163	3.15185027408e+15	-3.06544915792e+13	0.0315195765294	0.96897198716
951.587185726	3.15052582146e+15	-3.06416101227e+13	0.0315726121432	0.968920598498
952.587185726	3.14721848553e+15	-3.06094433973e+13	0.0317055370747	0.968791813353
952.890216029	3.14621763302e+15	-3.0599709234e+13	0.0317459000951	0.968752710779
953.193246332	3.14521741686e+15	-3.05899812598e+13	0.0317863016416	0.968713572462
953.496276635	3.14421783647e+15	-3.0580259469e+13	0.0318267417387	0.968674398383
953.799306938	3.14321889122e+15	-3.05705438555e+13	0.031867220411	0.968635188523
954.102337241	3.14222058052e+15	-3.05608344136e+13	0.0319077376829	0.968595942863
954.405367544	3.14122290376e+15	-3.05511311372e+13	0.0319482935791	0.968556661383
954.708397847	3.14022586034e+15	-3.05414340207e+13	0.0319888881239	0.968517344064
955.01142815	3.13922944965e+15	-3.0531743058e+13	0.0320295213421	0.968477990887
955.314458453	3.13823367109e+15	-3.05220582434e+13	0.0320701932581	0.968438601833
955.617488756	3.13723852407e+15	-3.0512379571e+13	0.0321109038965	0.968399176881
955.920519059	3.13624400798e+15	-3.05027070349e+13	0.0321516532819	0.968359716014
956.223549362	3.13525012221e+15	-3.04930406293e+13	0.0321924414388	0.968320219212
956.526579665	3.13425686618e+15	-3.04833803484e+13	0.0322332683918	0.968280686455
956.829609968	3.13326423928e+15	-3.04737261864e+13	0.03227413417	0.968241117719
957.132640271	3.13227224092e+15	-3.04640781374e+13	0.0323150388032	0.968201512981
957.435670574	3.1312808705e+15	-3.04544361957e+13	0.0323559822933	0.968161872244
957.738700877	3.13029012742e+15	-3.04448003555e+13	0.0323969646895	0.968122195464
958.04173118	3.12930001108e+15	-3.04351706109e+13	0.0324379860088	0.968082482628
958.344761483	3.1283105209e+15	-3.04255469562e+13	0.0324790462586	0.968042733736
958.647791786	3.12732165628e+15	-3.04159293856e+13	0.0325201454964	0.968002948735
958.95082209	3.12633341663e+15	-3.04063178934e+13	0.0325612837101	0.967963127642
959.253852393	3.12534580135e+15	-3.03967124737e+13	0.0326024609673	0.967923270396
959.556882696	3.12435880985e+15	-3.03871131209e+13	0.0326436772751	0.967883376994
959.859912999	3.12337244154e+15	-3.03775198291e+13	0.0326849326252	0.967843447451
960.162943302	3.12238669584e+15	-3.03679325927e+13	0.0327262270717	0.967803481716
960.465973605	3.12140157214e+15	-3.03583514059e+13	0.0327675606807	0.967763479732
960.769003908	3.12041706987e+15	-3.0348776263e+13	0.032808933405	0.967723441549
961.072034211	3.11943318844e+15	-3.03392071583e+13	0.0328503453636	0.967683367056
961.375064514	3.11844992726e+15	-3.0329644086e+13	0.0328917964999	0.967643256312
961.678094817	3.11746728574e+15	-3.03200870405e+13	0.0329332869809	0.967603109161
961.98112512	3.11648526329e+15	-3.0310536016e+13	0.0329748167677	0.967562925644
962.284155423	3.11550385934e+15	-3.03009910069e+13	0.0330163861206	0.967522705515
962.587185726	3.11452307329e+15	-3.02914520075e+13	0.0330579950059	0.967482448812
962.890216029	3.11354290457e+15	-3.02819190122e+13	0.0330996436778	0.967442155292
963.193246332	3.1125633526e+15	-3.02723920151e+13	0.0331413318693	0.967401825218
963.496276635	3.11158441678e+15	-3.02628710108e+13	0.033183059643	0.967361458536
963.799306938	3.11060609654e+15	-3.02533559935e+13	0.0332248266976	0.967321055541
964.102337241	3.1096283913e+15	-3.02438469576e+13	0.0332666327178	0.967280616543
964.405367544	3.10865130047e+15	-3.02343438975e+13	0.0333084781605	0.967240141104
964.708397847	3.10767482349e+15	-3.02248468075e+13	0.0333503629865	0.967199629268
965.01142815	3.10669895977e+15	-3.0215355682e+13	0.0333922873185	0.967159080919
965.314458453	3.10572370873e+15	-3.02058705154e+13	0.0334342517741	0.967118495466
965.617488756	3.1047490698e+15	-3.0196391302e+13	0.0334762569204	0.967077872366
965.920519059	3.1037750424e+15	-3.01869180364e+13	0.0335183077516	0.967037206792
966.223549362	3.10280162596e+15	-3.01774507128e+13	0.0345076658718	0.966080933806
966.526579665	3.10182881989e+15	-3.01679893256e+13	0.0346022984819	0.965989515371
966.829609968	3.10085662364e+15	-3.01585338694e+13	0.0347031241518	0.965892123741
967.132640271	3.09988503662e+15	-3.01490843386e+13	0.0348120884303	0.965786881736
967.435670574	3.09891405825e+15	-3.01396407274e+13	0.0349320904671	0.965670992297
967.738700877	3.09794368798e+15	-3.01302030305e+13	0.0350674787535	0.965540260606
968.04173118	3.09697392523e+15	-3.01207712423e+13	0.0352248079364	0.965388364895
968.344761483	3.09600476942e+15	-3.01113453571e+13	0.0354139810696	0.965205756626
968.647791786	3.09503622e+15	-3.01019253695e+13	0.0356500440314	0.964977934188
968.95082209	3.09406827638e+15	-3.00925112739e+13	0.0359559313966	0.96468280477
969.253852393	3.093100938e+15	-3.00831030648e+13	0.0363670713563	0.964286266643
969.556882696	3.0921342043e+15	-3.00737007367e+13	0.0369395375953	0.963734403287
969.859912999	3.09116807471e+15	-3.00643042841e+13	0.0377665774283	0.962937686051
970.162943302	3.09020254865e+15	-3.00549137014e+13	0.0390177575844	0.961733630929
970.465973605	3.08923762558e+15	-3.00455289832e+13	0.0410409302628	0.959789844693
970.769003908	3.08827330491e+15	-3.00361501239e+13	0.044614110226	0.956366462674
971.072034211	3.08730958609e+15	-3.00267771182e+13	0.0514329158715	0.94986736885
971.375064514	3.08634646855e+15	-3.00174099604e+13	0.0646185661026	0.937424960849
971.678094817	3.08538395173e+15	-3.00080486452e+13	0.088194122337	0.915583124335
971.98112512	3.08442203508e+15	-2.99986931671e+13	0.123913321169	0.883456414533
972.284155423	3.08346071802e+15	-2.99893435206e+13	0.165887780942	0.847141294253
972.587185726	3.0825e+15	-2.99799997002e+13	0.19841612748	0.820028545717
972.890216029	3.08153988046e+15	-2.99706617006e+13	0.203469737635	0.815894894858
973.193246332	3.08058035883e+15	-2.99613295162e+13	0.174674400728	0.839730391866
973.496276635	3.07962143457e+15	-2.99520031417e+13	0.123840186186	0.883521028466
973.799306938	3.07866310711e+15	-2.99426825716e+13	0.0719337800406	0.93059251757
974.102337241	3.0777053759e+15	-2.99333678006e+13	0.0340657395121	0.966507964787
974.405367544	3.07674824037e+15	-2.99240588231e+13	0.0131114693284	0.986974111547
974.708397847	3.07579169998e+15	-2.99147556338e+13	0.0040927305329	0.995915633275
975.01142815	3.07483575417e+15	-2.99054582274e+13	0.00103465312148	0.998965881948
975.314458453	3.07388040238e+15	-2.98961665983e+13	0.000211693951211	0.999788328454
975.617488756	3.07292564407e+15	-2.98868807413e+13	3.51035704384e-05	0.999964897046
975.920519059	3.07197147867e+15	-2.98776006509e+13	4.78831547529e-06	0.999995211696
976.223549362	3.07101790564e+15	-2.98683263218e+13	6.04834028977e-07	0.999999395166
976.526579665	3.07006492443e+15	-2.98590577486e+13	1.3019613938e-07	0.999999869804
976.829609968	3.06911253447e+15	-2.9849794926e+13	7.76311828275e-08	0.999999922369
977.132640271	3.06816073524e+15	-2.98405378486e+13	6.52315333181e-08	0.999999934768
977.435670574	3.06720952617e+15	-2.98312865111e+13	5.75814823642e-08	0.999999942419
977.738700877	3.06625890671e+15	-2.9822040908e+13	5.14773540219e-08	0.999999948523
978.04173118	3.06530887632e+15	-2.98128010342e+13	4.64223777623e-08	0.999999953578
978.344761483	3.06435943445e+15	-2.98035668843e+13	4.21743504316e-08	0.999999957826
978.647791786	3.06341058056e+15	-2.97943384529e+13	3.85611754106e-08	0.999999961439
978.95082209	3.06246231409e+15	-2.97851157348e+13	3.54568375931e-08	0.999999964543
979.253852393	3.06151463451e+15	-2.97758987246e+13	3.28001475402e-08	0.9999999672
979.556882696	3.06056754126e+15	-2.9766687417e+13	3.04498119312e-08	0.99999996955
979.859912999	3.05962103381e+15	-2.97574818068e+13	2.83816676354e-08	0.999999971618
980.162943302	3.05867511161e+15	-2.97482818887e+13	2.65497197129e-08	0.99999997345
980.465973605	3.05772977412e+15	-2.97390876574e+13	2.49105757294e-08	0.999999975089
980.769003908	3.05678502079e+15	-2.97298991076e+13	2.34706737709e-08	0.999999976529
981.072034211	3.05584085109e+15	-2.9720716234e+13	2.21561118933e-08	0.999999977844
981.375064514	3.05489726447e+15	-2.97115390315e+13	2.09678986297e-08	0.999999979032
981.678094817	3.05395426039e+15	-2.97023674947e+13	1.98897854262e-08	0.99999998011
981.98112512	3.05301183832e+15	-2.96932016184e+13	1.89086990496e-08	0.999999981091
982.284155423	3.05206999772e+15	-2.96840413974e+13	1.80126282004e-08	0.999999981987
982.587185726	3.05112873804e+15	-2.96748868264e+13	1.71868345699e-08	0.999999982813
