1100.0	2.72545454545e+15	-31542.7707734	0.0754606930992	0.927316179743
1101.1010101	2.72272931593e+15	-31211.455359	0.0755362227432	0.927246142527
1102.2020202	2.72000953097e+15	-30880.8018588	0.0756117510273	0.927176111861
1103.3030303	2.71729517427e+15	-30550.8082912	0.0756869860035	0.927106358413
1104.4040404	2.7145862296e+15	-30221.4726826	0.0697357055117	0.932640279021
1105.50505051	2.7118826808e+15	-29892.7930671	0.0758383373588	0.926966050227
1106.60606061	2.70918451175e+15	-29564.7674866	0.0759138522712	0.92689605311
1107.70707071	2.70649170641e+15	-29237.3939909	0.0676060772885	0.934628572493
1108.80808081	2.70380424881e+15	-28910.6706376	0.0196402240598	0.980551388651
1109.90909091	2.70112212302e+15	-28584.5954917	0.0761404520533	0.926686042461
1111.01010101	2.69844531321e+15	-28259.1666263	0.072543069444	0.930025690108
1112.11111111	2.69577380358e+15	-27934.3821218	0.070223609086	0.932185351485
1113.21212121	2.6931075784e+15	-27610.2400663	0.0763670367518	0.92647609337
1114.31313131	2.69044662201e+15	-27286.7385555	0.0764425662184	0.926406119768
1115.41414141	2.68779091881e+15	-26963.8756926	0.0612851726503	0.940554980971
1116.51515152	2.68514045325e+15	-26641.6495882	0.0765936224096	0.926266190957
1117.61616162	2.68249520986e+15	-26320.0583604	0.0766691511792	0.926196233853
1118.71717172	2.67985517322e+15	-25999.1001348	0.0754974344959	0.927282109477
1119.81818182	2.67722032798e+15	-25678.7730442	0.0637535094414	0.938236237405
1120.91919192	2.67459065882e+15	-25359.0752289	0.0768957362409	0.925986395396
1122.02020202	2.67196615052e+15	-25040.0048364	0.0769712641878	0.925916460186
1123.12121212	2.6693467879e+15	-24721.5600215	0.0662210365155	0.935923968054
1124.22222222	2.66673255584e+15	-24403.7389461	0.0734057463126	0.929223724427
1125.32323232	2.66412343928e+15	-24086.5397796	0.0771978487451	0.925706685581
1126.42424242	2.66151942322e+15	-23769.9606983	0.0772733779051	0.925636770373
1127.52525253	2.65892049272e+15	-23453.9998856	0.0641923871477	0.937824556782
1128.62626263	2.6563266329e+15	-23138.6555321	0.0774244338911	0.925496957958
1129.72727273	2.65373782892e+15	-22823.9258356	0.0774999572759	0.925427063935
1130.82828283	2.65115406603e+15	-22509.8090005	0.0775754898479	0.925357166688
1131.92929293	2.64857532951e+15	-22196.3032386	0.0667403198541	0.935438084498
1133.03030303	2.64600160471e+15	-21883.4067685	0.0777265447785	0.925217397482
1134.13131313	2.64343287703e+15	-21571.1178157	0.0623159050951	0.939586019892
1135.23232323	2.64086913194e+15	-21259.4346125	0.0692855757817	0.933060182636
1136.33333333	2.63831035494e+15	-20948.3553982	0.0779531284081	0.925007782115
1137.43434343	2.63575653162e+15	-20637.8784188	0.0780286559134	0.924937921223
1138.53535354	2.63320764761e+15	-20328.0019272	0.0743402837784	0.928355735689
1139.63636364	2.63066368858e+15	-20018.724183	0.0781797114321	0.924798214797
1140.73737374	2.62812464027e+15	-19710.0434525	0.0782552396897	0.924728369037
1141.83838384	2.62559048849e+15	-19401.9580088	0.0783307657917	0.924658530545
1142.93939394	2.62306121908e+15	-19094.4661313	0.0784062938417	0.924588695527
1144.04040404	2.62053681794e+15	-18787.5661065	0.0784818219387	0.924518865739
1145.14141414	2.61801727104e+15	-18481.2562272	0.0785573490026	0.924449042181
1146.24242424	2.61550256437e+15	-18175.5347929	0.0786328756998	0.924379224234
1147.34343434	2.61299268402e+15	-17870.4001094	0.0787084027122	0.92430941127
1148.44444444	2.6104876161e+15	-17565.8504893	0.0787838554211	0.924239672252
1149.54545455	2.60798734678e+15	-17261.8842514	0.0788594569134	0.924169800995
1150.64646465	2.60549186228e+15	-16958.4997211	0.0789349835968	0.92410000415
1151.74747475	2.60300114889e+15	-16655.6952301	0.0790105110365	0.924030211879
1152.84848485	2.60051519293e+15	-16353.4691167	0.079086038078	0.923960425246
1153.94949495	2.59803398079e+15	-16051.8197252	0.079161563953	0.923890644962
1155.05050505	2.59555749891e+15	-15750.7454064	0.0792370892702	0.923820870462
1156.15151515	2.59308573376e+15	-15450.2445175	0.0793126171132	0.9237510989
1157.25252525	2.59061867188e+15	-15150.3154216	0.0793881431989	0.92368133423
1158.35353535	2.58815629987e+15	-14850.9564885	0.0794636702163	0.923611573968
1159.45454545	2.58569860436e+15	-14552.1660937	0.0782465291401	0.924736423965
1160.55555556	2.58324557204e+15	-14253.9426191	0.0796147225674	0.923472070805
1161.65656566	2.58079718966e+15	-13956.2844529	0.0796902463798	0.923402329307
1162.75757576	2.57835344401e+15	-13659.1899892	0.0734202154782	0.929210279432
1163.85858586	2.57591432192e+15	-13362.6576281	0.0798412996719	0.923262856879
1164.95959596	2.57347981029e+15	-13066.685776	0.0799168253904	0.923193129422
1166.06060606	2.57104989605e+15	-12771.272845	0.0711669858302	0.931306364176
1167.16161616	2.5686245662e+15	-12476.4172535	0.0800678769034	0.923053690234
1168.26262626	2.56620380778e+15	-12182.1174257	0.0801433784493	0.922984000884
1169.36363636	2.56378760787e+15	-11888.3717918	0.0802189283485	0.92291427217
1170.46464646	2.56137595361e+15	-11595.1787879	0.0714357515628	0.931056094572
1171.56565657	2.55896883218e+15	-11302.5368559	0.080369978524	0.922774876336
1172.66666667	2.55656623081e+15	-11010.4444435	0.0804455025422	0.922705187301
1173.76767677	2.5541681368e+15	-10718.9000045	0.0716373433369	0.93086842024
1174.86868687	2.55177453745e+15	-10427.9019983	0.0805965168379	0.922565856147
1175.96969697	2.54938542016e+15	-10137.44889	0.080672078599	0.92249614808
1177.07070707	2.54700077233e+15	-9847.53915066	0.080747603003	0.922426479739
1178.17171717	2.54462058145e+15	-9558.17125684	0.0694666875349	0.932891209773
1179.27272727	2.54224483503e+15	-9269.34369091	0.0808986527535	0.922287157972
1180.37373737	2.53987352063e+15	-8981.05494088	0.0809741779401	0.922217504693
1181.47474747	2.53750662586e+15	-8693.30350039	0.0810497033826	0.922147856438
1182.57575758	2.53514413837e+15	-8406.08786868	0.0721748613472	0.93036819615
1183.67676768	2.53278604588e+15	-8119.40655061	0.0812007535918	0.922008576331
1184.77777778	2.53043233612e+15	-7833.25805654	0.0812762793107	0.9219389436
1185.87878788	2.52808299688e+15	-7547.64090242	0.0748800604281	0.927854766158
1186.97979798	2.52573801602e+15	-7262.55360967	0.0814273301999	0.921799694419
1188.08080808	2.5233973814e+15	-6977.99470521	0.0815019115365	0.92173094793
1189.18181818	2.52106108096e+15	-6693.96272139	0.0815783859228	0.921660461817
1190.28282828	2.51872910267e+15	-6410.45619602	0.0816539156251	0.921590851705
1191.38383838	2.51640143454e+15	-6127.4736723	0.0817294267261	0.921521263993
1192.48484848	2.51407806465e+15	-5845.01369881	0.0818049792232	0.92145164339
1193.58585859	2.51175898109e+15	-5563.07482949	0.0818805147785	0.921382043657
1194.68686869	2.50944417201e+15	-5281.65562361	0.0819560521079	0.921312447547
1195.78787879	2.50713362561e+15	-5000.75464574	0.0820315967868	0.921242849923
1196.88888889	2.50482733012e+15	-4720.37046574	0.0821071470233	0.921173252436
1197.98989899	2.50252527382e+15	-4440.50165872	0.0821827047064	0.921103653349
1199.09090909	2.50022744503e+15	-4161.14680504	0.0822582731251	0.921034049633
1200.19191919	2.49793383213e+15	-3882.30449024	0.0823338576115	0.920964436378
1201.29292929	2.49564442352e+15	-3603.97330508	0.08240946431	0.92089480793
1202.39393939	2.49335920764e+15	-3326.15184545	0.08248510346	0.920825154863
1203.49494949	2.491078173e+15	-3048.83871239	0.0825607954198	0.920755458441
1204.5959596	2.48880130812e+15	-2772.03251206	0.0826365660041	0.920685694904
1205.6969697	2.48652860159e+15	-2495.73185572	0.0827124901826	0.920615795253
1206.7979798	2.48426004202e+15	-2219.93535967	0.082788864177	0.920545486832
1207.8989899	2.48199561807e+15	-1944.64164528	0.0852399044966	0.918291955604
1209.0	2.47973531844e+15	-1669.84933893	0.0857500837118	0.917823581623
1210.0	2.47768595041e+15	-1420.70070312	0.0864329479837	0.917197046634
