912.0	3.28728070175e+15	-3.99645882803e+13	0.0990631896799	0.90568547624
914.85589881	3.2770188222e+15	-3.98398311234e+13	0.100309883251	0.904557067516
917.711797619	3.26682081213e+15	-3.97158504495e+13	0.101568307016	0.903419467346
920.567696429	3.25668607711e+15	-3.95926390318e+13	0.102838535237	0.902272646959
923.423595239	3.24661403007e+15	-3.94701897333e+13	0.104120653	0.901116568445
926.279494048	3.23660409117e+15	-3.93484955044e+13	0.105414690686	0.899951243795
929.135392858	3.22665568769e+15	-3.92275493827e+13	0.106720770934	0.898776602506
931.991291668	3.21676825396e+15	-3.91073444908e+13	0.108038950468	0.897592634096
934.847190477	3.20694123119e+15	-3.89878740355e+13	0.109369303745	0.896399312739
937.703089287	3.19717406741e+15	-3.88691313064e+13	0.110711905306	0.895196613177
940.558988097	3.18746621737e+15	-3.87511096745e+13	0.112066830463	0.893984510106
943.414886906	3.17781714239e+15	-3.86338025911e+13	0.113434154214	0.892762979156
946.270785716	3.16822631033e+15	-3.85172035865e+13	0.114813951969	0.89153199625
949.126684526	3.15869319542e+15	-3.8401306269e+13	0.116206299364	0.890291537773
951.982583335	3.14921727822e+15	-3.82861043234e+13	0.117611272265	0.889041580572
954.838482145	3.13979804549e+15	-3.81715915104e+13	0.119028946764	0.887782101971
957.694380955	3.13043499014e+15	-3.80577616647e+13	0.120459399185	0.886513079769
960.550279764	3.12112761108e+15	-3.79446086946e+13	0.121902706078	0.885234492248
963.406178574	3.11187541317e+15	-3.78321265805e+13	0.123358944412	0.883946318018
966.262077384	3.10267790713e+15	-3.77203093741e+13	0.124828191234	0.882648536314
969.117976193	3.09353460946e+15	-3.76091511972e+13	0.12631054065	0.881341112041
971.973875003	3.0844450423e+15	-3.74986462404e+13	0.12780601384	0.880024075079
974.829773813	3.07540873344e+15	-3.73887887629e+13	0.129314747771	0.878697353983
977.685672622	3.06642521615e+15	-3.72795730904e+13	0.13083680181	0.877360946427
980.541571432	3.05749402916e+15	-3.71709936152e+13	0.132372252579	0.876014835594
983.397470242	3.04861471655e+15	-3.70630447944e+13	0.133921178459	0.874659003857
986.253369051	3.03978682768e+15	-3.69557211495e+13	0.135483658059	0.873293434121
989.109267861	3.03100991712e+15	-3.68490172652e+13	0.137059770216	0.87191810984
991.965166671	3.02228354455e+15	-3.67429277885e+13	0.138649593996	0.870533015015
994.82106548	3.01360727474e+15	-3.6637447428e+13	0.140253208694	0.869138134203
997.67696429	3.00498067742e+15	-3.65325709529e+13	0.141870693832	0.86773345252
1000.5328631	2.99640332723e+15	-3.64282931919e+13	0.143502129162	0.866318955652
1003.38876191	2.98787480368e+15	-3.63246090328e+13	0.145147594976	0.864894629587
1006.24466072	2.97939469101e+15	-3.62215134214e+13	0.146807171966	0.863460460748
1009.10055953	2.9709625782e+15	-3.61190013605e+13	0.148480974287	0.862016407491
1011.95645834	2.96257805886e+15	-3.60170679098e+13	0.150168968074	0.860562556542
1014.81235715	2.95424073119e+15	-3.5915708184e+13	0.151871358374	0.859098789498
1017.66825596	2.94595019787e+15	-3.58149173531e+13	0.153588182362	0.857625133454
1020.52415477	2.93770606604e+15	-3.57146906409e+13	0.155319521204	0.856141578387
1023.38005358	2.92950794724e+15	-3.56150233248e+13	0.157065456483	0.854648114727
1026.23595239	2.92135545732e+15	-3.55159107344e+13	0.158826070008	0.853144733522
1029.0918512	2.91324821639e+15	-3.54173482515e+13	0.160601443816	0.851631426448
1031.94775001	2.90518584878e+15	-3.53193313087e+13	0.162391660174	0.850108185809
1034.80364882	2.89716798296e+15	-3.52218553892e+13	0.164196801922	0.848575004254
1037.65954763	2.88919425149e+15	-3.51249160261e+13	0.166016951699	0.847031875438
1040.51544644	2.88126429095e+15	-3.50285088011e+13	0.167852220472	0.845478769907
1043.37134524	2.87337774194e+15	-3.49326293447e+13	0.16970259758	0.843915761868
1046.22724405	2.86553424893e+15	-3.48372733348e+13	0.171568265218	0.842342763345
1049.08314286	2.8577334603e+15	-3.47424364966e+13	0.173449277175	0.840759795792
1051.93904167	2.84997502824e+15	-3.46481146015e+13	0.17534571395	0.839166858926
1054.79494048	2.8422586087e+15	-3.45543034669e+13	0.177257659637	0.837563950295
1057.65083929	2.83458386135e+15	-3.44609989553e+13	0.179185198561	0.835951068125
1060.5067381	2.82695044952e+15	-3.43681969738e+13	0.181128415704	0.834328210972
1063.36263691	2.81935804017e+15	-3.42758934733e+13	0.183087395836	0.832695378448
1066.21853572	2.81180630383e+15	-3.41840844483e+13	0.18506226651	0.8310525355
1069.07443453	2.80429491452e+15	-3.40927659359e+13	0.187052970362	0.829399801614
1071.93033334	2.79682354977e+15	-3.40019340157e+13	0.189059746506	0.82773705082
1074.78623215	2.78939189052e+15	-3.39115848087e+13	0.191082628356	0.826064328994
1077.64213096	2.78199962109e+15	-3.38217144772e+13	0.193121700113	0.824381640695
1080.49802977	2.77464642914e+15	-3.3732319224e+13	0.19517704848	0.822688989326
1083.35392858	2.76733200564e+15	-3.36433952919e+13	0.197248761517	0.820986378091
1086.20982739	2.76005604479e+15	-3.35549389633e+13	0.199336972062	0.81927377444
1089.0657262	2.752818244e+15	-3.34669465596e+13	0.201441599872	0.817551321268
1091.92162501	2.74561830385e+15	-3.33794144405e+13	0.203562918261	0.815818872803
1094.77752382	2.73845592805e+15	-3.32923390039e+13	0.205700947255	0.814076491694
1097.63342263	2.73133082338e+15	-3.32057166852e+13	0.207855810249	0.812324157086
1100.48932144	2.72424269968e+15	-3.31195439566e+13	0.210027475349	0.810561975191
1103.34522025	2.71719126977e+15	-3.3033817327e+13	0.212216169954	0.808789842605
1106.20111906	2.71017624946e+15	-3.29485333413e+13	0.214421903238	0.80700783397
1109.05701787	2.70319735749e+15	-3.28636885799e+13	0.216644799195	0.805215931862
1111.91291668	2.69625431545e+15	-3.27792796586e+13	0.218884934997	0.803414157688
1114.76881549	2.68934684784e+15	-3.26953032275e+13	0.221142398529	0.801602525142
1117.6247143	2.68247468193e+15	-3.26117559712e+13	0.223417278916	0.799781047886
1120.48061311	2.67563754779e+15	-3.25286346081e+13	0.225709665513	0.797949740366
1123.33651192	2.66883517824e+15	-3.24459358898e+13	0.228019647901	0.796108617819
1126.19241073	2.66206730879e+15	-3.23636566011e+13	0.230347315892	0.794257696273
1129.04830953	2.65533367765e+15	-3.2281793559e+13	0.232692759525	0.792396992557
1131.90420834	2.64863402565e+15	-3.2200343613e+13	0.235056069069	0.7905265243
1134.76010715	2.64196809625e+15	-3.21193036441e+13	0.237437335021	0.788646309937
1137.61600596	2.63533563547e+15	-3.20386705645e+13	0.239836648106	0.786756368713
1140.47190477	2.62873639188e+15	-3.19584413177e+13	0.242254099279	0.784856720685
1143.32780358	2.62217011657e+15	-3.18786128773e+13	0.244689779721	0.782947386728
1146.18370239	2.61563656309e+15	-3.17991822475e+13	0.247143780846	0.781028388536
1149.0396012	2.60913548746e+15	-3.17201464618e+13	0.249616194292	0.779099748626
1151.89550001	2.60266664812e+15	-3.16415025837e+13	0.252107111929	0.777161490345
1154.75139882	2.59622980588e+15	-3.15632477051e+13	0.254616625853	0.775213637867
1157.60729763	2.58982472392e+15	-3.14853789472e+13	0.257144828391	0.773256216202
1160.46319644	2.58345116777e+15	-3.14078934592e+13	0.259691812096	0.771289251196
1163.31909525	2.57710890523e+15	-3.13307884183e+13	0.262257669754	0.769312769535
1166.17499406	2.57079770641e+15	-3.12540610295e+13	0.264842494374	0.767326798746
1169.03089287	2.56451734363e+15	-3.1177708525e+13	0.267446379197	0.765331367205
1171.88679168	2.55826759145e+15	-3.11017281639e+13	0.270069417693	0.763326504132
1174.74269049	2.55204822662e+15	-3.10261172323e+13	0.272711703559	0.761312239603
1177.5985893	2.54585902806e+15	-3.09508730422e+13	0.275373330722	0.759288604542
1180.45448811	2.53969977682e+15	-3.08759929318e+13	0.278054393335	0.757255630735
1183.31038692	2.53357025607e+15	-3.08014742651e+13	0.280754985784	0.755213350821
1186.16628573	2.52747025107e+15	-3.07273144314e+13	0.283475202678	0.753161798304
1189.02218454	2.52139954913e+15	-3.06535108449e+13	0.286215138861	0.751101007548
1191.87808335	2.51535793961e+15	-3.0580060945e+13	0.2889748894	0.749031013784
1194.73398216	2.50934521389e+15	-3.05069621951e+13	0.291754549594	0.74695185311
1195.73398216	2.50724663239e+15	-3.04814490267e+13	0.292732578628	0.74622166964
1196.03701246	2.50661139143e+15	-3.04737261864e+13	0.293029436606	0.746000180661
1196.34004276	2.50597647227e+15	-3.04660072585e+13	0.293326520911	0.745778588633
1196.64307307	2.50534187468e+15	-3.04582922399e+13	0.293623831705	0.745556893567
1196.94610337	2.50470759841e+15	-3.04505811278e+13	0.293921369158	0.745335095465
1197.24913367	2.50407364322e+15	-3.04428739191e+13	0.2942191303	0.745113196674
1197.55216398	2.50344000887e+15	-3.04351706109e+13	0.294517120968	0.744891192974
1197.85519428	2.5028066951e+15	-3.04274712002e+13	0.294815334819	0.744669089222
1198.15822458	2.50217370168e+15	-3.04197756841e+13	0.295113779391	0.744446879934
1198.46125488	2.50154102837e+15	-3.04120840596e+13	0.29541244654	0.744224571307
1198.76428519	2.50090867491e+15	-3.04043963238e+13	0.295711345797	0.744002156377
1199.06731549	2.50027664108e+15	-3.03967124737e+13	0.296010466921	0.743779642896
1199.37034579	2.49964492662e+15	-3.03890325064e+13	0.296309815205	0.743557027058
1199.6733761	2.49901353129e+15	-3.03813564189e+13	0.296609397758	0.74333430371
1199.9764064	2.49838245486e+15	-3.03736842082e+13	0.296909201365	0.743111482807
1200.2794367	2.49775169708e+15	-3.03660158716e+13	0.297209241502	0.742888552981
1200.58246701	2.49712125771e+15	-3.03583514059e+13	0.2975095019	0.742665526454
1200.88549731	2.49649113651e+15	-3.03506908083e+13	0.297809991358	0.742442396818
1201.18852761	2.49586133324e+15	-3.03430340759e+13	0.29811072186	0.742219155312
1201.49155791	2.49523184766e+15	-3.03353812058e+13	0.298411673269	0.74199581702
1201.79458822	2.49460267952e+15	-3.03277321949e+13	0.298712858821	0.741772372252
1202.09761852	2.49397382859e+15	-3.03200870405e+13	0.299014297523	0.741548807048
1202.40064882	2.49334529463e+15	-3.03124457395e+13	0.299315968584	0.741325136971
1202.70367913	2.49271707739e+15	-3.03048082891e+13	0.299617914621	0.741101330575
1203.00670943	2.49208917664e+15	-3.02971746863e+13	0.299920113127	0.740877404697
1203.30973973	2.49146159215e+15	-3.02895449283e+13	0.300222591044	0.740653339532
1203.61277004	2.49083432366e+15	-3.02819190122e+13	0.300525374043	0.74042911624
1203.91580034	2.49020737094e+15	-3.02742969349e+13	0.30082840583	0.740204776674
1204.21883064	2.48958073376e+15	-3.02666786938e+13	0.301131713635	0.739980300832
1204.52186095	2.48895441188e+15	-3.02590642858e+13	0.301435214358	0.739755750353
1204.82489125	2.48832840505e+15	-3.0251453708e+13	0.301738943767	0.739531098895
1205.12792155	2.48770271304e+15	-3.02438469576e+13	0.302042833262	0.739306397307
1205.43095185	2.48707733561e+15	-3.02362440317e+13	0.302346955807	0.73908159175
1205.73398216	2.48645227253e+15	-3.02286449275e+13	0.302651297416	0.738856692694
1206.03701246	2.48582752355e+15	-3.02210496419e+13	0.30295581804	0.738631729847
1206.34004276	2.48520308845e+15	-3.02134581721e+13	0.303260675599	0.738406586701
1206.64307307	2.48457896699e+15	-3.02058705154e+13	0.303565793053	0.738181320331
1206.94610337	2.48395515892e+15	-3.01982866687e+13	0.303871321828	0.737955819147
1207.24913367	2.48333166401e+15	-3.01907066293e+13	0.304177602454	0.737729832186
1207.55216398	2.48270848203e+15	-3.01831303942e+13	0.306670053777	0.735893366092
1207.85519428	2.48208561275e+15	-3.01755579606e+13	0.313502401086	0.73088262409
1208.15822458	2.48146305592e+15	-3.01679893256e+13	0.314195981233	0.730375874167
1208.46125488	2.48084081131e+15	-3.01604244865e+13	0.314925989247	0.729842888492
1208.76428519	2.48021887868e+15	-3.01528634402e+13	0.315701253222	0.729277286867
1209.06731549	2.47959725781e+15	-3.01453061841e+13	0.316533990263	0.728670243445
1209.37034579	2.47897594846e+15	-3.01377527151e+13	0.317440858858	0.728009734828
1209.6733761	2.47835495039e+15	-3.01302030305e+13	0.318445080241	0.727279018847
1209.9764064	2.47773426337e+15	-3.01226571275e+13	0.319578858707	0.726454912822
1210.2794367	2.47711388716e+15	-3.01151150031e+13	0.320887187337	0.725505092535
1210.58246701	2.47649382154e+15	-3.01075766546e+13	0.322432629615	0.724384732241
1210.88549731	2.47587406626e+15	-3.01000420792e+13	0.324302766628	0.723031299489
1211.18852761	2.4752546211e+15	-3.00925112739e+13	0.326620856734	0.721357188906
1211.49155791	2.47463548583e+15	-3.0084984236e+13	0.329561847091	0.719238800976
1211.79458822	2.47401666021e+15	-3.00774609626e+13	0.333378208992	0.716499156481
1212.09761852	2.473398144e+15	-3.00699414509e+13	0.338445358045	0.712877731358
1212.40064882	2.47277993699e+15	-3.00624256981e+13	0.345349096765	0.707973159184
1212.70367913	2.47216203892e+15	-3.00549137014e+13	0.355071309873	0.701123444402
1213.00670943	2.47154444958e+15	-3.00474054579e+13	0.36939253778	0.691154053117
1213.30973973	2.47092716874e+15	-3.00399009649e+13	0.391716127939	0.675895954708
1213.61277004	2.47031019615e+15	-3.00324002195e+13	0.428500408904	0.651485324159
1213.91580034	2.4696935316e+15	-3.0024903219e+13	0.491058162238	0.611978478928
1214.21883064	2.46907717484e+15	-3.00174099604e+13	0.596259266235	0.550868438889
1214.52186095	2.46846112565e+15	-3.00099204411e+13	0.763027565591	0.466252677417
1214.82489125	2.46784538381e+15	-3.00024346582e+13	1.00144970326	0.367346511536
1215.12792155	2.46722994907e+15	-2.9994952609e+13	1.29589890599	0.273651766527
1215.43095185	2.46661482121e+15	-2.99874742906e+13	1.59246801465	0.203422940891
1215.73398216	2.466e+15	-2.99799997002e+13	1.80630582769	0.164259821446
1216.03701246	2.46538548521e+15	-2.99725288351e+13	1.85537760713	0.156393876081
1216.34004276	2.46477127662e+15	-2.99650616925e+13	1.70477494498	0.181813299568
1216.64307307	2.46415737398e+15	-2.99575982695e+13	1.39027378587	0.249007120666
1216.94610337	2.46354377708e+15	-2.99501385635e+13	1.00122963523	0.367427361652
1217.24913367	2.46293048569e+15	-2.99426825716e+13	0.634609475888	0.530142481319
1217.55216398	2.46231749957e+15	-2.99352302911e+13	0.353203649007	0.702434128798
1217.85519428	2.46170481851e+15	-2.99277817192e+13	0.172346613786	0.841687382152
1218.15822458	2.46109244226e+15	-2.99203368531e+13	0.073654118886	0.928992959398
1218.46125488	2.46048037062e+15	-2.99128956901e+13	0.0275570608642	0.972819171067
1218.76428519	2.45986860334e+15	-2.99054582274e+13	0.00903403402579	0.991006650253
1219.06731549	2.4592571402e+15	-2.98980244622e+13	0.00260790324373	0.997395494382
1219.37034579	2.45864598097e+15	-2.98905943918e+13	0.000676414098469	0.999323814618
1219.6733761	2.45803512543e+15	-2.98831680134e+13	0.00017064601591	0.999829368543
1219.9764064	2.45742457335e+15	-2.98757453244e+13	5.33205760817e-05	0.999946680845
1220.2794367	2.45681432451e+15	-2.98683263218e+13	2.75826047938e-05	0.999972417776
1220.58246701	2.45620437868e+15	-2.98609110031e+13	2.09034347832e-05	0.999979096784
1220.88549731	2.45559473563e+15	-2.98534993653e+13	1.80016730234e-05	0.999981998489
1221.18852761	2.45498539514e+15	-2.98460914059e+13	1.6009876991e-05	0.999983990251
1221.49155791	2.45437635698e+15	-2.98386871221e+13	1.44219879413e-05	0.999985578116
1221.79458822	2.45376762093e+15	-2.98312865111e+13	1.30905580041e-05	0.999986909528
1222.09761852	2.45315918677e+15	-2.98238895701e+13	1.19597168945e-05	0.999988040355
1222.40064882	2.45255105426e+15	-2.98164962966e+13	1.09888226485e-05	0.999989011238
1222.70367913	2.45194322319e+15	-2.98091066877e+13	1.01474106423e-05	0.999989852641
1223.00670943	2.45133569332e+15	-2.98017207407e+13	9.41232319945e-06	0.999990587721
1223.30973973	2.45072846445e+15	-2.97943384529e+13	8.76539666899e-06	0.999991234642
1223.61277004	2.45012153633e+15	-2.97869598216e+13	8.19251817043e-06	0.999991807515
1223.91580034	2.44951490876e+15	-2.9779584844e+13	7.68978262593e-06	0.999992310247
1224.21883064	2.44890858151e+15	-2.97722135175e+13	7.23306993142e-06	0.999992766956
1224.52186095	2.44830255434e+15	-2.97648458394e+13	6.82208366944e-06	0.99999317794
1224.82489125	2.44769682705e+15	-2.97574818068e+13	6.45059605473e-06	0.999993549425
1225.12792155	2.44709139941e+15	-2.97501214172e+13	6.11349303886e-06	0.999993886526
1225.43095185	2.44648627119e+15	-2.97427646678e+13	5.80639621516e-06	0.999994193621
1225.73398216	2.44588144217e+15	-2.9735411556e+13	5.52432632122e-06	0.999994475689
