1200.0	2.49833333333e+15	-3930.87320898	0.0823205050076	0.920976733733
1200.2020202	2.49791280929e+15	-3879.74867216	0.082334398596	0.92096393815
1200.4040404	2.49749242679e+15	-3828.6413432	0.0823482696075	0.920951163538
1200.60606061	2.49707218576e+15	-3777.55121341	0.0823621412078	0.92093838856
1200.80808081	2.49665208614e+15	-3726.47827411	0.0823760143823	0.92092561231
1201.01010101	2.49623212784e+15	-3675.42251662	0.0823898876519	0.920912836149
1201.21212121	2.4958123108e+15	-3624.38393228	0.0527132141699	0.948652033435
1201.41414141	2.49539263494e+15	-3573.36251241	0.0824176359377	0.920887282751
1201.61616162	2.4949731002e+15	-3522.35824837	0.0824315151102	0.920874501686
1201.81818182	2.49455370651e+15	-3471.3711315	0.0824453931134	0.920861721875
1202.02020202	2.49413445378e+15	-3420.40115316	0.0824592719992	0.920848941429
1202.22222222	2.49371534196e+15	-3369.44830471	0.0824731525132	0.920836159662
1202.42424242	2.49329637097e+15	-3318.51257751	0.0824870355054	0.920823375789
1202.62626263	2.49287754074e+15	-3267.59396293	0.0825009175221	0.920810592992
1202.82828283	2.49245885119e+15	-3216.69245235	0.082514805123	0.920797805231
1203.03030303	2.49204030227e+15	-3165.80803716	0.0825286931235	0.92078501728
1203.23232323	2.49162189389e+15	-3114.94070875	0.08254258537	0.920772225596
1203.43434343	2.49120362599e+15	-3064.0904585	0.0825564784152	0.920759433355
1203.63636364	2.49078549849e+15	-3013.25727783	0.0825703728319	0.920746640028
1203.83838384	2.49036751133e+15	-2962.44115813	0.082583948709	0.92073414017
1204.04040404	2.48994966443e+15	-2911.64209082	0.0825981726324	0.920721043811
1204.24242424	2.48953195773e+15	-2860.86006732	0.0826120772663	0.920708241611
1204.44444444	2.48911439114e+15	-2810.09507905	0.0826259844774	0.920695437216
1204.64646465	2.48869696462e+15	-2759.34711744	0.0826398981963	0.920682627008
1204.84848485	2.48827967807e+15	-2708.61617393	0.0826538143066	0.920669814776
1205.05050505	2.48786253143e+15	-2657.90223995	0.0826677390532	0.920656994771
1205.25252525	2.48744552464e+15	-2607.20530696	0.0826816688203	0.920644170323
1205.45454545	2.48702865762e+15	-2556.5253664	0.0826956072015	0.920631338123
1205.65656566	2.48661193029e+15	-2505.86240974	0.0827095544206	0.920618497966
1205.85858586	2.4861953426e+15	-2455.21642843	0.0827235117955	0.920605648638
1206.06060606	2.48577889447e+15	-2404.58741396	0.0827374865488	0.920592783491
1206.26262626	2.48536258583e+15	-2353.97535778	0.0827486835889	0.920582475634
1206.46464646	2.48494641661e+15	-2303.38025139	0.0827654908457	0.920567003298
1206.66666667	2.48453038674e+15	-2252.80208627	0.0827795476073	0.920554063198
1206.86868687	2.48411449615e+15	-2202.24085392	0.0827936744882	0.920541058733
1207.07070707	2.48369874477e+15	-2151.69654583	0.0828078427722	0.920528016338
1207.27272727	2.48328313253e+15	-2101.1691535	0.0828225139537	0.920514511203
1207.47474747	2.48286765936e+15	-2050.65866845	0.0828404403352	0.920498009857
1207.67676768	2.48245232519e+15	-2000.16508219	0.0846332763981	0.918849186306
1207.87878788	2.48203712995e+15	-1949.68838624	0.085231559817	0.918299618488
1208.08080808	2.48162207358e+15	-1899.22857213	0.0853145825645	0.918223381896
1208.28282828	2.48120715599e+15	-1848.78563139	0.0854010301206	0.918144007159
1208.48484848	2.48079237713e+15	-1798.35955555	0.0854919267543	0.918060554753
1208.68686869	2.48037773692e+15	-1747.95033617	0.0855881154547	0.917972251948
1208.88888889	2.47996323529e+15	-1697.55796479	0.0856905412159	0.917878232756
1209.09090909	2.47954887218e+15	-1647.18243297	0.0858003526273	0.917777444786
1209.29292929	2.47913464751e+15	-1596.82373226	0.0859189713793	0.917668585627
1209.49494949	2.47872056122e+15	-1546.48185424	0.0860481318817	0.917550066746
1209.6969697	2.47830661323e+15	-1496.15679047	0.0861900194835	0.917419887003
1209.8989899	2.47789280347e+15	-1445.84853253	0.0863473394632	0.917275569877
1210.1010101	2.47747913189e+15	-1395.55707201	0.0865234614933	0.917114031668
1210.3030303	2.4770655984e+15	-1345.28240049	0.0867225887953	0.916931427406
1210.50505051	2.47665220294e+15	-1295.02450957	0.0869499701851	0.916722957966
1210.70707071	2.47623894544e+15	-1244.78339084	0.0872121607653	0.916482633348
1210.90909091	2.47582582583e+15	-1194.55903592	0.087517376982	0.91620295067
1211.11111111	2.47541284404e+15	-1144.35143642	0.0878759380325	0.915874494867
1211.31313131	2.475e+15	-1094.16058394	0.0883008625582	0.915485400006
1211.51515152	2.47458729365e+15	-1043.98647012	0.0888086760572	0.915020622182
1211.71717172	2.47417472491e+15	-993.829086581	0.0894205554275	0.914460911195
1211.91919192	2.47376229372e+15	-943.688424956	0.090163999764	0.913781313062
1212.12121212	2.47335e+15	-893.564476886	0.091075405839	0.912948866628
1212.32323232	2.47293784369e+15	-843.457234013	0.0922042242524	0.911918894572
1212.52525253	2.47252582473e+15	-793.36668799	0.0936198751232	0.910628849138
1212.72727273	2.47211394303e+15	-743.29283047	0.0954234952339	0.9089879009
1212.92929293	2.47170219853e+15	-693.235653117	0.0977675173037	0.906859708439
1213.13131313	2.47129059117e+15	-643.195147596	0.100887212874	0.904034990644
1213.33333333	2.47087912088e+15	-593.17130558	0.105147807248	0.90019145793
1213.53535354	2.47046778758e+15	-543.164118747	0.111106931059	0.894843057297
1213.73737374	2.47005659121e+15	-493.173578781	0.119583941645	0.887289524151
1213.93939394	2.4696455317e+15	-443.19967737	0.131709466395	0.876595638577
1214.14141414	2.46923460899e+15	-393.242406209	0.148907891595	0.861648476311
1214.34343434	2.46882382299e+15	-343.301756998	0.172748916526	0.841348837115
1214.54545455	2.46841317365e+15	-293.377721443	0.204609223278	0.814965723828
1214.74747475	2.4680026609e+15	-243.470291255	0.245132941088	0.782600491565
1214.94949495	2.46759228467e+15	-193.57945815	0.293573285948	0.745594579256
1215.15151515	2.46718204489e+15	-143.705213851	0.347214556319	0.706653694976
1215.35353535	2.46677194149e+15	-93.8475500854	0.401159721243	0.669543112239
1215.55555556	2.46636197441e+15	-44.0064585864	0.44874096304	0.638431454619
1215.75757576	2.46595214357e+15	5.81806890766	0.482640115642	0.617151886723
1215.95959596	2.46554244891e+15	55.6260406523	0.496521140002	0.608644369481
1216.16161616	2.46513289037e+15	105.417464898	0.486702477631	0.614649877831
1216.36363636	2.46472346786e+15	155.19234989	0.453277671338	0.635541637427
1216.56565657	2.46431418134e+15	204.950703867	0.400243314132	0.670156967536
1216.76767677	2.46390503072e+15	254.692535063	0.334548146787	0.715661387202
1216.96969697	2.46349601594e+15	304.417851708	0.264395942637	0.767669526378
1217.17171717	2.46308713693e+15	354.126662023	0.197387743973	0.820872283317
1217.37373737	2.46267839363e+15	403.818974226	0.139110102516	0.870132219437
1217.57575758	2.46226978596e+15	453.49479653	0.0925008705575	0.911648417322
1217.77777778	2.46186131387e+15	503.154137141	0.0580129636449	0.943637714373
1217.97979798	2.46145297728e+15	552.79700426	0.0343087770424	0.96627309562
1218.18181818	2.46104477612e+15	602.423406084	0.0191331693521	0.981048707923
1218.38383838	2.46063671033e+15	652.033350802	0.0100650279032	0.989985454978
1218.58585859	2.46022877984e+15	701.626846599	0.00499952461421	0.995012952208
1218.78787879	2.45982098458e+15	751.203901655	0.00235072021773	0.997652040561
1218.98989899	2.45941332449e+15	800.764524144	0.00105231359907	0.998948239889
1219.19191919	2.4590057995e+15	850.308722235	0.000454622839045	0.999545480486
1219.39393939	2.45859840954e+15	899.83650409	0.000195451011324	0.999804568088
1219.5959596	2.45819115455e+15	949.347877867	8.88756452145e-05	0.999911128304
1219.7979798	2.45778403445e+15	998.84285172	4.65980198639e-05	0.999953403066
1220.0	2.45737704918e+15	1048.32143379	2.88007078432e-05	0.999971199707
