912.0	3.28728070175e+15	-3.99645882803e+13	0.0260858870953	0.974251410392
914.85589881	3.2770188222e+15	-3.98398311234e+13	0.0264141736111	0.973931629283
917.711797619	3.26682081213e+15	-3.97158504495e+13	0.0267455489768	0.973608945801
920.567696429	3.25668607711e+15	-3.95926390318e+13	0.0270800333335	0.973283343297
923.423595239	3.24661403007e+15	-3.94701897333e+13	0.0274176564936	0.972954795764
926.279494048	3.23660409117e+15	-3.93484955044e+13	0.0277583985025	0.972623325669
929.135392858	3.22665568769e+15	-3.92275493827e+13	0.0281023229421	0.972288874253
931.991291668	3.21676825396e+15	-3.91073444908e+13	0.0284494334566	0.971951441128
934.847190477	3.20694123119e+15	-3.89878740355e+13	0.0287997496294	0.971611010452
937.703089287	3.19717406741e+15	-3.88691313064e+13	0.0291532911369	0.971267566345
940.558988097	3.18746621737e+15	-3.87511096745e+13	0.0295100777153	0.970921092926
943.414886906	3.17781714239e+15	-3.86338025911e+13	0.0298701291614	0.970571574308
946.270785716	3.16822631033e+15	-3.85172035865e+13	0.0302334653319	0.970218994605
949.126684526	3.15869319542e+15	-3.8401306269e+13	0.030600106144	0.969863337928
951.982583335	3.14921727822e+15	-3.82861043234e+13	0.0309700715749	0.969504588387
954.838482145	3.13979804549e+15	-3.81715915104e+13	0.031343381662	0.969142730092
957.694380955	3.13043499014e+15	-3.80577616647e+13	0.031720056503	0.968777747152
960.550279764	3.12112761108e+15	-3.79446086946e+13	0.0321001162558	0.96840962368
963.406178574	3.11187541317e+15	-3.78321265805e+13	0.0324835834233	0.968038341577
966.262077384	3.10267790713e+15	-3.77203093741e+13	0.0328704741157	0.967663888993
969.117976193	3.09353460946e+15	-3.76091511972e+13	0.0332608260628	0.967286233224
971.973875003	3.0844450423e+15	-3.74986462404e+13	0.0336546086077	0.966905407776
974.829773813	3.07540873344e+15	-3.73887887629e+13	0.0340518959748	0.966521344769
977.685672622	3.06642521615e+15	-3.72795730904e+13	0.03445269185	0.96613404462
980.541571432	3.05749402916e+15	-3.71709936152e+13	0.0348570154271	0.965743492807
983.397470242	3.04861471655e+15	-3.70630447944e+13	0.0352648873457	0.965349673475
986.253369051	3.03978682768e+15	-3.69557211495e+13	0.0356763283055	0.964952570776
989.109267861	3.03100991712e+15	-3.68490172652e+13	0.0360913590663	0.964552168872
991.965166671	3.02228354455e+15	-3.67429277885e+13	0.0365100004481	0.964148451932
994.82106548	3.01360727474e+15	-3.6637447428e+13	0.0369322733312	0.963741404134
997.67696429	3.00498067742e+15	-3.65325709529e+13	0.0373581986561	0.963331009668
1000.5328631	2.99640332723e+15	-3.64282931919e+13	0.0377877974235	0.962917252735
1003.38876191	2.98787480368e+15	-3.63246090328e+13	0.0382210909765	0.962500117275
1006.24466072	2.97939469101e+15	-3.62215134214e+13	0.0386581008737	0.962079587092
1009.10055953	2.9709625782e+15	-3.61190013605e+13	0.039098878882	0.961655617013
1011.95645834	2.96257805886e+15	-3.60170679098e+13	0.0395433423527	0.961228291192
1014.81235715	2.95424073119e+15	-3.5915708184e+13	0.0399916252047	0.960797485601
1017.66825596	2.94595019787e+15	-3.58149173531e+13	0.0404437089332	0.96036322286
1020.52415477	2.93770606604e+15	-3.57146906409e+13	0.0408996147939	0.959925487429
1023.38005358	2.92950794724e+15	-3.56150233248e+13	0.0413593642691	0.959484263624
1026.23595239	2.92135545732e+15	-3.55159107344e+13	0.0418229789012	0.959039535779
1029.0918512	2.91324821639e+15	-3.54173482515e+13	0.042290480293	0.958591288248
1031.94775001	2.90518584878e+15	-3.53193313087e+13	0.0427618901074	0.958139505402
1034.80364882	2.89716798296e+15	-3.52218553892e+13	0.04323723038	0.957684171337
1037.65954763	2.88919425149e+15	-3.51249160261e+13	0.0437165228166	0.957225270539
1040.51544644	2.88126429095e+15	-3.50285088011e+13	0.0441998146732	0.956762763133
1043.37134524	2.87337774194e+15	-3.49326293447e+13	0.0446870427308	0.956296715016
1046.22724405	2.86553424893e+15	-3.48372733348e+13	0.0451783185588	0.955827024938
1049.08314286	2.8577334603e+15	-3.47424364966e+13	0.0456736371072	0.955353703316
1051.93904167	2.84997502824e+15	-3.46481146015e+13	0.0461730174034	0.954876737604
1054.79494048	2.8422586087e+15	-3.45543034669e+13	0.046676481592	0.954396112361
1057.65083929	2.83458386135e+15	-3.44609989553e+13	0.0471840518776	0.953911812172
1060.5067381	2.82695044952e+15	-3.43681969738e+13	0.0476957509138	0.95342382128
1063.36263691	2.81935804017e+15	-3.42758934733e+13	0.0482116010175	0.952932124335
1066.21853572	2.81180630383e+15	-3.41840844483e+13	0.0487316631617	0.952436669256
1069.07443453	2.80429491452e+15	-3.40927659359e+13	0.0492558304415	0.951937563937
1071.93033334	2.79682354977e+15	-3.40019340157e+13	0.0497842647311	0.951434660374
1074.78623215	2.78939189052e+15	-3.39115848087e+13	0.0503169411729	0.950927988503
1077.64213096	2.78199962109e+15	-3.38217144772e+13	0.0508538808299	0.950417534608
1080.49802977	2.77464642914e+15	-3.3732319224e+13	0.0513951068882	0.949903283048
1083.35392858	2.76733200564e+15	-3.36433952919e+13	0.0519406436147	0.949385217245
1086.20982739	2.76005604479e+15	-3.35549389633e+13	0.0524905557498	0.948863282316
1089.0657262	2.752818244e+15	-3.34669465596e+13	0.0530447088046	0.948337612493
1091.92162501	2.74561830385e+15	-3.33794144405e+13	0.0536033061822	0.947808021518
1094.77752382	2.73845592805e+15	-3.32923390039e+13	0.0541663041118	0.947274557748
1097.63342263	2.73133082338e+15	-3.32057166852e+13	0.0547337581804	0.94673717543
1100.48932144	2.72424269968e+15	-3.31195439566e+13	0.0553055829629	0.946195962405
1103.34522025	2.71719126977e+15	-3.3033817327e+13	0.055881928092	0.945650784091
1106.20111906	2.71017624946e+15	-3.29485333413e+13	0.0564627451013	0.945101693507
1109.05701787	2.70319735749e+15	-3.28636885799e+13	0.0570480895318	0.944548645372
1111.91291668	2.69625431545e+15	-3.27792796586e+13	0.0576379743029	0.943991634813
1114.76881549	2.68934684784e+15	-3.26953032275e+13	0.0582324219064	0.943430648003
1117.6247143	2.68247468193e+15	-3.26117559712e+13	0.0588314558112	0.942865670295
1120.48061311	2.67563754779e+15	-3.25286346081e+13	0.0594350995464	0.942296687089
1123.33651192	2.66883517824e+15	-3.24459358898e+13	0.0600433767014	0.941723683831
1126.19241073	2.66206730879e+15	-3.23636566011e+13	0.0606563109257	0.941146646017
1129.04830953	2.65533367765e+15	-3.2281793559e+13	0.061273925929	0.94056555919
1131.90420834	2.64863402565e+15	-3.2200343613e+13	0.0618962454814	0.939980408947
1134.76010715	2.64196809625e+15	-3.21193036441e+13	0.062523293413	0.939391180932
1137.61600596	2.63533563547e+15	-3.20386705645e+13	0.0631550936141	0.938797860844
1140.47190477	2.62873639188e+15	-3.19584413177e+13	0.0637916700352	0.938200434436
1143.32780358	2.62217011657e+15	-3.18786128773e+13	0.0644330466871	0.937598887512
1146.18370239	2.61563656309e+15	-3.17991822475e+13	0.0650792476409	0.936993205934
1149.0396012	2.60913548746e+15	-3.17201464618e+13	0.0657302970275	0.936383375618
1151.89550001	2.60266664812e+15	-3.16415025837e+13	0.0663862190384	0.935769382539
1154.75139882	2.59622980588e+15	-3.15632477051e+13	0.0670470379252	0.935151212729
1157.60729763	2.58982472392e+15	-3.14853789472e+13	0.0677127779996	0.93452885228
1160.46319644	2.58345116777e+15	-3.14078934592e+13	0.0683834636336	0.933902287341
1163.31909525	2.57710890523e+15	-3.13307884183e+13	0.0690591192592	0.933271504127
1166.17499406	2.57079770641e+15	-3.12540610295e+13	0.069739769369	0.932636488912
1169.03089287	2.56451734363e+15	-3.1177708525e+13	0.0704254385155	0.931997228032
1171.88679168	2.55826759145e+15	-3.11017281639e+13	0.0711161513114	0.93135370789
1174.74269049	2.55204822662e+15	-3.10261172323e+13	0.0718119324296	0.930705914953
1177.5985893	2.54585902806e+15	-3.09508730422e+13	0.0725128066035	0.930053835753
1180.45448811	2.53969977682e+15	-3.08759929318e+13	0.0732187986263	0.929397456891
1183.31038692	2.53357025607e+15	-3.08014742651e+13	0.0739299333517	0.928736765034
1186.16628573	2.52747025107e+15	-3.07273144314e+13	0.0746462356933	0.92807174692
1189.02218454	2.52139954913e+15	-3.06535108449e+13	0.0753677306253	0.927402389356
1191.87808335	2.51535793961e+15	-3.0580060945e+13	0.0760944431817	0.926728679221
1194.73398216	2.50934521389e+15	-3.05069621951e+13	0.0768263984569	0.926050603467
1195.73398216	2.50724663239e+15	-3.04814490267e+13	0.0770839385569	0.92581213901
1196.03701246	2.50661139143e+15	-3.04737261864e+13	0.0771621093013	0.925739770415
1196.34004276	2.50597647227e+15	-3.04660072585e+13	0.0772403400317	0.925667351949
1196.64307307	2.50534187468e+15	-3.04582922399e+13	0.0773186308225	0.925594883557
1196.94610337	2.50470759841e+15	-3.04505811278e+13	0.077396981754	0.925522365176
1197.24913367	2.50407364322e+15	-3.04428739191e+13	0.0774753900584	0.925449799382
1197.55216398	2.50344000887e+15	-3.04351706109e+13	0.077553860955	0.925377181356
1197.85519428	2.5028066951e+15	-3.04274712002e+13	0.0776323886191	0.9253045165
1198.15822458	2.50217370168e+15	-3.04197756841e+13	0.0777109798131	0.925231798571
1198.46125488	2.50154102837e+15	-3.04120840596e+13	0.0777896270767	0.925159034483
1198.76428519	2.50090867491e+15	-3.04043963238e+13	0.0778683389795	0.925086216321
1199.06731549	2.50027664108e+15	-3.03967124737e+13	0.0779471061619	0.925013352756
1199.37034579	2.49964492662e+15	-3.03890325064e+13	0.0780259333485	0.92494043943
1199.6733761	2.49901353129e+15	-3.03813564189e+13	0.0781048269125	0.92486747046
1199.9764064	2.49838245486e+15	-3.03736842082e+13	0.0781837747975	0.924794457012
1200.2794367	2.49775169708e+15	-3.03660158716e+13	0.0782627909624	0.924721386188
1200.58246701	2.49712125771e+15	-3.03583514059e+13	0.0783418605807	0.924648271711
1200.88549731	2.49649113651e+15	-3.03506908083e+13	0.0784209915584	0.924575106284
1201.18852761	2.49586133324e+15	-3.03430340759e+13	0.0785001946868	0.924501879943
1201.49155791	2.49523184766e+15	-3.03353812058e+13	0.0785794516345	0.92442860965
1201.79458822	2.49460267952e+15	-3.03277321949e+13	0.0786587743292	0.92435528439
1202.09761852	2.49397382859e+15	-3.03200870405e+13	0.078738179929	0.924281888318
1202.40064882	2.49334529463e+15	-3.03124457395e+13	0.0788176495155	0.924208438937
1202.70367913	2.49271707739e+15	-3.03048082891e+13	0.0788972216057	0.924134900665
1203.00670943	2.49208917664e+15	-3.02971746863e+13	0.0789768758869	0.924061292296
1203.30973973	2.49146159215e+15	-3.02895449283e+13	0.0790566365124	0.923987591528
1203.61277004	2.49083432366e+15	-3.02819190122e+13	0.0791365267851	0.923913776856
1203.91580034	2.49020737094e+15	-3.02742969349e+13	0.079216495706	0.923839895423
1204.21883064	2.48958073376e+15	-3.02666786938e+13	0.0792965673405	0.923765925014
1204.52186095	2.48895441188e+15	-3.02590642858e+13	0.0793766672445	0.923691934415
1204.82489125	2.48832840505e+15	-3.0251453708e+13	0.0794568261414	0.923617895256
1205.12792155	2.48770271304e+15	-3.02438469576e+13	0.0795369843215	0.923543862694
1205.43095185	2.48707733561e+15	-3.02362440317e+13	0.0796172049152	0.923469778428
1205.73398216	2.48645227253e+15	-3.02286449275e+13	0.0796974767427	0.923395652797
1206.03701246	2.48582752355e+15	-3.02210496419e+13	0.0797777653588	0.923321517614
1206.34004276	2.48520308845e+15	-3.02134581721e+13	0.0798582079802	0.923247246198
1206.64307307	2.48457896699e+15	-3.02058705154e+13	0.0799387402538	0.923172897992
1206.94610337	2.48395515892e+15	-3.01982866687e+13	0.0800194937727	0.923098351542
1207.24913367	2.48333166401e+15	-3.01907066293e+13	0.0801007387446	0.923023357489
1207.55216398	2.48270848203e+15	-3.01831303942e+13	0.0804950972468	0.922659427144
1207.85519428	2.48208561275e+15	-3.01755579606e+13	0.0825496915687	0.920765682429
1208.15822458	2.48146305592e+15	-3.01679893256e+13	0.0827319862794	0.920597847013
1208.46125488	2.48084081131e+15	-3.01604244865e+13	0.0829237796407	0.920421299389
1208.76428519	2.48021887868e+15	-3.01528634402e+13	0.0831273571212	0.920233941411
1209.06731549	2.47959725781e+15	-3.01453061841e+13	0.0833459342992	0.920032821254
1209.37034579	2.47897594846e+15	-3.01377527151e+13	0.0835837578204	0.919814041825
1209.6733761	2.47835495039e+15	-3.01302030305e+13	0.0838468334318	0.919572093011
1209.9764064	2.47773426337e+15	-3.01226571275e+13	0.0841434532973	0.91929937011
1210.2794367	2.47711388716e+15	-3.01151150031e+13	0.0844853023205	0.918985162227
1210.58246701	2.47649382154e+15	-3.01075766546e+13	0.0848885077041	0.918614697154
1210.88549731	2.47587406626e+15	-3.01000420792e+13	0.0853756644146	0.918167296826
1211.18852761	2.4752546211e+15	-3.00925112739e+13	0.0859785992415	0.917613868643
1211.49155791	2.47463548583e+15	-3.0084984236e+13	0.0867424271	0.916913237222
1211.79458822	2.47401666021e+15	-3.00774609626e+13	0.0877320818328	0.916006258569
1212.09761852	2.473398144e+15	-3.00699414509e+13	0.0890439199265	0.914805394506
1212.40064882	2.47277993699e+15	-3.00624256981e+13	0.0908275113619	0.913175209664
1212.70367913	2.47216203892e+15	-3.00549137014e+13	0.0933320792317	0.910890962095
1213.00670943	2.47154444958e+15	-3.00474054579e+13	0.0970070607789	0.907549598104
1213.30973973	2.47092716874e+15	-3.00399009649e+13	0.102710182861	0.90238846323
1213.61277004	2.47031019615e+15	-3.00324002195e+13	0.11207571096	0.893976571113
1213.91580034	2.4696935316e+15	-3.0024903219e+13	0.127993812595	0.879858823171
1214.21883064	2.46907717484e+15	-3.00174099604e+13	0.154843093684	0.856549564977
1214.52186095	2.46846112565e+15	-3.00099204411e+13	0.197671579831	0.820639323391
1214.82489125	2.46784538381e+15	-3.00024346582e+13	0.259446263706	0.771478663284
1215.12792155	2.46722994907e+15	-2.9994952609e+13	0.336610319051	0.714187090788
1215.43095185	2.46661482121e+15	-2.99874742906e+13	0.415534210378	0.659987614281
1215.73398216	2.466e+15	-2.99799997002e+13	0.474028297931	0.62248963715
1216.03701246	2.46538548521e+15	-2.99725288351e+13	0.48994960734	0.612657266836
1216.34004276	2.46477127662e+15	-2.99650616925e+13	0.453052699981	0.635684632176
1216.64307307	2.46415737398e+15	-2.99575982695e+13	0.371790967225	0.689498355216
1216.94610337	2.46354377708e+15	-2.99501385635e+13	0.269369080471	0.763861277335
1217.24913367	2.46293048569e+15	-2.99426825716e+13	0.171716337407	0.842218045042
1217.55216398	2.46231749957e+15	-2.99352302911e+13	0.0960958574372	0.90837693721
1217.85519428	2.46170481851e+15	-2.99277817192e+13	0.0471406532693	0.953953211516
1218.15822458	2.46109244226e+15	-2.99203368531e+13	0.020258610268	0.97994521664
1218.46125488	2.46048037062e+15	-2.99128956901e+13	0.00763234413046	0.992396708248
1218.76428519	2.45986860334e+15	-2.99054582274e+13	0.00253171785878	0.997471484236
1219.06731549	2.4592571402e+15	-2.98980244622e+13	0.000751667981844	0.99924861445
1219.37034579	2.45864598097e+15	-2.98905943918e+13	0.000211775087817	0.999788247335
1219.6733761	2.45803512543e+15	-2.98831680134e+13	6.74294619164e-05	0.999932572811
1219.9764064	2.45742457335e+15	-2.98757453244e+13	3.17624385383e-05	0.999968238066
1220.2794367	2.45681432451e+15	-2.98683263218e+13	2.22481137608e-05	0.999977752134
1220.58246701	2.45620437868e+15	-2.98609110031e+13	1.85428825365e-05	0.999981457289
1220.88549731	2.45559473563e+15	-2.98534993653e+13	1.62602567253e-05	0.999983739875
1221.18852761	2.45498539514e+15	-2.98460914059e+13	1.45045652783e-05	0.99998549554
1221.49155791	2.45437635698e+15	-2.98386871221e+13	1.30722058413e-05	0.99998692788
1221.79458822	2.45376762093e+15	-2.98312865111e+13	1.18668075468e-05	0.999988133263
1222.09761852	2.45315918677e+15	-2.98238895701e+13	1.08425386813e-05	0.99998915752
1222.40064882	2.45255105426e+15	-2.98164962966e+13	9.96296086855e-06	0.999990037089
1222.70367913	2.45194322319e+15	-2.98091066877e+13	9.20057820197e-06	0.999990799464
1223.00670943	2.45133569332e+15	-2.98017207407e+13	8.53445719194e-06	0.999991465579
1223.30973973	2.45072846445e+15	-2.97943384529e+13	7.94816771601e-06	0.999992051864
1223.61277004	2.45012153633e+15	-2.97869598216e+13	7.42894307013e-06	0.999992571085
1223.91580034	2.44951490876e+15	-2.9779584844e+13	6.97326166798e-06	0.999993026763
1224.21883064	2.44890858151e+15	-2.97722135175e+13	6.559267017e-06	0.999993440754
1224.52186095	2.44830255434e+15	-2.97648458394e+13	6.18669091655e-06	0.999993813328
1224.82489125	2.44769682705e+15	-2.97574818068e+13	5.84992710954e-06	0.99999415009
1225.12792155	2.44709139941e+15	-2.97501214172e+13	5.54429115765e-06	0.999994455724
1225.43095185	2.44648627119e+15	-2.97427646678e+13	5.26586114491e-06	0.999994734153
1225.73398216	2.44588144217e+15	-2.9735411556e+13	5.01013533573e-06	0.999994989877
