-2000.0	4.26766462616e-28
-1995.995996	5.34756671259e-28
-1991.99199199	6.69804748649e-28
-1987.98798799	8.38622125126e-28
-1983.98398398	1.04956778707e-27
-1979.97997998	1.31304845542e-27
-1975.97597598	1.64201491081e-27
-1971.97197197	2.05257730807e-27
-1967.96796797	2.56476768788e-27
-1963.96396396	3.20348450359e-27
-1959.95995996	3.99966212166e-27
-1955.95595596	4.99171827618e-27
-1951.95195195	6.22734478891e-27
-1947.94794795	7.76572203424e-27
-1943.94394394	9.68025627552e-27
-1939.93993994	1.20619619152e-26
-1935.93593594	1.5023638851e-26
-1931.93193193	1.87050296932e-26
-1927.92792793	2.32791840181e-26
-1923.92392392	2.89603088741e-26
-1919.91991992	3.60134485697e-26
-1915.91591592	4.47664149933e-26
-1911.91191191	5.56244855497e-26
-1907.90790791	6.90885031585e-26
-1903.9039039	8.57771564349e-26
-1899.8998999	1.06454393963e-25
-1895.8958959	1.32063141584e-25
-1891.89189189	1.63766754483e-25
-1887.88788789	2.02999957067e-25
-1883.88388388	2.51531416003e-25
-1879.87987988	3.11540570815e-25
-1875.87587588	3.85711931123e-25
-1871.87187187	4.77350762782e-25
-1867.86786787	5.90524954867e-25
-1863.86386386	7.30238919401e-25
-1859.85985986	9.02646667127e-25
-1855.85585586	1.11531277517e-24
-1851.85185185	1.37753187673e-24
-1847.84784785	1.70071963197e-24
-1843.84384384	2.09889097184e-24
-1839.83983984	2.58924485019e-24
-1835.83583584	3.19287892338e-24
-1831.83183183	3.93566265923e-24
-1827.82782783	4.84930354675e-24
-1823.82382382	5.97264856603e-24
-1819.81981982	7.35327215983e-24
-1815.81581582	9.04941296115e-24
-1811.81181181	1.11323348771e-23
-1807.80780781	1.36892042977e-23
-1803.8038038	1.68265947753e-23
-1799.7997998	2.06747542182e-23
-1795.7957958	2.53927983075e-23
-1791.79179179	3.11750285181e-23
-1787.78778779	3.82586150276e-23
-1783.78378378	4.69329354342e-23
-1779.77977978	5.75509213505e-23
-1775.77577578	7.05428387637e-23
-1771.77177177	8.64330171259e-23
-1767.76776777	1.05860149572e-22
-1763.76376376	1.2960191619e-22
-1759.75975976	1.58604838354e-22
-1755.75575576	1.94020460133e-22
-1751.75175175	2.37249179159e-22
-1747.74774775	2.89993321778e-22
-1743.74374374	3.54321384989e-22
-1739.73973974	4.32745761762e-22
-1735.73573574	5.28316739922e-22
-1731.73173173	6.44736133743e-22
-1727.72772773	7.86494590661e-22
-1723.72372372	9.59037435603e-22
-1719.71971972	1.16896489935e-21
-1715.71571572	1.42427375737e-21
-1711.71171171	1.73464881986e-21
-1707.70770771	2.11181440884e-21
-1703.7037037	2.5699579874e-21
-1699.6996997	3.12624053664e-21
-1695.6956957	3.80141118295e-21
-1691.69169169	4.6205470562e-21
-1687.68768769	5.61394351709e-21
-1683.68368368	6.81818486019e-21
-1679.67967968	8.27743153423e-21
-1675.67567568	1.00449670066e-20
-1671.67167167	1.21850558554e-20
-1667.66766767	1.47751747606e-20
-1663.66366366	1.79086900916e-20
-1659.65965966	2.16980701264e-20
-1655.65565566	2.62787370125e-20
-1651.65165165	3.18136839172e-20
-1647.64764765	3.84990070165e-20
-1643.64364364	4.65705307693e-20
-1639.63963964	5.63117391665e-20
-1635.63563564	6.80632663467e-20
-1631.63163163	8.22342483319e-20
-1627.62762763	9.93158950676e-20
-1623.62362362	1.19897710128e-19
-1619.61961962	1.44686866338e-19
-1615.61561562	1.74531341504e-19
-1611.61161161	2.10447532171e-19
-1607.60760761	2.53653198102e-19
-1603.6036036	3.05606749761e-19
-1599.5995996	3.68054080098e-19
-1595.5955956	4.43084365488e-19
-1591.59159159	5.331965252e-19
-1587.58758759	6.41378341492e-19
-1583.58358358	7.71200611901e-19
-1579.57957958	9.2692914189e-19
-1575.57557558	1.11365790131e-18
-1571.57157157	1.33746727643e-18
-1567.56756757	1.60561206672e-18
-1563.56356356	1.92674472153e-18
-1559.55955956	2.31118030905e-18
-1555.55555556	2.77121088409e-18
-1551.55155155	3.32147830462e-18
-1547.54754755	3.97941617468e-18
-1543.54354354	4.76577350611e-18
-1539.53953954	5.70523494354e-18
-1535.53553554	6.82715504374e-18
-1531.53153153	8.16642721002e-18
-1527.52752753	9.76451153365e-18
-1523.52352352	1.16706500805e-17
-1519.51951952	1.39433031897e-17
-1515.51551552	1.66518462475e-17
-1511.51151151	1.98785733129e-17
-1507.50750751	2.37210620698e-17
-1503.5035035	2.82949640636e-17
-1499.4994995	3.37372952861e-17
-1495.4954955	4.02103151578e-17
-1491.49149149	4.79060971538e-17
-1487.48748749	5.70519120737e-17
-1483.48348348	6.79165657107e-17
-1479.47947948	8.08178569065e-17
-1475.47547548	9.61313502701e-17
-1471.47147147	1.14300690849e-16
-1467.46746747	1.35849726543e-16
-1463.46346346	1.61396748925e-16
-1459.45945946	1.91671215444e-16
-1455.45545546	2.27533376882e-16
-1451.45145145	2.69997304858e-16
-1447.44744745	3.20257896668e-16
-1443.44344344	3.79722530741e-16
-1439.43943944	4.50048157532e-16
-1435.43543544	5.3318474034e-16
-1431.43143143	6.31426111093e-16
-1427.42742743	7.47469480969e-16
-1423.42342342	8.84485048561e-16
-1419.41941942	1.04619738358e-15
-1415.41541542	1.23698053684e-15
-1411.41141141	1.46196914336e-15
-1407.40740741	1.72718815147e-15
-1403.4034034	2.03970423471e-15
-1399.3993994	2.40780243371e-15
-1395.3953954	2.84119214237e-15
-1391.39139139	3.35124720886e-15
-1387.38738739	3.95128567918e-15
-1383.38338338	4.65689558688e-15
-1379.37937938	5.48631420273e-15
-1375.37537538	6.4608693242e-15
-1371.37137137	7.60549252955e-15
-1367.36736737	8.94931587192e-15
-1363.36336336	1.05263652752e-14
-1359.35935936	1.23763659516e-14
-1355.35535536	1.4545677529e-14
-1351.35135135	1.70883793037e-14
-1347.34734735	2.0067529167e-14
-1343.34334334	2.35566233613e-14
-1339.33933934	2.76412883592e-14
-1335.33533534	3.24212409195e-14
-1331.33133133	3.80125578305e-14
-1327.32732733	4.45503031201e-14
-1323.32332332	5.21915676929e-14
-1319.31931932	6.11189845976e-14
-1315.31531532	7.15447925582e-14
-1311.31131131	8.37155312191e-14
-1307.30730731	9.79174639197e-14
-1303.3033033	1.14482837973e-13
-1299.2992993	1.33797108613e-13
-1295.2952953	1.56307271276e-13
-1291.29129129	1.82531468024e-13
-1287.28728729	2.13070058061e-13
-1283.28328328	2.48618369853e-13
-1279.27927928	2.89981383793e-13
-1275.27527528	3.38090630199e-13
-1271.27127127	3.94023628307e-13
-1267.26726727	4.59026238454e-13
-1263.26326326	5.34538352644e-13
-1259.25925926	6.22223409016e-13
-1255.25525526	7.24002284358e-13
-1251.25125125	8.42092196801e-13
-1247.24724725	9.79051339517e-13
-1243.24324324	1.13783006694e-12
-1239.23923924	1.32182956934e-12
-1235.23523524	1.53496910144e-12
-1231.23123123	1.78176297772e-12
-1227.22722723	2.06740871415e-12
-1223.22322322	2.39788788487e-12
-1219.21921922	2.78008147668e-12
-1215.21521522	3.22190176634e-12
-1211.21121121	3.73244302015e-12
-1207.20720721	4.32215362498e-12
-1203.2032032	5.00303261101e-12
-1199.1991992	5.78885392177e-12
-1195.1951952	6.69542223484e-12
-1191.19119119	7.74086464072e-12
-1187.18718719	8.94596305716e-12
-1183.18318318	1.03345328976e-11
-1179.17917918	1.19338542362e-11
-1175.17517518	1.37751625266e-11
-1171.17117117	1.58942068486e-11
-1167.16716717	1.83318846894e-11
-1163.16316316	2.11349634267e-11
-1159.15915916	2.43568999863e-11
-1155.15515516	2.80587716122e-11
-1151.15115115	3.23103323346e-11
-1147.14714715	3.71912115679e-11
-1143.14314314	4.27922733454e-11
-1139.13913914	4.92171570204e-11
-1135.13513514	5.6584022869e-11
-1131.13113113	6.50275289475e-11
-1127.12712713	7.47010688248e-11
-1123.12312312	8.57793034626e-11
-1119.11911912	9.84610246079e-11
-1115.11511512	1.12972391627e-10
-1111.11111111	1.29570588822e-10
-1107.10710711	1.48547955958e-10
-1103.1031031	1.70236651113e-10
-1099.0990991	1.9501391203e-10
-1095.0950951	2.23307990091e-10
-1091.09109109	2.55604839833e-10
-1087.08708709	2.92455656735e-10
-1083.08308308	3.34485366973e-10
-1079.07907908	3.82402184941e-10
-1075.07507508	4.37008367922e-10
-1071.07107107	4.99212312254e-10
-1067.06706707	5.70042152091e-10
-1063.06306306	6.50661040324e-10
-1059.05905906	7.4238431185e-10
-1055.05505506	8.46698752125e-10
-1051.05105105	9.6528421924e-10
-1047.04704705	1.10003789575e-09
-1043.04304304	1.25310147748e-09
-1039.03903904	1.4268916408e-09
-1035.03503504	1.62413416789e-09
-1031.03103103	1.8479021513e-09
-1027.02702703	2.10165874566e-09
-1023.02302302	2.38930498517e-09
-1019.01901902	2.71523324252e-09
-1015.01501502	3.08438696645e-09
-1011.01101101	3.50232740447e-09
-1007.00700701	3.97530809231e-09
-1003.003003	4.51035797526e-09
-998.998998999	5.11537411818e-09
-994.994994995	5.79922506134e-09
-990.990990991	6.57186599054e-09
-986.986986987	7.44446701133e-09
-982.982982983	8.42955595062e-09
-978.978978979	9.54117725607e-09
-974.974974975	1.07950687238e-08
-970.970970971	1.22088579618e-08
-966.966966967	1.3802280689e-08
-962.962962963	1.55974231812e-08
-958.958958959	1.76189914076e-08
-954.954954955	1.98946096522e-08
-950.950950951	2.24551516927e-08
-946.946946947	2.53351079113e-08
-942.942942943	2.85729920386e-08
-938.938938939	3.22117915965e-08
-934.934934935	3.62994664908e-08
-930.930930931	4.08895006386e-08
-926.926926927	4.60415119742e-08
-922.922922923	5.18219266874e-08
-918.918918919	5.83047240961e-08
-914.914914915	6.55722591546e-08
-910.910910911	7.37161702474e-08
-906.906906907	8.28383806242e-08
-902.902902903	9.30522025975e-08
-898.898898899	1.04483554452e-07
-894.894894895	1.17272300918e-07
-890.890890891	1.31573729022e-07
-886.886886887	1.47560172208e-07
-882.882882883	1.65422796718e-07
-878.878878879	1.85373565502e-07
-874.874874875	2.07647396214e-07
-870.870870871	2.32504531309e-07
-866.866866867	2.60233139795e-07
-862.862862863	2.91152171864e-07
-858.858858859	3.2561448942e-07
-854.854854855	3.6401029745e-07
-850.850850851	4.06770903276e-07
-846.846846847	4.54372832955e-07
-842.842842843	5.07342336477e-07
-838.838838839	5.66260316021e-07
-834.834834835	6.31767714261e-07
-830.830830831	7.0457140269e-07
-826.826826827	7.85450613106e-07
-822.822822823	9.52736218519e-07
-818.818818819	1.05979820947e-06
-814.814814815	1.1784747417e-06
-810.810810811	1.30992525589e-06
-806.806806807	1.45546549894e-06
-802.802802803	1.61654016897e-06
-798.798798799	1.79473484961e-06
-794.794794795	1.99178897625e-06
-790.790790791	2.20960991655e-06
-786.786786787	2.45028825296e-06
-782.782782783	2.71611436148e-06
-778.778778779	3.00959638743e-06
-774.774774775	3.33347972587e-06
-770.770770771	3.69076812184e-06
-766.766766767	4.08474651314e-06
-762.762762763	4.51900574703e-06
-758.758758759	4.99746931036e-06
-754.754754755	5.5244222224e-06
-750.750750751	6.10454224876e-06
-746.746746747	6.74293360546e-06
-742.742742743	7.44516333239e-06
-738.738738739	8.21730052713e-06
-734.734734735	9.0659586415e-06
-730.730730731	9.99834105586e-06
-726.726726727	1.10222901588e-05
-722.722722723	1.21463401738e-05
-718.718718719	1.33797744394e-05
-714.714714715	1.473268473e-05
-710.710710711	1.62160395525e-05
-706.706706707	1.78417529331e-05
-702.702702703	1.96227605442e-05
-698.698698699	2.15731009187e-05
-694.694694695	2.37080025331e-05
-690.690690691	2.60439771315e-05
-686.686686687	2.85989196831e-05
-682.682682683	3.13922153845e-05
-678.678678679	3.44448541403e-05
-674.674674675	3.7779552975e-05
-670.670670671	4.14208868524e-05
-666.666666667	4.5395428401e-05
-662.662662663	4.97318970659e-05
-658.658658659	5.44613182341e-05
-654.654654655	5.96171928998e-05
-650.650650651	6.52356784662e-05
-646.646646647	7.13557813007e-05
-642.642642643	7.80195616899e-05
-638.638638639	8.52723518626e-05
-634.634634635	9.31629877798e-05
-630.630630631	0.000101744055413
-626.626626627	0.000111072152258
-622.622622623	0.000121208164871
-618.618618619	0.000132217563208
-614.614614615	0.000144170712626
-610.610610611	0.000157143204374
-606.606606607	0.000171216205468
-602.602602603	0.000186476828867
-598.598598599	0.000203018524856
-594.594594595	0.000220941494615
-590.590590591	0.000240353126947
-586.586586587	0.000261368459164
-582.582582583	0.000284110663154
-578.578578579	0.000308711557676
-574.574574575	0.000335312147948
-570.570570571	0.000364063193597
-566.566566567	0.000395125806067
-562.562562563	0.000428672076602
-558.558558559	0.000464885735904
-554.554554555	0.000503962846596
-550.550550551	0.000546112529634
-546.546546547	0.000591557725768
-542.542542543	0.00064053599321
-538.538538539	0.000693300342625
-534.534534535	0.000750120110551
-530.530530531	0.000811281872365
-526.526526527	0.000877090395872
-522.522522523	0.000947869636586
-518.518518519	0.00102396377573
-514.514514515	0.00110573830199
-510.510510511	0.00119358113792
-506.506506507	0.00128790381201
-502.502502503	0.00138914267726
-498.498498498	0.00149776017699
-494.494494494	0.00161424615881
-490.49049049	0.00173911923728
-486.486486486	0.00187292820591
-482.482482482	0.00201625349914
-478.478478478	0.00216970870447
-474.474474474	0.00233394212539
-470.47047047	0.00250963839505
-466.466466466	0.00269752014089
-462.462462462	0.0028983497003
-458.458458458	0.00311293088693
-454.454454454	0.00334211080751
-450.45045045	0.00358678172871
-446.446446446	0.00384788299329
-442.442442442	0.00412640298491
-438.438438438	0.0044233811405
-434.434434434	0.00473991000906
-430.43043043	0.00507713735556
-426.426426426	0.00543626830821
-422.422422422	0.00581856754748
-418.418418418	0.00622536153474
-414.414414414	0.00665804077817
-410.41041041	0.00711806213358
-406.406406406	0.00760695113723
-402.402402402	0.00812630436763
-398.398398398	0.00867779183301
-394.394394394	0.00926315938089
-390.39039039	0.00988423112581
-386.386386386	0.010542911891
-382.382382382	0.0112411896595
-378.378378378	0.0119811380304
-374.374374374	0.0127649186738
-370.37037037	0.0135947837811
-366.366366366	0.0144730785025
-362.362362362	0.0154022433682
-358.358358358	0.016384816609
-354.354354354	0.0174234368991
-350.35035035	0.018520844931
-346.346346346	0.0196798864515
-342.342342342	0.0209035141161
-338.338338338	0.0221947897337
-334.334334334	0.0235568863674
-330.33033033	0.0249930903587
-326.326326326	0.0265068032636
-322.322322322	0.0281015436957
-318.318318318	0.0297809490621
-314.314314314	0.0315487771871
-310.31031031	0.0334089078098
-306.306306306	0.0353653439493
-302.302302302	0.0374222131235
-298.298298298	0.0395837684144
-294.294294294	0.0418543893666
-290.29029029	0.0442385827109
-286.286286286	0.0467409828992
-282.282282282	0.0493663524426
-278.278278278	0.05211958204
-274.274274274	0.0550056904867
-270.27027027	0.0580298243523
-266.266266266	0.0611972574168
-262.262262262	0.0645133898534
-258.258258258	0.0679837471503
-254.254254254	0.0716139787551
-250.25025025	0.0754098564381
-246.246246246	0.0793772723597
-242.242242242	0.0835222368352
-238.238238238	0.0878508757845
-234.234234234	0.0923694278607
-230.23023023	0.0970842412465
-226.226226226	0.102001770112
-222.222222222	0.107128570726
-218.218218218	0.112471297208
-214.214214214	0.118036696931
-210.21021021	0.123831605545
-206.206206206	0.129862941635
-202.202202202	0.136137701003
-198.198198198	0.142662950573
-194.194194194	0.149445821905
-190.19019019	0.156493504333
-186.186186186	0.163813237715
-182.182182182	0.171412304796
-178.178178178	0.179298023193
-174.174174174	0.187477736988
-170.17017017	0.195958807953
-166.166166166	0.204748606395
-162.162162162	0.213854501631
-158.158158158	0.223283852106
-154.154154154	0.233043995151
-150.15015015	0.243142236401
-146.146146146	0.253585838873
-142.142142142	0.264382011728
-138.138138138	0.275537898718
-134.134134134	0.287060566336
-130.13013013	0.298956991692
-126.126126126	0.311234050121
-122.122122122	0.323898502546
-118.118118118	0.336956982619
-114.114114114	0.350415983674
-110.11011011	0.364281845405
-106.106106106	0.378560740562
-102.102102102	0.393258661344
-98.0980980981	0.40838140576
-94.0940940941	0.423934563898
-90.0900900901	0.439923504094
-86.0860860861	0.456353359265
-82.0820820821	0.473229012886
-78.0780780781	0.490555085354
-74.0740740741	0.508335920242
-70.0700700701	0.526575570693
-66.0660660661	0.545277785939
-62.0620620621	0.564445997995
-58.0580580581	0.584083308544
-54.0540540541	0.604192476066
-50.05005005	0.624775903234
-46.046046046	0.645835624614
-42.042042042	0.667373294715
-38.038038038	0.689390176405
-34.034034034	0.711887129754
-30.03003003	0.734864601314
-26.026026026	0.758322613892
-22.022022022	0.78226075684
-18.018018018	0.806678176894
-14.014014014	0.831573569611
-10.01001001	0.856945171418
-6.00600600601	0.882790752318
-2.002002002	0.909107609278
2.002002002	0.935892560341
6.00600600601	0.963141939466
10.01001001	0.990851592155
14.014014014	1.01901687187
18.018018018	1.04763263727
22.022022022	1.07669325032
26.026026026	1.1061925752
30.03003003	1.13612397821
34.034034034	1.16648032845
38.038038038	1.19725399953
42.042042042	1.22843687218
46.046046046	1.26002033775
50.0500500501	1.29199530272
54.0540540541	1.32435219419
58.0580580581	1.35708096627
62.0620620621	1.39017110748
66.0660660661	1.42361164908
70.0700700701	1.45739117441
74.0740740741	1.49149782915
78.0780780781	1.52591933252
82.0820820821	1.56064298945
86.0860860861	1.59565570362
90.0900900901	1.63094399147
94.0940940941	1.66649399701
98.0980980981	1.70229150759
102.102102102	1.73832197043
106.106106106	1.77457050999
110.11011011	1.81102194611
114.114114114	1.84766081295
118.118118118	1.88447138731
122.122122122	1.92143766519
126.126126126	1.95854347024
130.13013013	1.99577238774
134.134134134	2.03310783049
138.138138138	2.07053305263
142.142142142	2.10803117269
146.146146146	2.14558519706
150.15015015	2.18317804385
154.154154154	2.22079256702
158.158158158	2.25841158079
162.162162162	2.29601788426
166.166166166	2.33359428618
170.17017017	2.3711236298
174.174174174	2.40858881781
178.178178178	2.44597283716
182.182182182	2.48325878395
186.186186186	2.52042988803
190.19019019	2.55746953757
194.194194194	2.59436130325
198.198198198	2.63108896222
202.202202202	2.6676365217
206.206206206	2.70398824212
210.21021021	2.74012865987
214.214214214	2.77604260944
218.218218218	2.81171522269
222.222222222	2.84713203732
226.226226226	2.8822788887
230.23023023	2.91714201338
234.234234234	2.95170804733
238.238238238	2.98596404395
242.242242242	3.01989748471
246.246246246	3.05349632095
250.25025025	3.0867489517
254.254254254	3.11964426252
258.258258258	3.15217162269
262.262262262	3.18432093756
266.266266266	3.21608260098
270.27027027	3.24744754401
274.274274274	3.27840723456
278.278278278	3.30895367813
282.282282282	3.33907947414
286.286286286	3.36877769735
290.29029029	3.39804205108
294.294294294	3.42686678451
298.298298298	3.4552467144
302.302302302	3.48317722613
306.306306306	3.51065427359
310.31031031	3.53767437791
314.314314314	3.56423462504
318.318318318	3.59033266219
322.322322322	3.61596669797
326.326326326	3.64113547244
330.33033033	3.66583829852
334.334334334	3.69007501177
338.338338338	3.71384596194
342.342342342	3.73715203285
346.346346346	3.75999460869
350.35035035	3.78237556761
354.354354354	3.80429726889
358.358358358	3.82576253917
362.362362362	3.84677465786
366.366366366	3.86733734172
370.37037037	3.88745473362
374.374374374	3.90713136631
378.378378378	3.92637217334
382.382382382	3.9451824522
386.386386386	3.9635678453
390.39039039	3.98153433955
394.394394394	3.99908821862
398.398398398	4.01623606069
402.402402402	4.03298471455
406.406406406	4.04934127671
410.41041041	4.06531308121
414.414414414	4.08090763724
418.418418418	4.09613267103
422.422422422	4.11099605851
426.426426426	4.12550581647
430.43043043	4.13967008086
434.434434434	4.15349705865
438.438438438	4.16699509366
442.442442442	4.18017252643
446.446446446	4.19303774515
450.45045045	4.20559914713
454.454454454	4.21786511746
458.458458458	4.22984400799
462.462462462	4.24154411665
466.466466466	4.25297366702
470.47047047	4.26414078842
474.474474474	4.27505349637
478.478478478	4.28571967348
482.482482482	4.29614705096
486.486486486	4.30634319285
490.49049049	4.31631546692
494.494494494	4.32607105115
498.498498498	4.33561689689
502.502502503	4.34495971401
506.506506507	4.35410596978
510.510510511	4.36306186403
514.514514515	4.37183331821
518.518518519	4.38042596262
522.522522523	4.38884512437
526.526526527	4.39709581604
530.530530531	4.40518272524
534.534534535	4.41311020482
538.538538539	4.42088226401
542.542542543	4.42850256024
546.546546547	4.43597439184
550.550550551	4.44330069157
554.554554555	4.45048402091
558.558558559	4.45752656524
562.562562563	4.4644301303
566.566566567	4.4711961368
570.570570571	4.47782562131
574.574574575	4.48431923244
578.578578579	4.49067723067
582.582582583	4.49689948827
586.586586587	4.50298549018
590.590590591	4.50893433554
594.594594595	4.51474474006
598.598598599	4.52041503913
602.602602603	4.5259431917
606.606606607	4.53132678484
610.610610611	4.53656303906
614.614614615	4.54164881435
618.618618619	4.54658061685
622.622622623	4.55135460537
626.626626627	4.55596660291
630.630630631	4.56041210012
634.634634635	4.56468626801
638.638638639	4.56878396699
642.642642643	4.57269975729
646.646646647	4.57642791004
650.650650651	4.57996241872
654.654654655	4.58329701128
658.658658659	4.58642516266
662.662662663	4.58934010784
666.666666667	4.59203485523
670.670670671	4.59450220061
674.674674675	4.5967347414
678.678678679	4.5987248913
682.682682683	4.60046489527
686.686686687	4.60194684491
690.690690691	4.60316269406
694.694694695	4.60410427469
698.698698699	4.60476331308
702.702702703	4.60513144815
706.706706707	4.60520024021
710.710710711	4.60496119939
714.714714715	4.60440579478
718.718718719	4.60352547113
722.722722723	4.60231167496
726.726726727	4.60075585834
730.730730731	4.59884950497
734.734734735	4.59658414524
738.738738739	4.59395137344
742.742742743	4.59094286499
746.746746747	4.58755039351
750.750750751	4.58376584793
754.754754755	4.57958124937
758.758758759	4.57498876795
762.762762763	4.56998073937
766.766766767	4.56454968139
770.770770771	4.55868830998
774.774774775	4.55238955527
778.778778779	4.54564657729
782.782782783	4.5384527813
786.786786787	4.53080183288
790.790790791	4.52268767266
794.794794795	4.51410453062
798.798798799	4.5050469401
802.802802803	4.49550975129
806.806806807	4.48548814435
810.810810811	4.47497764203
814.814814815	4.46397412179
818.818818819	4.45247382746
822.822822823	4.44047338035
826.826826827	4.42796978976
830.830830831	4.41496046303
834.834834835	4.40144321488
838.838838839	4.38741627624
842.842842843	4.37287830243
846.846846847	4.35782838064
850.850850851	4.34226603686
854.854854855	4.32619124208
858.858858859	4.3096044178
862.862862863	4.29250644088
866.866866867	4.27489864765
870.870870871	4.25678283735
874.874874875	4.23816127482
878.878878879	4.21903669241
882.882882883	4.19941229126
886.886886887	4.17929174174
890.890890891	4.1586791832
894.894894895	4.13757922294
898.898898899	4.11599693442
902.902902903	4.09393785478
906.906906907	4.07140798154
910.910910911	4.0484137686
914.914914915	4.02496212148
918.918918919	4.00106039183
922.922922923	3.97671637121
926.926926927	3.95193828415
930.930930931	3.92673478053
934.934934935	3.90111492719
938.938938939	3.87508819896
942.942942943	3.84866446893
946.946946947	3.82185399814
950.950950951	3.79466742456
954.954954955	3.76711575149
958.958958959	3.73921033543
962.962962963	3.71096287324
966.966966967	3.68238538884
970.970970971	3.65349021938
974.974974975	3.62429000087
978.978978979	3.59479765332
982.982982983	3.56502636552
986.986986987	3.53498957927
990.990990991	3.50470097331
994.994994995	3.47417444684
998.998998999	3.44342410275
1003.003003	3.41246423046
1007.00700701	3.38130928862
1011.01101101	3.34997388743
1015.01501502	3.31847277089
1019.01901902	3.28682079874
1023.02302302	3.25503292841
1027.02702703	3.22312419673
1031.03103103	3.19110970167
1035.03503504	3.15900458399
1039.03903904	3.12682400891
1043.04304304	3.0945831478
1047.04704705	3.06229715996
1051.05105105	3.02998117448
1055.05505506	2.99765027226
1059.05905906	2.96531946813
1063.06306306	2.9330036933
1067.06706707	2.90071777786
1071.07107107	2.86847643376
1075.07507508	2.83629423788
1079.07907908	2.80418561555
1083.08308308	2.7721648244
1087.08708709	2.74024593855
1091.09109109	2.70844283324
1095.0950951	2.67676916993
1099.0990991	2.64523838176
1103.1031031	2.61386365957
1107.10710711	2.58265793844
1111.11111111	2.55163388465
1115.11511512	2.52080388331
1119.11911912	2.49018002649
1123.12312312	2.45977410188
1127.12712713	2.42959758217
1131.13113113	2.39966161495
1135.13513514	2.36997701321
1139.13913914	2.34055424656
1143.14314314	2.31140343303
1147.14714715	2.28253433153
1151.15115115	2.25395633495
1155.15515516	2.22567846397
1159.15915916	2.19770936149
1163.16316316	2.17005728773
1167.16716717	2.14273011598
1171.17117117	2.1157353291
1175.17517518	2.08908001655
1179.17917918	2.06277087215
1183.18318318	2.03681419251
1187.18718719	2.01121587607
1191.19119119	1.98598142276
1195.1951952	1.9611159343
1199.1991992	1.93662411516
1203.2032032	1.91251027403
1207.20720721	1.88877832596
1211.21121121	1.86543179505
1215.21521522	1.84247381765
1219.21921922	1.8199071462
1223.22322322	1.79773415349
1227.22722723	1.77595683747
1231.23123123	1.75457682662
1235.23523524	1.73359538562
1239.23923924	1.71301342165
1243.24324324	1.69283149095
1247.24724725	1.67304980593
1251.25125125	1.65366824256
1255.25525526	1.63468634815
1259.25925926	1.6161033495
1263.26326326	1.59791816127
1267.26726727	1.58012939478
1271.27127127	1.56273536694
1275.27527528	1.54573410947
1279.27927928	1.52912337842
1283.28328328	1.51290066374
1287.28728729	1.49706319913
1291.29129129	1.48160797199
1295.2952953	1.46653173354
1299.2992993	1.45183100897
1303.3033033	1.43750210775
1307.30730731	1.42354113395
1311.31131131	1.40994399662
1315.31531532	1.39670642014
1319.31931932	1.38382395467
1323.32332332	1.37129198646
1327.32732733	1.35910574818
1331.33133133	1.34726032918
1335.33533534	1.33575068566
1339.33933934	1.32457165076
1343.34334334	1.31371794451
1347.34734735	1.30318418367
1351.35135135	1.29296489142
1355.35535536	1.28305450691
1359.35935936	1.27344739461
1363.36336336	1.26413785347
1367.36736737	1.25512012594
1371.37137137	1.24638840669
1375.37537538	1.23793685122
1379.37937938	1.22975958416
1383.38338338	1.22185070736
1387.38738739	1.21420430777
1391.39139139	1.20681446499
1395.3953954	1.19967525869
1399.3993994	1.19278077562
1403.4034034	1.18612511648
1407.40740741	1.17970240245
1411.41141141	1.17350678149
1415.41541542	1.1675324343
1419.41941942	1.16177358011
1423.42342342	1.15622448209
1427.42742743	1.15087945253
1431.43143143	1.14573285776
1435.43543544	1.14077912278
1439.43943944	1.13601273557
1443.44344344	1.13142825122
1447.44744745	1.12702029572
1451.45145145	1.12278356951
1455.45545546	1.11871285078
1459.45945946	1.11480299849
1463.46346346	1.11104895515
1467.46746747	1.10744574936
1471.47147147	1.10398849809
1475.47547548	1.10067240874
1479.47947948	1.09749278098
1483.48348348	1.09444500833
1487.48748749	1.09152457954
1491.49149149	1.08872707981
1495.4954955	1.0860481917
1499.4994995	1.08348369595
1503.5035035	1.08102947204
1507.50750751	1.07868149863
1511.51151151	1.07643585374
1515.51551552	1.07428871487
1519.51951952	1.07223635951
1523.52352352	1.07027516231
1527.52752753	1.06840159863
1531.53153153	1.06661224137
1535.53553554	1.06490376098
1539.53953954	1.06327292466
1543.54354354	1.06171659553
1547.54754755	1.06023173158
1551.55155155	1.0588153846
1555.55555556	1.05746469898
1559.55955956	1.05617691047
1563.56356356	1.05494934479
1567.56756757	1.05377941623
1571.57157157	1.05266462616
1575.57557558	1.05160256147
1579.57957958	1.05059089297
1583.58358358	1.04962737377
1587.58758759	1.04870983755
1591.59159159	1.04783619686
1595.5955956	1.04700444135
1599.5995996	1.046212636
1603.6036036	1.04545891929
1607.60760761	1.0447415014
1611.61161161	1.04405866239
1615.61561562	1.04340875032
1619.61961962	1.04279017638
1623.62362362	1.04220142542
1627.62762763	1.04164103527
1631.63163163	1.04110760767
1635.63563564	1.04059980318
1639.63963964	1.04011633936
1643.64364364	1.03965598905
1647.64764765	1.03921757848
1651.65165165	1.03879998562
1655.65565566	1.03840213404
1659.65965966	1.03802300958
1663.66366366	1.03766163996
1667.66766767	1.0373170597
1671.67167167	1.03698841429
1675.67567568	1.03667484781
1679.67967968	1.03637554773
1683.68368368	1.03608974642
1687.68768769	1.03581671263
1691.69169169	1.03555575024
1695.6956957	1.03530620164
1699.6996997	1.03506750149
1703.7037037	1.0348389156
1707.70770771	1.03461994846
1711.71171171	1.03441001036
1715.71571572	1.03420874586
1719.71971972	1.03401547231
1723.72372372	1.03382991428
1727.72772773	1.03365126493
1731.73173173	1.03347987984
1735.73573574	1.03331464682
1739.73973974	1.03315543873
1743.74374374	1.03300190748
1747.74774775	1.03285372409
1751.75175175	1.03271057779
1755.75575576	1.03257217512
1759.75975976	1.03243823911
1763.76376376	1.0323084909
1767.76776777	1.0321827212
1771.77177177	1.03206069142
1775.77577578	1.03194215391
1779.77977978	1.03182691792
1783.78378378	1.03171472913
1787.78778779	1.03160553002
1791.79179179	1.03149908342
1795.7957958	1.03139522777
1799.7997998	1.0312938112
1803.8038038	1.03119469098
1807.80780781	1.03109773307
1811.81181181	1.03100281161
1815.81581582	1.03090980847
1819.81981982	1.03081861278
1823.82382382	1.03072912059
1827.82782783	1.03064123442
1831.83183183	1.03055486288
1835.83583584	1.03046992036
1839.83983984	1.03038632666
1843.84384384	1.03030400667
1847.84784785	1.03022289009
1851.85185185	1.0301429111
1855.85585586	1.03006400815
1859.85985986	1.02998612363
1863.86386386	1.02990920369
1867.86786787	1.02983319796
1871.87187187	1.02975805937
1875.87587588	1.02968374393
1879.87987988	1.02961021052
1883.88388388	1.02953742074
1887.88788789	1.0294653387
1891.89189189	1.02939393088
1895.8958959	1.02932316592
1899.8998999	1.02925301496
1903.9039039	1.02918345017
1907.90790791	1.02911444634
1911.91191191	1.02904597965
1915.91591592	1.02897802786
1919.91991992	1.02891057023
1923.92392392	1.02884358737
1927.92792793	1.02877706117
1931.93193193	1.02871097474
1935.93593594	1.02864531227
1939.93993994	1.02858005898
1943.94394394	1.02851520109
1947.94794795	1.02845072568
1951.95195195	1.02838662068
1955.95595596	1.0283228748
1959.95995996	1.02825947745
1963.96396396	1.02819641875
1967.96796797	1.0281336894
1971.97197197	1.02807128071
1975.97597598	1.02800918499
1979.97997998	1.0279473936
1983.98398398	1.02788589985
1987.98798799	1.02782469698
1991.99199199	1.02776377888
1995.995996	1.02770313903
2000.0	1.02764277206
