912.0	3.28728070175e+15	-3.0035558471e+13	0.00149497008908	0.998506146822
911.80495064	3.28798390258e+15	-3.00419835474e+13	0.00140180994963	0.998599172127
911.60990128	3.28868740433e+15	-3.00484113733e+13	0.00134029809342	0.998660599705
911.41485192	3.28939120718e+15	-3.00548419504e+13	0.00129792273704	0.9987029192
911.219802561	3.29009531133e+15	-3.00612752804e+13	0.00126752855034	0.998733274425
911.024753201	3.29079971699e+15	-3.00677113652e+13	0.00124500964103	0.998755765062
910.829703841	3.29150442433e+15	-3.00741502065e+13	0.0012279123507	0.998772841225
910.634654481	3.29220943355e+15	-3.00805918061e+13	0.00121468206786	0.99878605536
910.439605121	3.29291474485e+15	-3.00870361657e+13	0.00120427675578	0.998796448094
910.244555761	3.29362035842e+15	-3.00934832872e+13	0.00119596722487	0.998804747659
910.049506401	3.29432627446e+15	-3.00999331722e+13	0.00118922830462	0.998811478547
909.854457041	3.29503249316e+15	-3.01063858227e+13	0.0011836748463	0.99881702542
909.659407682	3.29573901472e+15	-3.01128412402e+13	0.00117902124119	0.998821673531
909.464358322	3.29644583932e+15	-3.01192994268e+13	0.00117505424687	0.998825635859
909.269308962	3.29715296717e+15	-3.0125760384e+13	0.00117161400361	0.998829072068
909.074259602	3.29786039846e+15	-3.01322241138e+13	0.00116858036631	0.998832102158
908.879210242	3.29856813338e+15	-3.01386906178e+13	0.00116586287533	0.998834816479
908.684160882	3.29927617214e+15	-3.01451598979e+13	0.00116339334194	0.998837283138
908.489111522	3.29998451492e+15	-3.01516319559e+13	0.00116112028575	0.998839553554
908.294062163	3.30069316193e+15	-3.01581067935e+13	0.00115900477677	0.99884166661
908.099012803	3.30140211335e+15	-3.01645844126e+13	0.00115701729372	0.998843651793
907.903963443	3.30211136939e+15	-3.01710648149e+13	0.00115513538288	0.998845531529
907.708914083	3.30282093024e+15	-3.01775480022e+13	0.00115334188716	0.998847322956
907.513864723	3.3035307961e+15	-3.01840339764e+13	0.00112354546326	0.998877085478
907.318815363	3.30424096716e+15	-3.01905227392e+13	0.00112043253344	0.998880194917
907.123766003	3.30495144363e+15	-3.01970142924e+13	0.00111981313554	0.998880813621
906.928716643	3.30566222569e+15	-3.02035086378e+13	0.00111919397971	0.998881432084
906.733667284	3.30637331355e+15	-3.02100057773e+13	0.00111857505278	0.998882050319
906.538617924	3.3070847074e+15	-3.02165057126e+13	0.00111795635141	0.998882668329
906.343568564	3.30779640744e+15	-3.02230084455e+13	0.00111733787539	0.998883286114
906.148519204	3.30850841387e+15	-3.02295139778e+13	0.00111671962549	0.998883903674
905.953469844	3.30922072688e+15	-3.02360223114e+13	0.00111610159571	0.998884521014
905.758420484	3.30993334668e+15	-3.02425334481e+13	0.00111548378875	0.998885138132
905.563371124	3.31064627347e+15	-3.02490473896e+13	0.00111486620593	0.998885755027
905.368321765	3.31135950743e+15	-3.02555641378e+13	0.00111424884309	0.998886371702
905.173272405	3.31207304877e+15	-3.02620836945e+13	0.0011136317037	0.998886988154
904.978223045	3.31278689769e+15	-3.02686060615e+13	0.00111301478641	0.998887604385
904.783173685	3.31350105439e+15	-3.02751312407e+13	0.00111239809057	0.998888220395
904.588124325	3.31421551907e+15	-3.02816592338e+13	0.00111178161947	0.998888836181
904.393074965	3.31493029191e+15	-3.02881900426e+13	0.00111116537237	0.998889451743
904.198025605	3.31564537314e+15	-3.02947236691e+13	0.00111054934861	0.998890067083
904.002976245	3.31636076294e+15	-3.0301260115e+13	0.00110993355011	0.998890682198
903.807926886	3.31707646151e+15	-3.03077993821e+13	0.0011093179749	0.998891297091
903.612877526	3.31779246906e+15	-3.03143414722e+13	0.00110870262415	0.99889191176
903.417828166	3.31850878578e+15	-3.03208863873e+13	0.00110808749671	0.998892526206
903.222778806	3.31922541188e+15	-3.03274341291e+13	0.0011074725917	0.99889314043
903.027729446	3.31994234755e+15	-3.03339846995e+13	0.00110685791007	0.998893754431
902.832680086	3.320659593e+15	-3.03405381002e+13	0.00110624345105	0.998894368211
902.637630726	3.32137714842e+15	-3.03470943332e+13	0.00110562921453	0.998894981768
902.442581367	3.32209501402e+15	-3.03536534002e+13	0.00110501519998	0.998895595105
902.247532007	3.32281319e+15	-3.03602153031e+13	0.00110440140821	0.998896208219
902.052482647	3.32353167656e+15	-3.03667800438e+13	0.00110378783872	0.998896821111
901.857433287	3.32425047391e+15	-3.0373347624e+13	0.00110317449111	0.998897433782
901.662383927	3.32496958223e+15	-3.03799180457e+13	0.00110256136602	0.998898046231
901.467334567	3.32568900174e+15	-3.03864913107e+13	0.00110194846305	0.998898658459
901.272285207	3.32640873264e+15	-3.03930674207e+13	0.00110133578188	0.998899270466
901.077235847	3.32712877513e+15	-3.03996463777e+13	0.00110072332302	0.998899882251
900.882186488	3.32784912941e+15	-3.04062281836e+13	0.00110011108593	0.998900493814
900.687137128	3.32856979568e+15	-3.041281284e+13	0.001099499071	0.998901105157
900.492087768	3.32929077415e+15	-3.0419400349e+13	0.00109888727797	0.998901716278
900.297038408	3.33001206502e+15	-3.04259907124e+13	0.00109827570661	0.998902327177
900.101989048	3.33073366849e+15	-3.0432583932e+13	0.00109766435725	0.998902937856
899.906939688	3.33145558477e+15	-3.04391800097e+13	0.00109705322964	0.998903548313
899.711890328	3.33217781406e+15	-3.04457789473e+13	0.00109644232363	0.99890415855
899.516840969	3.33290035656e+15	-3.04523807467e+13	0.00109583163943	0.998904768565
899.321791609	3.33362321248e+15	-3.04589854098e+13	0.00109522117677	0.998905378359
899.126742249	3.33434638203e+15	-3.04655929384e+13	0.00109461093572	0.998905987932
898.931692889	3.33506986539e+15	-3.04722033344e+13	0.00109400091631	0.998906597285
898.736643529	3.33579366279e+15	-3.04788165996e+13	0.00109339111836	0.998907206416
898.541594169	3.33651777442e+15	-3.0485432736e+13	0.00109278154188	0.998907815326
898.346544809	3.33724220049e+15	-3.04920517454e+13	0.00109217218687	0.998908424016
898.151495449	3.3379669412e+15	-3.04986736296e+13	0.00109156305324	0.998909032485
897.95644609	3.33869199676e+15	-3.05052983906e+13	0.00109095414095	0.998909640733
897.76139673	3.33941736738e+15	-3.05119260302e+13	0.00109034544995	0.998910248761
897.56634737	3.34014305325e+15	-3.05185565503e+13	0.00108973698021	0.998910856568
897.37129801	3.34086905459e+15	-3.05251899527e+13	0.00108912873168	0.998911464154
897.17624865	3.3415953716e+15	-3.05318262395e+13	0.00108852070431	0.998912071519
896.98119929	3.34232200449e+15	-3.05384654123e+13	0.00108791289808	0.998912678665
896.78614993	3.34304895346e+15	-3.05451074732e+13	0.00108730531292	0.998913285589
896.59110057	3.34377621872e+15	-3.05517524239e+13	0.00108669794881	0.998913892294
896.396051211	3.34450380047e+15	-3.05584002665e+13	0.0010860908057	0.998914498777
896.201001851	3.34523169893e+15	-3.05650510027e+13	0.00108548388354	0.998915105041
896.005952491	3.34595991429e+15	-3.05717046345e+13	0.0010848771823	0.998915711084
895.810903131	3.34668844677e+15	-3.05783611637e+13	0.00108427185782	0.998916315753
895.615853771	3.34741729657e+15	-3.05850205923e+13	0.00108366559523	0.998916921358
895.420804411	3.34814646391e+15	-3.05916829222e+13	0.00108305955343	0.998917526744
895.225755051	3.34887594898e+15	-3.05983481552e+13	0.00108245258492	0.998918133056
895.030705692	3.349605752e+15	-3.06050162932e+13	0.00108184698762	0.998918737998
894.835656332	3.35033587317e+15	-3.06116873382e+13	0.00108124161097	0.99891934272
894.640606972	3.3510663127e+15	-3.0618361292e+13	0.00108063645494	0.998919947222
894.445557612	3.35179707081e+15	-3.06250381565e+13	0.00108003151949	0.998920551505
894.250508252	3.35252814769e+15	-3.06317179337e+13	0.00107942680457	0.998921155567
894.055458892	3.35325954356e+15	-3.06384006254e+13	0.00107882231015	0.998921759409
893.860409532	3.35399125862e+15	-3.06450862336e+13	0.00107821803617	0.998922363032
893.665360172	3.35472329309e+15	-3.06517747602e+13	0.0010776139826	0.998922966435
893.470310813	3.35545564718e+15	-3.06584662071e+13	0.00107701014939	0.998923569618
893.275261453	3.35618832108e+15	-3.06651605761e+13	0.0010764065365	0.998924172581
893.080212093	3.35692131502e+15	-3.06718578693e+13	0.00107580314389	0.998924775325
892.885162733	3.35765462921e+15	-3.06785580885e+13	0.00107519997152	0.998925377849
892.690113373	3.35838826384e+15	-3.06852612356e+13	0.00107459701934	0.998925980153
893.690113373	3.35463037482e+15	-3.06509257752e+13	0.00107769062923	0.998922889871
893.993143676	3.35349328035e+15	-3.06405362554e+13	0.00107862923011	0.998921952281
894.296173979	3.35235695649e+15	-3.06301537766e+13	0.00107956836305	0.998921014161
894.599204282	3.35122140244e+15	-3.06197783316e+13	0.00108050802821	0.99892007551
894.902234585	3.35008661744e+15	-3.06094099132e+13	0.00108144822576	0.998919136329
895.205264888	3.34895260069e+15	-3.05990485143e+13	0.00108238895584	0.998918196616
895.508295191	3.34781935142e+15	-3.05886941277e+13	0.00108333137049	0.998917255221
895.811325494	3.34668686885e+15	-3.05783467464e+13	0.00108427317087	0.998916314441
896.114355797	3.3455551522e+15	-3.05680063633e+13	0.00108521434364	0.998915374289
896.4173861	3.3444242007e+15	-3.05576729712e+13	0.00108615720547	0.99891443245
896.720416403	3.34329401356e+15	-3.05473465631e+13	0.00108710060063	0.998913490079
897.023446706	3.34216459002e+15	-3.05370271319e+13	0.00108804452929	0.998912547177
897.32647701	3.3410359293e+15	-3.05267146704e+13	0.0010889889916	0.998911603742
897.629507313	3.33990803063e+15	-3.05164091718e+13	0.00108993398772	0.998910659775
897.932537616	3.33878089323e+15	-3.05061106288e+13	0.00109087951782	0.998909715275
898.235567919	3.33765451634e+15	-3.04958190345e+13	0.00109182558204	0.998908770243
898.538598222	3.33652889919e+15	-3.04855343819e+13	0.00109277218055	0.998907824678
898.841628525	3.335404041e+15	-3.04752566639e+13	0.00109371931355	0.998906878579
899.144658828	3.33427994102e+15	-3.04649858734e+13	0.00109466698117	0.998905931948
899.447689131	3.33315659846e+15	-3.04547220036e+13	0.00109561518358	0.998904984784
899.750719434	3.33203401258e+15	-3.04444650474e+13	0.00109656392096	0.998904037086
900.053749737	3.33091218261e+15	-3.04342149978e+13	0.00109751319346	0.998903088854
900.35678004	3.32979110777e+15	-3.04239718479e+13	0.00109846300107	0.998902140089
900.659810343	3.32867078732e+15	-3.04137355907e+13	0.00109941334427	0.998901190789
900.962840646	3.32755122048e+15	-3.04035062192e+13	0.0011003642231	0.998900240956
901.265870949	3.3264324065e+15	-3.03932837265e+13	0.00110131563745	0.998899290588
901.568901252	3.32531434462e+15	-3.03830681056e+13	0.001102267588	0.998898339686
901.871931555	3.32419703409e+15	-3.03728593497e+13	0.00110322007435	0.998897388249
902.174961858	3.32308047413e+15	-3.03626574518e+13	0.00110417309732	0.998896436277
902.477992161	3.321964664e+15	-3.0352462405e+13	0.0011051266564	0.998895483771
902.781022464	3.32084960295e+15	-3.03422742023e+13	0.00110608075263	0.998894530729
903.084052767	3.31973529021e+15	-3.0332092837e+13	0.00110703538541	0.998893577152
903.38708307	3.31862172504e+15	-3.03219183022e+13	0.00110799055621	0.998892623039
903.690113373	3.31750890669e+15	-3.03117505909e+13	0.00110894626465	0.998891668389
903.993143676	3.31639683439e+15	-3.03015896963e+13	0.00110990251323	0.998890713201
904.296173979	3.31528550741e+15	-3.02914356115e+13	0.00111085930176	0.998889757474
904.599204282	3.31417492499e+15	-3.02812883297e+13	0.00111181663268	0.998888801206
904.902234585	3.31306508639e+15	-3.02711478442e+13	0.00111277450315	0.998887844401
905.205264888	3.31195599085e+15	-3.02610141479e+13	0.00111373291324	0.998886887057
905.508295191	3.31084763764e+15	-3.02508872342e+13	0.00111469185969	0.998885929178
905.811325494	3.30974002601e+15	-3.02407670962e+13	0.00111565134178	0.998884970766
906.114355797	3.30863315521e+15	-3.02306537271e+13	0.00111661135766	0.998884011821
906.4173861	3.3075270245e+15	-3.02205471202e+13	0.00111757191669	0.998883052334
906.720416403	3.30642163313e+15	-3.02104472686e+13	0.00111853301343	0.998882092311
907.023446706	3.30531698038e+15	-3.02003541656e+13	0.00111949465708	0.998881131743
907.32647701	3.30421306549e+15	-3.01902678044e+13	0.0011204568689	0.998880170609
907.629507313	3.30310988773e+15	-3.01801881782e+13	0.00114414719329	0.998856507094
907.932537616	3.30200744636e+15	-3.01701152804e+13	0.00115540518972	0.998845262034
908.235567919	3.30090574064e+15	-3.01600491042e+13	0.00115839644059	0.998842274242
908.538598222	3.29980476984e+15	-3.01499896429e+13	0.00116168071922	0.998838993771
908.841628525	3.29870453323e+15	-3.01399368897e+13	0.00116536956102	0.998835309218
909.144658828	3.29760503006e+15	-3.01298908379e+13	0.00116963464367	0.998831049112
909.447689131	3.2965062596e+15	-3.01198514809e+13	0.00117474158929	0.998825948149
909.750719434	3.29540822113e+15	-3.01098188119e+13	0.00118110277626	0.998819594451
910.053749737	3.29431091391e+15	-3.00997928243e+13	0.00118936109993	0.99881134591
910.35678004	3.29321433721e+15	-3.00897735114e+13	0.00120052647717	0.998800193866
910.659810343	3.2921184903e+15	-3.00797608666e+13	0.00121621140066	0.998784527885
910.962840646	3.29102337245e+15	-3.00697548831e+13	0.00123908255785	0.998761684788
911.265870949	3.28992898294e+15	-3.00597555543e+13	0.00127387897518	0.998726932064
911.568901252	3.28883532104e+15	-3.00497628737e+13	0.00133010373696	0.998670780459
911.871931555	3.28774238603e+15	-3.00397768345e+13	0.00142938432791	0.998571636755
912.174961858	3.28665017717e+15	-3.00297974302e+13	0.00162246173186	0.998378853748
912.477992161	3.28555869375e+15	-3.00198246541e+13	0.00201382258878	0.997988203791
912.781022464	3.28446793504e+15	-3.00098584996e+13	0.00275897721003	0.99724482527
913.084052767	3.28337790033e+15	-2.99998989602e+13	0.00395745654019	0.996050363871
913.38708307	3.28228858889e+15	-2.99899460293e+13	0.00542590448118	0.994588789151
913.690113373	3.2812e+15	-2.99799997002e+13	0.00657076264826	0.993450777608
913.993143676	3.28011213294e+15	-2.99700599665e+13	0.00668605095541	0.993336250952
914.296173979	3.279024987e+15	-2.99601268215e+13	0.00555903219475	0.994456390633
914.599204282	3.27793856146e+15	-2.99502002587e+13	0.00371886083384	0.996288045565
914.902234585	3.2768528556e+15	-2.99402802716e+13	0.00198417286431	0.998017794305
915.205264888	3.27576786872e+15	-2.99303668537e+13	0.000839862737551	0.999160489848
915.508295191	3.27468360008e+15	-2.99204599984e+13	0.000281082766674	0.999718956733
915.811325494	3.27360004899e+15	-2.99105596992e+13	7.42136925353e-05	0.999925789061
916.114355797	3.27251721472e+15	-2.99006659495e+13	1.54343775477e-05	0.999984565742
916.4173861	3.27143509657e+15	-2.9890778743e+13	2.52644073717e-06	0.999997473562
916.720416403	3.27035369384e+15	-2.98808980731e+13	3.25981372655e-07	0.999999674019
917.023446706	3.2692730058e+15	-2.98710239333e+13	3.37573830228e-08	0.999999966243
917.32647701	3.26819303175e+15	-2.98611563172e+13	3.42598326408e-09	0.999999996574
917.629507313	3.26711377098e+15	-2.98512952183e+13	8.75052686526e-10	0.999999999125
917.932537616	3.26603522279e+15	-2.98414406301e+13	6.16433511773e-10	0.999999999384
918.235567919	3.26495738648e+15	-2.98315925463e+13	5.33508785998e-10	0.999999999466
918.538598222	3.26388026132e+15	-2.98217509603e+13	4.73036645033e-10	0.999999999527
918.841628525	3.26280384664e+15	-2.98119158657e+13	4.23734288928e-10	0.999999999576
919.144658828	3.26172814171e+15	-2.98020872561e+13	3.8271896921e-10	0.999999999617
919.447689131	3.26065314584e+15	-2.97922651251e+13	3.48140310617e-10	0.999999999652
919.750719434	3.25957885833e+15	-2.97824494664e+13	3.18963793876e-10	0.999999999681
920.053749737	3.25850527848e+15	-2.97726402734e+13	2.93596004827e-10	0.999999999706
920.35678004	3.25743240558e+15	-2.97628375398e+13	2.71563510824e-10	0.999999999728
920.659810343	3.25636023895e+15	-2.97530412593e+13	2.5227937835e-10	0.999999999748
920.962840646	3.25528877788e+15	-2.97432514254e+13	2.35285550973e-10	0.999999999765
921.265870949	3.25421802168e+15	-2.97334680319e+13	2.20142278055e-10	0.99999999978
921.568901252	3.25314796965e+15	-2.97236910723e+13	2.0690101065e-10	0.999999999793
921.871931555	3.2520786211e+15	-2.97139205403e+13	1.94852028662e-10	0.999999999805
922.174961858	3.25100997533e+15	-2.97041564296e+13	1.83999965694e-10	0.999999999816
922.477992161	3.24994203165e+15	-2.96943987338e+13	1.74191271511e-10	0.999999999826
922.781022464	3.24887478938e+15	-2.96846474466e+13	1.65292115699e-10	0.999999999835
923.084052767	3.24780824781e+15	-2.96749025618e+13	1.57140527245e-10	0.999999999843
923.38708307	3.24674240626e+15	-2.96651640729e+13	1.49588966546e-10	0.99999999985
923.690113373	3.24567726405e+15	-2.96554319738e+13	1.42876834973e-10	0.999999999857
