912.0	3.28728070175e+15	-3.00254926285e+13	0.000849509867672	0.999150850864
911.801857653	3.28799505598e+15	-3.00320174251e+13	0.000757773134122	0.999242513903
911.603715306	3.28870972075e+15	-3.00385450581e+13	0.00070006635148	0.999300178638
911.405572958	3.28942469626e+15	-3.00450755293e+13	0.000662868890641	0.999337350758
911.207430611	3.29013998271e+15	-3.00516088407e+13	0.000637874415831	0.999362328983
911.009288264	3.29085558031e+15	-3.0058144994e+13	0.000620312586947	0.999379879767
910.811145917	3.29157148926e+15	-3.00646839911e+13	0.000607492680751	0.999392691806
910.613003569	3.29228770976e+15	-3.00712258339e+13	0.000597855154457	0.999402323525
910.414861222	3.29300424202e+15	-3.00777705242e+13	0.000590444734786	0.999409729543
910.216718875	3.29372108623e+15	-3.00843180639e+13	0.000584639165901	0.999415531702
910.018576528	3.29443824261e+15	-3.00908684549e+13	0.00058001215455	0.99942015602
909.820434181	3.29515571136e+15	-3.00974216989e+13	0.000576261215045	0.999423904792
909.622291833	3.29587349267e+15	-3.0103977798e+13	0.000573166924713	0.999426997304
909.424149486	3.29659158677e+15	-3.01105367539e+13	0.000570567915895	0.999429594827
909.226007139	3.29730999384e+15	-3.01170985685e+13	0.000568344521092	0.999431816956
909.027864792	3.2980287141e+15	-3.01236632437e+13	0.000566407594289	0.999433752784
908.829722445	3.29874774775e+15	-3.01302307813e+13	0.00056469047755	0.99943546893
908.631580097	3.29946709499e+15	-3.01368011832e+13	0.000563143259018	0.999437015276
908.43343775	3.30018675603e+15	-3.01433744514e+13	0.000561728498355	0.999438429242
908.235295403	3.30090673108e+15	-3.01499505876e+13	0.000560418077999	0.999439738927
908.037153056	3.30162702034e+15	-3.01565295938e+13	0.000559190841479	0.999440965477
907.839010708	3.30234762401e+15	-3.01631114718e+13	0.000558030833279	0.999442124837
907.640868361	3.30306854231e+15	-3.01696962235e+13	0.000556925976353	0.999443229078
907.442726014	3.30378977544e+15	-3.01762838508e+13	0.000555867093298	0.999444287372
907.244583667	3.3045113236e+15	-3.01828743556e+13	0.000540744604569	0.999459401571
907.04644132	3.305233187e+15	-3.01894677398e+13	0.000539570007518	0.999460575534
906.848298972	3.30595536585e+15	-3.01960640052e+13	0.00053909869027	0.999461046597
906.650156625	3.30667786036e+15	-3.02026631537e+13	0.000538627681905	0.999461517352
906.452014278	3.30740067072e+15	-3.02092651873e+13	0.000538156982256	0.999461987798
906.253871931	3.30812379716e+15	-3.02158701078e+13	0.000537686591182	0.999462457936
906.055729584	3.30884723987e+15	-3.02224779171e+13	0.00053721650855	0.999462927766
905.857587236	3.30957099906e+15	-3.02290886171e+13	0.000536746734225	0.999463397289
905.659444889	3.31029507495e+15	-3.02357022097e+13	0.000536277268061	0.999463866503
905.461302542	3.31101946774e+15	-3.02423186969e+13	0.000535808109928	0.99946433541
905.263160195	3.31174417763e+15	-3.02489380804e+13	0.000535339259694	0.999464804009
905.065017847	3.31246920484e+15	-3.02555603623e+13	0.000534870717218	0.999465272301
904.8668755	3.31319454958e+15	-3.02621855444e+13	0.000534402482369	0.999465740285
904.668733153	3.31392021204e+15	-3.02688136286e+13	0.000533934555012	0.999466207963
904.470590806	3.31464619245e+15	-3.02754446168e+13	0.000533466935011	0.999466675333
904.272448459	3.31537249101e+15	-3.0282078511e+13	0.000532999622237	0.999467142397
904.074306111	3.31609910793e+15	-3.0288715313e+13	0.000532532616552	0.999467609154
903.876163764	3.31682604342e+15	-3.02953550247e+13	0.000532065917827	0.999468075604
903.678021417	3.31755329769e+15	-3.03019976482e+13	0.000531599525924	0.999468541748
903.47987907	3.31828087094e+15	-3.03086431852e+13	0.000531133440708	0.999469007586
903.281736723	3.3190087634e+15	-3.03152916378e+13	0.000530667662046	0.999469473117
903.083594375	3.31973697526e+15	-3.03219430077e+13	0.000530202189802	0.999469938343
902.885452028	3.32046550674e+15	-3.03285972971e+13	0.000529737023839	0.999470403262
902.687309681	3.32119435805e+15	-3.03352545076e+13	0.000529272164026	0.999470867876
902.489167334	3.32192352941e+15	-3.03419146414e+13	0.000528807610227	0.999471332184
902.291024986	3.32265302101e+15	-3.03485777003e+13	0.000528343362306	0.999471796186
902.092882639	3.32338283307e+15	-3.03552436863e+13	0.00052787942013	0.999472259884
901.894740292	3.32411296581e+15	-3.03619126012e+13	0.000527415783565	0.999472723276
901.696597945	3.32484341943e+15	-3.0368584447e+13	0.000526952452475	0.999473186363
901.498455598	3.32557419415e+15	-3.03752592257e+13	0.000526489426729	0.999473649145
901.30031325	3.32630529017e+15	-3.03819369392e+13	0.00052602670619	0.999474111622
901.102170903	3.32703670772e+15	-3.03886175893e+13	0.000525564290724	0.999474573794
900.904028556	3.327768447e+15	-3.03953011781e+13	0.000525102180198	0.999475035662
900.705886209	3.32850050822e+15	-3.04019877075e+13	0.000524640374477	0.999475497225
900.507743862	3.3292328916e+15	-3.04086771794e+13	0.000524178873427	0.999475958484
900.309601514	3.32996559734e+15	-3.04153695958e+13	0.000523717676915	0.999476419439
900.111459167	3.33069862567e+15	-3.04220649586e+13	0.000523256784807	0.99947688009
899.91331682	3.3314319768e+15	-3.04287632698e+13	0.000522796196967	0.999477340437
899.715174473	3.33216565093e+15	-3.04354645312e+13	0.000522335913263	0.99947780048
899.517032125	3.33289964829e+15	-3.0442168745e+13	0.00052187593356	0.99947826022
899.318889778	3.33363396908e+15	-3.04488759129e+13	0.000521416257726	0.999478719656
899.120747431	3.33436861352e+15	-3.0455586037e+13	0.000520956885624	0.999479178789
898.922605084	3.33510358183e+15	-3.04622991193e+13	0.000520497817123	0.999479637618
898.724462737	3.33583887421e+15	-3.04690151616e+13	0.000520039052087	0.999480096145
898.526320389	3.33657449088e+15	-3.04757341659e+13	0.000519580590384	0.999480554368
898.328178042	3.33731043207e+15	-3.04824561342e+13	0.00051912243188	0.999481012289
898.130035695	3.33804669797e+15	-3.04891810685e+13	0.00051866457644	0.999481469907
897.931893348	3.33878328881e+15	-3.04959089707e+13	0.000518207023932	0.999481927222
897.733751001	3.3395202048e+15	-3.05026398428e+13	0.000517749774222	0.999482384235
897.535608653	3.34025744616e+15	-3.05093736867e+13	0.000517292827175	0.999482840946
897.337466306	3.3409950131e+15	-3.05161105045e+13	0.000516836182658	0.999483297354
897.139323959	3.34173290584e+15	-3.0522850298e+13	0.000516379840539	0.999483753461
896.941181612	3.3424711246e+15	-3.05295930693e+13	0.000515923800682	0.999484209265
896.743039264	3.34320966958e+15	-3.05363388204e+13	0.000515468062956	0.999484664768
896.544896917	3.34394854101e+15	-3.05430875531e+13	0.000515012627225	0.999485119969
896.34675457	3.34468773911e+15	-3.05498392695e+13	0.000514557493358	0.999485574869
896.148612223	3.34542726408e+15	-3.05565939717e+13	0.00051410266122	0.999486029467
895.950469876	3.34616711615e+15	-3.05633516614e+13	0.000513648130677	0.999486483764
895.752327528	3.34690729554e+15	-3.05701123408e+13	0.000513193901598	0.99948693776
895.554185181	3.34764780245e+15	-3.05768760118e+13	0.000512739973848	0.999487391455
895.356042834	3.34838863712e+15	-3.05836426764e+13	0.000512286347294	0.999487844849
895.157900487	3.34912979975e+15	-3.05904123366e+13	0.000511833021803	0.999488297942
894.95975814	3.34987129056e+15	-3.05971849944e+13	0.000511379997241	0.999488750735
894.761615792	3.35061310978e+15	-3.06039606517e+13	0.000510927273476	0.999489203228
894.563473445	3.35135525761e+15	-3.06107393106e+13	0.000510474850374	0.99948965542
894.365331098	3.35209773429e+15	-3.06175209731e+13	0.000510022727802	0.999490107312
894.167188751	3.35284054002e+15	-3.06243056411e+13	0.000509570905627	0.999490558904
893.969046403	3.35358367503e+15	-3.06310933167e+13	0.000509119383716	0.999491010196
893.770904056	3.35432713953e+15	-3.06378840018e+13	0.000508668161935	0.999491461188
893.572761709	3.35507093375e+15	-3.06446776985e+13	0.000508217240152	0.99949191188
893.374619362	3.3558150579e+15	-3.06514744087e+13	0.000507766618234	0.999492362273
893.176477015	3.3565595122e+15	-3.06582741346e+13	0.000507316296048	0.999492812367
892.978334667	3.35730429688e+15	-3.06650768779e+13	0.000506866273461	0.999493262162
892.78019232	3.35804941215e+15	-3.06718826409e+13	0.000506416550339	0.999493711657
892.582049973	3.35879485823e+15	-3.06786914255e+13	0.000505967126551	0.999494160853
892.383907626	3.35954063535e+15	-3.06855032336e+13	0.000505518001963	0.999494609751
893.383907626	3.35578016842e+15	-3.06511557339e+13	0.000507787735216	0.999492341167
893.686937929	3.35464229448e+15	-3.06407625764e+13	0.000508477039682	0.999491652213
893.989968232	3.35350519193e+15	-3.06303764647e+13	0.000509167045689	0.999490962558
894.292998535	3.35236886e+15	-3.06199973917e+13	0.000509857753715	0.999490272202
894.596028838	3.35123329789e+15	-3.06096253501e+13	0.000510549164235	0.999489581144
894.899059141	3.35009850483e+15	-3.05992603329e+13	0.000511241277726	0.999488889384
895.202089444	3.34896448003e+15	-3.05889023329e+13	0.000511934094663	0.999488196921
895.505119747	3.34783122273e+15	-3.05785513431e+13	0.000512627615523	0.999487503756
895.80815005	3.34669873213e+15	-3.05682073561e+13	0.000513321840783	0.999486809886
896.111180353	3.34556700745e+15	-3.05578703651e+13	0.00051401677092	0.999486115313
896.414210656	3.34443604794e+15	-3.05475403629e+13	0.00051471240641	0.999485420035
896.717240959	3.34330585279e+15	-3.05372173423e+13	0.000515408747731	0.999484724053
897.020271262	3.34217642125e+15	-3.05269012964e+13	0.00051610579536	0.999484027364
897.323301565	3.34104775254e+15	-3.0516592218e+13	0.000516803549775	0.99948332997
897.626331868	3.33991984589e+15	-3.05062901002e+13	0.000517502011452	0.99948263187
897.929362171	3.33879270052e+15	-3.04959949357e+13	0.00051820118087	0.999481933062
898.232392474	3.33766631566e+15	-3.04857067177e+13	0.000518901058507	0.999481233547
898.535422777	3.33654069055e+15	-3.04754254391e+13	0.000519601644841	0.999480533325
898.83845308	3.33541582442e+15	-3.04651510928e+13	0.00052030294035	0.999479832394
899.141483383	3.33429171649e+15	-3.04548836719e+13	0.000521004945513	0.999479130754
899.444513686	3.33316836601e+15	-3.04446231694e+13	0.000521707660808	0.999478428405
899.747543989	3.3320457722e+15	-3.04343695782e+13	0.000522411086714	0.999477725346
900.050574292	3.33092393431e+15	-3.04241228914e+13	0.000523115223709	0.999477021577
900.353604595	3.32980285157e+15	-3.04138831021e+13	0.000523820072273	0.999476317098
900.656634898	3.32868252321e+15	-3.04036502032e+13	0.000524525632886	0.999475611907
900.959665202	3.32756294848e+15	-3.03934241877e+13	0.000525231906026	0.999474906004
901.262695505	3.32644412662e+15	-3.03832050489e+13	0.000525938892173	0.999474199389
901.565725808	3.32532605686e+15	-3.03729927796e+13	0.000526646591806	0.999473492062
901.868756111	3.32420873845e+15	-3.03627873731e+13	0.000527355005407	0.999472784022
902.171786414	3.32309217064e+15	-3.03525888224e+13	0.000528064133454	0.999472075268
902.474816717	3.32197635266e+15	-3.03423971205e+13	0.000528773976429	0.9994713658
902.77784702	3.32086128376e+15	-3.03322122606e+13	0.000529484534811	0.999470655617
903.080877323	3.31974696318e+15	-3.03220342358e+13	0.000530195809082	0.99946994472
903.383907626	3.31863339018e+15	-3.03118630392e+13	0.000530907799723	0.999469233107
903.686937929	3.317520564e+15	-3.0301698664e+13	0.000531620507218	0.999468520778
903.989968232	3.3164084839e+15	-3.02915411032e+13	0.000532333932049	0.999467807733
904.292998535	3.31529714911e+15	-3.02813903501e+13	0.000533048074699	0.99946709397
904.596028838	3.31418655889e+15	-3.02712463978e+13	0.000533762935645	0.99946637949
904.899059141	3.3130767125e+15	-3.02611092394e+13	0.000534478515369	0.999465664293
905.202089444	3.31196760918e+15	-3.02509788682e+13	0.000535194814345	0.999464948377
905.505119747	3.31085924819e+15	-3.02408552773e+13	0.000535911833056	0.999464231742
905.80815005	3.30975162879e+15	-3.023073846e+13	0.000536629571977	0.999463514388
906.111180353	3.30864475023e+15	-3.02206284093e+13	0.000537348031609	0.999462796314
906.414210656	3.30753861177e+15	-3.02105251186e+13	0.000538067212423	0.99946207752
906.717240959	3.30643321266e+15	-3.0200428581e+13	0.000538787114919	0.999461358005
907.020271262	3.30532855217e+15	-3.01903387899e+13	0.000539507739611	0.999460637769
907.323301565	3.30422462955e+15	-3.01802557384e+13	0.000553556593915	0.99944659659
907.626331868	3.30312144407e+15	-3.01701794197e+13	0.000556846826057	0.999443308184
907.929362171	3.30201899499e+15	-3.01601098272e+13	0.000558552298409	0.999441603663
908.232392474	3.30091728157e+15	-3.01500469541e+13	0.000560399541557	0.999439757453
908.535422777	3.29981630307e+15	-3.01399907937e+13	0.000562442067209	0.999437716074
908.83845308	3.29871605877e+15	-3.01299413392e+13	0.000564762244583	0.999435397204
909.141483383	3.29761654791e+15	-3.01198985841e+13	0.000567487548619	0.999432673442
909.444513686	3.29651776978e+15	-3.01098625214e+13	0.00057081596197	0.999429346922
909.747543989	3.29541972364e+15	-3.00998331447e+13	0.000575056190959	0.999425109122
910.050574292	3.29432240876e+15	-3.00898104472e+13	0.000580693282244	0.999419475287
910.353604595	3.29322582441e+15	-3.00797944222e+13	0.000588501434496	0.999411671699
910.656634898	3.29212996986e+15	-3.0069785063e+13	0.000599759271265	0.999400420548
910.959665202	3.29103484438e+15	-3.00597823631e+13	0.000616731976559	0.999383458164
911.262695505	3.28994044724e+15	-3.00497863157e+13	0.000643942534479	0.999356264752
911.565725808	3.28884677772e+15	-3.00397969143e+13	0.000691663819372	0.999308575325
911.868756111	3.28775383509e+15	-3.00298141522e+13	0.000784089364492	0.999216217953
912.171786414	3.28666161863e+15	-3.00198380229e+13	0.000971521072708	0.999028950701
912.474816717	3.28557012761e+15	-3.00098685195e+13	0.00133004676788	0.998670837352
912.77784702	3.28447936131e+15	-2.99999056357e+13	0.00191081476605	0.998091009678
913.080877323	3.28338931902e+15	-2.99899493648e+13	0.00262876298374	0.997374689188
913.383907626	3.2823e+15	-2.99799997002e+13	0.00319612833932	0.996808973842
913.686937929	3.28121140354e+15	-2.99700566353e+13	0.00326395005886	0.996741370836
913.989968232	3.28012352893e+15	-2.99601201637e+13	0.00272111724777	0.997282581636
914.292998535	3.27903637543e+15	-2.99501902786e+13	0.00182317477676	0.998178486197
914.596028838	3.27794994235e+15	-2.99402669736e+13	0.000972992920118	0.999027480284
914.899059141	3.27686422895e+15	-2.99303502422e+13	0.000411401743432	0.999588682871
915.202089444	3.27577923453e+15	-2.99204400778e+13	0.000137348516119	0.999862660916
915.505119747	3.27469495837e+15	-2.99105364738e+13	3.61239557616e-05	0.999963876697
915.80815005	3.27361139976e+15	-2.99006394238e+13	7.47319439984e-06	0.999992526834
916.111180353	3.27252855799e+15	-2.98907489213e+13	1.21468635626e-06	0.999998785314
916.414210656	3.27144643234e+15	-2.98808649598e+13	1.54979709429e-07	0.99999984502
916.717240959	3.27036502211e+15	-2.98709875328e+13	1.55115000926e-08	0.999999984489
917.020271262	3.26928432659e+15	-2.98611166338e+13	1.21872075872e-09	0.999999998781
917.323301565	3.26820434506e+15	-2.98512522563e+13	8.10565102541e-11	0.999999999919
917.626331868	3.26712507682e+15	-2.98413943939e+13	4.97562224825e-12	0.999999999995
917.929362171	3.26604652117e+15	-2.98315430401e+13	1.11406708668e-12	0.999999999999
918.232392474	3.2649686774e+15	-2.98216981886e+13	8.61429251864e-13	0.999999999999
918.535422777	3.2638915448e+15	-2.98118598327e+13	7.67284748595e-13	0.999999999999
918.83845308	3.26281512267e+15	-2.98020279662e+13	6.92434230477e-13	0.999999999999
919.141483383	3.26173941031e+15	-2.97922025826e+13	6.29364880482e-13	0.999999999999
919.444513686	3.26066440701e+15	-2.97823836755e+13	5.76285404318e-13	0.999999999999
919.747543989	3.25959011208e+15	-2.97725712385e+13	5.3002422094e-13	0.999999999999
920.050574292	3.25851652482e+15	-2.97627652652e+13	4.89838738987e-13	1.0
920.353604595	3.25744364452e+15	-2.97529657492e+13	4.54664900357e-13	1.0
920.656634898	3.25637147049e+15	-2.97431726842e+13	4.23675110008e-13	1.0
920.959665202	3.25530000203e+15	-2.97333860637e+13	3.96115623739e-13	1.0
921.262695505	3.25422923845e+15	-2.97236058814e+13	3.7203130499e-13	1.0
921.565725808	3.25315917904e+15	-2.9713832131e+13	3.4994069839e-13	1.0
921.868756111	3.25208982312e+15	-2.97040648061e+13	3.30122294853e-13	1.0
922.171786414	3.25102116999e+15	-2.96943039004e+13	3.12296278879e-13	1.0
922.474816717	3.24995321896e+15	-2.96845494076e+13	2.96162414565e-13	1.0
922.77784702	3.24888596934e+15	-2.96748013213e+13	2.803457248e-13	1.0
923.080877323	3.24781942043e+15	-2.96650596352e+13	2.66481439118e-13	1.0
923.383907626	3.24675357155e+15	-2.9655324343e+13	2.54538024275e-13	1.0
