912.0	3.28728070175e+15	-3.00072083713e+13	0.00076751635325	0.999232778112
911.796239347	3.28801531595e+15	-3.00139141332e+13	0.000607840291417	0.999392344406
911.592478695	3.28875025855e+15	-3.00206228928e+13	0.000499108823845	0.99950101571
911.388718042	3.28948552977e+15	-3.00273346521e+13	0.000429619378677	0.999570472895
911.18495739	3.29022112984e+15	-3.00340494133e+13	0.000386496102446	0.999613578578
910.981196737	3.29095705898e+15	-3.00407671783e+13	0.000359592654582	0.999640471991
910.777436085	3.2916933174e+15	-3.0047487949e+13	0.000342240990652	0.999657817567
910.573675432	3.29242990533e+15	-3.00542117277e+13	0.000330515467787	0.999669539146
910.36991478	3.29316682299e+15	-3.00609385161e+13	0.000322223885456	0.999677828023
910.166154127	3.2939040706e+15	-3.00676683165e+13	0.000316142200334	0.999683907767
909.962393475	3.29464164838e+15	-3.00744011308e+13	0.000311556753709	0.999688491775
909.758632822	3.29537955655e+15	-3.00811369609e+13	0.000308023819364	0.999692023615
909.55487217	3.29611779534e+15	-3.00878758091e+13	0.000305250259846	0.999694796324
909.351111517	3.29685636497e+15	-3.00946176772e+13	0.000303033373616	0.999697012536
909.147350865	3.29759526566e+15	-3.01013625673e+13	0.000301228838518	0.999698816526
908.943590212	3.29833449763e+15	-3.01081104815e+13	0.000299732003641	0.999700312912
908.739829559	3.29907406111e+15	-3.01148614218e+13	0.000298466170507	0.999701578366
908.536068907	3.29981395632e+15	-3.01216153901e+13	0.000297374764824	0.999702669447
908.332308254	3.30055418348e+15	-3.01283723887e+13	0.000296415887801	0.999703628039
908.128547602	3.30129474282e+15	-3.01351324194e+13	0.000295558444243	0.999704485229
907.924786949	3.30203563455e+15	-3.01418954843e+13	0.000294779312423	0.999705264131
907.721026297	3.30277685891e+15	-3.01486615856e+13	0.000294061278393	0.999705981953
907.517265644	3.30351841612e+15	-3.01554307251e+13	0.000293391501113	0.999706651534
907.313504992	3.30426030639e+15	-3.01622029051e+13	0.000292760379825	0.99970728247
907.109744339	3.30500252997e+15	-3.01689781274e+13	0.000292160713285	0.999707881962
906.905983687	3.30574508706e+15	-3.01757563942e+13	0.000291587070439	0.999708455437
906.702223034	3.3064879779e+15	-3.01825377075e+13	0.000284038629477	0.999716001706
906.498462382	3.30723120271e+15	-3.01893220695e+13	0.000283001312681	0.999717038728
906.294701729	3.30797476172e+15	-3.0196109482e+13	0.000282746948887	0.99971729302
906.090941077	3.30871865515e+15	-3.02028999472e+13	0.00028249275661	0.999717547141
905.887180424	3.30946288322e+15	-3.02096934672e+13	0.000282238735767	0.99971780109
905.683419772	3.31020744617e+15	-3.0216490044e+13	0.000281984886276	0.999718054868
905.479659119	3.31095234422e+15	-3.02232896797e+13	0.000281731208063	0.999718308474
905.275898466	3.31169757759e+15	-3.02300923763e+13	0.000281477701048	0.99971856191
905.072137814	3.31244314651e+15	-3.02368981359e+13	0.000281224365155	0.999718815175
904.868377161	3.31318905121e+15	-3.02437069606e+13	0.000280971200305	0.999719068268
904.664616509	3.31393529192e+15	-3.02505188525e+13	0.000280718206422	0.999719321191
904.460855856	3.31468186886e+15	-3.02573338135e+13	0.000280465383429	0.999719573943
904.257095204	3.31542878226e+15	-3.02641518459e+13	0.000280212731249	0.999719826525
904.053334551	3.31617603234e+15	-3.02709729516e+13	0.000279960249804	0.999720078935
903.849573899	3.31692361935e+15	-3.02777971328e+13	0.00027970793902	0.999720331176
903.645813246	3.31767154349e+15	-3.02846243916e+13	0.000279455798818	0.999720583245
903.442052594	3.318419805e+15	-3.02914547299e+13	0.000279203829122	0.999720835145
903.238291941	3.31916840412e+15	-3.02982881499e+13	0.000278952029857	0.999721086874
903.034531289	3.31991734106e+15	-3.03051246538e+13	0.000278700400943	0.999721338432
902.830770636	3.32066661606e+15	-3.03119642434e+13	0.000278448942306	0.999721589821
902.627009984	3.32141622934e+15	-3.03188069211e+13	0.000278197653867	0.99972184104
902.423249331	3.32216618114e+15	-3.03256526888e+13	0.000277946535549	0.999722092088
902.219488678	3.32291647168e+15	-3.03325015487e+13	0.000277695587276	0.999722342967
902.015728026	3.32366710119e+15	-3.03393535028e+13	0.000277444808971	0.999722593675
901.811967373	3.32441806991e+15	-3.03462085532e+13	0.000277194200558	0.999722844214
901.608206721	3.32516937806e+15	-3.03530667021e+13	0.000276943761958	0.999723094583
901.404446068	3.32592102588e+15	-3.03599279515e+13	0.000276693493096	0.999723344783
901.200685416	3.32667301359e+15	-3.03667923036e+13	0.000276443393895	0.999723594813
900.996924763	3.32742534142e+15	-3.03736597604e+13	0.000276193464277	0.999723844674
900.793164111	3.32817800961e+15	-3.03805303241e+13	0.000275943704168	0.999724094365
900.589403458	3.32893101838e+15	-3.03874039967e+13	0.000275694113489	0.999724343887
900.385642806	3.32968436798e+15	-3.03942807805e+13	0.000275444692164	0.999724593239
900.181882153	3.33043805862e+15	-3.04011606774e+13	0.000275195440116	0.999724842423
899.978121501	3.33119209054e+15	-3.04080436896e+13	0.00027494635727	0.999725091437
899.774360848	3.33194646397e+15	-3.04149298192e+13	0.000274697443548	0.999725340282
899.570600196	3.33270117915e+15	-3.04218190684e+13	0.000274448698873	0.999725588959
899.366839543	3.3334562363e+15	-3.04287114392e+13	0.00027420012317	0.999725837466
899.16307889	3.33421163567e+15	-3.04356069338e+13	0.000273951716361	0.999726085805
898.959318238	3.33496737747e+15	-3.04425055543e+13	0.00027370347837	0.999726333975
898.755557585	3.33572346195e+15	-3.04494073029e+13	0.000273455409121	0.999726581976
898.551796933	3.33647988934e+15	-3.04563121816e+13	0.000273207508537	0.999726829809
898.34803628	3.33723665987e+15	-3.04632201925e+13	0.000272959776542	0.999727077474
898.144275628	3.33799377378e+15	-3.0470131338e+13	0.000272712213059	0.99972732497
897.940514975	3.33875123129e+15	-3.04770456199e+13	0.000272464818012	0.999727572297
897.736754323	3.33950903265e+15	-3.04839630406e+13	0.000272217591324	0.999727819457
897.53299367	3.34026717808e+15	-3.0490883602e+13	0.000271970532919	0.999728066448
897.329233018	3.34102566782e+15	-3.04978073065e+13	0.00027172364272	0.999728313271
897.125472365	3.34178450211e+15	-3.0504734156e+13	0.000271476920652	0.999728559926
896.921711713	3.34254368118e+15	-3.05116641528e+13	0.000271230366637	0.999728806413
896.71795106	3.34330320527e+15	-3.05185972991e+13	0.0002709839806	0.999729052732
896.514190408	3.3440630746e+15	-3.05255335968e+13	0.000270737762464	0.999729298884
896.310429755	3.34482328943e+15	-3.05324730482e+13	0.000270491712154	0.999729544867
896.106669102	3.34558384997e+15	-3.05394156555e+13	0.000270245829591	0.999729790684
895.90290845	3.34634475647e+15	-3.05463614208e+13	0.000270000114701	0.999730036332
895.699147797	3.34710600917e+15	-3.05533103463e+13	0.000269754567408	0.999730281813
895.495387145	3.34786760829e+15	-3.0560262434e+13	0.000269509187634	0.999730527127
895.291626492	3.34862955409e+15	-3.05672176862e+13	0.000269263975303	0.999730772273
895.08786584	3.34939184678e+15	-3.05741761051e+13	0.000269018930341	0.999731017252
894.884105187	3.35015448662e+15	-3.05811376927e+13	0.000268774052669	0.999731262064
894.680344535	3.35091747384e+15	-3.05881024514e+13	0.000268529342213	0.999731506709
894.476583882	3.35168080867e+15	-3.05950703831e+13	0.000268284798896	0.999731751186
894.27282323	3.35244449135e+15	-3.06020414901e+13	0.000268040422641	0.999731995497
894.069062577	3.35320852212e+15	-3.06090157746e+13	0.000267796213374	0.999732239641
893.865301925	3.35397290122e+15	-3.06159932388e+13	0.000267552171017	0.999732483618
893.661541272	3.35473762889e+15	-3.06229738847e+13	0.000267308295495	0.999732727428
893.45778062	3.35550270537e+15	-3.06299577147e+13	0.000267064586731	0.999732971072
893.254019967	3.35626813088e+15	-3.06369447308e+13	0.00026682104465	0.999733214549
893.050259315	3.35703390569e+15	-3.06439349352e+13	0.000266577669176	0.999733457859
892.846498662	3.35780003001e+15	-3.06509283302e+13	0.000266334460231	0.999733701004
892.642738009	3.35856650409e+15	-3.0657924918e+13	0.000266091417742	0.999733943981
892.438977357	3.35933332818e+15	-3.06649247006e+13	0.000265848541631	0.999734186793
892.235216704	3.3601005025e+15	-3.06719276803e+13	0.000265605831823	0.999734429438
892.031456052	3.36086802731e+15	-3.06789338593e+13	0.000265363288241	0.999734671917
891.827695399	3.36163590284e+15	-3.06859432398e+13	0.00026512091081	0.999734914231
892.827695399	3.35787074645e+15	-3.06515738495e+13	0.000266312025026	0.999733723433
893.130725702	3.35673145456e+15	-3.06411740776e+13	0.00026667375981	0.999733361794
893.433756005	3.35559293551e+15	-3.06307813604e+13	0.000267035862979	0.999732999788
893.736786308	3.35445518852e+15	-3.06203956907e+13	0.000267398334786	0.999732637413
894.039816611	3.35331821279e+15	-3.06100170614e+13	0.000267761175478	0.999732274669
894.342846914	3.35218200754e+15	-3.05996454652e+13	0.000268124385308	0.999731911557
894.645877218	3.351046572e+15	-3.05892808951e+13	0.000268487964524	0.999731548075
894.948907521	3.34991190537e+15	-3.05789233439e+13	0.000268851913378	0.999731184224
895.251937824	3.34877800688e+15	-3.05685728044e+13	0.00026921623212	0.999730820003
895.554968127	3.34764487575e+15	-3.05582292696e+13	0.000269580921	0.999730455413
895.85799843	3.3465125112e+15	-3.05478927324e+13	0.000269945980269	0.999730090452
896.161028733	3.34538091245e+15	-3.05375631856e+13	0.000270311410177	0.999729725121
896.464059036	3.34425007872e+15	-3.05272406222e+13	0.000270677210976	0.999729359419
896.767089339	3.34312000924e+15	-3.0516925035e+13	0.000271043382917	0.999728993346
897.070119642	3.34199070324e+15	-3.05066164171e+13	0.000271409926249	0.999728626902
897.373149945	3.34086215994e+15	-3.04963147613e+13	0.000271776841225	0.999728260087
897.676180248	3.33973437857e+15	-3.04860200606e+13	0.000272144128096	0.9997278929
897.979210551	3.33860735836e+15	-3.0475732308e+13	0.000272511787112	0.999727525341
898.282240854	3.33748109854e+15	-3.04654514964e+13	0.000272879818525	0.99972715741
898.585271157	3.33635559833e+15	-3.04551776187e+13	0.000273248222586	0.999726789106
898.88830146	3.33523085697e+15	-3.04449106681e+13	0.000273616999547	0.99972642043
899.191331763	3.3341068737e+15	-3.04346506375e+13	0.00027398614966	0.999726051381
899.494362066	3.33298364774e+15	-3.04243975199e+13	0.000274355673175	0.999725681959
899.797392369	3.33186117833e+15	-3.04141513083e+13	0.000274725570345	0.999725312163
900.100422672	3.33073946471e+15	-3.04039119957e+13	0.000275095841422	0.999724941994
900.403452975	3.32961850612e+15	-3.03936795752e+13	0.000275466486657	0.999724571451
900.706483278	3.32849830179e+15	-3.03834540398e+13	0.000275837506302	0.999724200533
901.009513581	3.32737885096e+15	-3.03732353826e+13	0.00027620890061	0.999723829242
901.312543884	3.32626015287e+15	-3.03630235966e+13	0.000276580669833	0.999723457575
901.615574187	3.32514220676e+15	-3.03528186749e+13	0.000276952814222	0.999723085534
901.91860449	3.32402501187e+15	-3.03426206106e+13	0.00027732533403	0.999722713117
902.221634793	3.32290856746e+15	-3.03324293967e+13	0.00027769822951	0.999722340325
902.524665096	3.32179287275e+15	-3.03222450265e+13	0.000278071500915	0.999721967157
902.827695399	3.320677927e+15	-3.03120674929e+13	0.000278445148496	0.999721593614
903.130725702	3.31956372946e+15	-3.03018967891e+13	0.000278819172508	0.999721219694
903.433756005	3.31845027936e+15	-3.02917329083e+13	0.000279193573202	0.999720845398
903.736786308	3.31733757596e+15	-3.02815758435e+13	0.000279568350834	0.999720470725
904.039816611	3.31622561851e+15	-3.02714255879e+13	0.000279943505655	0.999720095675
904.342846914	3.31511440626e+15	-3.02612821347e+13	0.000280319037917	0.999719720248
904.645877218	3.31400393845e+15	-3.0251145477e+13	0.000280694947872	0.999719344443
904.948907521	3.31289421434e+15	-3.0241015608e+13	0.000281071235773	0.999718968261
905.251937824	3.31178523319e+15	-3.02308925209e+13	0.000281447901871	0.999718591701
905.554968127	3.31067699424e+15	-3.02207762089e+13	0.000281824946426	0.999718214762
905.85799843	3.30956949676e+15	-3.02106666651e+13	0.000282202369687	0.999717837446
906.161028733	3.30846274e+15	-3.02005638829e+13	0.000282580171912	0.99971745975
906.464059036	3.30735672321e+15	-3.01904678553e+13	0.000282958353363	0.999717081676
906.767089339	3.30625144566e+15	-3.01803785757e+13	0.000290072150815	0.999709969916
907.070119642	3.3051469066e+15	-3.01702960372e+13	0.000292047261598	0.99970799538
907.373149945	3.30404310529e+15	-3.01602202332e+13	0.000292941583467	0.99970710132
907.676180248	3.302940041e+15	-3.01501511569e+13	0.00029391010316	0.999706133084
907.979210551	3.30183771298e+15	-3.01400888014e+13	0.000294980811798	0.999705062691
908.282240854	3.30073612051e+15	-3.01300331602e+13	0.000296196806533	0.999703847055
908.585271157	3.29963526283e+15	-3.01199842265e+13	0.000297624787316	0.999702419499
908.88830146	3.29853513923e+15	-3.01099419936e+13	0.000299368377281	0.999700676429
909.191331763	3.29743574896e+15	-3.00999064547e+13	0.000301589200314	0.999698456273
909.494362066	3.29633709129e+15	-3.00898776032e+13	0.000304541239899	0.999695505128
909.797392369	3.2952391655e+15	-3.00798554325e+13	0.000308629927993	0.999691417693
910.100422672	3.29414197084e+15	-3.00698399358e+13	0.000314524845917	0.999685524612
910.403452975	3.29304550659e+15	-3.00598311064e+13	0.000323412056512	0.999676640236
910.706483278	3.29194977202e+15	-3.00498289378e+13	0.0003376587831	0.999662398217
911.009513581	3.2908547664e+15	-3.00398334232e+13	0.000362642182468	0.999637423564
911.312543884	3.289760489e+15	-3.00298445561e+13	0.000411033641122	0.999589050822
911.615574187	3.2886669391e+15	-3.00198623298e+13	0.000509210880049	0.999490918746
911.91860449	3.28757411598e+15	-3.00098867376e+13	0.000697132101787	0.999303110838
912.221634793	3.2864820189e+15	-2.9999917773e+13	0.00100175087635	0.998998750709
912.524665096	3.28539064715e+15	-2.99899554294e+13	0.00137852123891	0.998622428485
912.827695399	3.2843e+15	-2.99799997002e+13	0.00167633169647	0.998325072563
913.130725702	3.28321007673e+15	-2.99700505788e+13	0.00171182728843	0.998289637052
913.433756005	3.28212087663e+15	-2.99601080585e+13	0.0014266910179	0.998574326222
913.736786308	3.28103239896e+15	-2.99501721329e+13	0.000955329405052	0.999045126777
914.039816611	3.27994464302e+15	-2.99402427954e+13	0.000509388423023	0.999490741293
914.342846914	3.27885760808e+15	-2.99303200395e+13	0.000215123281756	0.999784899856
914.645877218	3.27777129343e+15	-2.99204038585e+13	7.17122170163e-05	0.999928290354
914.948907521	3.27668569836e+15	-2.9910494246e+13	1.88272899304e-05	0.999981172887
915.251937824	3.27560082214e+15	-2.99005911954e+13	3.8868369409e-06	0.999996113171
915.554968127	3.27451666407e+15	-2.98906947003e+13	6.30215615158e-07	0.999999369785
915.85799843	3.27343322343e+15	-2.9880804754e+13	8.01749220911e-08	0.999999919825
916.161028733	3.2723504995e+15	-2.98709213502e+13	8.00194148605e-09	0.999999991998
916.464059036	3.27126849159e+15	-2.98610444823e+13	6.26239524696e-10	0.999999999374
916.767089339	3.27018719898e+15	-2.98511741439e+13	4.12028965209e-11	0.999999999959
917.070119642	3.26910662095e+15	-2.98413103284e+13	2.26105469612e-12	0.999999999998
917.373149945	3.26802675681e+15	-2.98314530294e+13	3.24184696593e-13	1.0
917.676180248	3.26694760584e+15	-2.98216022405e+13	2.22976414375e-13	1.0
917.979210551	3.26586916734e+15	-2.98117579552e+13	1.97226998579e-13	1.0
918.282240854	3.26479144061e+15	-2.98019201671e+13	1.77859481841e-13	1.0
918.585271157	3.26371442493e+15	-2.97920888697e+13	1.61660310768e-13	1.0
918.88830146	3.2626381196e+15	-2.97822640566e+13	1.47852159844e-13	1.0
919.191331763	3.26156252393e+15	-2.97724457214e+13	1.35806076594e-13	1.0
919.494362066	3.26048763721e+15	-2.97626338577e+13	1.25325737928e-13	1.0
919.797392369	3.25941345874e+15	-2.97528284591e+13	1.16060638857e-13	1.0
920.100422672	3.25833998782e+15	-2.97430295193e+13	1.08310843177e-13	1.0
920.403452975	3.25726722375e+15	-2.97332370317e+13	1.01143539243e-13	1.0
920.706483278	3.25619516583e+15	-2.97234509902e+13	9.48536692332e-14	1.0
921.009513581	3.25512381337e+15	-2.97136713882e+13	8.91736288482e-14	1.0
921.312543884	3.25405316567e+15	-2.97038982195e+13	8.40389682825e-14	1.0
921.615574187	3.25298322204e+15	-2.96941314777e+13	7.93572196811e-14	1.0
921.91860449	3.25191398177e+15	-2.96843711564e+13	7.51482045614e-14	1.0
922.221634793	3.25084544419e+15	-2.96746172494e+13	7.12926253498e-14	1.0
922.524665096	3.24977760859e+15	-2.96648697503e+13	6.77443779453e-14	1.0
922.827695399	3.24871047428e+15	-2.96551286528e+13	6.45832996752e-14	1.0
