912.0	3.28728070175e+15	-3.00117773476e+13	0.000494357867412	0.999505764307
911.797643282	3.28801025325e+15	-3.00184379097e+13	0.000400275589794	0.99959980451
911.595286564	3.28874012864e+15	-3.00251014288e+13	0.000338551347277	0.999661505955
911.392929847	3.28947032813e+15	-3.0031767907e+13	0.000299781616451	0.999700263314
911.190573129	3.29020085195e+15	-3.00384373461e+13	0.000275665294404	0.999724372698
910.988216411	3.29093170031e+15	-3.00451097481e+13	0.000260345396474	0.99973968849
910.785859693	3.29166287343e+15	-3.00517851151e+13	0.000250202446665	0.999749828851
910.583502975	3.29239437153e+15	-3.0058463449e+13	0.000243174588841	0.999756854976
910.381146258	3.29312619481e+15	-3.00651447518e+13	0.000238109367347	0.999761918978
910.17878954	3.2938583435e+15	-3.00718290254e+13	0.000234347575481	0.999765679882
909.976432822	3.29459081781e+15	-3.00785162718e+13	0.000231490294456	0.999768536497
909.774076104	3.29532361797e+15	-3.00852064931e+13	0.000229280271514	0.999770746011
909.571719386	3.29605674418e+15	-3.00918996912e+13	0.000227542629807	0.999772483256
909.369362669	3.29679019667e+15	-3.00985958681e+13	0.000226154097208	0.999773871474
909.167005951	3.29752397566e+15	-3.01052950258e+13	0.00022502575594	0.99977499956
908.964649233	3.29825808136e+15	-3.01119971663e+13	0.000224092585754	0.999775932521
908.762292515	3.29899251399e+15	-3.01187022915e+13	0.000223306645174	0.999776718286
908.559935797	3.29972727376e+15	-3.01254104035e+13	0.000222632405956	0.999777392375
908.35757908	3.30046236091e+15	-3.01321215042e+13	0.000222043470867	0.999777981179
908.155222362	3.30119777564e+15	-3.01388355957e+13	0.000221520175169	0.999778504359
907.952865644	3.30193351818e+15	-3.014555268e+13	0.00022104786022	0.999778976569
907.750508926	3.30266958875e+15	-3.0152272759e+13	0.000220615575754	0.999779408758
907.548152208	3.30340598756e+15	-3.01589958348e+13	0.000220215130782	0.999779809115
907.345795491	3.30414271483e+15	-3.01657219094e+13	0.000219840376367	0.999780183787
907.143438773	3.30487977078e+15	-3.01724509847e+13	0.00021948668283	0.999780537403
906.941082055	3.30561715564e+15	-3.01791830628e+13	0.0002184119072	0.999781611943
906.738725337	3.30635486963e+15	-3.01859181457e+13	0.000213071043306	0.999786951655
906.53636862	3.30709291296e+15	-3.01926562355e+13	0.000212960547793	0.999787062127
906.334011902	3.30783128585e+15	-3.0199397334e+13	0.000212852636442	0.999787170015
906.131655184	3.30856998853e+15	-3.02061414434e+13	0.000212744762557	0.999787277866
905.929298466	3.30930902122e+15	-3.02128885656e+13	0.00021263692283	0.999787385683
905.726941748	3.31004838413e+15	-3.02196387027e+13	0.000212529115997	0.999787493467
905.524585031	3.3107880775e+15	-3.02263918567e+13	0.00021242133957	0.99978760122
905.322228313	3.31152810153e+15	-3.02331480296e+13	0.000212313593803	0.999787708943
905.119871595	3.31226845646e+15	-3.02399072234e+13	0.000212205880001	0.999787816634
904.917514877	3.3130091425e+15	-3.02466694402e+13	0.000212098194712	0.999787924297
904.715158159	3.31375015988e+15	-3.0253434682e+13	0.000211990540557	0.999788031928
904.512801442	3.31449150882e+15	-3.02602029509e+13	0.000211882915011	0.999788139531
904.310444724	3.31523318954e+15	-3.02669742488e+13	0.000211775320498	0.999788247102
904.108088006	3.31597520227e+15	-3.02737485777e+13	0.000211667755522	0.999788354645
903.905731288	3.31671754722e+15	-3.02805259399e+13	0.000211560222322	0.999788462155
903.70337457	3.31746022463e+15	-3.02873063371e+13	0.000211452720512	0.999788569634
903.501017853	3.31820323471e+15	-3.02940897716e+13	0.000211345249748	0.999788677082
903.298661135	3.31894657768e+15	-3.03008762454e+13	0.000211237811347	0.999788784498
903.096304417	3.31969025378e+15	-3.03076657604e+13	0.000211130404031	0.999788891882
902.893947699	3.32043426323e+15	-3.03144583187e+13	0.000211023028571	0.999788999235
902.691590981	3.32117860624e+15	-3.03212539225e+13	0.000210915684223	0.999789106557
902.489234264	3.32192328305e+15	-3.03280525736e+13	0.000210808370415	0.999789213848
902.286877546	3.32266829387e+15	-3.03348542743e+13	0.00021070108778	0.999789321108
902.084520828	3.32341363894e+15	-3.03416590265e+13	0.000210593835839	0.999789428337
901.88216411	3.32415931848e+15	-3.03484668322e+13	0.000210486614244	0.999789535537
901.679807392	3.32490533271e+15	-3.03552776936e+13	0.000210379423562	0.999789642705
901.477450675	3.32565168187e+15	-3.03620916127e+13	0.000210272263467	0.999789749842
901.275093957	3.32639836616e+15	-3.03689085916e+13	0.000210165133715	0.999789856949
901.072737239	3.32714538583e+15	-3.03757286323e+13	0.000210058034767	0.999789964026
900.870380521	3.32789274109e+15	-3.03825517368e+13	0.000209950966374	0.999790071072
900.668023803	3.32864043218e+15	-3.03893779073e+13	0.000209843928352	0.999790178087
900.465667086	3.32938845931e+15	-3.03962071459e+13	0.000209736921063	0.999790285072
900.263310368	3.33013682272e+15	-3.04030394545e+13	0.000209629944316	0.999790392027
900.06095365	3.33088552263e+15	-3.04098748353e+13	0.000209522997966	0.99979049895
899.858596932	3.33163455927e+15	-3.04167132903e+13	0.000209416082298	0.999790605844
899.656240214	3.33238393287e+15	-3.04235548216e+13	0.000209309197163	0.999790712706
899.453883497	3.33313364366e+15	-3.04303994312e+13	0.000209202342449	0.999790819539
899.251526779	3.33388369185e+15	-3.04372471214e+13	0.000209095518376	0.999790926341
899.049170061	3.33463407769e+15	-3.04440978941e+13	0.000208988724742	0.999791033112
898.846813343	3.33538480139e+15	-3.04509517514e+13	0.000208881961721	0.999791139853
898.644456625	3.33613586318e+15	-3.04578086953e+13	0.000208775229155	0.999791246563
898.442099908	3.33688726331e+15	-3.04646687281e+13	0.000208668527177	0.999791353243
898.23974319	3.33763900198e+15	-3.04715318518e+13	0.000208561855668	0.999791459892
898.037386472	3.33839107944e+15	-3.04783980684e+13	0.000208455214691	0.999791566511
897.835029754	3.33914349591e+15	-3.04852673801e+13	0.000208348604237	0.999791673099
897.632673036	3.33989625161e+15	-3.04921397889e+13	0.00020824202432	0.999791779657
897.430316319	3.34064934679e+15	-3.0499015297e+13	0.000208135474914	0.999791886184
897.227959601	3.34140278167e+15	-3.05058939064e+13	0.000208028956015	0.999791992681
897.025602883	3.34215655647e+15	-3.05127756193e+13	0.000207922467621	0.999792099147
896.823246165	3.34291067144e+15	-3.05196604377e+13	0.000207816009732	0.999792205583
896.620889447	3.34366512679e+15	-3.05265483637e+13	0.000207709582345	0.999792311988
896.41853273	3.34441992277e+15	-3.05334393995e+13	0.000207603185458	0.999792418363
896.216176012	3.34517505959e+15	-3.05403335472e+13	0.00020749681907	0.999792524707
896.013819294	3.3459305375e+15	-3.05472308088e+13	0.000207390483178	0.999792631021
895.811462576	3.34668635672e+15	-3.05541311865e+13	0.000207284177781	0.999792737304
895.609105859	3.34744251749e+15	-3.05610346823e+13	0.000207177902877	0.999792843557
895.406749141	3.34819902003e+15	-3.05679412985e+13	0.000207071658463	0.999792949779
895.204392423	3.34895586458e+15	-3.05748510371e+13	0.000206965444539	0.999793055971
895.002035705	3.34971305137e+15	-3.05817639002e+13	0.000206859261102	0.999793162133
894.799678987	3.35047058063e+15	-3.058867989e+13	0.00020675310815	0.999793268264
894.59732227	3.35122845259e+15	-3.05955990085e+13	0.000206646985682	0.999793374364
894.394965552	3.35198666749e+15	-3.0602521258e+13	0.000206540893696	0.999793480434
894.192608834	3.35274522556e+15	-3.06094466404e+13	0.000206434832189	0.999793586474
893.990252116	3.35350412703e+15	-3.06163751581e+13	0.000206328801161	0.999793692483
893.787895398	3.35426337214e+15	-3.0623306813e+13	0.000206222800608	0.999793798462
893.585538681	3.35502296112e+15	-3.06302416073e+13	0.00020611683053	0.99979390441
893.383181963	3.3557828942e+15	-3.06371795431e+13	0.000206010890924	0.999794010328
893.180825245	3.35654317162e+15	-3.06441206227e+13	0.000205904981788	0.999794116215
892.978468527	3.35730379361e+15	-3.0651064848e+13	0.000205799103121	0.999794222072
892.776111809	3.35806476041e+15	-3.06580122214e+13	0.000205693254921	0.999794327898
892.573755092	3.35882607224e+15	-3.06649627448e+13	0.000205587437186	0.999794433694
892.371398374	3.35958772935e+15	-3.06719164204e+13	0.000205481649914	0.99979453946
892.169041656	3.36034973197e+15	-3.06788732505e+13	0.000205375893103	0.999794645195
891.966684938	3.36111208033e+15	-3.06858332371e+13	0.000205270166751	0.9997947509
892.966684938	3.3573480966e+15	-3.06514693195e+13	0.000205792938558	0.999794228235
893.269715241	3.35620915928e+15	-3.06410712013e+13	0.00020595150114	0.999794069705
893.572745544	3.35507099444e+15	-3.06306801355e+13	0.00020611013205	0.999793911107
893.875775847	3.3539336013e+15	-3.0620296115e+13	0.000206268831294	0.999793752441
894.17880615	3.35279697906e+15	-3.06099191326e+13	0.00020642759888	0.999793593706
894.481836453	3.35166112695e+15	-3.05995491812e+13	0.000206586434813	0.999793434903
894.784866756	3.35052604417e+15	-3.05891862537e+13	0.000206745339099	0.999793276031
895.087897059	3.34939172996e+15	-3.05788303428e+13	0.000206904311745	0.999793117091
895.390927362	3.34825818353e+15	-3.05684814415e+13	0.000207063352757	0.999792958083
895.693957665	3.3471254041e+15	-3.05581395427e+13	0.000207222462141	0.999792799007
895.996987968	3.34599339089e+15	-3.05478046393e+13	0.000207381639903	0.999792639862
896.300018272	3.34486214313e+15	-3.05374767241e+13	0.000207540886051	0.999792480649
896.603048575	3.34373166003e+15	-3.052715579e+13	0.000207700200589	0.999792321368
896.906078878	3.34260194083e+15	-3.05168418301e+13	0.000207859583524	0.999792162018
897.209109181	3.34147298475e+15	-3.05065348372e+13	0.000208019034863	0.9997920026
897.512139484	3.34034479102e+15	-3.04962348043e+13	0.000208178554611	0.999791843113
897.815169787	3.33921735886e+15	-3.04859417243e+13	0.000208338142776	0.999791683558
898.11820009	3.33809068751e+15	-3.04756555902e+13	0.000208497799389	0.999791523935
898.421230393	3.33696477619e+15	-3.04653763949e+13	0.000208657524442	0.999791364243
898.724260696	3.33583962413e+15	-3.04551041315e+13	0.000208817317949	0.999791204483
899.027290999	3.33471523058e+15	-3.04448387929e+13	0.000208977179918	0.999791044654
899.330321302	3.33359159475e+15	-3.04345803722e+13	0.00020913711036	0.999790884757
899.633351605	3.3324687159e+15	-3.04243288623e+13	0.000209297109172	0.999790724792
899.936381908	3.33134659324e+15	-3.04140842563e+13	0.000209457176568	0.999790564758
900.239412211	3.33022522602e+15	-3.04038465471e+13	0.000209617312469	0.999790404656
900.542442514	3.32910461347e+15	-3.03936157279e+13	0.000209777516714	0.999790244485
900.845472817	3.32798475484e+15	-3.03833917917e+13	0.000209937789641	0.999790084246
901.14850312	3.32686564936e+15	-3.03731747315e+13	0.0002100981309	0.999789923938
901.451533423	3.32574729627e+15	-3.03629645404e+13	0.000210258540927	0.999789763562
901.754563726	3.32462969482e+15	-3.03527612114e+13	0.000210419019288	0.999789603117
902.057594029	3.32351284424e+15	-3.03425647378e+13	0.000210579566563	0.999789442604
902.360624332	3.32239674378e+15	-3.03323751124e+13	0.000210740182254	0.999789282022
902.663654635	3.32128139269e+15	-3.03221923285e+13	0.000210900867237	0.999789121371
902.966684938	3.32016679021e+15	-3.03120163792e+13	0.000211061621149	0.999788960651
903.269715241	3.31905293559e+15	-3.03018472576e+13	0.000211222445525	0.99978879986
903.572745544	3.31793982807e+15	-3.02916849568e+13	0.00021138334015	0.999788639
903.875775847	3.3168274669e+15	-3.02815294699e+13	0.000211544306534	0.999788478067
904.17880615	3.31571585134e+15	-3.02713807902e+13	0.000211705342755	0.999788317065
904.481836453	3.31460498063e+15	-3.02612389107e+13	0.000211866448758	0.999788155993
904.784866756	3.31349485403e+15	-3.02511038246e+13	0.000212027622315	0.999787994854
905.087897059	3.31238547078e+15	-3.02409755252e+13	0.000212188862805	0.999787833648
905.390927362	3.31127683015e+15	-3.02308540055e+13	0.000212350168922	0.999787672376
905.693957665	3.31016893138e+15	-3.02207392588e+13	0.00021251154669	0.999787511032
905.996987968	3.30906177373e+15	-3.02106312784e+13	0.000212672992199	0.999787349621
906.300018272	3.30795535646e+15	-3.02005300573e+13	0.000212834512119	0.999787188136
906.603048575	3.30684967882e+15	-3.01904355889e+13	0.000212996118436	0.999787026564
906.906078878	3.30574474008e+15	-3.01803478663e+13	0.000217357091862	0.999782666528
907.209109181	3.3046405395e+15	-3.01702668828e+13	0.000219599391772	0.999780424718
907.512139484	3.30353707633e+15	-3.01601926316e+13	0.000220146708244	0.999779877522
907.815169787	3.30243434983e+15	-3.01501251061e+13	0.000220749900806	0.999779274463
908.11820009	3.30133235927e+15	-3.01400642994e+13	0.000221430318735	0.999778594195
908.421230393	3.30023110392e+15	-3.01300102049e+13	0.000222220829395	0.99977780386
908.724260696	3.29913058303e+15	-3.01199628158e+13	0.000223172307413	0.999776852594
909.027290999	3.29803079587e+15	-3.01099221255e+13	0.000224363767668	0.9997756614
909.330321302	3.29693174171e+15	-3.00998881272e+13	0.000225918443944	0.999774107074
909.633351605	3.29583341982e+15	-3.00898608142e+13	0.000228030008189	0.999771995989
909.936381908	3.29473582946e+15	-3.00798401799e+13	0.000231007971045	0.999769018709
910.239412211	3.2936389699e+15	-3.00698262176e+13	0.000235364992341	0.999764662704
910.542442514	3.29254284042e+15	-3.00598189206e+13	0.000242014701355	0.999758014582
910.845472817	3.29144744029e+15	-3.00498182823e+13	0.000252796456685	0.999747235494
911.14850312	3.29035276877e+15	-3.0039824296e+13	0.000271904576225	0.999728132386
911.451533423	3.28925882514e+15	-3.00298369551e+13	0.000309178032726	0.999690869758
911.754563726	3.28816560868e+15	-3.0019856253e+13	0.000384735397957	0.999615338603
912.057594029	3.28707311866e+15	-3.00098821831e+13	0.000528134881572	0.999472004557
912.360624332	3.28598135435e+15	-2.99999147387e+13	0.00075737989322	0.999242906847
912.663654635	3.28489031504e+15	-2.99899539133e+13	0.00103568656415	0.998964849574
912.966684938	3.2838e+15	-2.99799997002e+13	0.00124889475246	0.998751884792
913.269715241	3.28271040851e+15	-2.99700520929e+13	0.00126431204575	0.99873648686
913.572745544	3.28162153985e+15	-2.99601110848e+13	0.00104539357573	0.998955152658
913.875775847	3.28053339331e+15	-2.99501766694e+13	0.000695368557064	0.999304873156
914.17880615	3.27944596815e+15	-2.994024884e+13	0.000368887916062	0.999631180115
914.481836453	3.27835926368e+15	-2.99303275901e+13	0.000155256416729	0.999844755635
914.784866756	3.27727327916e+15	-2.99204129133e+13	5.16688222514e-05	0.999948332513
915.087897059	3.27618801389e+15	-2.99105048029e+13	1.35663803595e-05	0.999986433712
915.390927362	3.27510346715e+15	-2.99006032525e+13	2.80695688593e-06	0.999997193047
915.693957665	3.27401963822e+15	-2.98907082555e+13	4.57780725869e-07	0.999999542219
915.996987968	3.27293652641e+15	-2.98808198055e+13	5.91378006653e-08	0.999999940862
916.300018272	3.27185413098e+15	-2.98709378958e+13	6.50930059411e-09	0.999999993491
916.603048575	3.27077245124e+15	-2.98610625202e+13	1.00056080831e-09	0.999999998999
916.906078878	3.26969148647e+15	-2.98511936719e+13	4.8733394918e-10	0.999999999513
917.209109181	3.26861123597e+15	-2.98413313447e+13	3.96701296839e-10	0.999999999603
917.512139484	3.26753169902e+15	-2.98314755321e+13	3.46668200784e-10	0.999999999653
917.815169787	3.26645287493e+15	-2.98216262275e+13	3.07515794074e-10	0.999999999692
918.11820009	3.26537476297e+15	-2.98117834245e+13	2.75475935241e-10	0.999999999725
918.421230393	3.26429736246e+15	-2.98019471168e+13	2.48814862895e-10	0.999999999751
918.724260696	3.26322067269e+15	-2.97921172978e+13	2.26339086029e-10	0.999999999774
919.027290999	3.26214469294e+15	-2.97822939612e+13	2.07374735981e-10	0.999999999793
919.330321302	3.26106942253e+15	-2.97724771006e+13	1.90884050946e-10	0.999999999809
919.633351605	3.25999486074e+15	-2.97626667095e+13	1.7656130764e-10	0.999999999823
919.936381908	3.25892100689e+15	-2.97528627815e+13	1.64026398888e-10	0.999999999836
920.239412211	3.25784786026e+15	-2.97430653104e+13	1.52976686182e-10	0.999999999847
920.542442514	3.25677542017e+15	-2.97332742896e+13	1.43131923152e-10	0.999999999857
920.845472817	3.25570368591e+15	-2.97234897128e+13	1.34524240411e-10	0.999999999865
921.14850312	3.25463265678e+15	-2.97137115737e+13	1.26691380691e-10	0.999999999873
921.451533423	3.2535623321e+15	-2.9703939866e+13	1.19635968303e-10	0.99999999988
921.754563726	3.25249271116e+15	-2.96941745832e+13	1.13258683204e-10	0.999999999887
922.057594029	3.25142379328e+15	-2.9684415719e+13	1.0747288081e-10	0.999999999893
922.360624332	3.25035557776e+15	-2.96746632671e+13	1.02172958244e-10	0.999999999898
922.663654635	3.2492880639e+15	-2.96649172213e+13	9.7260404918e-11	0.999999999903
922.966684938	3.24822125102e+15	-2.96551775751e+13	9.29017668269e-11	0.999999999907
