912.0	3.28728070175e+15	-3.00117773476e+13	0.00239276154083	0.997610098831
911.797643282	3.28801025325e+15	-3.00184379097e+13	0.00194054335244	0.998061338284
911.595286564	3.28874012864e+15	-3.00251014288e+13	0.00164492433061	0.998356427816
911.392929847	3.28947032813e+15	-3.0031767907e+13	0.00145956738749	0.998541497263
911.190573129	3.29020085195e+15	-3.00384373461e+13	0.0013442410109	0.998656662076
910.988216411	3.29093170031e+15	-3.00451097481e+13	0.00127082887222	0.998729978289
910.785859693	3.29166287343e+15	-3.00517851151e+13	0.00122209266777	0.998778653783
910.583502975	3.29239437153e+15	-3.0058463449e+13	0.001188225431	0.998812480229
910.381146258	3.29312619481e+15	-3.00651447518e+13	0.00116375266576	0.998836924232
910.17878954	3.2938583435e+15	-3.00718290254e+13	0.00114553645718	0.998855119419
909.976432822	3.29459081781e+15	-3.00785162718e+13	0.0011316711093	0.998868968989
909.774076104	3.29532361797e+15	-3.00852064931e+13	0.00112092344226	0.998879704558
909.571719386	3.29605674418e+15	-3.00918996912e+13	0.00111245307485	0.998888165472
909.369362669	3.29679019667e+15	-3.00985958681e+13	0.00110566661488	0.998894944409
909.167005951	3.29752397566e+15	-3.01052950258e+13	0.00110013565478	0.998900469273
908.964649233	3.29825808136e+15	-3.01119971663e+13	0.00109554674255	0.99890505315
908.762292515	3.29899251399e+15	-3.01187022915e+13	0.00109166866936	0.998908926984
908.559935797	3.29972727376e+15	-3.01254104035e+13	0.00108833008942	0.998912261927
908.35757908	3.30046236091e+15	-3.01321215042e+13	0.00108540365659	0.998915185181
908.155222362	3.30119777564e+15	-3.01388355957e+13	0.00108279452664	0.998917791484
907.952865644	3.30193351818e+15	-3.014555268e+13	0.00108043197756	0.998920151479
907.750508926	3.30266958875e+15	-3.0152272759e+13	0.00107826318093	0.998922317936
907.548152208	3.30340598756e+15	-3.01589958348e+13	0.0010762486063	0.998924330342
907.345795491	3.30414271483e+15	-3.01657219094e+13	0.00107435859224	0.998926218324
907.143438773	3.30487977078e+15	-3.01724509847e+13	0.00107257079409	0.998928004204
906.941082055	3.30561715564e+15	-3.01791830628e+13	0.00106789097629	0.998932679016
906.738725337	3.30635486963e+15	-3.01859181457e+13	0.00104113354663	0.998959408245
906.53636862	3.30709291296e+15	-3.01926562355e+13	0.00104054386694	0.998959997311
906.334011902	3.30783128585e+15	-3.0199397334e+13	0.00103995508667	0.998960585479
906.131655184	3.30856998853e+15	-3.02061414434e+13	0.0010393665227	0.998961173432
905.929298466	3.30930902122e+15	-3.02128885656e+13	0.0010387781738	0.998961761169
905.726941748	3.31004838413e+15	-3.02196387027e+13	0.00103819003948	0.998962348693
905.524585031	3.3107880775e+15	-3.02263918567e+13	0.00103760211881	0.998962936004
905.322228313	3.31152810153e+15	-3.02331480296e+13	0.00103701441184	0.998963523102
905.119871595	3.31226845646e+15	-3.02399072234e+13	0.001036426919	0.998964109986
904.917514877	3.3130091425e+15	-3.02466694402e+13	0.00103583963902	0.998964696658
904.715158159	3.31375015988e+15	-3.0253434682e+13	0.0010352525728	0.998965283116
904.512801442	3.31449150882e+15	-3.02602029509e+13	0.00103466571939	0.998965869363
904.310444724	3.31523318954e+15	-3.02669742488e+13	0.00103407907962	0.998966455396
904.108088006	3.31597520227e+15	-3.02737485777e+13	0.00103349265293	0.998967041217
903.905731288	3.31671754722e+15	-3.02805259399e+13	0.00103290644007	0.998967626824
903.70337457	3.31746022463e+15	-3.02873063371e+13	0.00103232044087	0.998968212219
903.501017853	3.31820323471e+15	-3.02940897716e+13	0.00103173465516	0.9989687974
903.298661135	3.31894657768e+15	-3.03008762454e+13	0.00103114908338	0.998969382368
903.096304417	3.31969025378e+15	-3.03076657604e+13	0.00103056372503	0.998969967123
902.893947699	3.32043426323e+15	-3.03144583187e+13	0.00102997858036	0.998970551666
902.691590981	3.32117860624e+15	-3.03212539225e+13	0.00102939364905	0.998971135995
902.489234264	3.32192328305e+15	-3.03280525736e+13	0.00102880893086	0.998971720112
902.286877546	3.32266829387e+15	-3.03348542743e+13	0.00102822442599	0.998972304016
902.084520828	3.32341363894e+15	-3.03416590265e+13	0.00102764013421	0.998972887707
901.88216411	3.32415931848e+15	-3.03484668322e+13	0.00102705605538	0.998973471186
901.679807392	3.32490533271e+15	-3.03552776936e+13	0.00102647218965	0.998974054453
901.477450675	3.32565168187e+15	-3.03620916127e+13	0.00102588853686	0.998974637507
901.275093957	3.32639836616e+15	-3.03689085916e+13	0.0010253050969	0.998975220349
901.072737239	3.32714538583e+15	-3.03757286323e+13	0.00102472186989	0.998975802978
900.870380521	3.32789274109e+15	-3.03825517368e+13	0.0010241388557	0.998976385396
900.668023803	3.32864043218e+15	-3.03893779073e+13	0.00102355605422	0.998976967601
900.465667086	3.32938845931e+15	-3.03962071459e+13	0.00102297346556	0.998977549593
900.263310368	3.33013682272e+15	-3.04030394545e+13	0.00102239108959	0.998978131374
900.06095365	3.33088552263e+15	-3.04098748353e+13	0.00102180892624	0.998978712943
899.858596932	3.33163455927e+15	-3.04167132903e+13	0.00102122697557	0.998979294299
899.656240214	3.33238393287e+15	-3.04235548216e+13	0.00102064523747	0.998979875444
899.453883497	3.33313364366e+15	-3.04303994312e+13	0.00102006371189	0.998980456376
899.251526779	3.33388369185e+15	-3.04372471214e+13	0.00101948239885	0.998981037097
899.049170061	3.33463407769e+15	-3.04440978941e+13	0.00101890129824	0.998981617605
898.846813343	3.33538480139e+15	-3.04509517514e+13	0.00101832041009	0.998982197902
898.644456625	3.33613586318e+15	-3.04578086953e+13	0.00101773973431	0.998982777987
898.442099908	3.33688726331e+15	-3.04646687281e+13	0.0010171592709	0.99898335786
898.23974319	3.33763900198e+15	-3.04715318518e+13	0.00101657901978	0.998983937522
898.037386472	3.33839107944e+15	-3.04783980684e+13	0.00101599898094	0.998984516971
897.835029754	3.33914349591e+15	-3.04852673801e+13	0.00101541915433	0.998985096209
897.632673036	3.33989625161e+15	-3.04921397889e+13	0.00101483953993	0.998985675236
897.430316319	3.34064934679e+15	-3.0499015297e+13	0.00101426013768	0.99898625405
897.227959601	3.34140278167e+15	-3.05058939064e+13	0.00101368094754	0.998986832653
897.025602883	3.34215655647e+15	-3.05127756193e+13	0.00101310196948	0.998987411045
896.823246165	3.34291067144e+15	-3.05196604377e+13	0.00101252320345	0.998987989225
896.620889447	3.34366512679e+15	-3.05265483637e+13	0.00101194464943	0.998988567194
896.41853273	3.34441992277e+15	-3.05334393995e+13	0.00101136630736	0.998989144951
896.216176012	3.34517505959e+15	-3.05403335472e+13	0.0010107881772	0.998989722497
896.013819294	3.3459305375e+15	-3.05472308088e+13	0.00101021025893	0.998990299832
895.811462576	3.34668635672e+15	-3.05541311865e+13	0.0010096325525	0.998990876955
895.609105859	3.34744251749e+15	-3.05610346823e+13	0.00100905505787	0.998991453867
895.406749141	3.34819902003e+15	-3.05679412985e+13	0.00100847777501	0.998992030568
895.204392423	3.34895586458e+15	-3.05748510371e+13	0.00100790070387	0.998992607057
895.002035705	3.34971305137e+15	-3.05817639002e+13	0.00100732384441	0.998993183336
894.799678987	3.35047058063e+15	-3.058867989e+13	0.00100674719659	0.998993759403
894.59732227	3.35122845259e+15	-3.05955990085e+13	0.00100617076039	0.99899433526
894.394965552	3.35198666749e+15	-3.0602521258e+13	0.00100559453575	0.998994910905
894.192608834	3.35274522556e+15	-3.06094466404e+13	0.00100501852263	0.998995486339
893.990252116	3.35350412703e+15	-3.06163751581e+13	0.00100444272101	0.998996061563
893.787895398	3.35426337214e+15	-3.0623306813e+13	0.00100386713083	0.998996636575
893.585538681	3.35502296112e+15	-3.06302416073e+13	0.00100329175207	0.998997211377
893.383181963	3.3557828942e+15	-3.06371795431e+13	0.00100271658467	0.998997785968
893.180825245	3.35654317162e+15	-3.06441206227e+13	0.00100214162861	0.998998360348
892.978468527	3.35730379361e+15	-3.0651064848e+13	0.00100156688384	0.998998934517
892.776111809	3.35806476041e+15	-3.06580122214e+13	0.00100099235032	0.998999508475
892.573755092	3.35882607224e+15	-3.06649627448e+13	0.00100041802801	0.999000082223
892.371398374	3.35958772935e+15	-3.06719164204e+13	0.000999843916881	0.999000655761
892.169041656	3.36034973197e+15	-3.06788732505e+13	0.000999270016884	0.999001229087
891.966684938	3.36111208033e+15	-3.06858332371e+13	0.000998696327981	0.999001802203
892.966684938	3.3573480966e+15	-3.06514693195e+13	0.00100153342194	0.998998967945
893.269715241	3.35620915928e+15	-3.06410712013e+13	0.0010023941657	0.998998108064
893.572745544	3.35507099444e+15	-3.06306801355e+13	0.00100325538331	0.998997247709
893.875775847	3.3539336013e+15	-3.0620296115e+13	0.00100411707493	0.998996386882
894.17880615	3.35279697906e+15	-3.06099191326e+13	0.00100497924068	0.998995525582
894.481836453	3.35166112695e+15	-3.05995491812e+13	0.00100584188068	0.998994663809
894.784866756	3.35052604417e+15	-3.05891862537e+13	0.00100670499509	0.998993801562
895.087897059	3.34939172996e+15	-3.05788303428e+13	0.00100756858401	0.998992938843
895.390927362	3.34825818353e+15	-3.05684814415e+13	0.00100843264759	0.99899207565
895.693957665	3.3471254041e+15	-3.05581395427e+13	0.00100929718596	0.998991211983
895.996987968	3.34599339089e+15	-3.05478046393e+13	0.00101016219925	0.998990347843
896.300018272	3.34486214313e+15	-3.05374767241e+13	0.00101102768759	0.998989483229
896.603048575	3.34373166003e+15	-3.052715579e+13	0.00101189365111	0.998988618141
896.906078878	3.34260194083e+15	-3.05168418301e+13	0.00101276008995	0.998987752578
897.209109181	3.34147298475e+15	-3.05065348372e+13	0.00101362700422	0.998986886542
897.512139484	3.34034479102e+15	-3.04962348043e+13	0.00101449439408	0.998986020031
897.815169787	3.33921735886e+15	-3.04859417243e+13	0.00101536225964	0.998985153046
898.11820009	3.33809068751e+15	-3.04756555902e+13	0.00101623060105	0.998984285586
898.421230393	3.33696477619e+15	-3.04653763949e+13	0.00101709941843	0.998983417652
898.724260696	3.33583962413e+15	-3.04551041315e+13	0.00101796871192	0.998982549242
899.027290999	3.33471523058e+15	-3.04448387929e+13	0.00101883848164	0.998981680358
899.330321302	3.33359159475e+15	-3.04345803722e+13	0.00101970872774	0.998980810999
899.633351605	3.3324687159e+15	-3.04243288623e+13	0.0010205794503	0.998979941164
899.936381908	3.33134659324e+15	-3.04140842563e+13	0.00102145064953	0.998979070854
900.239412211	3.33022522602e+15	-3.04038465471e+13	0.00102232232553	0.998978200068
900.542442514	3.32910461347e+15	-3.03936157279e+13	0.00102319447837	0.998977328807
900.845472817	3.32798475484e+15	-3.03833917917e+13	0.00102406710829	0.998976457069
901.14850312	3.32686564936e+15	-3.03731747315e+13	0.00102494021532	0.998975584857
901.451533423	3.32574729627e+15	-3.03629645404e+13	0.00102581379972	0.998974712167
901.754563726	3.32462969482e+15	-3.03527612114e+13	0.00102668786147	0.998973839002
902.057594029	3.32351284424e+15	-3.03425647378e+13	0.00102756240091	0.998972965361
902.360624332	3.32239674378e+15	-3.03323751124e+13	0.00102843741799	0.998972091243
902.663654635	3.32128139269e+15	-3.03221923285e+13	0.00102931291314	0.998971216648
902.966684938	3.32016679021e+15	-3.03120163792e+13	0.00103018888638	0.998970341576
903.269715241	3.31905293559e+15	-3.03018472576e+13	0.00103106533838	0.998969466027
903.572745544	3.31793982807e+15	-3.02916849568e+13	0.00103194226918	0.99896859
903.875775847	3.3168274669e+15	-3.02815294699e+13	0.00103281967946	0.998967713495
904.17880615	3.31571585134e+15	-3.02713807902e+13	0.00103369756867	0.998966836513
904.481836453	3.31460498063e+15	-3.02612389107e+13	0.0010345759369	0.998965959052
904.784866756	3.31349485403e+15	-3.02511038246e+13	0.00103545478349	0.998965081115
905.087897059	3.31238547078e+15	-3.02409755252e+13	0.00103633410834	0.9989642027
905.390927362	3.31127683015e+15	-3.02308540055e+13	0.00103721391113	0.998963323809
905.693957665	3.31016893138e+15	-3.02207392588e+13	0.00103809419412	0.998962444439
905.996987968	3.30906177373e+15	-3.02106312784e+13	0.00103897495606	0.998961564592
906.300018272	3.30795535646e+15	-3.02005300573e+13	0.00103985619945	0.998960684264
906.603048575	3.30684967882e+15	-3.01904355889e+13	0.00104073792869	0.998959803451
906.906078878	3.30574474008e+15	-3.01803478663e+13	0.001061968087	0.998938595602
907.209109181	3.3046405395e+15	-3.01702668828e+13	0.00107314091049	0.998927434699
907.512139484	3.30353707633e+15	-3.01601926316e+13	0.00107590386161	0.998924674715
907.815169787	3.30243434983e+15	-3.01501251061e+13	0.00107893776306	0.998921644081
908.11820009	3.30133235927e+15	-3.01400642994e+13	0.00108234562233	0.998918239902
908.421230393	3.30023110392e+15	-3.01300102049e+13	0.00108628603009	0.998914303765
908.724260696	3.29913058303e+15	-3.01199628158e+13	0.00109100440043	0.998909590528
909.027290999	3.29803079587e+15	-3.01099221255e+13	0.00109688188645	0.998903719469
909.330321302	3.29693174171e+15	-3.00998881272e+13	0.00110451284352	0.998896096906
909.633351605	3.29583341982e+15	-3.00898608142e+13	0.00111483103865	0.998885790155
909.936381908	3.29473582946e+15	-3.00798401799e+13	0.00112932748474	0.998871309966
910.239412211	3.2936389699e+15	-3.00698262176e+13	0.00115046711394	0.99885019442
910.542442514	3.29254284042e+15	-3.00598189206e+13	0.0011826264536	0.998818072573
910.845472817	3.29144744029e+15	-3.00498182823e+13	0.00123457088806	0.998766190881
911.14850312	3.29035276877e+15	-3.0039824296e+13	0.0013262389007	0.998674640165
911.451533423	3.28925882514e+15	-3.00298369551e+13	0.00150447784826	0.998496653311
911.754563726	3.28816560868e+15	-3.0019856253e+13	0.0018660401222	0.998135699848
912.057594029	3.28707311866e+15	-3.00098821831e+13	0.00255559101089	0.997447671732
912.360624332	3.28598135435e+15	-2.99999147387e+13	0.00366703186478	0.996339683486
912.663654635	3.28489031504e+15	-2.99899539133e+13	0.00503212386915	0.994980516055
912.966684938	3.2838e+15	-2.99799997002e+13	0.00609993144602	0.993918635365
913.269715241	3.28271040851e+15	-2.99700520929e+13	0.0062119147064	0.993807339347
913.572745544	3.28162153985e+15	-2.99601110848e+13	0.0051671423506	0.994846184366
913.875775847	3.28053339331e+15	-2.99501766694e+13	0.00345677760811	0.996549190169
914.17880615	3.27944596815e+15	-2.994024884e+13	0.00184352487488	0.998158173373
914.481836453	3.27835926368e+15	-2.99303275901e+13	0.000779605001433	0.999220698812
914.784866756	3.27727327916e+15	-2.99204129133e+13	0.000260546261843	0.999739487677
915.087897059	3.27618801389e+15	-2.99105048029e+13	6.86590633448e-05	0.999931343294
915.390927362	3.27510346715e+15	-2.99006032525e+13	1.42440041418e-05	0.999985756097
915.693957665	3.27401963822e+15	-2.98907082555e+13	2.32398446952e-06	0.999997676018
915.996987968	3.27293652641e+15	-2.98808198055e+13	2.97723446898e-07	0.999999702277
916.300018272	3.27185413098e+15	-2.98709378958e+13	3.01662026034e-08	0.999999969834
916.603048575	3.27077245124e+15	-2.98610625202e+13	2.55752909366e-09	0.999999997442
916.906078878	3.26969148647e+15	-2.98511936719e+13	3.20343729093e-10	0.99999999968
917.209109181	3.26861123597e+15	-2.98413313447e+13	1.49846548705e-10	0.99999999985
917.512139484	3.26753169902e+15	-2.98314755321e+13	1.25022794804e-10	0.999999999875
917.815169787	3.26645287493e+15	-2.98216262275e+13	1.10670350719e-10	0.999999999889
918.11820009	3.26537476297e+15	-2.98117834245e+13	9.91330575559e-11	0.999999999901
918.421230393	3.26429736246e+15	-2.98019471168e+13	8.95390584254e-11	0.99999999991
918.724260696	3.26322067269e+15	-2.97921172978e+13	8.14512843402e-11	0.999999999919
919.027290999	3.26214469294e+15	-2.97822939612e+13	7.46270747461e-11	0.999999999925
919.330321302	3.26106942253e+15	-2.97724771006e+13	6.86929880709e-11	0.999999999931
919.633351605	3.25999486074e+15	-2.97626667095e+13	6.35390174387e-11	0.999999999936
919.936381908	3.25892100689e+15	-2.97528627815e+13	5.90283851253e-11	0.999999999941
920.239412211	3.25784786026e+15	-2.97430653104e+13	5.5052189218e-11	0.999999999945
920.542442514	3.25677542017e+15	-2.97332742896e+13	5.15095836452e-11	0.999999999948
920.845472817	3.25570368591e+15	-2.97234897128e+13	4.84121392296e-11	0.999999999952
921.14850312	3.25463265678e+15	-2.97137115737e+13	4.55935056738e-11	0.999999999954
921.451533423	3.2535623321e+15	-2.9703939866e+13	4.3054631627e-11	0.999999999957
921.754563726	3.25249271116e+15	-2.96941745832e+13	4.07597778066e-11	0.999999999959
922.057594029	3.25142379328e+15	-2.9684415719e+13	3.86777659187e-11	0.999999999961
922.360624332	3.25035557776e+15	-2.96746632671e+13	3.67705942429e-11	0.999999999963
922.663654635	3.2492880639e+15	-2.96649172213e+13	3.50028127304e-11	0.999999999965
922.966684938	3.24822125102e+15	-2.96551775751e+13	3.34343616596e-11	0.999999999967
