912.0	3.28728070175e+15	-3.37197367374e+13	0.00138356333728	0.998617393345
912.937008571	3.28390674478e+15	-3.36851279064e+13	0.0013867634148	0.998614197697
913.874017141	3.28053970653e+15	-3.36505900454e+13	0.00138996776512	0.998610997793
914.811025712	3.27717956577e+15	-3.36161229361e+13	0.00139315770969	0.998607812284
915.748034283	3.2738263013e+15	-3.35817263615e+13	0.00139638702475	0.99860458747
916.685042853	3.27047989206e+15	-3.35474001052e+13	0.00139960126979	0.998601377715
917.622051424	3.26714031703e+15	-3.35131439519e+13	0.0014028200395	0.998598163453
918.559059995	3.2638075553e+15	-3.3478957687e+13	0.00140604223167	0.998594945783
919.496068565	3.26048158605e+15	-3.34448410967e+13	0.00140926801079	0.998591724541
920.433077136	3.25716238852e+15	-3.34107939685e+13	0.00141249709871	0.998588500006
921.370085707	3.25384994207e+15	-3.33768160903e+13	0.00141538970582	0.998585611486
922.307094277	3.25054422611e+15	-3.3342907251e+13	0.00141896655063	0.998582039706
923.244102848	3.24724522014e+15	-3.33090672405e+13	0.0014222066938	0.998578804163
924.181111419	3.24395290377e+15	-3.32752958494e+13	0.00142544978827	0.998575565683
925.118119989	3.24066725667e+15	-3.32415928692e+13	0.00142869697966	0.998572323122
926.05512856	3.23738825858e+15	-3.32079580922e+13	0.00143194726493	0.998569077482
926.992137131	3.23411588935e+15	-3.31743913117e+13	0.00143519981333	0.998565829593
927.929145701	3.2308501289e+15	-3.31408923216e+13	0.00143845518359	0.998562578897
928.866154272	3.22759095722e+15	-3.31074609167e+13	0.00144171334112	0.998559325428
929.803162843	3.2243383544e+15	-3.30740968929e+13	0.00144497335989	0.998556070111
930.740171413	3.2210923006e+15	-3.30408000465e+13	0.00144823142721	0.998552816754
931.677179984	3.21785277606e+15	-3.30075701748e+13	0.00145145833562	0.998549594521
932.614188555	3.21461976109e+15	-3.29744070761e+13	0.00145454513963	0.998546512198
933.551197125	3.2113932361e+15	-3.29413105492e+13	0.00145757909859	0.998543482654
934.488205696	3.20817318156e+15	-3.29082803938e+13	0.00146087251556	0.998540194039
935.425214267	3.20495957804e+15	-3.28753164106e+13	0.00146419966962	0.998536871748
936.362222837	3.20175240615e+15	-3.28424184009e+13	0.00146753114668	0.998533545151
937.299231408	3.19855164662e+15	-3.28095861668e+13	0.00147086686038	0.998530214334
938.236239979	3.19535728024e+15	-3.27768195112e+13	0.00147420681181	0.998526879297
939.173248549	3.19216928786e+15	-3.27441182379e+13	0.00147755100212	0.998523540039
940.11025712	3.18898765043e+15	-3.27114821513e+13	0.00148089943245	0.998520196558
941.047265691	3.18581234897e+15	-3.26789110568e+13	0.00148425210393	0.998516848853
941.984274261	3.18264336456e+15	-3.26464047604e+13	0.00148760901772	0.998513496924
942.921282832	3.17948067838e+15	-3.2613963069e+13	0.00149097017495	0.998510140769
943.858291403	3.17632427167e+15	-3.258158579e+13	0.00149433557676	0.998506780387
944.795299973	3.17317412574e+15	-3.25492727319e+13	0.00149770522429	0.998503415776
945.732308544	3.17003022199e+15	-3.25170237038e+13	0.00150107911867	0.998500046937
946.669317115	3.16689254188e+15	-3.24848385156e+13	0.00150445726105	0.998496673867
947.606325685	3.16376106695e+15	-3.24527169778e+13	0.00150783965256	0.998493296566
948.543334256	3.16063577881e+15	-3.24206589019e+13	0.00151122629433	0.998489915033
949.480342827	3.15751665914e+15	-3.23886640999e+13	0.0015146171875	0.998486529266
950.417351397	3.1544036897e+15	-3.23567323847e+13	0.00151801233321	0.998483139265
951.354359968	3.15129685231e+15	-3.232486357e+13	0.00152141173258	0.998479745028
952.291368539	3.14819612888e+15	-3.229305747e+13	0.00152481538674	0.998476346554
953.228377109	3.14510150137e+15	-3.22613138998e+13	0.00152822329683	0.998472943842
954.16538568	3.14201295184e+15	-3.22296326752e+13	0.00153163546399	0.998469536891
955.102394251	3.13893046237e+15	-3.21980136127e+13	0.00153505188932	0.9984661257
956.039402821	3.13585401517e+15	-3.21664565294e+13	0.00153847257398	0.998462710268
956.976411392	3.13278359248e+15	-3.21349612435e+13	0.00154189751908	0.998459290594
957.913419963	3.12971917662e+15	-3.21035275734e+13	0.00154532672575	0.998455866677
958.850428533	3.12666074998e+15	-3.20721553386e+13	0.00154876019512	0.998452438515
959.787437104	3.12360829503e+15	-3.20408443592e+13	0.00155219792831	0.998449006108
960.724445675	3.12056179428e+15	-3.20095944559e+13	0.00155563992645	0.998445569454
961.661454245	3.11752123033e+15	-3.19784054501e+13	0.00155908619066	0.998442128553
962.598462816	3.11448658585e+15	-3.19472771641e+13	0.00156253672206	0.998438683403
963.535471387	3.11145784357e+15	-3.19162094207e+13	0.00156599152178	0.998435234003
964.472479957	3.10843498628e+15	-3.18852020434e+13	0.00156945059094	0.998431780353
965.409488528	3.10541799684e+15	-3.18542548565e+13	0.00157291393065	0.99842832245
966.346497099	3.1024068582e+15	-3.18233676849e+13	0.00157638154205	0.998424860295
967.283505669	3.09940155335e+15	-3.17925403542e+13	0.00157985342624	0.998421393885
968.22051424	3.09640206534e+15	-3.17617726906e+13	0.00158332958434	0.998417923221
969.157522811	3.09340837731e+15	-3.1731064521e+13	0.00158681001748	0.9984144483
970.094531381	3.09042047246e+15	-3.17004156732e+13	0.00159029472677	0.998410969122
971.031539952	3.08743833403e+15	-3.16698259753e+13	0.00159378371333	0.998407485685
971.968548523	3.08446194535e+15	-3.16392952563e+13	0.00159727697826	0.99840399799
972.905557093	3.08149128982e+15	-3.16088233457e+13	0.0016007745227	0.998400506033
973.842565664	3.07852635087e+15	-3.15784100739e+13	0.00160427634773	0.998397009816
974.779574235	3.07556711203e+15	-3.15480552717e+13	0.00160778245449	0.998393509335
975.716582806	3.07261355688e+15	-3.15177587707e+13	0.00161129284409	0.998390004591
976.653591376	3.06966566905e+15	-3.1487520403e+13	0.00161480751762	0.998386495583
977.590599947	3.06672343225e+15	-3.14573400015e+13	0.00161832647622	0.998382982308
978.527608518	3.06378683024e+15	-3.14272173998e+13	0.00162184972097	0.998379464767
979.464617088	3.06085584685e+15	-3.13971524318e+13	0.001625377253	0.998375942957
980.401625659	3.05793046598e+15	-3.13671449324e+13	0.00162890907341	0.998372416879
981.33863423	3.05501067157e+15	-3.13371947369e+13	0.00163244518331	0.998368886531
982.2756428	3.05209644765e+15	-3.13073016814e+13	0.0016359855838	0.998365351911
983.212651371	3.04918777827e+15	-3.12774656025e+13	0.00163953027599	0.99836181302
984.149659942	3.04628464758e+15	-3.12476863374e+13	0.00164307926099	0.998358269855
985.086668512	3.04338703977e+15	-3.1217963724e+13	0.0016466325399	0.998354722416
986.023677083	3.0404949391e+15	-3.11882976008e+13	0.00165019011382	0.998351170701
986.960685654	3.03760832987e+15	-3.1158687807e+13	0.00165375198386	0.99834761471
987.897694224	3.03472719648e+15	-3.11291341822e+13	0.00165731815112	0.998344054442
988.834702795	3.03185152334e+15	-3.10996365667e+13	0.00166088861669	0.998340489896
989.771711366	3.02898129495e+15	-3.10701948015e+13	0.00166446338169	0.998336921069
990.708719936	3.02611649587e+15	-3.10408087282e+13	0.0016680424472	0.998333347962
991.645728507	3.0232571107e+15	-3.10114781888e+13	0.00167162581433	0.998329770574
992.582737078	3.0204031241e+15	-3.09822030261e+13	0.00167521348418	0.998326188903
993.519745648	3.01755452082e+15	-3.09529830834e+13	0.00167880545784	0.998322602948
994.456754219	3.01471128562e+15	-3.09238182046e+13	0.00168240173641	0.998319012708
995.39376279	3.01187340334e+15	-3.08947082342e+13	0.00168600232099	0.998315418182
996.33077136	3.0090408589e+15	-3.08656530173e+13	0.00168960721267	0.99831181937
997.267779931	3.00621363723e+15	-3.08366523995e+13	0.00169321641254	0.99830821627
998.204788502	3.00339172336e+15	-3.08077062271e+13	0.0016968299217	0.99830460888
999.141797072	3.00057510234e+15	-3.0778814347e+13	0.00170044774124	0.998300997201
1000.07880564	2.9977637593e+15	-3.07499766064e+13	0.00170406987226	0.99829738123
1001.01581421	2.99495767942e+15	-3.07211928535e+13	0.00170769631584	0.998293760968
1001.95282278	2.99215684793e+15	-3.06924629366e+13	0.00171132707308	0.998290136412
1002.88983135	2.98936125013e+15	-3.0663786705e+13	0.00171496214506	0.998286507562
1003.82683993	2.98657087135e+15	-3.06351640082e+13	0.00171860153287	0.998282874417
1004.7638485	2.98378569699e+15	-3.06065946966e+13	0.00172224523761	0.998279236976
1005.7638485	2.98081901083e+15	-3.05761635024e+13	0.00172613865762	0.998275350263
1006.0668788	2.97992117937e+15	-3.05669538719e+13	0.00172731945304	0.998274171505
1006.3699091	2.97902388862e+15	-3.05577497877e+13	0.00172850070023	0.998272992297
1006.67293941	2.97812713807e+15	-3.05485512447e+13	0.00172968239923	0.998271812639
1006.97596971	2.97723092724e+15	-3.0539358238e+13	0.00173086455008	0.998270632532
1007.27900001	2.97633525564e+15	-3.05301707626e+13	0.00173204715281	0.998269451975
1007.58203031	2.97544012279e+15	-3.05209888134e+13	0.00173323020746	0.998268270969
1007.88506062	2.9745455282e+15	-3.05118123855e+13	0.00173441371407	0.998267089512
1008.18809092	2.97365147139e+15	-3.0502641474e+13	0.00173559767268	0.998265907606
1008.49112122	2.97275795186e+15	-3.04934760737e+13	0.00173678208331	0.99826472525
1008.79415153	2.97186496914e+15	-3.04843161798e+13	0.00173796694601	0.998263542444
1009.09718183	2.97097252275e+15	-3.04751617873e+13	0.00173919564702	0.998262315877
1009.40021213	2.97008061219e+15	-3.04660128913e+13	0.0017404397259	0.998261073961
1009.70324244	2.969189237e+15	-3.04568694867e+13	0.00174168805959	0.998259827799
1010.00627274	2.96829839667e+15	-3.04477315688e+13	0.00174294715645	0.998258570894
1010.30930304	2.96740809074e+15	-3.04385991324e+13	0.00174421283372	0.998257307421
1010.61233334	2.96651831873e+15	-3.04294721727e+13	0.0017454918074	0.998256030677
1010.91536365	2.96562908015e+15	-3.04203506848e+13	0.00174678046927	0.998254744264
1011.21839395	2.96474037452e+15	-3.04112346638e+13	0.00174808695182	0.998253440062
1011.52142425	2.96385220136e+15	-3.04021241046e+13	0.00174941018355	0.998252119143
1011.82445456	2.9629645602e+15	-3.03930190025e+13	0.00175075947808	0.998250772207
1012.12748486	2.96207745056e+15	-3.03839193525e+13	0.00175213522713	0.998249398866
1012.43051516	2.96119087197e+15	-3.03748251498e+13	0.00175355066149	0.99824798591
1012.73354547	2.96030482393e+15	-3.03657363894e+13	0.00175501704878	0.998246522093
1013.03657577	2.95941930599e+15	-3.03566530664e+13	0.00175655979056	0.998244982058
1013.33960607	2.95853431765e+15	-3.0347575176e+13	0.00175820796503	0.998243336777
1013.64263638	2.95764985846e+15	-3.03385027133e+13	0.00176001367743	0.998241534238
1013.94566668	2.95676592792e+15	-3.03294356735e+13	0.00176208546092	0.9982394661
1014.24869698	2.95588252558e+15	-3.03203740516e+13	0.00176466064614	0.998236895452
1014.55172728	2.95499965095e+15	-3.03113178429e+13	0.00176809872463	0.998233463441
1014.85475759	2.95411730357e+15	-3.03022670424e+13	0.00177302514444	0.998228545736
1015.15778789	2.95323548296e+15	-3.02932216454e+13	0.00178009065205	0.99822149277
1015.46081819	2.95235418865e+15	-3.02841816469e+13	0.0017897104136	0.998211890163
1015.7638485	2.95147342016e+15	-3.02751470422e+13	0.00180155512902	0.998200066697
1016.0668788	2.95059317704e+15	-3.02661178265e+13	0.00181445415027	0.998187190977
1016.3699091	2.9497134588e+15	-3.02570939948e+13	0.00182696239811	0.998174705482
1016.67293941	2.94883426498e+15	-3.02480755425e+13	0.0018379186141	0.998163769324
1016.97596971	2.94795559512e+15	-3.02390624646e+13	0.00184723774013	0.998154467353
1017.27900001	2.94707744873e+15	-3.02300547565e+13	0.00185550162155	0.998146218757
1017.58203031	2.94619982536e+15	-3.02210524132e+13	0.00186371723132	0.998138018411
1017.88506062	2.94532272453e+15	-3.021205543e+13	0.00187281256336	0.998128940056
1018.18809092	2.94444614579e+15	-3.02030638022e+13	0.00188382322855	0.998117950053
1018.49112122	2.94357008866e+15	-3.01940775248e+13	0.00189773643635	0.998104063127
1018.79415153	2.94269455268e+15	-3.01850965933e+13	0.00191493720806	0.998086895114
1019.09718183	2.94181953738e+15	-3.01761210027e+13	0.00193214020836	0.998069725173
1019.40021213	2.94094504231e+15	-3.01671507483e+13	0.00194524875135	0.998056642019
1019.70324244	2.94007106699e+15	-3.01581858255e+13	0.00196037915069	0.998041541137
1020.00627274	2.93919761096e+15	-3.01492262293e+13	0.00197868213588	0.998023274165
1020.30930304	2.93832467377e+15	-3.01402719551e+13	0.00200194192054	0.998000060629
1020.61233334	2.93745225494e+15	-3.01313229982e+13	0.00202859584413	0.997973460366
1020.91536365	2.93658035401e+15	-3.01223793537e+13	0.00205995160548	0.997942168639
1021.21839395	2.93570897054e+15	-3.0113441017e+13	0.00209758415713	0.997904614235
1021.52142425	2.93483810405e+15	-3.01045079834e+13	0.00214355590829	0.997858739867
1021.82445456	2.93396775408e+15	-3.00955802481e+13	0.0022006035369	0.997801816016
1022.12748486	2.93309792018e+15	-3.00866578064e+13	0.00227246403237	0.997730116059
1022.43051516	2.93222860188e+15	-3.00777406536e+13	0.00236433133678	0.997638461493
1022.73354547	2.93135979874e+15	-3.0068828785e+13	0.00248356990919	0.997519511599
1023.03657577	2.93049151028e+15	-3.00599221959e+13	0.00264060103531	0.997362882285
1023.33960607	2.92962373606e+15	-3.00510208817e+13	0.00285008185211	0.997153975775
1023.64263638	2.92875647562e+15	-3.00421248376e+13	0.00313133315713	0.996873564353
1023.94566668	2.92788972849e+15	-3.00332340589e+13	0.00350618012515	0.996499959347
1024.24869698	2.92702349423e+15	-3.0024348541e+13	0.00398955338394	0.996018394311
1024.55172728	2.92615777238e+15	-3.00154682793e+13	0.00456873638873	0.995441684411
1024.85475759	2.92529256249e+15	-3.00065932689e+13	0.0051738161237	0.99483954501
1025.15778789	2.92442786409e+15	-2.99977235054e+13	0.00566073747305	0.994355254312
1025.46081819	2.92356367675e+15	-2.99888589841e+13	0.00584215605873	0.994174876151
1025.7638485	2.9227e+15	-2.99799997002e+13	0.00558125550031	0.99443429077
1026.0668788	2.92183683339e+15	-2.99711456492e+13	0.00489916929809	0.995112812058
1026.3699091	2.92097417648e+15	-2.99622968264e+13	0.00399848781905	0.996009495489
1026.67293941	2.9201120288e+15	-2.99534532272e+13	0.00315444088586	0.996850529136
1026.97596971	2.91925038991e+15	-2.9944614847e+13	0.00255057151716	0.997452678427
1027.27900001	2.91838925936e+15	-2.99357816811e+13	0.00219647524008	0.997805935246
1027.58203031	2.9175286367e+15	-2.9926953725e+13	0.00198188047073	0.998020082158
1027.88506062	2.91666852148e+15	-2.9918130974e+13	0.00179164129446	0.998209962737
1028.18809092	2.91580891325e+15	-2.99093134235e+13	0.00157585022111	0.998425390779
1028.49112122	2.91494981156e+15	-2.9900501069e+13	0.00134437793203	0.998656525339
1028.79415153	2.91409121597e+15	-2.98916939058e+13	0.0011264771778	0.998874157059
1029.09718183	2.91323312602e+15	-2.98828919293e+13	0.000941699234067	0.999058744026
1029.40021213	2.91237554128e+15	-2.98740951351e+13	0.00079411571998	0.999206199506
1029.70324244	2.91151846129e+15	-2.98653035184e+13	0.000678802192765	0.999321428141
1030.00627274	2.91066188561e+15	-2.98565170747e+13	0.000588335630331	0.999411837405
1030.30930304	2.9098058138e+15	-2.98477357996e+13	0.000516391963197	0.999483741344
1030.61233334	2.9089502454e+15	-2.98389596883e+13	0.000458153664757	0.999541951272
1030.91536365	2.90809517999e+15	-2.98301887364e+13	0.0004102811349	0.999589803019
1031.21839395	2.90724061711e+15	-2.98214229393e+13	0.000370358142368	0.999629710432
1031.52142425	2.90638655631e+15	-2.98126622924e+13	0.000336650041559	0.999663406619
1031.82445456	2.90553299717e+15	-2.98039067913e+13	0.000307917086748	0.999692130315
1032.12748486	2.90467993923e+15	-2.97951564313e+13	0.000283158419796	0.999716881666
1032.43051516	2.90382738206e+15	-2.97864112081e+13	0.000261654361131	0.999738379867
1032.73354547	2.90297532521e+15	-2.97776711169e+13	0.000242835367363	0.999757194115
1033.03657577	2.90212376824e+15	-2.97689361534e+13	0.000226265735453	0.999773759861
1033.33960607	2.90127271072e+15	-2.9760206313e+13	0.000211566964639	0.999788455414
1033.64263638	2.9004221522e+15	-2.97514815912e+13	0.000198474778721	0.999801544916
1033.94566668	2.89957209225e+15	-2.97427619836e+13	0.000186736724465	0.99981328071
1034.24869698	2.89872253042e+15	-2.97340474855e+13	0.000176169714514	0.999823845802
1034.55172728	2.89787346629e+15	-2.97253380926e+13	0.000166623397664	0.999833390483
1034.85475759	2.89702489941e+15	-2.97166338003e+13	0.000157958677922	0.999842053797
1035.15778789	2.89617682934e+15	-2.97079346041e+13	0.000150075666489	0.999849935594
1035.46081819	2.89532925566e+15	-2.96992404997e+13	0.000142850686966	0.999857159516
1035.7638485	2.89448217791e+15	-2.96905514824e+13	0.000136235406299	0.999863773873
