912.0	3.28728070175e+15	-3.08304681475e+13	0.00133213743474	0.998668749466
912.049206954	3.28710334611e+15	-3.08288047795e+13	0.0013323276218	0.998668559533
912.098413908	3.28692600961e+15	-3.0827141591e+13	0.00133251782708	0.998668369581
912.147620862	3.28674869224e+15	-3.08254785819e+13	0.00133270805058	0.99866817961
912.196827816	3.286571394e+15	-3.08238157523e+13	0.0013328982923	0.998667989622
912.246034771	3.28639411489e+15	-3.0822153102e+13	0.00133308855225	0.998667799616
912.295241725	3.2862168549e+15	-3.08204906312e+13	0.00133327883043	0.998667609591
912.344448679	3.28603961403e+15	-3.08188283396e+13	0.00133346912683	0.998667419548
912.393655633	3.28586239228e+15	-3.08171662273e+13	0.00133365944146	0.998667229487
912.442862587	3.28568518965e+15	-3.08155042943e+13	0.00133384977431	0.998667039408
912.492069541	3.28550800612e+15	-3.08138425406e+13	0.0013340401254	0.998666849311
912.541276495	3.28533084171e+15	-3.0812180966e+13	0.00133423049472	0.998666659195
912.590483449	3.2851536964e+15	-3.08105195707e+13	0.00133442088227	0.998666469061
912.639690403	3.28497657019e+15	-3.08088583545e+13	0.00133461128805	0.99866627891
912.688897357	3.28479946308e+15	-3.08071973174e+13	0.00133480171206	0.99866608874
912.738104312	3.28462237507e+15	-3.08055364594e+13	0.00133499215431	0.998665898551
912.787311266	3.28444530615e+15	-3.08038757805e+13	0.0013351826148	0.998665708345
912.83651822	3.28426825632e+15	-3.08022152807e+13	0.00133537309352	0.99866551812
912.885725174	3.28409122558e+15	-3.08005549598e+13	0.00133556359047	0.998665327878
912.934932128	3.28391421392e+15	-3.07988948179e+13	0.00133575410567	0.998665137617
912.984139082	3.28373722134e+15	-3.0797234855e+13	0.00133594463911	0.998664947338
913.033346036	3.28356024784e+15	-3.0795575071e+13	0.00133613519079	0.99866475704
913.08255299	3.28338329342e+15	-3.07939154659e+13	0.0013363257607	0.998664566725
913.131759944	3.28320635806e+15	-3.07922560397e+13	0.00133651634886	0.998664376391
913.180966899	3.28302944178e+15	-3.07905967923e+13	0.00133670695527	0.99866418604
913.230173853	3.28285254456e+15	-3.07889377237e+13	0.00133689757992	0.99866399567
913.279380807	3.2826756664e+15	-3.07872788339e+13	0.00133708822281	0.998663805281
913.328587761	3.2824988073e+15	-3.07856201228e+13	0.00133727888395	0.998663614875
913.377794715	3.28232196726e+15	-3.07839615905e+13	0.00133746956334	0.99866342445
913.427001669	3.28214514627e+15	-3.07823032368e+13	0.00133766026098	0.998663234008
913.476208623	3.28196834433e+15	-3.07806450618e+13	0.00133785097687	0.998663043547
913.525415577	3.28179156144e+15	-3.07789870655e+13	0.001338041711	0.998662853068
913.574622531	3.28161479759e+15	-3.07773292477e+13	0.00133823246339	0.99866266257
913.623829485	3.28143805278e+15	-3.07756716086e+13	0.00133842323403	0.998662472055
913.67303644	3.28126132701e+15	-3.0774014148e+13	0.00133861402293	0.998662281521
913.722243394	3.28108462027e+15	-3.07723568659e+13	0.00133880483008	0.998662090969
913.771450348	3.28090793257e+15	-3.07706997623e+13	0.00133899565548	0.998661900399
913.820657302	3.28073126389e+15	-3.07690428371e+13	0.00133918649914	0.998661709811
913.869864256	3.28055461424e+15	-3.07673860904e+13	0.00133937736106	0.998661519204
913.91907121	3.28037798361e+15	-3.07657295221e+13	0.00133956824124	0.99866132858
913.968278164	3.280201372e+15	-3.07640731322e+13	0.00133975913968	0.998661137937
914.017485118	3.28002477941e+15	-3.07624169206e+13	0.00133995005638	0.998660947276
914.066692072	3.27984820583e+15	-3.07607608873e+13	0.00134014099134	0.998660756597
914.115899027	3.27967165126e+15	-3.07591050323e+13	0.00134033194456	0.998660565899
914.165105981	3.27949511569e+15	-3.07574493556e+13	0.00134052291604	0.998660375183
914.214312935	3.27931859913e+15	-3.07557938571e+13	0.00134071390579	0.99866018445
914.263519889	3.27914210157e+15	-3.07541385368e+13	0.00134090491381	0.998659993697
914.312726843	3.27896562301e+15	-3.07524833947e+13	0.00134109594009	0.998659802927
914.361933797	3.27878916344e+15	-3.07508284307e+13	0.00134128698464	0.998659612139
914.411140751	3.27861272287e+15	-3.07491736449e+13	0.00134147804746	0.998659421332
914.460347705	3.27843630128e+15	-3.07475190371e+13	0.00134166912855	0.998659230507
914.509554659	3.27825989868e+15	-3.07458646074e+13	0.0013418602279	0.998659039664
914.558761614	3.27808351506e+15	-3.07442103558e+13	0.00134205134553	0.998658848803
914.607968568	3.27790715042e+15	-3.07425562821e+13	0.00134224248144	0.998658657923
914.657175522	3.27773080476e+15	-3.07409023864e+13	0.00134243363561	0.998658467025
914.706382476	3.27755447807e+15	-3.07392486686e+13	0.00134262480806	0.998658276109
914.75558943	3.27737817035e+15	-3.07375951288e+13	0.00134281599879	0.998658085175
914.804796384	3.27720188159e+15	-3.07359417668e+13	0.00134300720779	0.998657894223
914.854003338	3.2770256118e+15	-3.07342885827e+13	0.00134319843507	0.998657703252
914.903210292	3.27684936097e+15	-3.07326355765e+13	0.00134338968063	0.998657512263
914.952417246	3.2766731291e+15	-3.0730982748e+13	0.00134358094447	0.998657321256
915.0016242	3.27649691619e+15	-3.07293300973e+13	0.00134377222659	0.998657130231
915.050831155	3.27632072222e+15	-3.07276776243e+13	0.00134396352699	0.998656939188
915.100038109	3.27614454721e+15	-3.07260253291e+13	0.00134415484567	0.998656748126
915.149245063	3.27596839114e+15	-3.07243732115e+13	0.00134434618264	0.998656557046
915.198452017	3.27579225401e+15	-3.07227212716e+13	0.00134453753789	0.998656365948
915.247658971	3.27561613582e+15	-3.07210695094e+13	0.00134472891143	0.998656174831
915.296865925	3.27544003657e+15	-3.07194179247e+13	0.00134492030325	0.998655983697
915.346072879	3.27526395625e+15	-3.07177665176e+13	0.00134511171336	0.998655792544
915.395279833	3.27508789487e+15	-3.0716115288e+13	0.00134530314176	0.998655601373
915.444486787	3.27491185241e+15	-3.0714464236e+13	0.00134549458845	0.998655410184
915.493693742	3.27473582887e+15	-3.07128133614e+13	0.00134568605343	0.998655218976
915.542900696	3.27455982426e+15	-3.07111626643e+13	0.00134587753671	0.99865502775
915.59210765	3.27438383856e+15	-3.07095121447e+13	0.00134606903827	0.998654836506
915.641314604	3.27420787178e+15	-3.07078618024e+13	0.00134626055813	0.998654645244
915.690521558	3.27403192391e+15	-3.07062116375e+13	0.00134645209628	0.998654453964
915.739728512	3.27385599495e+15	-3.07045616499e+13	0.00134664365273	0.998654262665
915.788935466	3.27368008489e+15	-3.07029118397e+13	0.00134683522747	0.998654071348
915.83814242	3.27350419374e+15	-3.07012622067e+13	0.00134702682052	0.998653880013
915.887349374	3.27332832149e+15	-3.0699612751e+13	0.00134721843186	0.998653688659
915.936556328	3.27315246813e+15	-3.06979634725e+13	0.0013474100615	0.998653497288
915.985763283	3.27297663367e+15	-3.06963143713e+13	0.00134760170944	0.998653305898
916.034970237	3.2728008181e+15	-3.06946654471e+13	0.00134779337569	0.99865311449
916.084177191	3.27262502142e+15	-3.06930167002e+13	0.00134798506023	0.998652923064
916.133384145	3.27244924362e+15	-3.06913681303e+13	0.00134817676308	0.998652731619
916.182591099	3.2722734847e+15	-3.06897197376e+13	0.00134836848424	0.998652540156
916.231798053	3.27209774467e+15	-3.06880715218e+13	0.0013485602237	0.998652348675
916.281005007	3.2719220235e+15	-3.06864234832e+13	0.00134875198146	0.998652157176
916.330211961	3.27174632121e+15	-3.06847756215e+13	0.00134894375754	0.998651965658
916.379418915	3.27157063779e+15	-3.06831279368e+13	0.00134913555192	0.998651774122
916.42862587	3.27139497324e+15	-3.0681480429e+13	0.00134932736461	0.998651582568
916.477832824	3.27121932755e+15	-3.06798330981e+13	0.00134951919562	0.998651390996
916.527039778	3.27104370072e+15	-3.06781859442e+13	0.00134971104493	0.998651199405
916.576246732	3.27086809274e+15	-3.0676538967e+13	0.00134990291256	0.998651007797
916.625453686	3.27069250362e+15	-3.06748921668e+13	0.0013500947985	0.998650816169
916.67466064	3.27051693335e+15	-3.06732455433e+13	0.00135028670276	0.998650624524
916.723867594	3.27034138193e+15	-3.06715990966e+13	0.00135047862533	0.998650432861
916.773074548	3.27016584936e+15	-3.06699528266e+13	0.00135067056622	0.998650241179
916.822281502	3.26999033563e+15	-3.06683067333e+13	0.00135086252543	0.998650049479
916.871488456	3.26981484073e+15	-3.06666608168e+13	0.00135105450295	0.99864985776
917.871488456	3.26625245223e+15	-3.06332501906e+13	0.00135495990428	0.998645957639
918.17451876	3.26517447255e+15	-3.06231401266e+13	0.00135614485425	0.998644774295
918.477549063	3.26409720418e+15	-3.06130367337e+13	0.0013573305	0.998643590256
918.780579366	3.26302064642e+15	-3.06029400054e+13	0.00135851684175	0.998642405525
919.083609669	3.26194479856e+15	-3.05928499351e+13	0.00135970387975	0.998641220099
919.386639972	3.2608696599e+15	-3.05827665161e+13	0.00136089161422	0.998640033979
919.689670275	3.25979522974e+15	-3.0572689742e+13	0.00136208004541	0.998638847165
919.992700578	3.25872150737e+15	-3.05626196061e+13	0.00136326917355	0.998637659656
920.295730881	3.25764849211e+15	-3.05525561018e+13	0.00136445899887	0.998636471452
920.598761184	3.25657618325e+15	-3.05424992228e+13	0.0013656495216	0.998635282553
920.901791487	3.25550458009e+15	-3.05324489623e+13	0.00136684074199	0.998634092959
921.20482179	3.25443368194e+15	-3.05224053139e+13	0.00136803266027	0.99863290267
921.507852093	3.2533634881e+15	-3.0512368271e+13	0.00136922527667	0.998631711685
921.810882396	3.25229399788e+15	-3.05023378271e+13	0.00137041859143	0.998630520003
922.113912699	3.25122521059e+15	-3.04923139758e+13	0.00137161260477	0.998629327626
922.416943002	3.25015712552e+15	-3.04822967105e+13	0.00137280734667	0.998628134522
922.719973305	3.249089742e+15	-3.04722860247e+13	0.00137400299603	0.998626940514
923.023003608	3.24802305932e+15	-3.0462281912e+13	0.00137519934029	0.998625745813
923.326033911	3.2469570768e+15	-3.04522843659e+13	0.00137639647232	0.998624550327
923.629064214	3.24589179375e+15	-3.04422933799e+13	0.00137759403272	0.998623354414
923.932094517	3.24482720948e+15	-3.04323089476e+13	0.00137879269489	0.998622157403
924.23512482	3.2437633233e+15	-3.04223310625e+13	0.00137999218644	0.998620959565
924.538155123	3.24270013453e+15	-3.04123597181e+13	0.00138119193456	0.998619761472
924.841185426	3.24163764249e+15	-3.04023949082e+13	0.0013823930425	0.998618562023
925.144215729	3.24057584648e+15	-3.03924366261e+13	0.00138359430038	0.998617362425
925.447246032	3.23951474582e+15	-3.03824848656e+13	0.00138479712842	0.998616161261
925.750276335	3.23845433983e+15	-3.03725396202e+13	0.00138600000464	0.99861496005
926.053306638	3.23739462784e+15	-3.03626008835e+13	0.00138720476082	0.998613756963
926.356336941	3.23633560914e+15	-3.03526686491e+13	0.00138840951558	0.998612553879
926.659367244	3.23527728308e+15	-3.03427429107e+13	0.00138961669645	0.998611348374
926.962397547	3.23421964897e+15	-3.03328236619e+13	0.00139082413251	0.998610142615
927.26542785	3.23316270612e+15	-3.03229108963e+13	0.00139203543609	0.998608932996
927.568458153	3.23210645387e+15	-3.03130046076e+13	0.00139324885994	0.998607721261
927.871488456	3.23105089153e+15	-3.03031047894e+13	0.00139447061252	0.99860650121
928.17451876	3.22999601843e+15	-3.02932114353e+13	0.00139569956264	0.998605273973
928.477549063	3.22894183389e+15	-3.02833245391e+13	0.001396942276	0.998604032994
928.780579366	3.22788833725e+15	-3.02734440945e+13	0.00139819192942	0.998602785086
929.083609669	3.22683552783e+15	-3.02635700951e+13	0.00139944828639	0.998601530485
929.386639972	3.22578340495e+15	-3.02537025346e+13	0.00140070186474	0.99860027866
929.689670275	3.22473196794e+15	-3.02438414067e+13	0.00140194714369	0.998599035125
929.992700578	3.22368121614e+15	-3.02339867051e+13	0.0014031892488	0.998597794761
930.295730881	3.22263114887e+15	-3.02241384236e+13	0.00140443082098	0.99859655493
930.598761184	3.22158176547e+15	-3.02142965559e+13	0.00140567823887	0.998595309264
930.901791487	3.22053306527e+15	-3.02044610957e+13	0.00140693862354	0.998594050651
931.20482179	3.21948504759e+15	-3.01946320367e+13	0.00140823804944	0.998592753052
931.507852093	3.21843771179e+15	-3.01848093728e+13	0.00141276093655	0.99858823654
931.810882396	3.21739105718e+15	-3.01749930976e+13	0.00145102296863	0.998550029256
932.113912699	3.2163450831e+15	-3.0165183205e+13	0.00145463055548	0.998546426907
932.416943002	3.2152997889e+15	-3.01553796887e+13	0.00145855074207	0.998542512426
932.719973305	3.2142551739e+15	-3.01455825425e+13	0.00146290104579	0.998538168472
933.023003608	3.21321123746e+15	-3.01357917602e+13	0.00146783620444	0.99853324054
933.326033911	3.2121679789e+15	-3.01260073356e+13	0.00147360010344	0.998527485112
933.629064214	3.21112539756e+15	-3.01162292625e+13	0.00148057467381	0.998520520836
933.932094517	3.21008349279e+15	-3.01064575348e+13	0.00148934373265	0.998511764789
934.23512482	3.20904226393e+15	-3.00966921462e+13	0.00150080462489	0.998500321019
934.538155123	3.20800171033e+15	-3.00869330905e+13	0.00151636509295	0.998484784008
934.841185426	3.20696183131e+15	-3.00771803618e+13	0.00153825240857	0.998462930095
935.144215729	3.20592262624e+15	-3.00674339536e+13	0.00157017579276	0.998431056288
935.447246032	3.20488409444e+15	-3.00576938601e+13	0.00161880785964	0.998382501703
935.750276335	3.20384623528e+15	-3.00479600749e+13	0.00169775546836	0.998303684903
936.053306638	3.20280904809e+15	-3.0038232592e+13	0.00183779880497	0.998163888913
936.356336941	3.20177253223e+15	-3.00285114052e+13	0.00210835375881	0.997893867258
936.659367244	3.20073668704e+15	-3.00187965085e+13	0.00264320893467	0.997360281266
936.962397547	3.19970151187e+15	-3.00090878958e+13	0.00362376440949	0.996382793501
937.26542785	3.19866700608e+15	-2.99993855608e+13	0.00513781963558	0.994875356385
937.568458153	3.197633169e+15	-2.99896894977e+13	0.00692420998894	0.993099707119
937.871488456	3.1966e+15	-2.99799997002e+13	0.00826669573696	0.991767379431
938.17451876	3.19556749843e+15	-2.99703161623e+13	0.00836221202517	0.991672654016
938.477549063	3.19453566363e+15	-2.9960638878e+13	0.00698820816714	0.993036152581
938.780579366	3.19350449498e+15	-2.99509678412e+13	0.00475735691855	0.99525394138
939.083609669	3.19247399181e+15	-2.99413030458e+13	0.00261795939346	0.997385464474
939.386639972	3.19144415349e+15	-2.99316444858e+13	0.00116055835837	0.998840114829
939.689670275	3.19041497937e+15	-2.99219921551e+13	0.000415298466423	0.999584787758
939.992700578	3.18938646881e+15	-2.99123460478e+13	0.000122004545791	0.999878002896
940.295730881	3.18835862117e+15	-2.99027061579e+13	3.16210229797e-05	0.999968379477
940.598761184	3.1873314358e+15	-2.98930724792e+13	9.19400383441e-06	0.999990806038
940.901791487	3.18630491208e+15	-2.98834450059e+13	4.28516057785e-06	0.999995714849
941.20482179	3.18527904936e+15	-2.98738237319e+13	3.01318163744e-06	0.999996986823
941.507852093	3.18425384699e+15	-2.98642086512e+13	2.44598876463e-06	0.999997554014
941.810882396	3.18322930435e+15	-2.98545997579e+13	2.06922099237e-06	0.999997930781
942.113912699	3.1822054208e+15	-2.9844997046e+13	1.78580938299e-06	0.999998214192
942.416943002	3.1811821957e+15	-2.98354005095e+13	1.56455886601e-06	0.999998435442
942.719973305	3.18015962841e+15	-2.98258101425e+13	1.3864388757e-06	0.999998613562
943.023003608	3.17913771831e+15	-2.9816225939e+13	1.24075790833e-06	0.999998759243
943.326033911	3.17811646475e+15	-2.9806647893e+13	1.11971418229e-06	0.999998880286
943.629064214	3.17709586711e+15	-2.97970759988e+13	1.01783265601e-06	0.999998982168
943.932094517	3.17607592476e+15	-2.97875102502e+13	9.30699079859e-07	0.999999069301
944.23512482	3.17505663705e+15	-2.97779506415e+13	8.56926524288e-07	0.999999143074
944.538155123	3.17403800338e+15	-2.97683971666e+13	7.92185854996e-07	0.999999207814
944.841185426	3.17302002309e+15	-2.97588498198e+13	7.35564327627e-07	0.999999264436
945.144215729	3.17200269557e+15	-2.97493085951e+13	6.85657778233e-07	0.999999314342
945.447246032	3.17098602019e+15	-2.97397734865e+13	6.41304919652e-07	0.999999358695
945.750276335	3.16996999633e+15	-2.97302444884e+13	6.02451865132e-07	0.999999397548
946.053306638	3.16895462334e+15	-2.97207215947e+13	5.67126525677e-07	0.999999432874
946.356336941	3.16793990062e+15	-2.97112047995e+13	5.3534363461e-07	0.999999464657
946.659367244	3.16692582753e+15	-2.97016940972e+13	5.06602977761e-07	0.999999493397
946.962397547	3.16591240345e+15	-2.96921894817e+13	4.8056213712e-07	0.999999519438
947.26542785	3.16489962777e+15	-2.96826909473e+13	4.56928831749e-07	0.999999543071
947.568458153	3.16388749985e+15	-2.96731984881e+13	4.35144456663e-07	0.999999564856
947.871488456	3.16287601907e+15	-2.96637120983e+13	4.15060072777e-07	0.99999958494
