912.0	3.28728070175e+15	-3.99645882803e+13	0.00562580855502	0.994389986672
914.85589881	3.2770188222e+15	-3.98398311234e+13	0.00566556923853	0.994350449832
917.711797619	3.26682081213e+15	-3.97158504495e+13	0.00570547917567	0.99431076616
920.567696429	3.25668607711e+15	-3.95926390318e+13	0.00574553683693	0.994270937194
923.423595239	3.24661403007e+15	-3.94701897333e+13	0.00578574515114	0.994230960039
926.279494048	3.23660409117e+15	-3.93484955044e+13	0.00582610145205	0.994190837365
929.135392858	3.22665568769e+15	-3.92275493827e+13	0.00586660517466	0.994150569751
931.991291668	3.21676825396e+15	-3.91073444908e+13	0.0059072577017	0.994110155839
934.847190477	3.20694123119e+15	-3.89878740355e+13	0.00594805870431	0.994069595976
937.703089287	3.19717406741e+15	-3.88691313064e+13	0.0059890067446	0.994028891607
940.558988097	3.18746621737e+15	-3.87511096745e+13	0.0060301013352	0.993988043236
943.414886906	3.17781714239e+15	-3.86338025911e+13	0.00607134360933	0.993947049754
946.270785716	3.16822631033e+15	-3.85172035865e+13	0.00611273304769	0.993905911696
949.126684526	3.15869319542e+15	-3.8401306269e+13	0.00615426914959	0.993864629576
951.982583335	3.14921727822e+15	-3.82861043234e+13	0.0061959511413	0.993823204182
954.838482145	3.13979804549e+15	-3.81715915104e+13	0.00623777705745	0.993781637485
957.694380955	3.13043499014e+15	-3.80577616647e+13	0.00627975175764	0.993739924674
960.550279764	3.12112761108e+15	-3.79446086946e+13	0.00632186920815	0.993698071763
963.406178574	3.11187541317e+15	-3.78321265805e+13	0.00636413121508	0.993656076976
966.262077384	3.10267790713e+15	-3.77203093741e+13	0.00640653856881	0.993613939545
969.117976193	3.09353460946e+15	-3.76091511972e+13	0.00644908912723	0.993571661616
971.973875003	3.0844450423e+15	-3.74986462404e+13	0.00649178238142	0.993529243714
974.829773813	3.07540873344e+15	-3.73887887629e+13	0.00653461898456	0.993486685208
977.685672622	3.06642521615e+15	-3.72795730904e+13	0.00657759766161	0.993443987382
980.541571432	3.05749402916e+15	-3.71709936152e+13	0.00662071788695	0.993401150777
983.397470242	3.04861471655e+15	-3.70630447944e+13	0.00666397784905	0.99335817721
986.253369051	3.03978682768e+15	-3.69557211495e+13	0.00670737878123	0.993315065475
989.109267861	3.03100991712e+15	-3.68490172652e+13	0.0067509194012	0.993271816863
991.965166671	3.02228354455e+15	-3.67429277885e+13	0.00679459928728	0.993228431811
994.82106548	3.01360727474e+15	-3.6637447428e+13	0.00683841683185	0.993184911933
997.67696429	3.00498067742e+15	-3.65325709529e+13	0.00688237382294	0.993141255472
1000.5328631	2.99640332723e+15	-3.64282931919e+13	0.00692646270754	0.993097469947
1003.38876191	2.98787480368e+15	-3.63246090328e+13	0.00697069081075	0.993053548101
1006.24466072	2.97939469101e+15	-3.62215134214e+13	0.00701505168434	0.993009496355
1009.10055953	2.9709625782e+15	-3.61190013605e+13	0.00705954671925	0.992965313346
1011.95645834	2.96257805886e+15	-3.60170679098e+13	0.00710417570991	0.992920999295
1014.81235715	2.95424073119e+15	-3.5915708184e+13	0.0071489347838	0.992876558065
1017.66825596	2.94595019787e+15	-3.58149173531e+13	0.00719382258755	0.992831991018
1020.52415477	2.93770606604e+15	-3.57146906409e+13	0.00723884146483	0.992787295842
1023.38005358	2.92950794724e+15	-3.56150233248e+13	0.0072839862542	0.99274247768
1026.23595239	2.92135545732e+15	-3.55159107344e+13	0.00732925767174	0.992697535838
1029.0918512	2.91324821639e+15	-3.54173482515e+13	0.00737465263891	0.992652473389
1031.94775001	2.90518584878e+15	-3.53193313087e+13	0.00742017263746	0.992607288878
1034.80364882	2.89716798296e+15	-3.52218553892e+13	0.00746581217082	0.992561987779
1037.65954763	2.88919425149e+15	-3.51249160261e+13	0.007511574528	0.992516566842
1040.51544644	2.88126429095e+15	-3.50285088011e+13	0.00755745062055	0.992471035104
1043.37134524	2.87337774194e+15	-3.49326293447e+13	0.00760344273854	0.992425390309
1046.22724405	2.86553424893e+15	-3.48372733348e+13	0.00764955053394	0.992379632817
1049.08314286	2.8577334603e+15	-3.47424364966e+13	0.00769576634223	0.99233377025
1051.93904167	2.84997502824e+15	-3.46481146015e+13	0.00774209113443	0.992287801659
1054.79494048	2.8422586087e+15	-3.45543034669e+13	0.00778852342431	0.992241728534
1057.65083929	2.83458386135e+15	-3.44609989553e+13	0.00783505764012	0.992195556418
1060.5067381	2.82695044952e+15	-3.43681969738e+13	0.00788169177106	0.992149287319
1063.36263691	2.81935804017e+15	-3.42758934733e+13	0.00792842411119	0.992102922944
1066.21853572	2.81180630383e+15	-3.41840844483e+13	0.00797524745443	0.992056470456
1069.07443453	2.80429491452e+15	-3.40927659359e+13	0.00802216140711	0.992009930258
1071.93033334	2.79682354977e+15	-3.40019340157e+13	0.00806916195424	0.991963306344
1074.78623215	2.78939189052e+15	-3.39115848087e+13	0.00811624424065	0.991916603543
1077.64213096	2.78199962109e+15	-3.38217144772e+13	0.00816340402229	0.991869826075
1080.49802977	2.77464642914e+15	-3.3732319224e+13	0.00821063319685	0.991822981988
1083.35392858	2.76733200564e+15	-3.36433952919e+13	0.00825792707071	0.991776075947
1086.20982739	2.76005604479e+15	-3.35549389633e+13	0.00830528588125	0.991729107723
1089.0657262	2.752818244e+15	-3.34669465596e+13	0.00835270219667	0.991682084698
1091.92162501	2.74561830385e+15	-3.33794144405e+13	0.00840016161282	0.991635021162
1094.77752382	2.73845592805e+15	-3.32923390039e+13	0.00844766902725	0.991587912265
1097.63342263	2.73133082338e+15	-3.32057166852e+13	0.00849520472795	0.991540777559
1100.48932144	2.72424269968e+15	-3.31195439566e+13	0.00854263849708	0.991493746158
1103.34522025	2.71719126977e+15	-3.3033817327e+13	0.00858970482961	0.991447081282
1106.20111906	2.71017624946e+15	-3.29485333413e+13	0.00862582948679	0.991411266243
1109.05701787	2.70319735749e+15	-3.28636885799e+13	0.00867382126831	0.991363687792
1111.91291668	2.69625431545e+15	-3.27792796586e+13	0.00872460621441	0.991313342719
1114.76881549	2.68934684784e+15	-3.26953032275e+13	0.00877555708849	0.991262835724
1117.6247143	2.68247468193e+15	-3.26117559712e+13	0.00882667400543	0.991212166719
1120.48061311	2.67563754779e+15	-3.25286346081e+13	0.00887795707999	0.991161335615
1123.33651192	2.66883517824e+15	-3.24459358898e+13	0.00892940642671	0.991110342324
1126.19241073	2.66206730879e+15	-3.23636566011e+13	0.00898102215989	0.991059186757
1129.04830953	2.65533367765e+15	-3.2281793559e+13	0.00903280439364	0.991007868827
1131.90420834	2.64863402565e+15	-3.2200343613e+13	0.00908475324187	0.990956388447
1134.76010715	2.64196809625e+15	-3.21193036441e+13	0.00913686881825	0.99090474553
1137.61600596	2.63533563547e+15	-3.20386705645e+13	0.00918915123627	0.990852939988
1140.47190477	2.62873639188e+15	-3.19584413177e+13	0.00924160060919	0.990800971735
1143.32780358	2.62217011657e+15	-3.18786128773e+13	0.00929421705007	0.990748840686
1146.18370239	2.61563656309e+15	-3.17991822475e+13	0.00934700067178	0.990696546754
1149.0396012	2.60913548746e+15	-3.17201464618e+13	0.00939995158694	0.990644089854
1151.89550001	2.60266664812e+15	-3.16415025837e+13	0.00945306990802	0.990591469901
1154.75139882	2.59622980588e+15	-3.15632477051e+13	0.00950635574725	0.990538686809
1157.60729763	2.58982472392e+15	-3.14853789472e+13	0.00955980921667	0.990485740495
1160.46319644	2.58345116777e+15	-3.14078934592e+13	0.00961343042811	0.990432630874
1163.31909525	2.57710890523e+15	-3.13307884183e+13	0.00966721949322	0.990379357861
1166.17499406	2.57079770641e+15	-3.12540610295e+13	0.00972117652341	0.990325921374
1169.03089287	2.56451734363e+15	-3.1177708525e+13	0.00977530162993	0.990272321328
1171.88679168	2.55826759145e+15	-3.11017281639e+13	0.00982959492381	0.990218557642
1174.74269049	2.55204822662e+15	-3.10261172323e+13	0.00988405651589	0.990164630231
1177.5985893	2.54585902806e+15	-3.09508730422e+13	0.00993868651681	0.990110539014
1180.45448811	2.53969977682e+15	-3.08759929318e+13	0.00999348503701	0.990056283908
1183.31038692	2.53357025607e+15	-3.08014742651e+13	0.0100484521867	0.990001864832
1186.16628573	2.52747025107e+15	-3.07273144314e+13	0.0101035880761	0.989947281703
1189.02218454	2.52139954913e+15	-3.06535108449e+13	0.0101588928148	0.989892534441
1191.87808335	2.51535793961e+15	-3.0580060945e+13	0.0102143665127	0.989837622965
1194.73398216	2.50934521389e+15	-3.05069621951e+13	0.0102700092792	0.989782547194
1195.73398216	2.50724663239e+15	-3.04814490267e+13	0.0102897382497	0.989763019996
1196.03701246	2.50661139143e+15	-3.04737261864e+13	0.0102967188865	0.989756110844
1196.34004276	2.50597647227e+15	-3.04660072585e+13	0.0103038247217	0.989749077825
1196.64307307	2.50534187468e+15	-3.04582922399e+13	0.0103109417194	0.989742033808
1196.94610337	2.50470759841e+15	-3.04505811278e+13	0.010318217351	0.989734832836
1197.24913367	2.50407364322e+15	-3.04428739191e+13	0.0103256319991	0.989727494327
1197.55216398	2.50344000887e+15	-3.04351706109e+13	0.010333198709	0.989720005375
1197.85519428	2.5028066951e+15	-3.04274712002e+13	0.0103409202605	0.98971236323
1198.15822458	2.50217370168e+15	-3.04197756841e+13	0.0103488340649	0.989704530871
1198.46125488	2.50154102837e+15	-3.04120840596e+13	0.0103569738745	0.989696474898
1198.76428519	2.50090867491e+15	-3.04043963238e+13	0.0103652931561	0.989688241368
1199.06731549	2.50027664108e+15	-3.03967124737e+13	0.0103741003926	0.989679524988
1199.37034579	2.49964492662e+15	-3.03890325064e+13	0.0103832160575	0.989670503442
1199.6733761	2.49901353129e+15	-3.03813564189e+13	0.0103928144543	0.989661004238
1199.9764064	2.49838245486e+15	-3.03736842082e+13	0.0104030250069	0.989650899304
1200.2794367	2.49775169708e+15	-3.03660158716e+13	0.0104140386525	0.9896399997
1200.58246701	2.49712125771e+15	-3.03583514059e+13	0.0104261332194	0.989628030505
1200.88549731	2.49649113651e+15	-3.03506908083e+13	0.0104397102563	0.98961459438
1201.18852761	2.49586133324e+15	-3.03430340759e+13	0.0104554055551	0.989599062205
1201.49155791	2.49523184766e+15	-3.03353812058e+13	0.0104743328117	0.989580331987
1201.79458822	2.49460267952e+15	-3.03277321949e+13	0.0104984817017	0.989556435009
1202.09761852	2.49397382859e+15	-3.03200870405e+13	0.0105313500888	0.989523910419
1202.40064882	2.49334529463e+15	-3.03124457395e+13	0.0105786781392	0.98947707929
1202.70367913	2.49271707739e+15	-3.03048082891e+13	0.0106487465294	0.989407750653
1203.00670943	2.49208917664e+15	-3.02971746863e+13	0.0107511058727	0.989306480708
1203.30973973	2.49146159215e+15	-3.02895449283e+13	0.0108934463856	0.989165672338
1203.61277004	2.49083432366e+15	-3.02819190122e+13	0.0110765658286	0.988984553455
1203.91580034	2.49020737094e+15	-3.02742969349e+13	0.0112909933787	0.988772510654
1204.21883064	2.48958073376e+15	-3.02666786938e+13	0.0115176104221	0.988548463339
1204.52186095	2.48895441188e+15	-3.02590642858e+13	0.0117334093017	0.988335158704
1204.82489125	2.48832840505e+15	-3.0251453708e+13	0.0119204744052	0.988150292977
1205.12792155	2.48770271304e+15	-3.02438469576e+13	0.0120710880468	0.98800147527
1205.43095185	2.48707733561e+15	-3.02362440317e+13	0.0121884736629	0.987885504915
1205.73398216	2.48645227253e+15	-3.02286449275e+13	0.0122821937319	0.987792924556
1206.03701246	2.48582752355e+15	-3.02210496419e+13	0.0123630814153	0.987713027506
1206.34004276	2.48520308845e+15	-3.02134581721e+13	0.0124396672896	0.987637385537
1206.64307307	2.48457896699e+15	-3.02058705154e+13	0.0125174122803	0.987560604662
1206.94610337	2.48395515892e+15	-3.01982866687e+13	0.0125993622385	0.987479677428
1207.24913367	2.48333166401e+15	-3.01907066293e+13	0.0126870735191	0.987393068119
1207.55216398	2.48270848203e+15	-3.01831303942e+13	0.0127814931973	0.987299843185
1207.85519428	2.48208561275e+15	-3.01755579606e+13	0.0128809883146	0.987201616558
1208.15822458	2.48146305592e+15	-3.01679893256e+13	0.0129842892631	0.987099642961
1208.46125488	2.48084081131e+15	-3.01604244865e+13	0.0130961651295	0.986989216511
1208.76428519	2.48021887868e+15	-3.01528634402e+13	0.013217342743	0.986869622759
1209.06731549	2.47959725781e+15	-3.01453061841e+13	0.0133537455882	0.986735020115
1209.37034579	2.47897594846e+15	-3.01377527151e+13	0.0135025861095	0.986588164889
1209.6733761	2.47835495039e+15	-3.01302030305e+13	0.0136631599097	0.986429757397
1209.9764064	2.47773426337e+15	-3.01226571275e+13	0.013835980371	0.986259296881
1210.2794367	2.47711388716e+15	-3.01151150031e+13	0.0140213272342	0.986076513754
1210.58246701	2.47649382154e+15	-3.01075766546e+13	0.0142194388593	0.985881179883
1210.88549731	2.47587406626e+15	-3.01000420792e+13	0.0144300119397	0.985673601702
1211.18852761	2.4752546211e+15	-3.00925112739e+13	0.0146520353746	0.985454783355
1211.49155791	2.47463548583e+15	-3.0084984236e+13	0.0148836696786	0.985226544658
1211.79458822	2.47401666021e+15	-3.00774609626e+13	0.0151215831332	0.984992173888
1212.09761852	2.473398144e+15	-3.00699414509e+13	0.0153608401568	0.984756535782
1212.40064882	2.47277993699e+15	-3.00624256981e+13	0.0155941463091	0.984526812823
1212.70367913	2.47216203892e+15	-3.00549137014e+13	0.015811741564	0.984312607766
1213.00670943	2.47154444958e+15	-3.00474054579e+13	0.0160012434276	0.984126096365
1213.30973973	2.47092716874e+15	-3.00399009649e+13	0.0161479306441	0.983981748234
1213.61277004	2.47031019615e+15	-3.00324002195e+13	0.0162349168849	0.983896159084
1213.91580034	2.4696935316e+15	-3.0024903219e+13	0.0162429381792	0.983888266995
1214.21883064	2.46907717484e+15	-3.00174099604e+13	0.0161488302512	0.983980863038
1214.52186095	2.46846112565e+15	-3.00099204411e+13	0.0159237672987	0.984202345599
1214.82489125	2.46784538381e+15	-3.00024346582e+13	0.0155334565811	0.9845865653
1215.12792155	2.46722994907e+15	-2.9994952609e+13	0.0149467144311	0.985164433252
1215.43095185	2.46661482121e+15	-2.99874742906e+13	0.0141576700718	0.985942078449
1215.73398216	2.466e+15	-2.99799997002e+13	0.013215698148	0.986871245761
1216.03701246	2.46538548521e+15	-2.99725288351e+13	0.0122451940937	0.987829473213
1216.34004276	2.46477127662e+15	-2.99650616925e+13	0.0114285770048	0.988636481105
1216.64307307	2.46415737398e+15	-2.99575982695e+13	0.0109446635148	0.989115011409
1216.94610337	2.46354377708e+15	-2.99501385635e+13	0.010886258814	0.989172782063
1217.24913367	2.46293048569e+15	-2.99426825716e+13	0.0112074935259	0.988855076461
1217.55216398	2.46231749957e+15	-2.99352302911e+13	0.0117382609095	0.988330363701
1217.85519428	2.46170481851e+15	-2.99277817192e+13	0.0122598946064	0.98781495172
1218.15822458	2.46109244226e+15	-2.99203368531e+13	0.0125949745011	0.987484010239
1218.46125488	2.46048037062e+15	-2.99128956901e+13	0.0126607631476	0.987419047139
1218.76428519	2.45986860334e+15	-2.99054582274e+13	0.0124678163289	0.987609584884
1219.06731549	2.4592571402e+15	-2.98980244622e+13	0.012081256898	0.987991428481
1219.37034579	2.45864598097e+15	-2.98905943918e+13	0.0115787991713	0.988487977145
1219.6733761	2.45803512543e+15	-2.98831680134e+13	0.0110235770578	0.989036959919
1219.9764064	2.45742457335e+15	-2.98757453244e+13	0.0104568378176	0.98959764484
1220.2794367	2.45681432451e+15	-2.98683263218e+13	0.0099022567439	0.990146609173
1220.58246701	2.45620437868e+15	-2.98609110031e+13	0.00937135594157	0.990672418366
1220.88549731	2.45559473563e+15	-2.98534993653e+13	0.00886938777154	0.991169829219
1221.18852761	2.45498539514e+15	-2.98460914059e+13	0.00839825270302	0.991636914106
1221.49155791	2.45437635698e+15	-2.98386871221e+13	0.0079580033955	0.992073577684
1221.79458822	2.45376762093e+15	-2.98312865111e+13	0.00754767162914	0.992480740518
1222.09761852	2.45315918677e+15	-2.98238895701e+13	0.00716580145468	0.992859811684
1222.40064882	2.45255105426e+15	-2.98164962966e+13	0.00681070316643	0.993212437109
1222.70367913	2.45194322319e+15	-2.98091066877e+13	0.00648043290568	0.993540519814
1223.00670943	2.45133569332e+15	-2.98017207407e+13	0.00617331740587	0.993845698368
1223.30973973	2.45072846445e+15	-2.97943384529e+13	0.00588746600223	0.994129831164
1223.61277004	2.45012153633e+15	-2.97869598216e+13	0.00562133333942	0.994394436791
1223.91580034	2.44951490876e+15	-2.9779584844e+13	0.00537319661997	0.994641213181
1224.21883064	2.44890858151e+15	-2.97722135175e+13	0.00514176599178	0.99487143026
1224.52186095	2.44830255434e+15	-2.97648458394e+13	0.00492549714587	0.995086613224
1224.82489125	2.44769682705e+15	-2.97574818068e+13	0.00472351653324	0.995287621727
1225.12792155	2.44709139941e+15	-2.97501214172e+13	0.0045343821415	0.995475882649
1225.43095185	2.44648627119e+15	-2.97427646678e+13	0.00435721458711	0.9956522643
1225.73398216	2.44588144217e+15	-2.9735411556e+13	0.00419096219862	0.995817807628
