912.0	3.28728070175e+15	-3.00117773476e+13	0.00079806138409	0.999202256982
911.797643282	3.28801025325e+15	-3.00184379097e+13	0.000647412578037	0.999352796948
911.595286564	3.28874012864e+15	-3.00251014288e+13	0.000549184137603	0.999450966636
911.392929847	3.28947032813e+15	-3.0031767907e+13	0.000487667732746	0.999512451158
911.190573129	3.29020085195e+15	-3.00384373461e+13	0.000449371250806	0.999550729701
910.988216411	3.29093170031e+15	-3.00451097481e+13	0.000424934703926	0.999575155568
910.785859693	3.29166287343e+15	-3.00517851151e+13	0.000408652967966	0.999591430519
910.583502975	3.29239437153e+15	-3.0058463449e+13	0.000397288082617	0.999602790826
910.381146258	3.29312619481e+15	-3.00651447518e+13	0.000389035186965	0.999611040477
910.17878954	3.2938583435e+15	-3.00718290254e+13	0.000382858451447	0.999617214829
909.976432822	3.29459081781e+15	-3.00785162718e+13	0.000378127381774	0.999621944099
909.774076104	3.29532361797e+15	-3.00852064931e+13	0.000374433043722	0.999625637048
909.571719386	3.29605674418e+15	-3.00918996912e+13	0.000371496314437	0.999628572682
909.369362669	3.29679019667e+15	-3.00985958681e+13	0.000369119914678	0.999630948202
909.167005951	3.29752397566e+15	-3.01052950258e+13	0.000367161364566	0.999632906031
908.964649233	3.29825808136e+15	-3.01119971663e+13	0.00036551639735	0.999634550396
908.762292515	3.29899251399e+15	-3.01187022915e+13	0.000364108092686	0.999635958187
908.559935797	3.29972727376e+15	-3.01254104035e+13	0.000362879464668	0.999637186368
908.35757908	3.30046236091e+15	-3.01321215042e+13	0.000361788159992	0.999638277277
908.155222362	3.30119777564e+15	-3.01388355957e+13	0.000360802645217	0.999639262436
907.952865644	3.30193351818e+15	-3.014555268e+13	0.000359899406874	0.999640165349
907.750508926	3.30266958875e+15	-3.0152272759e+13	0.000359060884494	0.99964100357
907.548152208	3.30340598756e+15	-3.01589958348e+13	0.000358273937733	0.999641790235
907.345795491	3.30414271483e+15	-3.01657219094e+13	0.000357528706295	0.999642535199
907.143438773	3.30487977078e+15	-3.01724509847e+13	0.000356817761846	0.99964324589
906.941082055	3.30561715564e+15	-3.01791830628e+13	0.000356050906522	0.999644012472
906.738725337	3.30635486963e+15	-3.01859181457e+13	0.000346139015249	0.999653920884
906.53636862	3.30709291296e+15	-3.01926562355e+13	0.000345830127174	0.999654229665
906.334011902	3.30783128585e+15	-3.0199397334e+13	0.000345521446229	0.999654538239
906.131655184	3.30856998853e+15	-3.02061414434e+13	0.00034521297198	0.999654846607
905.929298466	3.30930902122e+15	-3.02128885656e+13	0.00034490470433	0.999655154768
905.726941748	3.31004838413e+15	-3.02196387027e+13	0.000344596643187	0.999655462723
905.524585031	3.3107880775e+15	-3.02263918567e+13	0.000344288788454	0.999655770472
905.322228313	3.31152810153e+15	-3.02331480296e+13	0.00034398114004	0.999656078015
905.119871595	3.31226845646e+15	-3.02399072234e+13	0.000343673697854	0.999656385351
904.917514877	3.3130091425e+15	-3.02466694402e+13	0.000343366461801	0.999656692482
904.715158159	3.31375015988e+15	-3.0253434682e+13	0.00034305943179	0.999656999406
904.512801442	3.31449150882e+15	-3.02602029509e+13	0.000342752607728	0.999657306125
904.310444724	3.31523318954e+15	-3.02669742488e+13	0.000342445989524	0.999657612638
904.108088006	3.31597520227e+15	-3.02737485777e+13	0.000342139577085	0.999657918946
903.905731288	3.31671754722e+15	-3.02805259399e+13	0.000341833370321	0.999658225048
903.70337457	3.31746022463e+15	-3.02873063371e+13	0.000341527369139	0.999658530945
903.501017853	3.31820323471e+15	-3.02940897716e+13	0.000341221573449	0.999658836636
903.298661135	3.31894657768e+15	-3.03008762454e+13	0.000340915983157	0.999659142122
903.096304417	3.31969025378e+15	-3.03076657604e+13	0.000340610598172	0.999659447403
902.893947699	3.32043426323e+15	-3.03144583187e+13	0.000340305418403	0.999659752479
902.691590981	3.32117860624e+15	-3.03212539225e+13	0.000340000443755	0.99966005735
902.489234264	3.32192328305e+15	-3.03280525736e+13	0.000339695674138	0.999660362016
902.286877546	3.32266829387e+15	-3.03348542743e+13	0.000339391109459	0.999660666477
902.084520828	3.32341363894e+15	-3.03416590265e+13	0.000339086749626	0.999660970734
901.88216411	3.32415931848e+15	-3.03484668322e+13	0.000338782594548	0.999661274786
901.679807392	3.32490533271e+15	-3.03552776936e+13	0.000338478644132	0.999661578633
901.477450675	3.32565168187e+15	-3.03620916127e+13	0.000338174898287	0.999661882276
901.275093957	3.32639836616e+15	-3.03689085916e+13	0.00033787135692	0.999662185715
901.072737239	3.32714538583e+15	-3.03757286323e+13	0.00033756801994	0.99966248895
900.870380521	3.32789274109e+15	-3.03825517368e+13	0.000337264887256	0.99966279198
900.668023803	3.32864043218e+15	-3.03893779073e+13	0.000336961958775	0.999663094807
900.465667086	3.32938845931e+15	-3.03962071459e+13	0.000336659234406	0.999663397429
900.263310368	3.33013682272e+15	-3.04030394545e+13	0.000336356714056	0.999663699848
900.06095365	3.33088552263e+15	-3.04098748353e+13	0.000336054397635	0.999664002062
899.858596932	3.33163455927e+15	-3.04167132903e+13	0.000335752285051	0.999664304073
899.656240214	3.33238393287e+15	-3.04235548216e+13	0.000335450376212	0.999664605881
899.453883497	3.33313364366e+15	-3.04303994312e+13	0.000335148671026	0.999664907485
899.251526779	3.33388369185e+15	-3.04372471214e+13	0.000334847169402	0.999665208886
899.049170061	3.33463407769e+15	-3.04440978941e+13	0.000334545871248	0.999665510083
898.846813343	3.33538480139e+15	-3.04509517514e+13	0.000334244776472	0.999665811077
898.644456625	3.33613586318e+15	-3.04578086953e+13	0.000333943884984	0.999666111868
898.442099908	3.33688726331e+15	-3.04646687281e+13	0.000333643196691	0.999666412456
898.23974319	3.33763900198e+15	-3.04715318518e+13	0.000333342711503	0.999666712841
898.037386472	3.33839107944e+15	-3.04783980684e+13	0.000333042429326	0.999667013023
897.835029754	3.33914349591e+15	-3.04852673801e+13	0.000332742350071	0.999667313003
897.632673036	3.33989625161e+15	-3.04921397889e+13	0.000332442473646	0.999667612779
897.430316319	3.34064934679e+15	-3.0499015297e+13	0.000332142799959	0.999667912353
897.227959601	3.34140278167e+15	-3.05058939064e+13	0.000331843328919	0.999668211725
897.025602883	3.34215655647e+15	-3.05127756193e+13	0.000331544060434	0.999668510894
896.823246165	3.34291067144e+15	-3.05196604377e+13	0.000331244994414	0.999668809861
896.620889447	3.34366512679e+15	-3.05265483637e+13	0.000330946130766	0.999669108626
896.41853273	3.34441992277e+15	-3.05334393995e+13	0.000330647463728	0.999669407194
896.216176012	3.34517505959e+15	-3.05403335472e+13	0.000330349004557	0.999669705555
896.013819294	3.3459305375e+15	-3.05472308088e+13	0.000330050747484	0.999670003713
895.811462576	3.34668635672e+15	-3.05541311865e+13	0.00032975269242	0.99967030167
895.609105859	3.34744251749e+15	-3.05610346823e+13	0.000329454839272	0.999670599425
895.406749141	3.34819902003e+15	-3.05679412985e+13	0.000329157187949	0.999670896978
895.204392423	3.34895586458e+15	-3.05748510371e+13	0.00032885973836	0.99967119433
895.002035705	3.34971305137e+15	-3.05817639002e+13	0.000328562490414	0.99967149148
894.799678987	3.35047058063e+15	-3.058867989e+13	0.00032826544402	0.999671788429
894.59732227	3.35122845259e+15	-3.05955990085e+13	0.000327968599086	0.999672085177
894.394965552	3.35198666749e+15	-3.0602521258e+13	0.000327671955522	0.999672381723
894.192608834	3.35274522556e+15	-3.06094466404e+13	0.000327375513236	0.999672678068
893.990252116	3.35350412703e+15	-3.06163751581e+13	0.000327079272137	0.999672974212
893.787895398	3.35426337214e+15	-3.0623306813e+13	0.000326783232135	0.999673270156
893.585538681	3.35502296112e+15	-3.06302416073e+13	0.000326487393138	0.999673565898
893.383181963	3.3557828942e+15	-3.06371795431e+13	0.000326191755055	0.99967386144
893.180825245	3.35654317162e+15	-3.06441206227e+13	0.000325896317795	0.999674156781
892.978468527	3.35730379361e+15	-3.0651064848e+13	0.000325601081267	0.999674451921
892.776111809	3.35806476041e+15	-3.06580122214e+13	0.000325306045381	0.999674746861
892.573755092	3.35882607224e+15	-3.06649627448e+13	0.000325011210045	0.9996750416
892.371398374	3.35958772935e+15	-3.06719164204e+13	0.000324716575169	0.99967533614
892.169041656	3.36034973197e+15	-3.06788732505e+13	0.000324422140661	0.999675630479
891.966684938	3.36111208033e+15	-3.06858332371e+13	0.000324127906431	0.999675924617
892.966684938	3.3573480966e+15	-3.06514693195e+13	0.000325583895306	0.999674469101
893.269715241	3.35620915928e+15	-3.06410712013e+13	0.000326026070904	0.99967402707
893.572745544	3.35507099444e+15	-3.06306801355e+13	0.000326468696738	0.999673584588
893.875775847	3.3539336013e+15	-3.0620296115e+13	0.000326911773114	0.999673141657
894.17880615	3.35279697906e+15	-3.06099191326e+13	0.000327355300338	0.999672698275
894.481836453	3.35166112695e+15	-3.05995491812e+13	0.000327799278714	0.999672254442
894.784866756	3.35052604417e+15	-3.05891862537e+13	0.00032824370855	0.999671810158
895.087897059	3.34939172996e+15	-3.05788303428e+13	0.000328688590151	0.999671365422
895.390927362	3.34825818353e+15	-3.05684814415e+13	0.000329133923822	0.999670920235
895.693957665	3.3471254041e+15	-3.05581395427e+13	0.000329579709871	0.999670474596
895.996987968	3.34599339089e+15	-3.05478046393e+13	0.000330025948603	0.999670028504
896.300018272	3.34486214313e+15	-3.05374767241e+13	0.000330472640325	0.99966958196
896.603048575	3.34373166003e+15	-3.052715579e+13	0.00033091979102	0.999669134957
896.906078878	3.34260194083e+15	-3.05168418301e+13	0.000331367389648	0.999668687506
897.209109181	3.34147298475e+15	-3.05065348372e+13	0.000331815442186	0.999668239602
897.512139484	3.34034479102e+15	-3.04962348043e+13	0.00033226394894	0.999667791245
897.815169787	3.33921735886e+15	-3.04859417243e+13	0.000332712910217	0.999667342433
898.11820009	3.33809068751e+15	-3.04756555902e+13	0.000333162326325	0.999666893166
898.421230393	3.33696477619e+15	-3.04653763949e+13	0.000333612197569	0.999666443445
898.724260696	3.33583962413e+15	-3.04551041315e+13	0.000334062524258	0.999665993268
899.027290999	3.33471523058e+15	-3.04448387929e+13	0.000334513306698	0.999665542637
899.330321302	3.33359159475e+15	-3.04345803722e+13	0.000334964545198	0.999665091549
899.633351605	3.3324687159e+15	-3.04243288623e+13	0.000335416240063	0.999664640006
899.936381908	3.33134659324e+15	-3.04140842563e+13	0.000335868391603	0.999664188006
900.239412211	3.33022522602e+15	-3.04038465471e+13	0.000336321000125	0.999663735549
900.542442514	3.32910461347e+15	-3.03936157279e+13	0.000336774065936	0.999663282636
900.845472817	3.32798475484e+15	-3.03833917917e+13	0.000337227589345	0.999662829265
901.14850312	3.32686564936e+15	-3.03731747315e+13	0.00033768157066	0.999662375437
901.451533423	3.32574729627e+15	-3.03629645404e+13	0.000338136010188	0.999661921151
901.754563726	3.32462969482e+15	-3.03527612114e+13	0.000338590908238	0.999661466407
902.057594029	3.32351284424e+15	-3.03425647378e+13	0.000339046265119	0.999661011205
902.360624332	3.32239674378e+15	-3.03323751124e+13	0.000339502081138	0.999660555543
902.663654635	3.32128139269e+15	-3.03221923285e+13	0.000339958356605	0.999660099423
902.966684938	3.32016679021e+15	-3.03120163792e+13	0.000340415091828	0.999659642843
903.269715241	3.31905293559e+15	-3.03018472576e+13	0.000340872287118	0.999659185803
903.572745544	3.31793982807e+15	-3.02916849568e+13	0.000341329942783	0.999658728304
903.875775847	3.3168274669e+15	-3.02815294699e+13	0.000341788059133	0.999658270344
904.17880615	3.31571585134e+15	-3.02713807902e+13	0.000342246636477	0.999657811923
904.481836453	3.31460498063e+15	-3.02612389107e+13	0.000342705675122	0.999657353042
904.784866756	3.31349485403e+15	-3.02511038246e+13	0.000343165175376	0.999656893699
905.087897059	3.31238547078e+15	-3.02409755252e+13	0.000343625137547	0.999656433895
905.390927362	3.31127683015e+15	-3.02308540055e+13	0.000344085561944	0.999655973629
905.693957665	3.31016893138e+15	-3.02207392588e+13	0.000344546448882	0.9996555129
905.996987968	3.30906177373e+15	-3.02106312784e+13	0.000345007798667	0.99965505171
906.300018272	3.30795535646e+15	-3.02005300573e+13	0.000345469611616	0.999654590056
906.603048575	3.30684967882e+15	-3.01904355889e+13	0.000345931888051	0.999654127939
906.906078878	3.30574474008e+15	-3.01803478663e+13	0.000354672440743	0.999645390448
907.209109181	3.3046405395e+15	-3.01702668828e+13	0.000357045100517	0.999643018632
907.512139484	3.30353707633e+15	-3.01601926316e+13	0.000358138501113	0.999641925623
907.815169787	3.30243434983e+15	-3.01501251061e+13	0.000359322664692	0.999640741884
908.11820009	3.30133235927e+15	-3.01400642994e+13	0.000360631830181	0.99963943319
908.421230393	3.30023110392e+15	-3.01300102049e+13	0.000362118718237	0.999637946839
908.724260696	3.29913058303e+15	-3.01199628158e+13	0.000363864921182	0.99963620127
909.027290999	3.29803079587e+15	-3.01099221255e+13	0.000365997186619	0.999634069782
909.330321302	3.29693174171e+15	-3.00998881272e+13	0.000368713198206	0.999631354768
909.633351605	3.29583341982e+15	-3.00898608142e+13	0.000372323587818	0.999627745716
909.936381908	3.29473582946e+15	-3.00798401799e+13	0.000377324216335	0.999622746961
910.239412211	3.2936389699e+15	-3.00698262176e+13	0.000384533980394	0.999615539943
910.542442514	3.29254284042e+15	-3.00598189206e+13	0.000395403532126	0.99960467463
910.845472817	3.29144744029e+15	-3.00498182823e+13	0.000412828450132	0.999587256752
911.14850312	3.29035276877e+15	-3.0039824296e+13	0.000443385810915	0.99955671247
911.451533423	3.28925882514e+15	-3.00298369551e+13	0.000502572525079	0.999497553743
911.754563726	3.28816560868e+15	-3.0019856253e+13	0.000622637981501	0.999377555817
912.057594029	3.28707311866e+15	-3.00098821831e+13	0.000852417564729	0.99914794564
912.360624332	3.28598135435e+15	-2.99999147387e+13	0.00122482422049	0.998775925571
912.663654635	3.28489031504e+15	-2.99899539133e+13	0.00168537781885	0.998316041633
912.966684938	3.2838e+15	-2.99799997002e+13	0.00204939337506	0.997952705198
913.269715241	3.28271040851e+15	-2.99700520929e+13	0.00209281165096	0.997909376752
913.572745544	3.28162153985e+15	-2.99601110848e+13	0.00174434986838	0.998257170626
913.875775847	3.28053339331e+15	-2.99501766694e+13	0.001168211005	0.998832471088
914.17880615	3.27944596815e+15	-2.994024884e+13	0.000623036721624	0.999377157325
914.481836453	3.27835926368e+15	-2.99303275901e+13	0.000263197445895	0.999736837188
914.784866756	3.27727327916e+15	-2.99204129133e+13	8.77707021966e-05	0.99991223315
915.087897059	3.27618801389e+15	-2.99105048029e+13	2.30537040153e-05	0.999976946562
915.390927362	3.27510346715e+15	-2.99006032525e+13	4.76184302506e-06	0.999995238168
915.693957665	3.27401963822e+15	-2.98907082555e+13	7.72556257934e-07	0.999999227444
915.996987968	3.27293652641e+15	-2.98808198055e+13	9.83639233268e-08	0.999999901636
916.300018272	3.27185413098e+15	-2.98709378958e+13	9.82324816559e-09	0.999999990177
916.603048575	3.27077245124e+15	-2.98610625202e+13	7.69541145385e-10	0.99999999923
916.906078878	3.26969148647e+15	-2.98511936719e+13	5.07653593531e-11	0.999999999949
917.209109181	3.26861123597e+15	-2.98413313447e+13	2.86596697816e-12	0.999999999997
917.512139484	3.26753169902e+15	-2.98314755321e+13	4.71608275571e-13	1.0
917.815169787	3.26645287493e+15	-2.98216262275e+13	3.38829598975e-13	1.0
918.11820009	3.26537476297e+15	-2.98117834245e+13	3.00656402422e-13	1.0
918.421230393	3.26429736246e+15	-2.98019471168e+13	2.71175293097e-13	1.0
918.724260696	3.26322067269e+15	-2.97921172978e+13	2.46305740461e-13	1.0
919.027290999	3.26214469294e+15	-2.97822939612e+13	2.25316370299e-13	1.0
919.330321302	3.26106942253e+15	-2.97724771006e+13	2.06966081777e-13	1.0
919.633351605	3.25999486074e+15	-2.97626667095e+13	1.91271556241e-13	1.0
919.936381908	3.25892100689e+15	-2.97528627815e+13	1.77507115027e-13	1.0
920.239412211	3.25784786026e+15	-2.97430653104e+13	1.65455884958e-13	1.0
920.542442514	3.25677542017e+15	-2.97332742896e+13	1.54681080384e-13	1.0
920.845472817	3.25570368591e+15	-2.97234897128e+13	1.45130775828e-13	1.0
921.14850312	3.25463265678e+15	-2.97137115737e+13	1.36414183671e-13	1.0
921.451533423	3.2535623321e+15	-2.9703939866e+13	1.28466197292e-13	1.0
921.754563726	3.25249271116e+15	-2.96941745832e+13	1.21388581964e-13	1.0
922.057594029	3.25142379328e+15	-2.9684415719e+13	1.15041643892e-13	1.0
922.360624332	3.25035557776e+15	-2.96746632671e+13	1.09185740546e-13	1.0
922.663654635	3.2492880639e+15	-2.96649172213e+13	1.0376626824e-13	1.0
922.966684938	3.24822125102e+15	-2.96551775751e+13	9.89581370467e-14	1.0
