912.0	3.28728070175e+15	-3.12221366996e+13	0.00134527829137	0.99865562619
912.169557127	3.28666965103e+15	-3.12163330244e+13	0.00134593791698	0.998654967451
912.339114254	3.28605882743e+15	-3.12105315064e+13	0.00134659775908	0.998654308497
912.50867138	3.28544823083e+15	-3.12047321444e+13	0.00134725781771	0.998653649327
912.678228507	3.2848378611e+15	-3.11989349372e+13	0.00134791809291	0.998652989941
912.847785634	3.28422771812e+15	-3.11931398837e+13	0.00134857858473	0.998652330339
913.017342761	3.28361780175e+15	-3.11873469825e+13	0.0013492392932	0.998651670521
913.186899888	3.28300811189e+15	-3.11815562326e+13	0.00134990021837	0.998651010487
913.356457014	3.28239864839e+15	-3.11757676326e+13	0.00135056136027	0.998650350237
913.526014141	3.28178941113e+15	-3.11699811815e+13	0.00135122271895	0.998649689771
913.695571268	3.28118039999e+15	-3.1164196878e+13	0.00135188429445	0.998649029089
913.865128395	3.28057161484e+15	-3.11584147209e+13	0.0013525460868	0.998648368191
914.034685521	3.27996305555e+15	-3.1152634709e+13	0.00135320809605	0.998647707077
914.204242648	3.279354722e+15	-3.11468568412e+13	0.00135387032223	0.998647045747
914.373799775	3.27874661406e+15	-3.11410811162e+13	0.0013545327654	0.9986463842
914.543356902	3.27813873161e+15	-3.11353075329e+13	0.00135519542558	0.998645722437
914.712914029	3.27753107453e+15	-3.112953609e+13	0.00135585830283	0.998645060458
914.882471155	3.27692364268e+15	-3.11237667864e+13	0.00135652139717	0.998644398262
915.052028282	3.27631643594e+15	-3.11179996208e+13	0.00135718470866	0.99864373585
915.221585409	3.27570945419e+15	-3.11122345922e+13	0.00135784823733	0.998643073221
915.391142536	3.2751026973e+15	-3.11064716992e+13	0.00135851198322	0.998642410376
915.560699663	3.27449616514e+15	-3.11007109408e+13	0.00135917594637	0.998641747315
915.730256789	3.2738898576e+15	-3.10949523157e+13	0.00135984012683	0.998641084037
915.899813916	3.27328377454e+15	-3.10891958228e+13	0.00136050452463	0.998640420542
916.069371043	3.27267791585e+15	-3.10834414608e+13	0.00136116913982	0.998639756831
916.23892817	3.2720722814e+15	-3.10776892286e+13	0.00136183397243	0.998639092903
916.408485296	3.27146687105e+15	-3.10719391249e+13	0.00136249902251	0.998638428758
916.578042423	3.2708616847e+15	-3.10661911487e+13	0.00136316429009	0.998637764396
916.74759955	3.27025672221e+15	-3.10604452988e+13	0.00136382977522	0.998637099818
916.917156677	3.26965198346e+15	-3.10547015739e+13	0.00136449547794	0.998636435023
917.086713804	3.26904746833e+15	-3.10489599728e+13	0.00136516139829	0.998635770011
917.25627093	3.26844317669e+15	-3.10432204945e+13	0.00136582753631	0.998635104782
917.425828057	3.26783910842e+15	-3.10374831377e+13	0.00136649389204	0.998634439336
917.595385184	3.26723526339e+15	-3.10317479012e+13	0.00136716046551	0.998633773673
917.764942311	3.26663164149e+15	-3.10260147839e+13	0.00136782725678	0.998633107793
917.934499438	3.26602824258e+15	-3.10202837846e+13	0.00136849426589	0.998632441695
918.104056564	3.26542506654e+15	-3.10145549021e+13	0.00136916149286	0.998631775381
918.273613691	3.26482211326e+15	-3.10088281353e+13	0.00136982893775	0.99863110885
918.443170818	3.2642193826e+15	-3.1003103483e+13	0.00137049660059	0.998630442101
918.612727945	3.26361687444e+15	-3.09973809439e+13	0.00137116448143	0.998629775135
918.782285072	3.26301458867e+15	-3.0991660517e+13	0.0013718325803	0.998629107952
918.951842198	3.26241252515e+15	-3.09859422011e+13	0.00137250089725	0.998628440551
919.121399325	3.26181068377e+15	-3.0980225995e+13	0.00137316943231	0.998627772933
919.290956452	3.2612090644e+15	-3.09745118975e+13	0.00137383818553	0.998627105098
919.460513579	3.26060766691e+15	-3.09687999074e+13	0.00137450715695	0.998626437045
919.630070705	3.2600064912e+15	-3.09630900237e+13	0.00137517634661	0.998625768775
919.799627832	3.25940553712e+15	-3.09573822451e+13	0.00137584575455	0.998625100287
919.969184959	3.25880480457e+15	-3.09516765705e+13	0.00137651538081	0.998624431582
920.138742086	3.25820429341e+15	-3.09459729986e+13	0.00137718522543	0.998623762659
920.308299213	3.25760400353e+15	-3.09402715285e+13	0.00137785528845	0.998623093518
920.477856339	3.25700393481e+15	-3.09345721588e+13	0.00137852556992	0.99862242416
920.647413466	3.25640408711e+15	-3.09288748884e+13	0.00137919606987	0.998621754584
920.816970593	3.25580446033e+15	-3.09231797162e+13	0.00137986678834	0.99862108479
920.98652772	3.25520505433e+15	-3.0917486641e+13	0.00138053772538	0.998620414778
921.156084847	3.25460586899e+15	-3.09117956617e+13	0.00138120888102	0.998619744549
921.325641973	3.2540069042e+15	-3.0906106777e+13	0.00138188025531	0.998619074102
921.4951991	3.25340815983e+15	-3.09004199859e+13	0.00138255165274	0.998618403632
921.664756227	3.25280963577e+15	-3.08947352872e+13	0.00138322346406	0.998617732749
921.834313354	3.25221133187e+15	-3.08890526796e+13	0.00138389549414	0.998617061648
922.003870481	3.25161324804e+15	-3.08833721622e+13	0.00138456774302	0.998616390329
922.173427607	3.25101538414e+15	-3.08776937337e+13	0.00138524021076	0.998615718792
922.342984734	3.25041774006e+15	-3.08720173929e+13	0.00138591289739	0.998615047036
922.512541861	3.24982031567e+15	-3.08663431388e+13	0.00138658580294	0.998614375063
922.682098988	3.24922311085e+15	-3.08606709701e+13	0.00138725892746	0.998613702871
922.851656114	3.24862612548e+15	-3.08550008857e+13	0.001387932271	0.998613030462
923.021213241	3.24802935945e+15	-3.08493328845e+13	0.00138860583358	0.998612357833
923.190770368	3.24743281262e+15	-3.08436669653e+13	0.00138927961526	0.998611684987
923.360327495	3.24683648488e+15	-3.0838003127e+13	0.00138995361607	0.998611011922
923.529884622	3.24624037611e+15	-3.08323413684e+13	0.00139062783606	0.998610338639
923.699441748	3.24564448618e+15	-3.08266816884e+13	0.00139130227526	0.998609665137
923.868998875	3.24504881498e+15	-3.08210240858e+13	0.00139197693371	0.998608991417
924.038556002	3.24445336239e+15	-3.08153685595e+13	0.00139265181146	0.998608317478
924.208113129	3.24385812829e+15	-3.08097151084e+13	0.00139332690855	0.998607643321
924.377670256	3.24326311254e+15	-3.08040637313e+13	0.00139400222502	0.998606968945
924.547227382	3.24266831505e+15	-3.0798414427e+13	0.00139467776091	0.99860629435
924.716784509	3.24207373568e+15	-3.07927671945e+13	0.00139535351625	0.998605619537
924.886341636	3.24147937432e+15	-3.07871220325e+13	0.00139602949109	0.998604944505
925.055898763	3.24088523084e+15	-3.078147894e+13	0.00139670568548	0.998604269254
925.225455889	3.24029130513e+15	-3.07758379158e+13	0.00139738209945	0.998603593784
925.395013016	3.23969759706e+15	-3.07701989588e+13	0.00139805873304	0.998602918096
925.564570143	3.23910410652e+15	-3.07645620678e+13	0.00139873558629	0.998602242188
925.73412727	3.23851083339e+15	-3.07589272418e+13	0.00139941265925	0.998601566062
925.903684397	3.23791777754e+15	-3.07532944795e+13	0.00140008995196	0.998600889717
926.073241523	3.23732493887e+15	-3.07476637798e+13	0.00140076746445	0.998600213152
926.24279865	3.23673231724e+15	-3.07420351416e+13	0.00140144519676	0.998599536369
926.412355777	3.23613991254e+15	-3.07364085638e+13	0.00140212314895	0.998598859366
926.581912904	3.23554772465e+15	-3.07307840452e+13	0.00140280132104	0.998598182145
926.751470031	3.23495575346e+15	-3.07251615848e+13	0.00140347971308	0.998597504704
926.921027157	3.23436399883e+15	-3.07195411813e+13	0.00140415832512	0.998596827044
927.090584284	3.23377246067e+15	-3.07139228337e+13	0.00140483715718	0.998596149165
927.260141411	3.23318113883e+15	-3.07083065407e+13	0.00140551620932	0.998595471066
927.429698538	3.23259003321e+15	-3.07026923014e+13	0.00140619548157	0.998594792748
927.599255665	3.2319991437e+15	-3.06970801146e+13	0.00140687497397	0.998594114211
927.768812791	3.23140847016e+15	-3.06914699791e+13	0.00140755468656	0.998593435454
927.938369918	3.23081801248e+15	-3.06858618938e+13	0.0014082346194	0.998592756478
928.107927045	3.23022777054e+15	-3.06802558576e+13	0.00140891477251	0.998592077282
928.277484172	3.22963774423e+15	-3.06746518694e+13	0.00140959514593	0.998591397867
928.447041298	3.22904793343e+15	-3.0669049928e+13	0.00141027573972	0.998590718232
928.616598425	3.22845833801e+15	-3.06634500324e+13	0.0014109565539	0.998590038377
928.786155552	3.22786895786e+15	-3.06578521814e+13	0.00141163758852	0.998589358303
929.786155552	3.22439733276e+15	-3.06248791668e+13	0.00141565862423	0.998585342948
930.089185855	3.22334679899e+15	-3.06149013424e+13	0.00141687907963	0.99858412422
930.392216158	3.22229694954e+15	-3.06049300177e+13	0.00141809979709	0.998582905231
930.695246461	3.22124778374e+15	-3.05949651862e+13	0.00141932122003	0.99858168554
930.998276764	3.22019930093e+15	-3.05850068416e+13	0.00142054350945	0.998580464985
931.301307067	3.21915150043e+15	-3.05750549776e+13	0.00142176634414	0.998579243887
931.60433737	3.21810438159e+15	-3.05651095878e+13	0.00142298988501	0.998578022085
931.907367673	3.21705794374e+15	-3.05551706659e+13	0.00142421413229	0.998576799579
932.210397976	3.21601218621e+15	-3.05452382057e+13	0.00142543908622	0.99857557637
932.513428279	3.21496710834e+15	-3.05353122007e+13	0.00142666474702	0.998574352455
932.816458582	3.21392270946e+15	-3.05253926448e+13	0.00142789111493	0.998573127837
933.119488885	3.21287898893e+15	-3.05154795317e+13	0.00142911819019	0.998571902513
933.422519188	3.21183594607e+15	-3.0505572855e+13	0.00143034597302	0.998570676484
933.725549491	3.21079358023e+15	-3.04956726085e+13	0.00143157446368	0.99856944975
934.028579794	3.20975189074e+15	-3.0485778786e+13	0.00143280366238	0.998568222311
934.331610097	3.20871087695e+15	-3.04758913812e+13	0.00143403394225	0.998566993793
934.634640401	3.20767053821e+15	-3.04660103878e+13	0.00143526507059	0.99856576443
934.937670704	3.20663087385e+15	-3.04561357996e+13	0.00143649716823	0.9985645341
935.240701007	3.20559188322e+15	-3.04462676105e+13	0.00143773026711	0.998563302772
935.54373131	3.20455356566e+15	-3.04364058141e+13	0.00143896441321	0.9985620704
935.846761613	3.20351592053e+15	-3.04265504043e+13	0.00144019811135	0.998560838476
936.149791916	3.20247894716e+15	-3.04167013748e+13	0.00144143420513	0.998559604162
936.452822219	3.20144264491e+15	-3.04068587195e+13	0.0014426695578	0.99855837059
936.755852522	3.20040701313e+15	-3.03970224322e+13	0.00144390774478	0.998557134188
937.058882825	3.19937205116e+15	-3.03871925067e+13	0.00144514740886	0.998555896314
937.361913128	3.19833775835e+15	-3.03773689368e+13	0.00144638568888	0.998554659823
937.664943431	3.19730413407e+15	-3.03675517165e+13	0.00144762824901	0.998553419059
937.967973734	3.19627117765e+15	-3.03577408394e+13	0.00144886916432	0.99855217994
938.271004037	3.19523888845e+15	-3.03479362995e+13	0.00145011181815	0.998550939086
938.57403434	3.19420726582e+15	-3.03381380906e+13	0.00145136128584	0.99854969143
938.877064643	3.19317630913e+15	-3.03283462067e+13	0.00145261115053	0.998548443378
939.180094946	3.19214601772e+15	-3.03185606415e+13	0.00145387198333	0.998547184377
939.483125249	3.19111639095e+15	-3.0308781389e+13	0.00145514387594	0.998545914333
939.786155552	3.19008742818e+15	-3.0299008443e+13	0.00145644135276	0.998544618743
940.089185855	3.18905912876e+15	-3.02892417975e+13	0.00145776581996	0.998543296205
940.392216158	3.18803149206e+15	-3.02794814464e+13	0.00145912635397	0.998541937653
940.695246461	3.18700451743e+15	-3.02697273836e+13	0.00146051032138	0.998540555705
940.998276764	3.18597820424e+15	-3.0259979603e+13	0.001461896369	0.998539171681
941.301307067	3.18495255185e+15	-3.02502380985e+13	0.0014632688768	0.998537801179
941.60433737	3.18392755961e+15	-3.02405028642e+13	0.0014646196412	0.998536452391
941.907367673	3.18290322689e+15	-3.02307738938e+13	0.0014659572243	0.998535116766
942.210397976	3.18187955306e+15	-3.02210511815e+13	0.00146729682811	0.998533779126
942.513428279	3.18085653747e+15	-3.02113347211e+13	0.00146866039318	0.998532417561
942.816458582	3.17983417951e+15	-3.02016245067e+13	0.00147007678242	0.998531003251
943.119488885	3.17881247852e+15	-3.01919205321e+13	0.00147167713505	0.998529405251
943.422519188	3.17779143387e+15	-3.01822227914e+13	0.00149164505786	0.998509466892
943.725549491	3.17677104495e+15	-3.01725312787e+13	0.00151658389037	0.998484565542
944.028579794	3.1757513111e+15	-3.01628459878e+13	0.00152046147216	0.998480693844
944.331610097	3.17473223171e+15	-3.01531669128e+13	0.0015246995323	0.998476462232
944.634640401	3.17371380614e+15	-3.01434940478e+13	0.00152946143765	0.998471707592
944.937670704	3.17269603377e+15	-3.01338273867e+13	0.00153489057067	0.998466286771
945.240701007	3.17167891396e+15	-3.01241669236e+13	0.00154126763732	0.998459919506
945.54373131	3.17066244609e+15	-3.01145126525e+13	0.0015490260948	0.998452173027
945.846761613	3.16964662953e+15	-3.01048645674e+13	0.00155882428001	0.998442390055
946.149791916	3.16863146366e+15	-3.00952226625e+13	0.00157166282139	0.998429571594
946.452822219	3.16761694785e+15	-3.00855869318e+13	0.00158910807296	0.998412153891
946.755852522	3.16660308148e+15	-3.00759573693e+13	0.00161362738558	0.998387673811
947.058882825	3.16558986391e+15	-3.00663339692e+13	0.00164934352507	0.998352015894
947.361913128	3.16457729454e+15	-3.00567167255e+13	0.00170370142414	0.998297749051
947.664943431	3.16356537274e+15	-3.00471056323e+13	0.00179186045006	0.998209743973
947.967973734	3.16255409789e+15	-3.00375006838e+13	0.001947896142	0.998053999776
948.271004037	3.16154346936e+15	-3.0027901874e+13	0.00224624905093	0.997756271879
948.57403434	3.16053348655e+15	-3.0018309197e+13	0.00282544639209	0.997178541425
948.877064643	3.15952414882e+15	-3.0008722647e+13	0.00386416782881	0.99614328846
949.180094946	3.15851545556e+15	-2.99991422181e+13	0.0054338894472	0.994580847425
949.483125249	3.15750740616e+15	-2.99895679045e+13	0.0072512923967	0.992774934792
949.786155552	3.1565e+15	-2.99799997002e+13	0.00859236940759	0.991444439498
950.089185855	3.15549323646e+15	-2.99704375995e+13	0.00866672015206	0.991370727606
950.392216158	3.15448711493e+15	-2.99608815965e+13	0.00726360092519	0.992762715269
950.695246461	3.15348163479e+15	-2.99513316853e+13	0.00499150005395	0.995020936781
950.998276764	3.15247679544e+15	-2.99417878603e+13	0.0027940600144	0.997209839738
951.301307067	3.15147259625e+15	-2.99322501154e+13	0.00127340003712	0.998727410393
951.60433737	3.15046903662e+15	-2.9922718445e+13	0.000477709366354	0.999522404719
951.907367673	3.14946611594e+15	-2.99131928432e+13	0.000154233459488	0.999845778434
952.210397976	3.14846383359e+15	-2.99036733042e+13	4.93634313056e-05	0.999950637787
952.513428279	3.14746218897e+15	-2.98941598223e+13	2.06379708012e-05	0.999979362242
952.816458582	3.14646118148e+15	-2.98846523917e+13	1.27459040942e-05	0.999987254177
953.119488885	3.14546081049e+15	-2.98751510065e+13	9.745146502e-06	0.999990254901
953.422519188	3.1444610754e+15	-2.98656556611e+13	8.00864804873e-06	0.999991991384
953.725549491	3.14346197562e+15	-2.98561663496e+13	6.778195075e-06	0.999993221828
954.028579794	3.14246351052e+15	-2.98466830664e+13	5.84579499568e-06	0.999994154222
954.331610097	3.14146567952e+15	-2.98372058057e+13	5.11742567348e-06	0.999994882587
954.634640401	3.140468482e+15	-2.98277345617e+13	4.53267647513e-06	0.999995467334
954.937670704	3.13947191736e+15	-2.98182693287e+13	4.05444788053e-06	0.99999594556
955.240701007	3.138475985e+15	-2.9808810101e+13	3.65740219424e-06	0.999996342604
955.54373131	3.13748068431e+15	-2.97993568729e+13	3.32351080333e-06	0.999996676495
955.846761613	3.13648601471e+15	-2.97899096387e+13	3.03923806396e-06	0.999996960767
956.149791916	3.13549197558e+15	-2.97804683927e+13	2.79683529244e-06	0.999997203169
956.452822219	3.13449856632e+15	-2.97710331291e+13	2.58479501266e-06	0.999997415208
956.755852522	3.13350578635e+15	-2.97616038424e+13	2.3993570271e-06	0.999997600646
957.058882825	3.13251363506e+15	-2.97521805267e+13	2.23608704408e-06	0.999997763915
957.361913128	3.13152211185e+15	-2.97427631766e+13	2.09139430366e-06	0.999997908608
957.664943431	3.13053121613e+15	-2.97333517862e+13	1.96237388754e-06	0.999998037628
957.967973734	3.1295409473e+15	-2.972394635e+13	1.84851559842e-06	0.999998151486
958.271004037	3.12855130477e+15	-2.97145468622e+13	1.74461150497e-06	0.99999825539
958.57403434	3.12756228794e+15	-2.97051533173e+13	1.65067195166e-06	0.999998349329
958.877064643	3.12657389622e+15	-2.96957657096e+13	1.56548298101e-06	0.999998434518
959.180094946	3.12558612902e+15	-2.96863840335e+13	1.4880616462e-06	0.999998511939
959.483125249	3.12459898575e+15	-2.96770082834e+13	1.41756180968e-06	0.999998582439
959.786155552	3.12361246582e+15	-2.96676384536e+13	1.35196265825e-06	0.999998648038
