912.0	3.28728070175e+15	-3.02763891932e+13	0.00555308283241	0.994462307032
911.878952035	3.28771707397e+15	-3.02804082522e+13	0.0055501352182	0.994465238327
911.757904069	3.28815356206e+15	-3.02844283784e+13	0.00554718877777	0.994468168464
911.636856104	3.28859016606e+15	-3.02884495722e+13	0.00554424351084	0.994471097443
911.515808138	3.28902688602e+15	-3.02924718341e+13	0.00554129941678	0.994474025264
911.394760173	3.28946372199e+15	-3.02964951643e+13	0.00553835649598	0.994476951926
911.273712207	3.28990067401e+15	-3.03005195635e+13	0.00553541474776	0.994479877431
911.152664242	3.29033774213e+15	-3.03045450319e+13	0.00553247417179	0.994482801779
911.031616276	3.2907749264e+15	-3.030857157e+13	0.00552953476748	0.994485724971
910.910568311	3.29121222686e+15	-3.03125991783e+13	0.00552659653502	0.994488647005
910.789520346	3.29164964356e+15	-3.03166278572e+13	0.0055236594738	0.994491567883
910.66847238	3.29208717654e+15	-3.03206576071e+13	0.00552072358348	0.994494487606
910.547424415	3.29252482585e+15	-3.03246884284e+13	0.00551778886373	0.994497406173
910.426376449	3.29296259154e+15	-3.03287203215e+13	0.00551485531403	0.994500323585
910.305328484	3.29340047366e+15	-3.03327532869e+13	0.00551192293445	0.994503239841
910.184280518	3.29383847224e+15	-3.03367873251e+13	0.00550899172447	0.994506154943
910.063232553	3.29427658734e+15	-3.03408224364e+13	0.00550606168377	0.994509068891
909.942184587	3.29471481901e+15	-3.03448586212e+13	0.00550313281204	0.994511981685
909.821136622	3.29515316728e+15	-3.03488958801e+13	0.00550020510879	0.994514893325
909.700088657	3.29559163221e+15	-3.03529342133e+13	0.00549727857404	0.994517803812
909.579040691	3.29603021385e+15	-3.03569736215e+13	0.00549435320731	0.994520713145
909.457992726	3.29646891223e+15	-3.03610141049e+13	0.00549142900829	0.994523621326
909.33694476	3.29690772741e+15	-3.0365055664e+13	0.00548850597667	0.994526528354
909.215896795	3.29734665943e+15	-3.03690982993e+13	0.00548558411201	0.994529434231
909.094848829	3.29778570835e+15	-3.03731420111e+13	0.00548266341425	0.994532338955
908.973800864	3.29822487419e+15	-3.03771867999e+13	0.00547974388295	0.994535242527
908.852752898	3.29866415703e+15	-3.03812326662e+13	0.0054768255178	0.994538144948
908.731704933	3.29910355689e+15	-3.03852796103e+13	0.00547390831849	0.994541046219
908.610656968	3.29954307382e+15	-3.03893276328e+13	0.00547099228461	0.994543946338
908.489609002	3.29998270788e+15	-3.03933767339e+13	0.00546807741606	0.994546845307
908.368561037	3.30042245912e+15	-3.03974269142e+13	0.0054651637124	0.994549743126
908.247513071	3.30086232756e+15	-3.04014781741e+13	0.00546225117335	0.994552639796
908.126465106	3.30130231328e+15	-3.0405530514e+13	0.00545933979858	0.994555535315
908.00541714	3.3017424163e+15	-3.04095839344e+13	0.00545642958771	0.994558429686
907.884369175	3.30218263668e+15	-3.04136384356e+13	0.00545352054059	0.994561322907
907.763321209	3.30262297446e+15	-3.04176940182e+13	0.00545061265682	0.99456421498
907.642273244	3.3030634297e+15	-3.04217506825e+13	0.00544770593609	0.994567105905
907.521225278	3.30350400243e+15	-3.04258084289e+13	0.00544480037804	0.994569995681
907.400177313	3.30394469271e+15	-3.0429867258e+13	0.00544189598248	0.99457288431
907.279129348	3.30438550059e+15	-3.04339271702e+13	0.00543899274903	0.994575771792
907.158081382	3.3048264261e+15	-3.04379881658e+13	0.00543609067739	0.994578658126
907.037033417	3.3052674693e+15	-3.04420502454e+13	0.00543318976719	0.994581543314
906.915985451	3.30570863023e+15	-3.04461134092e+13	0.00543029001822	0.994584427355
906.794937486	3.30614990894e+15	-3.04501776579e+13	0.00542739143013	0.994587310249
906.67388952	3.30659130549e+15	-3.04542429918e+13	0.00542449400257	0.994590191998
906.552841555	3.3070328199e+15	-3.04583094113e+13	0.00542159773529	0.994593072602
906.431793589	3.30747445225e+15	-3.0462376917e+13	0.00541870262797	0.994595952059
906.310745624	3.30791620256e+15	-3.04664455091e+13	0.00541580868025	0.994598830372
906.189697659	3.30835807088e+15	-3.04705151882e+13	0.00541291589188	0.99460170754
906.068649693	3.30880005728e+15	-3.04745859547e+13	0.00541002426251	0.994604583564
905.947601728	3.30924216178e+15	-3.04786578091e+13	0.00540713379187	0.994607458443
905.826553762	3.30968438444e+15	-3.04827307517e+13	0.00540424447961	0.994610332179
905.705505797	3.31012672531e+15	-3.04868047829e+13	0.00540135632545	0.994613204771
905.584457831	3.31056918444e+15	-3.04908799034e+13	0.00539846932906	0.99461607622
905.463409866	3.31101176186e+15	-3.04949561134e+13	0.00539558349015	0.994618946526
905.3423619	3.31145445763e+15	-3.04990334134e+13	0.00539269880839	0.994621815689
905.221313935	3.3118972718e+15	-3.05031118039e+13	0.00538981528348	0.99462468371
905.10026597	3.31234020442e+15	-3.05071912852e+13	0.00538693291512	0.994627550589
904.979218004	3.31278325552e+15	-3.05112718579e+13	0.00538405170298	0.994630416326
904.858170039	3.31322642517e+15	-3.05153535224e+13	0.00538117164676	0.994633280922
904.737122073	3.3136697134e+15	-3.0519436279e+13	0.00537829274616	0.994636144376
904.616074108	3.31411312026e+15	-3.05235201283e+13	0.00537541500086	0.99463900669
904.495026142	3.31455664581e+15	-3.05276050706e+13	0.00537253841055	0.994641867863
904.373978177	3.31500029008e+15	-3.05316911065e+13	0.00536966297493	0.994644727896
904.252930211	3.31544405314e+15	-3.05357782363e+13	0.00536678869368	0.994647586789
904.131882246	3.31588793501e+15	-3.05398664606e+13	0.0053639155665	0.994650444542
904.010834281	3.31633193576e+15	-3.05439557796e+13	0.00536104359308	0.994653301155
903.889786315	3.31677605543e+15	-3.0548046194e+13	0.0053581727731	0.99465615663
903.76873835	3.31722029407e+15	-3.0552137704e+13	0.00535530310627	0.994659010966
903.647690384	3.31766465172e+15	-3.05562303102e+13	0.00535243459226	0.994661864163
903.526642419	3.31810912844e+15	-3.0560324013e+13	0.00534956723078	0.994664716223
903.405594453	3.31855372427e+15	-3.05644188129e+13	0.00534670102152	0.994667567144
903.284546488	3.31899843926e+15	-3.05685147102e+13	0.00534383596415	0.994670416928
903.163498522	3.31944327345e+15	-3.05726117054e+13	0.00534097205839	0.994673265574
903.042450557	3.31988822691e+15	-3.0576709799e+13	0.00533810930391	0.994676113083
902.921402592	3.32033329966e+15	-3.05808089914e+13	0.00533524770041	0.994678959456
902.800354626	3.32077849176e+15	-3.0584909283e+13	0.00533238724758	0.994681804692
902.679306661	3.32122380327e+15	-3.05890106744e+13	0.00532952794511	0.994684648793
902.558258695	3.32166923422e+15	-3.05931131658e+13	0.0053266697927	0.994687491757
902.43721073	3.32211478467e+15	-3.05972167578e+13	0.00532381279003	0.994690333586
902.316162764	3.32256045466e+15	-3.06013214509e+13	0.00532095693679	0.99469317428
902.195114799	3.32300624424e+15	-3.06054272454e+13	0.00531810223269	0.994696013838
902.074066833	3.32345215346e+15	-3.06095341418e+13	0.0053152486774	0.994698852262
901.953018868	3.32389818237e+15	-3.06136421405e+13	0.00531239627063	0.994701689552
901.831970903	3.32434433102e+15	-3.06177512421e+13	0.00530954501206	0.994704525708
901.710922937	3.32479059945e+15	-3.06218614468e+13	0.00530669490139	0.99470736073
901.589874972	3.32523698771e+15	-3.06259727553e+13	0.0053038459383	0.994710194619
901.468827006	3.32568349585e+15	-3.06300851678e+13	0.00530099812249	0.994713027374
901.347779041	3.32613012392e+15	-3.0634198685e+13	0.00529815145365	0.994715858997
901.226731075	3.32657687197e+15	-3.06383133071e+13	0.00529530593148	0.994718689487
901.10568311	3.32702374005e+15	-3.06424290347e+13	0.00529246155566	0.994721518845
900.984635144	3.3274707282e+15	-3.06465458682e+13	0.00528961832589	0.99472434707
900.863587179	3.32791783647e+15	-3.0650663808e+13	0.00528677624186	0.994727174165
900.742539214	3.32836506491e+15	-3.06547828547e+13	0.00528393530326	0.994730000127
900.621491248	3.32881241358e+15	-3.06589030086e+13	0.00528109550978	0.994732824959
900.500443283	3.32925988251e+15	-3.06630242701e+13	0.00527825686112	0.99473564866
900.379395317	3.32970747175e+15	-3.06671466398e+13	0.00527541935697	0.994738471231
900.258347352	3.33015518136e+15	-3.06712701181e+13	0.00527258299701	0.994741292671
900.137299386	3.33060301139e+15	-3.06753947054e+13	0.00526974778095	0.994744112982
900.016251421	3.33105096188e+15	-3.06795204022e+13	0.00526691370848	0.994746932163
901.016251421	3.32735396867e+15	-3.06454704939e+13	0.00529036083284	0.994723608481
901.319281724	3.32623528731e+15	-3.06351672568e+13	0.00529748145282	0.994716525457
901.622312027	3.32511735791e+15	-3.06248709454e+13	0.00530460925844	0.994709435337
901.92534233	3.32400017972e+15	-3.06145815527e+13	0.00531174425454	0.994702338114
902.228372633	3.32288375198e+15	-3.06042990718e+13	0.00531888644594	0.994695233785
902.531402936	3.32176807394e+15	-3.05940234957e+13	0.00532603583749	0.994688122345
902.834433239	3.32065314483e+15	-3.05837548174e+13	0.00533319243402	0.994681003788
903.137463542	3.31953896392e+15	-3.05734930301e+13	0.00534035624036	0.994673878112
903.440493845	3.31842553043e+15	-3.05632381268e+13	0.00534752726137	0.99466674531
903.743524148	3.31731284363e+15	-3.05529901005e+13	0.00535470550188	0.994659605379
904.046554451	3.31620090275e+15	-3.05427489443e+13	0.00536189096673	0.994652458313
904.349584754	3.31508970706e+15	-3.05325146514e+13	0.00536908366078	0.994645304108
904.652615057	3.31397925579e+15	-3.05222872148e+13	0.00537628358887	0.994638142759
904.95564536	3.31286954822e+15	-3.05120666276e+13	0.00538349075584	0.994630974261
905.258675663	3.31176058357e+15	-3.05018528831e+13	0.00539070516656	0.994623798611
905.561705966	3.31065236112e+15	-3.04916459742e+13	0.00539792682586	0.994616615803
905.864736269	3.30954488012e+15	-3.04814458942e+13	0.00540515573861	0.994609425832
906.167766572	3.30843813982e+15	-3.04712526361e+13	0.00541239190969	0.994602228694
906.470796875	3.30733213947e+15	-3.04610661932e+13	0.00541963534392	0.994595024384
906.773827178	3.30622687835e+15	-3.04508865586e+13	0.00542688604618	0.994587812898
907.076857481	3.3051223557e+15	-3.04407137255e+13	0.00543414402128	0.994580594231
907.379887784	3.30401857079e+15	-3.04305476871e+13	0.00544140927417	0.994573368377
907.682918088	3.30291552288e+15	-3.04203884366e+13	0.00544868180968	0.994566135334
907.985948391	3.30181321122e+15	-3.04102359671e+13	0.00545596163259	0.994558895095
908.288978694	3.30071163509e+15	-3.04000902719e+13	0.00546324874793	0.994551647656
908.592008997	3.29961079375e+15	-3.03899513443e+13	0.00547054316039	0.994544393012
908.8950393	3.29851068646e+15	-3.03798191773e+13	0.00547784487503	0.994537131159
909.198069603	3.29741131249e+15	-3.03696937644e+13	0.00548515389654	0.994529862093
909.501099906	3.2963126711e+15	-3.03595750987e+13	0.00549247023001	0.994522585807
909.804130209	3.29521476157e+15	-3.03494631735e+13	0.00549979388009	0.994515302298
910.107160512	3.29411758316e+15	-3.0339357982e+13	0.00550712485198	0.994508011561
910.410190815	3.29302113514e+15	-3.03292595176e+13	0.00551446315027	0.994500713592
910.713221118	3.29192541679e+15	-3.03191677734e+13	0.00552180878036	0.994493408384
911.016251421	3.29083042737e+15	-3.03090827429e+13	0.00552916174696	0.994486095934
911.319281724	3.28973616615e+15	-3.02990044193e+13	0.00553652205582	0.994478776236
911.622312027	3.28864263242e+15	-3.0288932796e+13	0.00554388971165	0.994471449286
911.92534233	3.28754982545e+15	-3.02788678661e+13	0.00555126472005	0.994464115078
912.228372633	3.28645774451e+15	-3.02688096232e+13	0.00555864708516	0.994456773608
912.531402936	3.28536638888e+15	-3.02587580605e+13	0.00556603681041	0.994449424872
912.834433239	3.28427575783e+15	-3.02487131713e+13	0.00557343390098	0.994442068867
913.137463542	3.28318585065e+15	-3.0238674949e+13	0.0055808383611	0.994434705588
913.440493845	3.28209666661e+15	-3.02286433871e+13	0.005588250196	0.994427335029
913.743524148	3.281008205e+15	-3.02186184787e+13	0.005595669411	0.994419957186
914.046554451	3.2799204651e+15	-3.02086002175e+13	0.0056030960122	0.994412572053
914.349584754	3.27883344619e+15	-3.01985885966e+13	0.00561053000692	0.994405179623
914.652615057	3.27774714755e+15	-3.01885836096e+13	0.00561797141071	0.99439777988
914.95564536	3.27666156846e+15	-3.01785852498e+13	0.00578307247428	0.994233617301
915.258675663	3.27557670822e+15	-3.01685935107e+13	0.00579989285389	0.994216894055
915.561705966	3.27449256611e+15	-3.01586083856e+13	0.00581769803498	0.994199192001
915.864736269	3.27340914141e+15	-3.01486298681e+13	0.00583702231034	0.994179980007
916.167766572	3.27232643342e+15	-3.01386579515e+13	0.00585844368544	0.994158683533
916.470796875	3.27124444142e+15	-3.01286926294e+13	0.00588284957981	0.994134420497
916.773827178	3.2701631647e+15	-3.01187338951e+13	0.00591160897982	0.994105830199
917.076857481	3.26908260256e+15	-3.01087817421e+13	0.00594684125501	0.994070806206
917.379887784	3.26800275428e+15	-3.0098836164e+13	0.00599184127858	0.994026074003
917.682918088	3.26692361916e+15	-3.00888971542e+13	0.00605177194233	0.993966503145
917.985948391	3.26584519649e+15	-3.00789647062e+13	0.00613486079123	0.993883919044
918.288978694	3.26476748557e+15	-3.00690388134e+13	0.00625469915773	0.993764820755
918.592008997	3.2636904857e+15	-3.00591194696e+13	0.00643543770435	0.993585225376
918.8950393	3.26261419616e+15	-3.0049206668e+13	0.00672549942721	0.993297066128
919.198069603	3.26153861626e+15	-3.00393004023e+13	0.00723481988433	0.992791288424
919.501099906	3.26046374529e+15	-3.0029400666e+13	0.00821994468797	0.99181374668
919.804130209	3.25938958256e+15	-3.00195074527e+13	0.0102058684012	0.989846034751
920.107160512	3.25831612737e+15	-3.00096207559e+13	0.0139702275443	0.986126903245
920.410190815	3.257243379e+15	-2.99997405692e+13	0.0200118897677	0.980187019042
920.713221118	3.25617133678e+15	-2.99898668861e+13	0.0274277217894	0.972945002736
921.016251421	3.2551e+15	-2.99799997002e+13	0.0332714429198	0.967275963739
921.319281724	3.25402936796e+15	-2.99701390051e+13	0.033997944698	0.966573491236
921.622312027	3.25295943998e+15	-2.99602847945e+13	0.0284615783228	0.97193963698
921.92534233	3.25189021534e+15	-2.99504370619e+13	0.0192225945997	0.980960981322
922.228372633	3.25082169337e+15	-2.99405958009e+13	0.0103822683744	0.989671441337
922.531402936	3.24975387337e+15	-2.99307610051e+13	0.00446065987942	0.995549274088
922.834433239	3.24868675465e+15	-2.99209326683e+13	0.00151941045604	0.998481743264
923.137463542	3.24762033652e+15	-2.9911110784e+13	0.000409400187504	0.999590683605
923.440493845	3.24655461828e+15	-2.99012953458e+13	8.71231178327e-05	0.999912880677
923.743524148	3.24548959925e+15	-2.98914863475e+13	1.46268944243e-05	0.999985373213
924.046554451	3.24442527875e+15	-2.98816837827e+13	1.93595016104e-06	0.999998064052
924.349584754	3.24336165607e+15	-2.9871887645e+13	2.02140713946e-07	0.999999797859
924.652615057	3.24229873055e+15	-2.98620979282e+13	1.68615911062e-08	0.999999983138
924.95564536	3.24123650149e+15	-2.98523146259e+13	1.39965243423e-09	0.9999999986
925.258675663	3.24017496821e+15	-2.98425377319e+13	2.84284742386e-10	0.999999999716
925.561705966	3.23911413002e+15	-2.98327672397e+13	2.00587021251e-10	0.999999999799
925.864736269	3.23805398624e+15	-2.98230031433e+13	1.75980913897e-10	0.999999999824
926.167766572	3.2369945362e+15	-2.98132454362e+13	1.57611879737e-10	0.999999999842
926.470796875	3.23593577921e+15	-2.98034941122e+13	1.42391542578e-10	0.999999999858
926.773827178	3.23487771458e+15	-2.97937491651e+13	1.29564103786e-10	0.99999999987
927.076857481	3.23382034165e+15	-2.97840105886e+13	1.18740610568e-10	0.999999999881
927.379887784	3.23276365974e+15	-2.97742783764e+13	1.09333857994e-10	0.999999999891
927.682918088	3.23170766816e+15	-2.97645525223e+13	1.01161623255e-10	0.999999999899
927.985948391	3.23065236623e+15	-2.97548330201e+13	9.40143060577e-11	0.999999999906
928.288978694	3.2295977533e+15	-2.97451198636e+13	8.77111388149e-11	0.999999999912
928.592008997	3.22854382867e+15	-2.97354130465e+13	8.20991180741e-11	0.999999999918
928.8950393	3.22749059168e+15	-2.97257125627e+13	7.71908744705e-11	0.999999999923
929.198069603	3.22643804166e+15	-2.97160184059e+13	7.27246619649e-11	0.999999999927
929.501099906	3.22538617792e+15	-2.970633057e+13	6.87009092048e-11	0.999999999931
929.804130209	3.22433499981e+15	-2.96966490487e+13	6.50641463095e-11	0.999999999935
930.107160512	3.22328450665e+15	-2.9686973836e+13	6.17649834369e-11	0.999999999938
930.410190815	3.22223469777e+15	-2.96773049256e+13	5.87495603519e-11	0.999999999941
930.713221118	3.2211855725e+15	-2.96676423114e+13	5.59155656212e-11	0.999999999944
931.016251421	3.22013713018e+15	-2.96579859872e+13	5.34541739616e-11	0.999999999947
