912.0	3.28728070175e+15	-3.03481783781e+13	0.000235520625839	0.999764507107
911.901011096	3.28763754346e+15	-3.03514727411e+13	0.000235462507953	0.999764565211
911.802022193	3.28799446265e+15	-3.03547678194e+13	0.000235404409169	0.999764623296
911.703033289	3.28835145934e+15	-3.03580636132e+13	0.000235346327699	0.999764681364
911.604044385	3.28870853356e+15	-3.03613601227e+13	0.000235288262111	0.999764739416
911.505055482	3.28906568534e+15	-3.03646573483e+13	0.00023523021124	0.999764797453
911.406066578	3.2894229147e+15	-3.03679552901e+13	0.000235171951401	0.999764855699
911.307077675	3.28978022167e+15	-3.03712539484e+13	0.000235113931139	0.999764913706
911.208088771	3.29013760627e+15	-3.03745533234e+13	0.000235055923055	0.9997649717
911.109099867	3.29049506852e+15	-3.03778534153e+13	0.000234997926595	0.999765029683
911.010110964	3.29085260846e+15	-3.03811542243e+13	0.000234939941283	0.999765087655
910.91112206	3.29121022611e+15	-3.03844557508e+13	0.000234881966715	0.999765145616
910.812133156	3.29156792149e+15	-3.03877579949e+13	0.000234823826923	0.999765203742
910.713144253	3.29192569463e+15	-3.03910609569e+13	0.000234765875918	0.999765261679
910.614155349	3.29228354555e+15	-3.03943646369e+13	0.000234707934664	0.999765319607
910.515166446	3.29264147428e+15	-3.03976690353e+13	0.000234650002948	0.999765377525
910.416177542	3.29299948085e+15	-3.04009741523e+13	0.000234592080582	0.999765435434
910.317188638	3.29335756527e+15	-3.04042799881e+13	0.000234534167405	0.999765493334
910.218199735	3.29371572759e+15	-3.04075865429e+13	0.000234476125136	0.999765551362
910.119210831	3.29407396781e+15	-3.0410893817e+13	0.000234418232342	0.999765609241
910.020221927	3.29443228597e+15	-3.04142018106e+13	0.000234360348302	0.999765667112
909.921233024	3.29479068209e+15	-3.04175105239e+13	0.000234302472929	0.999765724974
909.82224412	3.2951491562e+15	-3.04208199572e+13	0.000234244606148	0.999765782827
909.723255216	3.29550770832e+15	-3.04241301108e+13	0.000234186638491	0.999765840781
909.624266313	3.29586633847e+15	-3.04274409848e+13	0.00023412879062	0.999765898615
909.525277409	3.2962250467e+15	-3.04307525794e+13	0.000234070951113	0.999765956441
909.426288506	3.29658383301e+15	-3.0434064895e+13	0.000234013119931	0.999766014259
909.327299602	3.29694269743e+15	-3.04373779317e+13	0.000233955297041	0.999766072068
909.228310698	3.29730164e+15	-3.04406916899e+13	0.000233897397456	0.999766129954
909.129321795	3.29766066073e+15	-3.04440061696e+13	0.000233839592544	0.999766187746
909.030332891	3.29801975965e+15	-3.04473213712e+13	0.000233781795801	0.999766245529
908.931343987	3.29837893679e+15	-3.04506372949e+13	0.00023372400721	0.999766303304
908.832355084	3.29873819218e+15	-3.0453953941e+13	0.000233666161458	0.999766361136
908.73336618	3.29909752583e+15	-3.04572713096e+13	0.000233608390271	0.999766418894
908.634377276	3.29945693777e+15	-3.0460589401e+13	0.000233550627162	0.999766476644
908.535388373	3.29981642803e+15	-3.04639082154e+13	0.000233492872125	0.999766534385
908.436399469	3.30017599664e+15	-3.04672277532e+13	0.000233435077209	0.999766592167
908.337410566	3.30053564361e+15	-3.04705480144e+13	0.000233377339128	0.999766649891
908.238421662	3.30089536899e+15	-3.04738689994e+13	0.000233319575809	0.999766707641
908.139432758	3.30125517278e+15	-3.04771907084e+13	0.000233261854365	0.999766765349
908.040443855	3.30161505502e+15	-3.04805131416e+13	0.000233204122006	0.999766823068
907.941454951	3.30197501574e+15	-3.04838362993e+13	0.000233146410254	0.999766880766
907.842466047	3.30233505495e+15	-3.04871601816e+13	0.000233088713259	0.99976693845
907.743477144	3.30269517269e+15	-3.04904847889e+13	0.000233031024254	0.999766996125
907.64448824	3.30305536897e+15	-3.04938101214e+13	0.000232973343238	0.999767053793
907.545499337	3.30341564383e+15	-3.04971361793e+13	0.00023291567021	0.999767111453
907.446510433	3.3037759973e+15	-3.05004629628e+13	0.000232858005171	0.999767169104
907.347521529	3.30413642939e+15	-3.05037904722e+13	0.00023280034812	0.999767226748
907.248532626	3.30449694013e+15	-3.05071187078e+13	0.000232742699057	0.999767284383
907.149543722	3.30485752955e+15	-3.05104476696e+13	0.000232685057982	0.999767342011
907.050554818	3.30521819768e+15	-3.05137773581e+13	0.000232627424894	0.999767399631
906.951565915	3.30557894453e+15	-3.05171077735e+13	0.000232569799794	0.999767457242
906.852577011	3.30593977015e+15	-3.05204389159e+13	0.000232512182681	0.999767514846
906.753588107	3.30630067454e+15	-3.05237707856e+13	0.000232454573554	0.999767572442
906.654599204	3.30666165774e+15	-3.05271033828e+13	0.000232396972414	0.99976763003
906.5556103	3.30702271977e+15	-3.05304367079e+13	0.000232339379261	0.999767687609
906.456621397	3.30738386067e+15	-3.0533770761e+13	0.000232281794094	0.999767745181
906.357632493	3.30774508044e+15	-3.05371055423e+13	0.000232224216912	0.999767802745
906.258643589	3.30810637913e+15	-3.05404410522e+13	0.000232166647717	0.999767860301
906.159654686	3.30846775676e+15	-3.05437772907e+13	0.000232109086506	0.999767917849
906.060665782	3.30882921334e+15	-3.05471142583e+13	0.000232051533281	0.999767975389
905.961676878	3.30919074892e+15	-3.05504519551e+13	0.000231993988041	0.99976803292
905.862687975	3.30955236351e+15	-3.05537903813e+13	0.000231936450786	0.999768090444
905.763699071	3.30991405714e+15	-3.05571295373e+13	0.000231878921515	0.99976814796
905.664710168	3.31027582983e+15	-3.05604694232e+13	0.000231821400228	0.999768205468
905.565721264	3.31063768162e+15	-3.05638100392e+13	0.000231763886925	0.999768262968
905.46673236	3.31099961253e+15	-3.05671513857e+13	0.000231706381607	0.99976832046
905.367743457	3.31136162258e+15	-3.05704934628e+13	0.000231648884271	0.999768377944
905.268754553	3.31172371179e+15	-3.05738362709e+13	0.000231591394919	0.99976843542
905.169765649	3.31208588021e+15	-3.057717981e+13	0.00023153391355	0.999768492888
905.070776746	3.31244812785e+15	-3.05805240806e+13	0.000231476440164	0.999768550348
904.971787842	3.31281045473e+15	-3.05838690827e+13	0.000231418974761	0.999768607801
904.872798938	3.31317286089e+15	-3.05872148167e+13	0.000231361517339	0.999768665245
904.773810035	3.31353534635e+15	-3.05905612829e+13	0.0002313040679	0.999768722681
904.674821131	3.31389791113e+15	-3.05939084813e+13	0.000231246626443	0.999768780109
904.575832228	3.31426055527e+15	-3.05972564123e+13	0.000231189192968	0.999768837529
904.476843324	3.31462327878e+15	-3.06006050762e+13	0.000231131767474	0.999768894941
904.37785442	3.3149860817e+15	-3.0603954473e+13	0.000231074349961	0.999768952346
904.278865517	3.31534896405e+15	-3.06073046032e+13	0.000231016940429	0.999769009742
904.179876613	3.31571192585e+15	-3.0610655467e+13	0.000230959538877	0.99976906713
904.080887709	3.31607496714e+15	-3.06140070645e+13	0.000230902145307	0.999769124511
903.981898806	3.31643808793e+15	-3.0617359396e+13	0.000230844759716	0.999769181883
903.882909902	3.31680128826e+15	-3.06207124618e+13	0.000230787382106	0.999769239247
903.783920998	3.31716456815e+15	-3.06240662621e+13	0.000230730012475	0.999769296604
903.684932095	3.31752792763e+15	-3.06274207972e+13	0.000230672650824	0.999769353952
903.585943191	3.31789136672e+15	-3.06307760672e+13	0.000230615297152	0.999769411293
903.486954288	3.31825488544e+15	-3.06341320724e+13	0.000230557951459	0.999769468625
903.387965384	3.31861848384e+15	-3.06374888132e+13	0.000230500613745	0.999769525949
903.28897648	3.31898216192e+15	-3.06408462896e+13	0.000230443284009	0.999769583266
903.189987577	3.31934591973e+15	-3.0644204502e+13	0.000230385962252	0.999769640575
903.090998673	3.31970975727e+15	-3.06475634506e+13	0.000230328648473	0.999769697875
902.992009769	3.32007367459e+15	-3.06509231356e+13	0.000230271342672	0.999769755168
902.893020866	3.3204376717e+15	-3.06542835573e+13	0.000230214044849	0.999769812452
902.794031962	3.32080174864e+15	-3.0657644716e+13	0.000230156755003	0.999769869729
902.695043059	3.32116590542e+15	-3.06610066118e+13	0.000230099473134	0.999769926998
902.596054155	3.32153014208e+15	-3.0664369245e+13	0.000230042199242	0.999769984258
902.497065251	3.32189445864e+15	-3.06677326158e+13	0.000229984933327	0.999770041511
902.398076348	3.32225885513e+15	-3.06710967245e+13	0.000229927675388	0.999770098756
902.299087444	3.32262333157e+15	-3.06744615714e+13	0.000229870425425	0.999770155993
902.20009854	3.322987888e+15	-3.06778271567e+13	0.000229813183439	0.999770213222
903.20009854	3.31930876098e+15	-3.06438614524e+13	0.000230391816868	0.999769634721
903.503128843	3.31819548189e+15	-3.06335836588e+13	0.000230567321066	0.999769459258
903.806159146	3.31708294933e+15	-3.0623312757e+13	0.000230742900036	0.999769283719
904.109189449	3.31597116254e+15	-3.06130487403e+13	0.000230918553785	0.999769108106
904.412219752	3.31486012078e+15	-3.06027916017e+13	0.00023109428232	0.999768932418
904.715250056	3.31374982329e+15	-3.05925413342e+13	0.000231270085647	0.999768756655
905.018280359	3.31264026933e+15	-3.0582297931e+13	0.000231445963774	0.999768580818
905.321310662	3.31153145816e+15	-3.05720613851e+13	0.000231621916706	0.999768404906
905.624340965	3.31042338903e+15	-3.05618316898e+13	0.000231797944451	0.999768228919
905.927371268	3.30931606118e+15	-3.0551608838e+13	0.000231974047016	0.999768052857
906.230401571	3.30820947389e+15	-3.0541392823e+13	0.000232150224408	0.99976787672
906.533431874	3.3071036264e+15	-3.05311836379e+13	0.000232326476632	0.999767700509
906.836462177	3.30599851797e+15	-3.05209812759e+13	0.000232502803696	0.999767524223
907.13949248	3.30489414787e+15	-3.051078573e+13	0.000232679205607	0.999767347862
907.442522783	3.30379051536e+15	-3.05005969935e+13	0.000232855682371	0.999767171426
907.745553086	3.30268761968e+15	-3.04904150596e+13	0.000233032233995	0.999766994916
908.048583389	3.30158546012e+15	-3.04802399214e+13	0.000233208867264	0.999766818324
908.351613692	3.30048403593e+15	-3.04700715722e+13	0.00023338562301	0.999766641609
908.654643995	3.29938334637e+15	-3.04599100051e+13	0.000233562452766	0.999766464821
908.957674298	3.29828339072e+15	-3.04497552134e+13	0.00023373937775	0.999766287937
909.260704601	3.29718416823e+15	-3.04396071903e+13	0.000233916401215	0.999766110955
909.563734904	3.29608567817e+15	-3.0429465929e+13	0.000234093420949	0.999765933977
909.866765207	3.29498791982e+15	-3.04193314228e+13	0.000234270631158	0.999765756808
910.16979551	3.29389089243e+15	-3.0409203665e+13	0.00023444781525	0.999765579665
910.472825813	3.29279459529e+15	-3.03990826487e+13	0.000234625226616	0.999765402296
910.775856116	3.29169902767e+15	-3.03889683673e+13	0.000234802588133	0.999765224976
911.078886419	3.29060418882e+15	-3.0378860814e+13	0.000234980227124	0.999765047379
911.381916722	3.28951007804e+15	-3.03687599822e+13	0.000235157795314	0.999764869852
911.684947025	3.28841669459e+15	-3.0358665865e+13	0.000235335717385	0.999764691972
911.987977328	3.28732403774e+15	-3.03485784559e+13	0.000235513566057	0.999764514165
912.291007631	3.28623210677e+15	-3.03384977482e+13	0.000235691914663	0.999764335858
912.594037934	3.28514090097e+15	-3.03284237352e+13	0.00023587029461	0.999764157521
912.897068237	3.2840504196e+15	-3.03183564101e+13	0.00023604960966	0.999763978248
913.20009854	3.28296066195e+15	-3.03082957664e+13	0.000236229570647	0.999763798329
913.503128843	3.2818716273e+15	-3.02982417974e+13	0.00023641172802	0.999763616215
913.806159146	3.28078331492e+15	-3.02881944965e+13	0.000236596325917	0.999763431661
914.109189449	3.2796957241e+15	-3.02781538569e+13	0.000236782830076	0.999763245201
914.412219752	3.27860885412e+15	-3.02681198722e+13	0.000236971479123	0.999763056596
914.715250056	3.27752270427e+15	-3.02580925357e+13	0.000237159479114	0.999762868641
915.018280359	3.27643727383e+15	-3.02480718408e+13	0.000237346801407	0.999762681363
915.321310662	3.27535256208e+15	-3.02380577808e+13	0.000237532554689	0.999762495654
915.624340965	3.27426856831e+15	-3.02280503493e+13	0.000237717631382	0.999762310621
915.927371268	3.27318529181e+15	-3.02180495396e+13	0.000237903008182	0.999762125288
916.230401571	3.27210273187e+15	-3.02080553451e+13	0.000238090773319	0.999761937568
916.533431874	3.27102088777e+15	-3.01980677594e+13	0.000238284409266	0.999761743978
916.836462177	3.26993975881e+15	-3.01880867758e+13	0.00023850685914	0.999761521581
917.13949248	3.26885934428e+15	-3.01781123877e+13	0.000245361622633	0.999754668476
917.442522783	3.26777964347e+15	-3.01681445888e+13	0.000245939928483	0.999754090312
917.745553086	3.26670065567e+15	-3.01581833723e+13	0.000246569174478	0.999753461221
918.048583389	3.26562238017e+15	-3.01482287319e+13	0.000247267562665	0.999752763005
918.351613692	3.26454481628e+15	-3.0138280661e+13	0.000248059754354	0.99975197101
918.654643995	3.26346796328e+15	-3.01283391531e+13	0.000248988232915	0.999751042762
918.957674298	3.26239182048e+15	-3.01184042017e+13	0.000250112411247	0.999749918864
919.260704601	3.26131638717e+15	-3.01084758003e+13	0.000251527237971	0.999748504392
919.563734904	3.26024166265e+15	-3.00985539425e+13	0.000253381532605	0.999746650566
919.866765207	3.25916764622e+15	-3.00886386217e+13	0.000255905888828	0.999744126852
920.16979551	3.25809433718e+15	-3.00787298316e+13	0.000259468416586	0.999740565242
920.472825813	3.25702173484e+15	-3.00688275657e+13	0.000264682540544	0.999735352485
920.775856116	3.25594983848e+15	-3.00589318175e+13	0.000272646627953	0.999727390537
921.078886419	3.25487864743e+15	-3.00490425806e+13	0.000285593489979	0.999714447288
921.381916722	3.25380816097e+15	-3.00391598486e+13	0.000308595943987	0.999691451667
921.684947025	3.25273837842e+15	-3.0029283615e+13	0.000353276063777	0.999646786331
921.987977328	3.25166929908e+15	-3.00194138735e+13	0.00044252260476	0.999557575294
922.291007631	3.25060092226e+15	-3.00095506177e+13	0.000608118210938	0.999392066655
922.594037934	3.24953324727e+15	-2.99996938411e+13	0.00086616289178	0.999134212119
922.897068237	3.24846627341e+15	-2.99898435374e+13	0.00117120796029	0.998829477636
923.20009854	3.2474e+15	-2.99799997002e+13	0.00139697119787	0.998604004112
923.503128843	3.24633442634e+15	-2.99701623232e+13	0.00140357214141	0.998597412405
923.806159146	3.24526955175e+15	-2.99603313999e+13	0.00115750789779	0.998843161756
924.109189449	3.24420537554e+15	-2.99505069241e+13	0.000772460330563	0.99922783794
924.412219752	3.24314189702e+15	-2.99406888893e+13	0.000414004060123	0.999586081628
924.715250056	3.24207911551e+15	-2.99308772894e+13	0.000177737392365	0.999822278402
925.018280359	3.24101703032e+15	-2.99210721178e+13	6.14331361839e-05	0.999938568751
925.321310662	3.23995564077e+15	-2.99112733684e+13	1.75882825954e-05	0.999982411872
925.624340965	3.23889494617e+15	-2.99014810348e+13	4.66988348052e-06	0.999995330127
925.927371268	3.23783494584e+15	-2.98916951108e+13	1.56681344173e-06	0.999998433188
926.230401571	3.2367756391e+15	-2.98819155899e+13	8.65196875304e-07	0.999999134803
926.533431874	3.23571702527e+15	-2.9872142466e+13	6.48534136801e-07	0.999999351466
926.836462177	3.23465910368e+15	-2.98623757328e+13	5.33054091094e-07	0.999999466946
927.13949248	3.23360187363e+15	-2.9852615384e+13	4.53411357297e-07	0.999999546589
927.442522783	3.23254533446e+15	-2.98428614133e+13	3.91928922394e-07	0.999999608071
927.745553086	3.23148948548e+15	-2.98331138145e+13	3.4353195106e-07	0.999999656468
928.048583389	3.23043432603e+15	-2.98233725814e+13	3.04635188976e-07	0.999999695365
928.351613692	3.22937985542e+15	-2.98136377076e+13	2.7278435515e-07	0.999999727216
928.654643995	3.22832607298e+15	-2.98039091871e+13	2.46298112315e-07	0.999999753702
928.957674298	3.22727297803e+15	-2.97941870136e+13	2.2398044086e-07	0.99999977602
929.260704601	3.22622056992e+15	-2.97844711808e+13	2.05150050784e-07	0.99999979485
929.563734904	3.22516884795e+15	-2.97747616826e+13	1.88788145428e-07	0.999999811212
929.866765207	3.22411781147e+15	-2.97650585128e+13	1.74581399833e-07	0.999999825419
930.16979551	3.2230674598e+15	-2.97553616651e+13	1.62147604174e-07	0.999999837852
930.472825813	3.22201779228e+15	-2.97456711335e+13	1.51189408605e-07	0.999999848811
930.775856116	3.22096880823e+15	-2.97359869117e+13	1.41446649106e-07	0.999999858553
931.078886419	3.21992050698e+15	-2.97263089936e+13	1.32910803926e-07	0.999999867089
931.381916722	3.21887288788e+15	-2.9716637373e+13	1.25149052425e-07	0.999999874851
931.684947025	3.21782595026e+15	-2.97069720438e+13	1.18160552682e-07	0.999999881839
931.987977328	3.21677969344e+15	-2.96973129999e+13	1.11840475877e-07	0.99999988816
932.291007631	3.21573411677e+15	-2.9687660235e+13	1.06105758985e-07	0.999999893894
932.594037934	3.21468921959e+15	-2.96780137432e+13	1.00906124783e-07	0.999999899094
932.897068237	3.21364500123e+15	-2.96683735183e+13	9.60896198287e-08	0.99999990391
933.20009854	3.21260146103e+15	-2.96587395541e+13	9.17372705313e-08	0.999999908263
