912.0	3.28728070175e+15	-3.01836618969e+13	0.00127861333031	0.998722203747
911.850459203	3.28781980613e+15	-3.01886119289e+13	0.0012717458011	0.998729062525
911.700918406	3.28835908737e+15	-3.01935635847e+13	0.00127119592787	0.998729611699
911.551377609	3.28889854554e+15	-3.01985168651e+13	0.00127064713543	0.998730159795
911.401836812	3.28943818073e+15	-3.0203471771e+13	0.0012700987805	0.998730707454
911.252296015	3.28997799305e+15	-3.02084283032e+13	0.00126955069707	0.998731254841
911.102755217	3.29051798256e+15	-3.02133864623e+13	0.001269002847	0.998731801997
910.95321442	3.29105814936e+15	-3.02183462494e+13	0.00126845521346	0.998732348936
910.803673623	3.29159849353e+15	-3.0223307665e+13	0.00126790772343	0.998732895732
910.654132826	3.29213901517e+15	-3.02282707102e+13	0.00126736050614	0.998733442256
910.504592029	3.29267971435e+15	-3.02332353856e+13	0.00126681333689	0.998733988732
910.355051232	3.29322059118e+15	-3.0238201692e+13	0.00126626641749	0.99873453496
910.205510435	3.29376164573e+15	-3.02431696303e+13	0.00126571955158	0.998735081134
910.055969638	3.29430287809e+15	-3.02481392013e+13	0.00126517290349	0.99873562709
909.906428841	3.29484428835e+15	-3.02531104058e+13	0.00126462638348	0.998736172919
909.756888044	3.2953858766e+15	-3.02580832445e+13	0.00126407992687	0.998736718686
909.607347247	3.29592764293e+15	-3.02630577183e+13	0.00126353366932	0.998737264253
909.45780645	3.29646958742e+15	-3.0268033828e+13	0.00126298755315	0.99873780968
909.308265652	3.29701171016e+15	-3.02730115744e+13	0.00126244154049	0.998738355004
909.158724855	3.29755401124e+15	-3.02779909583e+13	0.00126189574526	0.99873890011
909.009184058	3.29809649075e+15	-3.02829719806e+13	0.00126135012866	0.998739445039
908.859643261	3.29863914877e+15	-3.02879546419e+13	0.00126080469999	0.99873998978
908.710102464	3.2991819854e+15	-3.02929389432e+13	0.00126025890396	0.998740534889
908.560561667	3.29972500072e+15	-3.02979248852e+13	0.0012597138651	0.998741079241
908.41102087	3.30026819482e+15	-3.03029124688e+13	0.00125916901848	0.998741623402
908.261480073	3.30081156779e+15	-3.03079016947e+13	0.00125862433032	0.998742167405
908.111939276	3.30135511971e+15	-3.03128925638e+13	0.00125807985414	0.998742711197
907.962398479	3.30189885068e+15	-3.03178850769e+13	0.00125753555425	0.998743254812
907.812857682	3.30244276079e+15	-3.03228792348e+13	0.00125699142565	0.998743798257
907.663316885	3.30298685011e+15	-3.03278750383e+13	0.00125644744177	0.998744341558
907.513776087	3.30353111875e+15	-3.03328724882e+13	0.00125590364518	0.998744884672
907.36423529	3.30407556679e+15	-3.03378715854e+13	0.00125536001057	0.998745427624
907.214694493	3.30462019431e+15	-3.03428723306e+13	0.00125481653641	0.998745970417
907.065153696	3.30516500142e+15	-3.03478747247e+13	0.00125427320412	0.998746513068
906.915612899	3.30570998818e+15	-3.03528787684e+13	0.00125373004855	0.998747055543
906.766072102	3.30625515471e+15	-3.03578844627e+13	0.00125318705116	0.99874759786
906.616531305	3.30680050107e+15	-3.03628918083e+13	0.0012526442116	0.99874814002
906.466990508	3.30734602737e+15	-3.0367900806e+13	0.00125210151581	0.998748682036
906.317449711	3.30789173369e+15	-3.03729114567e+13	0.0012515589915	0.998749223882
906.167908914	3.30843762013e+15	-3.03779237611e+13	0.00125101662436	0.998749765571
906.018368117	3.30898368676e+15	-3.03829377202e+13	0.00125047441425	0.998750307103
905.868827319	3.30952993368e+15	-3.03879533346e+13	0.00124993235021	0.99875084849
905.719286522	3.31007636098e+15	-3.03929706053e+13	0.0012493905707	0.998751389593
905.569745725	3.31062296875e+15	-3.0397989533e+13	0.00124884883101	0.998751930656
905.420204928	3.31116975707e+15	-3.04030101186e+13	0.00124830724799	0.998752471563
905.270664131	3.31171672604e+15	-3.04080323628e+13	0.00124776581306	0.998753012323
905.121123334	3.31226387575e+15	-3.04130562666e+13	0.00124722454344	0.998753552918
904.971582537	3.31281120629e+15	-3.04180818308e+13	0.00124668343032	0.998754093357
904.82204174	3.31335871774e+15	-3.0423109056e+13	0.00124614247367	0.998754633639
904.672500943	3.31390641019e+15	-3.04281379433e+13	0.00124560166682	0.998755173773
904.522960146	3.31445428374e+15	-3.04331684934e+13	0.00124506095386	0.998755713813
904.373419349	3.31500233848e+15	-3.04382007071e+13	0.00124452046671	0.998756253628
904.223878552	3.31555057449e+15	-3.04432345853e+13	0.0012439801307	0.998756793292
904.074337754	3.31609899187e+15	-3.04482701287e+13	0.00124343995629	0.998757332795
903.924796957	3.3166475907e+15	-3.04533073383e+13	0.00124289993813	0.998757872142
903.77525616	3.31719637107e+15	-3.04583462148e+13	0.00124236007224	0.998758411338
903.625715363	3.31774533308e+15	-3.0463386759e+13	0.00124182036659	0.998758950373
903.476174566	3.31829447682e+15	-3.04684289719e+13	0.00124128081416	0.998759489256
903.326633769	3.31884380237e+15	-3.04734728542e+13	0.00124074142089	0.998760027981
903.177092972	3.31939330983e+15	-3.04785184067e+13	0.00124020218171	0.998760566551
903.027552175	3.31994299928e+15	-3.04835656303e+13	0.00123966309911	0.998761104966
902.878011378	3.32049287082e+15	-3.04886145258e+13	0.00123912417417	0.998761643223
902.728470581	3.32104292454e+15	-3.04936650941e+13	0.00123858540525	0.998762181325
902.578929784	3.32159316052e+15	-3.04987173359e+13	0.00123804679232	0.998762719271
902.429388986	3.32214357886e+15	-3.05037712522e+13	0.00123750833537	0.998763257062
902.279848189	3.32269417966e+15	-3.05088268437e+13	0.00123697003437	0.998763794698
902.130307392	3.32324496299e+15	-3.05138841112e+13	0.00123643188929	0.998764332178
901.980766595	3.32379592895e+15	-3.05189430557e+13	0.0012358939001	0.998764869502
901.831225798	3.32434707763e+15	-3.05240036779e+13	0.00123535675695	0.998765405982
901.681685001	3.32489840913e+15	-3.05290659786e+13	0.00123481907877	0.998765942997
901.532144204	3.32544992353e+15	-3.05341299588e+13	0.00123428155642	0.998766479856
901.382603407	3.32600162092e+15	-3.05391956192e+13	0.00123374418987	0.99876701656
901.23306261	3.3265535014e+15	-3.05442629607e+13	0.00123320697909	0.998767553108
901.083521813	3.32710556505e+15	-3.05493319841e+13	0.00123266992405	0.998768089501
900.933981016	3.32765781197e+15	-3.05544026903e+13	0.00123213302474	0.998768625739
900.784440219	3.32821024226e+15	-3.05594750801e+13	0.00123159628113	0.998769161822
900.634899421	3.32876285599e+15	-3.05645491543e+13	0.00123105969318	0.99876969775
900.485358624	3.32931565326e+15	-3.05696249137e+13	0.00123052326088	0.998770233522
900.335817827	3.32986863417e+15	-3.05747023593e+13	0.0012299869842	0.99877076914
900.18627703	3.3304217988e+15	-3.05797814919e+13	0.00122945086312	0.998771304602
900.036736233	3.33097514724e+15	-3.05848623122e+13	0.00122891489761	0.998771839909
899.887195436	3.3315286796e+15	-3.05899448211e+13	0.00122837908764	0.998772375061
899.737654639	3.33208239595e+15	-3.05950290196e+13	0.00122784343319	0.998772910058
899.588113842	3.3326362964e+15	-3.06001149083e+13	0.00122730793424	0.9987734449
899.438573045	3.33319038103e+15	-3.06052024883e+13	0.00122677259075	0.998773979587
899.289032248	3.33374464993e+15	-3.06102917602e+13	0.00122623740271	0.998774514119
899.139491451	3.33429910321e+15	-3.06153827249e+13	0.00122570237008	0.998775048496
898.989950654	3.33485374094e+15	-3.06204753834e+13	0.00122516749285	0.998775582718
898.840409856	3.33540856322e+15	-3.06255697364e+13	0.00122463277098	0.998776116786
898.690869059	3.33596357014e+15	-3.06306657848e+13	0.00122409820446	0.998776650698
898.541328262	3.3365187618e+15	-3.06357635294e+13	0.00122356379325	0.998777184456
898.391787465	3.33707413829e+15	-3.06408629711e+13	0.00122302953733	0.998777718058
898.242246668	3.33762969969e+15	-3.06459641107e+13	0.00122249543668	0.998778251506
898.092705871	3.33818544611e+15	-3.06510669491e+13	0.00122196149127	0.9987787848
897.943165074	3.33874137764e+15	-3.06561714872e+13	0.00122142770108	0.998779317938
897.793624277	3.33929749436e+15	-3.06612777257e+13	0.00122089406607	0.998779850922
897.64408348	3.33985379637e+15	-3.06663856655e+13	0.00122036058623	0.998780383751
897.494542683	3.34041028376e+15	-3.06714953075e+13	0.00121982726153	0.998780916425
897.345001886	3.34096695663e+15	-3.06766066525e+13	0.00121929409195	0.998781448945
897.195461088	3.34152381507e+15	-3.06817197014e+13	0.00121876107745	0.99878198131
898.195461088	3.33780355154e+15	-3.06475604105e+13	0.00122232836896	0.99877841837
898.498491392	3.33667783388e+15	-3.0637224122e+13	0.00122341073652	0.998777337325
898.801521695	3.33555287529e+15	-3.06268948033e+13	0.00122449374173	0.998776255645
899.104551998	3.334428675e+15	-3.06165724472e+13	0.0012255773848	0.998775173328
899.407582301	3.33330523224e+15	-3.06062570469e+13	0.00122666166593	0.998774090376
899.710612604	3.33218254626e+15	-3.05959485951e+13	0.00122774658535	0.998773006787
900.013642907	3.33106061628e+15	-3.0585647085e+13	0.00122883214325	0.998771922562
900.31667321	3.32993944154e+15	-3.05753525094e+13	0.00122991833985	0.9987708377
900.619703513	3.32881902129e+15	-3.05650648615e+13	0.00123100517536	0.998769752201
900.922733816	3.32769935475e+15	-3.05547841342e+13	0.00123209264999	0.998768666065
901.225764119	3.32658044117e+15	-3.05445103205e+13	0.00123318076395	0.998767579291
901.528794422	3.3254622798e+15	-3.05342434135e+13	0.00123426951746	0.99876649188
901.831824725	3.32434486986e+15	-3.05239834062e+13	0.00123535891072	0.998765403831
902.134855028	3.32322821061e+15	-3.05137302916e+13	0.00123644825234	0.998764315835
902.437885331	3.32211230128e+15	-3.05034840628e+13	0.00123753892429	0.998763226511
902.740915634	3.32099714113e+15	-3.04932447129e+13	0.00123863023661	0.998762136549
903.043945937	3.31988272939e+15	-3.0483012235e+13	0.00123972218952	0.998761045949
903.34697624	3.31876906532e+15	-3.0472786622e+13	0.00124081478696	0.998759954705
903.650006543	3.31765614817e+15	-3.04625678672e+13	0.00124190802494	0.998758862824
903.953036846	3.31654397717e+15	-3.04523559636e+13	0.00124300190537	0.998757770302
904.256067149	3.31543255159e+15	-3.04421509044e+13	0.00124409642347	0.998756677144
904.559097452	3.31432187067e+15	-3.04319526826e+13	0.00124519158883	0.998755583341
904.862127755	3.31321193367e+15	-3.04217612914e+13	0.00124628746756	0.998754488826
905.165158058	3.31210273983e+15	-3.04115767239e+13	0.00124738391283	0.998753393747
905.468188361	3.31099428841e+15	-3.04013989733e+13	0.00124848100967	0.998752298019
905.771218664	3.30988657867e+15	-3.03912280327e+13	0.00124957874132	0.998751201657
906.074248967	3.30877960986e+15	-3.03810638953e+13	0.00125067701057	0.99875010476
906.37727927	3.30767338124e+15	-3.03709065543e+13	0.00125177603039	0.998749007114
906.680309573	3.30656789206e+15	-3.03607560029e+13	0.00125287571019	0.998747908811
906.983339876	3.30546314159e+15	-3.03506122343e+13	0.0012539760239	0.998746809875
907.286370179	3.30435912909e+15	-3.03404752416e+13	0.00125507700647	0.998745710273
907.589400482	3.30325585381e+15	-3.0330345018e+13	0.00125617862862	0.998744610033
907.892430785	3.30215331502e+15	-3.03202215569e+13	0.00125728094433	0.998743509102
908.195461088	3.30105151198e+15	-3.03101048514e+13	0.00125838393393	0.998742407499
908.498491392	3.29995044396e+15	-3.02999948948e+13	0.00125948769113	0.998741305131
908.801521695	3.29885011021e+15	-3.02898916802e+13	0.00126059272392	0.998740201489
909.104551998	3.29775051001e+15	-3.02797952011e+13	0.00126169806825	0.998739097538
909.407582301	3.29665164262e+15	-3.02697054506e+13	0.00126280417057	0.998737992831
909.710612604	3.29555350731e+15	-3.0259622422e+13	0.00126391087283	0.998736887526
910.013642907	3.29445610334e+15	-3.02495461087e+13	0.00126501820098	0.998735781597
910.31667321	3.29335943e+15	-3.02394765038e+13	0.001266126079	0.99873467512
910.619703513	3.29226348654e+15	-3.02294136007e+13	0.00126723453988	0.998733568063
910.922733816	3.29116827224e+15	-3.02193573927e+13	0.00126834362977	0.998732460378
911.225764119	3.29007378638e+15	-3.02093078732e+13	0.0012694534815	0.998731351934
911.528794422	3.28898002822e+15	-3.01992650354e+13	0.00127056431732	0.998730242508
911.831824725	3.28788699704e+15	-3.01892288727e+13	0.00127167712965	0.998729131109
912.134855028	3.28679469212e+15	-3.01791993785e+13	0.00130417137692	0.998696678685
912.437885331	3.28570311273e+15	-3.01691765461e+13	0.00131160904297	0.99868925074
912.740915634	3.28461225814e+15	-3.01591603688e+13	0.00131504303865	0.998685821252
913.043945937	3.28352212765e+15	-3.01491508401e+13	0.00131881726651	0.998682051991
913.34697624	3.28243272052e+15	-3.01391479533e+13	0.00132306216636	0.998677812695
913.650006543	3.28134403604e+15	-3.01291517018e+13	0.00132797771468	0.998672903658
913.953036846	3.28025607349e+15	-3.01191620791e+13	0.00133387324429	0.998667015969
914.256067149	3.27916883215e+15	-3.01091790784e+13	0.00134122794909	0.998659671095
914.559097452	3.2780823113e+15	-3.00992026933e+13	0.00135078779854	0.998650124105
914.862127755	3.27699651024e+15	-3.00892329172e+13	0.00136372282184	0.998637206626
915.165158058	3.27591142823e+15	-3.00792697435e+13	0.00138190024321	0.998619054141
915.468188361	3.27482706457e+15	-3.00693131656e+13	0.00140841194646	0.9985925794
915.771218664	3.27374341855e+15	-3.0059363177e+13	0.00144877185401	0.998552277109
916.074248967	3.27266048945e+15	-3.00494197712e+13	0.00151409211661	0.998487053543
916.37727927	3.27157827657e+15	-3.00394829416e+13	0.00162967281714	0.998371654379
916.680309573	3.27049677918e+15	-3.00295526817e+13	0.00185452475707	0.998147193811
916.983339876	3.26941599659e+15	-3.0019628985e+13	0.00230838001261	0.997694282248
917.286370179	3.26833592809e+15	-3.0009711845e+13	0.00316580779093	0.996839198095
917.589400482	3.26725657295e+15	-2.99998012552e+13	0.00453203596577	0.995478218213
917.892430785	3.2661779305e+15	-2.99898972091e+13	0.00618992395144	0.993829194161
918.195461088	3.2651e+15	-2.99799997002e+13	0.00746777339934	0.99256004114
918.498491392	3.26402278076e+15	-2.99701087221e+13	0.00758056506012	0.992448094958
918.801521695	3.26294627209e+15	-2.99602242682e+13	0.00630050477307	0.993719301788
919.104551998	3.26187047326e+15	-2.99503463323e+13	0.00422336400473	0.995785541855
919.407582301	3.26079538359e+15	-2.99404749077e+13	0.00226359399832	0.997738965999
919.710612604	3.25972100236e+15	-2.9930609988e+13	0.00096502828565	0.999035437204
920.013642907	3.25864732889e+15	-2.99207515669e+13	0.000326195546793	0.999673857649
920.31667321	3.25757436247e+15	-2.9910899638e+13	8.72589281076e-05	0.999912744879
920.619703513	3.2565021024e+15	-2.99010541947e+13	1.8476714657e-05	0.999981523456
920.922733816	3.25543054799e+15	-2.98912152307e+13	3.12467985995e-06	0.999996875325
921.225764119	3.25435969853e+15	-2.98813827396e+13	4.50357404997e-07	0.999999549643
921.528794422	3.25328955335e+15	-2.98715567151e+13	8.06688520229e-08	0.999999919331
921.831824725	3.25222011173e+15	-2.98617371507e+13	3.59386324868e-08	0.999999964061
922.134855028	3.25115137298e+15	-2.98519240401e+13	2.7891254758e-08	0.999999972109
922.437885331	3.25008333642e+15	-2.98421173768e+13	2.39328411447e-08	0.999999976067
922.740915634	3.24901600136e+15	-2.98323171547e+13	2.09739373234e-08	0.999999979026
923.043945937	3.24794936709e+15	-2.98225233673e+13	1.86032311016e-08	0.999999981397
923.34697624	3.24688343293e+15	-2.98127360082e+13	1.66615684194e-08	0.999999983338
923.650006543	3.24581819819e+15	-2.98029550712e+13	1.50464542828e-08	0.999999984954
923.953036846	3.24475366219e+15	-2.979318055e+13	1.36851597851e-08	0.999999986315
924.256067149	3.24368982424e+15	-2.97834124381e+13	1.25366638389e-08	0.999999987463
924.559097452	3.24262668364e+15	-2.97736507294e+13	1.15381752007e-08	0.999999988462
924.862127755	3.24156423972e+15	-2.97638954176e+13	1.06712721126e-08	0.999999989329
925.165158058	3.24050249178e+15	-2.97541464962e+13	9.91257167084e-09	0.999999990087
925.468188361	3.23944143916e+15	-2.97444039592e+13	9.24397853786e-09	0.999999990756
925.771218664	3.23838108115e+15	-2.97346678001e+13	8.64840144872e-09	0.999999991352
926.074248967	3.23732141709e+15	-2.97249380128e+13	8.12749597242e-09	0.999999991873
926.37727927	3.23626244629e+15	-2.9715214591e+13	7.65364192853e-09	0.999999992346
926.680309573	3.23520416807e+15	-2.97054975284e+13	7.22690984942e-09	0.999999992773
926.983339876	3.23414658175e+15	-2.96957868188e+13	6.84112570121e-09	0.999999993159
927.286370179	3.23308968665e+15	-2.9686082456e+13	6.49123049856e-09	0.999999993509
927.589400482	3.2320334821e+15	-2.96763844337e+13	6.17124594933e-09	0.999999993829
927.892430785	3.23097796742e+15	-2.96666927458e+13	5.87430604907e-09	0.999999994126
928.195461088	3.22992314193e+15	-2.9657007386e+13	5.60982621432e-09	0.99999999439
