912.0	3.28728070175e+15	-3.01522638699e+13	0.00130034442185	0.99870050066
911.840811357	3.28785459332e+15	-3.01575278348e+13	0.00129840440257	0.99870243816
911.681622713	3.28842868531e+15	-3.0162793638e+13	0.00129656153438	0.998704278638
911.52243407	3.28900297781e+15	-3.01680612804e+13	0.0012948008767	0.998706037016
911.363245427	3.28957747094e+15	-3.0173330763e+13	0.00129311135025	0.998707724358
911.204056783	3.2901521648e+15	-3.01786020868e+13	0.00129026844963	0.998710563589
911.04486814	3.29072705949e+15	-3.01838752528e+13	0.00126058629267	0.998740207912
910.885679497	3.29130215513e+15	-3.01891502618e+13	0.00125504482074	0.998745742419
910.726490853	3.2918774518e+15	-3.01944271149e+13	0.00125446850299	0.998746318014
910.56730221	3.29245294963e+15	-3.01997058131e+13	0.00125389283916	0.998746892956
910.408113566	3.29302864872e+15	-3.02049863573e+13	0.00125331752704	0.998747467547
910.248924923	3.29360454917e+15	-3.02102687484e+13	0.00125274248003	0.998748041874
910.08973628	3.29418065108e+15	-3.02155529875e+13	0.00125216762457	0.99874861601
909.930547636	3.29475695457e+15	-3.02208390754e+13	0.00125159305371	0.998749189862
909.771358993	3.29533345974e+15	-3.02261270133e+13	0.001251018591	0.998749763607
909.61217035	3.29591016669e+15	-3.0231416802e+13	0.00125044430754	0.998750337172
909.452981706	3.29648707553e+15	-3.02367084426e+13	0.00124987025768	0.998750910505
909.293793063	3.29706418637e+15	-3.02420019359e+13	0.00124929631858	0.998751483727
909.13460442	3.29764149932e+15	-3.02472972831e+13	0.00124872259116	0.998752056738
908.975415776	3.29821901447e+15	-3.02525944849e+13	0.00124814901885	0.998752629595
908.816227133	3.29879673194e+15	-3.02578935425e+13	0.00124757556142	0.998753202337
908.65703849	3.29937465183e+15	-3.02631944568e+13	0.00124700230285	0.998753774881
908.497849846	3.29995277425e+15	-3.02684972287e+13	0.00124642920856	0.998754347262
908.338661203	3.3005310993e+15	-3.02738018593e+13	0.00124585625705	0.9987549195
908.179472559	3.3011096271e+15	-3.02791083496e+13	0.00124528351982	0.998755491524
908.020283916	3.30168835774e+15	-3.02844167004e+13	0.0012447109743	0.998756063357
907.861095273	3.30226729134e+15	-3.02897269128e+13	0.00124413860335	0.998756635016
907.701906629	3.302846428e+15	-3.02950389878e+13	0.00124356645736	0.998757206451
907.542717986	3.30342576783e+15	-3.03003529263e+13	0.00124299451208	0.998757777686
907.383529343	3.30400531093e+15	-3.03056687293e+13	0.00124242276494	0.998758348723
907.224340699	3.30458505742e+15	-3.03109863979e+13	0.00124185119432	0.998758919584
907.065152056	3.30516500739e+15	-3.03163059329e+13	0.00124127983175	0.998759490237
906.905963413	3.30574516096e+15	-3.03216273354e+13	0.00124070865511	0.998760060706
906.746774769	3.30632551824e+15	-3.03269506064e+13	0.00124013766115	0.998760630992
906.587586126	3.30690607932e+15	-3.03322757468e+13	0.00123956683391	0.998761201112
906.428397483	3.30748684433e+15	-3.03376027576e+13	0.00123899619909	0.99876177104
906.269208839	3.30806781336e+15	-3.03429316398e+13	0.0012384257416	0.998762340791
906.110020196	3.30864898652e+15	-3.03482623944e+13	0.00123785544985	0.998762910377
905.950831552	3.30923036393e+15	-3.03535950224e+13	0.00123728534518	0.998763479777
905.791642909	3.30981194568e+15	-3.03589295248e+13	0.00123671541611	0.998764049001
905.632454266	3.31039373189e+15	-3.03642659025e+13	0.00123614566238	0.998764618051
905.473265622	3.31097572267e+15	-3.03696041565e+13	0.00123557607539	0.998765186934
905.314076979	3.31155791811e+15	-3.03749442879e+13	0.00123500667202	0.998765755635
905.154888336	3.31214031834e+15	-3.03802862977e+13	0.00123443744351	0.998766324161
904.995699692	3.31272292346e+15	-3.03856301867e+13	0.00123386838974	0.998766892513
904.836511049	3.31330573357e+15	-3.03909759561e+13	0.00123329950407	0.998767460697
904.677322406	3.31388874878e+15	-3.03963236067e+13	0.00123273079973	0.998768028701
904.518133762	3.31447196921e+15	-3.04016731397e+13	0.00123216226992	0.99876859653
904.358945119	3.31505539496e+15	-3.04070245559e+13	0.00123159390929	0.998769164191
904.199756476	3.31563902614e+15	-3.04123778565e+13	0.00123102572849	0.998769731673
904.040567832	3.31622286286e+15	-3.04177330423e+13	0.00123045772205	0.998770298981
903.881379189	3.31680690523e+15	-3.04230901144e+13	0.00122988988993	0.998770866115
903.722190546	3.31739115335e+15	-3.04284490737e+13	0.001229322228	0.998771433079
903.563001902	3.31797560733e+15	-3.04338099214e+13	0.0012287547445	0.998771999866
903.403813259	3.31856026729e+15	-3.04391726583e+13	0.00122818743519	0.998772566478
903.244624615	3.31914513333e+15	-3.04445372854e+13	0.00122762029688	0.998773132921
903.085435972	3.31973020556e+15	-3.04499038038e+13	0.00122705333594	0.998773699186
902.926247329	3.32031548409e+15	-3.04552722145e+13	0.00122648654663	0.998774265281
902.767058685	3.32090096903e+15	-3.04606425185e+13	0.00122591993391	0.998774831199
902.607870042	3.32148666049e+15	-3.04660147167e+13	0.00122535349338	0.998775396946
902.448681399	3.32207255858e+15	-3.04713888102e+13	0.00122478722874	0.998775962517
902.289492755	3.3226586634e+15	-3.04767648e+13	0.0012242211368	0.998776527916
902.130304112	3.32324497507e+15	-3.04821426871e+13	0.00122365521936	0.998777093141
901.971115469	3.3238314937e+15	-3.04875224724e+13	0.00122308947631	0.998777658193
901.811926825	3.32441821939e+15	-3.04929041571e+13	0.00122252390737	0.998778223071
901.652738182	3.32500515226e+15	-3.0498287742e+13	0.00122195851228	0.998778787775
901.493549539	3.32559229241e+15	-3.05036732282e+13	0.00122139329098	0.998779352306
901.334360895	3.32617963995e+15	-3.05090606168e+13	0.00122082824347	0.998779916664
901.175172252	3.326767195e+15	-3.05144499086e+13	0.0012202633697	0.998780480849
901.015983608	3.32735495767e+15	-3.05198411048e+13	0.00121969866965	0.99878104486
900.856794965	3.32794292806e+15	-3.05252342063e+13	0.00121913414329	0.998781608699
900.697606322	3.32853110629e+15	-3.05306292142e+13	0.00121856979058	0.998782172364
900.538417678	3.32911949246e+15	-3.05360261294e+13	0.001218005487	0.998782735981
900.379229035	3.32970808668e+15	-3.0541424953e+13	0.00121744148158	0.9987832993
900.220040392	3.33029688908e+15	-3.0546825686e+13	0.00121687764973	0.998783862446
900.060851748	3.33088589974e+15	-3.05522283293e+13	0.00121631399142	0.998784425419
899.901663105	3.3314751188e+15	-3.05576328841e+13	0.00121575050661	0.998784988219
899.742474462	3.33206454635e+15	-3.05630393513e+13	0.00121518719528	0.998785550846
899.583285818	3.33265418251e+15	-3.05684477319e+13	0.0012146240574	0.9987861133
899.424097175	3.33324402739e+15	-3.0573858027e+13	0.00121406109294	0.998786675581
899.264908532	3.3338340811e+15	-3.05792702376e+13	0.00121349830187	0.998787237689
899.105719888	3.33442434375e+15	-3.05846843646e+13	0.00121293568416	0.998787799625
898.946531245	3.33501481545e+15	-3.05901004092e+13	0.00121237323977	0.998788361388
898.787342601	3.33560549632e+15	-3.05955183722e+13	0.00121181096869	0.998788922978
898.628153958	3.33619638645e+15	-3.06009382548e+13	0.00121124887087	0.998789484395
898.468965315	3.33678748598e+15	-3.0606360058e+13	0.00121068706009	0.998790045526
898.309776671	3.337378795e+15	-3.06117837828e+13	0.00121012530863	0.998790606598
898.150588028	3.33797031362e+15	-3.06172094302e+13	0.00120956373034	0.998791167497
897.991399385	3.33856204197e+15	-3.06226370012e+13	0.00120900221031	0.998791728338
897.832210741	3.33915398015e+15	-3.06280664968e+13	0.00120844097839	0.998792288892
897.673022098	3.33974612827e+15	-3.06334979182e+13	0.00120787991957	0.998792849274
897.513833455	3.34033848644e+15	-3.06389312662e+13	0.00120731903381	0.998793409483
897.354644811	3.34093105478e+15	-3.0644366542e+13	0.00120675832107	0.998793969519
897.195456168	3.3415238334e+15	-3.06498037465e+13	0.00120619778134	0.998794529383
897.036267525	3.3421168224e+15	-3.06552428808e+13	0.00120563752745	0.998795088961
896.877078881	3.34271002191e+15	-3.06606839459e+13	0.00120507733353	0.998795648481
896.717890238	3.34330343204e+15	-3.06661269428e+13	0.00120451731253	0.998796207827
896.558701594	3.34389705288e+15	-3.06715718726e+13	0.0012039574644	0.998796767002
896.399512951	3.34449088457e+15	-3.06770187363e+13	0.00120339778913	0.998797326004
896.240324308	3.34508492721e+15	-3.06824675349e+13	0.00120283828668	0.998797884833
897.240324308	3.3413567344e+15	-3.06482710471e+13	0.00120635575485	0.9987943716
897.543354611	3.34022861915e+15	-3.06379235191e+13	0.00120742303567	0.998793305606
897.846384914	3.3391012654e+15	-3.06275829759e+13	0.00120849094352	0.998792238988
898.149415217	3.33797467237e+15	-3.06172494104e+13	0.00120955959359	0.998791171629
898.45244552	3.3368488393e+15	-3.06069228155e+13	0.0012106287563	0.998790103759
898.755475823	3.33572376542e+15	-3.05966031841e+13	0.00121169843268	0.998789035377
899.058506126	3.33459944995e+15	-3.05862905093e+13	0.00121276885069	0.998787966256
899.361536429	3.33347589214e+15	-3.05759847839e+13	0.00121383989675	0.998786896509
899.664566732	3.33235309121e+15	-3.05656860011e+13	0.00121491157108	0.998785826135
899.967597035	3.3312310464e+15	-3.05553941537e+13	0.00121598387387	0.998784755135
900.270627338	3.33010975696e+15	-3.05451092347e+13	0.00121705680533	0.998783683508
900.573657641	3.32898922211e+15	-3.05348312372e+13	0.00121813036567	0.998782611254
900.876687944	3.32786944109e+15	-3.05245601542e+13	0.00121920467973	0.998781538248
901.179718247	3.32675041315e+15	-3.05142959787e+13	0.00122027949855	0.99878046474
901.48274855	3.32563213752e+15	-3.05040387037e+13	0.00122135494688	0.998779390604
901.785778853	3.32451461345e+15	-3.04937883223e+13	0.0012224310249	0.99877831584
902.088809156	3.32339784018e+15	-3.04835448275e+13	0.00122350773283	0.998777240448
902.391839459	3.32228181695e+15	-3.04733082124e+13	0.00122458507317	0.998776164425
902.694869762	3.32116654301e+15	-3.04630784701e+13	0.00122566304353	0.998775087775
902.997900065	3.3200520176e+15	-3.04528555936e+13	0.00122674164518	0.998774010495
903.300930368	3.31893823997e+15	-3.04426395761e+13	0.00122782087524	0.998772932588
903.603960671	3.31782520937e+15	-3.04324304106e+13	0.00122890073969	0.99877185405
903.906990974	3.31671292504e+15	-3.04222280902e+13	0.0012299812364	0.99877077488
904.210021277	3.31560138624e+15	-3.04120326081e+13	0.00123106236067	0.998769695086
904.513051581	3.31449059222e+15	-3.04018439574e+13	0.00123214412218	0.998768614656
904.816081884	3.31338054222e+15	-3.03916621312e+13	0.00123322651074	0.998767533601
905.119112187	3.3122712355e+15	-3.03814871227e+13	0.00123430953881	0.998766451908
905.42214249	3.31116267132e+15	-3.0371318925e+13	0.00123539319351	0.998765369591
905.725172793	3.31005484893e+15	-3.03611575313e+13	0.00123647749091	0.998764286632
906.028203096	3.30894776758e+15	-3.03510029347e+13	0.00123756241509	0.998763203049
906.331233399	3.30784142654e+15	-3.03408551285e+13	0.00123864798752	0.99876211882
906.634263702	3.30673582505e+15	-3.03307141059e+13	0.00123973419024	0.998761033963
906.937294005	3.30563096238e+15	-3.032057986e+13	0.00124082105627	0.998759948444
907.240324308	3.30452683779e+15	-3.0310452384e+13	0.00124190857337	0.998758862276
907.543354611	3.30342345054e+15	-3.03003316712e+13	0.001242996799	0.998757775402
907.846384914	3.30232079988e+15	-3.02902177147e+13	0.00124408572385	0.99875668783
908.149415217	3.30121888509e+15	-3.02801105079e+13	0.00124517539923	0.99875559951
908.45244552	3.30011770543e+15	-3.0270010044e+13	0.00124626577998	0.998754510487
908.755475823	3.29901726015e+15	-3.02599163162e+13	0.00124735676931	0.998753420857
909.058506126	3.29791754854e+15	-3.02498293178e+13	0.00124844838228	0.998752330605
909.361536429	3.29681856984e+15	-3.02397490421e+13	0.00124954057094	0.99875123978
909.664566732	3.29572032334e+15	-3.02296754823e+13	0.00125063335496	0.998750148361
909.967597035	3.29462280829e+15	-3.02196086317e+13	0.00125172676284	0.99874905632
910.270627338	3.29352602398e+15	-3.02095484837e+13	0.00125282086254	0.99874796359
910.573657641	3.29242996966e+15	-3.01994950315e+13	0.00125391580436	0.99874687002
910.876687944	3.29133464461e+15	-3.01894482685e+13	0.00125501224407	0.998745774954
911.179718247	3.29024004811e+15	-3.0179408188e+13	0.0012859480039	0.998714878473
911.48274855	3.28914617942e+15	-3.01693747833e+13	0.00129437341535	0.998706463925
911.785778853	3.28805303782e+15	-3.01593480477e+13	0.00129775703108	0.998703084691
912.088809156	3.28696062259e+15	-3.01493279747e+13	0.00130147524181	0.99869937131
912.391839459	3.285868933e+15	-3.01393145576e+13	0.00130565564597	0.998695196352
912.694869762	3.28477796833e+15	-3.01293077897e+13	0.00131049463857	0.998690363685
912.997900065	3.28368772785e+15	-3.01193076644e+13	0.00131629597572	0.998684569962
913.300930368	3.28259821086e+15	-3.01093141752e+13	0.00132353042299	0.998677345057
913.603960671	3.28150941661e+15	-3.00993273153e+13	0.00133293108678	0.998667956871
913.906990974	3.28042134441e+15	-3.00893470783e+13	0.00134564813294	0.998655256846
914.210021277	3.27933399353e+15	-3.00793734576e+13	0.00136351756156	0.998637411606
914.513051581	3.27824736325e+15	-3.00694064465e+13	0.00138957850891	0.998611386508
914.816081884	3.27716145285e+15	-3.00594460385e+13	0.00142924783575	0.998571773053
915.119112187	3.27607626163e+15	-3.0049492227e+13	0.0014934318734	0.998507682741
915.42214249	3.27499178887e+15	-3.00395450055e+13	0.00160697516764	0.998394315326
915.725172793	3.27390803385e+15	-3.00296043674e+13	0.0018278412831	0.998173828201
916.028203096	3.27282499586e+15	-3.00196703062e+13	0.0022740583105	0.997728525401
916.331233399	3.27174267419e+15	-3.00097428154e+13	0.00311832185119	0.996886535065
916.634263702	3.27066106813e+15	-2.99998218885e+13	0.00446588705499	0.99554407019
916.937294005	3.26958017697e+15	-2.99899075189e+13	0.00610388166776	0.993914709173
917.240324308	3.2685e+15	-2.99799997002e+13	0.00736867217557	0.992658409929
917.543354611	3.26742053652e+15	-2.99700984258e+13	0.00748244164991	0.992545482127
917.846384914	3.26634178581e+15	-2.99602036894e+13	0.00621833380721	0.993800960018
918.149415217	3.26526374718e+15	-2.99503154843e+13	0.00416584439148	0.995842820702
918.45244552	3.26418641991e+15	-2.99404338042e+13	0.00223029809064	0.997772187176
918.755475823	3.26310980331e+15	-2.99305586426e+13	0.00094926924905	0.999051181164
919.058506126	3.26203389666e+15	-2.9920689993e+13	0.000320154718929	0.999679896525
919.361536429	3.26095869928e+15	-2.9910827849e+13	8.53889474533e-05	0.999914614698
919.664566732	3.25988421045e+15	-2.99009722042e+13	1.80024956939e-05	0.999981997666
919.967597035	3.25881042948e+15	-2.98911230521e+13	3.01580636126e-06	0.999996984198
920.270627338	3.25773735566e+15	-2.98812803864e+13	4.18913581931e-07	0.999999581087
920.573657641	3.25666498831e+15	-2.98714442006e+13	6.40271967673e-08	0.999999935973
920.876687944	3.25559332672e+15	-2.98616144883e+13	2.32254411202e-08	0.999999976775
921.179718247	3.25452237019e+15	-2.98517912432e+13	1.72016267472e-08	0.999999982798
921.48274855	3.25345211803e+15	-2.98419744588e+13	1.4698370651e-08	0.999999985302
921.785778853	3.25238256955e+15	-2.98321641289e+13	1.28785965854e-08	0.999999987121
922.088809156	3.25131372405e+15	-2.98223602469e+13	1.14231920843e-08	0.999999988577
922.391839459	3.25024558083e+15	-2.98125628066e+13	1.02313919357e-08	0.999999989769
922.694869762	3.24917813922e+15	-2.98027718017e+13	9.23985557982e-09	0.99999999076
922.997900065	3.24811139851e+15	-2.97929872257e+13	8.40414853194e-09	0.999999991596
923.300930368	3.24704535801e+15	-2.97832090724e+13	7.69899795929e-09	0.999999992301
923.603960671	3.24598001704e+15	-2.97734373355e+13	7.08608571473e-09	0.999999992914
923.906990974	3.24491537491e+15	-2.97636720085e+13	6.55376058162e-09	0.999999993446
924.210021277	3.24385143093e+15	-2.97539130853e+13	6.08795900313e-09	0.999999993912
924.513051581	3.24278818441e+15	-2.97441605595e+13	5.67747551298e-09	0.999999994323
924.816081884	3.24172563467e+15	-2.97344144248e+13	5.3117091528e-09	0.999999994688
925.119112187	3.24066378103e+15	-2.9724674675e+13	4.99188520231e-09	0.999999995008
925.42214249	3.23960262279e+15	-2.97149413038e+13	4.70093993913e-09	0.999999995299
925.725172793	3.23854215928e+15	-2.97052143049e+13	4.43886193337e-09	0.999999995561
926.028203096	3.23748238982e+15	-2.9695493672e+13	4.20199564173e-09	0.999999995798
926.331233399	3.23642331372e+15	-2.9685779399e+13	3.98712990094e-09	0.999999996013
926.634263702	3.23536493031e+15	-2.96760714795e+13	3.7905520624e-09	0.999999996209
926.937294005	3.23430723889e+15	-2.96663699073e+13	3.6085099739e-09	0.999999996391
927.240324308	3.23325023881e+15	-2.96566746763e+13	3.44586458281e-09	0.999999996554
