912.0	3.28728070175e+15	-3.04494452414e+13	0.0013183685414	0.998682500125
911.932127928	3.28752536311e+15	-3.04517114922e+13	0.00131810904654	0.998682759278
911.864255856	3.28777006089e+15	-3.04539780804e+13	0.00131784953776	0.998683018445
911.796383785	3.2880147951e+15	-3.04562450061e+13	0.00131759011208	0.998683277529
911.728511713	3.28825956574e+15	-3.04585122692e+13	0.00131733072067	0.998683536579
911.660639641	3.28850437283e+15	-3.046077987e+13	0.00131707136353	0.998683795594
911.592767569	3.28874921638e+15	-3.04630478084e+13	0.00131681204067	0.998684054576
911.524895498	3.28899409639e+15	-3.04653160846e+13	0.0013165527163	0.998684313559
911.457023426	3.28923901286e+15	-3.04675846985e+13	0.00131629346239	0.998684572472
911.389151354	3.28948396582e+15	-3.04698536504e+13	0.00131603424273	0.998684831351
911.321279282	3.28972895526e+15	-3.04721229402e+13	0.00131577505731	0.998685090195
911.253407211	3.2899739812e+15	-3.04743925681e+13	0.00131551588164	0.99868534903
911.185535139	3.29021904364e+15	-3.04766625341e+13	0.001315256765	0.998685607806
911.117663067	3.29046414259e+15	-3.04789328383e+13	0.00131499768258	0.998685866548
911.049790995	3.29070927806e+15	-3.04812034808e+13	0.00131473862047	0.99868612527
910.981918924	3.29095445005e+15	-3.04834744616e+13	0.00131447960175	0.998686383948
910.914046852	3.29119965859e+15	-3.04857457808e+13	0.00131422062223	0.998686642587
910.84617478	3.29144490366e+15	-3.04880174385e+13	0.00131396167692	0.998686901193
910.778302708	3.29169018529e+15	-3.04902894348e+13	0.00131370276583	0.998687159764
910.710430636	3.29193550348e+15	-3.04925617697e+13	0.00131344388894	0.998687418301
910.642558565	3.29218085823e+15	-3.04948344434e+13	0.00131318504625	0.998687676804
910.574686493	3.29242624957e+15	-3.04971074559e+13	0.00131292623777	0.998687935273
910.506814421	3.29267167748e+15	-3.04993808072e+13	0.00131266746349	0.998688193708
910.438942349	3.29291714199e+15	-3.05016544975e+13	0.0013124087234	0.998688452108
910.371070278	3.2931626431e+15	-3.05039285268e+13	0.00131215001751	0.998688710475
910.303198206	3.29340818082e+15	-3.05062028952e+13	0.00131189134582	0.998688968807
910.235326134	3.29365375516e+15	-3.05084776028e+13	0.00131163270831	0.998689227106
910.167454062	3.29389936612e+15	-3.05107526497e+13	0.00131137410499	0.99868948537
910.099581991	3.29414501372e+15	-3.05130280359e+13	0.00131111553586	0.998689743601
910.031709919	3.29439069795e+15	-3.05153037615e+13	0.00131085700091	0.998690001797
909.963837847	3.29463641884e+15	-3.05175798265e+13	0.00131059850013	0.998690259959
909.895965775	3.29488217639e+15	-3.05198562312e+13	0.00131034003354	0.998690518087
909.828093704	3.2951279706e+15	-3.05221329754e+13	0.00131008160112	0.998690776181
909.760221632	3.29537380149e+15	-3.05244100594e+13	0.00130982320287	0.998691034241
909.69234956	3.29561966906e+15	-3.05266874832e+13	0.00130956483879	0.998691292267
909.624477488	3.29586557332e+15	-3.05289652468e+13	0.00130930650888	0.998691550259
909.556605416	3.29611151428e+15	-3.05312433503e+13	0.00130904821313	0.998691808217
909.488733345	3.29635749194e+15	-3.05335217939e+13	0.00130878995154	0.998692066141
909.420861273	3.29660350633e+15	-3.05358005776e+13	0.00130853172411	0.99869232403
909.352989201	3.29684955743e+15	-3.05380797014e+13	0.00130827353084	0.998692581886
909.285117129	3.29709564527e+15	-3.05403591655e+13	0.00130801537172	0.998692839708
909.217245058	3.29734176985e+15	-3.05426389699e+13	0.00130775724675	0.998693097495
909.149372986	3.29758793118e+15	-3.05449191147e+13	0.00130749915593	0.998693355249
909.081500914	3.29783412927e+15	-3.05471995999e+13	0.00130724109926	0.998693612968
909.013628842	3.29808036412e+15	-3.05494804257e+13	0.00130698307673	0.998693870654
908.945756771	3.29832663574e+15	-3.05517615922e+13	0.00130672508834	0.998694128305
908.877884699	3.29857294415e+15	-3.05540430993e+13	0.00130646713409	0.998694385923
908.810012627	3.29881928934e+15	-3.05563249472e+13	0.00130620921398	0.998694643506
908.742140555	3.29906567133e+15	-3.0558607136e+13	0.001305951328	0.998694901055
908.674268484	3.29931209013e+15	-3.05608896656e+13	0.00130569347615	0.998695158571
908.606396412	3.29955854575e+15	-3.05631725363e+13	0.00130543565843	0.998695416052
908.53852434	3.29980503818e+15	-3.05654557481e+13	0.00130517787483	0.998695673499
908.470652268	3.30005156745e+15	-3.05677393011e+13	0.00130492012535	0.998695930913
908.402780196	3.30029813356e+15	-3.05700231952e+13	0.00130466241	0.998696188292
908.334908125	3.30054473651e+15	-3.05723074307e+13	0.00130440472876	0.998696445637
908.267036053	3.30079137632e+15	-3.05745920076e+13	0.00130414708164	0.998696702949
908.199163981	3.30103805299e+15	-3.05768769259e+13	0.00130388946863	0.998696960226
908.131291909	3.30128476654e+15	-3.05791621858e+13	0.00130363188973	0.998697217469
908.063419838	3.30153151697e+15	-3.05814477873e+13	0.00130337434494	0.998697474678
907.995547766	3.30177830428e+15	-3.05837337305e+13	0.00130311683426	0.998697731854
907.927675694	3.3020251285e+15	-3.05860200155e+13	0.00130285935767	0.998697988995
907.859803622	3.30227198962e+15	-3.05883066423e+13	0.00130260191519	0.998698246102
907.791931551	3.30251888765e+15	-3.0590593611e+13	0.0013023445068	0.998698503176
907.724059479	3.3027658226e+15	-3.05928809217e+13	0.0013020871325	0.998698760215
907.656187407	3.30301279449e+15	-3.05951685745e+13	0.0013018297923	0.998699017221
907.588315335	3.30325980331e+15	-3.05974565695e+13	0.00130157248619	0.998699274192
907.520443264	3.30350684908e+15	-3.05997449067e+13	0.00130131521416	0.998699531129
907.452571192	3.3037539318e+15	-3.06020335862e+13	0.00130105797622	0.998699788033
907.38469912	3.30400105149e+15	-3.06043226081e+13	0.00130080077236	0.998700044902
907.316827048	3.30424820815e+15	-3.06066119725e+13	0.00130054360258	0.998700301738
907.248954976	3.30449540179e+15	-3.06089016793e+13	0.00130028646688	0.998700558539
907.181082905	3.30474263242e+15	-3.06111917289e+13	0.00130002936525	0.998700815307
907.113210833	3.30498990004e+15	-3.06134821211e+13	0.00129977229769	0.99870107204
907.045338761	3.30523720467e+15	-3.0615772856e+13	0.0012995152642	0.99870132874
906.977466689	3.30548454632e+15	-3.06180639338e+13	0.00129925826477	0.998701585406
906.909594618	3.30573192498e+15	-3.06203553546e+13	0.00129900128616	0.998701842051
906.841722546	3.30597934068e+15	-3.06226471183e+13	0.00129874435489	0.998702098649
906.773850474	3.30622679341e+15	-3.06249392251e+13	0.00129848745767	0.998702355212
906.705978402	3.30647428319e+15	-3.06272316751e+13	0.00129823059452	0.998702611742
906.638106331	3.30672181002e+15	-3.06295244683e+13	0.00129797376541	0.998702868238
906.570234259	3.30696937392e+15	-3.06318176048e+13	0.00129771697036	0.9987031247
906.502362187	3.30721697489e+15	-3.06341110847e+13	0.00129746020935	0.998703381128
906.434490115	3.30746461293e+15	-3.06364049081e+13	0.00129720348239	0.998703637522
906.366618044	3.30771228807e+15	-3.0638699075e+13	0.00129694678947	0.998703893883
906.298745972	3.3079600003e+15	-3.06409935855e+13	0.00129669013059	0.998704150209
906.2308739	3.30820774964e+15	-3.06432884397e+13	0.00129643350575	0.998704406501
906.163001828	3.30845553609e+15	-3.06455836377e+13	0.00129617691495	0.99870466276
906.095129756	3.30870335966e+15	-3.06478791795e+13	0.00129592035818	0.998704918984
906.027257685	3.30895122037e+15	-3.06501750653e+13	0.00129566383543	0.998705175175
905.959385613	3.30919911821e+15	-3.0652471295e+13	0.00129540734672	0.998705431331
905.891513541	3.30944705319e+15	-3.06547678689e+13	0.00129515089203	0.998705687454
905.823641469	3.30969502533e+15	-3.06570647869e+13	0.00129489447136	0.998705943543
905.755769398	3.30994303464e+15	-3.06593620491e+13	0.00129463808471	0.998706199598
905.687897326	3.31019108111e+15	-3.06616596556e+13	0.00129438173208	0.998706455619
905.620025254	3.31043916477e+15	-3.06639576066e+13	0.00129412541346	0.998706711606
905.552153182	3.31068728561e+15	-3.0666255902e+13	0.00129386912885	0.998706967559
905.484281111	3.31093544365e+15	-3.06685545419e+13	0.00129361287826	0.998707223478
905.416409039	3.3111836389e+15	-3.06708535265e+13	0.00129335666167	0.998707479364
905.348536967	3.31143187136e+15	-3.06731528558e+13	0.00129310047908	0.998707735215
905.280664895	3.31168014104e+15	-3.06754525298e+13	0.0012928443305	0.998707991033
906.280664895	3.30802599694e+15	-3.06416048996e+13	0.00129662176257	0.998704218488
906.583695198	3.30692027209e+15	-3.06313627841e+13	0.00129776789733	0.998703073839
906.886725501	3.30581528618e+15	-3.06211275133e+13	0.00129891471079	0.998701928514
907.189755804	3.30471103848e+15	-3.06108990803e+13	0.00130006221658	0.998700782498
907.492786107	3.30360752823e+15	-3.06006774782e+13	0.00130121038829	0.998699635819
907.79581641	3.30250475471e+15	-3.05904627003e+13	0.00130235923941	0.998698488462
908.098846713	3.30140271717e+15	-3.05802547397e+13	0.00130350877017	0.998697340428
908.401877016	3.30030141488e+15	-3.05700535895e+13	0.00130465898079	0.998696191717
908.70490732	3.29920084711e+15	-3.0559859243e+13	0.0013058098715	0.998695042327
909.007937623	3.29810101311e+15	-3.05496716934e+13	0.00130696144254	0.99869389226
909.310967926	3.29700191216e+15	-3.05394909338e+13	0.00130811369413	0.998692741514
909.613998229	3.29590354352e+15	-3.05293169575e+13	0.0013092666265	0.998691590089
909.917028532	3.29480590647e+15	-3.05191497576e+13	0.00131042023988	0.998690437986
910.220058835	3.29370900026e+15	-3.05089893275e+13	0.00131157453451	0.998689285203
910.523089138	3.29261282417e+15	-3.04988356604e+13	0.00131272951061	0.998688131742
910.826119441	3.29151737748e+15	-3.04886887494e+13	0.00131388516841	0.998686977601
911.129149744	3.29042265945e+15	-3.0478548588e+13	0.00131504152731	0.998685822761
911.432180047	3.28932866935e+15	-3.04684151693e+13	0.00131619857561	0.998684667234
911.73521035	3.28823540647e+15	-3.04582884866e+13	0.00131735631979	0.998683511013
912.038240653	3.28714287008e+15	-3.04481685332e+13	0.00131851476176	0.998682354097
912.341270956	3.28605105945e+15	-3.04380553024e+13	0.00131967390416	0.998681196483
912.644301259	3.28495997385e+15	-3.04279487875e+13	0.00132083367116	0.998680038246
912.947331562	3.28386961258e+15	-3.04178489819e+13	0.00132199420761	0.998678879242
913.250361865	3.2827799749e+15	-3.04077558787e+13	0.00132315535254	0.998677719632
913.553392168	3.2816910601e+15	-3.03976694715e+13	0.00132431729488	0.998676559226
913.856422471	3.28060286745e+15	-3.03875897534e+13	0.00132547982873	0.998675398232
914.159452774	3.27951539625e+15	-3.03775167179e+13	0.0013266431981	0.998674236404
914.462483077	3.27842864577e+15	-3.03674503583e+13	0.00132780730938	0.998673073837
914.76551338	3.27734261529e+15	-3.0357390668e+13	0.00132897198449	0.998671910708
915.068543683	3.27625730411e+15	-3.03473376404e+13	0.00133013761212	0.998670746629
915.371573986	3.2751727115e+15	-3.03372912687e+13	0.00133130382627	0.998669581966
915.674604289	3.27408883675e+15	-3.03272515465e+13	0.00133247091585	0.998668416429
915.977634592	3.27300567916e+15	-3.03172184671e+13	0.00133363935519	0.998667249547
916.280664895	3.271923238e+15	-3.0307192024e+13	0.00133480929504	0.998666081167
916.583695198	3.27084151257e+15	-3.02971722105e+13	0.00133598083457	0.998664911191
916.886725501	3.26976050216e+15	-3.02871590201e+13	0.00133715521308	0.998663738381
917.189755804	3.26868020606e+15	-3.02771524462e+13	0.00133833151062	0.998662563656
917.492786107	3.26760062356e+15	-3.02671524823e+13	0.00133951001989	0.998661386723
917.79581641	3.26652175396e+15	-3.02571591217e+13	0.00134068835879	0.998660209962
918.098846713	3.26544359655e+15	-3.02471723581e+13	0.00134186701588	0.998659032885
918.401877016	3.26436615062e+15	-3.02371921848e+13	0.00134304527534	0.998657856206
918.70490732	3.26328941547e+15	-3.02272185953e+13	0.00134422362535	0.998656679439
919.007937623	3.2622133904e+15	-3.02172515831e+13	0.00134540259236	0.998655502056
919.310967926	3.26113807471e+15	-3.02072911418e+13	0.00134658444548	0.998654321793
919.613998229	3.26006346769e+15	-3.01973372647e+13	0.00134777148806	0.998653136348
919.917028532	3.25898956864e+15	-3.01873899455e+13	0.00134898413415	0.998651925336
920.220058835	3.25791637687e+15	-3.01774491776e+13	0.0013883042093	0.998612659039
920.523089138	3.25684389167e+15	-3.01675149546e+13	0.00139170463197	0.99860926334
920.826119441	3.25577211235e+15	-3.015758727e+13	0.00139538510466	0.998605587992
921.129149744	3.25470103821e+15	-3.01476661173e+13	0.00139944134801	0.998601537413
921.432180047	3.25363066856e+15	-3.01377514902e+13	0.0014040198651	0.99859696531
921.73521035	3.2525610027e+15	-3.01278433821e+13	0.00140933930772	0.998591653345
922.038240653	3.25149203994e+15	-3.01179417867e+13	0.00141574219245	0.998585259498
922.341270956	3.25042377958e+15	-3.01080466976e+13	0.00142375509443	0.998577257964
922.644301259	3.24935622093e+15	-3.00981581082e+13	0.00143419788105	0.998566830089
922.947331562	3.2482893633e+15	-3.00882760123e+13	0.00144834955774	0.998552698794
923.250361865	3.247223206e+15	-3.00784004034e+13	0.00146825003695	0.998532827315
923.553392168	3.24615774835e+15	-3.00685312752e+13	0.00149728258202	0.998503837786
923.856422471	3.24509298965e+15	-3.00586686212e+13	0.00154150662148	0.99845968089
924.159452774	3.24402892921e+15	-3.00488124351e+13	0.00161320867005	0.998388091852
924.462483077	3.24296556635e+15	-3.00389627105e+13	0.00174034419515	0.998261169326
924.76551338	3.24190290038e+15	-3.00291194411e+13	0.00198725726414	0.998014716024
925.068543683	3.24084093062e+15	-3.00192826206e+13	0.00248188458973	0.997521192739
925.371573986	3.23977965639e+15	-3.00094522425e+13	0.00340519915044	0.996600591965
925.674604289	3.23871907699e+15	-2.99996283007e+13	0.004857319147	0.995154458551
925.977634592	3.23765919176e+15	-2.99898107887e+13	0.00659837377551	0.993423347691
926.280664895	3.2366e+15	-2.99799997002e+13	0.00792521598208	0.992106105744
926.583695198	3.23554150104e+15	-2.9970195029e+13	0.00803128740088	0.992000877222
926.886725501	3.2344836942e+15	-2.99603967687e+13	0.006688104699	0.993334210896
927.189755804	3.23342657879e+15	-2.99506049131e+13	0.00451022705542	0.995499928745
927.492786107	3.23237015415e+15	-2.99408194559e+13	0.00244251548663	0.997560465027
927.79581641	3.23131441959e+15	-2.99310403908e+13	0.00105712064227	0.998943437913
928.098846713	3.23025937444e+15	-2.99212677116e+13	0.000364819012201	0.999635247526
928.401877016	3.22920501802e+15	-2.99115014119e+13	0.000100565274087	0.999899439782
928.70490732	3.22815134966e+15	-2.99017414857e+13	2.24976137837e-05	0.999977502639
929.007937623	3.22709836869e+15	-2.98919879265e+13	4.44441718668e-06	0.999995555593
929.310967926	3.22604607443e+15	-2.98822407282e+13	1.09121513783e-06	0.999998908785
929.613998229	3.22499446621e+15	-2.98724998847e+13	5.30483617006e-07	0.999999469517
929.917028532	3.22394354337e+15	-2.98627653895e+13	4.00415222434e-07	0.999999599585
930.220058835	3.22289330522e+15	-2.98530372367e+13	3.36349607438e-07	0.99999966365
930.523089138	3.22184375111e+15	-2.98433154198e+13	2.90435200629e-07	0.999999709565
930.826119441	3.22079488036e+15	-2.98335999329e+13	2.5451337241e-07	0.999999745487
931.129149744	3.21974669231e+15	-2.98238907697e+13	2.25661953832e-07	0.999999774338
931.432180047	3.21869918629e+15	-2.98141879239e+13	2.0204550125e-07	0.999999797955
931.73521035	3.21765236163e+15	-2.98044913896e+13	1.82408338842e-07	0.999999817592
932.038240653	3.21660621768e+15	-2.97948011604e+13	1.65863772041e-07	0.999999834136
932.341270956	3.21556075376e+15	-2.97851172303e+13	1.51765853873e-07	0.999999848234
932.644301259	3.21451596922e+15	-2.97754395931e+13	1.39781373814e-07	0.999999860219
932.947331562	3.21347186339e+15	-2.97657682426e+13	1.29254249478e-07	0.999999870746
933.250361865	3.21242843561e+15	-2.97561031729e+13	1.20044500331e-07	0.999999879956
933.553392168	3.21138568522e+15	-2.97464443776e+13	1.11930918385e-07	0.999999888069
933.856422471	3.21034361157e+15	-2.97367918508e+13	1.04704454959e-07	0.999999895296
934.159452774	3.20930221398e+15	-2.97271455864e+13	9.83825138711e-08	0.999999901617
934.462483077	3.20826149181e+15	-2.97175055781e+13	9.26354088071e-08	0.999999907365
934.76551338	3.2072214444e+15	-2.97078718201e+13	8.74597006114e-08	0.99999991254
935.068543683	3.20618207109e+15	-2.96982443061e+13	8.2780478114e-08	0.99999991722
935.371573986	3.20514337123e+15	-2.96886230301e+13	7.85370568177e-08	0.999999921463
935.674604289	3.20410534416e+15	-2.96790079861e+13	7.46646821273e-08	0.999999925335
935.977634592	3.20306798923e+15	-2.96693991679e+13	7.10857393048e-08	0.999999928914
936.280664895	3.20203130579e+15	-2.96597965696e+13	6.78588623253e-08	0.999999932141
