912.0	3.28728070175e+15	-3.00218339947e+13	0.000821062636659	0.999179274343
911.800733444	3.28799910993e+15	-3.00283950198e+13	0.000714707361603	0.999285547981
911.601466888	3.28871783218e+15	-3.00349589133e+13	0.000648093870527	0.999352116097
911.402200332	3.28943686871e+15	-3.0041525677e+13	0.000605964587571	0.999394218972
911.202933776	3.29015621973e+15	-3.00480953128e+13	0.000578390746597	0.999421776489
911.00366722	3.29087588544e+15	-3.00546678226e+13	0.000559511093792	0.999440645403
910.804400664	3.29159586604e+15	-3.00612432083e+13	0.000546017901549	0.999454131139
910.605134108	3.29231616175e+15	-3.00678214717e+13	0.000536037091753	0.99946410655
910.405867552	3.29303677277e+15	-3.00744026148e+13	0.000528459395883	0.999471680214
910.206600996	3.29375769932e+15	-3.00809866395e+13	0.00052258644146	0.999477550083
910.00733444	3.29447894158e+15	-3.00875735475e+13	0.000517952357746	0.999482181756
909.808067884	3.29520049978e+15	-3.0094163341e+13	0.000514232532235	0.999485899663
909.608801329	3.29592237413e+15	-3.01007560216e+13	0.000511194199696	0.999488936438
909.409534773	3.29664456482e+15	-3.01073515914e+13	0.000508667523643	0.999491461826
909.210268217	3.29736707206e+15	-3.01139500522e+13	0.000506527261663	0.999493601002
909.011001661	3.29808989608e+15	-3.01205514059e+13	0.000504680406415	0.999495446923
908.811735105	3.29881303706e+15	-3.01271556545e+13	0.000503057660816	0.999497068851
908.612468549	3.29953649523e+15	-3.01337627998e+13	0.000501607256082	0.999498518528
908.413201993	3.30026027079e+15	-3.01403728438e+13	0.000500290451971	0.999499834672
908.213935437	3.30098436395e+15	-3.01469857883e+13	0.000499078221381	0.999501046297
908.014668881	3.30170877492e+15	-3.01536016352e+13	0.00049794877871	0.999502175177
907.815402325	3.30243350391e+15	-3.01602203866e+13	0.000496885738327	0.999503237689
907.616135769	3.30315855112e+15	-3.01668420442e+13	0.000495876740972	0.999504246186
907.416869213	3.30388391677e+15	-3.017346661e+13	0.000494912427585	0.999505210021
907.217602657	3.30460960107e+15	-3.01800940859e+13	0.0004927271125	0.999507394258
907.018336101	3.30533560423e+15	-3.01867244739e+13	0.000480190380657	0.999519924892
906.819069545	3.30606192645e+15	-3.01933577758e+13	0.000479768539663	0.999520346531
906.619802989	3.30678856795e+15	-3.01999939936e+13	0.000479346976736	0.999520767892
906.420536433	3.30751552894e+15	-3.02066331292e+13	0.000478925691697	0.999521188975
906.221269877	3.30824280962e+15	-3.02132751846e+13	0.000478504684417	0.999521609781
906.022003321	3.30897041022e+15	-3.02199201615e+13	0.000478083954773	0.999522030309
905.822736765	3.30969833094e+15	-3.02265680621e+13	0.000477663502637	0.99952245056
905.623470209	3.31042657199e+15	-3.02332188882e+13	0.000477243327889	0.999522870535
905.424203653	3.31115513359e+15	-3.02398726417e+13	0.000476823430407	0.999523290232
905.224937098	3.31188401594e+15	-3.02465293245e+13	0.000476403810065	0.999523709652
905.025670542	3.31261321925e+15	-3.02531889387e+13	0.000475984466744	0.999524128796
904.826403986	3.31334274375e+15	-3.02598514861e+13	0.000475565400318	0.999524547663
904.62713743	3.31407258964e+15	-3.02665169687e+13	0.00047514661067	0.999524966254
904.427870874	3.31480275713e+15	-3.02731853885e+13	0.000474728097675	0.999525384568
904.228604318	3.31553324644e+15	-3.02798567472e+13	0.000474309861215	0.999525802606
904.029337762	3.31626405778e+15	-3.02865310471e+13	0.000473891901168	0.999526220368
903.830071206	3.31699519136e+15	-3.02932082898e+13	0.000473474217411	0.999526637854
903.63080465	3.3177266474e+15	-3.02998884775e+13	0.000473056809826	0.999527055064
903.431538094	3.31845842611e+15	-3.0306571612e+13	0.000472639678289	0.999527471998
903.232271538	3.3191905277e+15	-3.03132576953e+13	0.000472222822677	0.999527888657
903.033004982	3.31992295238e+15	-3.03199467293e+13	0.00047180624287	0.99952830504
902.833738426	3.32065570038e+15	-3.03266387161e+13	0.000471389938744	0.999528721148
902.63447187	3.3213887719e+15	-3.03333336575e+13	0.000470973910177	0.999529136981
902.435205314	3.32212216716e+15	-3.03400315555e+13	0.000470558157049	0.999529552538
902.235938758	3.32285588637e+15	-3.03467324121e+13	0.000470142679236	0.999529967821
902.036672202	3.32358992975e+15	-3.03534362293e+13	0.000469727476618	0.999530382828
901.837405646	3.32432429752e+15	-3.03601430089e+13	0.000469312549073	0.999530797561
901.63813909	3.32505898988e+15	-3.0366852753e+13	0.00046889789648	0.999531212019
901.438872534	3.32579400705e+15	-3.03735654636e+13	0.000468483518716	0.999531626203
901.239605978	3.32652934926e+15	-3.03802811425e+13	0.000468069415661	0.999532040112
901.040339422	3.3272650167e+15	-3.03869997918e+13	0.000467655587192	0.999532453747
900.841072867	3.32800100961e+15	-3.03937214135e+13	0.000467242033189	0.999532867107
900.641806311	3.3287373282e+15	-3.04004460094e+13	0.000466828753531	0.999533280194
900.442539755	3.32947397267e+15	-3.04071735817e+13	0.000466415748094	0.999533693007
900.243273199	3.33021094326e+15	-3.04139041322e+13	0.00046600301676	0.999534105546
900.044006643	3.33094824017e+15	-3.04206376629e+13	0.000465590559406	0.999534517811
899.844740087	3.33168586362e+15	-3.04273741759e+13	0.00046517837591	0.999534929803
899.645473531	3.33242381383e+15	-3.04341136731e+13	0.000464766466152	0.999535341521
899.446206975	3.33316209102e+15	-3.04408561564e+13	0.00046435483001	0.999535752966
899.246940419	3.3339006954e+15	-3.04476016279e+13	0.000463943467364	0.999536164138
899.047673863	3.33463962719e+15	-3.04543500896e+13	0.000463532378092	0.999536575036
898.848407307	3.33537888662e+15	-3.04611015434e+13	0.000463121562072	0.999536985662
898.649140751	3.33611847388e+15	-3.04678559914e+13	0.000462711019184	0.999537396015
898.449874195	3.33685838922e+15	-3.04746134355e+13	0.000462300749307	0.999537806095
898.250607639	3.33759863284e+15	-3.04813738777e+13	0.000461890752319	0.999538215903
898.051341083	3.33833920495e+15	-3.048813732e+13	0.000461481028101	0.999538625438
897.852074527	3.33908010579e+15	-3.04949037645e+13	0.000461071576529	0.999539034701
897.652807971	3.33982133557e+15	-3.0501673213e+13	0.000460662397484	0.999539443691
897.453541415	3.34056289451e+15	-3.05084456677e+13	0.000460253490845	0.99953985241
897.254274859	3.34130478283e+15	-3.05152211305e+13	0.000459844856491	0.999540260856
897.055008303	3.34204700074e+15	-3.05219996034e+13	0.0004594364943	0.99954066903
896.855741747	3.34278954847e+15	-3.05287810884e+13	0.000459028404152	0.999541076933
896.656475191	3.34353242624e+15	-3.05355655876e+13	0.000458620585926	0.999541484564
896.457208636	3.34427563426e+15	-3.0542353103e+13	0.000458213039502	0.999541891924
896.25794208	3.34501917277e+15	-3.05491436364e+13	0.000457805764758	0.999542299012
896.058675524	3.34576304197e+15	-3.05559371901e+13	0.000457398761573	0.999542705829
895.859408968	3.34650724208e+15	-3.0562733766e+13	0.000456992029828	0.999543112375
895.660142412	3.34725177334e+15	-3.0569533366e+13	0.000456585569401	0.99954351865
895.460875856	3.34799663596e+15	-3.05763359923e+13	0.000456179380171	0.999543924654
895.2616093	3.34874183016e+15	-3.05831416468e+13	0.000455773462018	0.999544330387
895.062342744	3.34948735617e+15	-3.05899503316e+13	0.000455367814822	0.999544735849
894.863076188	3.35023321419e+15	-3.05967620487e+13	0.000454962438461	0.999545141041
894.663809632	3.35097940447e+15	-3.06035768001e+13	0.000454557332815	0.999545545963
894.464543076	3.35172592721e+15	-3.06103945879e+13	0.000454152497764	0.999545950614
894.26527652	3.35247278265e+15	-3.0617215414e+13	0.000453747933187	0.999546354995
894.066009964	3.353219971e+15	-3.06240392806e+13	0.000453343638963	0.999546759106
893.866743408	3.35396749248e+15	-3.06308661895e+13	0.000452939614973	0.999547162947
893.667476852	3.35471534732e+15	-3.0637696143e+13	0.000452535861095	0.999547566518
893.468210296	3.35546353575e+15	-3.0644529143e+13	0.000452132377209	0.999547969819
893.26894374	3.35621205798e+15	-3.06513651915e+13	0.000451729163195	0.999548372851
893.069677184	3.35696091424e+15	-3.06582042906e+13	0.000451326218932	0.999548775613
892.870410628	3.35771010475e+15	-3.06650464423e+13	0.0004509235443	0.999549178106
892.671144072	3.35845962974e+15	-3.06718916488e+13	0.000450521139179	0.99954958033
892.471877516	3.35920948943e+15	-3.06787399119e+13	0.000450119003449	0.999549982285
892.27261096	3.35995968404e+15	-3.06855912338e+13	0.000449717136989	0.999550383971
893.27261096	3.35619827947e+15	-3.06512393561e+13	0.000451736581344	0.999548365436
893.575641264	3.35506012201e+15	-3.06408448757e+13	0.000452349874729	0.99954775242
893.878671567	3.35392273623e+15	-3.0630457443e+13	0.000452963792373	0.99954713878
894.18170187	3.35278612136e+15	-3.06200770506e+13	0.000453578334701	0.999546524516
894.484732173	3.3516502766e+15	-3.06097036916e+13	0.000454193502136	0.999545909628
894.787762476	3.35051520117e+15	-3.05993373586e+13	0.000454809295101	0.999545294115
895.090792779	3.3493808943e+15	-3.05889780446e+13	0.00045542571402	0.999544677977
895.393823082	3.3482473552e+15	-3.05786257425e+13	0.000456042759317	0.999544061212
895.696853385	3.3471145831e+15	-3.05682804451e+13	0.000456660431417	0.999543443822
895.999883688	3.34598257721e+15	-3.05579421454e+13	0.000457278730744	0.999542825805
896.302913991	3.34485133676e+15	-3.05476108361e+13	0.000457897657722	0.999542207161
896.605944294	3.34372086096e+15	-3.05372865104e+13	0.000458517212777	0.99954158789
896.908974597	3.34259114906e+15	-3.0526969161e+13	0.000459137396332	0.999540967991
897.2120049	3.34146220027e+15	-3.05166587808e+13	0.000459758208812	0.999540347464
897.515035203	3.34033401382e+15	-3.0506355363e+13	0.000460379650644	0.999539726308
897.818065506	3.33920658893e+15	-3.04960589003e+13	0.000461001722251	0.999539104523
898.121095809	3.33807992485e+15	-3.04857693858e+13	0.000461624424059	0.999538482108
898.424126112	3.33695402079e+15	-3.04754868124e+13	0.000462247756495	0.999537859064
898.727156415	3.33582887598e+15	-3.04652111731e+13	0.000462871719982	0.999537235389
899.030186718	3.33470448967e+15	-3.04549424609e+13	0.000463496314948	0.999536611083
899.333217021	3.33358086109e+15	-3.04446806687e+13	0.000464121541818	0.999535986146
899.636247324	3.33245798946e+15	-3.04344257897e+13	0.000464747401017	0.999535360577
899.939277627	3.33133587402e+15	-3.04241778167e+13	0.000465373892973	0.999534734377
900.24230793	3.33021451402e+15	-3.04139367429e+13	0.000466001018112	0.999534107543
900.545338233	3.32909390868e+15	-3.04037025613e+13	0.00046662877686	0.999533480077
900.848368536	3.32797405724e+15	-3.03934752649e+13	0.000467257169644	0.999532851978
901.151398839	3.32685495896e+15	-3.03832548467e+13	0.00046788619689	0.999532223245
901.454429142	3.32573661306e+15	-3.03730412999e+13	0.000468515859026	0.999531593877
901.757459445	3.32461901878e+15	-3.03628346175e+13	0.000469146156478	0.999530963875
902.060489748	3.32350217538e+15	-3.03526347926e+13	0.000469777089674	0.999530333238
902.363520051	3.32238608209e+15	-3.03424418182e+13	0.000470408659042	0.999529701966
902.666550354	3.32127073815e+15	-3.03322556876e+13	0.000471040865008	0.999529070057
902.969580657	3.32015614282e+15	-3.03220763937e+13	0.000471673708002	0.999528437513
903.27261096	3.31904229534e+15	-3.03119039297e+13	0.00047230718845	0.999527804331
903.575641264	3.31792919496e+15	-3.03017382888e+13	0.000472941306785	0.999527170512
903.878671567	3.31681684092e+15	-3.0291579464e+13	0.000473576063433	0.999526536056
904.18170187	3.31570523248e+15	-3.02814274486e+13	0.000474211458827	0.999525900962
904.484732173	3.31459436888e+15	-3.02712822356e+13	0.000474847493389	0.999525265229
904.787762476	3.31348424939e+15	-3.02611438183e+13	0.000475484167549	0.999524628857
905.090792779	3.31237487324e+15	-3.02510121898e+13	0.00047612148173	0.999523991846
905.393823082	3.3112662397e+15	-3.02408873433e+13	0.000476759436361	0.999523354195
905.696853385	3.31015834801e+15	-3.0230769272e+13	0.000477398031867	0.999522715904
905.999883688	3.30905119744e+15	-3.02206579691e+13	0.000478037268689	0.999522076973
906.302913991	3.30794478724e+15	-3.02105534278e+13	0.00047867714725	0.9995214374
906.605944294	3.30683911667e+15	-3.02004556413e+13	0.000479317667991	0.999520797186
906.908974597	3.30573418499e+15	-3.01903646029e+13	0.000479958831369	0.99952015633
907.2120049	3.30462999145e+15	-3.01802803057e+13	0.000492193355646	0.999507927752
907.515035203	3.30352653533e+15	-3.01702027431e+13	0.000495382391522	0.99950474029
907.818065506	3.30242381587e+15	-3.01601319083e+13	0.000496899565777	0.999503223868
908.121095809	3.30132183234e+15	-3.01500677946e+13	0.000498542810291	0.999501581442
908.424126112	3.300220584e+15	-3.01400103952e+13	0.000500359703993	0.999499765455
908.727156415	3.29912007013e+15	-3.01299597034e+13	0.000502423488376	0.999497702705
909.030186718	3.29802028998e+15	-3.01199157125e+13	0.000504847517469	0.999495279897
909.333217021	3.29692124282e+15	-3.01098784158e+13	0.000507807836366	0.999492321076
909.636247324	3.29582292792e+15	-3.00998478067e+13	0.000511579010786	0.999488551823
909.939277627	3.29472534455e+15	-3.00898238784e+13	0.000516592373136	0.999483541038
910.24230793	3.29362849198e+15	-3.00798066242e+13	0.000523536493077	0.999476600528
910.545338233	3.29253236947e+15	-3.00697960375e+13	0.000533548480117	0.999466593832
910.848368536	3.2914369763e+15	-3.00597921117e+13	0.000548642869798	0.999451507607
911.151398839	3.29034231174e+15	-3.00497948401e+13	0.000572841688277	0.999427322354
911.454429142	3.28924837506e+15	-3.00398042161e+13	0.00061528028124	0.999384908965
911.757459445	3.28815516555e+15	-3.0029820233e+13	0.000697475900033	0.99930276728
912.060489748	3.28706268246e+15	-3.00198428842e+13	0.000864176581835	0.999136196711
912.363520051	3.28597092509e+15	-3.00098721632e+13	0.0011830900687	0.998817609506
912.666550354	3.2848798927e+15	-2.99999080632e+13	0.00169976192235	0.998301681855
912.969580657	3.28378958458e+15	-2.99899505777e+13	0.00233854209044	0.997664190169
913.27261096	3.2827e+15	-2.99799997002e+13	0.00284336616884	0.997160672368
913.575641264	3.28161113825e+15	-2.9970055424e+13	0.00290367667945	0.997100534912
913.878671567	3.2805229986e+15	-2.99601177426e+13	0.0024206122364	0.997582315083
914.18170187	3.27943558033e+15	-2.99501866495e+13	0.00162164075416	0.998379673395
914.484732173	3.27834888274e+15	-2.9940262138e+13	0.000865284184477	0.999135090066
914.787762476	3.2772629051e+15	-2.99303442016e+13	0.000365772995517	0.999634293891
915.090792779	3.2761776467e+15	-2.99204328339e+13	0.000122078644395	0.999877928807
915.393823082	3.27509310682e+15	-2.99105280282e+13	3.2096300537e-05	0.999967904215
915.696853385	3.27400928475e+15	-2.99006297781e+13	6.6372124183e-06	0.99999336281
915.999883688	3.27292617978e+15	-2.98907380771e+13	1.078271678e-06	0.999998921729
916.302913991	3.2718437912e+15	-2.98808529186e+13	1.37491046791e-07	0.999999862509
916.605944294	3.27076211829e+15	-2.98709742963e+13	1.37535352414e-08	0.999999986246
916.908974597	3.26968116036e+15	-2.98611022035e+13	1.07973164412e-09	0.99999999892
917.2120049	3.26860091667e+15	-2.98512366338e+13	7.16380794169e-11	0.999999999928
917.515035203	3.26752138654e+15	-2.98413775808e+13	4.28768203823e-12	0.999999999996
917.818065506	3.26644256926e+15	-2.9831525038e+13	8.85113681921e-13	0.999999999999
918.121095809	3.26536446411e+15	-2.98216789989e+13	6.729727988e-13	0.999999999999
918.424126112	3.26428707039e+15	-2.98118394572e+13	5.9886858817e-13	0.999999999999
918.727156415	3.2632103874e+15	-2.98020064063e+13	5.40380185709e-13	0.999999999999
919.030186718	3.26213441444e+15	-2.979217984e+13	4.90990261001e-13	1.0
919.333217021	3.2610591508e+15	-2.97823597517e+13	4.49450886681e-13	1.0
919.636247324	3.25998459578e+15	-2.9772546135e+13	4.13367371042e-13	1.0
919.939277627	3.25891074869e+15	-2.97627389836e+13	3.82012243654e-13	1.0
920.24230793	3.25783760882e+15	-2.97529382911e+13	3.54531869968e-13	1.0
920.545338233	3.25676517547e+15	-2.97431440511e+13	3.30242188681e-13	1.0
920.848368536	3.25569344795e+15	-2.97333562572e+13	3.087684553e-13	1.0
921.151398839	3.25462242556e+15	-2.9723574903e+13	2.89952703147e-13	1.0
921.454429142	3.25355210761e+15	-2.97137999823e+13	2.72919321574e-13	1.0
921.757459445	3.25248249339e+15	-2.97040314886e+13	2.56684568751e-13	1.0
922.060489748	3.25141358222e+15	-2.96942694157e+13	2.42854252409e-13	1.0
922.363520051	3.25034537341e+15	-2.96845137572e+13	2.30353377806e-13	1.0
922.666550354	3.24927786625e+15	-2.96747645067e+13	2.18931132574e-13	1.0
922.969580657	3.24821106007e+15	-2.9665021658e+13	2.08429178897e-13	1.0
923.27261096	3.24714495417e+15	-2.96552852048e+13	1.98907254894e-13	1.0
