912.0	3.28728070175e+15	-3.00566270565e+13	0.000254013912109	0.999746018347
911.811424502	3.2879605579e+15	-3.00628431921e+13	0.000248594112918	0.999751436784
911.622849003	3.2886406953e+15	-3.00690618995e+13	0.000244521939259	0.999755507954
911.434273505	3.28932111415e+15	-3.00752831801e+13	0.000241395274951	0.999758633859
911.245698006	3.29000181462e+15	-3.00815070356e+13	0.000238953198091	0.999761075349
911.057122508	3.29068279687e+15	-3.00877334677e+13	0.000237017441617	0.999763010645
910.868547009	3.29136406109e+15	-3.00939624778e+13	0.000235461408223	0.999764566311
910.679971511	3.29204560745e+15	-3.01001940676e+13	0.000234192816382	0.999765834605
910.491396012	3.29272743612e+15	-3.01064282387e+13	0.000233143246334	0.999766883929
910.302820514	3.29340954729e+15	-3.01126649927e+13	0.000232261447688	0.999767765523
910.114245015	3.29409194112e+15	-3.01189043312e+13	0.000231508813781	0.999768517982
909.925669517	3.29477461779e+15	-3.01251462559e+13	0.000230856082946	0.999769170562
909.737094018	3.29545757748e+15	-3.01313907682e+13	0.00023028110121	0.999769745411
909.54851852	3.29614082037e+15	-3.01376378699e+13	0.000229766977778	0.999770259417
909.359943021	3.29682434663e+15	-3.01438875626e+13	0.000229300899892	0.999770725388
909.171367523	3.29750815643e+15	-3.01501398478e+13	0.000228873098312	0.999771153091
908.982792024	3.29819224996e+15	-3.01563947271e+13	0.000228476118641	0.99977154998
908.794216526	3.29887662739e+15	-3.01626522023e+13	0.000228104253306	0.99977192176
908.605641027	3.29956128889e+15	-3.01689122748e+13	0.000227753120731	0.999772272813
908.417065529	3.30024623465e+15	-3.01751749464e+13	0.000227419352857	0.999772606505
908.22849003	3.30093146484e+15	-3.01814402186e+13	0.000224436780807	0.999775588403
908.039914532	3.30161697963e+15	-3.01877080931e+13	0.000220874723753	0.999779149667
907.851339033	3.30230277921e+15	-3.01939785714e+13	0.000220770222361	0.999779254146
907.662763535	3.30298886376e+15	-3.02002516552e+13	0.000220665972731	0.999779358372
907.474188036	3.30367523344e+15	-3.02065273462e+13	0.000220561826105	0.999779462496
907.285612538	3.30436188844e+15	-3.02128056459e+13	0.000220457725826	0.999779566573
907.097037039	3.30504882894e+15	-3.0219086556e+13	0.000220353676404	0.9997796706
906.908461541	3.30573605511e+15	-3.02253700781e+13	0.000220249652516	0.999779774601
906.719886042	3.30642356714e+15	-3.02316562139e+13	0.000220145657306	0.999779878573
906.531310544	3.30711136519e+15	-3.02379449649e+13	0.000220041705105	0.999779982502
906.342735045	3.30779944946e+15	-3.02442363328e+13	0.000219937760445	0.999780086424
906.154159547	3.30848782011e+15	-3.02505303193e+13	0.000219833850843	0.999780190311
905.965584048	3.30917647733e+15	-3.02568269259e+13	0.000219729949193	0.99978029419
905.77700855	3.30986542129e+15	-3.02631261543e+13	0.000219626079463	0.999780398037
905.588433051	3.31055465218e+15	-3.02694280062e+13	0.00021952223286	0.99978050186
905.399857553	3.31124417018e+15	-3.02757324831e+13	0.000219418405152	0.999780605665
905.211282054	3.31193397545e+15	-3.02820395868e+13	0.00021931461814	0.99978070943
905.022706556	3.3126240682e+15	-3.02883493188e+13	0.000219210866698	0.999780813158
904.834131057	3.31331444858e+15	-3.02946616809e+13	0.000219107146367	0.999780916856
904.645555559	3.31400511679e+15	-3.03009766746e+13	0.000219003470379	0.999781020509
904.45698006	3.314696073e+15	-3.03072943016e+13	0.000218899830888	0.999781124126
904.268404562	3.31538731739e+15	-3.03136145635e+13	0.000218796221083	0.999781227713
904.079829063	3.31607885015e+15	-3.03199374621e+13	0.000218692648977	0.999781331263
903.891253565	3.31677067145e+15	-3.03262629989e+13	0.000218589107823	0.999781434781
903.702678066	3.31746278147e+15	-3.03325911755e+13	0.000218485592591	0.999781538274
903.514102568	3.3181551804e+15	-3.03389219938e+13	0.000218382110198	0.999781641733
903.325527069	3.31884786842e+15	-3.03452554552e+13	0.000218278656189	0.999781745165
903.136951571	3.3195408457e+15	-3.03515915615e+13	0.000218175227262	0.999781848571
902.948376072	3.32023411243e+15	-3.03579303143e+13	0.000218071829287	0.999781951947
902.759800574	3.32092766879e+15	-3.03642717153e+13	0.00021796845905	0.999782055294
902.571225075	3.32162151497e+15	-3.03706157662e+13	0.00021786511411	0.999782158617
902.382649577	3.32231565113e+15	-3.03769624685e+13	0.000217761799197	0.999782261909
902.194074078	3.32301007747e+15	-3.0383311824e+13	0.00021765851183	0.999782365174
902.00549858	3.32370479417e+15	-3.03896638343e+13	0.000217555250112	0.999782468413
901.816923081	3.32439980141e+15	-3.03960185011e+13	0.000217452017812	0.999782571623
901.628347583	3.32509509937e+15	-3.04023758261e+13	0.00021734881298	0.999782674806
901.439772084	3.32579068823e+15	-3.04087358108e+13	0.00021724563413	0.999782777962
901.251196586	3.32648656818e+15	-3.04150984571e+13	0.000217142484245	0.999782881089
901.062621087	3.3271827394e+15	-3.04214637666e+13	0.000217039361792	0.99978298419
900.874045589	3.32787920207e+15	-3.04278317408e+13	0.000216936265614	0.999783087263
900.68547009	3.32857595638e+15	-3.04342023816e+13	0.000216833198045	0.999783190309
900.496894592	3.3292730025e+15	-3.04405756906e+13	0.000216730156978	0.999783293327
900.308319093	3.32997034063e+15	-3.04469516695e+13	0.000216627144263	0.999783396318
900.119743595	3.33066797094e+15	-3.04533303198e+13	0.000216524158953	0.999783499281
899.931168096	3.33136589362e+15	-3.04597116434e+13	0.000216421200366	0.999783602217
899.742592598	3.33206410885e+15	-3.04660956419e+13	0.000216318269363	0.999783705126
899.554017099	3.33276261682e+15	-3.0472482317e+13	0.000216215366292	0.999783808007
899.365441601	3.33346141771e+15	-3.04788716704e+13	0.000216112490267	0.99978391086
899.176866102	3.33416051171e+15	-3.04852637037e+13	0.000216009641725	0.999784013687
898.988290604	3.33485989899e+15	-3.04916584186e+13	0.00021590682085	0.999784116485
898.799715105	3.33555957975e+15	-3.04980558169e+13	0.000215804027363	0.999784219257
898.611139607	3.33625955417e+15	-3.05044559002e+13	0.000215701261263	0.999784322001
898.422564108	3.33695982244e+15	-3.05108586702e+13	0.000215598522547	0.999784424717
898.23398861	3.33766038473e+15	-3.05172641286e+13	0.000215495811214	0.999784527406
898.045413111	3.33836124124e+15	-3.05236722771e+13	0.000215393127263	0.999784630068
897.856837613	3.33906239214e+15	-3.05300831173e+13	0.000215290470693	0.999784732703
897.668262114	3.33976383763e+15	-3.05364966511e+13	0.0002151878415	0.99978483531
897.479686616	3.3404655779e+15	-3.054291288e+13	0.000215085239685	0.999784937889
897.291111117	3.34116761311e+15	-3.05493318058e+13	0.000214982665245	0.999785040442
897.102535619	3.34186994348e+15	-3.05557534302e+13	0.000214880118179	0.999785142967
896.91396012	3.34257256917e+15	-3.05621777549e+13	0.000214777598486	0.999785245465
896.725384622	3.34327549037e+15	-3.05686047816e+13	0.000214675106163	0.999785347935
896.536809123	3.34397870728e+15	-3.05750345119e+13	0.00021457264121	0.999785450378
896.348233625	3.34468222007e+15	-3.05814669477e+13	0.000214470203624	0.999785552793
896.159658126	3.34538602895e+15	-3.05879020906e+13	0.000214367793404	0.999785655182
895.971082628	3.34609013408e+15	-3.05943399422e+13	0.000214265410549	0.999785757543
895.782507129	3.34679453566e+15	-3.06007805045e+13	0.000214163055057	0.999785859876
895.593931631	3.34749923388e+15	-3.06072237789e+13	0.000214060726927	0.999785962182
895.405356132	3.34820422892e+15	-3.06136697673e+13	0.000213958426156	0.999786064461
895.216780634	3.34890952097e+15	-3.06201184714e+13	0.000213856152744	0.999786166713
895.028205135	3.34961511023e+15	-3.06265698928e+13	0.000213753906689	0.999786268937
894.839629637	3.35032099687e+15	-3.06330240334e+13	0.000213651687988	0.999786371134
894.651054138	3.35102718108e+15	-3.06394808947e+13	0.000213549496642	0.999786473303
894.46247864	3.35173366306e+15	-3.06459404787e+13	0.000213447332648	0.999786575446
894.273903141	3.35244044299e+15	-3.06524027868e+13	0.000213345196004	0.99978667756
894.085327643	3.35314752106e+15	-3.0658867821e+13	0.000213243086709	0.999786779648
893.896752144	3.35385489746e+15	-3.06653355829e+13	0.000213141004762	0.999786881708
893.708176646	3.35456257237e+15	-3.06718060742e+13	0.00021303895016	0.999786983741
893.519601147	3.355270546e+15	-3.06782792967e+13	0.000212936922903	0.999787085747
893.331025649	3.35597881852e+15	-3.06847552521e+13	0.000212834922989	0.999787187725
894.331025649	3.35222631668e+15	-3.06504449635e+13	0.000213376131925	0.999786646631
894.634055952	3.35109085112e+15	-3.06400630497e+13	0.000213540286463	0.999786482512
894.937086255	3.34995615451e+15	-3.06296881665e+13	0.000213704511631	0.999786318322
895.240116558	3.34882222607e+15	-3.0619320307e+13	0.000213868807436	0.999786154061
895.543146861	3.34768906502e+15	-3.06089594639e+13	0.000214033173884	0.99978598973
895.846177164	3.34655667058e+15	-3.05986056302e+13	0.000214197610982	0.999785825328
896.149207467	3.34542504197e+15	-3.05882587987e+13	0.000214362118736	0.999785660855
896.45223777	3.34429417841e+15	-3.05779189624e+13	0.000214526697153	0.999785496312
896.755268073	3.34316407914e+15	-3.05675861141e+13	0.000214691346238	0.999785331698
897.058298376	3.34203474337e+15	-3.05572602468e+13	0.000214856065999	0.999785167014
897.361328679	3.34090617033e+15	-3.05469413533e+13	0.000215020856441	0.999785002259
897.664358982	3.33977835925e+15	-3.05366294267e+13	0.000215185717572	0.999784837433
897.967389285	3.33865130936e+15	-3.05263244599e+13	0.000215350649398	0.999784672537
898.270419588	3.33752501989e+15	-3.05160264458e+13	0.000215515651925	0.99978450757
898.573449891	3.33639949006e+15	-3.05057353774e+13	0.00021568072516	0.999784342532
898.876480194	3.33527471912e+15	-3.04954512477e+13	0.000215845869108	0.999784177424
899.179510497	3.33415070628e+15	-3.04851740496e+13	0.000216011083777	0.999784012245
899.4825408	3.3330274508e+15	-3.04749037762e+13	0.000216176369458	0.999783846995
899.785571103	3.33190495189e+15	-3.04646404205e+13	0.000216341726501	0.999783681674
900.088601406	3.3307832088e+15	-3.04543839754e+13	0.000216507153443	0.999783516283
900.391631709	3.32966222077e+15	-3.0444134434e+13	0.00021667265188	0.99978335082
900.694662012	3.32854198703e+15	-3.04338917893e+13	0.000216838221334	0.999783185286
900.997692316	3.32742250682e+15	-3.04236560344e+13	0.000217003861861	0.999783019682
901.300722619	3.32630377938e+15	-3.04134271624e+13	0.000217169572088	0.999782854008
901.603752922	3.32518580395e+15	-3.04032051662e+13	0.000217335354677	0.999782688261
901.906783225	3.32406857977e+15	-3.03929900389e+13	0.000217501206721	0.999782522445
902.209813528	3.32295210609e+15	-3.03827817737e+13	0.000217667131655	0.999782356556
902.512843831	3.32183638216e+15	-3.03725803635e+13	0.000217833125814	0.999782190598
902.815874134	3.3207214072e+15	-3.03623858016e+13	0.000217999193646	0.999782024566
903.118904437	3.31960718049e+15	-3.0352198081e+13	0.000218165330621	0.999781858466
903.42193474	3.31849370124e+15	-3.03420171949e+13	0.000218331542676	0.99978169229
903.724965043	3.31738096873e+15	-3.03318431363e+13	0.000218497824654	0.999781526044
904.027995346	3.31626898219e+15	-3.03216758984e+13	0.000218664185612	0.99978135972
904.331025649	3.31515774088e+15	-3.03115154743e+13	0.000218830621845	0.99978119332
904.634055952	3.31404724405e+15	-3.03013618572e+13	0.000218997149265	0.999781026829
904.937086255	3.31293749094e+15	-3.02912150403e+13	0.000219163765476	0.999780860249
905.240116558	3.31182848082e+15	-3.02810750166e+13	0.000219330485669	0.999780693566
905.543146861	3.31072021294e+15	-3.02709417795e+13	0.000219497289404	0.999780526798
905.846177164	3.30961268654e+15	-3.02608153221e+13	0.000219664175903	0.999780359949
906.149207467	3.3085059009e+15	-3.02506956375e+13	0.000219831122388	0.999780193039
906.45223777	3.30739985526e+15	-3.02405827191e+13	0.000219998122935	0.999780026075
906.755268073	3.30629454888e+15	-3.023047656e+13	0.000220165164293	0.99977985907
907.058298376	3.30518998103e+15	-3.02203771534e+13	0.000220332308709	0.999779691963
907.361328679	3.30408615095e+15	-3.02102844925e+13	0.000220499518054	0.99977952479
907.664358982	3.30298305792e+15	-3.02001985707e+13	0.000220666853577	0.999779357492
907.967389285	3.3018807012e+15	-3.01901193812e+13	0.000220834470364	0.999779189912
908.270419588	3.30077908004e+15	-3.01800469172e+13	0.000225685326543	0.999774340138
908.573449891	3.29967819372e+15	-3.0169981172e+13	0.00022769499546	0.999772330925
908.876480194	3.29857804149e+15	-3.01599221388e+13	0.000228263694415	0.999771762356
909.179510497	3.29747862263e+15	-3.01498698111e+13	0.000228890887637	0.999771135306
909.4825408	3.2963799364e+15	-3.0139824182e+13	0.00022959900791	0.999770427348
909.785571103	3.29528198207e+15	-3.01297852448e+13	0.000230422503058	0.999769604042
910.088601406	3.2941847589e+15	-3.0119752993e+13	0.000231414740814	0.999768612034
910.391631709	3.29308826617e+15	-3.01097274198e+13	0.000232658534569	0.999767368528
910.694662012	3.29199250315e+15	-3.00997085185e+13	0.000234283015823	0.999765744426
910.997692316	3.2908974691e+15	-3.00896962825e+13	0.000236491012363	0.999763536949
911.300722619	3.28980316331e+15	-3.00796907051e+13	0.000239606705308	0.999760421998
911.603752922	3.28870958505e+15	-3.00696917798e+13	0.000244167508401	0.999755862298
911.906783225	3.28761673359e+15	-3.00596994998e+13	0.000251133037464	0.999748898494
912.209813528	3.2865246082e+15	-3.00497138586e+13	0.000262437720805	0.999737596713
912.512843831	3.28543320817e+15	-3.00397348494e+13	0.000282511914169	0.999717527989
912.815874134	3.28434253276e+15	-3.00297624658e+13	0.00032169092295	0.999678360814
913.118904437	3.28325258127e+15	-3.00197967012e+13	0.000400994418557	0.999599085969
913.42193474	3.28216335297e+15	-3.00098375489e+13	0.000550969079842	0.999449182676
913.724965043	3.28107484713e+15	-2.99998850023e+13	0.000789565814141	0.999210745811
914.027995346	3.27998706305e+15	-2.99899390549e+13	0.00107750798446	0.998923072319
914.331025649	3.2789e+15	-2.99799997002e+13	0.00129613293314	0.998704706684
914.634055952	3.27781365727e+15	-2.99700669315e+13	0.00130912093689	0.998691735588
914.937086255	3.27672803413e+15	-2.99601407424e+13	0.00108052682307	0.998920056736
915.240116558	3.27564312989e+15	-2.99502211263e+13	0.000717969373944	0.999282288304
915.543146861	3.27455894381e+15	-2.99403080766e+13	0.000380772871738	0.999619299613
915.846177164	3.2734754752e+15	-2.99304015869e+13	0.000160353520514	0.999839659335
916.149207467	3.27239272333e+15	-2.99205016507e+13	5.34483503793e-05	0.999946553078
916.45223777	3.2713106875e+15	-2.99106082614e+13	1.40751816365e-05	0.999985924917
916.755268073	3.270229367e+15	-2.99007214125e+13	2.93004408955e-06	0.99999706996
917.058298376	3.26914876111e+15	-2.98908410976e+13	4.87169550626e-07	0.999999512831
917.361328679	3.26806886913e+15	-2.98809673102e+13	6.94222312429e-08	0.999999930578
917.664358982	3.26698969035e+15	-2.98711000439e+13	1.28752146887e-08	0.999999987125
917.967389285	3.26591122407e+15	-2.98612392921e+13	6.05841461518e-09	0.999999993942
918.270419588	3.26483346958e+15	-2.98513850484e+13	4.76336246296e-09	0.999999995237
918.573449891	3.26375642618e+15	-2.98415373064e+13	4.09386952783e-09	0.999999995906
918.876480194	3.26268009316e+15	-2.98316960596e+13	3.58881627977e-09	0.999999996411
919.179510497	3.26160446981e+15	-2.98218613017e+13	3.18372248558e-09	0.999999996816
919.4825408	3.26052955545e+15	-2.98120330261e+13	2.85185376278e-09	0.999999997148
919.785571103	3.25945534936e+15	-2.98022112266e+13	2.57575011797e-09	0.999999997424
920.088601406	3.25838185085e+15	-2.97923958967e+13	2.34298290479e-09	0.999999997657
920.391631709	3.25730905922e+15	-2.97825870299e+13	2.14658994779e-09	0.999999997853
920.694662012	3.25623697377e+15	-2.97727846201e+13	1.97581017255e-09	0.999999998024
920.997692316	3.25516559381e+15	-2.97629886606e+13	1.82750581063e-09	0.999999998172
921.300722619	3.25409491863e+15	-2.97531991453e+13	1.69770746408e-09	0.999999998302
921.603752922	3.25302494754e+15	-2.97434160677e+13	1.5833108176e-09	0.999999998417
921.906783225	3.25195567985e+15	-2.97336394214e+13	1.48138047571e-09	0.999999998519
922.209813528	3.25088711487e+15	-2.97238692002e+13	1.39225609058e-09	0.999999998608
922.512843831	3.24981925189e+15	-2.97141053978e+13	1.311161606e-09	0.999999998689
922.815874134	3.24875209024e+15	-2.97043480077e+13	1.23811750195e-09	0.999999998762
923.118904437	3.24768562922e+15	-2.96945970237e+13	1.17209442768e-09	0.999999998828
923.42193474	3.24661986814e+15	-2.96848524395e+13	1.11219773568e-09	0.999999998888
923.724965043	3.24555480631e+15	-2.96751142487e+13	1.0573575409e-09	0.999999998943
924.027995346	3.24449044304e+15	-2.96653824451e+13	1.00652601323e-09	0.999999998993
924.331025649	3.24342677765e+15	-2.96556570224e+13	9.61341050709e-10	0.999999999039
