912.0	3.28728070175e+15	-3.00777252201e+13	0.000242771258639	0.999757258208
911.817907451	3.28793718077e+15	-3.00837318248e+13	0.000240590487779	0.999759438452
911.635814903	3.28859392204e+15	-3.0089740829e+13	0.000238839340374	0.999761189179
911.453722354	3.28925092571e+15	-3.00957522342e+13	0.000237414773685	0.999762613407
911.271629806	3.28990819196e+15	-3.01017660418e+13	0.000236240402097	0.9997637875
911.089537257	3.29056572093e+15	-3.01077822533e+13	0.000235258752787	0.999764768918
910.907444709	3.29122351279e+15	-3.01138008701e+13	0.000234426326377	0.999765601149
910.72535216	3.29188156768e+15	-3.01198218937e+13	0.000233709918973	0.999766317389
910.543259612	3.29253988578e+15	-3.01258453254e+13	0.000233084126614	0.999766943035
910.361167063	3.29319846723e+15	-3.01318711668e+13	0.000232529560321	0.999767497473
910.179074515	3.2938573122e+15	-3.01378994193e+13	0.000232031231151	0.999767995686
909.996981966	3.29451642084e+15	-3.01439300843e+13	0.000231577702975	0.999768449109
909.814889418	3.29517579331e+15	-3.01499631633e+13	0.000231160164348	0.999768866551
909.632796869	3.29583542977e+15	-3.01559986578e+13	0.000230771830665	0.999769254795
909.450704321	3.29649533037e+15	-3.01620365691e+13	0.000230407449439	0.999769619092
909.268611772	3.29715549529e+15	-3.01680768988e+13	0.000230062946736	0.999769963516
909.086519224	3.29781592467e+15	-3.01741196482e+13	0.000229735168961	0.999770291218
908.904426675	3.29847661868e+15	-3.01801648189e+13	0.000227844359034	0.999772181596
908.722334127	3.29913757747e+15	-3.01862124123e+13	0.000223096785528	0.999776928099
908.540241578	3.2997988012e+15	-3.01922624298e+13	0.00022299223237	0.999777032629
908.35814903	3.30046029003e+15	-3.0198314873e+13	0.000222890440084	0.999777134398
908.176056481	3.30112204413e+15	-3.02043697432e+13	0.000222788818412	0.999777235997
907.993963933	3.30178406365e+15	-3.0210427042e+13	0.000222687284296	0.999777337509
907.811871384	3.30244634874e+15	-3.02164867707e+13	0.000222585801818	0.999777438969
907.629778836	3.30310889958e+15	-3.0222548931e+13	0.000222484367231	0.999777540381
907.447686287	3.30377171632e+15	-3.02286135241e+13	0.000222382998217	0.999777641727
907.265593739	3.30443479913e+15	-3.02346805516e+13	0.000222281616947	0.999777743086
907.08350119	3.30509814815e+15	-3.0240750015e+13	0.000222180289595	0.999777844391
906.901408642	3.30576176355e+15	-3.02468219157e+13	0.000222078948484	0.999777945709
906.719316093	3.3064256455e+15	-3.02528962552e+13	0.000221977647659	0.999778046988
906.537223545	3.30708979415e+15	-3.02589730349e+13	0.000221876336092	0.999778148277
906.355130996	3.30775420966e+15	-3.02650522564e+13	0.000221775061192	0.999778249529
906.173038448	3.3084188922e+15	-3.02711339211e+13	0.000221673789376	0.999778350778
905.990945899	3.30908384192e+15	-3.02772180304e+13	0.000221572563137	0.999778451982
905.808853351	3.30974905899e+15	-3.02833045859e+13	0.000221471372644	0.99977855315
905.626760802	3.31041454356e+15	-3.0289393589e+13	0.000221370210839	0.99977865429
905.444668254	3.31108029581e+15	-3.02954850412e+13	0.000221269106854	0.999778755371
905.262575705	3.31174631588e+15	-3.0301578944e+13	0.000221168047209	0.999778856409
905.080483157	3.31241260395e+15	-3.03076752988e+13	0.000221067019664	0.999778957414
904.898390608	3.31307916018e+15	-3.03137741072e+13	0.000220966040981	0.99977905837
904.71629806	3.31374598471e+15	-3.03198753706e+13	0.000220865097452	0.999779159291
904.534205511	3.31441307773e+15	-3.03259790905e+13	0.000220764186156	0.99977926018
904.352112963	3.31508043939e+15	-3.03320852684e+13	0.000220663297453	0.999779361047
904.170020414	3.31574806985e+15	-3.03381939058e+13	0.000220562445036	0.999779461877
903.987927866	3.31641596927e+15	-3.03443050041e+13	0.00022046162024	0.99977956268
903.805835317	3.31708413782e+15	-3.03504185648e+13	0.000220360816597	0.999779663461
903.623742769	3.31775257566e+15	-3.03565345895e+13	0.00022026004567	0.99977976421
903.44165022	3.31842128296e+15	-3.03626530796e+13	0.00022015930115	0.999779864932
903.259557672	3.31909025987e+15	-3.03687740367e+13	0.000220058578218	0.999779965633
903.077465123	3.31975950656e+15	-3.03748974621e+13	0.00021995788622	0.999780066303
902.895372575	3.32042902319e+15	-3.03810233574e+13	0.000219857220263	0.999780166947
902.713280026	3.32109880993e+15	-3.03871517241e+13	0.000219756580286	0.999780267564
902.531187478	3.32176886693e+15	-3.03932825637e+13	0.000219655962664	0.99978036816
902.349094929	3.32243919437e+15	-3.03994158777e+13	0.000219555374635	0.999780468726
902.167002381	3.32310979241e+15	-3.04055516676e+13	0.000219454812473	0.999780569266
901.984909832	3.32378066121e+15	-3.04116899349e+13	0.000219354273321	0.999780669783
901.802817283	3.32445180093e+15	-3.0417830681e+13	0.000219253762926	0.999780770271
901.620724735	3.32512321174e+15	-3.04239739076e+13	0.000219153276048	0.999780870736
901.438632186	3.3257948938e+15	-3.0430119616e+13	0.000219052817346	0.999780971173
901.256539638	3.32646684728e+15	-3.04362678078e+13	0.000218952384438	0.999781071584
901.074447089	3.32713907234e+15	-3.04424184846e+13	0.00021885197555	0.999781171971
900.892354541	3.32781156915e+15	-3.04485716477e+13	0.000218751594267	0.99978127233
900.710261992	3.32848433787e+15	-3.04547272987e+13	0.000218651237395	0.999781372665
900.528169444	3.32915737867e+15	-3.04608854392e+13	0.000218550907704	0.999781472973
900.346076895	3.3298306917e+15	-3.04670460706e+13	0.000218450602773	0.999781573256
900.163984347	3.33050427715e+15	-3.04732091944e+13	0.000218350324647	0.999781673512
899.981891798	3.33117813516e+15	-3.04793748122e+13	0.000218250071603	0.999781773743
899.79979925	3.33185226591e+15	-3.04855429255e+13	0.000218149844494	0.999781873948
899.617706701	3.33252666957e+15	-3.04917135358e+13	0.000218049643683	0.999781974127
899.435614153	3.33320134629e+15	-3.04978866446e+13	0.000217949468627	0.999782074281
899.253521604	3.33387629625e+15	-3.05040622534e+13	0.000217849319324	0.999782174408
899.071429056	3.33455151961e+15	-3.05102403637e+13	0.000217749195773	0.99978227451
898.889336507	3.33522701654e+15	-3.05164209771e+13	0.000217649097971	0.999782374586
898.707243959	3.3359027872e+15	-3.05226040951e+13	0.000217549025919	0.999782474636
898.52515141	3.33657883176e+15	-3.05287897192e+13	0.000217448979614	0.999782574661
898.343058862	3.33725515039e+15	-3.05349778509e+13	0.000217348959056	0.99978267466
898.160966313	3.33793174324e+15	-3.05411684918e+13	0.000217248964241	0.999782774633
897.978873765	3.3386086105e+15	-3.05473616433e+13	0.000217148995171	0.99978287458
897.796781216	3.33928575233e+15	-3.05535573071e+13	0.000217049051842	0.999782974502
897.614688668	3.33996316888e+15	-3.05597554846e+13	0.000216949134253	0.999783074398
897.432596119	3.34064086034e+15	-3.05659561774e+13	0.000216849242403	0.999783174268
897.250503571	3.34131882687e+15	-3.05721593869e+13	0.000216749376291	0.999783274112
897.068411022	3.34199706863e+15	-3.05783651148e+13	0.000216649535916	0.999783373931
896.886318474	3.3426755858e+15	-3.05845733626e+13	0.000216549721275	0.999783473724
896.704225925	3.34335437854e+15	-3.05907841318e+13	0.000216449932367	0.999783573491
896.522133377	3.34403344701e+15	-3.05969974239e+13	0.000216350169191	0.999783673233
896.340040828	3.3447127914e+15	-3.06032132405e+13	0.000216250431746	0.999783772949
896.15794828	3.34539241186e+15	-3.06094315831e+13	0.00021615072003	0.999783872639
895.975855731	3.34607230856e+15	-3.06156524532e+13	0.000216051034042	0.999783972303
895.793763183	3.34675248167e+15	-3.06218758525e+13	0.00021595137378	0.999784071942
895.611670634	3.34743293137e+15	-3.06281017824e+13	0.000215851739243	0.999784171555
895.429578086	3.34811365781e+15	-3.06343302444e+13	0.00021575213043	0.999784271142
895.247485537	3.34879466118e+15	-3.06405612402e+13	0.000215652547338	0.999784370704
895.065392989	3.34947594163e+15	-3.06467947713e+13	0.000215552989968	0.99978447024
894.88330044	3.35015749934e+15	-3.06530308392e+13	0.000215453458316	0.99978456975
894.701207892	3.35083933447e+15	-3.06592694455e+13	0.000215353952382	0.999784669235
894.519115343	3.3515214472e+15	-3.06655105917e+13	0.000215254472165	0.999784768693
894.337022795	3.35220383769e+15	-3.06717542793e+13	0.000215155017663	0.999784868127
894.154930246	3.35288650612e+15	-3.067800051e+13	0.000215055588874	0.999784967534
893.972837698	3.35356945265e+15	-3.06842492853e+13	0.000214956185798	0.999785066916
894.972837698	3.34982233395e+15	-3.0649964167e+13	0.0002155023961	0.999784520823
895.275868001	3.34868849609e+15	-3.06395898585e+13	0.000215668067497	0.999784355187
895.578898304	3.34755542552e+15	-3.06292225706e+13	0.000215833810126	0.99978418948
895.881928607	3.34642312147e+15	-3.06188622961e+13	0.000215999623993	0.999784023702
896.18495891	3.34529158317e+15	-3.06085090279e+13	0.000216165509105	0.999783857853
896.487989213	3.34416080982e+15	-3.0598162759e+13	0.000216331465468	0.999783691932
896.791019516	3.34303080066e+15	-3.05878234821e+13	0.000216497493089	0.999783525941
897.094049819	3.34190155492e+15	-3.05774911903e+13	0.000216663591975	0.999783359878
897.397080122	3.34077307182e+15	-3.05671658765e+13	0.000216829762131	0.999783193744
897.700110425	3.33964535058e+15	-3.05568475335e+13	0.000216996003564	0.999783027538
898.003140728	3.33851839045e+15	-3.05465361543e+13	0.000217162316282	0.999782861262
898.306171031	3.33739219064e+15	-3.0536231732e+13	0.000217328700289	0.999782694914
898.609201334	3.33626675038e+15	-3.05259342594e+13	0.000217495155593	0.999782528495
898.912231637	3.33514206892e+15	-3.05156437295e+13	0.000217661682201	0.999782362004
899.21526194	3.33401814548e+15	-3.05053601352e+13	0.000217828280118	0.999782195443
899.518292243	3.33289497929e+15	-3.04950834697e+13	0.000217994949352	0.99978202881
899.821322546	3.3317725696e+15	-3.04848137259e+13	0.000218161689908	0.999781862106
900.124352849	3.33065091563e+15	-3.04745508968e+13	0.000218328502351	0.99978169533
900.427383152	3.32953001663e+15	-3.04642949753e+13	0.000218495387364	0.999781528481
900.730413455	3.32840987183e+15	-3.04540459547e+13	0.000218662342069	0.999781361563
901.033443758	3.32729048047e+15	-3.04438038278e+13	0.000218829369592	0.999781194572
901.336474061	3.32617184179e+15	-3.04335685877e+13	0.000218996468989	0.999781027509
901.639504364	3.32505395503e+15	-3.04233402275e+13	0.000219163640362	0.999780860374
901.942534667	3.32393681944e+15	-3.04131187403e+13	0.000219330881016	0.99978069317
902.24556497	3.32282043426e+15	-3.04029041191e+13	0.000219498196161	0.999780525892
902.548595273	3.32170479872e+15	-3.0392696357e+13	0.000219665580097	0.999780358545
902.851625576	3.32058991209e+15	-3.03824954471e+13	0.000219833039547	0.999780191122
903.154655879	3.31947577359e+15	-3.03723013825e+13	0.000220000567328	0.999780023631
903.457686182	3.31836238249e+15	-3.03621141564e+13	0.00022016817215	0.999779856063
903.760716485	3.31724973803e+15	-3.03519337617e+13	0.000220335845138	0.999779688427
904.063746789	3.31613783945e+15	-3.03417601918e+13	0.000220503597929	0.999779520711
904.366777092	3.31502668601e+15	-3.03315934396e+13	0.000220671420445	0.999779352926
904.669807395	3.31391627696e+15	-3.03214334984e+13	0.000220839330482	0.999779185053
904.972837698	3.31280661155e+15	-3.03112803614e+13	0.000221007320875	0.999779017099
905.275868001	3.31169768904e+15	-3.03011340216e+13	0.000221175422848	0.999778849035
905.578898304	3.31058950867e+15	-3.02909944722e+13	0.000221343631597	0.999778680863
905.881928607	3.30948206971e+15	-3.02808617065e+13	0.000221511976501	0.999778512555
906.18495891	3.30837537141e+15	-3.02707357177e+13	0.000221680434166	0.999778344135
906.487989213	3.30726941303e+15	-3.02606164989e+13	0.000221848951708	0.999778175655
906.791019516	3.30616419382e+15	-3.02505040433e+13	0.000222017536072	0.999778007108
907.094049819	3.30505971305e+15	-3.02403983443e+13	0.00022218615907	0.999777838522
907.397080122	3.30395596997e+15	-3.02302993949e+13	0.00022235479503	0.999777669924
907.700110425	3.30285296385e+15	-3.02202071885e+13	0.000222523565819	0.999777501191
908.003140728	3.30175069394e+15	-3.02101217183e+13	0.00022269239662	0.999777332397
908.306171031	3.30064915952e+15	-3.02000429775e+13	0.000222861424716	0.999777163407
908.609201334	3.29954835984e+15	-3.01899709595e+13	0.000223030901261	0.999776993968
908.912231637	3.29844829418e+15	-3.01799056574e+13	0.00022807455662	0.99977195145
909.21526194	3.29734896179e+15	-3.01698470647e+13	0.00022996530281	0.999770061137
909.518292243	3.29625036194e+15	-3.01597951745e+13	0.000230540183951	0.999769486388
909.821322546	3.29515249391e+15	-3.01497499802e+13	0.000231174382153	0.999768852337
910.124352849	3.29405535696e+15	-3.01397114751e+13	0.000231890688585	0.999768136196
910.427383152	3.29295895036e+15	-3.01296796525e+13	0.000232724011024	0.999767303067
910.730413455	3.29186327338e+15	-3.01196545057e+13	0.000233728504918	0.999766298807
911.033443758	3.29076832529e+15	-3.01096360282e+13	0.000234988140695	0.999765039467
911.336474061	3.28967410537e+15	-3.00996242131e+13	0.000236633867158	0.999763394128
911.639504364	3.28858061289e+15	-3.0089619054e+13	0.000238871287252	0.99976115724
911.942534667	3.28748784713e+15	-3.00796205441e+13	0.000242028992131	0.999758000295
912.24556497	3.28639580736e+15	-3.00696286768e+13	0.000246651890899	0.999753378525
912.548595273	3.28530449285e+15	-3.00596434455e+13	0.000253713577841	0.999746318605
912.851625576	3.2842139029e+15	-3.00496648436e+13	0.000265178399095	0.999734856758
913.154655879	3.28312403676e+15	-3.00396928645e+13	0.000285546109662	0.999714494655
913.457686182	3.28203489373e+15	-3.00297275016e+13	0.000325301334112	0.999674751571
913.760716485	3.28094647309e+15	-3.00197687484e+13	0.000405716441737	0.99959436585
914.063746789	3.27985877411e+15	-3.00098165981e+13	0.000557588760778	0.999442566663
914.366777092	3.27877179608e+15	-2.99998710444e+13	0.00079879312792	0.999201525822
914.669807395	3.27768553828e+15	-2.99899320806e+13	0.00108934415276	0.998911248967
914.972837698	3.2766e+15	-2.99799997002e+13	0.00130932886361	0.998691527933
915.275868001	3.27551518052e+15	-2.99700738966e+13	0.001321623705	0.998679249255
915.578898304	3.27443107913e+15	-2.99601546634e+13	0.00109041500806	0.998910179278
915.881928607	3.27334769511e+15	-2.99502419939e+13	0.000724556402576	0.999275706025
916.18495891	3.27226502776e+15	-2.99403358817e+13	0.000384400804975	0.999615673068
916.487989213	3.27118307636e+15	-2.99304363203e+13	0.000161994796058	0.999838018324
916.791019516	3.2701018402e+15	-2.99205433031e+13	5.40671096817e-05	0.999945934352
917.094049819	3.26902131858e+15	-2.99106568237e+13	1.42693766708e-05	0.999985730725
917.397080122	3.26794151078e+15	-2.99007768757e+13	2.98466005545e-06	0.999997015344
917.700110425	3.2668624161e+15	-2.98909034525e+13	5.05200466817e-07	0.9999994948
918.003140728	3.26578403384e+15	-2.98810365477e+13	7.85128874328e-08	0.999999921487
918.306171031	3.26470636328e+15	-2.98711761548e+13	1.94325814149e-08	0.999999980567
918.609201334	3.26362940372e+15	-2.98613222673e+13	1.14105437959e-08	0.999999988589
918.912231637	3.26255315446e+15	-2.9851474879e+13	9.30133186832e-09	0.999999990699
919.21526194	3.2614776148e+15	-2.98416339832e+13	8.01816990736e-09	0.999999991982
919.518292243	3.26040278403e+15	-2.98317995737e+13	7.03002810355e-09	0.99999999297
919.821322546	3.25932866146e+15	-2.98219716439e+13	6.23634690157e-09	0.999999993764
920.124352849	3.25825524639e+15	-2.98121501875e+13	5.58618278878e-09	0.999999994414
920.427383152	3.25718253811e+15	-2.98023351981e+13	5.04518599994e-09	0.999999994955
920.730413455	3.25611053593e+15	-2.97925266693e+13	4.58916555662e-09	0.999999995411
921.033443758	3.25503923915e+15	-2.97827245948e+13	4.20438873117e-09	0.999999995796
921.336474061	3.25396864707e+15	-2.97729289681e+13	3.86986578305e-09	0.99999999613
921.639504364	3.25289875901e+15	-2.97631397829e+13	3.57933268232e-09	0.999999996421
921.942534667	3.25182957426e+15	-2.97533570329e+13	3.32506700091e-09	0.999999996675
922.24556497	3.25076109214e+15	-2.97435807117e+13	3.10095596473e-09	0.999999996899
922.548595273	3.24969331194e+15	-2.97338108129e+13	2.90132987517e-09	0.999999997099
922.851625576	3.24862623298e+15	-2.97240473303e+13	2.72672449189e-09	0.999999997273
923.154655879	3.24755985458e+15	-2.97142902576e+13	2.56786897153e-09	0.999999997432
923.457686182	3.24649417603e+15	-2.97045395883e+13	2.4247902439e-09	0.999999997575
923.760716485	3.24542919665e+15	-2.96947953163e+13	2.29547169658e-09	0.999999997705
924.063746789	3.24436491575e+15	-2.96850574351e+13	2.17815220986e-09	0.999999997822
924.366777092	3.24330133265e+15	-2.96753259386e+13	2.07073714153e-09	0.999999997929
924.669807395	3.24223844666e+15	-2.96656008205e+13	1.97123196064e-09	0.999999998029
924.972837698	3.24117625709e+15	-2.96558820745e+13	1.88262180113e-09	0.999999998117
