912.0	3.28728070175e+15	-3.00566270565e+13	0.00133803594044	0.998662858831
911.811424502	3.2879605579e+15	-3.00628431921e+13	0.00130987434502	0.998690983166
911.622849003	3.2886406953e+15	-3.00690618995e+13	0.00128866190987	0.998712168058
911.434273505	3.28932111415e+15	-3.00752831801e+13	0.00127233717206	0.998728471906
911.245698006	3.29000181462e+15	-3.00815070356e+13	0.00125955742337	0.998741235486
911.057122508	3.29068279687e+15	-3.00877334677e+13	0.00124940252449	0.998751377654
910.868547009	3.29136406109e+15	-3.00939624778e+13	0.0012412176212	0.998759552371
910.679971511	3.29204560745e+15	-3.01001940676e+13	0.00123452460181	0.99876623711
910.491396012	3.29272743612e+15	-3.01064282387e+13	0.00122896878629	0.998771786087
910.302820514	3.29340954729e+15	-3.01126649927e+13	0.00122428438093	0.998776464749
910.114245015	3.29409194112e+15	-3.01189043312e+13	0.00122027096937	0.998780473259
909.925669517	3.29477461779e+15	-3.01251462559e+13	0.0012167768272	0.998783963146
909.737094018	3.29545757748e+15	-3.01313907682e+13	0.00121368683596	0.998787049384
909.54851852	3.29614082037e+15	-3.01376378699e+13	0.0012109134935	0.998789819366
909.359943021	3.29682434663e+15	-3.01438875626e+13	0.0012083902208	0.998792339589
909.171367523	3.29750815643e+15	-3.01501398478e+13	0.00120606628659	0.998794660719
908.982792024	3.29819224996e+15	-3.01563947271e+13	0.0012039029708	0.99879682143
908.794216526	3.29887662739e+15	-3.01626522023e+13	0.00120187065809	0.998798851299
908.605641027	3.29956128889e+15	-3.01689122748e+13	0.00119994663629	0.998800773012
908.417065529	3.30024623465e+15	-3.01751749464e+13	0.00119811340703	0.998802604044
908.22849003	3.30093146484e+15	-3.01814402186e+13	0.00118073420351	0.998819962589
908.039914532	3.30161697963e+15	-3.01877080931e+13	0.00116353866212	0.998837137987
907.851339033	3.30230277921e+15	-3.01939785714e+13	0.00116291274617	0.998837763175
907.662763535	3.30298886376e+15	-3.02002516552e+13	0.00116228713265	0.998838388061
907.474188036	3.30367523344e+15	-3.02065273462e+13	0.00116166176727	0.998839012701
907.285612538	3.30436188844e+15	-3.02128056459e+13	0.0011610366297	0.998839637113
907.097037039	3.30504882894e+15	-3.0219086556e+13	0.00116041172153	0.998840261296
906.908461541	3.30573605511e+15	-3.02253700781e+13	0.00115978703365	0.998840885259
906.719886042	3.30642356714e+15	-3.02316562139e+13	0.00115916256713	0.998841509002
906.531310544	3.30711136519e+15	-3.02379449649e+13	0.00115853832707	0.998842132519
906.342735045	3.30779944946e+15	-3.02442363328e+13	0.00115791430073	0.998842755823
906.154159547	3.30848782011e+15	-3.02505303193e+13	0.00115729049792	0.998843378904
905.965584048	3.30917647733e+15	-3.02568269259e+13	0.00115666690889	0.998844001772
905.77700855	3.30986542129e+15	-3.02631261543e+13	0.00115604354218	0.998844624419
905.588433051	3.31055465218e+15	-3.02694280062e+13	0.0011554203946	0.998845246847
905.399857553	3.31124417018e+15	-3.02757324831e+13	0.0011547974646	0.998845869057
905.211282054	3.31193397545e+15	-3.02820395868e+13	0.00115417475993	0.998846491044
905.022706556	3.3126240682e+15	-3.02883493188e+13	0.00115355227873	0.998847112807
904.834131057	3.31331444858e+15	-3.02946616809e+13	0.00115293001934	0.998847734349
904.645555559	3.31400511679e+15	-3.03009766746e+13	0.00115230798648	0.998848355665
904.45698006	3.314696073e+15	-3.03072943016e+13	0.00115168617728	0.998848976759
904.268404562	3.31538731739e+15	-3.03136145635e+13	0.00115106458926	0.998849597631
904.079829063	3.31607885015e+15	-3.03199374621e+13	0.00115044322526	0.998850218281
903.891253565	3.31677067145e+15	-3.03262629989e+13	0.00114982208282	0.998850838709
903.702678066	3.31746278147e+15	-3.03325911755e+13	0.00114920116009	0.998851458919
903.514102568	3.3181551804e+15	-3.03389219938e+13	0.00114858045952	0.998852078907
903.325527069	3.31884786842e+15	-3.03452554552e+13	0.00114795997945	0.998852698675
903.136951571	3.3195408457e+15	-3.03515915615e+13	0.00114733971868	0.998853318224
902.948376072	3.32023411243e+15	-3.03579303143e+13	0.00114671967925	0.998853937553
902.759800574	3.32092766879e+15	-3.03642717153e+13	0.00114609985998	0.998854556662
902.571225075	3.32162151497e+15	-3.03706157662e+13	0.00114548025995	0.998855175552
902.382649577	3.32231565113e+15	-3.03769624685e+13	0.00114486088081	0.998855794222
902.194074078	3.32301007747e+15	-3.0383311824e+13	0.00114424172164	0.998856412673
902.00549858	3.32370479417e+15	-3.03896638343e+13	0.00114362278171	0.998857030906
901.816923081	3.32439980141e+15	-3.03960185011e+13	0.00114300406233	0.998857648918
901.628347583	3.32509509937e+15	-3.04023758261e+13	0.00114238556276	0.998858266711
901.439772084	3.32579068823e+15	-3.04087358108e+13	0.00114176728243	0.998858884286
901.251196586	3.32648656818e+15	-3.04150984571e+13	0.00114114922236	0.998859501641
901.062621087	3.3271827394e+15	-3.04214637666e+13	0.00114053138197	0.998860118777
900.874045589	3.32787920207e+15	-3.04278317408e+13	0.00113991376079	0.998860735694
900.68547009	3.32857595638e+15	-3.04342023816e+13	0.00113929635962	0.998861352392
900.496894592	3.3292730025e+15	-3.04405756906e+13	0.00113867917766	0.998861968871
900.308319093	3.32997034063e+15	-3.04469516695e+13	0.00113806221555	0.998862585132
900.119743595	3.33066797094e+15	-3.04533303198e+13	0.00113744547288	0.998863201173
899.931168096	3.33136589362e+15	-3.04597116434e+13	0.00113682894939	0.998863816996
899.742592598	3.33206410885e+15	-3.04660956419e+13	0.00113621264533	0.9988644326
899.554017099	3.33276261682e+15	-3.0472482317e+13	0.00113559656079	0.998865047985
899.365441601	3.33346141771e+15	-3.04788716704e+13	0.00113498069542	0.998865663152
899.176866102	3.33416051171e+15	-3.04852637037e+13	0.00113436504931	0.9988662781
898.988290604	3.33485989899e+15	-3.04916584186e+13	0.00113374962251	0.998866892829
898.799715105	3.33555957975e+15	-3.04980558169e+13	0.00113313441487	0.99886750734
898.611139607	3.33625955417e+15	-3.05044559002e+13	0.00113251942634	0.998868121632
898.422564108	3.33695982244e+15	-3.05108586702e+13	0.00113190465688	0.998868735706
898.23398861	3.33766038473e+15	-3.05172641286e+13	0.00113129010646	0.998869349561
898.045413111	3.33836124124e+15	-3.05236722771e+13	0.00113067577503	0.998869963198
897.856837613	3.33906239214e+15	-3.05300831173e+13	0.00113006166254	0.998870576617
897.668262114	3.33976383763e+15	-3.05364966511e+13	0.00112944776896	0.998871189817
897.479686616	3.3404655779e+15	-3.054291288e+13	0.00112883409424	0.998871802799
897.291111117	3.34116761311e+15	-3.05493318058e+13	0.00112822063834	0.998872415563
897.102535619	3.34186994348e+15	-3.05557534302e+13	0.00112760740123	0.998873028109
896.91396012	3.34257256917e+15	-3.05621777549e+13	0.00112699438285	0.998873640437
896.725384622	3.34327549037e+15	-3.05686047816e+13	0.00112638158316	0.998874252546
896.536809123	3.34397870728e+15	-3.05750345119e+13	0.00112576900213	0.998874864438
896.348233625	3.34468222007e+15	-3.05814669477e+13	0.00112515663971	0.998875476112
896.159658126	3.34538602895e+15	-3.05879020906e+13	0.00112454449586	0.998876087567
895.971082628	3.34609013408e+15	-3.05943399422e+13	0.00112393257053	0.998876698805
895.782507129	3.34679453566e+15	-3.06007805045e+13	0.00112332086369	0.998877309825
895.593931631	3.34749923388e+15	-3.06072237789e+13	0.0011227093753	0.998877920627
895.405356132	3.34820422892e+15	-3.06136697673e+13	0.0011220981053	0.998878531211
895.216780634	3.34890952097e+15	-3.06201184714e+13	0.00112148705366	0.998879141578
895.028205135	3.34961511023e+15	-3.06265698928e+13	0.00112087622034	0.998879751727
894.839629637	3.35032099687e+15	-3.06330240334e+13	0.0011202656053	0.998880361658
894.651054138	3.35102718108e+15	-3.06394808947e+13	0.00111965520848	0.998880971372
894.46247864	3.35173366306e+15	-3.06459404787e+13	0.00111904502986	0.998881580868
894.273903141	3.35244044299e+15	-3.06524027868e+13	0.00111843506938	0.998882190146
894.085327643	3.35314752106e+15	-3.0658867821e+13	0.00111782532702	0.998882799207
893.896752144	3.35385489746e+15	-3.06653355829e+13	0.00111721580271	0.998883408051
893.708176646	3.35456257237e+15	-3.06718060742e+13	0.00111660649643	0.998884016677
893.519601147	3.355270546e+15	-3.06782792967e+13	0.00111599740813	0.998884625085
893.331025649	3.35597881852e+15	-3.06847552521e+13	0.00111538853777	0.998885233277
894.331025649	3.35222631668e+15	-3.06504449635e+13	0.00111861981305	0.998882005609
894.634055952	3.35109085112e+15	-3.06400630497e+13	0.00111960019806	0.99888102632
894.937086255	3.34995615451e+15	-3.06296881665e+13	0.00112058114649	0.99888004647
895.240116558	3.34882222607e+15	-3.0619320307e+13	0.00112156265851	0.998879066058
895.543146861	3.34768906502e+15	-3.06089594639e+13	0.0011225447343	0.998878085083
895.846177164	3.34655667058e+15	-3.05986056302e+13	0.00112352737403	0.998877103547
896.149207467	3.34542504197e+15	-3.05882587987e+13	0.00112451057787	0.998876121447
896.45223777	3.34429417841e+15	-3.05779189624e+13	0.001125494346	0.998875138785
896.755268073	3.34316407914e+15	-3.05675861141e+13	0.0011264786786	0.99887415556
897.058298376	3.34203474337e+15	-3.05572602468e+13	0.00112746357583	0.998873171772
897.361328679	3.34090617033e+15	-3.05469413533e+13	0.00112844903788	0.998872187421
897.664358982	3.33977835925e+15	-3.05366294267e+13	0.00112943506491	0.998871202507
897.967389285	3.33865130936e+15	-3.05263244599e+13	0.00113042165711	0.998870217029
898.270419588	3.33752501989e+15	-3.05160264458e+13	0.00113140881464	0.998869230987
898.573449891	3.33639949006e+15	-3.05057353774e+13	0.00113239653769	0.998868244381
898.876480194	3.33527471912e+15	-3.04954512477e+13	0.00113338482642	0.998867257212
899.179510497	3.33415070628e+15	-3.04851740496e+13	0.00113437368101	0.998866269478
899.4825408	3.3330274508e+15	-3.04749037762e+13	0.00113536310173	0.998865281179
899.785571103	3.33190495189e+15	-3.04646404205e+13	0.0011363530889	0.998864292316
900.088601406	3.3307832088e+15	-3.04543839754e+13	0.00113734364214	0.998863302888
900.391631709	3.32966222077e+15	-3.0444134434e+13	0.00113833476222	0.998862312895
900.694662012	3.32854198703e+15	-3.04338917893e+13	0.00113932644912	0.998861322337
900.997692316	3.32742250682e+15	-3.04236560344e+13	0.00114031870305	0.998860331213
901.300722619	3.32630377938e+15	-3.04134271624e+13	0.00114131152368	0.998859339525
901.603752922	3.32518580395e+15	-3.04032051662e+13	0.00114230491214	0.99885834727
901.906783225	3.32406857977e+15	-3.03929900389e+13	0.00114329886755	0.99885735445
902.209813528	3.32295210609e+15	-3.03827817737e+13	0.00114429339134	0.998856361063
902.512843831	3.32183638216e+15	-3.03725803635e+13	0.00114528848234	0.99885536711
902.815874134	3.3207214072e+15	-3.03623858016e+13	0.00114628414233	0.99885437259
903.118904437	3.31960718049e+15	-3.0352198081e+13	0.00114728036986	0.998853377505
903.42193474	3.31849370124e+15	-3.03420171949e+13	0.00114827716723	0.998852381851
903.724965043	3.31738096873e+15	-3.03318431363e+13	0.00114927453277	0.99885138563
904.027995346	3.31626898219e+15	-3.03216758984e+13	0.00115027246988	0.99885038884
904.331025649	3.31515774088e+15	-3.03115154743e+13	0.00115127097742	0.998849391481
904.634055952	3.31404724405e+15	-3.03013618572e+13	0.00115227006125	0.998848393547
904.937086255	3.31293749094e+15	-3.02912150403e+13	0.0011532697207	0.998847395039
905.240116558	3.31182848082e+15	-3.02810750166e+13	0.00115426996136	0.998846395952
905.543146861	3.31072021294e+15	-3.02709417795e+13	0.00115527077609	0.998845396292
905.846177164	3.30961268654e+15	-3.02608153221e+13	0.0011562721648	0.99884439606
906.149207467	3.3085059009e+15	-3.02506956375e+13	0.0011572741195	0.998843395264
906.45223777	3.30739985526e+15	-3.02405827191e+13	0.00115827663825	0.998842393905
906.755268073	3.30629454888e+15	-3.023047656e+13	0.00115927971647	0.998841391989
907.058298376	3.30518998103e+15	-3.02203771534e+13	0.00116028337661	0.998840389492
907.361328679	3.30408615095e+15	-3.02102844925e+13	0.00116128760521	0.998839386428
907.664358982	3.30298305792e+15	-3.02001985707e+13	0.00116229242436	0.998838382776
907.967389285	3.3018807012e+15	-3.01901193812e+13	0.00116329788957	0.998837378479
908.270419588	3.30077908004e+15	-3.01800469172e+13	0.00118863313515	0.998812073009
908.573449891	3.29967819372e+15	-3.0169981172e+13	0.00119962768178	0.998801091584
908.876480194	3.29857804149e+15	-3.01599221388e+13	0.00120274271344	0.998797980292
909.179510497	3.29747862263e+15	-3.01498698111e+13	0.00120616307764	0.998794564045
909.4825408	3.2963799364e+15	-3.0139824182e+13	0.00121000511436	0.998790726647
909.785571103	3.29528198207e+15	-3.01297852448e+13	0.00121444785107	0.998786289292
910.088601406	3.2941847589e+15	-3.0119752993e+13	0.00121976820247	0.998780975412
910.391631709	3.29308826617e+15	-3.01097274198e+13	0.00122639600592	0.99877435571
910.694662012	3.29199250315e+15	-3.00997085185e+13	0.00123500121774	0.998765761082
910.997692316	3.2908974691e+15	-3.00896962825e+13	0.00124663599013	0.998754140738
911.300722619	3.28980316331e+15	-3.00796907051e+13	0.00126298032889	0.998737816895
911.603752922	3.28870958505e+15	-3.00696917798e+13	0.00128681316367	0.998714014425
911.906783225	3.28761673359e+15	-3.00596994998e+13	0.00132307606845	0.998677798811
912.209813528	3.2865246082e+15	-3.00497138586e+13	0.00138168725035	0.99861926684
912.512843831	3.28543320817e+15	-3.00397348494e+13	0.00148522624642	0.998515876156
912.815874134	3.28434253276e+15	-3.00297624658e+13	0.00168660923112	0.998314812295
913.118904437	3.28325258127e+15	-3.00197967012e+13	0.00209455217381	0.99790763987
913.42193474	3.28216335297e+15	-3.00098375489e+13	0.00287027238585	0.997133842908
913.724965043	3.28107484713e+15	-2.99998850023e+13	0.00411588616297	0.995892572488
914.027995346	3.27998706305e+15	-2.99899390549e+13	0.00563934412269	0.99437652713
914.331025649	3.2789e+15	-2.99799997002e+13	0.00682432732485	0.993198905517
914.634055952	3.27781365727e+15	-2.99700669315e+13	0.0069402948919	0.993083733335
914.937086255	3.27672803413e+15	-2.99601407424e+13	0.0057689993141	0.994247609409
915.240116558	3.27564312989e+15	-2.99502211263e+13	0.00385974656686	0.996147692681
915.543146861	3.27455894381e+15	-2.99403080766e+13	0.00206035590523	0.997941765171
915.846177164	3.2734754752e+15	-2.99304015869e+13	0.000872884906188	0.999127495947
916.149207467	3.27239272333e+15	-2.99205016507e+13	0.000292513725118	0.999707529053
916.45223777	3.2713106875e+15	-2.99106082614e+13	7.7364870741e-05	0.999922638122
916.755268073	3.270229367e+15	-2.99007214125e+13	1.61258950877e-05	0.999983874235
917.058298376	3.26914876111e+15	-2.98908410976e+13	2.64788639958e-06	0.999997352117
917.361328679	3.26806886913e+15	-2.98809673102e+13	3.44068100654e-07	0.999999655932
917.664358982	3.26698969035e+15	-2.98711000439e+13	3.69339525902e-08	0.999999963066
917.967389285	3.26591122407e+15	-2.98612392921e+13	4.75215636833e-09	0.999999995248
918.270419588	3.26483346958e+15	-2.98513850484e+13	1.88531355546e-09	0.999999998115
918.573449891	3.26375642618e+15	-2.98415373064e+13	1.48165780442e-09	0.999999998518
918.876480194	3.26268009316e+15	-2.98316960596e+13	1.2917875218e-09	0.999999998708
919.179510497	3.26160446981e+15	-2.98218613017e+13	1.14569965458e-09	0.999999998854
919.4825408	3.26052955545e+15	-2.98120330261e+13	1.02626928401e-09	0.999999998974
919.785571103	3.25945534936e+15	-2.98022112266e+13	9.26914955206e-10	0.999999999073
920.088601406	3.25838185085e+15	-2.97923958967e+13	8.43155079595e-10	0.999999999157
920.391631709	3.25730905922e+15	-2.97825870299e+13	7.72484217276e-10	0.999999999228
920.694662012	3.25623697377e+15	-2.97727846201e+13	7.11029999304e-10	0.999999999289
920.997692316	3.25516559381e+15	-2.97629886606e+13	6.5766337688e-10	0.999999999342
921.300722619	3.25409491863e+15	-2.97531991453e+13	6.10955999968e-10	0.999999999389
921.603752922	3.25302494754e+15	-2.97434160677e+13	5.697908094e-10	0.99999999943
921.906783225	3.25195567985e+15	-2.97336394214e+13	5.33111514163e-10	0.999999999467
922.209813528	3.25088711487e+15	-2.97238692002e+13	5.01040414046e-10	0.999999999499
922.512843831	3.24981925189e+15	-2.97141053978e+13	4.7185877924e-10	0.999999999528
922.815874134	3.24875209024e+15	-2.97043480077e+13	4.45574023597e-10	0.999999999554
923.118904437	3.24768562922e+15	-2.96945970237e+13	4.21815745948e-10	0.999999999578
923.42193474	3.24661986814e+15	-2.96848524395e+13	4.00262015244e-10	0.9999999996
923.724965043	3.24555480631e+15	-2.96751142487e+13	3.80527828488e-10	0.999999999619
924.027995346	3.24449044304e+15	-2.96653824451e+13	3.62236112199e-10	0.999999999638
924.331025649	3.24342677765e+15	-2.96556570224e+13	3.45976350094e-10	0.999999999654
