912.0	3.28728070175e+15	-3.00090357949e+13	0.000542172272684	0.999457974676
911.79680087	3.28801329105e+15	-3.00157234802e+13	0.00043255272134	0.999567540816
911.59360174	3.28874620695e+15	-3.00224141469e+13	0.000358800685802	0.999641263675
911.39040261	3.28947944966e+15	-3.0029107797e+13	0.000311936228056	0.999688112419
911.18720348	3.2902130194e+15	-3.00358044326e+13	0.00028284836676	0.999717191631
910.98400435	3.29094691639e+15	-3.00425040556e+13	0.000264613928689	0.999735421078
910.78080522	3.29168114086e+15	-3.0049206668e+13	0.000252775114586	0.99974725683
910.57760609	3.29241569301e+15	-3.00559122719e+13	0.000244723764495	0.999755306178
910.374406961	3.29315057308e+15	-3.00626208692e+13	0.000239009282289	0.999761019278
910.171207831	3.29388578128e+15	-3.00693324619e+13	0.000234813975282	0.999765213591
909.968008701	3.29462131782e+15	-3.00760470521e+13	0.000231655626718	0.999768371203
909.764809571	3.29535718293e+15	-3.00827646417e+13	0.000229230941728	0.99977079533
909.561610441	3.29609337684e+15	-3.00894852328e+13	0.00022733765575	0.999772688183
909.358411311	3.29682989975e+15	-3.00962088274e+13	0.00022583505189	0.999774190447
909.155212181	3.2975667519e+15	-3.01029354274e+13	0.000224622476959	0.999775402749
908.952013051	3.29830393349e+15	-3.0109665035e+13	0.000223626716951	0.999776398286
908.748813921	3.29904144476e+15	-3.01163976521e+13	0.000222794005427	0.999777230811
908.545614791	3.29977928592e+15	-3.01231332807e+13	0.000222084600981	0.999777940058
908.342415661	3.30051745719e+15	-3.01298719229e+13	0.000221469030859	0.999778555492
908.139216531	3.30125595881e+15	-3.01366135807e+13	0.000220925390443	0.999779099012
907.936017401	3.30199479098e+15	-3.01433582561e+13	0.000220437373786	0.999779586921
907.732818271	3.30273395393e+15	-3.01501059512e+13	0.000219992822333	0.999780031374
907.529619141	3.30347344788e+15	-3.01568566679e+13	0.000219582658339	0.999780441448
907.326420011	3.30421327306e+15	-3.01636104083e+13	0.000219200083878	0.999780823939
907.123220882	3.30495342969e+15	-3.01703671744e+13	0.000218839991514	0.999781183952
906.920021752	3.30569391798e+15	-3.01771269683e+13	0.000218498529029	0.99978152534
906.716822622	3.30643473817e+15	-3.0183889792e+13	0.000213434777859	0.999786587998
906.513623492	3.30717589048e+15	-3.01906556475e+13	0.000212261478117	0.999787761048
906.310424362	3.30791737512e+15	-3.01974245369e+13	0.000212153469023	0.999787869034
906.107225232	3.30865919233e+15	-3.02041964622e+13	0.000212045500122	0.99978797698
905.904026102	3.30940134233e+15	-3.02109714255e+13	0.000211937565444	0.999788084892
905.700826972	3.31014382533e+15	-3.02177494287e+13	0.000211829662991	0.999788192771
905.497627842	3.31088664158e+15	-3.02245304741e+13	0.000211721791976	0.99978830062
905.294428712	3.31162979128e+15	-3.02313145635e+13	0.000211613951817	0.999788408437
905.091229582	3.31237327466e+15	-3.0238101699e+13	0.000211506143591	0.999788516222
904.888030452	3.31311709196e+15	-3.02448918828e+13	0.000211398364468	0.999788623979
904.684831322	3.31386124339e+15	-3.02516851168e+13	0.000211290616563	0.999788731704
904.481632192	3.31460572918e+15	-3.02584814032e+13	0.000211182897767	0.9997888394
904.278433062	3.31535054955e+15	-3.02652807439e+13	0.000211075210007	0.999788947065
904.075233932	3.31609570473e+15	-3.0272083141e+13	0.000210967552024	0.9997890547
903.872034803	3.31684119495e+15	-3.02788885966e+13	0.000210859925642	0.999789162304
903.668835673	3.31758702044e+15	-3.02856971128e+13	0.000210752330572	0.999789269876
903.465636543	3.31833318141e+15	-3.02925086916e+13	0.000210644766578	0.999789377417
903.262437413	3.31907967809e+15	-3.0299323335e+13	0.000210537234778	0.999789484927
903.059238283	3.31982651072e+15	-3.03061410453e+13	0.000210429734558	0.999789592404
902.856039153	3.32057367951e+15	-3.03129618243e+13	0.000210322265356	0.999789699851
902.652840023	3.3213211847e+15	-3.03197856743e+13	0.000210214827758	0.999789807266
902.449640893	3.32206902651e+15	-3.03266125972e+13	0.000210107421198	0.99978991465
902.246441763	3.32281720518e+15	-3.03334425951e+13	0.000210000045255	0.999790022003
902.043242633	3.32356572092e+15	-3.03402756702e+13	0.000209892700455	0.999790129325
901.840043503	3.32431457396e+15	-3.03471118245e+13	0.000209785386442	0.999790236617
901.636844373	3.32506376454e+15	-3.03539510601e+13	0.000209678102953	0.999790343878
901.433645243	3.32581329288e+15	-3.0360793379e+13	0.000209570850441	0.999790451108
901.230446113	3.32656315921e+15	-3.03676387834e+13	0.000209463628467	0.999790558308
901.027246983	3.32731336376e+15	-3.03744872753e+13	0.000209356437404	0.999790665476
900.824047853	3.32806390676e+15	-3.03813388569e+13	0.00020924927705	0.999790772614
900.620848724	3.32881478843e+15	-3.03881935302e+13	0.000209142147252	0.999790879721
900.417649594	3.32956600901e+15	-3.03950512973e+13	0.000209035048308	0.999790986798
900.214450464	3.33031756873e+15	-3.04019121604e+13	0.000208927980059	0.999791093844
900.011251334	3.33106946781e+15	-3.04087761214e+13	0.000208820942388	0.999791200859
899.808052204	3.33182170648e+15	-3.04156431825e+13	0.000208713935526	0.999791307844
899.604853074	3.33257428498e+15	-3.04225133459e+13	0.000208606959352	0.999791414798
899.401653944	3.33332720354e+15	-3.04293866135e+13	0.000208500013773	0.999791521721
899.198454814	3.33408046238e+15	-3.04362629876e+13	0.000208393098969	0.999791628613
898.995255684	3.33483406174e+15	-3.04431424702e+13	0.000208286214776	0.999791735475
898.792056554	3.33558800185e+15	-3.04500250635e+13	0.000208179361333	0.999791842306
898.588857424	3.33634228294e+15	-3.04569107694e+13	0.000208072538512	0.999791949107
898.385658294	3.33709690523e+15	-3.04637995902e+13	0.000207965746422	0.999792055877
898.182459164	3.33785186897e+15	-3.0470691528e+13	0.000207858984964	0.999792162616
897.979260034	3.33860717439e+15	-3.04775865849e+13	0.00020775225419	0.999792269325
897.776060904	3.3393628217e+15	-3.0484484763e+13	0.000207645554091	0.999792376003
897.572861774	3.34011881116e+15	-3.04913860644e+13	0.00020753888468	0.99979248265
897.369662645	3.34087514299e+15	-3.04982904912e+13	0.000207432245934	0.999792589267
897.166463515	3.34163181742e+15	-3.05051980456e+13	0.00020732563785	0.999792695853
896.963264385	3.34238883468e+15	-3.05121087297e+13	0.000207219060426	0.999792802408
896.760065255	3.34314619502e+15	-3.05190225456e+13	0.000207112513662	0.999792908933
896.556866125	3.34390389865e+15	-3.05259394955e+13	0.000207005997554	0.999793015427
896.353666995	3.34466194583e+15	-3.05328595814e+13	0.000206899512101	0.99979312189
896.150467865	3.34542033677e+15	-3.05397828056e+13	0.000206793057301	0.999793228323
895.947268735	3.34617907171e+15	-3.05467091701e+13	0.000206686633152	0.999793334725
895.744069605	3.3469381509e+15	-3.0553638677e+13	0.000206580239653	0.999793441097
895.540870475	3.34769757455e+15	-3.05605713287e+13	0.000206473876801	0.999793547437
895.337671345	3.34845734291e+15	-3.0567507127e+13	0.000206367544595	0.999793653748
895.134472215	3.34921745621e+15	-3.05744460743e+13	0.000206261243032	0.999793760027
894.931273085	3.34997791469e+15	-3.05813881726e+13	0.000206154972111	0.999793866276
894.728073955	3.35073871858e+15	-3.05883334242e+13	0.000206048731831	0.999793972495
894.524874825	3.35149986811e+15	-3.05952818311e+13	0.000205942522188	0.999794078683
894.321675695	3.35226136353e+15	-3.06022333955e+13	0.000205836343181	0.99979418484
894.118476566	3.35302320506e+15	-3.06091881195e+13	0.000205730194809	0.999794290966
893.915277436	3.35378539295e+15	-3.06161460053e+13	0.000205624077069	0.999794397062
893.712078306	3.35454792743e+15	-3.06231070551e+13	0.000205517989959	0.999794503127
893.508879176	3.35531080874e+15	-3.06300712711e+13	0.000205411933478	0.999794609162
893.305680046	3.3560740371e+15	-3.06370386553e+13	0.000205305907624	0.999794715166
893.102480916	3.35683761277e+15	-3.06440092099e+13	0.000205199912395	0.99979482114
892.899281786	3.35760153598e+15	-3.06509829372e+13	0.000205093947789	0.999794927083
892.696082656	3.35836580696e+15	-3.06579598393e+13	0.000204988013804	0.999795032995
892.492883526	3.35913042595e+15	-3.06649399183e+13	0.000204882110438	0.999795138876
892.289684396	3.3598953932e+15	-3.06719231764e+13	0.00020477623769	0.999795244728
892.086485266	3.36066070893e+15	-3.06789096158e+13	0.000204670395557	0.999795350548
891.883286136	3.36142637339e+15	-3.06858992386e+13	0.000204564584037	0.999795456338
892.883286136	3.35766168608e+15	-3.06515320374e+13	0.000205085607652	0.999794935421
893.186316439	3.35652253603e+15	-3.0641132927e+13	0.000205243640001	0.999794777421
893.489346742	3.35538415867e+15	-3.06307408704e+13	0.000205401740456	0.999794619353
893.792377045	3.35424655322e+15	-3.06203558604e+13	0.000205559909023	0.999794461217
894.095407348	3.3531097189e+15	-3.06099778898e+13	0.00020571814571	0.999794303013
894.398437651	3.35197365491e+15	-3.05996069516e+13	0.000205876450521	0.999794144741
894.701467954	3.35083836048e+15	-3.05892430385e+13	0.000206034823464	0.9997939864
895.004498257	3.34970383483e+15	-3.05788861434e+13	0.000206193264544	0.999793827992
895.30752856	3.34857007717e+15	-3.05685362592e+13	0.000206351773767	0.999793669515
895.610558864	3.34743708672e+15	-3.05581933788e+13	0.000206510351141	0.999793510971
895.913589167	3.34630486271e+15	-3.05478574951e+13	0.000206668996671	0.999793352358
896.21661947	3.34517340437e+15	-3.05375286009e+13	0.000206827710363	0.999793193677
896.519649773	3.3440427109e+15	-3.05272066893e+13	0.000206986492224	0.999793034928
896.822680076	3.34291278154e+15	-3.0516891753e+13	0.00020714534226	0.999792876111
897.125710379	3.34178361551e+15	-3.05065837851e+13	0.000207304260476	0.999792717226
897.428740682	3.34065521205e+15	-3.04962827784e+13	0.00020746324688	0.999792558272
897.731770985	3.33952757037e+15	-3.0485988726e+13	0.000207622301478	0.999792399251
898.034801288	3.33840068971e+15	-3.04757016208e+13	0.000207781424297	0.999792240161
898.337831591	3.33727456929e+15	-3.04654214557e+13	0.000207940615331	0.999792081003
898.640861894	3.33614920835e+15	-3.04551482238e+13	0.000208099874593	0.999791921777
898.943892197	3.33502460612e+15	-3.0444881918e+13	0.00020825920209	0.999791762482
899.2469225	3.33390076183e+15	-3.04346225314e+13	0.000208418597833	0.99979160312
899.549952803	3.33277767472e+15	-3.04243700568e+13	0.000208578061739	0.999791443689
899.852983106	3.33165534402e+15	-3.04141244875e+13	0.000208737593983	0.99979128419
900.156013409	3.33053376897e+15	-3.04038858163e+13	0.000208897194502	0.999791124623
900.459043712	3.3294129488e+15	-3.03936540363e+13	0.000209056863167	0.999790964988
900.762074015	3.32829288276e+15	-3.03834291405e+13	0.000209216600252	0.999790805284
901.065104318	3.32717357007e+15	-3.03732111221e+13	0.000209376405476	0.999790645512
901.368134621	3.32605500999e+15	-3.03629999741e+13	0.000209536279192	0.999790485672
901.671164924	3.32493720175e+15	-3.03527956895e+13	0.000209696221051	0.999790325764
901.974195227	3.32382014459e+15	-3.03425982614e+13	0.000209856231522	0.999790165787
902.27722553	3.32270383777e+15	-3.0332407683e+13	0.000210016310204	0.999790005742
902.580255833	3.32158828052e+15	-3.03222239473e+13	0.000210176457807	0.999789845628
902.883286136	3.32047347208e+15	-3.03120470474e+13	0.000210336674038	0.999789685445
903.186316439	3.31935941171e+15	-3.03018769765e+13	0.00021049696014	0.999789525193
903.489346742	3.31824609865e+15	-3.02917137276e+13	0.00021065731594	0.999789364871
903.792377045	3.31713353215e+15	-3.0281557294e+13	0.000210817742665	0.999789204478
904.095407348	3.31602171146e+15	-3.02714076688e+13	0.000210978238762	0.999789044016
904.398437651	3.31491063583e+15	-3.02612648451e+13	0.000211138804189	0.999788883484
904.701467954	3.31380030451e+15	-3.0251128816e+13	0.000211299437139	0.999788722885
905.004498257	3.31269071676e+15	-3.02409995749e+13	0.00021146013711	0.999788562219
905.30752856	3.31158187182e+15	-3.02308771147e+13	0.000211620903044	0.999788401487
905.610558864	3.31047376895e+15	-3.02207614289e+13	0.000211781739819	0.999788240684
905.913589167	3.30936640741e+15	-3.02106525104e+13	0.000211942644272	0.999788079814
906.21661947	3.30825978645e+15	-3.02005503526e+13	0.000212103621803	0.999787918871
906.519649773	3.30715390533e+15	-3.01904549487e+13	0.000212264682122	0.999787757844
906.822680076	3.3060487633e+15	-3.01803662919e+13	0.000216587558829	0.999783435895
907.125710379	3.30494435964e+15	-3.01702843755e+13	0.000218844283831	0.999781179661
907.428740682	3.30384069359e+15	-3.01602091926e+13	0.000219389632503	0.999780634432
907.731770985	3.30273776443e+15	-3.01501407365e+13	0.000219990626875	0.999780033569
908.034801288	3.3016355714e+15	-3.01400790006e+13	0.000220668522389	0.999779355823
908.337831591	3.30053411378e+15	-3.01300239781e+13	0.000221456044618	0.999778568475
908.640861894	3.29943339082e+15	-3.01199756622e+13	0.000222403849475	0.99977762088
908.943892197	3.29833340181e+15	-3.01099340463e+13	0.000223590613528	0.999776434381
909.2469225	3.29723414599e+15	-3.00998991237e+13	0.000225139046935	0.999774886295
909.549952803	3.29613562264e+15	-3.00898708876e+13	0.000227242001321	0.999772783816
909.852983106	3.29503783102e+15	-3.00798493314e+13	0.000230207674972	0.999769818821
910.156013409	3.29394077041e+15	-3.00698344485e+13	0.000234546507491	0.999765480996
910.459043712	3.29284444007e+15	-3.00598262321e+13	0.000241168025019	0.999758861054
910.762074015	3.29174883928e+15	-3.00498246756e+13	0.000251902918382	0.999748128806
911.065104318	3.29065396731e+15	-3.00398297723e+13	0.000270925282063	0.999729111415
911.368134621	3.28955982343e+15	-3.00298415157e+13	0.000308028491025	0.999692018945
911.671164924	3.28846640691e+15	-3.00198598991e+13	0.000383247984845	0.999616825445
911.974195227	3.28737371703e+15	-3.00098849158e+13	0.000526045207452	0.99947409313
912.27722553	3.28628175307e+15	-2.99999165593e+13	0.000754417716529	0.999245866785
912.580255833	3.2851905143e+15	-2.9989954823e+13	0.00103180523711	0.998968726891
912.883286136	3.2841e+15	-2.99799997002e+13	0.00124448433469	0.998756289715
913.186316439	3.28301020945e+15	-2.99700511844e+13	0.0012601216564	0.998740671964
913.489346742	3.28192114193e+15	-2.9960109269e+13	0.00104212656879	0.998958416257
913.792377045	3.28083279672e+15	-2.99501739475e+13	0.000693297359041	0.999306942916
914.095407348	3.2797451731e+15	-2.99402452133e+13	0.000367824627958	0.999632243011
914.398437651	3.27865827035e+15	-2.99303230597e+13	0.000154815465984	0.999845196517
914.701467954	3.27757208776e+15	-2.99204074804e+13	5.15207256793e-05	0.999948480601
915.004498257	3.27648662461e+15	-2.99104984688e+13	1.35264482763e-05	0.999986473643
915.30752856	3.27540188019e+15	-2.99005960183e+13	2.79817787272e-06	0.999997201826
915.610558864	3.27431785378e+15	-2.98907001224e+13	4.56113087146e-07	0.999999543887
915.913589167	3.27323454468e+15	-2.98808107746e+13	5.87833970045e-08	0.999999941217
916.21661947	3.27215195216e+15	-2.98709279685e+13	6.36429199213e-09	0.999999993636
916.519649773	3.27107007552e+15	-2.98610516975e+13	8.96321409744e-10	0.999999999104
916.822680076	3.26998891405e+15	-2.98511819551e+13	4.00228206407e-10	0.9999999996
917.125710379	3.26890846704e+15	-2.98413187349e+13	3.21458267092e-10	0.999999999679
917.428740682	3.26782873379e+15	-2.98314620305e+13	2.80685554149e-10	0.999999999719
917.731770985	3.26674971357e+15	-2.98216118353e+13	2.48976717075e-10	0.999999999751
918.034801288	3.2656714057e+15	-2.98117681429e+13	2.230366218e-10	0.999999999777
918.337831591	3.26459380946e+15	-2.9801930947e+13	2.01451129632e-10	0.999999999799
918.640861894	3.26351692414e+15	-2.97921002409e+13	1.83254413671e-10	0.999999999817
918.943892197	3.26244074906e+15	-2.97822760184e+13	1.67900571924e-10	0.999999999832
919.2469225	3.26136528349e+15	-2.97724582731e+13	1.54549046904e-10	0.999999999845
919.549952803	3.26029052675e+15	-2.97626469984e+13	1.42952873561e-10	0.999999999857
919.852983106	3.25921647813e+15	-2.97528421881e+13	1.32804023435e-10	0.999999999867
920.156013409	3.25814313694e+15	-2.97430438357e+13	1.23858152157e-10	0.999999999876
920.459043712	3.25707050246e+15	-2.97332519349e+13	1.15887358156e-10	0.999999999884
920.762074015	3.25599857402e+15	-2.97234664792e+13	1.08918276741e-10	0.999999999891
921.065104318	3.2549273509e+15	-2.97136874624e+13	1.02576226921e-10	0.999999999897
921.368134621	3.25385683241e+15	-2.97039148781e+13	9.68641975499e-11	0.999999999903
921.671164924	3.25278701786e+15	-2.96941487198e+13	9.17009538153e-11	0.999999999908
921.974195227	3.25171790655e+15	-2.96843889814e+13	8.70165044955e-11	0.999999999913
922.27722553	3.2506494978e+15	-2.96746356565e+13	8.27251875551e-11	0.999999999917
922.580255833	3.2495817909e+15	-2.96648887387e+13	7.87478921418e-11	0.999999999921
922.883286136	3.24851478517e+15	-2.96551482217e+13	7.52189798002e-11	0.999999999925
