912.0	3.28728070175e+15	-3.00667137885e+13	0.00131240798767	0.998688452843
911.814523908	3.28794938158e+15	-3.00728297874e+13	0.00129445581069	0.998706381636
911.629047815	3.2886183335e+15	-3.0078948275e+13	0.00128043232681	0.998720387077
911.443571723	3.28928755768e+15	-3.00850692528e+13	0.00126931159923	0.998731493636
911.258095631	3.28995705429e+15	-3.00911927222e+13	0.00126036930453	0.998740424627
911.072619538	3.29062682349e+15	-3.00973186849e+13	0.00125307869341	0.998747706082
910.887143446	3.29129686545e+15	-3.01034471424e+13	0.00124704946957	0.998753727773
910.701667354	3.29196718033e+15	-3.01095780962e+13	0.00124198887776	0.998758782071
910.516191262	3.2926377683e+15	-3.01157115477e+13	0.00123767566455	0.99876308994
910.330715169	3.29330862954e+15	-3.01218474986e+13	0.0012339418569	0.998766819136
910.145239077	3.2939797642e+15	-3.01279859503e+13	0.001230659552	0.998770097399
909.959762985	3.29465117245e+15	-3.01341269044e+13	0.00122773112438	0.998773022229
909.774286892	3.29532285446e+15	-3.01402703625e+13	0.00122508204616	0.998775668061
909.5888108	3.29599481041e+15	-3.0146416326e+13	0.00122265526403	0.998778091874
909.403334708	3.29666704044e+15	-3.01525647964e+13	0.00122040710368	0.99878033729
909.217858615	3.29733954474e+15	-3.01587157754e+13	0.0012183040695	0.998782437762
909.032382523	3.29801232348e+15	-3.01648692645e+13	0.00121632037252	0.998784419045
908.846906431	3.29868537681e+15	-3.01710252651e+13	0.00121443613321	0.998786300996
908.661430339	3.29935870491e+15	-3.01771837789e+13	0.00121263595172	0.998788098994
908.475954246	3.30003230794e+15	-3.01833448073e+13	0.00118501770893	0.998815684147
908.290478154	3.30070618608e+15	-3.01895083519e+13	0.00117801661206	0.998822676977
908.105002062	3.30138033949e+15	-3.01956744143e+13	0.0011773920813	0.998823300773
907.919525969	3.30205476834e+15	-3.0201842996e+13	0.00117676783946	0.99882392428
907.734049877	3.30272947281e+15	-3.02080140985e+13	0.00117614384157	0.998824547545
907.548573785	3.30340445305e+15	-3.02141877234e+13	0.00117552007329	0.99882517058
907.363097692	3.30407970924e+15	-3.02203638722e+13	0.00117489652832	0.998825793392
907.1776216	3.30475524155e+15	-3.02265425465e+13	0.00117427320004	0.998826415989
906.992145508	3.30543105015e+15	-3.02327237478e+13	0.00117365008995	0.998827038368
906.806669415	3.3061071352e+15	-3.02389074777e+13	0.00117302720507	0.998827660522
906.621193323	3.30678349688e+15	-3.02450937378e+13	0.00117240452797	0.99882828247
906.435717231	3.30746013535e+15	-3.02512825295e+13	0.00117178207225	0.998828904196
906.250241139	3.30813705079e+15	-3.02574738544e+13	0.00117115982462	0.998829525715
906.064765046	3.30881424337e+15	-3.02636677142e+13	0.00117053779695	0.998830147015
905.879288954	3.30949171325e+15	-3.02698641103e+13	0.00116991598487	0.9988307681
905.693812862	3.31016946061e+15	-3.02760630443e+13	0.00116929438618	0.998831388972
905.508336769	3.31084748562e+15	-3.02822645177e+13	0.00116867301152	0.998832009621
905.322860677	3.31152578844e+15	-3.02884685322e+13	0.00116805185818	0.998832630049
905.137384585	3.31220436926e+15	-3.02946750893e+13	0.00116743092386	0.998833250259
904.951908492	3.31288322823e+15	-3.03008841905e+13	0.00116681021506	0.998833870243
904.7664324	3.31356236553e+15	-3.03070958375e+13	0.00116618972787	0.998834490007
904.580956308	3.31424178134e+15	-3.03133100317e+13	0.00116556945892	0.998835109553
904.395480216	3.31492147582e+15	-3.03195267748e+13	0.00116494941221	0.998835728878
904.210004123	3.31560144914e+15	-3.03257460683e+13	0.00116432958436	0.998836347984
904.024528031	3.31628170148e+15	-3.03319679138e+13	0.00116370997285	0.998836966875
903.839051939	3.31696223301e+15	-3.03381923128e+13	0.0011630905811	0.998837585547
903.653575846	3.3176430439e+15	-3.0344419267e+13	0.00116247140683	0.998838204001
903.468099754	3.31832413432e+15	-3.03506487779e+13	0.00116185244838	0.998838822241
903.282623662	3.31900550444e+15	-3.03568808471e+13	0.00116123370861	0.998839440262
903.097147569	3.31968715444e+15	-3.03631154761e+13	0.00116061518589	0.998840058067
902.911671477	3.32036908449e+15	-3.03693526665e+13	0.00115999687896	0.998840675657
902.726195385	3.32105129476e+15	-3.037559242e+13	0.00115937879014	0.99884129303
902.540719293	3.32173378543e+15	-3.03818347381e+13	0.00115876091815	0.998841910186
902.3552432	3.32241655666e+15	-3.03880796223e+13	0.00115814326199	0.998842527127
902.169767108	3.32309960864e+15	-3.03943270743e+13	0.00115752582352	0.998843143851
901.984291016	3.32378294152e+15	-3.04005770957e+13	0.00115690860172	0.998843760359
901.798814923	3.3244665555e+15	-3.04068296879e+13	0.00115629159581	0.998844376652
901.613338831	3.32515045073e+15	-3.04130848527e+13	0.00115567480723	0.998844992728
901.427862739	3.3258346274e+15	-3.04193425916e+13	0.00115505823517	0.998845608588
901.242386646	3.32651908568e+15	-3.04256029062e+13	0.00115444187903	0.998846224233
901.056910554	3.32720382573e+15	-3.0431865798e+13	0.00115382573992	0.998846839661
900.871434462	3.32788884775e+15	-3.04381312688e+13	0.00115320981721	0.998847454874
900.685958369	3.32857415189e+15	-3.044439932e+13	0.00115259411041	0.998848069871
900.500482277	3.32925973834e+15	-3.04506699532e+13	0.00115197862038	0.998848684652
900.315006185	3.32994560726e+15	-3.04569431702e+13	0.00115136334628	0.998849299218
900.129530093	3.33063175884e+15	-3.04632189723e+13	0.00115074828876	0.998849913568
899.944054	3.33131819325e+15	-3.04694973613e+13	0.00115013344718	0.998850527703
899.758577908	3.33200491066e+15	-3.04757783388e+13	0.00114951882182	0.998851141622
899.573101816	3.33269191125e+15	-3.04820619063e+13	0.00114890441265	0.998851755325
899.387625723	3.33337919519e+15	-3.04883480655e+13	0.00114829021961	0.998852368813
899.202149631	3.33406676266e+15	-3.0494636818e+13	0.00114767624262	0.998852982086
899.016673539	3.33475461384e+15	-3.05009281653e+13	0.00114706248161	0.998853595143
898.831197446	3.33544274889e+15	-3.05072221091e+13	0.00114644893654	0.998854207985
898.645721354	3.336131168e+15	-3.05135186509e+13	0.00114583560737	0.998854820612
898.460245262	3.33681987134e+15	-3.05198177925e+13	0.00114522249405	0.998855433023
898.27476917	3.33750885909e+15	-3.05261195353e+13	0.00114460959654	0.998856045219
898.089293077	3.33819813142e+15	-3.05324238811e+13	0.0011439969148	0.9988566572
897.903816985	3.33888768851e+15	-3.05387308313e+13	0.0011433844488	0.998857268966
897.718340893	3.33957753054e+15	-3.05450403877e+13	0.00114277219849	0.998857880517
897.5328648	3.34026765768e+15	-3.05513525519e+13	0.00114216016382	0.998858491853
897.347388708	3.34095807011e+15	-3.05576673254e+13	0.00114154834476	0.998859102974
897.161912616	3.34164876801e+15	-3.056398471e+13	0.00114093674127	0.99885971388
896.976436523	3.34233975155e+15	-3.05703047071e+13	0.0011403253533	0.998860324571
896.790960431	3.34303102092e+15	-3.05766273185e+13	0.00113971418081	0.998860935047
896.605484339	3.34372257628e+15	-3.05829525457e+13	0.00113910322377	0.998861545308
896.420008246	3.34441441782e+15	-3.05892803904e+13	0.00113849248213	0.998862155355
896.234532154	3.34510654571e+15	-3.05956108541e+13	0.00113788195584	0.998862765186
896.049056062	3.34579896013e+15	-3.06019439386e+13	0.00113727164488	0.998863374803
895.86357997	3.34649166127e+15	-3.06082796455e+13	0.00113666154919	0.998863984206
895.678103877	3.34718464929e+15	-3.06146179764e+13	0.00113605166874	0.998864593394
895.492627785	3.34787792437e+15	-3.06209589328e+13	0.00113544200349	0.998865202367
895.307151693	3.3485714867e+15	-3.06273025165e+13	0.00113483255338	0.998865811126
895.1216756	3.34926533646e+15	-3.06336487291e+13	0.00113422331839	0.99886641967
894.936199508	3.34995947381e+15	-3.06399975722e+13	0.00113361429848	0.998867027999
894.750723416	3.35065389895e+15	-3.06463490475e+13	0.00113300549359	0.998867636115
894.565247323	3.35134861204e+15	-3.06527031565e+13	0.00113239690369	0.998868244016
894.379771231	3.35204361328e+15	-3.0659059901e+13	0.00113178852874	0.998868851702
894.194295139	3.35273890283e+15	-3.06654192825e+13	0.00113118036869	0.998869459175
894.008819047	3.35343448088e+15	-3.06717813027e+13	0.00113057242351	0.998870066433
893.823342954	3.3541303476e+15	-3.06781459633e+13	0.00112996469316	0.998870673477
893.637866862	3.35482650319e+15	-3.06845132659e+13	0.00112935717759	0.998871280306
894.637866862	3.3510765764e+15	-3.06502150155e+13	0.00113263515956	0.99886800603
894.940897165	3.34994188946e+15	-3.0639836739e+13	0.00113362972081	0.998867012595
895.243927468	3.34880797067e+15	-3.06294654885e+13	0.00113462485604	0.998866018587
895.546957771	3.34767481927e+15	-3.06191012566e+13	0.00113562056543	0.998865024008
895.849988074	3.34654243446e+15	-3.06087440364e+13	0.00113661684916	0.998864028855
896.153018377	3.34541081548e+15	-3.05983938206e+13	0.00113761370741	0.99886303313
896.45604868	3.34427996154e+15	-3.05880506023e+13	0.00113861114037	0.998862036831
896.759078983	3.34314987187e+15	-3.05777143743e+13	0.0011396091482	0.99886103996
897.062109286	3.3420205457e+15	-3.05673851294e+13	0.00114060773109	0.998860042515
897.365139589	3.34089198225e+15	-3.05570628608e+13	0.00114160688922	0.998859044496
897.668169892	3.33976418074e+15	-3.05467475612e+13	0.00114260662277	0.998858045904
897.971200195	3.33863714042e+15	-3.05364392236e+13	0.00114360693191	0.998857046737
898.274230498	3.33751086051e+15	-3.0526137841e+13	0.00114460781684	0.998856046997
898.577260801	3.33638534023e+15	-3.05158434064e+13	0.00114560927772	0.998855046682
898.880291104	3.33526057882e+15	-3.05055559126e+13	0.00114661131475	0.998854045793
899.183321407	3.33413657552e+15	-3.04952753528e+13	0.00114761392809	0.998853044329
899.48635171	3.33301332955e+15	-3.04850017198e+13	0.00114861711793	0.99885204229
899.789382013	3.33189084016e+15	-3.04747350068e+13	0.00114962088459	0.998851039676
900.092412316	3.33076910657e+15	-3.04644752066e+13	0.00115062522842	0.998850036487
900.395442619	3.32964812802e+15	-3.04542223124e+13	0.00115163014887	0.998849032723
900.698472923	3.32852790376e+15	-3.04439763171e+13	0.00115263564691	0.998848028382
901.001503226	3.32740843302e+15	-3.04337372138e+13	0.00115364172248	0.998847023466
901.304533529	3.32628971505e+15	-3.04235049955e+13	0.00115464837578	0.998846017974
901.607563832	3.32517174907e+15	-3.04132796554e+13	0.00115565560632	0.998845011906
901.910594135	3.32405453434e+15	-3.04030611864e+13	0.00115666341558	0.998844005262
902.213624438	3.32293807009e+15	-3.03928495816e+13	0.00115767180231	0.998842998041
902.516654741	3.32182235558e+15	-3.03826448342e+13	0.00115868076838	0.998841990243
902.819685044	3.32070739004e+15	-3.03724469372e+13	0.00115969031215	0.998840981869
903.122715347	3.31959317273e+15	-3.03622558837e+13	0.00116070043602	0.998839972916
903.42574565	3.31847970288e+15	-3.03520716669e+13	0.00116171113789	0.998838963387
903.728775953	3.31736697975e+15	-3.03418942798e+13	0.00116272242092	0.998837953279
904.031806256	3.31625500259e+15	-3.03317237156e+13	0.0011637342827	0.998836942593
904.334836559	3.31514377065e+15	-3.03215599675e+13	0.00116474672793	0.998835931326
904.637866862	3.31403328317e+15	-3.03114030285e+13	0.00116575975495	0.998834919479
904.940897165	3.31292353942e+15	-3.03012528919e+13	0.00116677337185	0.998833907044
905.243927468	3.31181453864e+15	-3.02911095508e+13	0.0011677875776	0.998832894021
905.546957771	3.31070628008e+15	-3.02809729984e+13	0.00116880237987	0.998831880404
905.849988074	3.30959876301e+15	-3.02708432279e+13	0.00116981777297	0.998830866197
906.153018377	3.30849198667e+15	-3.02607202324e+13	0.00117083374369	0.998829851415
906.45604868	3.30738595033e+15	-3.02506040052e+13	0.00117185029394	0.998828836054
906.759078983	3.30628065325e+15	-3.02404945395e+13	0.00117286741668	0.998827820123
907.062109286	3.30517609468e+15	-3.02303918286e+13	0.00117388510556	0.998826803628
907.365139589	3.30407227388e+15	-3.02202958656e+13	0.00117490339162	0.998825786537
907.668169892	3.30296919011e+15	-3.02102066438e+13	0.00117592225612	0.99882476887
907.971200195	3.30186684264e+15	-3.02001241564e+13	0.0011769417296	0.998823750595
908.274230498	3.30076523073e+15	-3.01900483967e+13	0.00117796188946	0.998822731635
908.577260801	3.29966435365e+15	-3.0179979358e+13	0.0012040192689	0.998796705271
908.880291104	3.29856421065e+15	-3.01699170335e+13	0.0012147686866	0.998785968846
909.183321407	3.297464801e+15	-3.01598614166e+13	0.00121792631158	0.99878281506
909.48635171	3.29636612398e+15	-3.01498125005e+13	0.00122139361911	0.998779351978
909.789382013	3.29526817885e+15	-3.01397702786e+13	0.00122528866058	0.998775461699
910.092412316	3.29417096487e+15	-3.01297347441e+13	0.00122979307049	0.998770962815
910.395442619	3.29307448132e+15	-3.01197058903e+13	0.00123518779067	0.99876557474
910.698472923	3.29197872747e+15	-3.01096837107e+13	0.00124190880715	0.998758862042
911.001503226	3.29088370259e+15	-3.00996681985e+13	0.00125063562486	0.998750146094
911.304533529	3.28978940595e+15	-3.00896593471e+13	0.00126243529836	0.998738361238
911.607563832	3.28869583683e+15	-3.00796571498e+13	0.00127901153696	0.99872180605
911.910594135	3.28760299451e+15	-3.00696616001e+13	0.00130318282349	0.99869766595
912.213624438	3.28651087825e+15	-3.00596726912e+13	0.00133996179875	0.998660935549
912.516654741	3.28541948733e+15	-3.00496904166e+13	0.00139941580165	0.998601562924
912.819685044	3.28432882104e+15	-3.00397147697e+13	0.00150446129337	0.998496669841
913.122715347	3.28323887864e+15	-3.00297457438e+13	0.00170878181547	0.998292677321
913.42574565	3.28214965943e+15	-3.00197833324e+13	0.0021225557441	0.997879695284
913.728775953	3.28106116268e+15	-3.0009827529e+13	0.00290891440471	0.997095312387
914.031806256	3.27997338767e+15	-2.99998783268e+13	0.00417072651323	0.995837958888
914.334836559	3.27888633368e+15	-2.99899357194e+13	0.00571284096982	0.994303446276
914.637866862	3.2778e+15	-2.99799997002e+13	0.00691121551849	0.993112612007
914.940897165	3.27671438591e+15	-2.99700702627e+13	0.00702719848313	0.992997434542
915.243927468	3.2756294907e+15	-2.99601474003e+13	0.00584084862259	0.994176175972
915.546957771	3.27454531365e+15	-2.99502311064e+13	0.00390819946765	0.996099427605
915.849988074	3.27346185406e+15	-2.99403213747e+13	0.00208679510783	0.997915380735
916.153018377	3.2723791112e+15	-2.99304181985e+13	0.000884491442523	0.999115899605
916.45604868	3.27129708437e+15	-2.99205215714e+13	0.000296595487622	0.999703448492
916.759078983	3.27021577286e+15	-2.99106314868e+13	7.85106645193e-05	0.999921492417
917.062109286	3.26913517595e+15	-2.99007479384e+13	1.63828019699e-05	0.999983617332
917.365139589	3.26805529295e+15	-2.98908709195e+13	2.69437067032e-06	0.999997305633
917.668169892	3.26697612314e+15	-2.98810004237e+13	3.51510416476e-07	0.99999964849
917.971200195	3.26589766581e+15	-2.98711364447e+13	3.85569492914e-08	0.999999961443
918.274230498	3.26481992027e+15	-2.98612789758e+13	5.58650128723e-09	0.999999994413
918.577260801	3.2637428858e+15	-2.98514280108e+13	2.54766164007e-09	0.999999997452
918.880291104	3.26266656171e+15	-2.9841583543e+13	2.05101649667e-09	0.999999997949
919.183321407	3.26159094729e+15	-2.98317455662e+13	1.79087075541e-09	0.999999998209
919.48635171	3.26051604183e+15	-2.98219140739e+13	1.58842208422e-09	0.999999998412
919.789382013	3.25944184465e+15	-2.98120890597e+13	1.42283650549e-09	0.999999998577
920.092412316	3.25836835504e+15	-2.98022705172e+13	1.28506833259e-09	0.999999998715
920.395442619	3.25729557229e+15	-2.979245844e+13	1.1689351134e-09	0.999999998831
920.698472923	3.25622349572e+15	-2.97826528217e+13	1.07094585872e-09	0.999999998929
921.001503226	3.25515212462e+15	-2.97728536559e+13	9.85744275687e-10	0.999999999014
921.304533529	3.2540814583e+15	-2.97630609363e+13	9.11750090935e-10	0.999999999088
921.607563832	3.25301149606e+15	-2.97532746565e+13	8.4699485837e-10	0.999999999153
921.910594135	3.25194223721e+15	-2.97434948102e+13	7.8991462876e-10	0.99999999921
922.213624438	3.25087368106e+15	-2.9733721391e+13	7.39066304601e-10	0.999999999261
922.516654741	3.24980582691e+15	-2.97239543926e+13	6.94597700919e-10	0.999999999305
922.819685044	3.24873867408e+15	-2.97141938087e+13	6.54141576152e-10	0.999999999346
923.122715347	3.24767222186e+15	-2.97044396329e+13	6.17696969691e-10	0.999999999382
923.42574565	3.24660646958e+15	-2.96946918589e+13	5.84761614681e-10	0.999999999415
923.728775953	3.24554141653e+15	-2.96849504805e+13	5.54879600899e-10	0.999999999445
924.031806256	3.24447706205e+15	-2.96752154913e+13	5.27520831479e-10	0.999999999472
924.334836559	3.24341340543e+15	-2.96654868851e+13	5.02168790489e-10	0.999999999498
924.637866862	3.24235044599e+15	-2.96557646556e+13	4.79611213794e-10	0.99999999952
