912.0	3.28728070175e+15	-3.99645882803e+13	0.00653543268493	0.993485876808
914.85589881	3.2770188222e+15	-3.98398311234e+13	0.0065832567692	0.993438365392
917.711797619	3.26682081213e+15	-3.97158504495e+13	0.00663128628349	0.993390652175
920.567696429	3.25668607711e+15	-3.95926390318e+13	0.00667948419996	0.993342773969
923.423595239	3.24661403007e+15	-3.94701897333e+13	0.00672790274945	0.993294678917
926.279494048	3.23660409117e+15	-3.93484955044e+13	0.0067765311525	0.993246377758
929.135392858	3.22665568769e+15	-3.92275493827e+13	0.00682535061907	0.993197889183
931.991291668	3.21676825396e+15	-3.91073444908e+13	0.00687436631856	0.993149208087
934.847190477	3.20694123119e+15	-3.89878740355e+13	0.00692337210043	0.993100539226
937.703089287	3.19717406741e+15	-3.88691313064e+13	0.0069730085749	0.99305124644
940.558988097	3.18746621737e+15	-3.87511096745e+13	0.00702266989271	0.993001931431
943.414886906	3.17781714239e+15	-3.86338025911e+13	0.007072478349	0.992952472769
946.270785716	3.16822631033e+15	-3.85172035865e+13	0.00712253583081	0.992902769313
949.126684526	3.15869319542e+15	-3.8401306269e+13	0.00717277465582	0.992852888297
951.982583335	3.14921727822e+15	-3.82861043234e+13	0.0072232095991	0.992802815081
954.838482145	3.13979804549e+15	-3.81715915104e+13	0.00727385323708	0.992752537208
957.694380955	3.13043499014e+15	-3.80577616647e+13	0.00732471135582	0.992702048965
960.550279764	3.12112761108e+15	-3.79446086946e+13	0.00737576144962	0.992651372726
963.406178574	3.11187541317e+15	-3.78321265805e+13	0.00742699527396	0.992600516703
966.262077384	3.10267790713e+15	-3.77203093741e+13	0.00747846761982	0.992549426541
969.117976193	3.09353460946e+15	-3.76091511972e+13	0.00753011252065	0.992498167748
971.973875003	3.0844450423e+15	-3.74986462404e+13	0.00758202013006	0.992446650877
974.829773813	3.07540873344e+15	-3.73887887629e+13	0.00763403255275	0.992395032665
977.685672622	3.06642521615e+15	-3.72795730904e+13	0.00768630801398	0.992343156113
980.541571432	3.05749402916e+15	-3.71709936152e+13	0.00773876733439	0.992291099831
983.397470242	3.04861471655e+15	-3.70630447944e+13	0.0077914525842	0.992238822104
986.253369051	3.03978682768e+15	-3.69557211495e+13	0.00784433278486	0.992186353703
989.109267861	3.03100991712e+15	-3.68490172652e+13	0.0078974094778	0.99213369313
991.965166671	3.02228354455e+15	-3.67429277885e+13	0.00795068212629	0.992080840948
994.82106548	3.01360727474e+15	-3.6637447428e+13	0.00800417897665	0.992027769168
997.67696429	3.00498067742e+15	-3.65325709529e+13	0.00805788284225	0.991974494872
1000.5328631	2.99640332723e+15	-3.64282931919e+13	0.00811171361114	0.99192109756
1003.38876191	2.98787480368e+15	-3.63246090328e+13	0.00816586023597	0.991867389834
1006.24466072	2.97939469101e+15	-3.62215134214e+13	0.00822010752771	0.991813585174
1009.10055953	2.9709625782e+15	-3.61190013605e+13	0.00827467606337	0.991759464835
1011.95645834	2.96257805886e+15	-3.60170679098e+13	0.008329279133	0.991705313203
1014.81235715	2.95424073119e+15	-3.5915708184e+13	0.00838427909292	0.99165077095
1017.66825596	2.94595019787e+15	-3.58149173531e+13	0.00843931607781	0.991596194984
1020.52415477	2.93770606604e+15	-3.57146906409e+13	0.00849468789881	0.991541290017
1023.38005358	2.92950794724e+15	-3.56150233248e+13	0.00855020925026	0.991486239832
1026.23595239	2.92135545732e+15	-3.55159107344e+13	0.00860591997518	0.991431004954
1029.0918512	2.91324821639e+15	-3.54173482515e+13	0.00866183534668	0.991375570271
1031.94775001	2.90518584878e+15	-3.53193313087e+13	0.0087179507511	0.991319940391
1034.80364882	2.89716798296e+15	-3.52218553892e+13	0.00877426474575	0.991264116777
1037.65954763	2.88919425149e+15	-3.51249160261e+13	0.00883078360852	0.991208093239
1040.51544644	2.88126429095e+15	-3.50285088011e+13	0.00888750605605	0.991151871085
1043.37134524	2.87337774194e+15	-3.49326293447e+13	0.0089443646496	0.991095517185
1046.22724405	2.86553424893e+15	-3.48372733348e+13	0.00900140462209	0.991038986737
1049.08314286	2.8577334603e+15	-3.47424364966e+13	0.00905883131188	0.990982076282
1051.93904167	2.84997502824e+15	-3.46481146015e+13	0.00911633651848	0.990925091292
1054.79494048	2.8422586087e+15	-3.45543034669e+13	0.00917404084648	0.990867912275
1057.65083929	2.83458386135e+15	-3.44609989553e+13	0.0092318837618	0.990810599244
1060.5067381	2.82695044952e+15	-3.43681969738e+13	0.00929003245818	0.990752986574
1063.36263691	2.81935804017e+15	-3.42758934733e+13	0.00934832451299	0.99069523523
1066.21853572	2.81180630383e+15	-3.41840844483e+13	0.00940680722514	0.99063729838
1069.07443453	2.80429491452e+15	-3.40927659359e+13	0.00946547552876	0.990579181075
1071.93033334	2.79682354977e+15	-3.40019340157e+13	0.00952433563809	0.990520877192
1074.78623215	2.78939189052e+15	-3.39115848087e+13	0.00958338622325	0.990462388082
1077.64213096	2.78199962109e+15	-3.38217144772e+13	0.00964256190005	0.990403778534
1080.49802977	2.77464642914e+15	-3.3732319224e+13	0.00970199554779	0.990344916973
1083.35392858	2.76733200564e+15	-3.36433952919e+13	0.00976166884987	0.990285821585
1086.20982739	2.76005604479e+15	-3.35549389633e+13	0.00982146555672	0.990226607525
1089.0657262	2.752818244e+15	-3.34669465596e+13	0.00988142110596	0.990167239724
1091.92162501	2.74561830385e+15	-3.33794144405e+13	0.00994125649995	0.99010799445
1094.77752382	2.73845592805e+15	-3.32923390039e+13	0.0100019343704	0.990047918628
1097.63342263	2.73133082338e+15	-3.32057166852e+13	0.0100624149313	0.989988041785
1100.48932144	2.72424269968e+15	-3.31195439566e+13	0.0101229905694	0.989928074444
1103.34522025	2.71719126977e+15	-3.3033817327e+13	0.0101837108653	0.989867967543
1106.20111906	2.71017624946e+15	-3.29485333413e+13	0.0102405614817	0.989811694539
1109.05701787	2.70319735749e+15	-3.28636885799e+13	0.0103019370777	0.989750946121
1111.91291668	2.69625431545e+15	-3.27792796586e+13	0.0103644162398	0.989689109242
1114.76881549	2.68934684784e+15	-3.26953032275e+13	0.0104271181196	0.98962705582
1117.6247143	2.68247468193e+15	-3.26117559712e+13	0.0104900429872	0.989564785628
1120.48061311	2.67563754779e+15	-3.25286346081e+13	0.0105531911128	0.98950229844
1123.33651192	2.66883517824e+15	-3.24459358898e+13	0.0106165627666	0.989439594029
1126.19241073	2.66206730879e+15	-3.23636566011e+13	0.0106801582187	0.989376672172
1129.04830953	2.65533367765e+15	-3.2281793559e+13	0.0107439777391	0.989313532642
1131.90420834	2.64863402565e+15	-3.2200343613e+13	0.0108080215978	0.989250175215
1134.76010715	2.64196809625e+15	-3.21193036441e+13	0.0108722900649	0.989186599665
1137.61600596	2.63533563547e+15	-3.20386705645e+13	0.0109367834103	0.98912280577
1140.47190477	2.62873639188e+15	-3.19584413177e+13	0.0110015019039	0.989058793303
1143.32780358	2.62217011657e+15	-3.18786128773e+13	0.0110664458156	0.988994562042
1146.18370239	2.61563656309e+15	-3.17991822475e+13	0.0111316154151	0.988930111762
1149.0396012	2.60913548746e+15	-3.17201464618e+13	0.0111970109723	0.988865442241
1151.89550001	2.60266664812e+15	-3.16415025837e+13	0.0112626327569	0.988800553255
1154.75139882	2.59622980588e+15	-3.15632477051e+13	0.0113284810388	0.988735444581
1157.60729763	2.58982472392e+15	-3.14853789472e+13	0.0113945560875	0.988670115997
1160.46319644	2.58345116777e+15	-3.14078934592e+13	0.0114608581727	0.98860456728
1163.31909525	2.57710890523e+15	-3.13307884183e+13	0.0115273875641	0.988538798207
1166.17499406	2.57079770641e+15	-3.12540610295e+13	0.0115941445313	0.988472808558
1169.03089287	2.56451734363e+15	-3.1177708525e+13	0.0116611293438	0.98840659811
1171.88679168	2.55826759145e+15	-3.11017281639e+13	0.0117283422711	0.988340166642
1174.74269049	2.55204822662e+15	-3.10261172323e+13	0.0117957835829	0.988273513932
1177.5985893	2.54585902806e+15	-3.09508730422e+13	0.0118634535486	0.98820663976
1180.45448811	2.53969977682e+15	-3.08759929318e+13	0.0119313524377	0.988139543905
1183.31038692	2.53357025607e+15	-3.08014742651e+13	0.0119994805196	0.988072226146
1186.16628573	2.52747025107e+15	-3.07273144314e+13	0.0120678380637	0.988004686264
1189.02218454	2.52139954913e+15	-3.06535108449e+13	0.0121364253401	0.987936924037
1191.87808335	2.51535793961e+15	-3.0580060945e+13	0.0122052426169	0.987868939247
1194.73398216	2.50934521389e+15	-3.05069621951e+13	0.0122742901641	0.987800731675
1195.73398216	2.50724663239e+15	-3.04814490267e+13	0.0122986052059	0.987776713551
1196.03701246	2.50661139143e+15	-3.04737261864e+13	0.0123063893612	0.987769024574
1196.34004276	2.50597647227e+15	-3.04660072585e+13	0.0123142325268	0.987761277368
1196.64307307	2.50534187468e+15	-3.04582922399e+13	0.0123220878148	0.987753518249
1196.94610337	2.50470759841e+15	-3.04505811278e+13	0.012330013456	0.9877456897
1197.24913367	2.50407364322e+15	-3.04428739191e+13	0.0123380062196	0.987737794914
1197.55216398	2.50344000887e+15	-3.04351706109e+13	0.0123460756438	0.987729824471
1197.85519428	2.5028066951e+15	-3.04274712002e+13	0.0123541954311	0.987721804347
1198.15822458	2.50217370168e+15	-3.04197756841e+13	0.0123624285846	0.987713672315
1198.46125488	2.50154102837e+15	-3.04120840596e+13	0.0123707805772	0.987705422973
1198.76428519	2.50090867491e+15	-3.04043963238e+13	0.0123792126652	0.987697094589
1199.06731549	2.50027664108e+15	-3.03967124737e+13	0.0123878419913	0.987688571465
1199.37034579	2.49964492662e+15	-3.03890325064e+13	0.0123966298653	0.987679891821
1199.6733761	2.49901353129e+15	-3.03813564189e+13	0.0124056593238	0.987670973646
1199.9764064	2.49838245486e+15	-3.03736842082e+13	0.0124149808431	0.987661767095
1200.2794367	2.49775169708e+15	-3.03660158716e+13	0.0124246578222	0.987652209559
1200.58246701	2.49712125771e+15	-3.03583514059e+13	0.0124348214545	0.987642171476
1200.88549731	2.49649113651e+15	-3.03506908083e+13	0.012445683545	0.987631443676
1201.18852761	2.49586133324e+15	-3.03430340759e+13	0.0124574988371	0.987619774591
1201.49155791	2.49523184766e+15	-3.03353812058e+13	0.0124707249684	0.987606712288
1201.79458822	2.49460267952e+15	-3.03277321949e+13	0.012486252881	0.987591376937
1202.09761852	2.49397382859e+15	-3.03200870405e+13	0.0125055294108	0.987572339786
1202.40064882	2.49334529463e+15	-3.03124457395e+13	0.0125310200252	0.987547166281
1202.70367913	2.49271707739e+15	-3.03048082891e+13	0.0125661670324	0.987512457563
1203.00670943	2.49208917664e+15	-3.02971746863e+13	0.0126150665527	0.987464169859
1203.30973973	2.49146159215e+15	-3.02895449283e+13	0.012681091067	0.987398975169
1203.61277004	2.49083432366e+15	-3.02819190122e+13	0.0127647701454	0.987316353989
1203.91580034	2.49020737094e+15	-3.02742969349e+13	0.0128625019069	0.987219866538
1204.21883064	2.48958073376e+15	-3.02666786938e+13	0.012966720551	0.987116985183
1204.52186095	2.48895441188e+15	-3.02590642858e+13	0.0130681032573	0.987016913665
1204.82489125	2.48832840505e+15	-3.0251453708e+13	0.0131597557799	0.98692645522
1205.12792155	2.48770271304e+15	-3.02438469576e+13	0.0132387205823	0.986848525844
1205.43095185	2.48707733561e+15	-3.02362440317e+13	0.0133068230112	0.986781321351
1205.73398216	2.48645227253e+15	-3.02286449275e+13	0.0133684728698	0.986720488297
1206.03701246	2.48582752355e+15	-3.02210496419e+13	0.0134292528516	0.986660517267
1206.34004276	2.48520308845e+15	-3.02134581721e+13	0.0134932742754	0.986597351877
1206.64307307	2.48457896699e+15	-3.02058705154e+13	0.0135643493424	0.986527231897
1206.94610337	2.48395515892e+15	-3.01982866687e+13	0.01364527452	0.986447400235
1207.24913367	2.48333166401e+15	-3.01907066293e+13	0.0137389789801	0.986354970045
1207.55216398	2.48270848203e+15	-3.01831303942e+13	0.0138500762103	0.986245394827
1207.85519428	2.48208561275e+15	-3.01755579606e+13	0.0139615107439	0.986135499154
1208.15822458	2.48146305592e+15	-3.01679893256e+13	0.0140568808244	0.986041455817
1208.46125488	2.48084081131e+15	-3.01604244865e+13	0.0141642558764	0.985935585248
1208.76428519	2.48021887868e+15	-3.01528634402e+13	0.0142858433295	0.985815715139
1209.06731549	2.47959725781e+15	-3.01453061841e+13	0.0144364612215	0.985667244836
1209.37034579	2.47897594846e+15	-3.01377527151e+13	0.0146086587405	0.985497529994
1209.6733761	2.47835495039e+15	-3.01302030305e+13	0.0148033400417	0.985305690727
1209.9764064	2.47773426337e+15	-3.01226571275e+13	0.0150257881531	0.985086535713
1210.2794367	2.47711388716e+15	-3.01151150031e+13	0.015282633273	0.984833553534
1210.58246701	2.47649382154e+15	-3.01075766546e+13	0.0155818036143	0.984538964612
1210.88549731	2.47587406626e+15	-3.01000420792e+13	0.0159332466312	0.984193016062
1211.18852761	2.4752546211e+15	-3.00925112739e+13	0.0163489837284	0.983783935555
1211.49155791	2.47463548583e+15	-3.0084984236e+13	0.0168442964336	0.983296775531
1211.79458822	2.47401666021e+15	-3.00774609626e+13	0.017437706334	0.982713450582
1212.09761852	2.473398144e+15	-3.00699414509e+13	0.0181524854717	0.982011278488
1212.40064882	2.47277993699e+15	-3.00624256981e+13	0.0190166943023	0.981162982275
1212.70367913	2.47216203892e+15	-3.00549137014e+13	0.020063584248	0.980136350093
1213.00670943	2.47154444958e+15	-3.00474054579e+13	0.0213312151909	0.978894686079
1213.30973973	2.47092716874e+15	-3.00399009649e+13	0.0228583155284	0.977400956501
1213.61277004	2.47031019615e+15	-3.00324002195e+13	0.0246759229423	0.975626038817
1213.91580034	2.4696935316e+15	-3.0024903219e+13	0.0267868036946	0.973568780667
1214.21883064	2.46907717484e+15	-3.00174099604e+13	0.0291285870537	0.971291560916
1214.52186095	2.46846112565e+15	-3.00099204411e+13	0.03152343289	0.968968250461
1214.82489125	2.46784538381e+15	-3.00024346582e+13	0.0336341715816	0.966925168649
1215.12792155	2.46722994907e+15	-2.9994952609e+13	0.0349755002777	0.965629073612
1215.43095185	2.46661482121e+15	-2.99874742906e+13	0.0350343418018	0.965572256197
1215.73398216	2.466e+15	-2.99799997002e+13	0.0334936982205	0.967061005417
1216.03701246	2.46538548521e+15	-2.99725288351e+13	0.0304629238831	0.9699963951
1216.34004276	2.46477127662e+15	-2.99650616925e+13	0.0265385581869	0.973810494745
1216.64307307	2.46415737398e+15	-2.99575982695e+13	0.0225978965023	0.977655523452
1216.94610337	2.46354377708e+15	-2.99501385635e+13	0.0194076815842	0.980779435013
1217.24913367	2.46293048569e+15	-2.99426825716e+13	0.0172940387663	0.982854644775
1217.55216398	2.46231749957e+15	-2.99352302911e+13	0.0160818899019	0.984046733265
1217.85519428	2.46170481851e+15	-2.99277817192e+13	0.0153092337773	0.984807356813
1218.15822458	2.46109244226e+15	-2.99203368531e+13	0.0145331617535	0.985571934897
1218.46125488	2.46048037062e+15	-2.99128956901e+13	0.0135258539094	0.98656520942
1218.76428519	2.45986860334e+15	-2.99054582274e+13	0.0122887363349	0.98778646184
1219.06731549	2.4592571402e+15	-2.98980244622e+13	0.0109489983541	0.989110723764
1219.37034579	2.45864598097e+15	-2.98905943918e+13	0.00964674940036	0.990399631226
1219.6733761	2.45803512543e+15	-2.98831680134e+13	0.0084730222547	0.99156277263
1219.9764064	2.45742457335e+15	-2.98757453244e+13	0.00746207813115	0.992565694052
1220.2794367	2.45681432451e+15	-2.98683263218e+13	0.00661037851457	0.993411421975
1220.58246701	2.45620437868e+15	-2.98609110031e+13	0.00589722233395	0.994120132151
1220.88549731	2.45559473563e+15	-2.98534993653e+13	0.0052982597335	0.994715751289
1221.18852761	2.45498539514e+15	-2.98460914059e+13	0.00479190433166	0.995219558525
1221.49155791	2.45437635698e+15	-2.98386871221e+13	0.00436040813815	0.995649084639
1221.79458822	2.45376762093e+15	-2.98312865111e+13	0.00398968154633	0.996018266659
1222.09761852	2.45315918677e+15	-2.98238895701e+13	0.00366873321982	0.996337988359
1222.40064882	2.45255105426e+15	-2.98164962966e+13	0.00338900166854	0.996616734516
1222.70367913	2.45194322319e+15	-2.98091066877e+13	0.00314331883738	0.996861616217
1223.00670943	2.45133569332e+15	-2.98017207407e+13	0.00292661181234	0.997077666541
1223.30973973	2.45072846445e+15	-2.97943384529e+13	0.00273412965618	0.997269604672
1223.61277004	2.45012153633e+15	-2.97869598216e+13	0.00256240418545	0.99744087597
1223.91580034	2.44951490876e+15	-2.9779584844e+13	0.00240837295382	0.99759452485
1224.21883064	2.44890858151e+15	-2.97722135175e+13	0.00226971441336	0.997732859441
1224.52186095	2.44830255434e+15	-2.97648458394e+13	0.00214424686563	0.997858050389
1224.82489125	2.44769682705e+15	-2.97574818068e+13	0.00203046336651	0.99797159663
1225.12792155	2.44709139941e+15	-2.97501214172e+13	0.00192678545974	0.9980750696
1225.43095185	2.44648627119e+15	-2.97427646678e+13	0.00183204529048	0.99816963188
1225.73398216	2.44588144217e+15	-2.9735411556e+13	0.00174516908319	0.998256352839
