912.0	3.28728070175e+15	-3.00667137885e+13	0.000247131658962	0.999752898876
911.814523908	3.28794938158e+15	-3.00728297874e+13	0.000243716103248	0.999756313593
911.629047815	3.2886183335e+15	-3.0078948275e+13	0.000241054057177	0.999758974994
911.443571723	3.28928755768e+15	-3.00850692528e+13	0.000238948017974	0.999761080528
911.258095631	3.28995705429e+15	-3.00911927222e+13	0.00023725888607	0.999762769258
911.072619538	3.29062682349e+15	-3.00973186849e+13	0.000235885664651	0.999764142154
910.887143446	3.29129686545e+15	-3.01034471424e+13	0.000234753628163	0.999765273924
910.701667354	3.29196718033e+15	-3.01095780962e+13	0.0002338067201	0.999766220611
910.516191262	3.2926377683e+15	-3.01157115477e+13	0.000233002638974	0.999767024504
910.330715169	3.29330862954e+15	-3.01218474986e+13	0.000232309220525	0.999767717761
910.145239077	3.2939797642e+15	-3.01279859503e+13	0.000231702039552	0.999768324801
909.959762985	3.29465117245e+15	-3.01341269044e+13	0.000231162382145	0.999768864334
909.774286892	3.29532285446e+15	-3.01402703625e+13	0.000230676042104	0.999769350562
909.5888108	3.29599481041e+15	-3.0146416326e+13	0.000230232059063	0.999769794442
909.403334708	3.29666704044e+15	-3.01525647964e+13	0.000229822102021	0.999770204305
909.217858615	3.29733954474e+15	-3.01587157754e+13	0.000229439800107	0.999770586519
909.032382523	3.29801232348e+15	-3.01648692645e+13	0.000229080191802	0.999770946045
908.846906431	3.29868537681e+15	-3.01710252651e+13	0.000228739476806	0.999771286682
908.661430339	3.29935870491e+15	-3.01771837789e+13	0.000228414712063	0.999771611373
908.475954246	3.30003230794e+15	-3.01833448073e+13	0.000223827083326	0.999776197964
908.290478154	3.30070618608e+15	-3.01895083519e+13	0.000221912159633	0.999778112461
908.105002062	3.30138033949e+15	-3.01956744143e+13	0.000221808922701	0.999778215675
907.919525969	3.30205476834e+15	-3.0201842996e+13	0.000221705910136	0.999778318665
907.734049877	3.30272947281e+15	-3.02080140985e+13	0.000221602996977	0.999778421555
907.548573785	3.30340445305e+15	-3.02141877234e+13	0.00022150014323	0.999778524386
907.363097692	3.30407970924e+15	-3.02203638722e+13	0.000221397331468	0.999778627175
907.1776216	3.30475524155e+15	-3.02265425465e+13	0.000221294543268	0.999778729941
906.992145508	3.30543105015e+15	-3.02327237478e+13	0.00022119178294	0.999778832678
906.806669415	3.3061071352e+15	-3.02389074777e+13	0.000221089070231	0.999778935368
906.621193323	3.30678349688e+15	-3.02450937378e+13	0.00022098635652	0.999779038059
906.435717231	3.30746013535e+15	-3.02512825295e+13	0.000220883679972	0.999779140713
906.250241139	3.30813705079e+15	-3.02574738544e+13	0.00022078100351	0.999779243367
906.064765046	3.30881424337e+15	-3.02636677142e+13	0.00022067836047	0.999779345987
905.879288954	3.30949171325e+15	-3.02698641103e+13	0.000220575738727	0.999779448586
905.693812862	3.31016946061e+15	-3.02760630443e+13	0.000220473132253	0.99977955117
905.508336769	3.31084748562e+15	-3.02822645177e+13	0.000220370570877	0.999779653709
905.322860677	3.31152578844e+15	-3.02884685322e+13	0.000220268047174	0.99977975621
905.137384585	3.31220436926e+15	-3.02946750893e+13	0.000220165554796	0.99977985868
904.951908492	3.31288322823e+15	-3.03008841905e+13	0.000220063112016	0.9997799611
904.7664324	3.31356236553e+15	-3.03070958375e+13	0.000219960708059	0.999780063482
904.580956308	3.31424178134e+15	-3.03133100317e+13	0.000219858333621	0.999780165833
904.395480216	3.31492147582e+15	-3.03195267748e+13	0.000219755999942	0.999780268145
904.210004123	3.31560144914e+15	-3.03257460683e+13	0.000219653697754	0.999780370424
904.024528031	3.31628170148e+15	-3.03319679138e+13	0.000219551420109	0.99978047268
903.839051939	3.31696223301e+15	-3.03381923128e+13	0.00021944917664	0.999780574901
903.653575846	3.3176430439e+15	-3.0344419267e+13	0.00021934696116	0.999780677094
903.468099754	3.31832413432e+15	-3.03506487779e+13	0.00021924476907	0.999780779263
903.282623662	3.31900550444e+15	-3.03568808471e+13	0.00021914260854	0.999780881401
903.097147569	3.31968715444e+15	-3.03631154761e+13	0.000219040475095	0.999780983513
902.911671477	3.32036908449e+15	-3.03693526665e+13	0.00021893836533	0.9997810856
902.726195385	3.32105129476e+15	-3.037559242e+13	0.000218836285841	0.999781187657
902.540719293	3.32173378543e+15	-3.03818347381e+13	0.00021873423317	0.999781289687
902.3552432	3.32241655666e+15	-3.03880796223e+13	0.000218632204667	0.999781391694
902.169767108	3.32309960864e+15	-3.03943270743e+13	0.000218530205595	0.99978149367
901.984291016	3.32378294152e+15	-3.04005770957e+13	0.000218428233234	0.99978159562
901.798814923	3.3244665555e+15	-3.04068296879e+13	0.000218326285502	0.999781697546
901.613338831	3.32515045073e+15	-3.04130848527e+13	0.000218224366576	0.999781799443
901.427862739	3.3258346274e+15	-3.04193425916e+13	0.000218122474311	0.999781901313
901.242386646	3.32651908568e+15	-3.04256029062e+13	0.000218020607084	0.999782003158
901.056910554	3.32720382573e+15	-3.0431865798e+13	0.000217918768168	0.999782104974
900.871434462	3.32788884775e+15	-3.04381312688e+13	0.000217816955889	0.999782206765
900.685958369	3.32857415189e+15	-3.044439932e+13	0.000217715169003	0.999782308529
900.500482277	3.32925973834e+15	-3.04506699532e+13	0.000217613410023	0.999782410266
900.315006185	3.32994560726e+15	-3.04569431702e+13	0.00021751167671	0.999782511977
900.129530093	3.33063175884e+15	-3.04632189723e+13	0.000217409971003	0.999782613661
899.944054	3.33131819325e+15	-3.04694973613e+13	0.000217308291208	0.999782715319
899.758577908	3.33200491066e+15	-3.04757783388e+13	0.000217206638264	0.999782816949
899.573101816	3.33269191125e+15	-3.04820619063e+13	0.000217105012157	0.999782918553
899.387625723	3.33337919519e+15	-3.04883480655e+13	0.00021700341285	0.999783020131
899.202149631	3.33406676266e+15	-3.0494636818e+13	0.000216901840248	0.999783121681
899.016673539	3.33475461384e+15	-3.05009281653e+13	0.000216800294251	0.999783223205
898.831197446	3.33544274889e+15	-3.05072221091e+13	0.000216698774857	0.999783324703
898.645721354	3.336131168e+15	-3.05135186509e+13	0.000216597282064	0.999783426173
898.460245262	3.33681987134e+15	-3.05198177925e+13	0.000216495815872	0.999783527618
898.27476917	3.33750885909e+15	-3.05261195353e+13	0.000216394376277	0.999783629035
898.089293077	3.33819813142e+15	-3.05324238811e+13	0.00021629296328	0.999783730426
897.903816985	3.33888768851e+15	-3.05387308313e+13	0.000216191576879	0.999783831791
897.718340893	3.33957753054e+15	-3.05450403877e+13	0.000216090217071	0.999783933129
897.5328648	3.34026765768e+15	-3.05513525519e+13	0.000215988883856	0.99978403444
897.347388708	3.34095807011e+15	-3.05576673254e+13	0.000215887577232	0.999784135725
897.161912616	3.34164876801e+15	-3.056398471e+13	0.000215786297198	0.999784236983
896.976436523	3.34233975155e+15	-3.05703047071e+13	0.000215685043752	0.999784338215
896.790960431	3.34303102092e+15	-3.05766273185e+13	0.000215583816892	0.99978443942
896.605484339	3.34372257628e+15	-3.05829525457e+13	0.000215482616618	0.999784540598
896.420008246	3.34441441782e+15	-3.05892803904e+13	0.000215381442927	0.99978464175
896.234532154	3.34510654571e+15	-3.05956108541e+13	0.000215280295819	0.999784742875
896.049056062	3.34579896013e+15	-3.06019439386e+13	0.000215179175291	0.999784843974
895.86357997	3.34649166127e+15	-3.06082796455e+13	0.000215078081342	0.999784945046
895.678103877	3.34718464929e+15	-3.06146179764e+13	0.000214977013971	0.999785046092
895.492627785	3.34787792437e+15	-3.06209589328e+13	0.000214875973177	0.999785147111
895.307151693	3.3485714867e+15	-3.06273025165e+13	0.000214774958957	0.999785248104
895.1216756	3.34926533646e+15	-3.06336487291e+13	0.00021467397131	0.999785349069
894.936199508	3.34995947381e+15	-3.06399975722e+13	0.000214573010235	0.999785450009
894.750723416	3.35065389895e+15	-3.06463490475e+13	0.000214472075731	0.999785550922
894.565247323	3.35134861204e+15	-3.06527031565e+13	0.000214371167795	0.999785651808
894.379771231	3.35204361328e+15	-3.0659059901e+13	0.000214270286427	0.999785752668
894.194295139	3.35273890283e+15	-3.06654192825e+13	0.000214169431624	0.999785853501
894.008819047	3.35343448088e+15	-3.06717813027e+13	0.000214068603386	0.999785954308
893.823342954	3.3541303476e+15	-3.06781459633e+13	0.00021396780171	0.999786055088
893.637866862	3.35482650319e+15	-3.06845132659e+13	0.000213867026596	0.999786155841
894.637866862	3.3510765764e+15	-3.06502150155e+13	0.00021441067316	0.999785612311
894.940897165	3.34994188946e+15	-3.0639836739e+13	0.000214575567005	0.999785447453
895.243927468	3.34880797067e+15	-3.06294654885e+13	0.000214740531774	0.999785282523
895.546957771	3.34767481927e+15	-3.06191012566e+13	0.000214905567473	0.999785117523
895.849988074	3.34654243446e+15	-3.06087440364e+13	0.00021507067411	0.999784952452
896.153018377	3.34541081548e+15	-3.05983938206e+13	0.00021523585169	0.99978478731
896.45604868	3.34427996154e+15	-3.05880506023e+13	0.000215401100219	0.999784622097
896.759078983	3.34314987187e+15	-3.05777143743e+13	0.000215566419705	0.999784456813
897.062109286	3.3420205457e+15	-3.05673851294e+13	0.000215731810155	0.999784291458
897.365139589	3.34089198225e+15	-3.05570628608e+13	0.000215897271573	0.999784126033
897.668169892	3.33976418074e+15	-3.05467475612e+13	0.000216062803967	0.999783960536
897.971200195	3.33863714042e+15	-3.05364392236e+13	0.000216228407344	0.999783794968
898.274230498	3.33751086051e+15	-3.0526137841e+13	0.000216394081709	0.99978362933
898.577260801	3.33638534023e+15	-3.05158434064e+13	0.00021655982707	0.99978346362
898.880291104	3.33526057882e+15	-3.05055559126e+13	0.000216725643432	0.99978329784
899.183321407	3.33413657552e+15	-3.04952753528e+13	0.000216891530802	0.999783131988
899.48635171	3.33301332955e+15	-3.04850017198e+13	0.000217057489187	0.999782966066
899.789382013	3.33189084016e+15	-3.04747350068e+13	0.000217223518987	0.999782800072
900.092412316	3.33076910657e+15	-3.04644752066e+13	0.000217389620689	0.999782634007
900.395442619	3.32964812802e+15	-3.04542223124e+13	0.000217555792257	0.999782467871
900.698472923	3.32852790376e+15	-3.04439763171e+13	0.000217722035904	0.999782301664
901.001503226	3.32740843302e+15	-3.04337372138e+13	0.000217888350966	0.999782135385
901.304533529	3.32628971505e+15	-3.04235049955e+13	0.000218054737515	0.999781969035
901.607563832	3.32517174907e+15	-3.04132796554e+13	0.000218221193648	0.999781802615
901.910594135	3.32405453434e+15	-3.04030611864e+13	0.000218387723051	0.999781636122
902.213624438	3.32293807009e+15	-3.03928495816e+13	0.000218554321693	0.99978146956
902.516654741	3.32182235558e+15	-3.03826448342e+13	0.000218720994334	0.999781302923
902.819685044	3.32070739004e+15	-3.03724469372e+13	0.000218887735891	0.999781136218
903.122715347	3.31959317273e+15	-3.03622558837e+13	0.00021905455253	0.999780969438
903.42574565	3.31847970288e+15	-3.03520716669e+13	0.000219221437967	0.999780802589
903.728775953	3.31736697975e+15	-3.03418942798e+13	0.000219388400439	0.999780635663
904.031806256	3.31625500259e+15	-3.03317237156e+13	0.000219555432801	0.999780468668
904.334836559	3.31514377065e+15	-3.03215599675e+13	0.000219722547629	0.99978030159
904.637866862	3.31403328317e+15	-3.03114030285e+13	0.000219889739817	0.999780134434
904.940897165	3.31292353942e+15	-3.03012528919e+13	0.000220057031446	0.999779967179
905.243927468	3.31181453864e+15	-3.02911095508e+13	0.000220224419155	0.999779799828
905.546957771	3.31070628008e+15	-3.02809729984e+13	0.000220391923877	0.999779632361
905.849988074	3.30959876301e+15	-3.02708432279e+13	0.000220559529213	0.999779464792
906.153018377	3.30849198667e+15	-3.02607202324e+13	0.000220727197777	0.999779297161
906.45604868	3.30738595033e+15	-3.02506040052e+13	0.000220894934364	0.999779129461
906.759078983	3.30628065325e+15	-3.02404945395e+13	0.000221062718842	0.999778961714
907.062109286	3.30517609468e+15	-3.02303918286e+13	0.000221230532934	0.999778793937
907.365139589	3.30407227388e+15	-3.02202958656e+13	0.000221398462919	0.999778626044
907.668169892	3.30296919011e+15	-3.02102066438e+13	0.00022156645589	0.999778458088
907.971200195	3.30186684264e+15	-3.02001241564e+13	0.00022173459672	0.999778289985
908.274230498	3.30076523073e+15	-3.01900483967e+13	0.000221903100337	0.999778121518
908.577260801	3.29966435365e+15	-3.0179979358e+13	0.000226851328798	0.9997731744
908.880291104	3.29856421065e+15	-3.01699170335e+13	0.000228799550884	0.999771226622
909.183321407	3.297464801e+15	-3.01598614166e+13	0.000229371245745	0.999770655058
909.48635171	3.29636612398e+15	-3.01498125005e+13	0.000230001831367	0.999770024617
909.789382013	3.29526817885e+15	-3.01397702786e+13	0.000230713910325	0.999769312702
910.092412316	3.29417096487e+15	-3.01297347441e+13	0.000231542156579	0.999768484647
910.395442619	3.29307448132e+15	-3.01197058903e+13	0.000232540318654	0.999767486717
910.698472923	3.29197872747e+15	-3.01096837107e+13	0.000233791766291	0.999766235561
911.001503226	3.29088370259e+15	-3.00996681985e+13	0.000235426510654	0.9997646012
911.304533529	3.28978940595e+15	-3.00896593471e+13	0.000237648719823	0.999762379516
911.607563832	3.28869583683e+15	-3.00796571498e+13	0.000240784710986	0.999759244275
911.910594135	3.28760299451e+15	-3.00696616001e+13	0.00024537552621	0.999754654576
912.213624438	3.28651087825e+15	-3.00596726912e+13	0.000252387530333	0.999747644317
912.516654741	3.28541948733e+15	-3.00496904166e+13	0.000263764838851	0.999736269944
912.819685044	3.28432882104e+15	-3.00397147697e+13	0.000283985765748	0.999716054554
913.122715347	3.28323887864e+15	-3.00297457438e+13	0.000323443657874	0.999676608644
913.42574565	3.28214965943e+15	-3.00197833324e+13	0.00040328599525	0.999596795314
913.728775953	3.28106116268e+15	-3.0009827529e+13	0.000554182257238	0.999445971273
914.031806256	3.27997338767e+15	-2.99998783268e+13	0.00079404892598	0.999206266247
914.334836559	3.27888633368e+15	-2.99899357194e+13	0.00108327409408	0.998917312435
914.637866862	3.2778e+15	-2.99799997002e+13	0.00130255777627	0.998698290184
914.940897165	3.27671438591e+15	-2.99700702627e+13	0.00131521121837	0.998685653293
915.243927468	3.2756294907e+15	-2.99601474003e+13	0.00108536370547	0.998915225089
915.546957771	3.27454531365e+15	-2.99502311064e+13	0.000721171874362	0.999279088108
915.849988074	3.27346185406e+15	-2.99403213747e+13	0.000382532487505	0.999617540669
916.153018377	3.2723791112e+15	-2.99304181985e+13	0.000161151474414	0.99983886151
916.45604868	3.27129708437e+15	-2.99205215714e+13	5.37459191562e-05	0.999946255525
916.759078983	3.27021577286e+15	-2.99106314868e+13	1.41668805387e-05	0.99998583322
917.062109286	3.26913517595e+15	-2.99007479384e+13	2.95552068094e-06	0.999997044484
917.365139589	3.26805529295e+15	-2.98908709195e+13	4.95061809373e-07	0.999999504938
917.668169892	3.26697612314e+15	-2.98810004237e+13	7.31753035386e-08	0.999999926825
917.971200195	3.26589766581e+15	-2.98711364447e+13	1.55280671544e-08	0.999999984472
918.274230498	3.26481992027e+15	-2.98612789758e+13	8.2162656082e-09	0.999999991784
918.577260801	3.2637428858e+15	-2.98514280108e+13	6.59229223382e-09	0.999999993408
918.880291104	3.26266656171e+15	-2.9841583543e+13	5.67543246234e-09	0.999999994325
919.183321407	3.26159094729e+15	-2.98317455662e+13	4.97568389353e-09	0.999999995024
919.48635171	3.26051604183e+15	-2.98219140739e+13	4.41398945347e-09	0.999999995586
919.789382013	3.25944184465e+15	-2.98120890597e+13	3.95385680182e-09	0.999999996046
920.092412316	3.25836835504e+15	-2.98022705172e+13	3.57100168731e-09	0.999999996429
920.395442619	3.25729557229e+15	-2.979245844e+13	3.24826955167e-09	0.999999996752
920.698472923	3.25622349572e+15	-2.97826528217e+13	2.97595933573e-09	0.999999997024
921.001503226	3.25515212462e+15	-2.97728536559e+13	2.73918622785e-09	0.999999997261
921.304533529	3.2540814583e+15	-2.97630609363e+13	2.53355845709e-09	0.999999997466
921.607563832	3.25301149606e+15	-2.97532746565e+13	2.35360569154e-09	0.999999997646
921.910594135	3.25194223721e+15	-2.97434948102e+13	2.1949817096e-09	0.999999997805
922.213624438	3.25087368106e+15	-2.9733721391e+13	2.05367618747e-09	0.999999997946
922.516654741	3.24980582691e+15	-2.97239543926e+13	1.93009961086e-09	0.99999999807
922.819685044	3.24873867408e+15	-2.97141938087e+13	1.81767381622e-09	0.999999998182
923.122715347	3.24767222186e+15	-2.97044396329e+13	1.71639596661e-09	0.999999998284
923.42574565	3.24660646958e+15	-2.96946918589e+13	1.62487025115e-09	0.999999998375
923.728775953	3.24554141653e+15	-2.96849504805e+13	1.54182969691e-09	0.999999998458
924.031806256	3.24447706205e+15	-2.96752154913e+13	1.46580121694e-09	0.999999998534
924.334836559	3.24341340543e+15	-2.96654868851e+13	1.39534949052e-09	0.999999998605
924.637866862	3.24235044599e+15	-2.96557646556e+13	1.33266326204e-09	0.999999998667
