912.0	3.28728070175e+15	-3.05978684445e+13	0.0126326317644	0.987446824994
911.977734751	3.28736095824e+15	-3.05986154684e+13	0.0126313981749	0.987448043098
911.955469501	3.28744121864e+15	-3.05993625288e+13	0.0126301646758	0.987449261115
911.933204252	3.28752148296e+15	-3.06001096257e+13	0.0126289312671	0.987450479045
911.910939003	3.2876017512e+15	-3.0600856759e+13	0.0126276979486	0.987451696886
911.888673754	3.28768202335e+15	-3.06016039289e+13	0.0126264647205	0.98745291464
911.866408504	3.28776229943e+15	-3.06023511352e+13	0.0126252315828	0.987454132307
911.844143255	3.28784257943e+15	-3.0603098378e+13	0.0126239985354	0.987455349885
911.821878006	3.28792286335e+15	-3.06038456573e+13	0.0126227655783	0.987456567376
911.799612756	3.28800315119e+15	-3.06045929731e+13	0.0126215327115	0.987457784779
911.777347507	3.28808344296e+15	-3.06053403254e+13	0.012620299935	0.987459002095
911.755082258	3.28816373864e+15	-3.06060877142e+13	0.0126190672488	0.987460219322
911.732817009	3.28824403824e+15	-3.06068351395e+13	0.0126178346529	0.987461436462
911.710551759	3.28832434177e+15	-3.06075826013e+13	0.0126166021474	0.987462653515
911.68828651	3.28840464922e+15	-3.06083300997e+13	0.0126153697321	0.98746387048
911.666021261	3.28848496059e+15	-3.06090776345e+13	0.0126141374071	0.987465087357
911.643756011	3.28856527589e+15	-3.06098252058e+13	0.0126129051724	0.987466304146
911.621490762	3.28864559511e+15	-3.06105728137e+13	0.012611673028	0.987467520848
911.599225513	3.28872591825e+15	-3.06113204581e+13	0.0126104409739	0.987468737462
911.576960264	3.28880624531e+15	-3.0612068139e+13	0.01260920901	0.987469953989
911.554695014	3.2888865763e+15	-3.06128158564e+13	0.0126079771364	0.987471170428
911.532429765	3.28896691122e+15	-3.06135636104e+13	0.0126067453531	0.987472386779
911.510164516	3.28904725006e+15	-3.06143114009e+13	0.01260551366	0.987473603043
911.487899267	3.28912759282e+15	-3.06150592279e+13	0.0126042820572	0.987474819219
911.465634017	3.28920793951e+15	-3.06158070915e+13	0.0126030505447	0.987476035307
911.443368768	3.28928829012e+15	-3.06165549916e+13	0.0126018191224	0.987477251308
911.421103519	3.28936864466e+15	-3.06173029282e+13	0.0126005877903	0.987478467221
911.398838269	3.28944900313e+15	-3.06180509014e+13	0.0125993565484	0.987479683047
911.37657302	3.28952936552e+15	-3.06187989111e+13	0.0125981253968	0.987480898785
911.354307771	3.28960973184e+15	-3.06195469574e+13	0.0125968943355	0.987482114435
911.332042522	3.28969010209e+15	-3.06202950402e+13	0.0125956633643	0.987483329998
911.309777272	3.28977047626e+15	-3.06210431596e+13	0.0125944324834	0.987484545473
911.287512023	3.28985085436e+15	-3.06217913155e+13	0.0125932016927	0.98748576086
911.265246774	3.28993123639e+15	-3.0622539508e+13	0.0125919709922	0.98748697616
911.242981524	3.29001162235e+15	-3.06232877371e+13	0.0125907403819	0.987488191373
911.220716275	3.29009201224e+15	-3.06240360027e+13	0.0125895098618	0.987489406498
911.198451026	3.29017240605e+15	-3.06247843049e+13	0.0125882794319	0.987490621535
911.176185777	3.29025280379e+15	-3.06255326437e+13	0.0125870490922	0.987491836484
911.153920527	3.29033320546e+15	-3.0626281019e+13	0.0125858188427	0.987493051347
911.131655278	3.29041361107e+15	-3.06270294309e+13	0.0125845886834	0.987494266121
911.109390029	3.2904940206e+15	-3.06277778794e+13	0.0125833586142	0.987495480808
911.087124779	3.29057443406e+15	-3.06285263645e+13	0.0125821286353	0.987496695407
911.06485953	3.29065485145e+15	-3.06292748862e+13	0.0125808987465	0.987497909919
911.042594281	3.29073527277e+15	-3.06300234444e+13	0.0125796689479	0.987499124344
911.020329032	3.29081569803e+15	-3.06307720393e+13	0.0125784392394	0.98750033868
910.998063782	3.29089612721e+15	-3.06315206707e+13	0.0125772096211	0.98750155293
910.975798533	3.29097656033e+15	-3.06322693387e+13	0.0125759800929	0.987502767091
910.953533284	3.29105699738e+15	-3.06330180433e+13	0.0125747506549	0.987503981166
910.931268034	3.29113743836e+15	-3.06337667846e+13	0.0125735213071	0.987505195152
910.909002785	3.29121788327e+15	-3.06345155624e+13	0.0125722920494	0.987506409051
910.886737536	3.29129833212e+15	-3.06352643768e+13	0.0125710628818	0.987507622863
910.864472287	3.2913787849e+15	-3.06360132278e+13	0.0125698338043	0.987508836587
910.842207037	3.29145924161e+15	-3.06367621155e+13	0.012568604817	0.987510050224
910.819941788	3.29153970225e+15	-3.06375110398e+13	0.0125673759198	0.987511263773
910.797676539	3.29162016683e+15	-3.06382600006e+13	0.0125661471127	0.987512477234
910.775411289	3.29170063535e+15	-3.06390089981e+13	0.0125649183958	0.987513690608
910.75314604	3.2917811078e+15	-3.06397580322e+13	0.0125636897689	0.987514903895
910.730880791	3.29186158418e+15	-3.0640507103e+13	0.0125624612322	0.987516117094
910.708615542	3.2919420645e+15	-3.06412562104e+13	0.0125612327855	0.987517330206
910.686350292	3.29202254875e+15	-3.06420053544e+13	0.012560004429	0.98751854323
910.664085043	3.29210303694e+15	-3.0642754535e+13	0.0125587761625	0.987519756166
910.641819794	3.29218352906e+15	-3.06435037523e+13	0.0125575479862	0.987520969016
910.619554544	3.29226402512e+15	-3.06442530062e+13	0.0125563198999	0.987522181777
910.597289295	3.29234452512e+15	-3.06450022967e+13	0.0125550919037	0.987523394452
910.575024046	3.29242502905e+15	-3.06457516239e+13	0.0125538639975	0.987524607038
910.552758797	3.29250553692e+15	-3.06465009877e+13	0.0125526361815	0.987525819538
910.530493547	3.29258604873e+15	-3.06472503882e+13	0.0125514084555	0.987527031949
910.508228298	3.29266656448e+15	-3.06479998253e+13	0.0125501808196	0.987528244274
910.485963049	3.29274708416e+15	-3.06487492991e+13	0.0125489532737	0.987529456511
910.4636978	3.29282760778e+15	-3.06494988096e+13	0.0125477258179	0.98753066866
910.44143255	3.29290813535e+15	-3.06502483567e+13	0.0125464984521	0.987531880722
910.419167301	3.29298866684e+15	-3.06509979404e+13	0.0125452711764	0.987533092697
910.396902052	3.29306920228e+15	-3.06517475609e+13	0.0125440439907	0.987534304584
910.374636802	3.29314974166e+15	-3.0652497218e+13	0.012542816895	0.987535516384
910.352371553	3.29323028498e+15	-3.06532469117e+13	0.0125415898894	0.987536728097
910.330106304	3.29331083224e+15	-3.06539966422e+13	0.0125403629738	0.987537939721
910.307841055	3.29339138343e+15	-3.06547464093e+13	0.0125391361482	0.987539151259
910.285575805	3.29347193857e+15	-3.06554962131e+13	0.0125379094127	0.987540362709
910.263310556	3.29355249765e+15	-3.06562460536e+13	0.0125366827671	0.987541574072
910.241045307	3.29363306067e+15	-3.06569959307e+13	0.0125354562116	0.987542785347
910.218780057	3.29371362763e+15	-3.06577458446e+13	0.012534229746	0.987543996535
910.196514808	3.29379419853e+15	-3.06584957951e+13	0.0125330033705	0.987545207636
910.174249559	3.29387477338e+15	-3.06592457823e+13	0.012531777085	0.987546418649
910.15198431	3.29395535216e+15	-3.06599958062e+13	0.0125305508894	0.987547629575
910.12971906	3.29403593489e+15	-3.06607458668e+13	0.0125293247839	0.987548840413
910.107453811	3.29411652157e+15	-3.06614959642e+13	0.0125280987683	0.987550051164
910.085188562	3.29419711218e+15	-3.06622460982e+13	0.0125268728427	0.987551261828
910.062923312	3.29427770674e+15	-3.06629962689e+13	0.0125256470071	0.987552472404
910.040658063	3.29435830524e+15	-3.06637464763e+13	0.0125244212614	0.987553682893
910.018392814	3.29443890769e+15	-3.06644967205e+13	0.0125231956057	0.987554893294
909.996127565	3.29451951408e+15	-3.06652470013e+13	0.01252197004	0.987556103608
909.973862315	3.29460012442e+15	-3.06659973189e+13	0.0125207445642	0.987557313835
909.951597066	3.2946807387e+15	-3.06667476732e+13	0.0125195191784	0.987558523975
909.929331817	3.29476135692e+15	-3.06674980642e+13	0.0125182938825	0.987559734027
909.907066567	3.29484197909e+15	-3.06682484919e+13	0.0125170686766	0.987560943992
909.884801318	3.29492260521e+15	-3.06689989564e+13	0.0125158435606	0.987562153869
909.862536069	3.29500323527e+15	-3.06697494576e+13	0.0125146185345	0.987563363659
909.84027082	3.29508386928e+15	-3.06704999955e+13	0.0125133935984	0.987564573362
909.81800557	3.29516450724e+15	-3.06712505701e+13	0.0125121687522	0.987565782977
909.795740321	3.29524514914e+15	-3.06720011815e+13	0.0125109439959	0.987566992506
910.795740321	3.29162716433e+15	-3.06383251331e+13	0.0125660402582	0.987512582754
911.098770624	3.29053237329e+15	-3.06281348646e+13	0.0125827719649	0.987496060122
911.401800927	3.28943831025e+15	-3.06179513725e+13	0.0125995203747	0.987479521272
911.70483123	3.2883449745e+15	-3.06077746499e+13	0.0126162854988	0.987462966194
912.007861533	3.2872523653e+15	-3.059760469e+13	0.0126330673483	0.987446394878
912.310891836	3.28616048194e+15	-3.05874414863e+13	0.0126498659343	0.987429807314
912.613922139	3.2850693237e+15	-3.05772850318e+13	0.012666681268	0.987413203492
912.916952442	3.28397888984e+15	-3.05671353199e+13	0.0126835133604	0.987396583401
913.219982745	3.28288917966e+15	-3.05569923439e+13	0.0127003622227	0.987379947032
913.523013048	3.28180019242e+15	-3.05468560971e+13	0.0127172278661	0.987363294375
913.826043351	3.28071192741e+15	-3.05367265727e+13	0.0127341103016	0.987346625418
914.129073654	3.27962438391e+15	-3.05266037642e+13	0.0127510095405	0.987329940153
914.432103957	3.27853756121e+15	-3.05164876648e+13	0.0127679255938	0.987313238568
914.73513426	3.27745145858e+15	-3.05063782678e+13	0.0127848584727	0.987296520654
915.038164563	3.27636607532e+15	-3.04962755666e+13	0.0128018081883	0.987279786401
915.341194866	3.27528141071e+15	-3.04861795546e+13	0.0128187747519	0.987263035798
915.64422517	3.27419746403e+15	-3.04760902251e+13	0.0128357581747	0.987246268835
915.947255473	3.27311423457e+15	-3.04660075714e+13	0.0128527584678	0.987229485501
916.250285776	3.27203172162e+15	-3.0455931587e+13	0.0128697756424	0.987212685788
916.553316079	3.27094992447e+15	-3.04458622652e+13	0.0128868097097	0.987195869684
916.856346382	3.26986884241e+15	-3.04357995994e+13	0.0129038606809	0.987179037179
917.159376685	3.26878847473e+15	-3.04257435831e+13	0.0129209285666	0.987162188264
917.462406988	3.26770882073e+15	-3.04156942096e+13	0.012938013379	0.987145322927
917.765437291	3.26662987969e+15	-3.04056514724e+13	0.012955115129	0.987128441159
918.068467594	3.26555165091e+15	-3.03956153649e+13	0.0129722338268	0.98711154295
918.371497897	3.26447413369e+15	-3.03855858804e+13	0.0129893694852	0.987094628289
918.6745282	3.26339732732e+15	-3.03755630126e+13	0.0130065221139	0.987077697166
918.977558503	3.26232123109e+15	-3.03655467548e+13	0.0130236917259	0.987060749571
919.280588806	3.26124584431e+15	-3.03555371005e+13	0.0130408783304	0.987043785494
919.583619109	3.26017116628e+15	-3.03455340431e+13	0.0130580819413	0.987026804922
919.886649412	3.25909719629e+15	-3.03355375762e+13	0.0130753025673	0.987009807849
920.189679715	3.25802393364e+15	-3.03255476932e+13	0.0130925402235	0.98699279426
920.492710018	3.25695137764e+15	-3.03155643876e+13	0.0131097949191	0.986975764147
920.795740321	3.25587952759e+15	-3.0305587653e+13	0.013127066672	0.986958717493
921.098770624	3.25480838278e+15	-3.02956174828e+13	0.0131443554923	0.986941654288
921.401800927	3.25373794254e+15	-3.02856538706e+13	0.0131616613995	0.986924574515
921.70483123	3.25266820615e+15	-3.02756968099e+13	0.0131789843978	0.986907478171
922.007861533	3.25159917293e+15	-3.02657462942e+13	0.0131963244998	0.986890365243
922.310891836	3.25053084219e+15	-3.02558023171e+13	0.0132136817004	0.986873235737
922.613922139	3.24946321322e+15	-3.02458648722e+13	0.0132310560149	0.98685608964
922.916952442	3.24839628535e+15	-3.0235933953e+13	0.0132484474503	0.986838926946
923.219982745	3.24733005788e+15	-3.02260095531e+13	0.0132658560216	0.986821747639
923.523013048	3.24626453011e+15	-3.0216091666e+13	0.0132832817434	0.986804551708
923.826043351	3.24519970137e+15	-3.02061802854e+13	0.0133007246457	0.986787339123
924.129073654	3.24413557096e+15	-3.01962754049e+13	0.0133181847569	0.986770109856
924.432103957	3.2430721382e+15	-3.01863770181e+13	0.0133356623128	0.986752863677
924.73513426	3.2420094024e+15	-3.01764851185e+13	0.0137320460065	0.986361808442
925.038164563	3.24094736287e+15	-3.01665996999e+13	0.0137716711206	0.986322724517
925.341194866	3.23988601894e+15	-3.01567207558e+13	0.0138140914559	0.986280885263
925.64422517	3.23882536992e+15	-3.01468482799e+13	0.0138602529933	0.986235358072
925.947255473	3.23776541513e+15	-3.01369822658e+13	0.0139115923329	0.9861847267
926.250285776	3.23670615388e+15	-3.01271227072e+13	0.0139703073757	0.986126824521
926.553316079	3.23564758549e+15	-3.01172695978e+13	0.0140397755307	0.98605832249
926.856346382	3.23458970929e+15	-3.01074229312e+13	0.0141252042269	0.985974088411
927.159376685	3.2335325246e+15	-3.00975827011e+13	0.0142346581657	0.985866175569
927.462406988	3.23247603074e+15	-3.00877489012e+13	0.0143807340494	0.985722174814
927.765437291	3.23142022703e+15	-3.00779215253e+13	0.0145834701572	0.985522353593
928.068467594	3.2303651128e+15	-3.00681005669e+13	0.0148759856035	0.985234115241
928.371497897	3.22931068736e+15	-3.00582860199e+13	0.0153173634276	0.984799350706
928.6745282	3.22825695005e+15	-3.00484778779e+13	0.0160266756848	0.984101068135
928.977558503	3.2272039002e+15	-3.00386761347e+13	0.0172739057505	0.982874432803
929.280588806	3.22615153713e+15	-3.00288807841e+13	0.019681517469	0.980510899178
929.583619109	3.22509986017e+15	-3.00190918197e+13	0.0244978390002	0.975799797619
929.886649412	3.22404886864e+15	-3.00093092354e+13	0.0335236301136	0.967032059884
930.189679715	3.22299856188e+15	-2.99995330248e+13	0.0478441186894	0.953282374402
930.492710018	3.22194893923e+15	-2.99897631818e+13	0.065268205244	0.93681617067
930.795740321	3.2209e+15	-2.99799997002e+13	0.0789513562714	0.924084874286
931.098770624	3.21985174354e+15	-2.99702425737e+13	0.0807359568391	0.922437222532
931.401800927	3.21880416917e+15	-2.99604917961e+13	0.0679366579565	0.934319653419
931.70483123	3.21775727624e+15	-2.99507473613e+13	0.0463392606592	0.95471800898
932.007861533	3.21671106408e+15	-2.99410092631e+13	0.0254011234205	0.974918770834
932.310891836	3.21566553202e+15	-2.99312774952e+13	0.0111313967956	0.988930327962
932.613922139	3.21462067939e+15	-2.99215520515e+13	0.00388685069874	0.996120693328
932.916952442	3.21357650555e+15	-2.99118329258e+13	0.00107903031613	0.998921551628
933.219982745	3.21253300983e+15	-2.99021201121e+13	0.000237786437665	0.999762241831
933.523013048	3.21149019156e+15	-2.98924136041e+13	4.15536478719e-05	0.999958447215
933.826043351	3.21044805009e+15	-2.98827133957e+13	5.7558447144e-06	0.999994244172
934.129073654	3.20940658476e+15	-2.98730194807e+13	6.33808732469e-07	0.999999366191
934.432103957	3.20836579491e+15	-2.98633318531e+13	5.74978881408e-08	0.999999942502
934.73513426	3.20732567988e+15	-2.98536505068e+13	6.3884127755e-09	0.999999993612
935.038164563	3.20628623902e+15	-2.98439754355e+13	2.29256307756e-09	0.999999997707
935.341194866	3.20524747168e+15	-2.98343066333e+13	1.82809594967e-09	0.999999998172
935.64422517	3.20420937719e+15	-2.9824644094e+13	1.61337951696e-09	0.999999998387
935.947255473	3.20317195491e+15	-2.98149878116e+13	1.44478140083e-09	0.999999998555
936.250285776	3.20213520417e+15	-2.980533778e+13	1.30485465298e-09	0.999999998695
936.553316079	3.20109912434e+15	-2.9795693993e+13	1.18699516185e-09	0.999999998813
936.856346382	3.20006371476e+15	-2.97860564448e+13	1.08656147846e-09	0.999999998913
937.159376685	3.19902897478e+15	-2.97764251291e+13	1.00116584253e-09	0.999999998999
937.462406988	3.19799490375e+15	-2.976680004e+13	9.26184191609e-10	0.999999999074
937.765437291	3.19696150101e+15	-2.97571811713e+13	8.60578152136e-10	0.999999999139
938.068467594	3.19592876594e+15	-2.97475685172e+13	8.02775547142e-10	0.999999999197
938.371497897	3.19489669786e+15	-2.97379620716e+13	7.51302693268e-10	0.999999999249
938.6745282	3.19386529615e+15	-2.97283618284e+13	7.06261869683e-10	0.999999999294
938.977558503	3.19283456016e+15	-2.97187677816e+13	6.65321974826e-10	0.999999999335
939.280588806	3.19180448923e+15	-2.97091799254e+13	6.28447613064e-10	0.999999999372
939.583619109	3.19077508274e+15	-2.96995982535e+13	5.95107394853e-10	0.999999999405
939.886649412	3.18974634002e+15	-2.96900227602e+13	5.6486824954e-10	0.999999999435
940.189679715	3.18871826046e+15	-2.96804534394e+13	5.37292828277e-10	0.999999999463
940.492710018	3.18769084339e+15	-2.96708902851e+13	5.11845376075e-10	0.999999999488
940.795740321	3.18666408819e+15	-2.96613332914e+13	4.88834885245e-10	0.999999999511
