912.0	3.28728070175e+15	-3.01273766379e+13	0.000236981306334	0.999763046772
911.833164119	3.28788216746e+15	-3.01328889703e+13	0.00023647620555	0.999763551753
911.666328237	3.28848385329e+15	-3.01384033202e+13	0.000236017428048	0.999764010422
911.499492356	3.28908575939e+15	-3.01439196888e+13	0.000235596071712	0.999764431679
911.332656474	3.28968788587e+15	-3.0149438077e+13	0.000235205473796	0.999764822185
911.165820593	3.29029023285e+15	-3.01549584862e+13	0.000234840303194	0.99976518727
910.998984711	3.29089280045e+15	-3.01604809173e+13	0.000234496309357	0.999765531183
910.83214883	3.29149558879e+15	-3.01660053715e+13	0.00023417009844	0.999765857317
910.665312949	3.29209859799e+15	-3.01715318498e+13	0.000233859014956	0.999766168328
910.498477067	3.29270182819e+15	-3.01770603535e+13	0.000233560946663	0.999766466327
910.331641186	3.29330527949e+15	-3.01825908836e+13	0.000229624882672	0.999770401479
910.164805304	3.29390895201e+15	-3.01881234411e+13	0.000226930041611	0.999773095705
909.997969423	3.29451284589e+15	-3.01936580274e+13	0.000226833419544	0.999773192305
909.831133541	3.29511696124e+15	-3.01991946434e+13	0.000226738112112	0.999773287591
909.66429766	3.29572129819e+15	-3.02047332902e+13	0.000226643175214	0.999773382506
909.497461778	3.29632585685e+15	-3.02102739691e+13	0.000226548375565	0.999773477285
909.330625897	3.29693063735e+15	-3.0215816681e+13	0.000226453677952	0.999773571961
909.163790016	3.29753563981e+15	-3.02213614272e+13	0.000226359072268	0.999773666545
908.996954134	3.29814086435e+15	-3.02269082088e+13	0.000226264619165	0.999773760977
908.830118253	3.2987463111e+15	-3.02324570268e+13	0.00022617006834	0.999773855506
908.663282371	3.29935198017e+15	-3.02380078824e+13	0.000226075639691	0.999773949913
908.49644649	3.29995787169e+15	-3.02435607767e+13	0.000225981114196	0.999774044418
908.329610608	3.30056398579e+15	-3.02491157108e+13	0.000225886669763	0.999774138841
908.162774727	3.30117032258e+15	-3.02546726859e+13	0.000225792207007	0.999774233282
907.995938846	3.30177688219e+15	-3.02602317031e+13	0.000225697657515	0.99977432781
907.829102964	3.30238366474e+15	-3.02657927635e+13	0.000225603173298	0.999774422273
907.662267083	3.30299067035e+15	-3.02713558683e+13	0.000225508642986	0.999774516782
907.495431201	3.30359789914e+15	-3.02769210185e+13	0.000225414197998	0.999774611206
907.32859532	3.30420535125e+15	-3.02824882153e+13	0.000225319800993	0.999774705582
907.161759438	3.30481302679e+15	-3.02880574598e+13	0.000225225467153	0.999774799894
906.994923557	3.30542092589e+15	-3.02936287532e+13	0.000225131164146	0.999774894176
906.828087675	3.30602904866e+15	-3.02992020966e+13	0.000225036976311	0.999774988343
906.661251794	3.30663739524e+15	-3.0304777491e+13	0.000224942857333	0.99977508244
906.494415913	3.30724596575e+15	-3.03103549378e+13	0.000224848767966	0.999775176509
906.327580031	3.3078547603e+15	-3.03159344379e+13	0.000224754763591	0.999775270492
906.16074415	3.30846377903e+15	-3.03215159925e+13	0.000224660803457	0.999775364431
905.993908268	3.30907302206e+15	-3.03270996028e+13	0.000224566880892	0.999775458332
905.827072387	3.30968248951e+15	-3.03326852698e+13	0.000224472966867	0.999775552225
905.660236505	3.3102921815e+15	-3.03382729948e+13	0.000224379106791	0.999775646064
905.493400624	3.31090209816e+15	-3.03438627789e+13	0.000224285273584	0.999775739876
905.326564743	3.31151223962e+15	-3.03494546231e+13	0.000224191446665	0.999775833682
905.159728861	3.312122606e+15	-3.03550485287e+13	0.000224097663827	0.999775927444
904.99289298	3.31273319742e+15	-3.03606444968e+13	0.000224003904746	0.999776021182
904.826057098	3.313344014e+15	-3.03662425285e+13	0.000223910168978	0.999776114897
904.659221217	3.31395505588e+15	-3.03718426249e+13	0.000223816441399	0.999776208604
904.492385335	3.31456632317e+15	-3.03774447872e+13	0.000223722751826	0.999776302272
904.325549454	3.31517781601e+15	-3.03830490166e+13	0.000223629084826	0.999776395918
904.158713573	3.31578953451e+15	-3.03886553142e+13	0.000223535428403	0.999776489554
903.991877691	3.3164014788e+15	-3.03942636812e+13	0.000223441806531	0.999776583155
903.82504181	3.31701364901e+15	-3.03998741186e+13	0.000223348206903	0.999776676733
903.658205928	3.31762604526e+15	-3.04054866276e+13	0.000223254629459	0.99977677029
903.491370047	3.31823866768e+15	-3.04111012094e+13	0.000223161064946	0.999776863834
903.324534165	3.31885151638e+15	-3.04167178651e+13	0.000223067532003	0.999776957346
903.157698284	3.31946459151e+15	-3.04223365959e+13	0.000222974021116	0.999777050836
902.990862402	3.32007789317e+15	-3.0427957403e+13	0.000222880524986	0.999777144311
902.824026521	3.32069142151e+15	-3.04335802874e+13	0.00022278705836	0.999777237757
902.65719064	3.32130517664e+15	-3.04392052503e+13	0.000222693613726	0.999777331181
902.490354758	3.32191915869e+15	-3.04448322929e+13	0.000222600185432	0.999777424588
902.323518877	3.32253336778e+15	-3.04504614164e+13	0.000222506784915	0.999777517968
902.156682995	3.32314780404e+15	-3.04560926218e+13	0.000222413401974	0.99977761133
901.989847114	3.32376246761e+15	-3.04617259104e+13	0.000222320045496	0.999777704666
901.823011232	3.32437735859e+15	-3.04673612833e+13	0.000222226707709	0.999777797983
901.656175351	3.32499247713e+15	-3.04729987416e+13	0.000222133395208	0.999777891275
901.48933947	3.32560782334e+15	-3.04786382866e+13	0.000222040102437	0.999777984547
901.322503588	3.32622339736e+15	-3.04842799193e+13	0.000221946832152	0.999778077796
901.155667707	3.3268391993e+15	-3.0489923641e+13	0.000221853585552	0.999778171022
900.988831825	3.3274552293e+15	-3.04955694527e+13	0.000221760360874	0.999778264226
900.821995944	3.32807148749e+15	-3.05012173557e+13	0.000221667158117	0.999778357408
900.655160062	3.32868797398e+15	-3.05068673512e+13	0.000221573977279	0.999778450568
900.488324181	3.32930468891e+15	-3.05125194402e+13	0.000221480818359	0.999778543707
900.321488299	3.3299216324e+15	-3.05181736239e+13	0.000221387681357	0.999778636823
900.154652418	3.33053880458e+15	-3.05238299036e+13	0.000221294566272	0.999778729918
899.987816537	3.33115620558e+15	-3.05294882803e+13	0.000221201473101	0.99977882299
899.820980655	3.33177383552e+15	-3.05351487553e+13	0.000221108401844	0.999778916041
899.654144774	3.33239169454e+15	-3.05408113296e+13	0.000221015352501	0.99977900907
899.487308892	3.33300978275e+15	-3.05464760046e+13	0.000220922325069	0.999779102076
899.320473011	3.3336281003e+15	-3.05521427813e+13	0.000220829319548	0.999779195061
899.153637129	3.33424664729e+15	-3.05578116609e+13	0.000220736335937	0.999779288025
898.986801248	3.33486542387e+15	-3.05634826446e+13	0.000220643374234	0.999779380966
898.819965367	3.33548443016e+15	-3.05691557335e+13	0.000220550434439	0.999779473885
898.653129485	3.33610366629e+15	-3.05748309289e+13	0.00022045751655	0.999779566782
898.486293604	3.33672313239e+15	-3.05805082319e+13	0.000220364620567	0.999779659658
898.319457722	3.33734282858e+15	-3.05861876437e+13	0.000220271746488	0.999779752512
898.152621841	3.33796275499e+15	-3.05918691654e+13	0.000220178894312	0.999779845343
897.985785959	3.33858291175e+15	-3.05975527982e+13	0.000220086064038	0.999779938153
897.818950078	3.33920329899e+15	-3.06032385434e+13	0.000219993255664	0.999780030941
897.652114197	3.33982391685e+15	-3.0608926402e+13	0.000219900469191	0.999780123707
897.485278315	3.34044476543e+15	-3.06146163753e+13	0.000219807704616	0.999780216451
897.318442434	3.34106584488e+15	-3.06203084645e+13	0.000219714961939	0.999780309174
897.151606552	3.34168715533e+15	-3.06260026706e+13	0.000219622241159	0.999780401874
896.984770671	3.3423086969e+15	-3.0631698995e+13	0.000219529542273	0.999780494553
896.817934789	3.34293046972e+15	-3.06373974387e+13	0.000219436865283	0.999780587209
896.651098908	3.34355247392e+15	-3.0643098003e+13	0.000219344210185	0.999780679844
896.484263026	3.34417470964e+15	-3.06488006891e+13	0.00021925157698	0.999780772457
896.317427145	3.34479717699e+15	-3.06545054981e+13	0.000219158965665	0.999780865048
896.150591264	3.34541987611e+15	-3.06602124312e+13	0.00021906637624	0.999780957617
895.983755382	3.34604280713e+15	-3.06659214897e+13	0.000218973808705	0.999781050164
895.816919501	3.34666597017e+15	-3.06716326746e+13	0.000218881263057	0.99978114269
895.650083619	3.34728936538e+15	-3.06773459872e+13	0.000218788739295	0.999781235193
895.483247738	3.34791299287e+15	-3.06830614287e+13	0.000218696237419	0.999781327675
896.483247738	3.34417849699e+15	-3.06488353996e+13	0.000219251013322	0.99978077302
896.786278041	3.34304847589e+15	-3.06384789455e+13	0.000219419282495	0.999780604788
897.089308344	3.3419192182e+15	-3.0628129488e+13	0.000219587623894	0.999780436484
897.392338647	3.34079072318e+15	-3.06177870201e+13	0.000219756037527	0.999780268107
897.69536895	3.33966299003e+15	-3.06074515347e+13	0.0002199245234	0.999780099658
897.998399253	3.33853601799e+15	-3.05971230247e+13	0.00022009308152	0.999779931137
898.301429556	3.33740980628e+15	-3.05868014832e+13	0.000220261711892	0.999779762544
898.604459859	3.33628435415e+15	-3.05764869029e+13	0.000220430414525	0.999779593878
898.907490162	3.33515966082e+15	-3.0566179277e+13	0.000220599189424	0.999779425141
899.210520465	3.33403572553e+15	-3.05558785982e+13	0.000220768036595	0.999779256331
899.513550768	3.3329125475e+15	-3.05455848598e+13	0.000220936956047	0.999779087449
899.816581071	3.33179012597e+15	-3.05352980545e+13	0.000221105947784	0.999778918494
900.119611374	3.33066846019e+15	-3.05250181755e+13	0.000221275011814	0.999778749468
900.422641677	3.32954754938e+15	-3.05147452157e+13	0.000221444148143	0.999778580369
900.72567198	3.32842739278e+15	-3.05044791682e+13	0.000221613356778	0.999778411198
901.028702283	3.32730798964e+15	-3.04942200259e+13	0.000221782637725	0.999778241954
901.331732586	3.32618933919e+15	-3.04839677819e+13	0.000221951990991	0.999778072639
901.634762889	3.32507144067e+15	-3.04737224293e+13	0.000222121418393	0.999777903249
901.937793192	3.32395429333e+15	-3.0463483961e+13	0.000222290922136	0.999777733783
902.240823495	3.32283789641e+15	-3.04532523703e+13	0.000222460497311	0.999777564245
902.543853798	3.32172224915e+15	-3.04430276501e+13	0.000222630140702	0.99977739464
902.846884101	3.32060735081e+15	-3.04328097935e+13	0.000222799862584	0.999777224955
903.149914404	3.31949320061e+15	-3.04225987936e+13	0.000222969658818	0.999777055197
903.452944708	3.31837979782e+15	-3.04123946436e+13	0.000223139520651	0.999776885373
903.755975011	3.31726714168e+15	-3.04021973364e+13	0.00022330946498	0.999776715467
904.059005314	3.31615523144e+15	-3.03920068653e+13	0.000223479473289	0.999776545496
904.362035617	3.31504406635e+15	-3.03818232234e+13	0.000223649567403	0.99977637544
904.66506592	3.31393364566e+15	-3.03716464038e+13	0.000223819724004	0.999776205322
904.968096223	3.31282396862e+15	-3.03614763996e+13	0.000223989971366	0.999776035113
905.271126526	3.31171503448e+15	-3.03513132041e+13	0.000224160280715	0.999775864841
905.574156829	3.31060684251e+15	-3.03411568103e+13	0.000224330689905	0.99977569447
905.877187132	3.30949939196e+15	-3.03310072115e+13	0.000224501166446	0.999775524032
906.180217435	3.30839268207e+15	-3.03208644008e+13	0.000224671768547	0.999775353468
906.483247738	3.30728671212e+15	-3.03107283714e+13	0.000224842473672	0.999775182802
906.786278041	3.30618148135e+15	-3.03005991166e+13	0.000225013383562	0.99977501193
907.089308344	3.30507698903e+15	-3.02904766295e+13	0.000225184481741	0.99977484087
907.392338647	3.30397323441e+15	-3.02803609033e+13	0.000225355860675	0.99977466953
907.69536895	3.30287021676e+15	-3.02702519314e+13	0.000225527441187	0.999774497988
907.998399253	3.30176793535e+15	-3.02601497068e+13	0.000225699050913	0.999774326417
908.301429556	3.30066638942e+15	-3.0250054223e+13	0.00022587071495	0.999774154792
908.604459859	3.29956557826e+15	-3.0239965473e+13	0.000226042345674	0.9997739832
908.907490162	3.29846550111e+15	-3.02298834503e+13	0.00022621386196	0.999773811722
909.210520465	3.29736615725e+15	-3.0219808148e+13	0.000226385658654	0.999773639965
909.513550768	3.29626754595e+15	-3.02097395595e+13	0.000226557512625	0.99977346815
909.816581071	3.29516966647e+15	-3.0199677678e+13	0.000226729806455	0.999773295895
910.119611374	3.29407251809e+15	-3.01896224968e+13	0.000226903602803	0.999773122138
910.422641677	3.29297610006e+15	-3.01795740093e+13	0.000232349594119	0.999767677397
910.72567198	3.29188041167e+15	-3.01695322088e+13	0.000233969957675	0.999766057411
911.028702283	3.29078545219e+15	-3.01594970885e+13	0.000234556195535	0.999765471311
911.331732586	3.28969122088e+15	-3.01494686419e+13	0.000235203386145	0.999764824272
911.634762889	3.28859771703e+15	-3.01394468622e+13	0.000235935081142	0.999764092749
911.937793192	3.2875049399e+15	-3.01294317429e+13	0.00023678697391	0.999763241058
912.240823495	3.28641288877e+15	-3.01194232773e+13	0.000237814769	0.999762213507
912.543853798	3.28532156293e+15	-3.01094214587e+13	0.00023910463973	0.999760923944
912.846884101	3.28423096164e+15	-3.00994262806e+13	0.000240791063019	0.999759237925
913.149914404	3.28314108418e+15	-3.00894377363e+13	0.000243084850707	0.999756944692
913.452944708	3.28205192985e+15	-3.00794558193e+13	0.000246322934744	0.9997537074
913.755975011	3.2809634979e+15	-3.00694805229e+13	0.000251064407435	0.999748967107
914.059005314	3.27987578764e+15	-3.00595118405e+13	0.000258309300609	0.999741724058
914.362035617	3.27878879833e+15	-3.00495497656e+13	0.000270078836045	0.999729957632
914.66506592	3.27770252927e+15	-3.00395942916e+13	0.000291002936462	0.999709039401
914.968096223	3.27661697974e+15	-3.0029645412e+13	0.000331840736194	0.999668214317
915.271126526	3.27553214901e+15	-3.00197031202e+13	0.000414306702029	0.999585779111
915.574156829	3.27444803639e+15	-3.00097674096e+13	0.00056959086928	0.999430571317
915.877187132	3.27336464116e+15	-2.99998382738e+13	0.000815341038636	0.999184991262
916.180217435	3.2722819626e+15	-2.99899157061e+13	0.00111024915006	0.998890366948
916.483247738	3.2712e+15	-2.99799997002e+13	0.0013324275495	0.998668459738
916.786278041	3.27011875266e+15	-2.99700902494e+13	0.00134347916236	0.998657422902
917.089308344	3.26903821986e+15	-2.99601873474e+13	0.00110803710175	0.998892576545
917.392338647	3.2679584009e+15	-2.99502909875e+13	0.00073651734021	0.999263753822
917.69536895	3.26687929507e+15	-2.99404011633e+13	0.000391243693091	0.999608832833
917.998399253	3.26580090166e+15	-2.99305178684e+13	0.000165270814766	0.999834742842
918.301429556	3.26472321997e+15	-2.99206410962e+13	5.53680644782e-05	0.999944633468
918.604459859	3.26364624929e+15	-2.99107708404e+13	1.47155947415e-05	0.999985284514
918.907490162	3.26256998892e+15	-2.99009070944e+13	3.13469229207e-06	0.999996865313
919.210520465	3.26149443817e+15	-2.98910498519e+13	5.68963898887e-07	0.999999431036
919.513550768	3.26041959631e+15	-2.98811991064e+13	1.18007665788e-07	0.999999881992
919.816581071	3.25934546267e+15	-2.98713548514e+13	4.95715976984e-08	0.999999950428
920.119611374	3.25827203653e+15	-2.98615170807e+13	3.59268042698e-08	0.999999964073
920.422641677	3.25719931719e+15	-2.98516857877e+13	3.01074965896e-08	0.999999969893
920.72567198	3.25612730397e+15	-2.98418609661e+13	2.60108758034e-08	0.999999973989
921.028702283	3.25505599616e+15	-2.98320426095e+13	2.28062599378e-08	0.999999977194
921.331732586	3.25398539306e+15	-2.98222307114e+13	2.0230270795e-08	0.99999997977
921.634762889	3.25291549399e+15	-2.98124252657e+13	1.81199025746e-08	0.99999998188
921.937793192	3.25184629824e+15	-2.98026262658e+13	1.63644201487e-08	0.999999983636
922.240823495	3.25077780513e+15	-2.97928337054e+13	1.48846271016e-08	0.999999985115
922.543853798	3.24971001395e+15	-2.97830475781e+13	1.36360586471e-08	0.999999986364
922.846884101	3.24864292403e+15	-2.97732678778e+13	1.25505009688e-08	0.999999987449
923.149914404	3.24757653467e+15	-2.97634945979e+13	1.1607925282e-08	0.999999988392
923.452944708	3.24651084517e+15	-2.97537277322e+13	1.07829560088e-08	0.999999989217
923.755975011	3.24544585486e+15	-2.97439672744e+13	1.00559198306e-08	0.999999989944
924.059005314	3.24438156304e+15	-2.97342132182e+13	9.408329141e-09	0.999999990592
924.362035617	3.24331796903e+15	-2.97244655572e+13	8.84185975442e-09	0.999999991158
924.66506592	3.24225507213e+15	-2.97147242852e+13	8.32654499425e-09	0.999999991673
924.968096223	3.24119287167e+15	-2.97049893959e+13	7.86245044346e-09	0.999999992138
925.271126526	3.24013136696e+15	-2.96952608831e+13	7.44292230715e-09	0.999999992557
925.574156829	3.23907055732e+15	-2.96855387404e+13	7.06237610158e-09	0.999999992938
925.877187132	3.23801044206e+15	-2.96758229617e+13	6.71415985305e-09	0.999999993286
926.180217435	3.23695102051e+15	-2.96661135406e+13	6.39154815379e-09	0.999999993608
926.483247738	3.23589229198e+15	-2.9656410471e+13	6.10379444154e-09	0.999999993896
