912.0	3.28728070175e+15	-3.04494452414e+13	0.000239429578035	0.999760599083
911.932127928	3.28752536311e+15	-3.04517114922e+13	0.00023938912663	0.999760639525
911.864255856	3.28777006089e+15	-3.04539780804e+13	0.000239348544466	0.999760680097
911.796383785	3.2880147951e+15	-3.04562450061e+13	0.000239308102588	0.999760720529
911.728511713	3.28825956574e+15	-3.04585122692e+13	0.000239267664619	0.999760760958
911.660639641	3.28850437283e+15	-3.046077987e+13	0.000239227230554	0.999760801382
911.592767569	3.28874921638e+15	-3.04630478084e+13	0.00023918680039	0.999760841802
911.524895498	3.28899409639e+15	-3.04653160846e+13	0.000239146274182	0.999760882319
911.457023426	3.28923901286e+15	-3.04675846985e+13	0.000239105853003	0.999760922731
911.389151354	3.28948396582e+15	-3.04698536504e+13	0.000239065435687	0.999760963138
911.321279282	3.28972895526e+15	-3.04721229402e+13	0.000239025022231	0.999761003542
911.253407211	3.2899739812e+15	-3.04743925681e+13	0.000238984544185	0.99976104401
911.185535139	3.29021904364e+15	-3.04766625341e+13	0.000238944139265	0.999761084406
911.117663067	3.29046414259e+15	-3.04789328383e+13	0.000238903738182	0.999761124797
911.049790995	3.29070927806e+15	-3.04812034808e+13	0.000238863302039	0.999761165224
910.981918924	3.29095445005e+15	-3.04834744616e+13	0.000238822895348	0.999761205621
910.914046852	3.29119965859e+15	-3.04857457808e+13	0.000238782506393	0.999761246
910.84617478	3.29144490366e+15	-3.04880174385e+13	0.000238742121259	0.999761286375
910.778302708	3.29169018529e+15	-3.04902894348e+13	0.000238701739948	0.999761326747
910.710430636	3.29193550348e+15	-3.04925617697e+13	0.000238661362457	0.999761367115
910.642558565	3.29218085823e+15	-3.04948344434e+13	0.000238620988789	0.999761407479
910.574686493	3.29242624957e+15	-3.04971074559e+13	0.000238580618941	0.999761447839
910.506814421	3.29267167748e+15	-3.04993808072e+13	0.000238540252915	0.999761488196
910.438942349	3.29291714199e+15	-3.05016544975e+13	0.000238499890711	0.999761528548
910.371070278	3.2931626431e+15	-3.05039285268e+13	0.000238459532327	0.999761568897
910.303198206	3.29340818082e+15	-3.05062028952e+13	0.000238419177765	0.999761609242
910.235326134	3.29365375516e+15	-3.05084776028e+13	0.000238378827024	0.999761649583
910.167454062	3.29389936612e+15	-3.05107526497e+13	0.000238338480103	0.99976168992
910.099581991	3.29414501372e+15	-3.05130280359e+13	0.000238298137004	0.999761730254
910.031709919	3.29439069795e+15	-3.05153037615e+13	0.000238257797725	0.999761770583
909.963837847	3.29463641884e+15	-3.05175798265e+13	0.000238217462267	0.999761810909
909.895965775	3.29488217639e+15	-3.05198562312e+13	0.00023817713063	0.999761851231
909.828093704	3.2951279706e+15	-3.05221329754e+13	0.000238136802813	0.99976189155
909.760221632	3.29537380149e+15	-3.05244100594e+13	0.000238096478817	0.999761931864
909.69234956	3.29561966906e+15	-3.05266874832e+13	0.000238056158641	0.999761972174
909.624477488	3.29586557332e+15	-3.05289652468e+13	0.000238015842285	0.999762012481
909.556605416	3.29611151428e+15	-3.05312433503e+13	0.00023797552975	0.999762052784
909.488733345	3.29635749194e+15	-3.05335217939e+13	0.000237935221035	0.999762093083
909.420861273	3.29660350633e+15	-3.05358005776e+13	0.00023789491614	0.999762133379
909.352989201	3.29684955743e+15	-3.05380797014e+13	0.000237854615065	0.99976217367
909.285117129	3.29709564527e+15	-3.05403591655e+13	0.00023781431781	0.999762213958
909.217245058	3.29734176985e+15	-3.05426389699e+13	0.000237774024375	0.999762254242
909.149372986	3.29758793118e+15	-3.05449191147e+13	0.00023773373476	0.999762294522
909.081500914	3.29783412927e+15	-3.05471995999e+13	0.000237693448964	0.999762334798
909.013628842	3.29808036412e+15	-3.05494804257e+13	0.000237653166988	0.99976237507
908.945756771	3.29832663574e+15	-3.05517615922e+13	0.000237612888832	0.999762415339
908.877884699	3.29857294415e+15	-3.05540430993e+13	0.000237572614495	0.999762455604
908.810012627	3.29881928934e+15	-3.05563249472e+13	0.000237532343978	0.999762495865
908.742140555	3.29906567133e+15	-3.0558607136e+13	0.000237492077279	0.999762536122
908.674268484	3.29931209013e+15	-3.05608896656e+13	0.000237451814401	0.999762576375
908.606396412	3.29955854575e+15	-3.05631725363e+13	0.000237411555341	0.999762616625
908.53852434	3.29980503818e+15	-3.05654557481e+13	0.0002373713001	0.99976265687
908.470652268	3.30005156745e+15	-3.05677393011e+13	0.000237331048679	0.999762697112
908.402780196	3.30029813356e+15	-3.05700231952e+13	0.000237290801076	0.99976273735
908.334908125	3.30054473651e+15	-3.05723074307e+13	0.000237250557293	0.999762777584
908.267036053	3.30079137632e+15	-3.05745920076e+13	0.000237210317328	0.999762817815
908.199163981	3.30103805299e+15	-3.05768769259e+13	0.000237170081182	0.999762858041
908.131291909	3.30128476654e+15	-3.05791621858e+13	0.000237129848854	0.999762898264
908.063419838	3.30153151697e+15	-3.05814477873e+13	0.000237089620345	0.999762938483
907.995547766	3.30177830428e+15	-3.05837337305e+13	0.000237049395655	0.999762978698
907.927675694	3.3020251285e+15	-3.05860200155e+13	0.000237009174783	0.99976301891
907.859803622	3.30227198962e+15	-3.05883066423e+13	0.000236968957729	0.999763059117
907.791931551	3.30251888765e+15	-3.0590593611e+13	0.000236928744494	0.999763099321
907.724059479	3.3027658226e+15	-3.05928809217e+13	0.000236888535077	0.999763139521
907.656187407	3.30301279449e+15	-3.05951685745e+13	0.000236848329477	0.999763179717
907.588315335	3.30325980331e+15	-3.05974565695e+13	0.000236808127696	0.999763219909
907.520443264	3.30350684908e+15	-3.05997449067e+13	0.000236767929733	0.999763260098
907.452571192	3.3037539318e+15	-3.06020335862e+13	0.000236727735588	0.999763300282
907.38469912	3.30400105149e+15	-3.06043226081e+13	0.00023668754526	0.999763340463
907.316827048	3.30424820815e+15	-3.06066119725e+13	0.000236647358751	0.99976338064
907.248954976	3.30449540179e+15	-3.06089016793e+13	0.000236607176059	0.999763420813
907.181082905	3.30474263242e+15	-3.06111917289e+13	0.000236566997184	0.999763460983
907.113210833	3.30498990004e+15	-3.06134821211e+13	0.000236526822127	0.999763501148
907.045338761	3.30523720467e+15	-3.0615772856e+13	0.000236486650887	0.99976354131
906.977466689	3.30548454632e+15	-3.06180639338e+13	0.000236446483465	0.999763581468
906.909594618	3.30573192498e+15	-3.06203553546e+13	0.00023640631986	0.999763621622
906.841722546	3.30597934068e+15	-3.06226471183e+13	0.000236366160072	0.999763661772
906.773850474	3.30622679341e+15	-3.06249392251e+13	0.000236326004102	0.999763701919
906.705978402	3.30647428319e+15	-3.06272316751e+13	0.000236285851948	0.999763742061
906.638106331	3.30672181002e+15	-3.06295244683e+13	0.000236245703611	0.9997637822
906.570234259	3.30696937392e+15	-3.06318176048e+13	0.000236205559091	0.999763822335
906.502362187	3.30721697489e+15	-3.06341110847e+13	0.000236165418388	0.999763862466
906.434490115	3.30746461293e+15	-3.06364049081e+13	0.000236125281502	0.999763902594
906.366618044	3.30771228807e+15	-3.0638699075e+13	0.000236085148432	0.999763942717
906.298745972	3.3079600003e+15	-3.06409935855e+13	0.000236045019179	0.999763982837
906.2308739	3.30820774964e+15	-3.06432884397e+13	0.000236004893742	0.999764022953
906.163001828	3.30845553609e+15	-3.06455836377e+13	0.000235964772122	0.999764063065
906.095129756	3.30870335966e+15	-3.06478791795e+13	0.000235924654318	0.999764103174
906.027257685	3.30895122037e+15	-3.06501750653e+13	0.00023588454033	0.999764143278
905.959385613	3.30919911821e+15	-3.0652471295e+13	0.000235844430159	0.999764183379
905.891513541	3.30944705319e+15	-3.06547678689e+13	0.000235804323803	0.999764223476
905.823641469	3.30969502533e+15	-3.06570647869e+13	0.000235764221264	0.999764263569
905.755769398	3.30994303464e+15	-3.06593620491e+13	0.00023572412254	0.999764303658
905.687897326	3.31019108111e+15	-3.06616596556e+13	0.000235684027633	0.999764343744
905.620025254	3.31043916477e+15	-3.06639576066e+13	0.000235643936541	0.999764383825
905.552153182	3.31068728561e+15	-3.0666255902e+13	0.000235603849265	0.999764423903
905.484281111	3.31093544365e+15	-3.06685545419e+13	0.000235563765805	0.999764463977
905.416409039	3.3111836389e+15	-3.06708535265e+13	0.00023552368616	0.999764504047
905.348536967	3.31143187136e+15	-3.06731528558e+13	0.00023548361033	0.999764544114
905.280664895	3.31168014104e+15	-3.06754525298e+13	0.000235443538317	0.999764584176
906.280664895	3.30802599694e+15	-3.06416048996e+13	0.000236034329415	0.999763993524
906.583695198	3.30692027209e+15	-3.06313627841e+13	0.000236213520574	0.999763814376
906.886725501	3.30581528618e+15	-3.06211275133e+13	0.000236392787817	0.999763635151
907.189755804	3.30471103848e+15	-3.06108990803e+13	0.00023657213115	0.99976345585
907.492786107	3.30360752823e+15	-3.06006774782e+13	0.00023675155058	0.999763276473
907.79581641	3.30250475471e+15	-3.05904627003e+13	0.000236931046115	0.99976309702
908.098846713	3.30140271717e+15	-3.05802547397e+13	0.00023711061776	0.999762917491
908.401877016	3.30030141488e+15	-3.05700535895e+13	0.000237290265524	0.999762737886
908.70490732	3.29920084711e+15	-3.0559859243e+13	0.000237469989412	0.999762558204
909.007937623	3.29810101311e+15	-3.05496716934e+13	0.000237649789431	0.999762378447
909.310967926	3.29700191216e+15	-3.05394909338e+13	0.000237829665589	0.999762198614
909.613998229	3.29590354352e+15	-3.05293169575e+13	0.000238009617892	0.999762018704
909.917028532	3.29480590647e+15	-3.05191497576e+13	0.000238189646347	0.999761838719
910.220058835	3.29370900026e+15	-3.05089893275e+13	0.000238369750962	0.999761658657
910.523089138	3.29261282417e+15	-3.04988356604e+13	0.000238549931742	0.999761478519
910.826119441	3.29151737748e+15	-3.04886887494e+13	0.000238730188694	0.999761298305
911.129149744	3.29042265945e+15	-3.0478548588e+13	0.000238910575396	0.999761117961
911.432180047	3.28932866935e+15	-3.04684151693e+13	0.000239091058507	0.999760937521
911.73521035	3.28823540647e+15	-3.04582884866e+13	0.000239271655472	0.999760756968
912.038240653	3.28714287008e+15	-3.04481685332e+13	0.000239452371015	0.999760576295
912.341270956	3.28605105945e+15	-3.04380553024e+13	0.000239633211915	0.999760395498
912.644301259	3.28495997385e+15	-3.04279487875e+13	0.000239813965608	0.999760214787
912.947331562	3.28386961258e+15	-3.04178489819e+13	0.000239995036182	0.99976003376
913.250361865	3.2827799749e+15	-3.04077558787e+13	0.000240175973266	0.999759852867
913.553392168	3.2816910601e+15	-3.03976694715e+13	0.000240357304076	0.999759671579
913.856422471	3.28060286745e+15	-3.03875897534e+13	0.000240538452707	0.999759490474
914.159452774	3.27951539625e+15	-3.03775167179e+13	0.000240720100269	0.99975930887
914.462483077	3.27842864577e+15	-3.03674503583e+13	0.00024090198455	0.99975912703
914.76551338	3.27734261529e+15	-3.0357390668e+13	0.000241083607448	0.999758945451
915.068543683	3.27625730411e+15	-3.03473376404e+13	0.000241266032344	0.99975876307
915.371573986	3.2751727115e+15	-3.03372912687e+13	0.000241448307578	0.999758580839
915.674604289	3.27408883675e+15	-3.03272515465e+13	0.000241631193381	0.999758397997
915.977634592	3.27300567916e+15	-3.03172184671e+13	0.000241815962238	0.999758213273
916.280664895	3.271923238e+15	-3.0307192024e+13	0.000242002971504	0.999758026309
916.583695198	3.27084151257e+15	-3.02971722105e+13	0.000242192907574	0.999757836419
916.886725501	3.26976050216e+15	-3.02871590201e+13	0.000242388506607	0.999757640867
917.189755804	3.26868020606e+15	-3.02771524462e+13	0.000242588193289	0.999757441229
917.492786107	3.26760062356e+15	-3.02671524823e+13	0.000242791587281	0.999757237884
917.79581641	3.26652175396e+15	-3.02571591217e+13	0.00024299369058	0.99975703583
918.098846713	3.26544359655e+15	-3.02471723581e+13	0.000243193763009	0.999756835806
918.401877016	3.26436615062e+15	-3.02371921848e+13	0.000243390660747	0.999756638956
918.70490732	3.26328941547e+15	-3.02272185953e+13	0.00024358622597	0.999756443439
919.007937623	3.2622133904e+15	-3.02172515831e+13	0.000243782870648	0.999756246842
919.310967926	3.26113807471e+15	-3.02072911418e+13	0.000243984677989	0.999756045084
919.613998229	3.26006346769e+15	-3.01973372647e+13	0.000244199432675	0.999755830382
919.917028532	3.25898956864e+15	-3.01873899455e+13	0.000244483334797	0.999755546549
920.220058835	3.25791637687e+15	-3.01774491776e+13	0.000251454123352	0.999748577489
920.523089138	3.25684389167e+15	-3.01675149546e+13	0.000252056609082	0.999747975155
920.826119441	3.25577211235e+15	-3.015758727e+13	0.000252713867706	0.999747318062
921.129149744	3.25470103821e+15	-3.01476661173e+13	0.000253446831517	0.999746585283
921.432180047	3.25363066856e+15	-3.01377514902e+13	0.00025428497839	0.999745747349
921.73521035	3.2525610027e+15	-3.01278433821e+13	0.000255265202568	0.999744767375
922.038240653	3.25149203994e+15	-3.01179417867e+13	0.000256454075515	0.999743578806
922.341270956	3.25042377958e+15	-3.01080466976e+13	0.000257952241871	0.999742081025
922.644301259	3.24935622093e+15	-3.00981581082e+13	0.000259916864888	0.999740116911
922.947331562	3.2482893633e+15	-3.00882760123e+13	0.000262591106463	0.999737443368
923.250361865	3.247223206e+15	-3.00784004034e+13	0.000266362030051	0.999733673441
923.553392168	3.24615774835e+15	-3.00685312752e+13	0.000271875623032	0.999728161332
923.856422471	3.24509298965e+15	-3.00586686212e+13	0.000280288494696	0.999719750782
924.159452774	3.24402892921e+15	-3.00488124351e+13	0.000293935409654	0.999706107785
924.462483077	3.24296556635e+15	-3.00389627105e+13	0.000318165621789	0.999681884988
924.76551338	3.24190290038e+15	-3.00291194411e+13	0.00036498628133	0.999635080318
925.068543683	3.24084093062e+15	-3.00192826206e+13	0.000457759094828	0.999542345661
925.371573986	3.23977965639e+15	-3.00094522425e+13	0.000628331142031	0.999371866217
925.674604289	3.23871907699e+15	-2.99996283007e+13	0.000891768613464	0.999108628894
925.977634592	3.23765919176e+15	-2.99898107887e+13	0.00120056975472	0.998800150641
926.280664895	3.2366e+15	-2.99799997002e+13	0.00142674615359	0.998574271165
926.583695198	3.23554150104e+15	-2.9970195029e+13	0.0014304000061	0.998570622528
926.886725501	3.2344836942e+15	-2.99603967687e+13	0.00117934432205	0.998821350831
927.189755804	3.23342657879e+15	-2.99506049131e+13	0.000788642673884	0.999211668223
927.492786107	3.23237015415e+15	-2.99408194559e+13	0.000424862840108	0.999575227401
927.79581641	3.23131441959e+15	-2.99310403908e+13	0.000184360435254	0.999815656558
928.098846713	3.23025937444e+15	-2.99212677116e+13	6.52651856454e-05	0.999934736944
928.401877016	3.22920501802e+15	-2.99115014119e+13	1.98766583137e-05	0.999980123539
928.70490732	3.22815134966e+15	-2.99017414857e+13	6.18082732495e-06	0.999993819192
929.007937623	3.22709836869e+15	-2.98919879265e+13	2.66868892436e-06	0.999997331315
929.310967926	3.22604607443e+15	-2.98822407282e+13	1.72094076267e-06	0.999998279061
929.613998229	3.22499446621e+15	-2.98724998847e+13	1.33910463064e-06	0.999998660896
929.917028532	3.22394354337e+15	-2.98627653895e+13	1.10632554711e-06	0.999998893675
930.220058835	3.22289330522e+15	-2.98530372367e+13	9.38659130834e-07	0.999999061341
930.523089138	3.22184375111e+15	-2.98433154198e+13	8.11216743893e-07	0.999999188784
930.826119441	3.22079488036e+15	-2.98335999329e+13	7.10920129971e-07	0.99999928908
931.129149744	3.21974669231e+15	-2.98238907697e+13	6.30690762748e-07	0.999999369309
931.432180047	3.21869918629e+15	-2.98141879239e+13	5.64685766748e-07	0.999999435314
931.73521035	3.21765236163e+15	-2.98044913896e+13	5.09811189939e-07	0.999999490189
932.038240653	3.21660621768e+15	-2.97948011604e+13	4.64888175993e-07	0.999999535112
932.341270956	3.21556075376e+15	-2.97851172303e+13	4.2541012582e-07	0.99999957459
932.644301259	3.21451596922e+15	-2.97754395931e+13	3.91753045546e-07	0.999999608247
932.947331562	3.21347186339e+15	-2.97657682426e+13	3.62240249402e-07	0.99999963776
933.250361865	3.21242843561e+15	-2.97561031729e+13	3.36417510232e-07	0.999999663583
933.553392168	3.21138568522e+15	-2.97464443776e+13	3.13661444946e-07	0.999999686339
933.856422471	3.21034361157e+15	-2.97367918508e+13	2.93453780154e-07	0.999999706546
934.159452774	3.20930221398e+15	-2.97271455864e+13	2.7571833893e-07	0.999999724282
934.462483077	3.20826149181e+15	-2.97175055781e+13	2.59603462459e-07	0.999999740397
934.76551338	3.2072214444e+15	-2.97078718201e+13	2.45095246624e-07	0.999999754905
935.068543683	3.20618207109e+15	-2.96982443061e+13	2.31973188364e-07	0.999999768027
935.371573986	3.20514337123e+15	-2.96886230301e+13	2.20091112969e-07	0.999999779909
935.674604289	3.20410534416e+15	-2.96790079861e+13	2.09308563887e-07	0.999999790691
935.977634592	3.20306798923e+15	-2.96693991679e+13	1.99336669939e-07	0.999999800663
936.280664895	3.20203130579e+15	-2.96597965696e+13	1.90243678847e-07	0.999999809756
