912.0	3.28728070175e+15	-3.00300671749e+13	0.000881631707182	0.999118756816
911.803263299	3.28798998717e+15	-3.00365466609e+13	0.000807329047541	0.999192996755
911.606526598	3.28869957874e+15	-3.00430289435e+13	0.000759753810259	0.99924053473
911.409789897	3.28940947665e+15	-3.00495140246e+13	0.000728135544153	0.999272129482
911.213053196	3.2901196811e+15	-3.00560019062e+13	0.000706167942495	0.999294081335
911.016316495	3.2908301923e+15	-3.00624925898e+13	0.00069027797528	0.999309960212
910.819579795	3.29154101043e+15	-3.00689860774e+13	0.000678413331889	0.999321816738
910.622843094	3.29225213571e+15	-3.00754823709e+13	0.000669337559112	0.999330886397
910.426106393	3.29296356832e+15	-3.00819814719e+13	0.000662258868977	0.999337960376
910.229369692	3.29367530847e+15	-3.00884833823e+13	0.000656641696287	0.999343573846
910.032632991	3.29438735636e+15	-3.0094988104e+13	0.000652109219122	0.999348103358
909.83589629	3.29509971218e+15	-3.01014956388e+13	0.000648389258403	0.9993518209
909.639159589	3.29581237615e+15	-3.01080059885e+13	0.000645282044033	0.999354926106
909.442422888	3.29652534844e+15	-3.01145191549e+13	0.000642639536023	0.999357566913
909.245686187	3.29723862928e+15	-3.01210351398e+13	0.000640351330839	0.99935985365
909.048949486	3.29795221885e+15	-3.01275539451e+13	0.0006383348331	0.999361868859
908.852212785	3.29866611736e+15	-3.01340755727e+13	0.000636528097667	0.999363674443
908.655476085	3.299380325e+15	-3.01406000243e+13	0.00063488458379	0.999365316913
908.458739384	3.30009484199e+15	-3.01471273018e+13	0.000633369292259	0.999366831244
908.262002683	3.30080966852e+15	-3.0153657407e+13	0.000631955853222	0.999368243789
908.065265982	3.30152480478e+15	-3.01601903417e+13	0.000630624358022	0.999369574444
907.868529281	3.30224025099e+15	-3.01667261079e+13	0.000629359737843	0.999370838267
907.67179258	3.30295600735e+15	-3.01732647073e+13	0.000628150536685	0.999372046709
907.475055879	3.30367207404e+15	-3.01798061417e+13	0.000626201646901	0.999373994376
907.278319178	3.30438845129e+15	-3.01863504131e+13	0.000609459829145	0.999390725854
907.081582477	3.30510513929e+15	-3.01928975233e+13	0.000608931372593	0.999391253988
906.884845776	3.30582213824e+15	-3.01994474741e+13	0.000608403260468	0.999391781779
906.688109075	3.30653944834e+15	-3.02060002674e+13	0.000607875491965	0.999392309227
906.491372374	3.3072570698e+15	-3.02125559049e+13	0.000607348066911	0.999392836332
906.294635674	3.30797500282e+15	-3.02191143887e+13	0.000606820985157	0.999393363093
906.097898973	3.30869324761e+15	-3.02256757204e+13	0.000606294246544	0.999393889513
905.901162272	3.30941180435e+15	-3.02322399021e+13	0.000605767850924	0.999394415589
905.704425571	3.31013067327e+15	-3.02388069355e+13	0.000605241798153	0.999394941324
905.50768887	3.31084985456e+15	-3.02453768224e+13	0.000604716088071	0.999395466716
905.310952169	3.31156934843e+15	-3.02519495649e+13	0.000604190720537	0.999395991766
905.114215468	3.31228915508e+15	-3.02585251646e+13	0.000603665695393	0.999396516474
904.917478767	3.31300927471e+15	-3.02651036236e+13	0.0006031410125	0.99939704084
904.720742066	3.31372970753e+15	-3.02716849436e+13	0.000602616671703	0.999397564865
904.524005365	3.31445045374e+15	-3.02782691264e+13	0.00060209267286	0.999398088549
904.327268664	3.31517151355e+15	-3.02848561741e+13	0.000601569015823	0.999398611891
904.130531964	3.31589288716e+15	-3.02914460885e+13	0.00060104570044	0.999399134891
903.933795263	3.31661457478e+15	-3.02980388713e+13	0.000600522726568	0.999399657551
903.737058562	3.3173365766e+15	-3.03046345246e+13	0.000600000094057	0.99940017987
903.540321861	3.31805889285e+15	-3.03112330501e+13	0.000599477802755	0.999400701848
903.34358516	3.31878152372e+15	-3.03178344498e+13	0.000598955852516	0.999401223486
903.146848459	3.31950446942e+15	-3.03244387255e+13	0.00059843424319	0.999401744783
902.950111758	3.32022773015e+15	-3.03310458791e+13	0.000597912974626	0.99940226574
902.753375057	3.32095130612e+15	-3.03376559125e+13	0.000597392046677	0.999402786356
902.556638356	3.32167519754e+15	-3.03442688276e+13	0.000596871459195	0.999403306633
902.359901655	3.32239940461e+15	-3.03508846262e+13	0.000596351212029	0.99940382657
902.163164954	3.32312392753e+15	-3.03575033103e+13	0.000595831305033	0.999404346167
901.966428254	3.32384876653e+15	-3.03641248817e+13	0.000595311738058	0.999404865425
901.769691553	3.32457392179e+15	-3.03707493423e+13	0.000594792510955	0.999405384343
901.572954852	3.32529939354e+15	-3.0377376694e+13	0.000594273623576	0.999405902922
901.376218151	3.32602518197e+15	-3.03840069388e+13	0.000593755075773	0.999406421162
901.17948145	3.3267512873e+15	-3.03906400784e+13	0.000593236867397	0.999406939063
900.982744749	3.32747770973e+15	-3.03972761148e+13	0.000592718998301	0.999407456625
900.786008048	3.32820444946e+15	-3.040391505e+13	0.000592201468337	0.999407973848
900.589271347	3.32893150672e+15	-3.04105568857e+13	0.000591684277356	0.999408490733
900.392534646	3.3296588817e+15	-3.04172016239e+13	0.00059116742521	0.99940900728
900.195797945	3.33038657461e+15	-3.04238492666e+13	0.000590650911751	0.999409523488
899.999061244	3.33111458567e+15	-3.04304998155e+13	0.000590134736831	0.999410039358
899.802324544	3.33184291508e+15	-3.04371532726e+13	0.000589618900303	0.999410554891
899.605587843	3.33257156304e+15	-3.04438096399e+13	0.000589103402017	0.999411070085
899.408851142	3.33330052978e+15	-3.04504689192e+13	0.000588588241828	0.999411584942
899.212114441	3.3340298155e+15	-3.04571311124e+13	0.000588073419586	0.999412099462
899.01537774	3.3347594204e+15	-3.04637962215e+13	0.000587558935143	0.999412613644
898.818641039	3.3354893447e+15	-3.04704642483e+13	0.000587044788353	0.999413127489
898.621904338	3.3362195886e+15	-3.04771351948e+13	0.000586530979066	0.999413640997
898.425167637	3.33695015233e+15	-3.0483809063e+13	0.000586017507136	0.999414154168
898.228430936	3.33768103608e+15	-3.04904858546e+13	0.000585504372415	0.999414667002
898.031694235	3.33841224006e+15	-3.04971655717e+13	0.000584991574755	0.999415179499
897.834957534	3.3391437645e+15	-3.05038482162e+13	0.000584479114009	0.999415691661
897.638220833	3.33987560959e+15	-3.05105337899e+13	0.000583966990028	0.999416203486
897.441484133	3.34060777556e+15	-3.05172222949e+13	0.000583455202665	0.999416714974
897.244747432	3.3413402626e+15	-3.0523913733e+13	0.000582943751773	0.999417226127
897.048010731	3.34207307094e+15	-3.05306081062e+13	0.000582432637205	0.999417736944
896.85127403	3.34280620078e+15	-3.05373054163e+13	0.000581921858812	0.999418247425
896.654537329	3.34353965233e+15	-3.05440056655e+13	0.000581411416447	0.99941875757
896.457800628	3.34427342581e+15	-3.05507088555e+13	0.000580901309963	0.999419267381
896.261063927	3.34500752143e+15	-3.05574149883e+13	0.000580391539213	0.999419776855
896.064327226	3.3457419394e+15	-3.05641240658e+13	0.000579882104049	0.999420285995
895.867590525	3.34647667993e+15	-3.05708360901e+13	0.000579373004323	0.9994207948
895.670853824	3.34721174324e+15	-3.0577551063e+13	0.000578864239889	0.99942130327
895.474117123	3.34794712954e+15	-3.05842689864e+13	0.0005783558106	0.999421811405
895.277380423	3.34868283904e+15	-3.05909898624e+13	0.000577847716308	0.999422319206
895.080643722	3.34941887195e+15	-3.05977136929e+13	0.000577339956865	0.999422826672
894.883907021	3.35015522849e+15	-3.06044404797e+13	0.000576832532125	0.999423333804
894.68717032	3.35089190888e+15	-3.06111702249e+13	0.000576325441941	0.999423840602
894.490433619	3.35162891331e+15	-3.06179029305e+13	0.000575818686166	0.999424347066
894.293696918	3.35236624202e+15	-3.06246385983e+13	0.000575312264652	0.999424853196
894.096960217	3.35310389521e+15	-3.06313772303e+13	0.000574806177252	0.999425358992
893.900223516	3.3538418731e+15	-3.06381188286e+13	0.000574300423821	0.999425864455
893.703486815	3.3545801759e+15	-3.06448633949e+13	0.000573795004209	0.999426369585
893.506750114	3.35531880382e+15	-3.06516109314e+13	0.000573289918271	0.999426874381
893.310013413	3.35605775709e+15	-3.06583614399e+13	0.00057278516586	0.999427378844
893.113276713	3.35679703591e+15	-3.06651149225e+13	0.000572280746829	0.999427882975
892.916540012	3.3575366405e+15	-3.06718713811e+13	0.000571776661031	0.999428386772
892.719803311	3.35827657108e+15	-3.06786308176e+13	0.000571272908319	0.999428890237
892.52306661	3.35901682787e+15	-3.06853932341e+13	0.000570769488547	0.999429393369
893.52306661	3.35525753283e+15	-3.06510512068e+13	0.00057333179524	0.999426832528
893.826096913	3.35412001323e+15	-3.06406597028e+13	0.000574109952251	0.999426054817
894.129127216	3.35298326466e+15	-3.06302752424e+13	0.00057488890111	0.999425276316
894.432157519	3.35184728635e+15	-3.06198978185e+13	0.000575668642356	0.999424497023
894.735187822	3.3507120775e+15	-3.06095274239e+13	0.000576449176525	0.999423716938
895.038218125	3.34957763734e+15	-3.05991640513e+13	0.000577230504154	0.999422936061
895.341248428	3.3484439651e+15	-3.05888076939e+13	0.000578012625782	0.999422154391
895.644278731	3.34731105998e+15	-3.05784583443e+13	0.000578795541945	0.999421371928
895.947309034	3.3461789212e+15	-3.05681159954e+13	0.000579579253182	0.99942058867
896.250339337	3.34504754801e+15	-3.05577806403e+13	0.000580363760032	0.999419804618
896.55336964	3.34391693961e+15	-3.05474522718e+13	0.000581149063031	0.999419019771
896.856399943	3.34278709523e+15	-3.05371308827e+13	0.000581935162719	0.999418234129
897.159430246	3.34165801409e+15	-3.05268164661e+13	0.000582722059634	0.99941744769
897.462460549	3.34052969543e+15	-3.05165090149e+13	0.000583509754315	0.999416660454
897.765490852	3.33940213847e+15	-3.0506208522e+13	0.000584298247302	0.999415872422
898.068521155	3.33827534245e+15	-3.04959149804e+13	0.000585087539133	0.999415083591
898.371551458	3.33714930658e+15	-3.0485628383e+13	0.000585877630347	0.999414293962
898.674581761	3.3360240301e+15	-3.04753487229e+13	0.000586668521485	0.999413503535
898.977612064	3.33489951225e+15	-3.04650759929e+13	0.000587460213086	0.999412712308
899.280642367	3.33377575226e+15	-3.04548101861e+13	0.000588252705689	0.999411920281
899.58367267	3.33265274936e+15	-3.04445512956e+13	0.000589045999836	0.999411127454
899.886702973	3.33153050278e+15	-3.04342993142e+13	0.000589840096066	0.999410333825
900.189733276	3.33040901176e+15	-3.04240542351e+13	0.00059063499492	0.999409539396
900.492763579	3.32928827555e+15	-3.04138160513e+13	0.000591430696938	0.999408744164
900.795793883	3.32816829337e+15	-3.04035847557e+13	0.000592227202662	0.999407948129
901.098824186	3.32704906447e+15	-3.03933603415e+13	0.000593024512632	0.999407151292
901.401854489	3.32593058808e+15	-3.03831428018e+13	0.000593822627389	0.99940635365
901.704884792	3.32481286346e+15	-3.03729321295e+13	0.000594621547475	0.999405555205
902.007915095	3.32369588984e+15	-3.03627283178e+13	0.000595421273432	0.999404755955
902.310945398	3.32257966646e+15	-3.03525313598e+13	0.000596221805801	0.999403955899
902.613975701	3.32146419257e+15	-3.03423412485e+13	0.000597023145125	0.999403155038
902.917006004	3.32034946741e+15	-3.0332157977e+13	0.000597825291945	0.99940235337
903.220036307	3.31923549023e+15	-3.03219815386e+13	0.000598628246806	0.999401550895
903.52306661	3.31812226029e+15	-3.03118119262e+13	0.00059943201025	0.999400747613
903.826096913	3.31700977681e+15	-3.03016491331e+13	0.000600236582823	0.999399943523
904.129127216	3.31589803907e+15	-3.02914931524e+13	0.000601041965069	0.999399138624
904.432157519	3.3147870463e+15	-3.02813439771e+13	0.000601848157536	0.999398332917
904.735187822	3.31367679776e+15	-3.02712016006e+13	0.00060265516076	0.999397526399
905.038218125	3.3125672927e+15	-3.02610660159e+13	0.000603462975284	0.999396719072
905.341248428	3.31145853037e+15	-3.02509372163e+13	0.000604271601644	0.999395910934
905.644278731	3.31035051003e+15	-3.02408151949e+13	0.000605081040382	0.999395101984
905.947309034	3.30924323093e+15	-3.0230699945e+13	0.000605891292036	0.999394292223
906.250339337	3.30813669233e+15	-3.02205914596e+13	0.000606702357172	0.999393481649
906.55336964	3.30703089349e+15	-3.02104897322e+13	0.000607514236322	0.999392670263
906.856399943	3.30592583367e+15	-3.02003947558e+13	0.000608326930051	0.999391858063
907.159430246	3.30482151212e+15	-3.01903065237e+13	0.000609140438947	0.999391045049
907.462460549	3.30371792811e+15	-3.01802250292e+13	0.000625054845303	0.999375140461
907.765490852	3.30261508089e+15	-3.01701502655e+13	0.000628720130055	0.999371477473
908.068521155	3.30151296973e+15	-3.01600822258e+13	0.000630645808912	0.999369553006
908.371551458	3.3004115939e+15	-3.01500209035e+13	0.000632731640976	0.999367468491
908.674581761	3.29931095265e+15	-3.01399662918e+13	0.000635038081396	0.999365163513
908.977612064	3.29821104525e+15	-3.01299183841e+13	0.000637658195403	0.999362545065
909.280642367	3.29711187098e+15	-3.01198771735e+13	0.000640735982953	0.999359469245
909.58367267	3.29601342909e+15	-3.01098426535e+13	0.000644495093494	0.999355712549
909.886702973	3.29491571885e+15	-3.00998148172e+13	0.000649284252168	0.999350926487
910.189733276	3.29381873954e+15	-3.00897936582e+13	0.000655651323821	0.999344563569
910.492763579	3.29272249042e+15	-3.00797791696e+13	0.000664470743484	0.999335749968
910.795793883	3.29162697076e+15	-3.00697713449e+13	0.000677186736303	0.999323042503
911.098824186	3.29053217984e+15	-3.00597701773e+13	0.000696357899243	0.999303884502
911.401854489	3.28943811694e+15	-3.00497756603e+13	0.000727093654439	0.999273170614
911.704884792	3.28834478131e+15	-3.00397877871e+13	0.000780998540215	0.99921930636
912.007915095	3.28725217225e+15	-3.00298065513e+13	0.000885398072225	0.999114993777
912.310945398	3.28616028902e+15	-3.00198319461e+13	0.00109708909767	0.998903512485
912.613975701	3.2850691309e+15	-3.0009863965e+13	0.0015019514182	0.998499175946
912.917006004	3.28397869717e+15	-2.99999026014e+13	0.00215766620421	0.997844659884
913.220036307	3.28288898711e+15	-2.99899478486e+13	0.00296815695857	0.997036243664
913.52306661	3.2818e+15	-2.99799997002e+13	0.00360862054323	0.996397882703
913.826096913	3.28071173512e+15	-2.99700581495e+13	0.00368523601339	0.996321546135
914.129127216	3.27962419175e+15	-2.99601231899e+13	0.00307257498511	0.996932140543
914.432157519	3.27853736917e+15	-2.9950194815e+13	0.00205896028098	0.997943157924
914.735187822	3.27745126668e+15	-2.99402730182e+13	0.0010990710915	0.998901532666
915.038218125	3.27636588354e+15	-2.99303577929e+13	0.00046484841584	0.999535259609
915.341248428	3.27528121905e+15	-2.99204491326e+13	0.000155249726294	0.999844762324
915.644278731	3.2741972725e+15	-2.99105470308e+13	4.08504567328e-05	0.999959150378
915.947309034	3.27311404317e+15	-2.9900651481e+13	8.45543773797e-06	0.999991544598
916.250339337	3.27203153034e+15	-2.98907624766e+13	1.37517223913e-06	0.999998624829
916.55336964	3.27094973332e+15	-2.98808800113e+13	1.75571917788e-07	0.999999824428
916.856399943	3.26986865139e+15	-2.98710040785e+13	1.75863406607e-08	0.999999982414
917.159430246	3.26878828384e+15	-2.98611346717e+13	1.38310774341e-09	0.999999998617
917.462460549	3.26770862996e+15	-2.98512717845e+13	9.22568168125e-11	0.999999999908
917.765490852	3.26662968905e+15	-2.98414154104e+13	5.82957100971e-12	0.999999999994
918.068521155	3.26555146039e+15	-2.98315655429e+13	1.4187698202e-12	0.999999999999
918.371551458	3.2644739433e+15	-2.98217221757e+13	1.11465270266e-12	0.999999999999
918.674581761	3.26339713705e+15	-2.98118853022e+13	9.93463783806e-13	0.999999999999
918.977612064	3.26232104095e+15	-2.98020549161e+13	8.96297384765e-13	0.999999999999
919.280642367	3.2612456543e+15	-2.9792231011e+13	8.1477710493e-13	0.999999999999
919.58367267	3.26017097639e+15	-2.97824135804e+13	7.46022695946e-13	0.999999999999
919.886702973	3.25909700652e+15	-2.9772602618e+13	6.86312661101e-13	0.999999999999
920.189733276	3.258023744e+15	-2.97627981173e+13	6.34223725019e-13	0.999999999999
920.492763579	3.25695118812e+15	-2.97530000719e+13	5.88923026848e-13	0.999999999999
920.795793883	3.2558793382e+15	-2.97432084756e+13	5.48863042817e-13	0.999999999999
921.098824186	3.25480819352e+15	-2.97334233219e+13	5.13219452547e-13	0.999999999999
921.401854489	3.2537377534e+15	-2.97236446045e+13	4.8205420287e-13	1.0
921.704884792	3.25266801714e+15	-2.9713872317e+13	4.53768191727e-13	1.0
922.007915095	3.25159898404e+15	-2.97041064531e+13	4.28243391446e-13	1.0
922.310945398	3.25053065342e+15	-2.96943470064e+13	4.0520761895e-13	1.0
922.613975701	3.24946302458e+15	-2.96845939707e+13	3.84049037942e-13	1.0
922.917006004	3.24839609683e+15	-2.96748473396e+13	3.64724532883e-13	1.0
923.220036307	3.24732986948e+15	-2.96651071068e+13	3.46888578753e-13	1.0
923.52306661	3.24626434184e+15	-2.9655373266e+13	3.31136077484e-13	1.0
