912.0	3.28728070175e+15	-3.02234649353e+13	0.000231615233914	0.999768411587
911.862689704	3.28777570774e+15	-3.02280160514e+13	0.000231535417764	0.999768491384
911.725379407	3.28827086282e+15	-3.02325685383e+13	0.000231455232838	0.999768571551
911.588069111	3.28876616707e+15	-3.02371223967e+13	0.000231375375672	0.99976865139
911.450758815	3.28926162056e+15	-3.02416776272e+13	0.00023129513829	0.999768731608
911.313448519	3.28975722335e+15	-3.02462342304e+13	0.000231215209619	0.999768811519
911.176138222	3.29025297551e+15	-3.02507922069e+13	0.000231135169575	0.99976889154
911.038827926	3.29074887711e+15	-3.02553515573e+13	0.000231054738464	0.999768971953
910.90151763	3.29124492821e+15	-3.02599122823e+13	0.000230974522331	0.99976905215
910.764207333	3.29174112889e+15	-3.02644743825e+13	0.000230894233978	0.99976913242
910.626897037	3.29223747921e+15	-3.02690378585e+13	0.000230813909875	0.999769212726
910.489586741	3.29273397923e+15	-3.02736027109e+13	0.000230733360867	0.999769293256
910.352276445	3.29323062904e+15	-3.02781689404e+13	0.000230653111098	0.999769373487
910.214966148	3.29372742868e+15	-3.02827365476e+13	0.000230572963774	0.999769453616
910.077655852	3.29422437824e+15	-3.0287305533e+13	0.000230492953551	0.999769533608
909.940345556	3.29472147778e+15	-3.02918758974e+13	0.0002304129234	0.99976961362
909.803035259	3.29521872736e+15	-3.02964476413e+13	0.000230333240976	0.999769693284
909.665724963	3.29571612707e+15	-3.03010207654e+13	0.000230253718281	0.999769772788
909.528414667	3.29621367695e+15	-3.03055952703e+13	0.000230174340958	0.999769852147
909.39110437	3.29671137709e+15	-3.03101711566e+13	0.000230094952566	0.999769931517
909.253794074	3.29720922754e+15	-3.0314748425e+13	0.000230015808894	0.999770010643
909.116483778	3.29770722839e+15	-3.0319327076e+13	0.000229936749825	0.999770089684
908.979173482	3.29820537969e+15	-3.03239071103e+13	0.0002298577582	0.999770168657
908.841863185	3.29870368151e+15	-3.03284885286e+13	0.00022977871379	0.999770247683
908.704552889	3.29920213393e+15	-3.03330713314e+13	0.000229699821546	0.999770326557
908.567242593	3.299700737e+15	-3.03376555194e+13	0.000229620964709	0.999770405396
908.429932296	3.30019949081e+15	-3.03422410932e+13	0.000229542137837	0.999770484205
908.292622	3.30069839541e+15	-3.03468280535e+13	0.000229463337106	0.999770562988
908.155311704	3.30119745088e+15	-3.03514164008e+13	0.000229384478118	0.999770641828
908.018001408	3.30169665728e+15	-3.03560061358e+13	0.000229305724356	0.999770720564
907.880691111	3.30219601469e+15	-3.03605972592e+13	0.000229226990703	0.99977079928
907.743380815	3.30269552316e+15	-3.03651897715e+13	0.000229148276144	0.999770877976
907.606070519	3.30319518278e+15	-3.03697836734e+13	0.000229069515178	0.999770956719
907.468760222	3.30369499361e+15	-3.03743789655e+13	0.000228990838224	0.999771035378
907.331449926	3.30419495571e+15	-3.03789756485e+13	0.000228912178467	0.99977111402
907.19413963	3.30469506915e+15	-3.03835737229e+13	0.000228833535539	0.999771192645
907.056829334	3.30519533402e+15	-3.03881731895e+13	0.000228754857716	0.999771271305
906.919519037	3.30569575036e+15	-3.03927740488e+13	0.000228676248854	0.999771349896
906.782208741	3.30619631826e+15	-3.03973763014e+13	0.000228597656039	0.99977142847
906.644898445	3.30669703777e+15	-3.04019799481e+13	0.000228519079117	0.999771507029
906.507588148	3.30719790898e+15	-3.04065849895e+13	0.0002284404772	0.999771585613
906.370277852	3.30769893195e+15	-3.04111914261e+13	0.000228361932692	0.99977166414
906.232967556	3.30820010674e+15	-3.04157992586e+13	0.000228283403722	0.999771742651
906.09565726	3.30870143343e+15	-3.04204084877e+13	0.000228204890223	0.999771821147
905.958346963	3.30920291209e+15	-3.0425019114e+13	0.000228126360184	0.999771899659
905.821036667	3.30970454278e+15	-3.0429631138e+13	0.000228047878243	0.999771978123
905.683726371	3.31020632557e+15	-3.04342445606e+13	0.000227969411606	0.999772056571
905.546416074	3.31070826054e+15	-3.04388593822e+13	0.000227890960244	0.999772135005
905.409105778	3.31121034775e+15	-3.04434756035e+13	0.000227812499567	0.999772213448
905.271795482	3.31171258727e+15	-3.04480932252e+13	0.000227734079277	0.99977229185
905.134485186	3.31221497918e+15	-3.04527122479e+13	0.000227655674181	0.999772370237
904.997174889	3.31271752353e+15	-3.04573326723e+13	0.000227577265444	0.999772448628
904.859864593	3.3132202204e+15	-3.04619544989e+13	0.000227498891152	0.999772526985
904.722554297	3.31372306987e+15	-3.04665777285e+13	0.000227420517888	0.99977260534
904.585244	3.31422607199e+15	-3.04712023616e+13	0.000227342174225	0.999772683666
904.447933704	3.31472922684e+15	-3.04758283988e+13	0.000227263836023	0.999772761986
904.310623408	3.31523253448e+15	-3.0480455841e+13	0.000227185517281	0.999772840287
904.173313111	3.315735995e+15	-3.04850846886e+13	0.000227107217398	0.999772918569
904.036002815	3.31623960845e+15	-3.04897149423e+13	0.000227028934602	0.999772996835
903.898692519	3.31674337491e+15	-3.04943466027e+13	0.000226950666904	0.999773075084
903.761382223	3.31724729444e+15	-3.04989796706e+13	0.000226872414305	0.999773153319
903.624071926	3.31775136712e+15	-3.05036141465e+13	0.000226794176803	0.999773231539
903.48676163	3.31825559302e+15	-3.0508250031e+13	0.000226715954399	0.999773309744
903.349451334	3.31875997221e+15	-3.05128873249e+13	0.000226637747091	0.999773387933
903.212141037	3.31926450474e+15	-3.05175260288e+13	0.000226559554878	0.999773466108
903.074830741	3.31976919071e+15	-3.05221661432e+13	0.000226481377761	0.999773544267
902.937520445	3.32027403017e+15	-3.0526807669e+13	0.000226403215739	0.999773622412
902.800210149	3.3207790232e+15	-3.05314506066e+13	0.00022632506881	0.999773700541
902.662899852	3.32128416986e+15	-3.05360949567e+13	0.000226246936975	0.999773778655
902.525589556	3.32178947023e+15	-3.054074072e+13	0.000226168820232	0.999773856754
902.38827926	3.32229492437e+15	-3.05453878972e+13	0.000226090718582	0.999773934838
902.250968963	3.32280053237e+15	-3.05500364888e+13	0.000226012632023	0.999774012907
902.113658667	3.32330629428e+15	-3.05546864956e+13	0.000225934560555	0.999774090961
901.976348371	3.32381221017e+15	-3.05593379181e+13	0.000225856504177	0.999774168999
901.839038075	3.32431828012e+15	-3.0563990757e+13	0.000225778462889	0.999774247023
901.701727778	3.3248245042e+15	-3.0568645013e+13	0.000225700436689	0.999774325032
901.564417482	3.32533088248e+15	-3.05733006867e+13	0.000225622425578	0.999774403025
901.427107186	3.32583741503e+15	-3.05779577788e+13	0.000225544429555	0.999774481004
901.289796889	3.32634410192e+15	-3.05826162898e+13	0.000225466448619	0.999774558967
901.152486593	3.32685094321e+15	-3.05872762205e+13	0.00022538848277	0.999774636915
901.015176297	3.32735793899e+15	-3.05919375715e+13	0.000225310532006	0.999774714849
900.877866001	3.32786508932e+15	-3.05966003435e+13	0.000225232596328	0.999774792767
900.740555704	3.32837239426e+15	-3.06012645371e+13	0.000225154675734	0.99977487067
900.603245408	3.3288798539e+15	-3.06059301529e+13	0.000225076770224	0.999774948558
900.465935112	3.32938746831e+15	-3.06105971916e+13	0.000224998879798	0.999775026431
900.328624815	3.32989523755e+15	-3.06152656538e+13	0.000224921004455	0.999775104288
900.191314519	3.33040316169e+15	-3.06199355403e+13	0.000224843144193	0.999775182131
900.054004223	3.33091124081e+15	-3.06246068516e+13	0.000224765299014	0.999775259959
899.916693927	3.33141947497e+15	-3.06292795885e+13	0.000224687468915	0.999775337771
899.77938363	3.33192786426e+15	-3.06339537515e+13	0.000224609653896	0.999775415569
899.642073334	3.33243640873e+15	-3.06386293413e+13	0.000224531853957	0.999775493351
899.504763038	3.33294510846e+15	-3.06433063585e+13	0.000224454069097	0.999775571119
899.367452741	3.33345396352e+15	-3.06479848039e+13	0.000224376299316	0.999775648871
899.230142445	3.33396297398e+15	-3.06526646781e+13	0.000224298544613	0.999775726608
899.092832149	3.33447213992e+15	-3.06573459817e+13	0.000224220804986	0.999775804331
898.955521852	3.3349814614e+15	-3.06620287154e+13	0.000224143080436	0.999775882038
898.818211556	3.3354909385e+15	-3.06667128798e+13	0.000224065370963	0.99977595973
898.68090126	3.33600057128e+15	-3.06713984756e+13	0.000223987676564	0.999776037407
898.543590964	3.33651035982e+15	-3.06760855035e+13	0.00022390999724	0.999776115069
898.406280667	3.33702030419e+15	-3.06807739641e+13	0.00022383233299	0.999776192716
899.406280667	3.33331005625e+15	-3.06466617114e+13	0.000224398289141	0.999775626886
899.70931097	3.33218736701e+15	-3.06363396361e+13	0.000224569948881	0.999775455265
900.012341273	3.33106543379e+15	-3.06260245116e+13	0.000224741682064	0.99977528357
900.315371576	3.32994425581e+15	-3.06157163309e+13	0.000224913488697	0.999775111802
900.618401879	3.32882383232e+15	-3.06054150869e+13	0.000225085368785	0.999774939961
900.921432182	3.32770416255e+15	-3.05951207727e+13	0.000225257322337	0.999774768046
901.224462486	3.32658524574e+15	-3.05848333812e+13	0.000225429349357	0.999774596058
901.527492789	3.32546708113e+15	-3.05745529056e+13	0.000225601449854	0.999774423996
901.830523092	3.32434966796e+15	-3.05642793388e+13	0.000225773623834	0.999774251861
902.133553395	3.32323300549e+15	-3.05540126739e+13	0.000225945871303	0.999774079653
902.436583698	3.32211709294e+15	-3.05437529039e+13	0.000226118192269	0.999773907371
902.739614001	3.32100192958e+15	-3.05335000218e+13	0.000226290586737	0.999773735015
903.042644304	3.31988751463e+15	-3.05232540208e+13	0.000226463054714	0.999773562586
903.345674607	3.31877384735e+15	-3.05130148939e+13	0.000226635596208	0.999773390084
903.64870491	3.31766092699e+15	-3.05027826341e+13	0.000226808211224	0.999773217508
903.951735213	3.31654875279e+15	-3.04925572347e+13	0.00022698089977	0.999773044858
904.254765516	3.315437324e+15	-3.04823386887e+13	0.000227153663819	0.999772872134
904.557795819	3.31432663989e+15	-3.04721269892e+13	0.000227326515224	0.999772699321
904.860826122	3.31321669969e+15	-3.04619221292e+13	0.000227499439923	0.999772526436
905.163856425	3.31210750266e+15	-3.04517241021e+13	0.000227672444078	0.999772353471
905.466886728	3.31099904805e+15	-3.04415329008e+13	0.000227845503815	0.999772180451
905.769917031	3.30989133513e+15	-3.04313485186e+13	0.000228018663892	0.99977200733
906.072947334	3.30878436314e+15	-3.04211709486e+13	0.000228191906261	0.999771834128
906.375977637	3.30767813134e+15	-3.0411000184e+13	0.000228365192785	0.999771660881
906.67900794	3.30657263899e+15	-3.04008362179e+13	0.000228538597074	0.999771487516
906.982038243	3.30546788535e+15	-3.03906790435e+13	0.000228712038515	0.999771314114
907.285068546	3.30436386968e+15	-3.03805286541e+13	0.000228885612187	0.99977114058
907.588098849	3.30326059123e+15	-3.03703850428e+13	0.00022905921666	0.999770967015
907.891129152	3.30215804928e+15	-3.03602482028e+13	0.000229232975189	0.999770793297
908.194159455	3.30105624308e+15	-3.03501181275e+13	0.000229406762915	0.999770619549
908.497189758	3.2999551719e+15	-3.03399948099e+13	0.000229580745419	0.999770445606
908.800220061	3.298854835e+15	-3.03298782433e+13	0.000229754783398	0.999770271608
909.103250364	3.29775523165e+15	-3.0319768421e+13	0.000229929134239	0.999770097297
909.406280667	3.29665636112e+15	-3.03096653363e+13	0.000230103705988	0.999769922766
909.70931097	3.29555822266e+15	-3.02995689824e+13	0.000230278944397	0.999769747568
910.012341273	3.29446081556e+15	-3.02894793526e+13	0.000230454769281	0.999769571783
910.315371576	3.29336413908e+15	-3.02793964401e+13	0.0002306315582	0.999769395035
910.618401879	3.29226819249e+15	-3.02693202383e+13	0.00023080894029	0.999769217694
910.921432182	3.29117297506e+15	-3.02592507405e+13	0.000230986161595	0.999769040514
911.224462486	3.29007848607e+15	-3.024918794e+13	0.000231163358943	0.999768863357
911.527492789	3.28898472478e+15	-3.023913183e+13	0.000231340156977	0.9997686866
911.830523092	3.28789169048e+15	-3.0229082404e+13	0.000231516726904	0.999768510071
912.133553395	3.28679938244e+15	-3.02190396553e+13	0.000231693322118	0.999768333517
912.436583698	3.28570779993e+15	-3.02090035772e+13	0.000231870593159	0.999768156287
912.739614001	3.28461694224e+15	-3.0198974163e+13	0.000232049504192	0.999767977417
913.042644304	3.28352680864e+15	-3.01889514062e+13	0.000232235706953	0.999767791258
913.345674607	3.2824373984e+15	-3.01789353001e+13	0.000238391275626	0.999761637137
913.64870491	3.28134871082e+15	-3.01689258381e+13	0.000239482097658	0.999760546576
913.951735213	3.28026074517e+15	-3.01589230136e+13	0.000240085962315	0.999759942856
914.254765516	3.27917350073e+15	-3.01489268199e+13	0.000240753751099	0.999759275228
914.557795819	3.27808697679e+15	-3.01389372506e+13	0.000241510595113	0.999758518566
914.860826122	3.27700117264e+15	-3.0128954299e+13	0.000242392949438	0.999757636425
915.163856425	3.27591608754e+15	-3.01189779585e+13	0.000243459186967	0.999756570447
915.466886728	3.2748317208e+15	-3.01090082225e+13	0.000244798988786	0.999755230972
915.769917031	3.2737480717e+15	-3.00990450846e+13	0.000246552849447	0.999753477542
916.072947334	3.27266513952e+15	-3.00890885382e+13	0.000248939729811	0.999751091253
916.375977637	3.27158292356e+15	-3.00791385767e+13	0.000252309716023	0.999747722111
916.67900794	3.27050142311e+15	-3.00691951936e+13	0.000257244551049	0.999742788533
916.982038243	3.26942063745e+15	-3.00592583823e+13	0.000264783139531	0.999735251912
917.285068546	3.26834056587e+15	-3.00493281364e+13	0.000277038747027	0.999722999625
917.588098849	3.26726120768e+15	-3.00394044494e+13	0.000298849939432	0.999701194712
917.891129152	3.26618256216e+15	-3.00294873148e+13	0.000341357537513	0.999658700718
918.194159455	3.26510462861e+15	-3.0019576726e+13	0.000426863777527	0.999573227316
918.497189758	3.26402740632e+15	-3.00096726766e+13	0.000586943631553	0.999413228586
918.800220061	3.26295089459e+15	-2.99997751602e+13	0.00083867394684	0.999161677642
919.103250364	3.26187509272e+15	-2.99898841702e+13	0.00113884933129	0.998861798911
919.406280667	3.2608e+15	-2.99799997002e+13	0.00136328445571	0.998637644394
919.70931097	3.25972561573e+15	-2.99701217438e+13	0.00137249961721	0.99862844183
920.012341273	3.25865193922e+15	-2.99602502945e+13	0.00113184053471	0.998868799755
920.315371576	3.25757896977e+15	-2.99503853459e+13	0.000753483735803	0.999246800062
920.618401879	3.25650670667e+15	-2.99405268916e+13	0.000401625756415	0.999598454884
920.921432182	3.25543514922e+15	-2.99306749252e+13	0.000170665367101	0.999829349195
921.224462486	3.25436429674e+15	-2.99208294403e+13	5.77757233831e-05	0.999942225946
921.527492789	3.25329414853e+15	-2.99109904304e+13	1.57067260678e-05	0.999984293397
921.830523092	3.25222470389e+15	-2.99011578892e+13	3.57867637578e-06	0.99999642133
922.133553395	3.25115596213e+15	-2.98913318103e+13	8.22457174561e-07	0.999999177543
922.436583698	3.25008792256e+15	-2.98815121874e+13	3.00304486467e-07	0.999999699696
922.739614001	3.24902058448e+15	-2.98716990141e+13	1.94097347085e-07	0.999999805903
923.042644304	3.2479539472e+15	-2.98618922839e+13	1.55946248797e-07	0.999999844054
923.345674607	3.24688801004e+15	-2.98520919907e+13	1.32003312062e-07	0.999999867997
923.64870491	3.2458227723e+15	-2.9842298128e+13	1.14113795587e-07	0.999999885886
923.951735213	3.2447582333e+15	-2.98325106896e+13	1.0004303214e-07	0.999999899957
924.254765516	3.24369439234e+15	-2.98227296691e+13	8.87307177965e-08	0.999999911269
924.557795819	3.24263124875e+15	-2.98129550601e+13	7.94662400446e-08	0.999999920534
924.860826122	3.24156880184e+15	-2.98031868565e+13	7.17593624038e-08	0.999999928241
925.163856425	3.24050705092e+15	-2.97934250518e+13	6.52644729624e-08	0.999999934736
925.466886728	3.23944599531e+15	-2.97836696399e+13	5.97843423465e-08	0.999999940216
925.769917031	3.23838563432e+15	-2.97739206144e+13	5.50215691136e-08	0.999999944978
926.072947334	3.23732596728e+15	-2.9764177969e+13	5.08855507438e-08	0.999999949114
926.375977637	3.2362669935e+15	-2.97544416976e+13	4.72662866123e-08	0.999999952734
926.67900794	3.23520871231e+15	-2.97447117939e+13	4.37002821087e-08	0.9999999563
926.982038243	3.23415112302e+15	-2.97349882515e+13	4.08839597122e-08	0.999999959116
927.285068546	3.23309422495e+15	-2.97252710643e+13	3.84202225767e-08	0.99999996158
927.588098849	3.23203801743e+15	-2.9715560226e+13	3.61793281804e-08	0.999999963821
927.891129152	3.23098249979e+15	-2.97058557305e+13	3.41613823255e-08	0.999999965839
928.194159455	3.22992767134e+15	-2.96961575715e+13	3.23368989058e-08	0.999999967663
928.497189758	3.22887353141e+15	-2.96864657428e+13	3.06823874625e-08	0.999999969318
928.800220061	3.22782007933e+15	-2.96767802382e+13	2.91698012736e-08	0.99999997083
929.103250364	3.22676731442e+15	-2.96671010515e+13	2.77583041351e-08	0.999999972242
929.406280667	3.22571523602e+15	-2.96574281766e+13	2.65166630411e-08	0.999999973483
