912.0	3.28728070175e+15	-3.02763891932e+13	0.00129742084524	0.998703420441
911.878952035	3.28771707397e+15	-3.02804082522e+13	0.00129696596905	0.998703874728
911.757904069	3.28815356206e+15	-3.02844283784e+13	0.00129651125181	0.998704328856
911.636856104	3.28859016606e+15	-3.02884495722e+13	0.00129605670619	0.998704782813
911.515808138	3.28902688602e+15	-3.02924718341e+13	0.00129560222573	0.998705236704
911.394760173	3.28946372199e+15	-3.02964951643e+13	0.00129514804221	0.9987056903
911.273712207	3.28990067401e+15	-3.03005195635e+13	0.00129469403669	0.998706143718
911.152664242	3.29033774213e+15	-3.03045450319e+13	0.00129424020297	0.998706596965
911.031616276	3.2907749264e+15	-3.030857157e+13	0.0012937864444	0.998707050136
910.910568311	3.29121222686e+15	-3.03125991783e+13	0.00129333293027	0.998707503064
910.789520346	3.29164964356e+15	-3.03166278572e+13	0.00129287956129	0.998707955847
910.66847238	3.29208717654e+15	-3.03206576071e+13	0.00129242632925	0.998708408494
910.547424415	3.29252482585e+15	-3.03246884284e+13	0.00129197322715	0.998708861011
910.426376449	3.29296259154e+15	-3.03287203215e+13	0.00129152018128	0.998709313472
910.305328484	3.29340047366e+15	-3.03327532869e+13	0.00129106732471	0.998709765744
910.184280518	3.29383847224e+15	-3.03367873251e+13	0.00129061458456	0.9987102179
910.063232553	3.29427658734e+15	-3.03408224364e+13	0.00129016195834	0.998710669943
909.942184587	3.29471481901e+15	-3.03448586212e+13	0.00128970944422	0.998711121874
909.821136622	3.29515316728e+15	-3.03488958801e+13	0.00128925698785	0.998711573747
909.700088657	3.29559163221e+15	-3.03529342133e+13	0.00128880469538	0.998712025457
909.579040691	3.29603021385e+15	-3.03569736215e+13	0.0012883525119	0.998712477058
909.457992726	3.29646891223e+15	-3.03610141049e+13	0.00128790043685	0.998712928551
909.33694476	3.29690772741e+15	-3.0365055664e+13	0.00128744846979	0.998713379936
909.215896795	3.29734665943e+15	-3.03690982993e+13	0.0012869965688	0.998713831256
909.094848829	3.29778570835e+15	-3.03731420111e+13	0.00128654481763	0.998714282426
908.973800864	3.29822487419e+15	-3.03771867999e+13	0.00128609317357	0.99871473349
908.852752898	3.29866415703e+15	-3.03812326662e+13	0.00128564163643	0.998715184447
908.731704933	3.29910355689e+15	-3.03852796103e+13	0.00128519020606	0.998715635297
908.610656968	3.29954307382e+15	-3.03893276328e+13	0.00128473884961	0.998716086074
908.489609002	3.29998270788e+15	-3.03933767339e+13	0.00128428763308	0.998716536711
908.368561037	3.30042245912e+15	-3.03974269142e+13	0.00128383652295	0.998716987243
908.247513071	3.30086232756e+15	-3.04014781741e+13	0.00128338551915	0.998717437668
908.126465106	3.30130231328e+15	-3.0405530514e+13	0.00128293462159	0.998717887987
908.00541714	3.3017424163e+15	-3.04095839344e+13	0.00128248380456	0.998718338226
907.884369175	3.30218263668e+15	-3.04136384356e+13	0.00128203311987	0.998718788334
907.763321209	3.30262297446e+15	-3.04176940182e+13	0.00128158254126	0.998719238335
907.642273244	3.3030634297e+15	-3.04217506825e+13	0.00128113206868	0.998719688231
907.521225278	3.30350400243e+15	-3.04258084289e+13	0.00128068168172	0.998720138041
907.400177313	3.30394469271e+15	-3.0429867258e+13	0.00128023142153	0.998720587725
907.279129348	3.30438550059e+15	-3.04339271702e+13	0.00127978126726	0.998721037304
907.158081382	3.3048264261e+15	-3.04379881658e+13	0.00127933121887	0.998721486776
907.037033417	3.3052674693e+15	-3.04420502454e+13	0.00127888126052	0.99872193616
906.915985451	3.30570863023e+15	-3.04461134092e+13	0.00127843142418	0.998722385421
906.794937486	3.30614990894e+15	-3.04501776579e+13	0.00127798169366	0.998722834577
906.67388952	3.30659130549e+15	-3.04542429918e+13	0.00127753205669	0.99872328364
906.552841555	3.3070328199e+15	-3.04583094113e+13	0.00127708253799	0.998723732585
906.431793589	3.30747445225e+15	-3.0462376917e+13	0.00127663312504	0.998724181424
906.310745624	3.30791620256e+15	-3.04664455091e+13	0.00127618380878	0.998724630167
906.189697659	3.30835807088e+15	-3.04705151882e+13	0.00127573460747	0.998725078796
906.068649693	3.30880005728e+15	-3.04745859547e+13	0.00127528550563	0.998725527325
905.947601728	3.30924216178e+15	-3.04786578091e+13	0.00127483651581	0.998725975743
905.826553762	3.30968438444e+15	-3.04827307517e+13	0.00127438762689	0.99872642406
905.705505797	3.31012672531e+15	-3.04868047829e+13	0.00127393884848	0.998726872267
905.584457831	3.31056918444e+15	-3.04908799034e+13	0.00127349017569	0.998727320369
905.463409866	3.31101176186e+15	-3.04949561134e+13	0.00127304160851	0.998727768365
905.3423619	3.31145445763e+15	-3.04990334134e+13	0.00127259314693	0.998728216256
905.221313935	3.3118972718e+15	-3.05031118039e+13	0.00127214479093	0.998728664042
905.10026597	3.31234020442e+15	-3.05071912852e+13	0.00127169654049	0.998729111723
904.979218004	3.31278325552e+15	-3.05112718579e+13	0.00127124839561	0.998729559298
904.858170039	3.31322642517e+15	-3.05153535224e+13	0.00127080035627	0.998730006769
904.737122073	3.3136697134e+15	-3.0519436279e+13	0.00127035242245	0.998730454134
904.616074108	3.31411312026e+15	-3.05235201283e+13	0.00126990459415	0.998730901393
904.495026142	3.31455664581e+15	-3.05276050706e+13	0.00126945687134	0.998731348548
904.373978177	3.31500029008e+15	-3.05316911065e+13	0.00126900925402	0.998731795598
904.252930211	3.31544405314e+15	-3.05357782363e+13	0.00126856174216	0.998732242542
904.131882246	3.31588793501e+15	-3.05398664606e+13	0.00126811433576	0.998732689381
904.010834281	3.31633193576e+15	-3.05439557796e+13	0.0012676670348	0.998733136116
903.889786315	3.31677605543e+15	-3.0548046194e+13	0.00126721983926	0.998733582745
903.76873835	3.31722029407e+15	-3.0552137704e+13	0.00126677274914	0.998734029269
903.647690384	3.31766465172e+15	-3.05562303102e+13	0.00126632576442	0.998734475688
903.526642419	3.31810912844e+15	-3.0560324013e+13	0.00126587888508	0.998734922002
903.405594453	3.31855372427e+15	-3.05644188129e+13	0.00126543211111	0.99873536821
903.284546488	3.31899843926e+15	-3.05685147102e+13	0.0012649854425	0.998735814314
903.163498522	3.31944327345e+15	-3.05726117054e+13	0.00126453887923	0.998736260313
903.042450557	3.31988822691e+15	-3.0576709799e+13	0.00126409242129	0.998736706207
902.921402592	3.32033329966e+15	-3.05808089914e+13	0.00126364606866	0.998737151996
902.800354626	3.32077849176e+15	-3.0584909283e+13	0.00126319982134	0.99873759768
902.679306661	3.32122380327e+15	-3.05890106744e+13	0.0012627536793	0.998738043259
902.558258695	3.32166923422e+15	-3.05931131658e+13	0.00126230764253	0.998738488733
902.43721073	3.32211478467e+15	-3.05972167578e+13	0.00126186171101	0.998738934102
902.316162764	3.32256045466e+15	-3.06013214509e+13	0.00126141588475	0.998739379366
902.195114799	3.32300624424e+15	-3.06054272454e+13	0.00126097016371	0.998739824525
902.074066833	3.32345215346e+15	-3.06095341418e+13	0.00126052454788	0.998740269579
901.953018868	3.32389818237e+15	-3.06136421405e+13	0.00126007903726	0.998740714529
901.831970903	3.32434433102e+15	-3.06177512421e+13	0.00125963363183	0.998741159374
901.710922937	3.32479059945e+15	-3.06218614468e+13	0.00125918833157	0.998741604113
901.589874972	3.32523698771e+15	-3.06259727553e+13	0.00125874313647	0.998742048748
901.468827006	3.32568349585e+15	-3.06300851678e+13	0.00125829804651	0.998742493279
901.347779041	3.32613012392e+15	-3.0634198685e+13	0.00125785306168	0.998742937704
901.226731075	3.32657687197e+15	-3.06383133071e+13	0.00125740818197	0.998743382024
901.10568311	3.32702374005e+15	-3.06424290347e+13	0.00125696340737	0.99874382624
900.984635144	3.3274707282e+15	-3.06465458682e+13	0.00125651873785	0.998744270351
900.863587179	3.32791783647e+15	-3.0650663808e+13	0.00125607417341	0.998744714358
900.742539214	3.32836506491e+15	-3.06547828547e+13	0.00125562971403	0.998745158259
900.621491248	3.32881241358e+15	-3.06589030086e+13	0.0012551853597	0.998745602056
900.500443283	3.32925988251e+15	-3.06630242701e+13	0.0012547411104	0.998746045748
900.379395317	3.32970747175e+15	-3.06671466398e+13	0.00125429696611	0.998746489336
900.258347352	3.33015518136e+15	-3.06712701181e+13	0.00125385292684	0.998746932818
900.137299386	3.33060301139e+15	-3.06753947054e+13	0.00125340899255	0.998747376196
900.016251421	3.33105096188e+15	-3.06795204022e+13	0.00125296516324	0.99874781947
901.016251421	3.32735396867e+15	-3.06454704939e+13	0.00125663487006	0.998744154365
901.319281724	3.32623528731e+15	-3.06351672568e+13	0.00125774831789	0.998743042316
901.622312027	3.32511735791e+15	-3.06248709454e+13	0.00125886242447	0.99874192961
901.92534233	3.32400017972e+15	-3.06145815527e+13	0.00125997719001	0.998740816248
902.228372633	3.32288375198e+15	-3.06042990718e+13	0.00126109261473	0.998739702228
902.531402936	3.32176807394e+15	-3.05940234957e+13	0.00126220869886	0.998738587551
902.834433239	3.32065314483e+15	-3.05837548174e+13	0.00126332544262	0.998737472217
903.137463542	3.31953896392e+15	-3.05734930301e+13	0.00126444284623	0.998736356225
903.440493845	3.31842553043e+15	-3.05632381268e+13	0.0012655609099	0.998735239575
903.743524148	3.31731284363e+15	-3.05529901005e+13	0.00126667963387	0.998734122266
904.046554451	3.31620090275e+15	-3.05427489443e+13	0.00126779901834	0.998733004299
904.349584754	3.31508970706e+15	-3.05325146514e+13	0.00126891906355	0.998731885674
904.652615057	3.31397925579e+15	-3.05222872148e+13	0.0012700397697	0.998730766389
904.95564536	3.31286954822e+15	-3.05120666276e+13	0.00127116113703	0.998729646446
905.258675663	3.31176058357e+15	-3.05018528831e+13	0.00127228316576	0.998728525843
905.561705966	3.31065236112e+15	-3.04916459742e+13	0.00127340585609	0.998727404581
905.864736269	3.30954488012e+15	-3.04814458942e+13	0.00127452920953	0.998726282658
906.167766572	3.30843813982e+15	-3.04712526361e+13	0.00127565323391	0.998725160066
906.470796875	3.30733213947e+15	-3.04610661932e+13	0.00127677792041	0.998724036814
906.773827178	3.30622687835e+15	-3.04508865586e+13	0.00127790327319	0.998722912897
907.076857481	3.3051223557e+15	-3.04407137255e+13	0.00127902927715	0.998721788332
907.379887784	3.30401857079e+15	-3.04305476871e+13	0.00128015596126	0.998720663089
907.682918088	3.30291552288e+15	-3.04203884366e+13	0.00128128331415	0.998719537179
907.985948391	3.30181321122e+15	-3.04102359671e+13	0.00128241131153	0.998718410626
908.288978694	3.30071163509e+15	-3.04000902719e+13	0.00128354000093	0.998717283384
908.592008997	3.29961079375e+15	-3.03899513443e+13	0.00128466933078	0.998716155504
908.8950393	3.29851068646e+15	-3.03798191773e+13	0.00128579936243	0.998715026923
909.198069603	3.29741131249e+15	-3.03696937644e+13	0.00128693003096	0.998713897708
909.501099906	3.2963126711e+15	-3.03595750987e+13	0.00128806141584	0.998712767779
909.804130209	3.29521476157e+15	-3.03494631735e+13	0.00128919343724	0.998711637216
910.107160512	3.29411758316e+15	-3.0339357982e+13	0.00129032620205	0.998710505911
910.410190815	3.29302113514e+15	-3.03292595176e+13	0.00129145962181	0.998709373953
910.713221118	3.29192541679e+15	-3.03191677734e+13	0.00129259386356	0.998708241176
911.016251421	3.29083042737e+15	-3.03090827429e+13	0.0012937288706	0.998707107636
911.319281724	3.28973616615e+15	-3.02990044193e+13	0.00129486493028	0.998705973046
911.622312027	3.28864263242e+15	-3.0288932796e+13	0.00129600198795	0.99870483746
911.92534233	3.28754982545e+15	-3.02788678661e+13	0.00129714027743	0.998703700645
912.228372633	3.28645774451e+15	-3.02688096232e+13	0.00129827955185	0.998702562848
912.531402936	3.28536638888e+15	-3.02587580605e+13	0.0012994193265	0.998701424553
912.834433239	3.28427575783e+15	-3.02487131713e+13	0.00130055969504	0.998700285666
913.137463542	3.28318585065e+15	-3.0238674949e+13	0.001301700444	0.998699146401
913.440493845	3.28209666661e+15	-3.02286433871e+13	0.0013028416828	0.998698006647
913.743524148	3.281008205e+15	-3.02186184787e+13	0.00130398354986	0.998696866267
914.046554451	3.2799204651e+15	-3.02086002175e+13	0.00130512644403	0.998695724863
914.349584754	3.27883344619e+15	-3.01985885966e+13	0.00130627191152	0.99869458089
914.652615057	3.27774714755e+15	-3.01885836096e+13	0.00130742206168	0.998693432242
914.95564536	3.27666156846e+15	-3.01785852498e+13	0.0013440873485	0.998656815532
915.258675663	3.27557670822e+15	-3.01685935107e+13	0.00134861081406	0.998652298153
915.561705966	3.27449256611e+15	-3.01586083856e+13	0.0013521546883	0.998648759061
915.864736269	3.27340914141e+15	-3.01486298681e+13	0.00135605312953	0.998644865895
916.167766572	3.27232643342e+15	-3.01386579515e+13	0.00136044301121	0.998640481972
916.470796875	3.27124444142e+15	-3.01286926294e+13	0.00136553106297	0.99863540085
916.773827178	3.2701631647e+15	-3.01187338951e+13	0.00137164218613	0.998629298085
917.076857481	3.26908260256e+15	-3.01087817421e+13	0.00137927440917	0.998621676353
917.379887784	3.26800275428e+15	-3.0098836164e+13	0.00138920412642	0.998611760371
917.682918088	3.26692361916e+15	-3.00888971542e+13	0.00140264733688	0.998598335913
917.985948391	3.26584519649e+15	-3.00789647062e+13	0.00142154414841	0.998579465767
918.288978694	3.26476748557e+15	-3.00690388134e+13	0.00144910870425	0.998551940747
918.592008997	3.2636904857e+15	-3.00591194696e+13	0.00149108285794	0.998510028254
918.8950393	3.26261419616e+15	-3.0049206668e+13	0.00155906436006	0.998442150349
919.198069603	3.26153861626e+15	-3.00393004023e+13	0.00167947158865	0.998321937935
919.501099906	3.26046374529e+15	-3.0029400666e+13	0.00191359700152	0.998088232758
919.804130209	3.25938958256e+15	-3.00195074527e+13	0.00238498076112	0.997617861046
920.107160512	3.25831612737e+15	-3.00096207559e+13	0.0032717383473	0.996733607956
920.410190815	3.257243379e+15	-2.99997405692e+13	0.00467798212017	0.995332942596
920.713221118	3.25617133678e+15	-2.99898668861e+13	0.00637673840249	0.993643549847
921.016251421	3.2551e+15	-2.99799997002e+13	0.00768017905204	0.992349238165
921.319281724	3.25402936796e+15	-2.99701390051e+13	0.00779031460476	0.992239951252
921.622312027	3.25295943998e+15	-2.99602847945e+13	0.00647817650116	0.993542761646
921.92534233	3.25189021534e+15	-2.99504370619e+13	0.00435089832063	0.995658553125
922.228372633	3.25082169337e+15	-2.99405958009e+13	0.00234002019424	0.997662715519
922.531402936	3.24975387337e+15	-2.99307610051e+13	0.00100267448222	0.998997828028
922.834433239	3.24868675465e+15	-2.99209326683e+13	0.000341255474665	0.999658802746
923.137463542	3.24762033652e+15	-2.9911110784e+13	9.21498780564e-05	0.999907854368
923.440493845	3.24655461828e+15	-2.99012953458e+13	1.981115083e-05	0.999980189045
923.743524148	3.24548959925e+15	-2.98914863475e+13	3.4817826889e-06	0.999996518223
924.046554451	3.24442527875e+15	-2.98816837827e+13	5.855567602e-07	0.999999414443
924.349584754	3.24336165607e+15	-2.9871887645e+13	1.65522859935e-07	0.999999834477
924.652615057	3.24229873055e+15	-2.98620979282e+13	1.03264554323e-07	0.999999896735
924.95564536	3.24123650149e+15	-2.98523146259e+13	8.47474515367e-08	0.999999915253
925.258675663	3.24017496821e+15	-2.98425377319e+13	7.30607734519e-08	0.999999926939
925.561705966	3.23911413002e+15	-2.98327672397e+13	6.40360312349e-08	0.999999935964
925.864736269	3.23805398624e+15	-2.98230031433e+13	5.67910812461e-08	0.999999943209
926.167766572	3.2369945362e+15	-2.98132454362e+13	5.08577757381e-08	0.999999949142
926.470796875	3.23593577921e+15	-2.98034941122e+13	4.59234944284e-08	0.999999954077
926.773827178	3.23487771458e+15	-2.97937491651e+13	4.17650662009e-08	0.999999958235
927.076857481	3.23382034165e+15	-2.97840105886e+13	3.82564758364e-08	0.999999961744
927.379887784	3.23276365974e+15	-2.97742783764e+13	3.52076408278e-08	0.999999964792
927.682918088	3.23170766816e+15	-2.97645525223e+13	3.25599907634e-08	0.99999996744
927.985948391	3.23065236623e+15	-2.97548330201e+13	3.02432451128e-08	0.999999969757
928.288978694	3.2295977533e+15	-2.97451198636e+13	2.82018487991e-08	0.999999971798
928.592008997	3.22854382867e+15	-2.97354130465e+13	2.63838224955e-08	0.999999973616
928.8950393	3.22749059168e+15	-2.97257125627e+13	2.47931715767e-08	0.999999975207
929.198069603	3.22643804166e+15	-2.97160184059e+13	2.33466494551e-08	0.999999976653
929.501099906	3.22538617792e+15	-2.970633057e+13	2.20439838843e-08	0.999999977956
929.804130209	3.22433499981e+15	-2.96966490487e+13	2.08663595332e-08	0.999999979134
930.107160512	3.22328450665e+15	-2.9686973836e+13	1.97983055101e-08	0.999999980202
930.410190815	3.22223469777e+15	-2.96773049256e+13	1.88222457038e-08	0.999999981178
930.713221118	3.2211855725e+15	-2.96676423114e+13	1.79054676186e-08	0.999999982095
931.016251421	3.22013713018e+15	-2.96579859872e+13	1.71085647022e-08	0.999999982891
