912.0	3.28728070175e+15	-3.00419675218e+13	0.000991031057546	0.999009459852
911.806919985	3.28797680111e+15	-3.00483290699e+13	0.000948118699607	0.999052330623
911.61383997	3.28867319533e+15	-3.00546933128e+13	0.00091833225868	0.999082089279
911.420759954	3.28936988461e+15	-3.00610602521e+13	0.000896810836937	0.999103591178
911.227679939	3.29006686913e+15	-3.00674298896e+13	0.000880750306926	0.99911963744
911.034599924	3.29076414908e+15	-3.00738022271e+13	0.000868465393443	0.999131911613
910.841519909	3.29146172465e+15	-3.00801772661e+13	0.000858882679981	0.999141486054
910.648439894	3.29215959602e+15	-3.00865550085e+13	0.000851279972997	0.999149082263
910.455359878	3.2928577634e+15	-3.00929354559e+13	0.000845150168935	0.99915520687
910.262279863	3.29355622695e+15	-3.00993186101e+13	0.000840127088594	0.999160225719
910.069199848	3.29425498687e+15	-3.01057044728e+13	0.000835941461361	0.99916440784
909.876119833	3.29495404336e+15	-3.01120930457e+13	0.000832393143266	0.9991679532
909.683039817	3.2956533966e+15	-3.01184843306e+13	0.000829332295661	0.999171011505
909.489959802	3.29635304677e+15	-3.01248783291e+13	0.00082664633445	0.999173695244
909.296879787	3.29705299407e+15	-3.0131275043e+13	0.000824250404865	0.999176089196
909.103799772	3.29775323869e+15	-3.01376744741e+13	0.000822080463603	0.999178257352
908.910719757	3.29845378081e+15	-3.0144076624e+13	0.000820088107757	0.999180248073
908.717639741	3.29915462063e+15	-3.01504814946e+13	0.000818236695799	0.999182097969
908.524559726	3.29985575833e+15	-3.01568890874e+13	0.000816498453195	0.999183834791
908.331479711	3.30055719411e+15	-3.01632994044e+13	0.000814852267163	0.999185479635
908.138399696	3.30125892816e+15	-3.01697124471e+13	0.000813282045371	0.999187048579
907.945319681	3.30196096066e+15	-3.01761282174e+13	0.000811775463001	0.999188553938
907.752239665	3.30266329181e+15	-3.01825467169e+13	0.000790858798202	0.999209453848
907.55915965	3.30336592179e+15	-3.01889679475e+13	0.000787992963389	0.999212317422
907.366079635	3.30406885081e+15	-3.01953919109e+13	0.000787322606239	0.999212987251
907.17299962	3.30477207904e+15	-3.02018186088e+13	0.000786652677005	0.999213656653
906.979919605	3.30547560668e+15	-3.02082480429e+13	0.000785983175429	0.999214325628
906.786839589	3.30617943392e+15	-3.0214680215e+13	0.000785314101305	0.999214994177
906.593759574	3.30688356096e+15	-3.02211151269e+13	0.000784645454434	0.999215662299
906.400679559	3.30758798797e+15	-3.02275527804e+13	0.000783977234658	0.999216329995
906.207599544	3.30829271517e+15	-3.0233993177e+13	0.000783309441765	0.999216997265
906.014519528	3.30899774273e+15	-3.02404363187e+13	0.000782642075591	0.999217664109
905.821439513	3.30970307085e+15	-3.02468822072e+13	0.000781975135934	0.999218330527
905.628359498	3.31040869972e+15	-3.02533308442e+13	0.000781308622628	0.999218996519
905.435279483	3.31111462954e+15	-3.02597822314e+13	0.000780642535476	0.999219662087
905.242199468	3.3118208605e+15	-3.02662363707e+13	0.000779976874312	0.999220327229
905.049119452	3.31252739278e+15	-3.02726932639e+13	0.000779311638943	0.999220991946
904.856039437	3.31323422659e+15	-3.02791529126e+13	0.000778646829202	0.999221656238
904.662959422	3.31394136211e+15	-3.02856153186e+13	0.000777982444904	0.999222320105
904.469879407	3.31464879954e+15	-3.02920804837e+13	0.000777318485866	0.999222983548
904.276799392	3.31535653908e+15	-3.02985484097e+13	0.000776654951914	0.999223646566
904.083719376	3.31606458091e+15	-3.03050190984e+13	0.000775991842863	0.999224309161
903.890639361	3.31677292523e+15	-3.03114925514e+13	0.000775329158527	0.999224971331
903.697559346	3.31748157223e+15	-3.03179687706e+13	0.000774666898729	0.999225633078
903.504479331	3.31819052211e+15	-3.03244477578e+13	0.000774005063284	0.999226294401
903.311399316	3.31889977506e+15	-3.03309295147e+13	0.000773343652008	0.999226955301
903.1183193	3.31960933128e+15	-3.03374140431e+13	0.000772682664723	0.999227615778
902.925239285	3.32031919096e+15	-3.03439013448e+13	0.000772022101246	0.999228275831
902.73215927	3.32102935429e+15	-3.03503914215e+13	0.000771361961392	0.999228935462
902.539079255	3.32173982148e+15	-3.03568842751e+13	0.000770702244985	0.99922959467
902.345999239	3.32245059271e+15	-3.03633799073e+13	0.000770042951841	0.999230253455
902.152919224	3.32316166818e+15	-3.03698783199e+13	0.000769384081778	0.999230911818
901.959839209	3.32387304808e+15	-3.03763795147e+13	0.000768725634618	0.999231569759
901.766759194	3.32458473262e+15	-3.03828834935e+13	0.000768067610178	0.999232227278
901.573679179	3.32529672198e+15	-3.03893902581e+13	0.000767410008276	0.999232884375
901.380599163	3.32600901637e+15	-3.03958998102e+13	0.000766752828733	0.999233541051
901.187519148	3.32672161598e+15	-3.04024121517e+13	0.000766096071368	0.999234197305
900.994439133	3.327434521e+15	-3.04089272843e+13	0.000765439735998	0.999234853138
900.801359118	3.32814773163e+15	-3.04154452098e+13	0.000764783822445	0.99923550855
900.608279103	3.32886124807e+15	-3.04219659301e+13	0.000764128330527	0.999236163541
900.415199087	3.32957507052e+15	-3.0428489447e+13	0.000763473260062	0.999236818111
900.222119072	3.33028919917e+15	-3.04350157621e+13	0.000762818610871	0.999237472261
900.029039057	3.33100363422e+15	-3.04415448774e+13	0.000762164382773	0.999238125991
899.835959042	3.33171837586e+15	-3.04480767946e+13	0.000761510575587	0.9992387793
899.642879027	3.3324334243e+15	-3.04546115156e+13	0.000760857189133	0.999239432189
899.449799011	3.33314877973e+15	-3.04611490421e+13	0.00076020422323	0.999240084659
899.256718996	3.33386444234e+15	-3.0467689376e+13	0.000759551677697	0.999240736709
899.063638981	3.33458041235e+15	-3.0474232519e+13	0.000758899552355	0.999241388339
898.870558966	3.33529668994e+15	-3.0480778473e+13	0.000758247847022	0.99924203955
898.67747895	3.33601327531e+15	-3.04873272398e+13	0.000757596561519	0.999242690342
898.484398935	3.33673016866e+15	-3.04938788212e+13	0.000756945695665	0.999243340715
898.29131892	3.3374473702e+15	-3.0500433219e+13	0.000756295249279	0.99924399067
898.098238905	3.33816488011e+15	-3.0506990435e+13	0.000755645222182	0.999244640206
897.90515889	3.3388826986e+15	-3.05135504711e+13	0.000754995614193	0.999245289323
897.712078874	3.33960082587e+15	-3.05201133291e+13	0.000754346425133	0.999245938023
897.518998859	3.34031926211e+15	-3.05266790107e+13	0.00075369765482	0.999246586304
897.325918844	3.34103800753e+15	-3.05332475178e+13	0.000753049303074	0.999247234167
897.132838829	3.34175706233e+15	-3.05398188523e+13	0.000752401369717	0.999247881613
896.939758814	3.3424764267e+15	-3.0546393016e+13	0.000751753854567	0.999248528642
896.746678798	3.34319610084e+15	-3.05529700106e+13	0.000751106757445	0.999249175253
896.553598783	3.34391608496e+15	-3.0559549838e+13	0.00075046007817	0.999249821447
896.360518768	3.34463637926e+15	-3.05661325001e+13	0.000749813816563	0.999250467224
896.167438753	3.34535698393e+15	-3.05727179987e+13	0.000749167972444	0.999251112584
895.974358738	3.34607789918e+15	-3.05793063356e+13	0.000748522545633	0.999251757527
895.781278722	3.3467991252e+15	-3.05858975126e+13	0.000747877535951	0.999252402055
895.588198707	3.34752066221e+15	-3.05924915316e+13	0.000747232943217	0.999253046166
895.395118692	3.34824251039e+15	-3.05990883945e+13	0.000746588767252	0.999253689861
895.202038677	3.34896466996e+15	-3.0605688103e+13	0.000745945007875	0.99925433314
895.008958661	3.3496871411e+15	-3.0612290659e+13	0.000745301664909	0.999254976003
894.815878646	3.35040992403e+15	-3.06188960643e+13	0.000744658738172	0.999255618451
894.622798631	3.35113301895e+15	-3.06255043209e+13	0.000744016227485	0.999256260484
894.429718616	3.35185642606e+15	-3.06321154305e+13	0.000743374132669	0.999256902101
894.236638601	3.35258014555e+15	-3.0638729395e+13	0.000742732453545	0.999257543304
894.043558585	3.35330417764e+15	-3.06453462162e+13	0.000742091189932	0.999258184092
893.85047857	3.35402852253e+15	-3.0651965896e+13	0.000741450341652	0.999258824465
893.657398555	3.35475318041e+15	-3.06585884363e+13	0.000740809908524	0.999259464423
893.46431854	3.35547815149e+15	-3.06652138388e+13	0.000740169890371	0.999260103968
893.271238525	3.35620343598e+15	-3.06718421055e+13	0.000739530287012	0.999260743098
893.078158509	3.35692903408e+15	-3.06784732383e+13	0.000738891098268	0.999261381815
892.885078494	3.35765494598e+15	-3.06851072389e+13	0.000738252323959	0.999262020117
893.885078494	3.35389869697e+15	-3.06507794396e+13	0.000741565151077	0.99925870974
894.188108797	3.35276209838e+15	-3.06403922347e+13	0.0007425712357	0.999257704402
894.4911391	3.3516262699e+15	-3.06300120677e+13	0.000743578343695	0.999256698042
894.794169403	3.35049121073e+15	-3.06196389313e+13	0.000744586475756	0.99925569066
895.097199706	3.3493569201e+15	-3.06092728185e+13	0.000745595632578	0.999254682255
895.400230009	3.34822339723e+15	-3.05989137221e+13	0.000746605814853	0.999253672826
895.703260312	3.34709064133e+15	-3.0588561635e+13	0.000747617023278	0.999252662373
896.006290615	3.34595865163e+15	-3.057821655e+13	0.000748629258546	0.999251650894
896.309320918	3.34482742735e+15	-3.05678784602e+13	0.000749642521352	0.99925063839
896.612351221	3.34369696772e+15	-3.05575473583e+13	0.000750656812392	0.99924962486
896.915381524	3.34256727196e+15	-3.05472232373e+13	0.000751672132361	0.999248610302
897.218411827	3.34143833929e+15	-3.05369060901e+13	0.000752688481954	0.999247594717
897.52144213	3.34031016895e+15	-3.05265959097e+13	0.000753705861868	0.999246578103
897.824472434	3.33918276016e+15	-3.0516292689e+13	0.000754724272798	0.99924556046
898.127502737	3.33805611215e+15	-3.05059964209e+13	0.000755743715441	0.999244541787
898.43053304	3.33693022415e+15	-3.04957070985e+13	0.000756764190493	0.999243522083
898.733563343	3.33580509539e+15	-3.04854247147e+13	0.000757785698651	0.999242501348
899.036593646	3.33468072511e+15	-3.04751492624e+13	0.000758808240613	0.999241479582
899.339623949	3.33355711254e+15	-3.04648807348e+13	0.000759831817075	0.999240456782
899.642654252	3.3324342569e+15	-3.04546191247e+13	0.000760856428736	0.999239432949
899.945684555	3.33131215745e+15	-3.04443644252e+13	0.000761882076292	0.999238408082
900.248714858	3.33019081341e+15	-3.04341166293e+13	0.000762908760442	0.99923738218
900.551745161	3.32907022402e+15	-3.04238757301e+13	0.000763936481883	0.999236355243
900.854775464	3.32795038851e+15	-3.04136417205e+13	0.000764965241315	0.99923532727
901.157805767	3.32683130614e+15	-3.04034145937e+13	0.000765995039436	0.99923429826
901.46083607	3.32571297614e+15	-3.03931943427e+13	0.000767025876945	0.999233268212
901.763866373	3.32459539775e+15	-3.03829809605e+13	0.000768057754541	0.999232237126
902.066896676	3.32347857021e+15	-3.03727744403e+13	0.000769090672924	0.999231205002
902.369926979	3.32236249277e+15	-3.03625747751e+13	0.000770124632793	0.999230171837
902.672957282	3.32124716467e+15	-3.03523819581e+13	0.000771159634848	0.999229137632
902.975987585	3.32013258516e+15	-3.03421959822e+13	0.000772195679791	0.999228102387
903.279017888	3.31901875348e+15	-3.03320168407e+13	0.00077323276832	0.999227066099
903.582048191	3.31790566889e+15	-3.03218445267e+13	0.00077427090114	0.999226028769
903.885078494	3.31679333062e+15	-3.03116790333e+13	0.00077531007895	0.999224990396
904.188108797	3.31568173794e+15	-3.03015203536e+13	0.000776350302461	0.999223950979
904.4911391	3.31457089008e+15	-3.02913684808e+13	0.000777391572373	0.999222910518
904.794169403	3.31346078631e+15	-3.0281223408e+13	0.000778433889395	0.999221869012
905.097199706	3.31235142587e+15	-3.02710851285e+13	0.000779477254218	0.999220826459
905.400230009	3.31124280802e+15	-3.02609536354e+13	0.000780521667543	0.99921978286
905.703260312	3.31013493202e+15	-3.02508289219e+13	0.000781567130059	0.999218738214
906.006290615	3.30902779711e+15	-3.02407109812e+13	0.000782613642465	0.99921769252
906.309320918	3.30792140255e+15	-3.02305998065e+13	0.000783661205456	0.999216645777
906.612351221	3.30681574761e+15	-3.02204953909e+13	0.000784709819771	0.999215597984
906.915381524	3.30571083154e+15	-3.02103977279e+13	0.000785759486091	0.999214549142
907.218411827	3.30460665361e+15	-3.02003068104e+13	0.000786810205156	0.999213499249
907.52144213	3.30350321306e+15	-3.01902226319e+13	0.000787861977742	0.999212448304
907.824472434	3.30240050917e+15	-3.01801451856e+13	0.000808654312636	0.99919167256
908.127502737	3.30129854119e+15	-3.01700744647e+13	0.000813195422885	0.999187135131
908.43053304	3.30019730839e+15	-3.01600104625e+13	0.000815686386951	0.999184646195
908.733563343	3.29909681004e+15	-3.01499531722e+13	0.000818384772528	0.999181950013
909.036593646	3.2979970454e+15	-3.01399025872e+13	0.000821368911696	0.999178968319
909.339623949	3.29689801373e+15	-3.01298587008e+13	0.000824759368232	0.999175580652
909.642654252	3.2957997143e+15	-3.01198215063e+13	0.000828742673785	0.999171600639
909.945684555	3.29470214639e+15	-3.01097909969e+13	0.0008336084692	0.999166738886
910.248714858	3.29360530926e+15	-3.0099767166e+13	0.000839808339744	0.999160544201
910.551745161	3.29250920218e+15	-3.00897500069e+13	0.000848051627793	0.999152307866
910.854775464	3.29141382442e+15	-3.00797395131e+13	0.000859470434842	0.999140898804
911.157805767	3.29031917526e+15	-3.00697356777e+13	0.000875934567269	0.999124448951
911.46083607	3.28922525396e+15	-3.00597384942e+13	0.00090075702379	0.999099648536
911.763866373	3.28813205981e+15	-3.0049747956e+13	0.000940555057866	0.999059887125
912.066896676	3.28703959208e+15	-3.00397640564e+13	0.00101035770388	0.998990152536
912.369926979	3.28594785004e+15	-3.00297867888e+13	0.00114553881169	0.998855117067
912.672957282	3.28485683298e+15	-3.00198161467e+13	0.0014195686128	0.998581438498
912.975987585	3.28376654016e+15	-3.00098521233e+13	0.00194342769356	0.998058459539
913.279017888	3.28267697087e+15	-2.99998947121e+13	0.00279149177944	0.997212400811
913.582048191	3.28158812439e+15	-2.99899439066e+13	0.00383937401259	0.99616798696
913.885078494	3.2805e+15	-2.99799997002e+13	0.00466731276814	0.995343562211
914.188108797	3.27941259698e+15	-2.99700620863e+13	0.00476654278068	0.995244799157
914.4911391	3.27832591462e+15	-2.99601310583e+13	0.00397491219603	0.996032977311
914.794169403	3.27723995219e+15	-2.99502066097e+13	0.00266465138284	0.997338895649
915.097199706	3.27615470899e+15	-2.9940288734e+13	0.00142320910407	0.998577803178
915.400230009	3.27507018429e+15	-2.99303774247e+13	0.000602406423549	0.999397774987
915.703260312	3.2739863774e+15	-2.99204726752e+13	0.000201386125038	0.999798634152
916.006290615	3.27290328758e+15	-2.99105744789e+13	5.30519676579e-05	0.99994694944
916.309320918	3.27182091414e+15	-2.99006828296e+13	1.09958776032e-05	0.999989004183
916.612351221	3.27073925636e+15	-2.98907977205e+13	1.7911567287e-06	0.999998208845
916.915381524	3.26965831352e+15	-2.98809191452e+13	2.29082089194e-07	0.999999770918
917.218411827	3.26857808494e+15	-2.98710470974e+13	2.29924453944e-08	0.999999977008
917.52144213	3.26749856988e+15	-2.98611815704e+13	1.81294040192e-09	0.999999998187
917.824472434	3.26641976766e+15	-2.98513225578e+13	1.21842488456e-10	0.999999999878
918.127502737	3.26534167756e+15	-2.98414700533e+13	8.27301595534e-12	0.999999999992
918.43053304	3.26426429888e+15	-2.98316240503e+13	2.39331344814e-12	0.999999999998
918.733563343	3.26318763091e+15	-2.98217845423e+13	1.93284637705e-12	0.999999999998
919.036593646	3.26211167295e+15	-2.98119515231e+13	1.72519708963e-12	0.999999999998
919.339623949	3.2610364243e+15	-2.98021249861e+13	1.55730469566e-12	0.999999999998
919.642654252	3.25996188426e+15	-2.9792304925e+13	1.41614860329e-12	0.999999999999
919.945684555	3.25888805213e+15	-2.97824913334e+13	1.29685805439e-12	0.999999999999
920.248714858	3.2578149272e+15	-2.97726842048e+13	1.19332347216e-12	0.999999999999
920.551745161	3.25674250878e+15	-2.97628835329e+13	1.10335732967e-12	0.999999999999
920.854775464	3.25567079618e+15	-2.97530893114e+13	1.02477309556e-12	0.999999999999
921.157805767	3.25459978869e+15	-2.97433015337e+13	9.55235901163e-13	0.999999999999
921.46083607	3.25352948562e+15	-2.97335201937e+13	8.93379614563e-13	0.999999999999
921.763866373	3.25245988628e+15	-2.97237452849e+13	8.39243890006e-13	0.999999999999
922.066896676	3.25139098997e+15	-2.9713976801e+13	7.90189922161e-13	0.999999999999
922.369926979	3.25032279599e+15	-2.97042147357e+13	7.45933981201e-13	0.999999999999
922.672957282	3.24925530367e+15	-2.96944590826e+13	7.05918337802e-13	0.999999999999
922.975987585	3.2481885123e+15	-2.96847098354e+13	6.69615500649e-13	0.999999999999
923.279017888	3.24712242119e+15	-2.96749669879e+13	6.36272798113e-13	0.999999999999
923.582048191	3.24605702966e+15	-2.96652305337e+13	6.05561180519e-13	0.999999999999
923.885078494	3.24499233702e+15	-2.96555004665e+13	5.77943667483e-13	0.999999999999
