912.0	3.28728070175e+15	-3.00044676533e+13	0.00299726698539	0.997007220335
911.795397192	3.28801835284e+15	-3.00112005216e+13	0.00235309028426	0.997649676062
911.590794384	3.28875633505e+15	-3.00179364123e+13	0.00189813700857	0.998103663314
911.386191575	3.28949464861e+15	-3.00246753274e+13	0.001600855204	0.998400425481
911.181588767	3.29023329373e+15	-3.00314172689e+13	0.00141514117825	0.998585859662
910.976985959	3.29097227066e+15	-3.00381622388e+13	0.00130025777533	0.998700587194
910.772383151	3.2917115796e+15	-3.00449102392e+13	0.00122759657476	0.998773156614
910.567780343	3.29245122079e+15	-3.00516612722e+13	0.00117964530754	0.9988210502
910.363177534	3.29319119444e+15	-3.00584153397e+13	0.00114648766496	0.998854169301
910.158574726	3.29393150079e+15	-3.00651724438e+13	0.00112262020374	0.998878009699
909.953971918	3.29467214004e+15	-3.00719325866e+13	0.00110491206546	0.998895698125
909.74936911	3.29541311244e+15	-3.007869577e+13	0.00109147125301	0.998909124185
909.544766302	3.29615441821e+15	-3.00854619963e+13	0.00108107836777	0.998919505787
909.340163493	3.29689605756e+15	-3.00922312674e+13	0.00107290506047	0.998927670296
909.135560685	3.29763803073e+15	-3.00990035853e+13	0.00106636805777	0.998934200311
908.930957877	3.29838033793e+15	-3.01057789522e+13	0.00106104753162	0.99893951518
908.726355069	3.29912297941e+15	-3.01125573701e+13	0.00105663713442	0.99894392091
908.52175226	3.29986595537e+15	-3.01193388411e+13	0.00105291164157	0.998947642475
908.317149452	3.30060926606e+15	-3.01261233671e+13	0.00104970461989	0.998950846127
908.112546644	3.30135291168e+15	-3.01329109504e+13	0.00104689275622	0.998953655045
907.907943836	3.30209689248e+15	-3.01397015929e+13	0.00104438452697	0.998956160653
907.703341028	3.30284120868e+15	-3.01464952967e+13	0.00104211187743	0.998958430933
907.498738219	3.3035858605e+15	-3.01532920639e+13	0.0010400241495	0.998960516488
907.294135411	3.30433084817e+15	-3.01600918965e+13	0.00103808353391	0.998962455088
907.089532603	3.30507617192e+15	-3.01668947967e+13	0.00103626174319	0.998964274991
906.884929795	3.30582183197e+15	-3.01737007665e+13	0.0010345375195	0.99896599743
906.680326987	3.30656782856e+15	-3.0180509808e+13	0.0010237958835	0.998976728017
906.475724178	3.30731416191e+15	-3.01873219233e+13	0.00100440795984	0.998996096289
906.27112137	3.30806083225e+15	-3.01941371144e+13	0.0010038371348	0.998996666541
906.066518562	3.3088078398e+15	-3.02009553835e+13	0.00100326652194	0.998997236582
905.861915754	3.3095551848e+15	-3.02077767325e+13	0.00100269611693	0.998997806415
905.657312946	3.31030286748e+15	-3.02146011637e+13	0.00100212591907	0.998998376041
905.452710137	3.31105088806e+15	-3.02214286791e+13	0.00100155592753	0.998998945462
905.248107329	3.31179924678e+15	-3.02282592808e+13	0.00100098614314	0.998999514676
905.043504521	3.31254794385e+15	-3.02350929708e+13	0.00100041656478	0.999000083685
904.838901713	3.31329697952e+15	-3.02419297514e+13	0.000999847192764	0.999000652488
904.634298905	3.31404635401e+15	-3.02487696245e+13	0.000999278027219	0.999001221085
904.429696096	3.31479606755e+15	-3.02556125923e+13	0.000998709067578	0.999001789476
904.225093288	3.31554612038e+15	-3.02624586568e+13	0.000998140314252	0.999002357662
904.02049048	3.31629651271e+15	-3.02693078203e+13	0.000997571767047	0.999002925642
903.815887672	3.31704724479e+15	-3.02761600847e+13	0.000997003425868	0.999003493417
903.611284863	3.31779831684e+15	-3.02830154522e+13	0.000996435291111	0.999004060986
903.406682055	3.3185497291e+15	-3.02898739249e+13	0.000995867362535	0.999004628349
903.202079247	3.31930148179e+15	-3.02967355049e+13	0.000995299640394	0.999005195506
902.997476439	3.32005357515e+15	-3.03036001943e+13	0.000994732124517	0.999005762457
902.792873631	3.3208060094e+15	-3.03104679953e+13	0.000994164814738	0.999006329203
902.588270822	3.32155878479e+15	-3.03173389099e+13	0.000993597711162	0.999006895744
902.383668014	3.32231190154e+15	-3.03242129402e+13	0.000993030813611	0.999007462078
902.179065206	3.32306535989e+15	-3.03310900885e+13	0.000992464121945	0.999008028208
901.974462398	3.32381916006e+15	-3.03379703568e+13	0.000991897636251	0.999008594132
901.76985959	3.32457330229e+15	-3.03448537471e+13	0.000991331356403	0.99900915985
901.565256781	3.32532778681e+15	-3.03517402618e+13	0.000990765282303	0.999009725364
901.360653973	3.32608261386e+15	-3.03586299028e+13	0.000990199414021	0.999010290672
901.156051165	3.32683778367e+15	-3.03655226724e+13	0.000989633751461	0.999010855775
900.951448357	3.32759329647e+15	-3.03724185726e+13	0.000989068294542	0.999011420672
900.746845549	3.3283491525e+15	-3.03793176056e+13	0.000988503043313	0.999011985365
900.54224274	3.32910535199e+15	-3.03862197735e+13	0.000987937997693	0.999012549852
900.337639932	3.32986189517e+15	-3.03931250784e+13	0.000987373157611	0.999013114135
900.133037124	3.33061878228e+15	-3.04000335226e+13	0.000986808523098	0.999013678212
899.928434316	3.33137601356e+15	-3.0406945108e+13	0.000986244094056	0.999014242085
899.723831508	3.33213358923e+15	-3.0413859837e+13	0.000985679870504	0.999014805752
899.519228699	3.33289150954e+15	-3.04207777115e+13	0.000985115852377	0.999015369215
899.314625891	3.33364977472e+15	-3.04276987339e+13	0.000984552039616	0.999015932473
899.110023083	3.33440838499e+15	-3.04346229061e+13	0.00098398843223	0.999016495526
898.905420275	3.33516734061e+15	-3.04415502304e+13	0.000983425030141	0.999017058374
898.700817467	3.33592664181e+15	-3.0448480709e+13	0.00098286183335	0.999017621017
898.496214658	3.33668628881e+15	-3.04554143439e+13	0.000982298841788	0.999018183456
898.29161185	3.33744628187e+15	-3.04623511373e+13	0.000981736055445	0.99901874569
898.087009042	3.3382066212e+15	-3.04692910914e+13	0.000981173474263	0.999019307719
897.882406234	3.33896730706e+15	-3.04762342084e+13	0.000980611098218	0.999019869544
897.677803425	3.33972833968e+15	-3.04831804904e+13	0.000980048927271	0.999020431164
897.473200617	3.34048971929e+15	-3.04901299396e+13	0.00097948696139	0.999020992579
897.268597809	3.34125144613e+15	-3.04970825581e+13	0.000978925200533	0.99902155379
897.063995001	3.34201352045e+15	-3.05040383481e+13	0.000978363644665	0.999022114797
896.859392193	3.34277594247e+15	-3.05109973119e+13	0.000977802293748	0.999022675599
896.654789384	3.34353871244e+15	-3.05179594514e+13	0.000977241147746	0.999023236197
896.450186576	3.34430183059e+15	-3.0524924769e+13	0.000976680206624	0.99902379659
896.245583768	3.34506529717e+15	-3.05318932668e+13	0.000976119470344	0.999024356779
896.04098096	3.3458291124e+15	-3.0538864947e+13	0.00097555893887	0.999024916764
895.836378152	3.34659327654e+15	-3.05458398118e+13	0.000974998612167	0.999025476545
895.631775343	3.34735778981e+15	-3.05528178633e+13	0.000974438490197	0.999026036121
895.427172535	3.34812265247e+15	-3.05597991038e+13	0.000973878572925	0.999026595493
895.222569727	3.34888786474e+15	-3.05667835353e+13	0.000973318860313	0.999027154661
895.017966919	3.34965342687e+15	-3.05737711602e+13	0.000972759352327	0.999027713625
894.813364111	3.3504193391e+15	-3.05807619806e+13	0.000972200048929	0.999028272384
894.608761302	3.35118560167e+15	-3.05877559987e+13	0.000971640950083	0.99902883094
894.404158494	3.35195221481e+15	-3.05947532166e+13	0.000971082055753	0.999029389292
894.199555686	3.35271917877e+15	-3.06017536366e+13	0.000970523365902	0.99902994744
893.994952878	3.3534864938e+15	-3.0608757261e+13	0.000969964880495	0.999030505383
893.79035007	3.35425416012e+15	-3.06157640918e+13	0.000969406599494	0.999031063123
893.585747261	3.35502217799e+15	-3.06227741312e+13	0.000968848522864	0.999031620659
893.381144453	3.35579054764e+15	-3.06297873816e+13	0.000968290650569	0.999032177992
893.176541645	3.35655926932e+15	-3.06368038451e+13	0.000967732982572	0.99903273512
892.971938837	3.35732834327e+15	-3.06438235239e+13	0.000967175518836	0.999033292045
892.767336028	3.35809776972e+15	-3.06508464201e+13	0.000966618259326	0.999033848766
892.56273322	3.35886754893e+15	-3.06578725362e+13	0.000966061204005	0.999034405283
892.358130412	3.35963768114e+15	-3.06649018741e+13	0.000965504352837	0.999034961597
892.153527604	3.36040816658e+15	-3.06719344362e+13	0.000964947705785	0.999035517707
891.948924796	3.3611790055e+15	-3.06789702247e+13	0.000964391262814	0.999036073613
891.744321987	3.36195019814e+15	-3.06860092418e+13	0.000963835023887	0.999036629316
892.744321987	3.35818433807e+15	-3.06516365678e+13	0.000966555590688	0.999033911374
893.04735229	3.35704483341e+15	-3.06412358038e+13	0.000967380967643	0.999033086794
893.350382594	3.35590610181e+15	-3.06308420957e+13	0.000968206792608	0.999032261768
893.653412897	3.35476814248e+15	-3.06204554365e+13	0.0009690330657	0.999031436295
893.9564432	3.35363095462e+15	-3.06100758189e+13	0.000969859787038	0.999030610375
894.259473503	3.35249453747e+15	-3.05997032359e+13	0.000970686956738	0.999029784007
894.562503806	3.35135889024e+15	-3.05893376802e+13	0.00097151457492	0.999028957193
894.865534109	3.35022401213e+15	-3.05789791448e+13	0.000972342641701	0.99902812993
895.168564412	3.34908990238e+15	-3.05686276224e+13	0.0009731711572	0.99902730222
895.471594715	3.3479565602e+15	-3.05582831061e+13	0.000974000121533	0.999026474063
895.774625018	3.34682398482e+15	-3.05479455885e+13	0.000974829534819	0.999025645457
896.077655321	3.34569217545e+15	-3.05376150628e+13	0.000975659397177	0.999024816404
896.380685624	3.34456113132e+15	-3.05272915217e+13	0.000976489708723	0.999023986902
896.683715927	3.34343085165e+15	-3.05169749582e+13	0.000977320469576	0.999023156953
896.98674623	3.34230133567e+15	-3.05066653652e+13	0.000978151679855	0.999022326555
897.289776533	3.3411725826e+15	-3.04963627357e+13	0.000978983339676	0.999021495708
897.592806836	3.34004459168e+15	-3.04860670626e+13	0.000979815449159	0.999020664413
897.895837139	3.33891736212e+15	-3.04757783388e+13	0.000980648008426	0.99901983267
898.198867442	3.33779089317e+15	-3.04654965574e+13	0.000981481017592	0.999019000477
898.501897745	3.33666518404e+15	-3.04552217113e+13	0.000982314476778	0.999018167836
898.804928048	3.33554023398e+15	-3.04449537934e+13	0.000983148386101	0.999017334746
899.107958351	3.3344160422e+15	-3.04346927969e+13	0.00098398274568	0.999016501207
899.410988654	3.33329260796e+15	-3.04244387146e+13	0.000984817555613	0.999015667218
899.714018957	3.33216993048e+15	-3.04141915396e+13	0.000985652816057	0.99901483278
900.01704926	3.331048009e+15	-3.0403951265e+13	0.000986488527115	0.999013997893
900.320079563	3.32992684275e+15	-3.03937178837e+13	0.000987324688872	0.999013162556
900.623109866	3.32880643097e+15	-3.03834913888e+13	0.00098816130151	0.999012326769
900.926140169	3.3276867729e+15	-3.03732717734e+13	0.00098899836508	0.999011490533
901.229170472	3.32656786778e+15	-3.03630590304e+13	0.000989835879781	0.999010653846
901.532200775	3.32544971485e+15	-3.03528531531e+13	0.000990673845647	0.99900981671
901.835231078	3.32433231336e+15	-3.03426541344e+13	0.000991512262907	0.999008979123
902.138261381	3.32321566254e+15	-3.03324619674e+13	0.000992351131582	0.999008141086
902.441291684	3.32209976164e+15	-3.03222766453e+13	0.000993190451959	0.999007302598
902.744321987	3.32098460991e+15	-3.03120981612e+13	0.000994030224083	0.99900646366
903.04735229	3.31987020658e+15	-3.03019265081e+13	0.000994870448369	0.999005624271
903.350382594	3.31875655091e+15	-3.02917616792e+13	0.000995711124893	0.999004784431
903.653412897	3.31764364215e+15	-3.02816036677e+13	0.000996552254066	0.999003944139
903.9564432	3.31653147954e+15	-3.02714524666e+13	0.000997393835634	0.999003103396
904.259473503	3.31542006233e+15	-3.02613080691e+13	0.000998235869704	0.999002262202
904.562503806	3.31430938977e+15	-3.02511704685e+13	0.000999078355959	0.999001420557
904.865534109	3.31319946113e+15	-3.02410396577e+13	0.000999921294394	0.99900057846
905.168564412	3.31209027564e+15	-3.02309156302e+13	0.00100076468487	0.998999735913
905.471594715	3.31098183256e+15	-3.02207983789e+13	0.00100160852868	0.998998892914
905.774625018	3.30987413115e+15	-3.02106878972e+13	0.00100245282517	0.998998049463
906.077655321	3.30876717067e+15	-3.02005841782e+13	0.00100329757577	0.998997205559
906.380685624	3.30766095036e+15	-3.01904872152e+13	0.00100414278288	0.9989963612
906.683715927	3.3065554695e+15	-3.01803970014e+13	0.00102440362089	0.998976120901
906.98674623	3.30545072733e+15	-3.017031353e+13	0.0010353844579	0.998965151368
907.289776533	3.30434672311e+15	-3.01602367942e+13	0.00103804357021	0.998962495011
907.592806836	3.30324345612e+15	-3.01501667873e+13	0.00104096370731	0.998959577907
907.895837139	3.3021409256e+15	-3.01401035027e+13	0.00104424406345	0.99895630097
908.198867442	3.30103913083e+15	-3.01300469334e+13	0.00104803736279	0.998952511637
908.501897745	3.29993807106e+15	-3.01199970729e+13	0.00105257998143	0.998947973787
908.804928048	3.29883774556e+15	-3.01099539144e+13	0.00105823904351	0.998942320694
909.107958351	3.2977381536e+15	-3.00999174512e+13	0.00106558706075	0.998934980476
909.410988654	3.29663929445e+15	-3.00898876767e+13	0.00107552358173	0.998925054586
909.714018957	3.29554116736e+15	-3.00798645841e+13	0.00108948488984	0.998911108383
910.01704926	3.29444377162e+15	-3.00698481667e+13	0.00110984520981	0.998890770441
910.320079563	3.29334710648e+15	-3.00598384179e+13	0.00114081853346	0.998859831953
910.623109866	3.29225117122e+15	-3.00498353311e+13	0.00119084027666	0.998809868492
910.926140169	3.29115596512e+15	-3.00398388996e+13	0.00127910267262	0.998721715031
911.229170472	3.29006148744e+15	-3.00298491167e+13	0.00145069897022	0.998550352785
911.532200775	3.28896773745e+15	-3.00198659758e+13	0.00179886739827	0.998202749594
911.835231078	3.28787471444e+15	-3.00098894703e+13	0.0024632639006	0.997539767444
912.138261381	3.28678241768e+15	-2.99999195936e+13	0.0035349707318	0.996471269922
912.441291684	3.28569084644e+15	-2.99899563391e+13	0.00485240312495	0.995159350764
912.744321987	3.2846e+15	-2.99799997002e+13	0.0058841655904	0.994133112207
913.04735229	3.28350987764e+15	-2.99700496703e+13	0.00599397761554	0.99402395043
913.350382594	3.28242047864e+15	-2.99601062428e+13	0.00498675675545	0.995025656474
913.653412897	3.28133180228e+15	-2.99501694111e+13	0.00333622325197	0.996669335757
913.9564432	3.28024384784e+15	-2.99402391687e+13	0.00177901991445	0.998222561603
914.259473503	3.2791566146e+15	-2.99303155091e+13	0.000752115251533	0.999248167516
914.562503806	3.27807010185e+15	-2.99203984256e+13	0.000251246425028	0.999748785135
914.865534109	3.27698430887e+15	-2.99104879118e+13	6.61675117415e-05	0.999933834677
915.168564412	3.27589923494e+15	-2.99005839612e+13	1.37162277673e-05	0.999986283866
915.471594715	3.27481487936e+15	-2.98906865671e+13	2.23564573357e-06	0.999997764357
915.774625018	3.2737312414e+15	-2.98807957232e+13	2.85985284444e-07	0.999999714015
916.077655321	3.27264832035e+15	-2.98709114229e+13	2.88555634979e-08	0.999999971144
916.380685624	3.27156611552e+15	-2.98610336596e+13	2.37051757627e-09	0.999999997629
916.683715927	3.27048462617e+15	-2.9851162427e+13	2.38330468273e-10	0.999999999762
916.98674623	3.26940385161e+15	-2.98412977186e+13	8.4375244811e-11	0.999999999916
917.289776533	3.26832379113e+15	-2.98314395279e+13	6.78893705037e-11	0.999999999932
917.592806836	3.26724444401e+15	-2.98215878484e+13	5.9993121967e-11	0.99999999994
917.895837139	3.26616580956e+15	-2.98117426736e+13	5.37363632915e-11	0.999999999946
918.198867442	3.26508788706e+15	-2.98019039973e+13	4.85360133839e-11	0.999999999951
918.501897745	3.26401067582e+15	-2.97920718128e+13	4.41523078813e-11	0.999999999956
918.804928048	3.26293417512e+15	-2.97822461138e+13	4.04534496317e-11	0.99999999996
919.107958351	3.26185838427e+15	-2.97724268939e+13	3.72368273465e-11	0.999999999963
919.410988654	3.26078330257e+15	-2.97626141467e+13	3.44431215463e-11	0.999999999966
919.714018957	3.2597089293e+15	-2.97528078657e+13	3.19980330234e-11	0.999999999968
920.01704926	3.25863526378e+15	-2.97430080447e+13	2.98429857337e-11	0.99999999997
920.320079563	3.2575623053e+15	-2.97332146771e+13	2.79226044108e-11	0.999999999972
920.623109866	3.25649005317e+15	-2.97234277566e+13	2.62436312401e-11	0.999999999974
920.926140169	3.25541850669e+15	-2.97136472769e+13	2.47156611e-11	0.999999999975
921.229170472	3.25434766516e+15	-2.97038732316e+13	2.33395799467e-11	0.999999999977
921.532200775	3.25327752788e+15	-2.96941056144e+13	2.20956930196e-11	0.999999999978
921.835231078	3.25220809417e+15	-2.96843444189e+13	2.0967110256e-11	0.999999999979
922.138261381	3.25113936332e+15	-2.96745896388e+13	1.99330747757e-11	0.99999999998
922.441291684	3.25007133465e+15	-2.96648412677e+13	1.89748949561e-11	0.999999999981
922.744321987	3.24900400746e+15	-2.96550992995e+13	1.81247355262e-11	0.999999999982
