912.0	3.28728070175e+15	-3.12221366996e+13	0.000333096851699	0.999666958619
912.169557127	3.28666965103e+15	-3.12163330244e+13	0.000333237446372	0.999666818071
912.339114254	3.28605882743e+15	-3.12105315064e+13	0.000333378074239	0.99966667749
912.50867138	3.28544823083e+15	-3.12047321444e+13	0.000333518735302	0.999666536876
912.678228507	3.2848378611e+15	-3.11989349372e+13	0.000333659429563	0.999666396229
912.847785634	3.28422771812e+15	-3.11931398837e+13	0.000333800157023	0.999666255548
913.017342761	3.28361780175e+15	-3.11873469825e+13	0.000333940917684	0.999666114834
913.186899888	3.28300811189e+15	-3.11815562326e+13	0.000334081711548	0.999665974088
913.356457014	3.28239864839e+15	-3.11757676326e+13	0.000334222538616	0.999665833308
913.526014141	3.28178941113e+15	-3.11699811815e+13	0.000334363398891	0.999665692494
913.695571268	3.28118039999e+15	-3.1164196878e+13	0.000334504292373	0.999665551648
913.865128395	3.28057161484e+15	-3.11584147209e+13	0.000334645219064	0.999665410768
914.034685521	3.27996305555e+15	-3.1152634709e+13	0.000334786178966	0.999665269856
914.204242648	3.279354722e+15	-3.11468568412e+13	0.000334927172081	0.99966512891
914.373799775	3.27874661406e+15	-3.11410811162e+13	0.00033506819841	0.999664987931
914.543356902	3.27813873161e+15	-3.11353075329e+13	0.000335209257956	0.999664846918
914.712914029	3.27753107453e+15	-3.112953609e+13	0.000335350350719	0.999664705873
914.882471155	3.27692364268e+15	-3.11237667864e+13	0.000335491476701	0.999664564794
915.052028282	3.27631643594e+15	-3.11179996208e+13	0.000335632635904	0.999664423682
915.221585409	3.27570945419e+15	-3.11122345922e+13	0.00033577382833	0.999664282537
915.391142536	3.2751026973e+15	-3.11064716992e+13	0.000335915053981	0.999664141359
915.560699663	3.27449616514e+15	-3.11007109408e+13	0.000336056312857	0.999664000148
915.730256789	3.2738898576e+15	-3.10949523157e+13	0.000336197604961	0.999663858903
915.899813916	3.27328377454e+15	-3.10891958228e+13	0.000336338930294	0.999663717625
916.069371043	3.27267791585e+15	-3.10834414608e+13	0.000336480288858	0.999663576314
916.23892817	3.2720722814e+15	-3.10776892286e+13	0.000336621680655	0.99966343497
916.408485296	3.27146687105e+15	-3.10719391249e+13	0.000336763105686	0.999663293593
916.578042423	3.2708616847e+15	-3.10661911487e+13	0.000336904563953	0.999663152182
916.74759955	3.27025672221e+15	-3.10604452988e+13	0.000337046055457	0.999663010738
916.917156677	3.26965198346e+15	-3.10547015739e+13	0.000337187580201	0.999662869261
917.086713804	3.26904746833e+15	-3.10489599728e+13	0.000337329138186	0.999662727751
917.25627093	3.26844317669e+15	-3.10432204945e+13	0.000337470729413	0.999662586207
917.425828057	3.26783910842e+15	-3.10374831377e+13	0.000337612353885	0.999662444631
917.595385184	3.26723526339e+15	-3.10317479012e+13	0.000337754011602	0.999662303021
917.764942311	3.26663164149e+15	-3.10260147839e+13	0.000337895702567	0.999662161378
917.934499438	3.26602824258e+15	-3.10202837846e+13	0.000338037426781	0.999662019701
918.104056564	3.26542506654e+15	-3.10145549021e+13	0.000338179184247	0.999661877992
918.273613691	3.26482211326e+15	-3.10088281353e+13	0.000338320974964	0.999661736249
918.443170818	3.2642193826e+15	-3.1003103483e+13	0.000338462798936	0.999661594473
918.612727945	3.26361687444e+15	-3.09973809439e+13	0.000338604656164	0.999661452664
918.782285072	3.26301458867e+15	-3.0991660517e+13	0.000338746546649	0.999661310821
918.951842198	3.26241252515e+15	-3.09859422011e+13	0.000338888470393	0.999661168946
919.121399325	3.26181068377e+15	-3.0980225995e+13	0.000339030427399	0.999661027037
919.290956452	3.2612090644e+15	-3.09745118975e+13	0.000339172417666	0.999660885095
919.460513579	3.26060766691e+15	-3.09687999074e+13	0.000339314441198	0.999660743119
919.630070705	3.2600064912e+15	-3.09630900237e+13	0.000339456497996	0.999660601111
919.799627832	3.25940553712e+15	-3.09573822451e+13	0.000339598588061	0.999660459069
919.969184959	3.25880480457e+15	-3.09516765705e+13	0.000339740711395	0.999660316994
920.138742086	3.25820429341e+15	-3.09459729986e+13	0.000339882868	0.999660174886
920.308299213	3.25760400353e+15	-3.09402715285e+13	0.000340025057877	0.999660032744
920.477856339	3.25700393481e+15	-3.09345721588e+13	0.000340167281028	0.999659890569
920.647413466	3.25640408711e+15	-3.09288748884e+13	0.000340309537455	0.999659748361
920.816970593	3.25580446033e+15	-3.09231797162e+13	0.00034045182716	0.99965960612
920.98652772	3.25520505433e+15	-3.0917486641e+13	0.000340594150143	0.999659463845
921.156084847	3.25460586899e+15	-3.09117956617e+13	0.000340736506408	0.999659321538
921.325641973	3.2540069042e+15	-3.0906106777e+13	0.000340878895954	0.999659179197
921.4951991	3.25340815983e+15	-3.09004199859e+13	0.000341021318785	0.999659036822
921.664756227	3.25280963577e+15	-3.08947352872e+13	0.000341163774901	0.999658894415
921.834313354	3.25221133187e+15	-3.08890526796e+13	0.000341306264304	0.999658751974
922.003870481	3.25161324804e+15	-3.08833721622e+13	0.000341448786997	0.9996586095
922.173427607	3.25101538414e+15	-3.08776937337e+13	0.00034159134298	0.999658466993
922.342984734	3.25041774006e+15	-3.08720173929e+13	0.000341733932255	0.999658324452
922.512541861	3.24982031567e+15	-3.08663431388e+13	0.000341876554825	0.999658181878
922.682098988	3.24922311085e+15	-3.08606709701e+13	0.000342019210689	0.999658039271
922.851656114	3.24862612548e+15	-3.08550008857e+13	0.000342161899851	0.999657896631
923.021213241	3.24802935945e+15	-3.08493328845e+13	0.000342304622312	0.999657753957
923.190770368	3.24743281262e+15	-3.08436669653e+13	0.000342447378074	0.99965761125
923.360327495	3.24683648488e+15	-3.0838003127e+13	0.000342590167137	0.99965746851
923.529884622	3.24624037611e+15	-3.08323413684e+13	0.000342732989505	0.999657325737
923.699441748	3.24564448618e+15	-3.08266816884e+13	0.000342875845178	0.99965718293
923.868998875	3.24504881498e+15	-3.08210240858e+13	0.000343018734158	0.99965704009
924.038556002	3.24445336239e+15	-3.08153685595e+13	0.000343161656447	0.999656897217
924.208113129	3.24385812829e+15	-3.08097151084e+13	0.000343304612046	0.99965675431
924.377670256	3.24326311254e+15	-3.08040637313e+13	0.000343447600957	0.99965661137
924.547227382	3.24266831505e+15	-3.0798414427e+13	0.000343590623182	0.999656468397
924.716784509	3.24207373568e+15	-3.07927671945e+13	0.000343733678723	0.999656325391
924.886341636	3.24147937432e+15	-3.07871220325e+13	0.00034387676758	0.999656182351
925.055898763	3.24088523084e+15	-3.078147894e+13	0.000344019889756	0.999656039278
925.225455889	3.24029130513e+15	-3.07758379158e+13	0.000344163045253	0.999655896172
925.395013016	3.23969759706e+15	-3.07701989588e+13	0.000344306234071	0.999655753033
925.564570143	3.23910410652e+15	-3.07645620678e+13	0.000344449456213	0.99965560986
925.73412727	3.23851083339e+15	-3.07589272418e+13	0.000344592711681	0.999655466654
925.903684397	3.23791777754e+15	-3.07532944795e+13	0.000344736000475	0.999655323414
926.073241523	3.23732493887e+15	-3.07476637798e+13	0.000344879322598	0.999655180141
926.24279865	3.23673231724e+15	-3.07420351416e+13	0.000345022678051	0.999655036835
926.412355777	3.23613991254e+15	-3.07364085638e+13	0.000345166066836	0.999654893496
926.581912904	3.23554772465e+15	-3.07307840452e+13	0.000345309488954	0.999654750124
926.751470031	3.23495575346e+15	-3.07251615848e+13	0.000345452944408	0.999654606718
926.921027157	3.23436399883e+15	-3.07195411813e+13	0.000345596433198	0.999654463278
927.090584284	3.23377246067e+15	-3.07139228337e+13	0.000345739955327	0.999654319806
927.260141411	3.23318113883e+15	-3.07083065407e+13	0.000345883510796	0.9996541763
927.429698538	3.23259003321e+15	-3.07026923014e+13	0.000346027099607	0.999654032761
927.599255665	3.2319991437e+15	-3.06970801146e+13	0.000346170721761	0.999653889188
927.768812791	3.23140847016e+15	-3.06914699791e+13	0.00034631437726	0.999653745583
927.938369918	3.23081801248e+15	-3.06858618938e+13	0.000346458066106	0.999653601944
928.107927045	3.23022777054e+15	-3.06802558576e+13	0.0003466017883	0.999653458271
928.277484172	3.22963774423e+15	-3.06746518694e+13	0.000346745543844	0.999653314565
928.447041298	3.22904793343e+15	-3.0669049928e+13	0.00034688933274	0.999653170826
928.616598425	3.22845833801e+15	-3.06634500324e+13	0.000347033154989	0.999653027054
928.786155552	3.22786895786e+15	-3.06578521814e+13	0.000347177010593	0.999652883248
929.786155552	3.22439733276e+15	-3.06248791668e+13	0.000348026108817	0.999652034445
930.089185855	3.22334679899e+15	-3.06149013424e+13	0.000348283640426	0.999651777003
930.392216158	3.22229694954e+15	-3.06049300177e+13	0.000348541278617	0.999651519455
930.695246461	3.22124778374e+15	-3.05949651862e+13	0.0003487990234	0.9996512618
930.998276764	3.22019930093e+15	-3.05850068416e+13	0.000349056874784	0.999651004038
931.301307067	3.21915150043e+15	-3.05750549776e+13	0.000349314832779	0.999650746171
931.60433737	3.21810438159e+15	-3.05651095878e+13	0.000349572897393	0.999650488196
931.907367673	3.21705794374e+15	-3.05551706659e+13	0.000349831068637	0.999650230115
932.210397976	3.21601218621e+15	-3.05452382057e+13	0.00035008934652	0.999649971928
932.513428279	3.21496710834e+15	-3.05353122007e+13	0.00035034773105	0.999649713634
932.816458582	3.21392270946e+15	-3.05253926448e+13	0.000350606222238	0.999649455233
933.119488885	3.21287898893e+15	-3.05154795317e+13	0.000350864820092	0.999649196726
933.422519188	3.21183594607e+15	-3.0505572855e+13	0.000351123524623	0.999648938112
933.725549491	3.21079358023e+15	-3.04956726085e+13	0.000351382335839	0.999648679392
934.028579794	3.20975189074e+15	-3.0485778786e+13	0.00035164125375	0.999648420565
934.331610097	3.20871087695e+15	-3.04758913812e+13	0.00035190132005	0.99964816059
934.634640401	3.20767053821e+15	-3.04660103878e+13	0.00035216215818	0.999647899844
934.937670704	3.20663087385e+15	-3.04561357996e+13	0.000352423282393	0.999647638811
935.240701007	3.20559188322e+15	-3.04462676105e+13	0.000352685673718	0.999647376513
935.54373131	3.20455356566e+15	-3.04364058141e+13	0.000352948752083	0.999647113527
935.846761613	3.20351592053e+15	-3.04265504043e+13	0.000353209683494	0.999646852688
936.149791916	3.20247894716e+15	-3.04167013748e+13	0.000353474066859	0.999646588398
936.452822219	3.20144264491e+15	-3.04068587195e+13	0.00035373730322	0.999646325254
936.755852522	3.20040701313e+15	-3.03970224322e+13	0.000354002804146	0.999646059847
937.058882825	3.19937205116e+15	-3.03871925067e+13	0.000354269017723	0.999645793728
937.361913128	3.19833775835e+15	-3.03773689368e+13	0.000354536023732	0.999645526817
937.664943431	3.19730413407e+15	-3.03675517165e+13	0.000354805732636	0.999645257203
937.967973734	3.19627117765e+15	-3.03577408394e+13	0.000355076769572	0.999644986263
938.271004037	3.19523888845e+15	-3.03479362995e+13	0.000355351524459	0.999644711605
938.57403434	3.19420726582e+15	-3.03381380906e+13	0.000355634478446	0.999644428752
938.877064643	3.19317630913e+15	-3.03283462067e+13	0.000355925201486	0.999644138132
939.180094946	3.19214601772e+15	-3.03185606415e+13	0.000356235746388	0.999643827698
939.483125249	3.19111639095e+15	-3.0308781389e+13	0.000356583453195	0.999643480115
939.786155552	3.19008742818e+15	-3.0299008443e+13	0.000356991620176	0.999643072094
940.089185855	3.18905912876e+15	-3.02892417975e+13	0.000357485104403	0.999642578786
940.392216158	3.18803149206e+15	-3.02794814464e+13	0.000358070865352	0.999641993234
940.695246461	3.18700451743e+15	-3.02697273836e+13	0.000358718169553	0.999641346162
940.998276764	3.18597820424e+15	-3.0259979603e+13	0.000359374380265	0.999640690187
941.301307067	3.18495255185e+15	-3.02502380985e+13	0.000359986162704	0.999640078625
941.60433737	3.18392755961e+15	-3.02405028642e+13	0.000360537840558	0.999639527145
941.907367673	3.18290322689e+15	-3.02307738938e+13	0.00036105166242	0.999639013509
942.210397976	3.18187955306e+15	-3.02210511815e+13	0.000361562848962	0.999638502507
942.513428279	3.18085653747e+15	-3.02113347211e+13	0.000362143890686	0.999637921675
942.816458582	3.17983417951e+15	-3.02016245067e+13	0.000362843456579	0.999637222363
943.119488885	3.17881247852e+15	-3.01919205321e+13	0.000364051827518	0.999636014431
943.422519188	3.17779143387e+15	-3.01822227914e+13	0.000369448890651	0.999630619347
943.725549491	3.17677104495e+15	-3.01725312787e+13	0.000373888125581	0.999626181762
944.028579794	3.1757513111e+15	-3.01628459878e+13	0.000375123949074	0.999624946401
944.331610097	3.17473223171e+15	-3.01531669128e+13	0.000376520879161	0.999623549996
944.634640401	3.17371380614e+15	-3.01434940478e+13	0.000378235642083	0.99962183588
944.937670704	3.17269603377e+15	-3.01338273867e+13	0.000380223278293	0.999619848997
945.240701007	3.17167891396e+15	-3.01241669236e+13	0.000382579094953	0.999617494079
945.54373131	3.17066244609e+15	-3.01145126525e+13	0.000385468145013	0.999614606138
945.846761613	3.16964662953e+15	-3.01048645674e+13	0.000389134135717	0.999610941567
946.149791916	3.16863146366e+15	-3.00952226625e+13	0.000393926414024	0.999606151165
946.452822219	3.16761694785e+15	-3.00855869318e+13	0.000400377670957	0.999599702469
946.755852522	3.16660308148e+15	-3.00759573693e+13	0.000409324900231	0.999590758862
947.058882825	3.16558986391e+15	-3.00663339692e+13	0.000422151165628	0.999577937928
947.361913128	3.16457729454e+15	-3.00567167255e+13	0.000441300839196	0.99955879652
947.664943431	3.16356537274e+15	-3.00471056323e+13	0.000471477898201	0.99952863323
947.967973734	3.16255409789e+15	-3.00375006838e+13	0.000522177013368	0.999477959297
948.271004037	3.16154346936e+15	-3.0027901874e+13	0.000611674306673	0.999388512728
948.57403434	3.16053348655e+15	-3.0018309197e+13	0.000769003293771	0.999231292313
948.877064643	3.15952414882e+15	-3.0008722647e+13	0.00102336196738	0.998977161489
949.180094946	3.15851545556e+15	-2.99991422181e+13	0.00136996355366	0.998630974418
949.483125249	3.15750740616e+15	-2.99895679045e+13	0.00172706748959	0.998274423033
949.786155552	3.1565e+15	-2.99799997002e+13	0.00193959815007	0.998062281655
950.089185855	3.15549323646e+15	-2.99704375995e+13	0.00187034441827	0.998131403586
950.392216158	3.15448711493e+15	-2.99608815965e+13	0.00151730525186	0.998483845274
950.695246461	3.15348163479e+15	-2.99513316853e+13	0.00102911428551	0.998971415071
950.998276764	3.15247679544e+15	-2.99417878603e+13	0.000590603179921	0.999409571192
951.301307067	3.15147259625e+15	-2.99322501154e+13	0.000300243953848	0.999699801115
951.60433737	3.15046903662e+15	-2.9922718445e+13	0.000149933285739	0.999850077954
951.907367673	3.14946611594e+15	-2.99131928432e+13	8.4409463471e-05	0.999915594099
952.210397976	3.14846383359e+15	-2.99036733042e+13	5.64639409576e-05	0.999943537653
952.513428279	3.14746218897e+15	-2.98941598223e+13	4.22272050051e-05	0.999957773687
952.816458582	3.14646118148e+15	-2.98846523917e+13	3.3210044985e-05	0.999966790506
953.119488885	3.14546081049e+15	-2.98751510065e+13	2.68877294393e-05	0.999973112632
953.422519188	3.1444610754e+15	-2.98656556611e+13	2.23085654925e-05	0.999977691683
953.725549491	3.14346197562e+15	-2.98561663496e+13	1.89087383896e-05	0.99998109144
954.028579794	3.14246351052e+15	-2.98466830664e+13	1.63151840394e-05	0.999983684949
954.331610097	3.14146567952e+15	-2.98372058057e+13	1.42834606557e-05	0.999985716641
954.634640401	3.140468482e+15	-2.98277345617e+13	1.26512692259e-05	0.999987348811
954.937670704	3.13947191736e+15	-2.98182693287e+13	1.13188077264e-05	0.999988681256
955.240701007	3.138475985e+15	-2.9808810101e+13	1.02101656767e-05	0.999989789886
955.54373131	3.13748068431e+15	-2.97993568729e+13	9.28020349308e-06	0.99999071984
955.846761613	3.13648601471e+15	-2.97899096387e+13	8.48755757014e-06	0.999991512478
956.149791916	3.13549197558e+15	-2.97804683927e+13	7.80651815045e-06	0.999992193512
956.452822219	3.13449856632e+15	-2.97710331291e+13	7.21390903133e-06	0.999992786117
956.755852522	3.13350578635e+15	-2.97616038424e+13	6.69763347614e-06	0.999993302389
957.058882825	3.13251363506e+15	-2.97521805267e+13	6.24307765929e-06	0.999993756942
957.361913128	3.13152211185e+15	-2.97427631766e+13	5.83990978895e-06	0.999994160107
957.664943431	3.13053121613e+15	-2.97333517862e+13	5.48026962484e-06	0.999994519745
957.967973734	3.1295409473e+15	-2.972394635e+13	5.1596956283e-06	0.999994840318
958.271004037	3.12855130477e+15	-2.97145468622e+13	4.8703154946e-06	0.999995129696
958.57403434	3.12756228794e+15	-2.97051533173e+13	4.60841622696e-06	0.999995391594
958.877064643	3.12657389622e+15	-2.96957657096e+13	4.37132964001e-06	0.99999562868
959.180094946	3.12558612902e+15	-2.96863840335e+13	4.15464820507e-06	0.99999584536
959.483125249	3.12459898575e+15	-2.96770082834e+13	3.95745221313e-06	0.999996042556
959.786155552	3.12361246582e+15	-2.96676384536e+13	3.775952173e-06	0.999996224055
