912.0	3.28728070175e+15	-3.19716705643e+13	0.0376610956889	0.96303926375
912.399870563	3.2858400102e+15	-3.19576585829e+13	0.0377271898592	0.962975614573
912.799741126	3.2844005809e+15	-3.1943658878e+13	0.0377933709864	0.96291188587
913.199611689	3.28296241219e+15	-3.19296714334e+13	0.0378596391468	0.962848077585
913.599482252	3.28152550241e+15	-3.1915696233e+13	0.0379259944166	0.96278418966
913.999352814	3.28008984992e+15	-3.19017332608e+13	0.0379924368721	0.96272022204
914.399223377	3.27865545306e+15	-3.18877825008e+13	0.0380589665897	0.962656174666
914.79909394	3.27722231019e+15	-3.18738439368e+13	0.0381255836458	0.962592047482
915.198964503	3.27579041966e+15	-3.1859917553e+13	0.0381922881167	0.96252784043
915.598835066	3.27435977983e+15	-3.18460033334e+13	0.0382590800788	0.962463553454
915.998705629	3.27293038907e+15	-3.1832101262e+13	0.0383259596088	0.962399186496
916.398576192	3.27150224574e+15	-3.1818211323e+13	0.0383929267829	0.9623347395
916.798446755	3.2700753482e+15	-3.18043335004e+13	0.0384599816779	0.962270212409
917.198317318	3.26864969483e+15	-3.17904677784e+13	0.0385271243702	0.962205605165
917.59818788	3.267225284e+15	-3.17766141412e+13	0.0385943549365	0.962140917712
917.998058443	3.2658021141e+15	-3.17627725731e+13	0.0386616734534	0.962076149992
918.397929006	3.26438018348e+15	-3.17489430581e+13	0.0387290799976	0.962011301949
918.797799569	3.26295949055e+15	-3.17351255807e+13	0.0387965746457	0.961946373526
919.197670132	3.26154003368e+15	-3.17213201251e+13	0.0388641574746	0.961881364666
919.597540695	3.26012181126e+15	-3.17075266756e+13	0.0389318285609	0.961816275311
919.997411258	3.25870482168e+15	-3.16937452165e+13	0.0389995879815	0.961751105405
920.397281821	3.25728906334e+15	-3.16799757323e+13	0.0390674358133	0.961685854892
920.797152384	3.25587453462e+15	-3.16662182073e+13	0.0391353721331	0.961620523713
921.197022946	3.25446123394e+15	-3.16524726259e+13	0.0392033970177	0.961555111813
921.596893509	3.25304915969e+15	-3.16387389727e+13	0.0392715105443	0.961489619134
921.996764072	3.25163831027e+15	-3.1625017232e+13	0.0393397127896	0.961424045619
922.396634635	3.25022868409e+15	-3.16113073885e+13	0.0394080038307	0.961358391212
922.796505198	3.24882027957e+15	-3.15976094265e+13	0.0394763837447	0.961292655855
923.196375761	3.24741309511e+15	-3.15839233308e+13	0.0395448526087	0.961226839492
923.596246324	3.24600712913e+15	-3.15702490858e+13	0.0396134104996	0.961160942066
923.996116887	3.24460238004e+15	-3.15565866762e+13	0.0396820574948	0.961094963521
924.39598745	3.24319884628e+15	-3.15429360867e+13	0.0397507936713	0.961028903798
924.795858012	3.24179652626e+15	-3.15292973019e+13	0.0398196191063	0.960962762842
925.195728575	3.2403954184e+15	-3.15156703064e+13	0.0398885338771	0.960896540595
925.595599138	3.23899552114e+15	-3.15020550851e+13	0.039957538061	0.960830237001
925.995469701	3.23759683292e+15	-3.14884516226e+13	0.0400266317353	0.960763852003
926.395340264	3.23619935215e+15	-3.14748599038e+13	0.0400958149772	0.960697385544
926.795210827	3.23480307729e+15	-3.14612799134e+13	0.0401650878643	0.960630837568
927.19508139	3.23340800677e+15	-3.14477116362e+13	0.0402344504738	0.960564208017
927.594951953	3.23201413903e+15	-3.14341550572e+13	0.0403039028832	0.960497496835
927.994822516	3.23062147251e+15	-3.14206101612e+13	0.0403734451701	0.960430703965
928.394693078	3.22923000568e+15	-3.1407076933e+13	0.0404430774118	0.96036382935
928.794563641	3.22783973697e+15	-3.13935553577e+13	0.040512799686	0.960296872934
929.194434204	3.22645066484e+15	-3.13800454202e+13	0.0405826120702	0.96022983466
929.594304767	3.22506278774e+15	-3.13665471054e+13	0.040652514642	0.960162714471
929.99417533	3.22367610414e+15	-3.13530603984e+13	0.0407225074791	0.960095512311
930.394045893	3.22229061249e+15	-3.13395852842e+13	0.0407925906591	0.960028228122
930.793916456	3.22090631127e+15	-3.13261217478e+13	0.0408627642597	0.959960861848
931.193787019	3.21952319892e+15	-3.13126697744e+13	0.0409330283587	0.959893413433
931.593657581	3.21814127394e+15	-3.12992293491e+13	0.0410033830339	0.959825882819
931.993528144	3.21676053477e+15	-3.12858004569e+13	0.041073828363	0.95975826995
932.393398707	3.21538097991e+15	-3.12723830831e+13	0.041144364424	0.95969057477
932.79326927	3.21400260783e+15	-3.12589772128e+13	0.0412149912946	0.959622797221
933.193139833	3.212625417e+15	-3.12455828313e+13	0.0412857090528	0.959554937248
933.593010396	3.21124940591e+15	-3.12321999238e+13	0.0413565177765	0.959486994793
933.992880959	3.20987457305e+15	-3.12188284756e+13	0.0414274175437	0.9594189698
934.392751522	3.2085009169e+15	-3.12054684718e+13	0.0414984084323	0.959350862212
934.792622085	3.20712843595e+15	-3.1192119898e+13	0.0415694905206	0.959282671973
935.192492647	3.20575712869e+15	-3.11787827393e+13	0.0416406638864	0.959214399026
935.59236321	3.20438699362e+15	-3.11654569812e+13	0.041711928608	0.959146043315
935.992233773	3.20301802924e+15	-3.1152142609e+13	0.0417832847634	0.959077604782
936.392104336	3.20165023404e+15	-3.11388396082e+13	0.0418547324309	0.959009083372
936.791974899	3.20028360653e+15	-3.11255479642e+13	0.0419262716886	0.958940479028
937.191845462	3.19891814522e+15	-3.11122676625e+13	0.0419979026148	0.958871791694
937.591716025	3.19755384861e+15	-3.10989986885e+13	0.0420696252877	0.958803021312
937.991586588	3.19619071521e+15	-3.10857410277e+13	0.0421414397857	0.958734167827
938.391457151	3.19482874354e+15	-3.10724946658e+13	0.0422133461871	0.958665231182
938.791327713	3.19346793211e+15	-3.10592595882e+13	0.0422853445703	0.95859621132
939.191198276	3.19210827945e+15	-3.10460357806e+13	0.0423574350137	0.958527108185
939.591068839	3.19074978406e+15	-3.10328232285e+13	0.0424296175958	0.95845792172
939.990939402	3.18939244447e+15	-3.10196219176e+13	0.0425018923949	0.958388651869
940.390809965	3.18803625921e+15	-3.10064318336e+13	0.0425742594896	0.958319298577
940.790680528	3.18668122681e+15	-3.09932529621e+13	0.0426467189585	0.958249861785
941.190551091	3.1853273458e+15	-3.09800852889e+13	0.0427192708801	0.958180341438
941.590421654	3.18397461471e+15	-3.09669287996e+13	0.0427919153331	0.958110737479
941.990292217	3.18262303208e+15	-3.09537834801e+13	0.042864652396	0.958041049853
942.390162779	3.18127259643e+15	-3.09406493161e+13	0.0429374821476	0.957971278502
942.790033342	3.17992330633e+15	-3.09275262935e+13	0.0430104046666	0.95790142337
943.189903905	3.1785751603e+15	-3.0914414398e+13	0.0430834200317	0.957831484401
943.589774468	3.1772281569e+15	-3.09013136155e+13	0.0431565283216	0.957761461539
943.989645031	3.17588229466e+15	-3.08882239318e+13	0.0432297296152	0.957691354727
944.389515594	3.17453757215e+15	-3.0875145333e+13	0.0433030239914	0.957621163909
944.789386157	3.17319398792e+15	-3.08620778049e+13	0.043376411529	0.957550889029
945.18925672	3.17185154051e+15	-3.08490213335e+13	0.0434498923069	0.95748053003
945.589127283	3.17051022849e+15	-3.08359759046e+13	0.043523466404	0.957410086855
945.988997845	3.16917005042e+15	-3.08229415045e+13	0.0435971338994	0.95733955945
946.388868408	3.16783100486e+15	-3.08099181189e+13	0.043670894872	0.957268947757
946.788738971	3.16649309038e+15	-3.07969057341e+13	0.0437447494009	0.957198251721
947.188609534	3.16515630554e+15	-3.07839043361e+13	0.0438186975652	0.957127471284
947.588480097	3.16382064891e+15	-3.07709139108e+13	0.0438927394439	0.957056606392
947.98835066	3.16248611907e+15	-3.07579344446e+13	0.0439668751163	0.956985656987
948.388221223	3.16115271459e+15	-3.07449659235e+13	0.0440411046614	0.956914623013
948.788091786	3.15982043404e+15	-3.07320083336e+13	0.0441154281586	0.956843504415
949.187962349	3.15848927601e+15	-3.07190616612e+13	0.044189845687	0.956772301135
949.587832911	3.15715923909e+15	-3.07061258925e+13	0.0442643573259	0.956701013119
949.987703474	3.15583032184e+15	-3.06932010137e+13	0.0443389631546	0.95662964031
950.387574037	3.15450252287e+15	-3.0680287011e+13	0.0444136632525	0.956558182651
950.7874446	3.15317584075e+15	-3.06673838707e+13	0.044488457699	0.956486640087
951.187315163	3.15185027408e+15	-3.06544915792e+13	0.0445633465734	0.956415012561
951.587185726	3.15052582146e+15	-3.06416101227e+13	0.0446383299552	0.956343300017
952.587185726	3.14721848553e+15	-3.06094433973e+13	0.044826263311	0.956163588099
952.890216029	3.14621763302e+15	-3.0599709234e+13	0.0448833297904	0.956109024766
953.193246332	3.14521741686e+15	-3.05899812598e+13	0.0449404507393	0.956054412471
953.496276635	3.14421783647e+15	-3.0580259469e+13	0.0449976261922	0.95599975119
953.799306938	3.14321889122e+15	-3.05705438555e+13	0.0450548561838	0.955945040898
954.102337241	3.14222058052e+15	-3.05608344136e+13	0.0451121407489	0.95589028157
954.405367544	3.14122290376e+15	-3.05511311372e+13	0.045169479922	0.955835473183
954.708397847	3.14022586034e+15	-3.05414340207e+13	0.0452268737379	0.955780615713
955.01142815	3.13922944965e+15	-3.0531743058e+13	0.0452843222313	0.955725709133
955.314458453	3.13823367109e+15	-3.05220582434e+13	0.0453418254368	0.955670753422
955.617488756	3.13723852407e+15	-3.0512379571e+13	0.0453993833893	0.955615748553
955.920519059	3.13624400798e+15	-3.05027070349e+13	0.0454569961234	0.955560694503
956.223549362	3.13525012221e+15	-3.04930406293e+13	0.045514663674	0.955505591247
956.526579665	3.13425686618e+15	-3.04833803484e+13	0.0455723860756	0.955450438761
956.829609968	3.13326423928e+15	-3.04737261864e+13	0.0456301633682	0.955395237016
957.132640271	3.13227224092e+15	-3.04640781374e+13	0.0456879955921	0.955339985983
957.435670574	3.1312808705e+15	-3.04544361957e+13	0.0457458827571	0.95528468566
957.738700877	3.13029012742e+15	-3.04448003555e+13	0.0458038249252	0.955229335998
958.04173118	3.12930001108e+15	-3.04351706109e+13	0.0458618224724	0.955173936646
958.344761483	3.1283105209e+15	-3.04255469562e+13	0.0459198747156	0.955118488265
958.647791786	3.12732165628e+15	-3.04159293856e+13	0.0459779820752	0.955062990464
958.95082209	3.12633341663e+15	-3.04063178934e+13	0.0460361445455	0.955007443257
959.253852393	3.12534580135e+15	-3.03967124737e+13	0.0460943622087	0.954951846574
959.556882696	3.12435880985e+15	-3.03871131209e+13	0.0461526350803	0.954896200409
959.859912999	3.12337244154e+15	-3.03775198291e+13	0.0462109631588	0.954840504772
960.162943302	3.12238669584e+15	-3.03679325927e+13	0.0462693465114	0.95478475961
960.465973605	3.12140157214e+15	-3.03583514059e+13	0.046327785219	0.954728964853
960.769003908	3.12041706987e+15	-3.0348776263e+13	0.046386279237	0.954673120553
961.072034211	3.11943318844e+15	-3.03392071583e+13	0.0464448287044	0.954617226586
961.375064514	3.11844992726e+15	-3.0329644086e+13	0.0465034335663	0.954561283015
961.678094817	3.11746728574e+15	-3.03200870405e+13	0.0465620940147	0.954505289664
961.98112512	3.11648526329e+15	-3.0310536016e+13	0.0466208100145	0.954449246577
962.284155423	3.11550385934e+15	-3.03009910069e+13	0.0466795818601	0.954393153482
962.587185726	3.11452307329e+15	-3.02914520075e+13	0.0467384095222	0.954337010415
962.890216029	3.11354290457e+15	-3.02819190122e+13	0.0467972932887	0.954280817112
963.193246332	3.1125633526e+15	-3.02723920151e+13	0.046856232873	0.954224573855
963.496276635	3.11158441678e+15	-3.02628710108e+13	0.0469152283517	0.95416828058
963.799306938	3.11060609654e+15	-3.02533559935e+13	0.0469742794007	0.954111937606
964.102337241	3.1096283913e+15	-3.02438469576e+13	0.0470333856797	0.954055545266
964.405367544	3.10865130047e+15	-3.02343438975e+13	0.0470925477003	0.953999103082
964.708397847	3.10767482349e+15	-3.02248468075e+13	0.047151765427	0.953942611096
965.01142815	3.10669895977e+15	-3.0215355682e+13	0.0472110390029	0.953886069182
965.314458453	3.10572370873e+15	-3.02058705154e+13	0.0472703691164	0.953829476692
965.617488756	3.1047490698e+15	-3.0196391302e+13	0.0473297564026	0.95377283303
965.920519059	3.1037750424e+15	-3.01869180364e+13	0.0473892063753	0.953716132947
966.223549362	3.10280162596e+15	-3.01774507128e+13	0.0487879805402	0.95238303203
966.526579665	3.10182881989e+15	-3.01679893256e+13	0.0489217721927	0.952255619654
966.829609968	3.10085662364e+15	-3.01585338694e+13	0.0490643187312	0.952119888586
967.132640271	3.09988503662e+15	-3.01490843386e+13	0.0492183703105	0.951973224311
967.435670574	3.09891405825e+15	-3.01396407274e+13	0.0493880249334	0.951811731352
967.738700877	3.09794368798e+15	-3.01302030305e+13	0.0495794296721	0.95162956751
968.04173118	3.09697392523e+15	-3.01207712423e+13	0.049801849914	0.951417929368
968.344761483	3.09600476942e+15	-3.01113453571e+13	0.0500692928256	0.95116351341
968.647791786	3.09503622e+15	-3.01019253695e+13	0.0504030091627	0.950846147564
968.95082209	3.09406827638e+15	-3.00925112739e+13	0.0508354266844	0.950435073914
969.253852393	3.093100938e+15	-3.00831030648e+13	0.0514166231355	0.949882844914
969.556882696	3.0921342043e+15	-3.00737007367e+13	0.0522258552478	0.949114480147
969.859912999	3.09116807471e+15	-3.00643042841e+13	0.0533949113898	0.948005560356
970.162943302	3.09020254865e+15	-3.00549137014e+13	0.0551634085745	0.946330496801
970.465973605	3.08923762558e+15	-3.00455289832e+13	0.0580228502907	0.943628385008
970.769003908	3.08827330491e+15	-3.00361501239e+13	0.0630725607792	0.938875345691
971.072034211	3.08730958609e+15	-3.00267771182e+13	0.0727089983762	0.929871384741
971.375064514	3.08634646855e+15	-3.00174099604e+13	0.0913451124852	0.912702671453
971.678094817	3.08538395173e+15	-3.00080486452e+13	0.124672182279	0.882786248132
971.98112512	3.08442203508e+15	-2.99986931671e+13	0.175176800558	0.839308617418
972.284155423	3.08346071802e+15	-2.99893435206e+13	0.234538832148	0.79093551957
972.587185726	3.0825e+15	-2.99799997002e+13	0.280552686508	0.755366145389
972.890216029	3.08153988046e+15	-2.99706617006e+13	0.287711870749	0.74997765161
973.193246332	3.08058035883e+15	-2.99613295162e+13	0.246993021095	0.781146145057
973.496276635	3.07962143457e+15	-2.99520031417e+13	0.175100863801	0.839372354214
973.799306938	3.07866310711e+15	-2.99426825716e+13	0.101695793932	0.903304300526
974.102337241	3.0777053759e+15	-2.99333678006e+13	0.0481506861202	0.952990173866
974.405367544	3.07674824037e+15	-2.99240588231e+13	0.0185276603541	0.981642921625
974.708397847	3.07579169998e+15	-2.99147556338e+13	0.00578141907073	0.994235261172
975.01142815	3.07483575417e+15	-2.99054582274e+13	0.00146093099923	0.998540135641
975.314458453	3.07388040238e+15	-2.98961665983e+13	0.000298729419082	0.999701315196
975.617488756	3.07292564407e+15	-2.98868807413e+13	4.94728620873e-05	0.999950528362
975.920519059	3.07197147867e+15	-2.98776006509e+13	6.71281155887e-06	0.999993287211
976.223549362	3.07101790564e+15	-2.98683263218e+13	8.20883538948e-07	0.999999179117
976.526579665	3.07006492443e+15	-2.98590577486e+13	1.56911780913e-07	0.999999843088
976.829609968	3.06911253447e+15	-2.9849794926e+13	8.65675834244e-08	0.999999913432
977.132640271	3.06816073524e+15	-2.98405378486e+13	7.19610030147e-08	0.999999928039
977.435670574	3.06720952617e+15	-2.98312865111e+13	6.3474489437e-08	0.999999936526
977.738700877	3.06625890671e+15	-2.9822040908e+13	5.67434354271e-08	0.999999943257
978.04173118	3.06530887632e+15	-2.98128010342e+13	5.11712541356e-08	0.999999948829
978.344761483	3.06435943445e+15	-2.98035668843e+13	4.64886614695e-08	0.999999953511
978.647791786	3.06341058056e+15	-2.97943384529e+13	4.2505867007e-08	0.999999957494
978.95082209	3.06246231409e+15	-2.97851157348e+13	3.90839626693e-08	0.999999960916
979.253852393	3.06151463451e+15	-2.97758987246e+13	3.61554994753e-08	0.999999963845
979.556882696	3.06056754126e+15	-2.9766687417e+13	3.35647296105e-08	0.999999966435
979.859912999	3.05962103381e+15	-2.97574818068e+13	3.12850197572e-08	0.999999968715
980.162943302	3.05867511161e+15	-2.97482818887e+13	2.92656676125e-08	0.999999970734
980.465973605	3.05772977412e+15	-2.97390876574e+13	2.74588395494e-08	0.999999972541
980.769003908	3.05678502079e+15	-2.97298991076e+13	2.58716379307e-08	0.999999974128
981.072034211	3.05584085109e+15	-2.9720716234e+13	2.44225997001e-08	0.999999975577
981.375064514	3.05489726447e+15	-2.97115390315e+13	2.31128351932e-08	0.999999976887
981.678094817	3.05395426039e+15	-2.97023674947e+13	2.19244337208e-08	0.999999978076
981.98112512	3.05301183832e+15	-2.96932016184e+13	2.08429847286e-08	0.999999979157
982.284155423	3.05206999772e+15	-2.96840413974e+13	1.98552481947e-08	0.999999980145
982.587185726	3.05112873804e+15	-2.96748868264e+13	1.89449780931e-08	0.999999981055
