912.0	3.28728070175e+15	-3.0002640786e+13	0.000751317062883	0.999248965105
911.79483584	3.28802037713e+15	-3.00093917199e+13	0.000587335751323	0.999412836697
911.58967168	3.28876038544e+15	-3.00161456925e+13	0.000468973842296	0.999531136109
911.38450752	3.28950072693e+15	-3.0022902706e+13	0.000390560779875	0.999609515479
911.179343361	3.29024140181e+15	-3.00296627623e+13	0.000341298996589	0.999658759239
910.974179201	3.29098241031e+15	-3.00364258635e+13	0.000310889309081	0.999689159012
910.769015041	3.29172375266e+15	-3.00431920117e+13	0.000291804308994	0.999708238262
910.563850881	3.29246542908e+15	-3.0049961209e+13	0.000279332132223	0.999720706877
910.358686721	3.2932074398e+15	-3.00567334573e+13	0.000270778532943	0.999729258124
910.153522561	3.29394978505e+15	-3.00635087588e+13	0.000264653742829	0.999735381275
909.948358401	3.29469246504e+15	-3.00702871155e+13	0.000260119252188	0.999739914576
909.743194241	3.29543548001e+15	-3.00770685296e+13	0.000256676332353	0.999743356606
909.538030082	3.29617883018e+15	-3.00838530029e+13	0.000254008144225	0.999746024113
909.332865922	3.29692251578e+15	-3.00906405378e+13	0.000251901681418	0.999748130043
909.127701762	3.29766653704e+15	-3.00974311361e+13	0.000250208080033	0.999749823219
908.922537602	3.29841089419e+15	-3.01042248e+13	0.000248820655257	0.999751210298
908.717373442	3.29915558744e+15	-3.01110215315e+13	0.000247661841401	0.999752368824
908.512209282	3.29990061704e+15	-3.01178213328e+13	0.00024667472838	0.999753355693
908.307045122	3.3006459832e+15	-3.01246242059e+13	0.000245817351595	0.999754212859
908.101880963	3.30139168616e+15	-3.0131430153e+13	0.000245058659188	0.999754971365
907.896716803	3.30213772615e+15	-3.01382391759e+13	0.000244375639274	0.999755654218
907.691552643	3.30288410338e+15	-3.0145051277e+13	0.000243751202144	0.999756278503
907.486388483	3.3036308181e+15	-3.01518664582e+13	0.000243172642274	0.999756856922
907.281224323	3.30437787053e+15	-3.01586847217e+13	0.000242630491375	0.999757398941
907.076060163	3.3051252609e+15	-3.01655060694e+13	0.000242117675702	0.999757911632
906.870896003	3.30587298943e+15	-3.01723305037e+13	0.00024162888774	0.999758400302
906.665731844	3.30662105637e+15	-3.01791580264e+13	0.000241103417505	0.999758925646
906.460567684	3.30736946193e+15	-3.01859886398e+13	0.000234386871878	0.999765640595
906.255403524	3.30811820635e+15	-3.01928223458e+13	0.000234174743445	0.999765852673
906.050239364	3.30886728986e+15	-3.01996591467e+13	0.000233962759256	0.999766064608
905.845075204	3.30961671269e+15	-3.02064990446e+13	0.000233750919026	0.999766276399
905.639911044	3.31036647506e+15	-3.02133420414e+13	0.000233539222687	0.999766488045
905.434746884	3.31111657722e+15	-3.02201881394e+13	0.000233327670174	0.999766699549
905.229582724	3.31186701939e+15	-3.02270373406e+13	0.00023311626142	0.999766910908
905.024418565	3.3126178018e+15	-3.02338896472e+13	0.000232904996361	0.999767122124
904.819254405	3.31336892468e+15	-3.02407450613e+13	0.000232693874931	0.999767333196
904.614090245	3.31412038827e+15	-3.02476035849e+13	0.000232482897065	0.999767544125
904.408926085	3.3148721928e+15	-3.02544652202e+13	0.000232272062697	0.99976775491
904.203761925	3.3156243385e+15	-3.02613299694e+13	0.000232061371762	0.999767965552
903.998597765	3.3163768256e+15	-3.02681978344e+13	0.000231850824197	0.999768176051
903.793433605	3.31712965433e+15	-3.02750688176e+13	0.000231640419934	0.999768386407
903.588269446	3.31788282493e+15	-3.02819429209e+13	0.000231430158911	0.999768596619
903.383105286	3.31863633763e+15	-3.02888201465e+13	0.000231220041062	0.999768806688
903.177941126	3.31939019266e+15	-3.02957004966e+13	0.000231010066322	0.999769016614
902.972776966	3.32014439026e+15	-3.03025839732e+13	0.000230800234626	0.999769226398
902.767612806	3.32089893066e+15	-3.03094705785e+13	0.000230590545909	0.999769436038
902.562448646	3.32165381409e+15	-3.03163603147e+13	0.000230381000106	0.999769645536
902.357284486	3.32240904079e+15	-3.03232531838e+13	0.000230171597153	0.99976985489
902.152120326	3.32316461099e+15	-3.0330149188e+13	0.000229962336983	0.999770064102
901.946956167	3.32392052493e+15	-3.03370483295e+13	0.000229753219532	0.999770273172
901.741792007	3.32467678284e+15	-3.03439506103e+13	0.000229544244736	0.999770482099
901.536627847	3.32543338495e+15	-3.03508560327e+13	0.000229335412528	0.999770690883
901.331463687	3.32619033151e+15	-3.03577645987e+13	0.000229126722845	0.999770899525
901.126299527	3.32694762274e+15	-3.03646763106e+13	0.000228918175621	0.999771108024
900.921135367	3.32770525888e+15	-3.03715911704e+13	0.000228709770791	0.999771316381
900.715971207	3.32846324017e+15	-3.03785091803e+13	0.000228501508291	0.999771524596
900.510807048	3.32922156685e+15	-3.03854303426e+13	0.000228293388056	0.999771732669
900.305642888	3.32998023914e+15	-3.03923546592e+13	0.000228085410021	0.999771940599
900.100478728	3.33073925729e+15	-3.03992821324e+13	0.000227877574122	0.999772148388
899.895314568	3.33149862152e+15	-3.04062127644e+13	0.000227669880292	0.999772356035
899.690150408	3.33225833209e+15	-3.04131465573e+13	0.000227462328469	0.999772563539
899.484986248	3.33301838923e+15	-3.04200835132e+13	0.000227254918586	0.999772770902
899.279822088	3.33377879317e+15	-3.04270236344e+13	0.00022704765058	0.999772978123
899.074657929	3.33453954414e+15	-3.0433966923e+13	0.000226840524386	0.999773185202
898.869493769	3.3353006424e+15	-3.04409133811e+13	0.000226633539938	0.99977339214
898.664329609	3.33606208817e+15	-3.0447863011e+13	0.000226426697172	0.999773598935
898.459165449	3.3368238817e+15	-3.04548158148e+13	0.000226219996024	0.99977380559
898.254001289	3.33758602322e+15	-3.04617717947e+13	0.000226013436428	0.999774012103
898.048837129	3.33834851296e+15	-3.04687309528e+13	0.000225807018321	0.999774218474
897.843672969	3.33911135118e+15	-3.04756932914e+13	0.000225600741637	0.999774424704
897.638508809	3.33987453811e+15	-3.04826588126e+13	0.000225394606313	0.999774630793
897.43334465	3.34063807398e+15	-3.04896275187e+13	0.000225188612282	0.999774836741
897.22818049	3.34140195905e+15	-3.04965994117e+13	0.000224982759482	0.999775042547
897.02301633	3.34216619353e+15	-3.05035744938e+13	0.000224777047847	0.999775248213
896.81785217	3.34293077769e+15	-3.05105527674e+13	0.000224571477312	0.999775453737
896.61268801	3.34369571175e+15	-3.05175342345e+13	0.000224366047813	0.99977565912
896.40752385	3.34446099596e+15	-3.05245188974e+13	0.000224160759286	0.999775864363
896.20235969	3.34522663055e+15	-3.05315067581e+13	0.000223955611666	0.999776069465
895.997195531	3.34599261577e+15	-3.05384978191e+13	0.000223750604889	0.999776274425
895.792031371	3.34675895187e+15	-3.05454920824e+13	0.00022354573889	0.999776479246
895.586867211	3.34752563907e+15	-3.05524895502e+13	0.000223341013604	0.999776683925
895.381703051	3.34829267762e+15	-3.05594902247e+13	0.000223136428968	0.999776888464
895.176538891	3.34906006776e+15	-3.05664941083e+13	0.000222931984917	0.999777092863
894.971374731	3.34982780974e+15	-3.05735012029e+13	0.000222727681385	0.999777297121
894.766210571	3.3505959038e+15	-3.0580511511e+13	0.00022252351831	0.999777501238
894.561046412	3.35136435018e+15	-3.05875250346e+13	0.000222319495627	0.999777705216
894.355882252	3.35213314911e+15	-3.05945417759e+13	0.00022211561327	0.999777909053
894.150718092	3.35290230085e+15	-3.06015617373e+13	0.000221911871176	0.999778112749
893.945553932	3.35367180564e+15	-3.0608584921e+13	0.000221708269281	0.999778316306
893.740389772	3.35444166372e+15	-3.0615611329e+13	0.00022150480752	0.999778519723
893.535225612	3.35521187533e+15	-3.06226409637e+13	0.000221301485829	0.999778723
893.330061452	3.35598244072e+15	-3.06296738273e+13	0.000221098304144	0.999778926136
893.124897292	3.35675336013e+15	-3.0636709922e+13	0.000220895262399	0.999779129133
892.919733133	3.3575246338e+15	-3.06437492501e+13	0.000220692360532	0.99977933199
892.714568973	3.35829626198e+15	-3.06507918137e+13	0.000220489598477	0.999779534708
892.509404813	3.35906824492e+15	-3.06578376151e+13	0.000220286976171	0.999779737285
892.304240653	3.35984058286e+15	-3.06648866565e+13	0.000220084493549	0.999779939723
892.099076493	3.36061327603e+15	-3.06719389402e+13	0.000219882150547	0.999780142022
891.893912333	3.3613863247e+15	-3.06789944684e+13	0.000219679947101	0.999780344181
891.688748173	3.3621597291e+15	-3.06860532433e+13	0.000219477883147	0.9997805462
892.688748173	3.35839339987e+15	-3.06516783802e+13	0.000220464089895	0.999779560211
892.991778476	3.35725375335e+15	-3.06412769546e+13	0.000220763595519	0.999779260771
893.294808779	3.35611488003e+15	-3.0630882586e+13	0.000221063406203	0.999778961027
893.597839082	3.35497677913e+15	-3.06204952671e+13	0.000221363522155	0.999778660977
893.900869386	3.35383944985e+15	-3.06101149908e+13	0.000221663943581	0.999778360622
894.203899689	3.35270289141e+15	-3.05997417498e+13	0.000221964670689	0.999778059962
894.506929992	3.35156710304e+15	-3.05893755371e+13	0.000222265703687	0.999777758996
894.809960295	3.35043208394e+15	-3.05790163455e+13	0.000222567042781	0.999777457723
895.112990598	3.34929783334e+15	-3.05686641679e+13	0.000222868688179	0.999777156145
895.416020901	3.34816435045e+15	-3.05583189971e+13	0.000223170640088	0.999776854261
895.719051204	3.3470316345e+15	-3.05479808261e+13	0.000223472898716	0.999776552069
896.022081507	3.3458996847e+15	-3.05376496477e+13	0.000223775464271	0.999776249572
896.32511181	3.34476850029e+15	-3.05273254548e+13	0.000224078336961	0.999775946767
896.628142113	3.34363808048e+15	-3.05170082404e+13	0.000224381516992	0.999775643655
896.931172416	3.3425084245e+15	-3.05066979974e+13	0.000224685004574	0.999775340235
897.234202719	3.34137953158e+15	-3.04963947187e+13	0.000224988799913	0.999775036508
897.537233022	3.34025140094e+15	-3.04860983973e+13	0.000225292903219	0.999774732473
897.840263325	3.33912403182e+15	-3.04758090261e+13	0.000225597314698	0.99977442813
898.143293628	3.33799742343e+15	-3.04655265982e+13	0.00022590203456	0.999774123479
898.446323931	3.33687157501e+15	-3.04552511063e+13	0.000226207063011	0.99977381852
898.749354234	3.3357464858e+15	-3.04449825437e+13	0.000226512400262	0.999773513252
899.052384537	3.33462215502e+15	-3.04347209032e+13	0.000226818046519	0.999773207675
899.35541484	3.33349858191e+15	-3.04244661778e+13	0.000227124001991	0.999772901789
899.658445143	3.3323757657e+15	-3.04142183606e+13	0.000227430266888	0.999772595593
899.961475446	3.33125370563e+15	-3.04039774446e+13	0.000227736841416	0.999772289089
900.264505749	3.33013240093e+15	-3.03937434227e+13	0.000228043725786	0.999771982274
900.567536052	3.32901185084e+15	-3.03835162882e+13	0.000228350920205	0.99977167515
900.870566355	3.3278920546e+15	-3.03732960339e+13	0.000228658424883	0.999771367715
901.173596658	3.32677301146e+15	-3.0363082653e+13	0.000228966240028	0.999771059971
901.476626961	3.32565472064e+15	-3.03528761386e+13	0.000229274365849	0.999770751916
901.779657264	3.32453718139e+15	-3.03426764836e+13	0.000229582802556	0.99977044355
902.082687567	3.32342039296e+15	-3.03324836813e+13	0.000229891550356	0.999770134873
902.38571787	3.32230435459e+15	-3.03222977246e+13	0.00023020060946	0.999769825885
902.688748173	3.32118906552e+15	-3.03121186068e+13	0.000230509980077	0.999769516585
902.991778476	3.320074525e+15	-3.03019463208e+13	0.000230819662417	0.999769206974
903.294808779	3.31896073227e+15	-3.02917808599e+13	0.000231129656688	0.999768897052
903.597839082	3.31784768658e+15	-3.02816222172e+13	0.000231439963101	0.999768586817
903.900869386	3.31673538719e+15	-3.02714703857e+13	0.000231750581865	0.99976827627
904.203899689	3.31562383333e+15	-3.02613253588e+13	0.000232061513189	0.999767965411
904.506929992	3.31451302427e+15	-3.02511871295e+13	0.000232372757281	0.999767654239
904.809960295	3.31340295925e+15	-3.02410556909e+13	0.000232684314351	0.999767342755
905.112990598	3.31229363753e+15	-3.02309310364e+13	0.000232996184609	0.999767030957
905.416020901	3.31118505835e+15	-3.0220813159e+13	0.000233308368266	0.999766718846
905.719051204	3.31007722098e+15	-3.0210702052e+13	0.000233620865531	0.999766406422
906.022081507	3.30897012467e+15	-3.02005977085e+13	0.000233933676617	0.999766093684
906.32511181	3.30786376868e+15	-3.01905001218e+13	0.000234246801739	0.999765780632
906.628142113	3.30675815226e+15	-3.01804092852e+13	0.00024011303998	0.999759915785
906.931172416	3.30565327467e+15	-3.01703251918e+13	0.000241770256053	0.999758258968
907.234202719	3.30454913518e+15	-3.01602478348e+13	0.000242510584639	0.999757518819
907.537233022	3.30344573304e+15	-3.01501772077e+13	0.000243312308631	0.999756717289
907.840263325	3.30234306751e+15	-3.01401133035e+13	0.000244198583335	0.999755831231
908.143293628	3.30124113786e+15	-3.01300561156e+13	0.000245205061937	0.999754824998
908.446323931	3.30013994336e+15	-3.01200056372e+13	0.000246386932932	0.999753643418
908.749354234	3.29903948325e+15	-3.01099618617e+13	0.000247829935757	0.999752200772
909.052384537	3.29793975682e+15	-3.00999247823e+13	0.000249667809214	0.999750363355
909.35541484	3.29684076333e+15	-3.00898943923e+13	0.000252110732479	0.999747921045
909.658445143	3.29574250204e+15	-3.00798706851e+13	0.00025549420768	0.999744538428
909.961475446	3.29464497223e+15	-3.0069853654e+13	0.000260372360107	0.999739661534
910.264505749	3.29354817316e+15	-3.00598432923e+13	0.000267726624743	0.999732309211
910.567536052	3.2924521041e+15	-3.00498395933e+13	0.000279515761837	0.999720523299
910.870566355	3.29135676433e+15	-3.00398425505e+13	0.00030018895082	0.999699856101
911.173596658	3.29026215311e+15	-3.00298521571e+13	0.000340232651299	0.999659825221
911.476626961	3.28916826973e+15	-3.00198684065e+13	0.000421482618177	0.999578606193
911.779657264	3.28807511345e+15	-3.00098912921e+13	0.000577029068073	0.999423137381
912.082687567	3.28698268355e+15	-2.99999208074e+13	0.00082921187455	0.999171131827
912.38571787	3.28589097931e+15	-2.99899569456e+13	0.00114116723226	0.998859483651
912.688748173	3.2848e+15	-2.99799997002e+13	0.00138775913788	0.998613203355
912.991778476	3.2837097449e+15	-2.99700490646e+13	0.00141712837788	0.998583875274
913.294808779	3.2826202133e+15	-2.99601050322e+13	0.00118098870578	0.998819708387
913.597839082	3.28153140446e+15	-2.99501675965e+13	0.00079068710025	0.99920962541
913.900869386	3.28044331768e+15	-2.99402367509e+13	0.000421506642113	0.999578582179
914.203899689	3.27935595223e+15	-2.99303124888e+13	0.000177956361187	0.999822059472
914.506929992	3.2782693074e+15	-2.99203948037e+13	5.9300420344e-05	0.999940701338
914.809960295	3.27718338247e+15	-2.99104836891e+13	1.556182843e-05	0.999984438293
915.112990598	3.27609817673e+15	-2.99005791383e+13	3.21100249883e-06	0.999996789003
915.416020901	3.27501368946e+15	-2.9890681145e+13	5.2032502875e-07	0.999999479675
915.719051204	3.27392991995e+15	-2.98807897026e+13	6.61489449506e-08	0.999999933851
916.022081507	3.27284686748e+15	-2.98709048046e+13	6.59716130505e-09	0.999999993403
916.32511181	3.27176453135e+15	-2.98610264445e+13	5.15820183657e-10	0.999999999484
916.628142113	3.27068291084e+15	-2.98511546158e+13	3.38624402078e-11	0.999999999966
916.931172416	3.26960200524e+15	-2.98412893121e+13	1.81704389614e-12	0.999999999998
917.234202719	3.26852181385e+15	-2.98314305268e+13	2.29518938361e-13	1.0
917.537233022	3.26744233597e+15	-2.98215782536e+13	1.5067131642e-13	1.0
917.840263325	3.26636357087e+15	-2.98117324859e+13	1.33065659181e-13	1.0
918.143293628	3.26528551786e+15	-2.98018932174e+13	1.19824942627e-13	1.0
918.446323931	3.26420817623e+15	-2.97920604416e+13	1.08754886261e-13	1.0
918.749354234	3.26313154527e+15	-2.9782234152e+13	9.9358230089e-14	1.0
919.052384537	3.26205562429e+15	-2.97724143423e+13	9.12684344839e-14	1.0
919.35541484	3.26098041259e+15	-2.9762601006e+13	8.42319379734e-14	1.0
919.658445143	3.25990590945e+15	-2.97527941368e+13	7.80991280601e-14	1.0
919.961475446	3.25883211419e+15	-2.97429937283e+13	7.25958356119e-14	1.0
920.264505749	3.2577590261e+15	-2.9733199774e+13	6.77438077807e-14	1.0
920.567536052	3.25668664448e+15	-2.97234122676e+13	6.3505552236e-14	1.0
920.870566355	3.25561496863e+15	-2.97136312028e+13	5.96896107743e-14	1.0
921.173596658	3.25454399787e+15	-2.97038565731e+13	5.62443229738e-14	1.0
921.476626961	3.25347373149e+15	-2.96940883723e+13	5.31621288939e-14	1.0
921.779657264	3.2524041688e+15	-2.96843265939e+13	5.03020053962e-14	1.0
922.082687567	3.2513353091e+15	-2.96745712318e+13	4.76897606964e-14	1.0
922.38571787	3.25026715171e+15	-2.96648222794e+13	4.49588610909e-14	1.0
922.688748173	3.24919969593e+15	-2.96550797306e+13	4.28049906891e-14	1.0
