912.0	3.28728070175e+15	-3.00777252201e+13	0.00154661696748	0.998454578428
911.817907451	3.28793718077e+15	-3.00837318248e+13	0.00153251382887	0.998468659871
911.635814903	3.28859392204e+15	-3.0089740829e+13	0.00152107639713	0.998480079853
911.453722354	3.28925092571e+15	-3.00957522342e+13	0.00151166751567	0.998489474478
911.271629806	3.28990819196e+15	-3.01017660418e+13	0.00150381368415	0.998497316477
911.089537257	3.29056572093e+15	-3.01077822533e+13	0.00149715854874	0.998503961634
910.907444709	3.29122351279e+15	-3.01138008701e+13	0.00149143180292	0.998509679829
910.72535216	3.29188156768e+15	-3.01198218937e+13	0.00148642741515	0.998514676771
910.543259612	3.29253988578e+15	-3.01258453254e+13	0.00148198777275	0.998519109829
910.361167063	3.29319846723e+15	-3.01318711668e+13	0.00147799211563	0.998523099577
910.179074515	3.2938573122e+15	-3.01378994193e+13	0.00147434777764	0.998526738539
909.996981966	3.29451642084e+15	-3.01439300843e+13	0.00147098356159	0.998530097804
909.814889418	3.29517579331e+15	-3.01499631633e+13	0.001467844687	0.99853323207
909.632796869	3.29583542977e+15	-3.01559986578e+13	0.00146488896155	0.998536183465
909.450704321	3.29649533037e+15	-3.01620365691e+13	0.00146208380808	0.998538984516
909.268611772	3.29715549529e+15	-3.01680768988e+13	0.00145940400667	0.998541660405
909.086519224	3.29781592467e+15	-3.01741196482e+13	0.00145682996209	0.9985442307
908.904426675	3.29847661868e+15	-3.01801648189e+13	0.0014501852703	0.99855086574
908.722334127	3.29913757747e+15	-3.01862124123e+13	0.00141385522942	0.998587143793
908.540241578	3.2997988012e+15	-3.01922624298e+13	0.00141272231691	0.998588275106
908.35814903	3.30046029003e+15	-3.0198314873e+13	0.00141159008764	0.998589405737
908.176056481	3.30112204413e+15	-3.02043697432e+13	0.00141045853922	0.99859053569
907.993963933	3.30178406365e+15	-3.0210427042e+13	0.0014093276713	0.998591664965
907.811871384	3.30244634874e+15	-3.02164867707e+13	0.00140819748357	0.998592793561
907.629778836	3.30310889958e+15	-3.0222548931e+13	0.00140706797575	0.99859392148
907.447686287	3.30377171632e+15	-3.02286135241e+13	0.00140593914759	0.998595048722
907.265593739	3.30443479913e+15	-3.02346805516e+13	0.00140481099873	0.998596175286
907.08350119	3.30509814815e+15	-3.0240750015e+13	0.00140368352897	0.998597301174
906.901408642	3.30576176355e+15	-3.02468219157e+13	0.00140255673797	0.998598426385
906.719316093	3.3064256455e+15	-3.02528962552e+13	0.0014014306255	0.99859955092
906.537223545	3.30708979415e+15	-3.02589730349e+13	0.00140030519125	0.998600674779
906.355130996	3.30775420966e+15	-3.02650522564e+13	0.00139918043499	0.998601797962
906.173038448	3.3084188922e+15	-3.02711339211e+13	0.00139805635642	0.998602920469
905.990945899	3.30908384192e+15	-3.02772180304e+13	0.0013969329553	0.998604042301
905.808853351	3.30974905899e+15	-3.02833045859e+13	0.00139581023136	0.998605163459
905.626760802	3.31041454356e+15	-3.0289393589e+13	0.00139468818431	0.998606283941
905.444668254	3.31108029581e+15	-3.02954850412e+13	0.00139356681392	0.998607403749
905.262575705	3.31174631588e+15	-3.0301578944e+13	0.00139244611989	0.998608522883
905.080483157	3.31241260395e+15	-3.03076752988e+13	0.00139132610194	0.998609641343
904.898390608	3.31307916018e+15	-3.03137741072e+13	0.00139020675982	0.99861075913
904.71629806	3.31374598471e+15	-3.03198753706e+13	0.00138908809325	0.998611876243
904.534205511	3.31441307773e+15	-3.03259790905e+13	0.00138797010193	0.998612992683
904.352112963	3.31508043939e+15	-3.03320852684e+13	0.00138685278561	0.99861410845
904.170020414	3.31574806985e+15	-3.03381939058e+13	0.00138573614401	0.998615223545
903.987927866	3.31641596927e+15	-3.03443050041e+13	0.00138462017685	0.998616337967
903.805835317	3.31708413782e+15	-3.03504185648e+13	0.00138350488387	0.998617451718
903.623742769	3.31775257566e+15	-3.03565345895e+13	0.00138239026479	0.998618564796
903.44165022	3.31842128296e+15	-3.03626530796e+13	0.00138127631934	0.998619677204
903.259557672	3.31909025987e+15	-3.03687740367e+13	0.00138016304725	0.99862078894
903.077465123	3.31975950656e+15	-3.03748974621e+13	0.00137905044824	0.998621900005
902.895372575	3.32042902319e+15	-3.03810233574e+13	0.00137793852206	0.998623010399
902.713280026	3.32109880993e+15	-3.03871517241e+13	0.00137682726841	0.998624120123
902.531187478	3.32176886693e+15	-3.03932825637e+13	0.00137571668704	0.998625229177
902.349094929	3.32243919437e+15	-3.03994158777e+13	0.00137460677767	0.998626337561
902.167002381	3.32310979241e+15	-3.04055516676e+13	0.00137349754003	0.998627445276
901.984909832	3.32378066121e+15	-3.04116899349e+13	0.00137238897385	0.998628552321
901.802817283	3.32445180093e+15	-3.0417830681e+13	0.00137128107886	0.998629658697
901.620724735	3.32512321174e+15	-3.04239739076e+13	0.00137017385478	0.998630764405
901.438632186	3.3257948938e+15	-3.0430119616e+13	0.00136906730136	0.998631869444
901.256539638	3.32646684728e+15	-3.04362678078e+13	0.0013679614183	0.998632973814
901.074447089	3.32713907234e+15	-3.04424184846e+13	0.00136685620535	0.998634077517
900.892354541	3.32781156915e+15	-3.04485716477e+13	0.00136575166224	0.998635180552
900.710261992	3.32848433787e+15	-3.04547272987e+13	0.00136464778869	0.99863628292
900.528169444	3.32915737867e+15	-3.04608854392e+13	0.00136354458443	0.99863738462
900.346076895	3.3298306917e+15	-3.04670460706e+13	0.00136244204919	0.998638485654
900.163984347	3.33050427715e+15	-3.04732091944e+13	0.00136134018271	0.99863958602
899.981891798	3.33117813516e+15	-3.04793748122e+13	0.00136023898471	0.998640685721
899.79979925	3.33185226591e+15	-3.04855429255e+13	0.00135913845491	0.998641784755
899.617706701	3.33252666957e+15	-3.04917135358e+13	0.00135803859306	0.998642883124
899.435614153	3.33320134629e+15	-3.04978866446e+13	0.00135693939888	0.998643980827
899.253521604	3.33387629625e+15	-3.05040622534e+13	0.00135584087209	0.998645077865
899.071429056	3.33455151961e+15	-3.05102403637e+13	0.00135474301244	0.998646174238
898.889336507	3.33522701654e+15	-3.05164209771e+13	0.00135364581964	0.998647269946
898.707243959	3.3359027872e+15	-3.05226040951e+13	0.00135254929344	0.998648364989
898.52515141	3.33657883176e+15	-3.05287897192e+13	0.00135145343355	0.998649459368
898.343058862	3.33725515039e+15	-3.05349778509e+13	0.00135035823971	0.998650553084
898.160966313	3.33793174324e+15	-3.05411684918e+13	0.00134926371165	0.998651646135
897.978873765	3.3386086105e+15	-3.05473616433e+13	0.0013481698491	0.998652738524
897.796781216	3.33928575233e+15	-3.05535573071e+13	0.00134707665179	0.998653830249
897.614688668	3.33996316888e+15	-3.05597554846e+13	0.00134598411945	0.998654921311
897.432596119	3.34064086034e+15	-3.05659561774e+13	0.00134489225181	0.99865601171
897.250503571	3.34131882687e+15	-3.05721593869e+13	0.0013438010486	0.998657101448
897.068411022	3.34199706863e+15	-3.05783651148e+13	0.00134271050955	0.998658190523
896.886318474	3.3426755858e+15	-3.05845733626e+13	0.00134162063439	0.998659278936
896.704225925	3.34335437854e+15	-3.05907841318e+13	0.00134053142286	0.998660366688
896.522133377	3.34403344701e+15	-3.05969974239e+13	0.00133944287467	0.998661453779
896.340040828	3.3447127914e+15	-3.06032132405e+13	0.00133835498957	0.998662540208
896.15794828	3.34539241186e+15	-3.06094315831e+13	0.00133726776728	0.998663625977
895.975855731	3.34607230856e+15	-3.06156524532e+13	0.00133618120754	0.998664711085
895.793763183	3.34675248167e+15	-3.06218758525e+13	0.00133509531007	0.998665795533
895.611670634	3.34743293137e+15	-3.06281017824e+13	0.0013340100746	0.998666879321
895.429578086	3.34811365781e+15	-3.06343302444e+13	0.00133292550088	0.99866796245
895.247485537	3.34879466118e+15	-3.06405612402e+13	0.00133184158862	0.998669044919
895.065392989	3.34947594163e+15	-3.06467947713e+13	0.00133075833756	0.998670126729
894.88330044	3.35015749934e+15	-3.06530308392e+13	0.00132967574742	0.99867120788
894.701207892	3.35083933447e+15	-3.06592694455e+13	0.00132859381795	0.998672288372
894.519115343	3.3515214472e+15	-3.06655105917e+13	0.00132751254888	0.998673368206
894.337022795	3.35220383769e+15	-3.06717542793e+13	0.00132643193992	0.998674447382
894.154930246	3.35288650612e+15	-3.067800051e+13	0.00132535199082	0.9986755259
893.972837698	3.35356945265e+15	-3.06842492853e+13	0.00132427270131	0.998676603761
894.972837698	3.34982233395e+15	-3.0649964167e+13	0.00133020798839	0.998670676346
895.275868001	3.34868849609e+15	-3.06395898585e+13	0.00133201049272	0.99866887624
895.578898304	3.34755542552e+15	-3.06292225706e+13	0.00133381482829	0.998667074307
895.881928607	3.34642312147e+15	-3.06188622961e+13	0.00133562099635	0.998665270548
896.18495891	3.34529158317e+15	-3.06085090279e+13	0.00133742899813	0.998663464961
896.487989213	3.34416080982e+15	-3.0598162759e+13	0.00133923883489	0.998661657545
896.791019516	3.34303080066e+15	-3.05878234821e+13	0.00134105050786	0.998659848299
897.094049819	3.34190155492e+15	-3.05774911903e+13	0.00134286401828	0.99865803722
897.397080122	3.34077307182e+15	-3.05671658765e+13	0.00134467936739	0.998656224309
897.700110425	3.33964535058e+15	-3.05568475335e+13	0.00134649655644	0.998654409563
898.003140728	3.33851839045e+15	-3.05465361543e+13	0.00134831558667	0.998652592982
898.306171031	3.33739219064e+15	-3.0536231732e+13	0.00135013645932	0.998650774565
898.609201334	3.33626675038e+15	-3.05259342594e+13	0.00135195917564	0.998648954309
898.912231637	3.33514206892e+15	-3.05156437295e+13	0.00135378373687	0.998647132215
899.21526194	3.33401814548e+15	-3.05053601352e+13	0.00135561014425	0.99864530828
899.518292243	3.33289497929e+15	-3.04950834697e+13	0.00135743839903	0.998643482504
899.821322546	3.3317725696e+15	-3.04848137259e+13	0.00135926850246	0.998641654885
900.124352849	3.33065091563e+15	-3.04745508968e+13	0.00136110045578	0.998639825421
900.427383152	3.32953001663e+15	-3.04642949753e+13	0.00136293426023	0.998637994113
900.730413455	3.32840987183e+15	-3.04540459547e+13	0.00136476991707	0.998636160958
901.033443758	3.32729048047e+15	-3.04438038278e+13	0.00136660742754	0.998634325955
901.336474061	3.32617184179e+15	-3.04335685877e+13	0.00136844679289	0.998632489103
901.639504364	3.32505395503e+15	-3.04233402275e+13	0.00137028801437	0.998630650402
901.942534667	3.32393681944e+15	-3.04131187403e+13	0.00137213109321	0.998628809848
902.24556497	3.32282043426e+15	-3.04029041191e+13	0.00137397603069	0.998626967442
902.548595273	3.32170479872e+15	-3.0392696357e+13	0.00137582282803	0.998625123182
902.851625576	3.32058991209e+15	-3.03824954471e+13	0.0013776714865	0.998623277067
903.154655879	3.31947577359e+15	-3.03723013825e+13	0.00137952200733	0.998621429096
903.457686182	3.31836238249e+15	-3.03621141564e+13	0.0013813743918	0.998619579267
903.760716485	3.31724973803e+15	-3.03519337617e+13	0.00138322864113	0.998617727579
904.063746789	3.31613783945e+15	-3.03417601918e+13	0.00138508475659	0.998615874031
904.366777092	3.31502668601e+15	-3.03315934396e+13	0.00138694273943	0.998614018621
904.669807395	3.31391627696e+15	-3.03214334984e+13	0.00138880259092	0.998612161349
904.972837698	3.31280661155e+15	-3.03112803614e+13	0.00139066431229	0.998610302213
905.275868001	3.31169768904e+15	-3.03011340216e+13	0.00139252790484	0.998608441212
905.578898304	3.31058950867e+15	-3.02909944722e+13	0.00139439336981	0.998606578345
905.881928607	3.30948206971e+15	-3.02808617065e+13	0.0013962607085	0.99860471361
906.18495891	3.30837537141e+15	-3.02707357177e+13	0.00139812992212	0.998602847006
906.487989213	3.30726941303e+15	-3.02606164989e+13	0.00140000101188	0.998600978532
906.791019516	3.30616419382e+15	-3.02505040433e+13	0.00140187397903	0.998599108187
907.094049819	3.30505971305e+15	-3.02403983443e+13	0.00140374882481	0.99859723597
907.397080122	3.30395596997e+15	-3.02302993949e+13	0.00140562555045	0.998595361878
907.700110425	3.30285296385e+15	-3.02202071885e+13	0.00140750415732	0.998593485912
908.003140728	3.30175069394e+15	-3.02101217183e+13	0.0014093846466	0.99859160807
908.306171031	3.30064915952e+15	-3.02000429775e+13	0.00141126701971	0.998589728349
908.609201334	3.29954835984e+15	-3.01899709595e+13	0.00141315127823	0.99858784675
908.912231637	3.29844829418e+15	-3.01799056574e+13	0.0014518130816	0.998549240289
909.21526194	3.29734896179e+15	-3.01698470647e+13	0.00145863965927	0.998542423639
909.518292243	3.29625036194e+15	-3.01597951745e+13	0.00146310917028	0.998537960652
909.821322546	3.29515249391e+15	-3.01497499802e+13	0.00146795224262	0.998533124672
910.124352849	3.29405535696e+15	-3.01397114751e+13	0.00147331011403	0.998527774675
910.427383152	3.29295895036e+15	-3.01296796525e+13	0.00147940009357	0.998521693679
910.730413455	3.29186327338e+15	-3.01196545057e+13	0.00148655824729	0.998514546133
911.033443758	3.29076832529e+15	-3.01096360282e+13	0.00149530615447	0.998505811259
911.336474061	3.28967410537e+15	-3.00996242131e+13	0.00150645668409	0.998494677452
911.639504364	3.28858061289e+15	-3.0089619054e+13	0.00152128616932	0.9984798704
911.942534667	3.28748784713e+15	-3.00796205441e+13	0.00154183113872	0.998459356872
912.24556497	3.28639580736e+15	-3.00696286768e+13	0.00157145523556	0.998429778854
912.548595273	3.28530449285e+15	-3.00596434455e+13	0.00161612099056	0.99838518423
912.851625576	3.2842139029e+15	-3.00496648436e+13	0.00168774442979	0.99831367901
913.154655879	3.28312403676e+15	-3.00396928645e+13	0.00181338928208	0.998188253915
913.457686182	3.28203489373e+15	-3.00297275016e+13	0.00205667154128	0.997945441958
913.760716485	3.28094647309e+15	-3.00197687484e+13	0.00254942183033	0.997453825186
914.063746789	3.27985877411e+15	-3.00098165981e+13	0.00349016893531	0.996515914625
914.366777092	3.27877179608e+15	-2.99998710444e+13	0.00501109918077	0.995001435431
914.669807395	3.27768553828e+15	-2.99899320806e+13	0.00688844793381	0.99313522304
914.972837698	3.2766e+15	-2.99799997002e+13	0.00837113349021	0.991663806883
915.275868001	3.27551518052e+15	-2.99700738966e+13	0.0085498441584	0.991486601816
915.578898304	3.27443107913e+15	-2.99601546634e+13	0.00713415128994	0.992891236358
915.881928607	3.27334769511e+15	-2.99502419939e+13	0.0047880301161	0.995223414228
916.18495891	3.27226502776e+15	-2.99403358817e+13	0.00256175188331	0.997441526603
916.487989213	3.27118307636e+15	-2.99304363203e+13	0.00108683115899	0.998913759228
916.791019516	3.2701018402e+15	-2.99205433031e+13	0.000364385924753	0.999635680456
917.094049819	3.26902131858e+15	-2.99106568237e+13	9.63297148009e-05	0.999903674925
917.397080122	3.26794151078e+15	-2.99007768757e+13	2.00473684013e-05	0.999979952833
917.700110425	3.2668624161e+15	-2.98909034525e+13	3.28085820868e-06	0.999996719147
918.003140728	3.26578403384e+15	-2.98810365477e+13	4.21848654471e-07	0.999999578151
918.306171031	3.26470636328e+15	-2.98711761548e+13	4.25944350177e-08	0.999999957406
918.609201334	3.26362940372e+15	-2.98613222673e+13	3.38556654717e-09	0.999999996614
918.912231637	3.26255315446e+15	-2.9851474879e+13	2.33650951745e-10	0.999999999766
919.21526194	3.2614776148e+15	-2.98416339832e+13	1.98717825573e-11	0.99999999998
919.518292243	3.26040278403e+15	-2.98317995737e+13	8.23613473118e-12	0.999999999992
919.821322546	3.25932866146e+15	-2.98219716439e+13	6.94638694156e-12	0.999999999993
920.124352849	3.25825524639e+15	-2.98121501875e+13	6.21309036869e-12	0.999999999994
920.427383152	3.25718253811e+15	-2.98023351981e+13	5.61158677573e-12	0.999999999994
920.730413455	3.25611053593e+15	-2.97925266693e+13	5.10543836772e-12	0.999999999995
921.033443758	3.25503923915e+15	-2.97827245948e+13	4.67765505954e-12	0.999999999995
921.336474061	3.25396864707e+15	-2.97729289681e+13	4.30584146397e-12	0.999999999996
921.639504364	3.25289875901e+15	-2.97631397829e+13	3.98282583548e-12	0.999999999996
921.942534667	3.25182957426e+15	-2.97533570329e+13	3.69997332411e-12	0.999999999996
922.24556497	3.25076109214e+15	-2.97435807117e+13	3.45119266038e-12	0.999999999997
922.548595273	3.24969331194e+15	-2.97338108129e+13	3.22958311142e-12	0.999999999997
922.851625576	3.24862623298e+15	-2.97240473303e+13	3.03552330035e-12	0.999999999997
923.154655879	3.24755985458e+15	-2.97142902576e+13	2.85881219196e-12	0.999999999997
923.457686182	3.24649417603e+15	-2.97045395883e+13	2.69944468335e-12	0.999999999997
923.760716485	3.24542919665e+15	-2.96947953163e+13	2.55588401248e-12	0.999999999997
924.063746789	3.24436491575e+15	-2.96850574351e+13	2.42529975021e-12	0.999999999998
924.366777092	3.24330133265e+15	-2.96753259386e+13	2.30593194656e-12	0.999999999998
924.669807395	3.24223844666e+15	-2.96656008205e+13	2.1953377129e-12	0.999999999998
924.972837698	3.24117625709e+15	-2.96558820745e+13	2.09694968617e-12	0.999999999998
