912.0	3.28728070175e+15	-3.01273766379e+13	0.00129469287507	0.998706144878
911.833164119	3.28788216746e+15	-3.01328889703e+13	0.00129187459653	0.998708959514
911.666328237	3.28848385329e+15	-3.01384033202e+13	0.00128930493447	0.998711525862
911.499492356	3.28908575939e+15	-3.01439196888e+13	0.00128693731821	0.99871389043
911.332656474	3.28968788587e+15	-3.0149438077e+13	0.00128473522808	0.998716089691
911.165820593	3.29029023285e+15	-3.01549584862e+13	0.00128266986373	0.998718152406
910.998984711	3.29089280045e+15	-3.01604809173e+13	0.00128071849191	0.998720101278
910.83214883	3.29149558879e+15	-3.01660053715e+13	0.00127886311914	0.998721954278
910.665312949	3.29209859799e+15	-3.01715318498e+13	0.00127708948926	0.998723725642
910.498477067	3.29270182819e+15	-3.01770603535e+13	0.00127538626078	0.998725426699
910.331641186	3.29330527949e+15	-3.01825908836e+13	0.00125115594394	0.998749626425
910.164805304	3.29390895201e+15	-3.01881234411e+13	0.00123906665999	0.998761700666
909.997969423	3.29451284589e+15	-3.01936580274e+13	0.00123847127717	0.998762295312
909.831133541	3.29511696124e+15	-3.01991946434e+13	0.00123787654694	0.998762889306
909.66429766	3.29572129819e+15	-3.02047332902e+13	0.00123728213096	0.998763482987
909.497461778	3.29632585685e+15	-3.02102739691e+13	0.00123668794568	0.998764076438
909.330625897	3.29693063735e+15	-3.0215816681e+13	0.00123609397846	0.998764669671
909.163790016	3.29753563981e+15	-3.02213614272e+13	0.00123550022565	0.998765262691
908.996954134	3.29814086435e+15	-3.02269082088e+13	0.00123490670892	0.998765855475
908.830118253	3.2987463111e+15	-3.02324570268e+13	0.00123431333864	0.998766448113
908.663282371	3.29935198017e+15	-3.02380078824e+13	0.0012337201935	0.998767040526
908.49644649	3.29995787169e+15	-3.02435607767e+13	0.00123312719506	0.998767632794
908.329610608	3.30056398579e+15	-3.02491157108e+13	0.00123253440697	0.998768224852
908.162774727	3.30117032258e+15	-3.02546726859e+13	0.00123194179362	0.998768816735
907.995938846	3.30177688219e+15	-3.02602317031e+13	0.0012313493305	0.998769408469
907.829102964	3.30238366474e+15	-3.02657927635e+13	0.00123075707198	0.998769999999
907.662267083	3.30299067035e+15	-3.02713558683e+13	0.00123016497815	0.998770591365
907.495431201	3.30359789914e+15	-3.02769210185e+13	0.00122957309604	0.998771182519
907.32859532	3.30420535125e+15	-3.02824882153e+13	0.00122898141224	0.998771773476
907.161759438	3.30481302679e+15	-3.02880574598e+13	0.00122838993215	0.99877236423
906.994923557	3.30542092589e+15	-3.02936287532e+13	0.00122779864416	0.998772954792
906.828087675	3.30602904866e+15	-3.02992020966e+13	0.00122720757843	0.998773545133
906.661251794	3.30663739524e+15	-3.0304777491e+13	0.00122661671834	0.998774135268
906.494415913	3.30724596575e+15	-3.03103549378e+13	0.00122602604983	0.998774725213
906.327580031	3.3078547603e+15	-3.03159344379e+13	0.00122543559266	0.998775314947
906.16074415	3.30846377903e+15	-3.03215159925e+13	0.00122484533224	0.998775904485
905.993908268	3.30907302206e+15	-3.03270996028e+13	0.00122425526613	0.998776493829
905.827072387	3.30968248951e+15	-3.03326852698e+13	0.00122366538392	0.998777082989
905.660236505	3.3102921815e+15	-3.03382729948e+13	0.00122307570181	0.99877767195
905.493400624	3.31090209816e+15	-3.03438627789e+13	0.0012224862101	0.998778260722
905.326564743	3.31151223962e+15	-3.03494546231e+13	0.00122189690137	0.998778849311
905.159728861	3.312122606e+15	-3.03550485287e+13	0.00122130778911	0.998779437704
904.99289298	3.31273319742e+15	-3.03606444968e+13	0.00122071886604	0.998780025908
904.826057098	3.313344014e+15	-3.03662425285e+13	0.00122013013194	0.998780613924
904.659221217	3.31395505588e+15	-3.03718426249e+13	0.00121954158138	0.998781201757
904.492385335	3.31456632317e+15	-3.03774447872e+13	0.00121895322499	0.998781789397
904.325549454	3.31517781601e+15	-3.03830490166e+13	0.00121836505722	0.998782376848
904.158713573	3.31578953451e+15	-3.03886553142e+13	0.00121777707373	0.998782964116
903.991877691	3.3164014788e+15	-3.03942636812e+13	0.00121718928309	0.998783551191
903.82504181	3.31701364901e+15	-3.03998741186e+13	0.00121660168084	0.998784138079
903.658205928	3.31762604526e+15	-3.04054866276e+13	0.00121601426693	0.998784724779
903.491370047	3.31823866768e+15	-3.04111012094e+13	0.00121542703803	0.998785311294
903.324534165	3.31885151638e+15	-3.04167178651e+13	0.00121484000076	0.998785897619
903.157698284	3.31946459151e+15	-3.04223365959e+13	0.0012142531517	0.998786483755
902.990862402	3.32007789317e+15	-3.0427957403e+13	0.00121366648818	0.998787069707
902.824026521	3.32069142151e+15	-3.04335802874e+13	0.00121308001547	0.998787655469
902.65719064	3.32130517664e+15	-3.04392052503e+13	0.00121249373083	0.998788241043
902.490354758	3.32191915869e+15	-3.04448322929e+13	0.00121190763221	0.998788826431
902.323518877	3.32253336778e+15	-3.04504614164e+13	0.00121132172367	0.99878941163
902.156682995	3.32314780404e+15	-3.04560926218e+13	0.00121073600153	0.998789996644
901.989847114	3.32376246761e+15	-3.04617259104e+13	0.00121015046893	0.998790581468
901.823011232	3.32437735859e+15	-3.04673612833e+13	0.00120956512307	0.998791166106
901.656175351	3.32499247713e+15	-3.04729987416e+13	0.00120897996626	0.998791750556
901.48933947	3.32560782334e+15	-3.04786382866e+13	0.00120839499648	0.998792334819
901.322503588	3.32622339736e+15	-3.04842799193e+13	0.00120781021469	0.998792918894
901.155667707	3.3268391993e+15	-3.0489923641e+13	0.00120722562129	0.998793502782
900.988831825	3.3274552293e+15	-3.04955694527e+13	0.00120664121561	0.998794086483
900.821995944	3.32807148749e+15	-3.05012173557e+13	0.00120605699761	0.998794669997
900.655160062	3.32868797398e+15	-3.05068673512e+13	0.00120547296726	0.998795253323
900.488324181	3.32930468891e+15	-3.05125194402e+13	0.00120488912454	0.998795836463
900.321488299	3.3299216324e+15	-3.05181736239e+13	0.0012043054694	0.998796419415
900.154652418	3.33053880458e+15	-3.05238299036e+13	0.00120372200182	0.998797002181
899.987816537	3.33115620558e+15	-3.05294882803e+13	0.00120313872175	0.998797584759
899.820980655	3.33177383552e+15	-3.05351487553e+13	0.00120255562917	0.998798167151
899.654144774	3.33239169454e+15	-3.05408113296e+13	0.00120197272404	0.998798749356
899.487308892	3.33300978275e+15	-3.05464760046e+13	0.00120139000633	0.998799331374
899.320473011	3.3336281003e+15	-3.05521427813e+13	0.001200807476	0.998799913205
899.153637129	3.33424664729e+15	-3.05578116609e+13	0.00120022513303	0.998800494849
898.986801248	3.33486542387e+15	-3.05634826446e+13	0.00119964297737	0.998801076307
898.819965367	3.33548443016e+15	-3.05691557335e+13	0.001199061009	0.998801657577
898.653129485	3.33610366629e+15	-3.05748309289e+13	0.00119847922788	0.998802238662
898.486293604	3.33672313239e+15	-3.05805082319e+13	0.00119789763397	0.998802819559
898.319457722	3.33734282858e+15	-3.05861876437e+13	0.00119731622725	0.99880340027
898.152621841	3.33796275499e+15	-3.05918691654e+13	0.00119673500768	0.998803980794
897.985785959	3.33858291175e+15	-3.05975527982e+13	0.00119615397523	0.998804561132
897.818950078	3.33920329899e+15	-3.06032385434e+13	0.00119557312986	0.998805141283
897.652114197	3.33982391685e+15	-3.0608926402e+13	0.00119499247155	0.998805721248
897.485278315	3.34044476543e+15	-3.06146163753e+13	0.00119441200025	0.998806301026
897.318442434	3.34106584488e+15	-3.06203084645e+13	0.00119383171593	0.998806880618
897.151606552	3.34168715533e+15	-3.06260026706e+13	0.00119325161856	0.998807460023
896.984770671	3.3423086969e+15	-3.0631698995e+13	0.00119267170811	0.998808039242
896.817934789	3.34293046972e+15	-3.06373974387e+13	0.00119209198454	0.998808618275
896.651098908	3.34355247392e+15	-3.0643098003e+13	0.00119151244782	0.998809197121
896.484263026	3.34417470964e+15	-3.06488006891e+13	0.00119093309792	0.998809775781
896.317427145	3.34479717699e+15	-3.06545054981e+13	0.0011903539348	0.998810354255
896.150591264	3.34541987611e+15	-3.06602124312e+13	0.00118977495843	0.998810932543
895.983755382	3.34604280713e+15	-3.06659214897e+13	0.00118919616877	0.998811510645
895.816919501	3.34666597017e+15	-3.06716326746e+13	0.0011886175658	0.99881208856
895.650083619	3.34728936538e+15	-3.06773459872e+13	0.00118803914948	0.99881266629
895.483247738	3.34791299287e+15	-3.06830614287e+13	0.00118746091977	0.998813243833
896.483247738	3.34417849699e+15	-3.06488353996e+13	0.00119092957283	0.998809779302
896.786278041	3.34304847589e+15	-3.06384789455e+13	0.00119198200434	0.998808728124
897.089308344	3.3419192182e+15	-3.0628129488e+13	0.00119303505226	0.998807676331
897.392338647	3.34079072318e+15	-3.06177870201e+13	0.00119408871679	0.998806623923
897.69536895	3.33966299003e+15	-3.06074515347e+13	0.00119514299814	0.998805570901
897.998399253	3.33853601799e+15	-3.05971230247e+13	0.00119619789649	0.998804517263
898.301429556	3.33740980628e+15	-3.05868014832e+13	0.00119725341206	0.99880346301
898.604459859	3.33628435415e+15	-3.05764869029e+13	0.00119830954505	0.998802408141
898.907490162	3.33515966082e+15	-3.0566179277e+13	0.00119936629564	0.998801352657
899.210520465	3.33403572553e+15	-3.05558785982e+13	0.00120042366406	0.998800296556
899.513550768	3.3329125475e+15	-3.05455848598e+13	0.00120148165048	0.99879923984
899.816581071	3.33179012597e+15	-3.05352980545e+13	0.00120254025513	0.998798182507
900.119611374	3.33066846019e+15	-3.05250181755e+13	0.00120359947819	0.998797124557
900.422641677	3.32954754938e+15	-3.05147452157e+13	0.00120465931986	0.998796065991
900.72567198	3.32842739278e+15	-3.05044791682e+13	0.00120571978036	0.998795006808
901.028702283	3.32730798964e+15	-3.04942200259e+13	0.00120678085987	0.998793947007
901.331732586	3.32618933919e+15	-3.04839677819e+13	0.00120784255861	0.99879288659
901.634762889	3.32507144067e+15	-3.04737224293e+13	0.00120890487741	0.998791825554
901.937793192	3.32395429333e+15	-3.0463483961e+13	0.00120996781727	0.998790763899
902.240823495	3.32283789641e+15	-3.04532523703e+13	0.00121103137663	0.998789701626
902.543853798	3.32172224915e+15	-3.04430276501e+13	0.00121209555453	0.998788638737
902.846884101	3.32060735081e+15	-3.04328097935e+13	0.00121316035485	0.998787575227
903.149914404	3.31949320061e+15	-3.04225987936e+13	0.00121422577632	0.998786511098
903.452944708	3.31837979782e+15	-3.04123946436e+13	0.00121529181598	0.998785446352
903.755975011	3.31726714168e+15	-3.04021973364e+13	0.0012163584801	0.998784380984
904.059005314	3.31615523144e+15	-3.03920068653e+13	0.00121742576224	0.998783315
904.362035617	3.31504406635e+15	-3.03818232234e+13	0.00121849367042	0.998782248392
904.66506592	3.31393364566e+15	-3.03716464038e+13	0.00121956219648	0.998781181167
904.968096223	3.31282396862e+15	-3.03614763996e+13	0.00122063135075	0.998780113317
905.271126526	3.31171503448e+15	-3.03513132041e+13	0.00122170112312	0.99877904485
905.574156829	3.31060684251e+15	-3.03411568103e+13	0.00122277152734	0.998777975753
905.877187132	3.30949939196e+15	-3.03310072115e+13	0.00122384255199	0.998776906038
906.180217435	3.30839268207e+15	-3.03208644008e+13	0.00122491421809	0.998775835683
906.483247738	3.30728671212e+15	-3.03107283714e+13	0.00122598651778	0.998774764697
906.786278041	3.30618148135e+15	-3.03005991166e+13	0.00122705948768	0.998773693042
907.089308344	3.30507698903e+15	-3.02904766295e+13	0.00122813312208	0.998772620725
907.392338647	3.30397323441e+15	-3.02803609033e+13	0.00122920745428	0.998771547712
907.69536895	3.30287021676e+15	-3.02702519314e+13	0.00123028245614	0.998770474031
907.998399253	3.30176793535e+15	-3.02601497068e+13	0.00123135806617	0.998769399744
908.301429556	3.30066638942e+15	-3.0250054223e+13	0.00123243429355	0.998768324842
908.604459859	3.29956557826e+15	-3.0239965473e+13	0.00123351110712	0.998767249355
908.907490162	3.29846550111e+15	-3.02298834503e+13	0.00123458847804	0.998766173313
909.210520465	3.29736615725e+15	-3.0219808148e+13	0.00123566654783	0.998765096574
909.513550768	3.29626754595e+15	-3.02097395595e+13	0.00123674523684	0.998764019217
909.816581071	3.29516966647e+15	-3.0199677678e+13	0.0012378246822	0.998762941107
910.119611374	3.29407251809e+15	-3.01896224968e+13	0.00123890526499	0.998761861861
910.422641677	3.29297610006e+15	-3.01795740093e+13	0.00126851742832	0.9987322868
910.72567198	3.29188041167e+15	-3.01695322088e+13	0.00127772249727	0.998723093443
911.028702283	3.29078545219e+15	-3.01594970885e+13	0.00128105859026	0.998719761615
911.331732586	3.28969122088e+15	-3.01494686419e+13	0.00128472343619	0.998716101468
911.634762889	3.28859771703e+15	-3.01394468622e+13	0.00128884272291	0.998711987478
911.937793192	3.2875049399e+15	-3.01294317429e+13	0.00129360955971	0.998707226792
912.240823495	3.28641288877e+15	-3.01194232773e+13	0.00129932255855	0.998701521196
912.543853798	3.28532156293e+15	-3.01094214587e+13	0.00130644476014	0.998694408267
912.846884101	3.28423096164e+15	-3.00994262806e+13	0.00131569698129	0.998685168169
913.149914404	3.28314108418e+15	-3.00894377363e+13	0.00132821177074	0.998672669912
913.452944708	3.28205192985e+15	-3.00794558193e+13	0.00134579553757	0.998655109639
913.755975011	3.2809634979e+15	-3.00694805229e+13	0.0013714393736	0.99862950062
914.059005314	3.27987578764e+15	-3.00595118405e+13	0.00141046903657	0.998590525207
914.362035617	3.27878879833e+15	-3.00495497656e+13	0.00147355416811	0.99852753098
914.66506592	3.27770252927e+15	-3.00395942916e+13	0.00158525429693	0.998416001555
914.968096223	3.27661697974e+15	-3.0029645412e+13	0.0018024444773	0.99819917895
915.271126526	3.27553214901e+15	-3.00197031202e+13	0.0022415328415	0.997760977517
915.574156829	3.27444803639e+15	-3.00097674096e+13	0.00307330159988	0.996931416157
915.877187132	3.27336464116e+15	-2.99998382738e+13	0.00440288622029	0.995606792274
916.180217435	3.2722819626e+15	-2.99899157061e+13	0.00602129127601	0.993996800368
916.483247738	3.2712e+15	-2.99799997002e+13	0.00727293151124	0.992753452254
916.786278041	3.27011875266e+15	-2.99700902494e+13	0.00738747704452	0.992639743293
917.089308344	3.26903821986e+15	-2.99601873474e+13	0.00613919945012	0.99387960693
917.392338647	3.2679584009e+15	-2.99502909875e+13	0.00411107919392	0.995897359724
917.69536895	3.26687929507e+15	-2.99404011633e+13	0.00219913681945	0.99780327951
917.998399253	3.26580090166e+15	-2.99305178684e+13	0.000934817293042	0.999065619513
918.301429556	3.26472321997e+15	-2.99206410962e+13	0.000314735441354	0.999685314083
918.604459859	3.26364624929e+15	-2.99107708404e+13	8.37533408151e-05	0.999916250166
918.907490162	3.26256998892e+15	-2.99009070944e+13	1.76009223125e-05	0.999982399233
919.210520465	3.26149443817e+15	-2.98910498519e+13	2.92991302032e-06	0.999997070091
919.513550768	3.26041959631e+15	-2.98811991064e+13	3.97402760036e-07	0.999999602597
919.816581071	3.25934546267e+15	-2.98713548514e+13	5.40526813761e-08	0.999999945947
920.119611374	3.25827203653e+15	-2.98615170807e+13	1.58585024672e-08	0.999999984141
920.422641677	3.25719931719e+15	-2.98516857877e+13	1.10319640447e-08	0.999999988968
920.72567198	3.25612730397e+15	-2.98418609661e+13	9.37006255357e-09	0.99999999063
921.028702283	3.25505599616e+15	-2.98320426095e+13	8.2073834497e-09	0.999999991793
921.331732586	3.25398539306e+15	-2.98222307114e+13	7.28005250495e-09	0.99999999272
921.634762889	3.25291549399e+15	-2.98124252657e+13	6.52063800139e-09	0.999999993479
921.937793192	3.25184629824e+15	-2.98026262658e+13	5.88893777948e-09	0.999999994111
922.240823495	3.25077780513e+15	-2.97928337054e+13	5.35644246112e-09	0.999999994644
922.543853798	3.24971001395e+15	-2.97830475781e+13	4.90715181161e-09	0.999999995093
922.846884101	3.24864292403e+15	-2.97732678778e+13	4.51651907912e-09	0.999999995483
923.149914404	3.24757653467e+15	-2.97634945979e+13	4.17733735951e-09	0.999999995823
923.452944708	3.24651084517e+15	-2.97537277322e+13	3.88047546132e-09	0.99999999612
923.755975011	3.24544585486e+15	-2.97439672744e+13	3.61885410681e-09	0.999999996381
924.059005314	3.24438156304e+15	-2.97342132182e+13	3.38582059199e-09	0.999999996614
924.362035617	3.24331796903e+15	-2.97244655572e+13	3.18197842174e-09	0.999999996818
924.66506592	3.24225507213e+15	-2.97147242852e+13	2.99654367108e-09	0.999999997003
924.968096223	3.24119287167e+15	-2.97049893959e+13	2.82954021377e-09	0.99999999717
925.271126526	3.24013136696e+15	-2.96952608831e+13	2.67857374259e-09	0.999999997321
925.574156829	3.23907055732e+15	-2.96855387404e+13	2.54163473095e-09	0.999999997458
925.877187132	3.23801044206e+15	-2.96758229617e+13	2.41632943838e-09	0.999999997584
926.180217435	3.23695102051e+15	-2.96661135406e+13	2.30023764874e-09	0.9999999977
926.483247738	3.23589229198e+15	-2.9656410471e+13	2.1966897116e-09	0.999999997803
