912.0	3.28728070175e+15	-3.00566270565e+13	0.00120442759076	0.998796297441
911.811424502	3.2879605579e+15	-3.00628431921e+13	0.00117900898077	0.998821685777
911.622849003	3.2886406953e+15	-3.00690618995e+13	0.00115976453848	0.998840907728
911.434273505	3.28932111415e+15	-3.00752831801e+13	0.00114487117488	0.99885578394
911.245698006	3.29000181462e+15	-3.00815070356e+13	0.00113313782367	0.998867503935
911.057122508	3.29068279687e+15	-3.00877334677e+13	0.0011237462729	0.998876884893
910.868547009	3.29136406109e+15	-3.00939624778e+13	0.00111611309156	0.998884509531
910.679971511	3.29204560745e+15	-3.01001940676e+13	0.00110981194919	0.998890803664
910.491396012	3.29272743612e+15	-3.01064282387e+13	0.00110452643241	0.998896083332
910.302820514	3.29340954729e+15	-3.01126649927e+13	0.00110001932278	0.998900585477
910.114245015	3.29409194112e+15	-3.01189043312e+13	0.00109611175568	0.998904488755
909.925669517	3.29477461779e+15	-3.01251462559e+13	0.00109266835147	0.998907928393
909.737094018	3.29545757748e+15	-3.01313907682e+13	0.00108958637117	0.998911007013
909.54851852	3.29614082037e+15	-3.01376378699e+13	0.00108678775141	0.998913802589
909.359943021	3.29682434663e+15	-3.01438875626e+13	0.00108421309784	0.998916374449
909.171367523	3.29750815643e+15	-3.01501398478e+13	0.0010818171509	0.998918767802
908.982792024	3.29819224996e+15	-3.01563947271e+13	0.00107956537048	0.998921017151
908.794216526	3.29887662739e+15	-3.01626522023e+13	0.00107743134314	0.998923148878
908.605641027	3.29956128889e+15	-3.01689122748e+13	0.00107539480289	0.998925183227
908.417065529	3.30024623465e+15	-3.01751749464e+13	0.00107344014164	0.998927135789
908.22849003	3.30093146484e+15	-3.01814402186e+13	0.00105605726166	0.998944500171
908.039914532	3.30161697963e+15	-3.01877080931e+13	0.0010418830267	0.998958659545
907.851339033	3.30230277921e+15	-3.01939785714e+13	0.00104101781139	0.99895952386
907.662763535	3.30298886376e+15	-3.02002516552e+13	0.00104015312755	0.998960387644
907.474188036	3.30367523344e+15	-3.02065273462e+13	0.00103928899032	0.998961250883
907.285612538	3.30436188844e+15	-3.02128056459e+13	0.00103842539164	0.998962113585
907.097037039	3.30504882894e+15	-3.0219086556e+13	0.00103756233131	0.99896297575
906.908461541	3.30573605511e+15	-3.02253700781e+13	0.00103669980907	0.998963837379
906.719886042	3.30642356714e+15	-3.02316562139e+13	0.0010358378247	0.99896469847
906.531310544	3.30711136519e+15	-3.02379449649e+13	0.001034976378	0.998965559025
906.342735045	3.30779944946e+15	-3.02442363328e+13	0.0010341154687	0.998966419044
906.154159547	3.30848782011e+15	-3.02505303193e+13	0.00103325509661	0.998967278528
905.965584048	3.30917647733e+15	-3.02568269259e+13	0.00103239526147	0.998968137475
905.77700855	3.30986542129e+15	-3.02631261543e+13	0.00103153596309	0.998968995887
905.588433051	3.31055465218e+15	-3.02694280062e+13	0.00103067720124	0.998969853764
905.399857553	3.31124417018e+15	-3.02757324831e+13	0.00102981897568	0.998970711106
905.211282054	3.31193397545e+15	-3.02820395868e+13	0.00102896128622	0.998971567913
905.022706556	3.3126240682e+15	-3.02883493188e+13	0.00102810413262	0.998972424185
904.834131057	3.31331444858e+15	-3.02946616809e+13	0.00102724751467	0.998973279923
904.645555559	3.31400511679e+15	-3.03009766746e+13	0.00102639143215	0.998974135127
904.45698006	3.314696073e+15	-3.03072943016e+13	0.00102553588483	0.998974989797
904.268404562	3.31538731739e+15	-3.03136145635e+13	0.00102468087248	0.998975843934
904.079829063	3.31607885015e+15	-3.03199374621e+13	0.00102382639488	0.998976697537
903.891253565	3.31677067145e+15	-3.03262629989e+13	0.00102297245181	0.998977550606
903.702678066	3.31746278147e+15	-3.03325911755e+13	0.00102211904303	0.998978403143
903.514102568	3.3181551804e+15	-3.03389219938e+13	0.00102126616833	0.998979255146
903.325527069	3.31884786842e+15	-3.03452554552e+13	0.00102041382749	0.998980106618
903.136951571	3.3195408457e+15	-3.03515915615e+13	0.00101956202027	0.998980957556
902.948376072	3.32023411243e+15	-3.03579303143e+13	0.00101871074647	0.998981807963
902.759800574	3.32092766879e+15	-3.03642717153e+13	0.00101786000584	0.998982657838
902.571225075	3.32162151497e+15	-3.03706157662e+13	0.00101700979818	0.998983507181
902.382649577	3.32231565113e+15	-3.03769624685e+13	0.00101616012326	0.998984355993
902.194074078	3.32301007747e+15	-3.0383311824e+13	0.00101531098085	0.998985204273
902.00549858	3.32370479417e+15	-3.03896638343e+13	0.00101446237074	0.998986052022
901.816923081	3.32439980141e+15	-3.03960185011e+13	0.00101361429269	0.998986899241
901.628347583	3.32509509937e+15	-3.04023758261e+13	0.0010127667465	0.998987745929
901.439772084	3.32579068823e+15	-3.04087358108e+13	0.00101191973193	0.998988592086
901.251196586	3.32648656818e+15	-3.04150984571e+13	0.00101107324876	0.998989437714
901.062621087	3.3271827394e+15	-3.04214637666e+13	0.00101022729678	0.998990282811
900.874045589	3.32787920207e+15	-3.04278317408e+13	0.00100938187576	0.998991127379
900.68547009	3.32857595638e+15	-3.04342023816e+13	0.00100853698547	0.998991971417
900.496894592	3.3292730025e+15	-3.04405756906e+13	0.00100769262569	0.998992814926
900.308319093	3.32997034063e+15	-3.04469516695e+13	0.00100684879621	0.998993657906
900.119743595	3.33066797094e+15	-3.04533303198e+13	0.0010060054968	0.998994500357
899.931168096	3.33136589362e+15	-3.04597116434e+13	0.00100516272724	0.99899534228
899.742592598	3.33206410885e+15	-3.04660956419e+13	0.0010043204873	0.998996183674
899.554017099	3.33276261682e+15	-3.0472482317e+13	0.00100347877677	0.99899702454
899.365441601	3.33346141771e+15	-3.04788716704e+13	0.00100263759542	0.998997864878
899.176866102	3.33416051171e+15	-3.04852637037e+13	0.00100179694303	0.998998704688
898.988290604	3.33485989899e+15	-3.04916584186e+13	0.00100095681939	0.998999543971
898.799715105	3.33555957975e+15	-3.04980558169e+13	0.00100011722425	0.999000382726
898.611139607	3.33625955417e+15	-3.05044559002e+13	0.000999278157417	0.999001220955
898.422564108	3.33695982244e+15	-3.05108586702e+13	0.000998439618654	0.999002058656
898.23398861	3.33766038473e+15	-3.05172641286e+13	0.000997601607743	0.999002895831
898.045413111	3.33836124124e+15	-3.05236722771e+13	0.000996764124463	0.99900373248
897.856837613	3.33906239214e+15	-3.05300831173e+13	0.000995927168591	0.999004568602
897.668262114	3.33976383763e+15	-3.05364966511e+13	0.000995090739908	0.999005404199
897.479686616	3.3404655779e+15	-3.054291288e+13	0.00099425483819	0.999006239269
897.291111117	3.34116761311e+15	-3.05493318058e+13	0.000993419463218	0.999007073815
897.102535619	3.34186994348e+15	-3.05557534302e+13	0.000992584614768	0.999007907834
896.91396012	3.34257256917e+15	-3.05621777549e+13	0.000991750292621	0.999008741329
896.725384622	3.34327549037e+15	-3.05686047816e+13	0.000990916496555	0.999009574299
896.536809123	3.34397870728e+15	-3.05750345119e+13	0.000990083226349	0.999010406744
896.348233625	3.34468222007e+15	-3.05814669477e+13	0.000989250481781	0.999011238665
896.159658126	3.34538602895e+15	-3.05879020906e+13	0.00098841826263	0.999012070062
895.971082628	3.34609013408e+15	-3.05943399422e+13	0.000987586568676	0.999012900934
895.782507129	3.34679453566e+15	-3.06007805045e+13	0.000986755399698	0.999013731283
895.593931631	3.34749923388e+15	-3.06072237789e+13	0.000985924755474	0.999014561109
895.405356132	3.34820422892e+15	-3.06136697673e+13	0.000985094635783	0.999015390411
895.216780634	3.34890952097e+15	-3.06201184714e+13	0.000984265040405	0.99901621919
895.028205135	3.34961511023e+15	-3.06265698928e+13	0.000983435969119	0.999017047446
894.839629637	3.35032099687e+15	-3.06330240334e+13	0.000982607421704	0.999017875179
894.651054138	3.35102718108e+15	-3.06394808947e+13	0.000981779397939	0.99901870239
894.46247864	3.35173366306e+15	-3.06459404787e+13	0.000980951897604	0.999019529078
894.273903141	3.35244044299e+15	-3.06524027868e+13	0.000980124920478	0.999020355245
894.085327643	3.35314752106e+15	-3.0658867821e+13	0.000979298466341	0.99902118089
893.896752144	3.35385489746e+15	-3.06653355829e+13	0.000978472534971	0.999022006013
893.708176646	3.35456257237e+15	-3.06718060742e+13	0.000977647126149	0.999022830615
893.519601147	3.355270546e+15	-3.06782792967e+13	0.000976822239654	0.999023654696
893.331025649	3.35597881852e+15	-3.06847552521e+13	0.000975997875265	0.999024478256
894.331025649	3.35222631668e+15	-3.06504449635e+13	0.000980375369731	0.999020105041
894.634055952	3.35109085112e+15	-3.06400630497e+13	0.000981704785637	0.999018776929
894.937086255	3.34995615451e+15	-3.06296881665e+13	0.000983035553129	0.999017447468
895.240116558	3.34882222607e+15	-3.0619320307e+13	0.000984367673121	0.999016116658
895.543146861	3.34768906502e+15	-3.06089594639e+13	0.00098570114653	0.999014784497
895.846177164	3.34655667058e+15	-3.05986056302e+13	0.000987035974273	0.999013450986
896.149207467	3.34542504197e+15	-3.05882587987e+13	0.000988372157266	0.999012116122
896.45223777	3.34429417841e+15	-3.05779189624e+13	0.000989709696427	0.999010779905
896.755268073	3.34316407914e+15	-3.05675861141e+13	0.000991048592671	0.999009442334
897.058298376	3.34203474337e+15	-3.05572602468e+13	0.000992388846918	0.999008103408
897.361328679	3.34090617033e+15	-3.05469413533e+13	0.000993730460085	0.999006763127
897.664358982	3.33977835925e+15	-3.05366294267e+13	0.00099507343309	0.999005421488
897.967389285	3.33865130936e+15	-3.05263244599e+13	0.000996417766852	0.999004078492
898.270419588	3.33752501989e+15	-3.05160264458e+13	0.00099776346229	0.999002734138
898.573449891	3.33639949006e+15	-3.05057353774e+13	0.000999110520323	0.999001388424
898.876480194	3.33527471912e+15	-3.04954512477e+13	0.00100045894187	0.99900004135
899.179510497	3.33415070628e+15	-3.04851740496e+13	0.00100180872785	0.998998692915
899.4825408	3.3330274508e+15	-3.04749037762e+13	0.00100315987919	0.998997343117
899.785571103	3.33190495189e+15	-3.04646404205e+13	0.0010045123968	0.998995991957
900.088601406	3.3307832088e+15	-3.04543839754e+13	0.00100586628161	0.998994639432
900.391631709	3.32966222077e+15	-3.0444134434e+13	0.00100722153453	0.998993285543
900.694662012	3.32854198703e+15	-3.04338917893e+13	0.00100857815649	0.998991930288
900.997692316	3.32742250682e+15	-3.04236560344e+13	0.00100993614841	0.998990573665
901.300722619	3.32630377938e+15	-3.04134271624e+13	0.00101129551121	0.998989215676
901.603752922	3.32518580395e+15	-3.04032051662e+13	0.00101265624582	0.998987856317
901.906783225	3.32406857977e+15	-3.03929900389e+13	0.00101401835315	0.99898649559
902.209813528	3.32295210609e+15	-3.03827817737e+13	0.00101538183414	0.998985133492
902.512843831	3.32183638216e+15	-3.03725803635e+13	0.00101674668969	0.998983770022
902.815874134	3.3207214072e+15	-3.03623858016e+13	0.00101811292075	0.99898240518
903.118904437	3.31960718049e+15	-3.0352198081e+13	0.00101948052822	0.998981038965
903.42193474	3.31849370124e+15	-3.03420171949e+13	0.00102084951304	0.998979671377
903.724965043	3.31738096873e+15	-3.03318431363e+13	0.00102221987613	0.998978302413
904.027995346	3.31626898219e+15	-3.03216758984e+13	0.00102359161842	0.998976932073
904.331025649	3.31515774088e+15	-3.03115154743e+13	0.00102496474084	0.998975560356
904.634055952	3.31404724405e+15	-3.03013618572e+13	0.00102633924432	0.998974187262
904.937086255	3.31293749094e+15	-3.02912150403e+13	0.00102771512978	0.998972812789
905.240116558	3.31182848082e+15	-3.02810750166e+13	0.00102909239818	0.998971436936
905.543146861	3.31072021294e+15	-3.02709417795e+13	0.00103047105042	0.998970059703
905.846177164	3.30961268654e+15	-3.02608153221e+13	0.00103185108742	0.998968681088
906.149207467	3.3085059009e+15	-3.02506956375e+13	0.00103323251008	0.998967301091
906.45223777	3.30739985526e+15	-3.02405827191e+13	0.00103461531932	0.998965919711
906.755268073	3.30629454888e+15	-3.023047656e+13	0.00103599951606	0.998964536946
907.058298376	3.30518998103e+15	-3.02203771534e+13	0.0010373851013	0.998963152797
907.361328679	3.30408615095e+15	-3.02102844925e+13	0.00103877207592	0.998961767261
907.664358982	3.30298305792e+15	-3.02001985707e+13	0.00104016044091	0.998960380338
907.967389285	3.3018807012e+15	-3.01901193812e+13	0.00104155020514	0.99895899202
908.270419588	3.30077908004e+15	-3.01800469172e+13	0.00106969786146	0.998930874061
908.573449891	3.29967819372e+15	-3.0169981172e+13	0.00107505570631	0.998925521959
908.876480194	3.29857804149e+15	-3.01599221388e+13	0.00107834922588	0.998922231984
909.179510497	3.29747862263e+15	-3.01498698111e+13	0.00108191741653	0.998918667645
909.4825408	3.2963799364e+15	-3.0139824182e+13	0.00108586405166	0.998914725285
909.785571103	3.29528198207e+15	-3.01297852448e+13	0.00109034883931	0.998910245375
910.088601406	3.2941847589e+15	-3.0119752993e+13	0.00109561882153	0.99890498115
910.391631709	3.29308826617e+15	-3.01097274198e+13	0.0011020575268	0.998898549516
910.694662012	3.29199250315e+15	-3.00997085185e+13	0.00111026282301	0.998890353291
910.997692316	3.2908974691e+15	-3.00896962825e+13	0.00112117366564	0.998879454615
911.300722619	3.28980316331e+15	-3.00796907051e+13	0.00113628850162	0.99886435683
911.603752922	3.28870958505e+15	-3.00696917798e+13	0.00115808209731	0.998842588221
911.906783225	3.28761673359e+15	-3.00596994998e+13	0.00119094055674	0.998809768332
912.209813528	3.2865246082e+15	-3.00497138586e+13	0.00124362545864	0.998757147523
912.512843831	3.28543320817e+15	-3.00397348494e+13	0.0013360384961	0.998664853606
912.815874134	3.28434253276e+15	-3.00297624658e+13	0.00151499360033	0.998486153423
913.118904437	3.28325258127e+15	-3.00197967012e+13	0.00187763331959	0.998124128331
913.42193474	3.28216335297e+15	-3.00098375489e+13	0.00257051428803	0.997432786655
913.724965043	3.28107484713e+15	-2.99998850023e+13	0.00369158940617	0.996315216133
914.027995346	3.27998706305e+15	-2.99899390549e+13	0.00507622242991	0.994936639814
914.331025649	3.2789e+15	-2.99799997002e+13	0.00617004177477	0.993848953845
914.634055952	3.27781365727e+15	-2.99700669315e+13	0.00630144257628	0.993718369875
914.937086255	3.27672803413e+15	-2.99601407424e+13	0.00525618788857	0.994757601696
915.240116558	3.27564312989e+15	-2.99502211263e+13	0.00352524884622	0.996480957548
915.543146861	3.27455894381e+15	-2.99403080766e+13	0.00188419944677	0.998117574543
915.846177164	3.2734754752e+15	-2.99304015869e+13	0.000798290117837	0.999202028431
916.149207467	3.27239272333e+15	-2.99205016507e+13	0.000267188735248	0.999732846956
916.45223777	3.2713106875e+15	-2.99106082614e+13	7.04865255426e-05	0.999929515959
916.755268073	3.270229367e+15	-2.99007214125e+13	1.46343521008e-05	0.999985365755
917.058298376	3.26914876111e+15	-2.98908410976e+13	2.38833943344e-06	0.999997611663
917.361328679	3.26806886913e+15	-2.98809673102e+13	3.06133345759e-07	0.999999693867
917.664358982	3.26698969035e+15	-2.98711000439e+13	3.08019929862e-08	0.999999969198
917.967389285	3.26591122407e+15	-2.98612392921e+13	2.4365838835e-09	0.999999997563
918.270419588	3.26483346958e+15	-2.98513850484e+13	1.65510731577e-10	0.999999999834
918.573449891	3.26375642618e+15	-2.98415373064e+13	1.23733451201e-11	0.999999999988
918.876480194	3.26268009316e+15	-2.98316960596e+13	4.28286809538e-12	0.999999999996
919.179510497	3.26160446981e+15	-2.98218613017e+13	3.54233689896e-12	0.999999999996
919.4825408	3.26052955545e+15	-2.98120330261e+13	3.16493877035e-12	0.999999999997
919.785571103	3.25945534936e+15	-2.98022112266e+13	2.85809391319e-12	0.999999999997
920.088601406	3.25838185085e+15	-2.97923958967e+13	2.59960817642e-12	0.999999999997
920.391631709	3.25730905922e+15	-2.97825870299e+13	2.38161004022e-12	0.999999999998
920.694662012	3.25623697377e+15	-2.97727846201e+13	2.19183247075e-12	0.999999999998
920.997692316	3.25516559381e+15	-2.97629886606e+13	2.02676673738e-12	0.999999999998
921.300722619	3.25409491863e+15	-2.97531991453e+13	1.88241229557e-12	0.999999999998
921.603752922	3.25302494754e+15	-2.97434160677e+13	1.75506562925e-12	0.999999999998
921.906783225	3.25195567985e+15	-2.97336394214e+13	1.64215161775e-12	0.999999999998
922.209813528	3.25088711487e+15	-2.97238692002e+13	1.54296373604e-12	0.999999999998
922.512843831	3.24981925189e+15	-2.97141053978e+13	1.45304515165e-12	0.999999999999
922.815874134	3.24875209024e+15	-2.97043480077e+13	1.37177145321e-12	0.999999999999
923.118904437	3.24768562922e+15	-2.96945970237e+13	1.29861427455e-12	0.999999999999
923.42193474	3.24661986814e+15	-2.96848524395e+13	1.23210685676e-12	0.999999999999
923.724965043	3.24555480631e+15	-2.96751142487e+13	1.17113105761e-12	0.999999999999
924.027995346	3.24449044304e+15	-2.96653824451e+13	1.11449999264e-12	0.999999999999
924.331025649	3.24342677765e+15	-2.96556570224e+13	1.06416112077e-12	0.999999999999
