912.0	3.28728070175e+15	-3.01071285077e+13	0.000237977846289	0.999762050468
911.826942363	3.28790460197e+15	-3.01128426058e+13	0.000237160315496	0.999762867805
911.653884726	3.28852873906e+15	-3.01185588733e+13	0.000236453056468	0.999763574896
911.480827089	3.28915311315e+15	-3.01242773113e+13	0.000235832860555	0.999764194946
911.307769452	3.28977772438e+15	-3.01299979213e+13	0.000235281914587	0.999764745762
911.134711815	3.29040257288e+15	-3.01357207044e+13	0.000234786130946	0.999765241429
910.961654178	3.29102765879e+15	-3.01414456618e+13	0.000234334806641	0.999765692648
910.788596542	3.29165298224e+15	-3.01471727947e+13	0.000233919322529	0.999766108034
910.615538905	3.29227854338e+15	-3.01529021045e+13	0.000233533145149	0.999766494122
910.442481268	3.29290434232e+15	-3.01586335924e+13	0.000233171228151	0.999766855954
910.269423631	3.29353037922e+15	-3.01643672596e+13	0.000232829434642	0.999767197668
910.096365994	3.2941566542e+15	-3.01701031073e+13	0.000232504593635	0.999767522433
909.923308357	3.2947831674e+15	-3.01758411368e+13	0.000232194207439	0.999767832748
909.75025072	3.29540991896e+15	-3.01815813494e+13	0.000229102913394	0.999770923329
909.577193083	3.29603690901e+15	-3.01873237462e+13	0.000225552885812	0.999774472549
909.404135446	3.2966641377e+15	-3.01930683286e+13	0.000225453794178	0.999774571619
909.231077809	3.29729160515e+15	-3.01988150977e+13	0.000225355714058	0.999774669677
909.058020172	3.2979193115e+15	-3.02045640549e+13	0.000225257948631	0.99977476742
908.884962535	3.29854725689e+15	-3.02103152014e+13	0.000225160313504	0.999774865033
908.711904899	3.29917544146e+15	-3.02160685384e+13	0.000225062755557	0.999774962569
908.538847262	3.29980386533e+15	-3.02218240671e+13	0.000224965267679	0.999775060035
908.365789625	3.30043252866e+15	-3.02275817889e+13	0.000224867888834	0.999775157392
908.192731988	3.30106143157e+15	-3.0233341705e+13	0.000224770453907	0.999775254805
908.019674351	3.30169057421e+15	-3.02391038166e+13	0.000224673106221	0.999775352131
907.846616714	3.3023199567e+15	-3.02448681251e+13	0.000224575701491	0.999775449514
907.673559077	3.3029495792e+15	-3.02506346315e+13	0.000224478355945	0.999775546837
907.50050144	3.30357944182e+15	-3.02564033373e+13	0.000224380957982	0.999775644214
907.327443803	3.30420954472e+15	-3.02621742437e+13	0.000224283606458	0.999775741543
907.154386166	3.30483988803e+15	-3.02679473519e+13	0.000224186261368	0.999775838866
906.981328529	3.30547047188e+15	-3.02737226632e+13	0.000224088900053	0.999775936206
906.808270892	3.30610129642e+15	-3.02795001788e+13	0.000223991609933	0.999776033474
906.635213256	3.30673236178e+15	-3.02852799e+13	0.000223894367274	0.999776130695
906.462155619	3.3073636681e+15	-3.02910618281e+13	0.000223797153743	0.999776227887
906.289097982	3.30799521552e+15	-3.02968459644e+13	0.000223700028216	0.999776324991
906.116040345	3.30862700417e+15	-3.03026323101e+13	0.000223602961134	0.999776422036
905.942982708	3.3092590342e+15	-3.03084208664e+13	0.000223505926654	0.999776519049
905.769925071	3.30989130575e+15	-3.03142116347e+13	0.000223408961169	0.999776615993
905.596867434	3.31052381894e+15	-3.03200046162e+13	0.000223312036712	0.999776712896
905.423809797	3.31115657393e+15	-3.03257998121e+13	0.000223215148017	0.999776809763
905.25075216	3.31178957084e+15	-3.03315972238e+13	0.000223118275168	0.999776906614
905.077694523	3.31242280982e+15	-3.03373968525e+13	0.000223021447792	0.99977700342
904.904636886	3.31305629101e+15	-3.03431986995e+13	0.000222924647627	0.999777100198
904.731579249	3.31369001454e+15	-3.03490027661e+13	0.000222827860899	0.999777196963
904.558521613	3.31432398056e+15	-3.03548090535e+13	0.000222731112473	0.99977729369
904.385463976	3.3149581892e+15	-3.0360617563e+13	0.000222634388849	0.999777390392
904.212406339	3.3155926406e+15	-3.03664282959e+13	0.000222537689699	0.99977748707
904.039348702	3.31622733491e+15	-3.03722412535e+13	0.000222441005056	0.999777583733
903.866291065	3.31686227226e+15	-3.0378056437e+13	0.000222344354513	0.999777680362
903.693233428	3.31749745279e+15	-3.03838738478e+13	0.000222247727903	0.999777776967
903.520175791	3.31813287664e+15	-3.0389693487e+13	0.00022215111736	0.999777873556
903.347118154	3.31876854395e+15	-3.0395515356e+13	0.000222054538591	0.999777970114
903.174060517	3.31940445487e+15	-3.04013394561e+13	0.000221957983522	0.999778066647
903.00100288	3.32004060952e+15	-3.04071657885e+13	0.000221861445918	0.999778163164
902.827945243	3.32067700806e+15	-3.04129943545e+13	0.000221764938318	0.99977825965
902.654887606	3.32131365061e+15	-3.04188251555e+13	0.000221668454306	0.999778356112
902.48182997	3.32195053733e+15	-3.04246581927e+13	0.000221571988984	0.999778452556
902.308772333	3.32258766835e+15	-3.04304934673e+13	0.000221475552243	0.999778548972
902.135714696	3.32322504382e+15	-3.04363309807e+13	0.000221379139035	0.999778645364
901.962657059	3.32386266387e+15	-3.04421707342e+13	0.000221282745583	0.999778741736
901.789599422	3.32450052864e+15	-3.0448012729e+13	0.00022118637953	0.99977883808
901.616541785	3.32513863828e+15	-3.04538569665e+13	0.000221090034061	0.999778934405
901.443484148	3.32577699292e+15	-3.04597034479e+13	0.000220993715103	0.999779030702
901.270426511	3.32641559272e+15	-3.04655521746e+13	0.000220897417475	0.999779126979
901.097368874	3.3270544378e+15	-3.04714031477e+13	0.000220801145564	0.999779223229
900.924311237	3.32769352831e+15	-3.04772563687e+13	0.000220704895677	0.999779319458
900.7512536	3.32833286439e+15	-3.04831118388e+13	0.000220608669643	0.999779415663
900.578195963	3.32897244619e+15	-3.04889695593e+13	0.000220512468255	0.999779511843
900.405138327	3.32961227384e+15	-3.04948295315e+13	0.000220416290341	0.999779608
900.23208069	3.33025234749e+15	-3.05006917567e+13	0.000220320135901	0.999779704133
900.059023053	3.33089266727e+15	-3.05065562362e+13	0.000220224004933	0.999779800243
899.885965416	3.33153323334e+15	-3.05124229713e+13	0.000220127897436	0.999779896329
899.712907779	3.33217404583e+15	-3.05182919633e+13	0.000220031813409	0.999779992392
899.539850142	3.33281510489e+15	-3.05241632135e+13	0.000219935752851	0.999780088431
899.366792505	3.33345641065e+15	-3.05300367232e+13	0.00021983971576	0.999780184447
899.193734868	3.33409796326e+15	-3.05359124938e+13	0.000219743702136	0.99978028044
899.020677231	3.33473976286e+15	-3.05417905265e+13	0.000219647711976	0.999780376409
898.847619594	3.3353818096e+15	-3.05476708226e+13	0.000219551745281	0.999780472354
898.674561957	3.33602410362e+15	-3.05535533834e+13	0.000219455802048	0.999780568277
898.50150432	3.33666664506e+15	-3.05594382103e+13	0.000219359882276	0.999780664175
898.328446683	3.33730943406e+15	-3.05653253045e+13	0.000219263985964	0.999780760051
898.155389047	3.33795247077e+15	-3.05712146674e+13	0.000219168113112	0.999780855902
897.98233141	3.33859575532e+15	-3.05771063003e+13	0.000219072263717	0.999780951731
897.809273773	3.33923928787e+15	-3.05830002044e+13	0.000218976437778	0.999781047536
897.636216136	3.33988306856e+15	-3.05888963812e+13	0.000218880635295	0.999781143317
897.463158499	3.34052709753e+15	-3.05947948318e+13	0.000218784856266	0.999781239075
897.290100862	3.34117137492e+15	-3.06006955578e+13	0.00021868910069	0.99978133481
897.117043225	3.34181590088e+15	-3.06065985602e+13	0.000218593368565	0.999781430521
896.943985588	3.34246067555e+15	-3.06125038405e+13	0.000218497659891	0.999781526209
896.770927951	3.34310569908e+15	-3.06184114001e+13	0.000218401974665	0.999781621873
896.597870314	3.3437509716e+15	-3.06243212401e+13	0.000218306312888	0.999781717514
896.424812677	3.34439649327e+15	-3.06302333619e+13	0.000218210674558	0.999781813132
896.25175504	3.34504226423e+15	-3.06361477669e+13	0.000218115059673	0.999781908726
896.078697404	3.34568828462e+15	-3.06420644564e+13	0.000218019468232	0.999782004296
895.905639767	3.34633455459e+15	-3.06479834316e+13	0.000217923900234	0.999782099843
895.73258213	3.34698107428e+15	-3.0653904694e+13	0.000217828355678	0.999782195367
895.559524493	3.34762784383e+15	-3.06598282448e+13	0.000217732834563	0.999782290868
895.386466856	3.3482748634e+15	-3.06657540854e+13	0.000217637336887	0.999782386344
895.213409219	3.34892213312e+15	-3.06716822171e+13	0.000217541862649	0.999782481798
895.040351582	3.34956965315e+15	-3.06776126413e+13	0.000217446411849	0.999782577228
894.867293945	3.35021742362e+15	-3.06835453592e+13	0.000217350984484	0.999782672635
895.867293945	3.3464777878e+15	-3.06492952578e+13	0.00021790272761	0.999782121011
896.170324248	3.34534621252e+15	-3.06389315299e+13	0.000218070077017	0.999781953699
896.473354551	3.34421540225e+15	-3.06285748085e+13	0.000218237498305	0.999781786314
896.776384854	3.34308535621e+15	-3.06182250864e+13	0.000218404991481	0.999781618857
897.079415157	3.34195607362e+15	-3.06078823565e+13	0.000218572556552	0.999781451329
897.38244546	3.3408275537e+15	-3.05975466116e+13	0.000218740193524	0.999781283728
897.685475763	3.33969979569e+15	-3.05872178449e+13	0.000218907902404	0.999781116056
897.988506066	3.33857279881e+15	-3.05768960491e+13	0.000219075683198	0.999780948312
898.291536369	3.3374465623e+15	-3.05665812172e+13	0.000219243535912	0.999780780496
898.594566672	3.33632108538e+15	-3.05562733422e+13	0.000219411460554	0.999780612608
898.897596975	3.33519636729e+15	-3.05459724171e+13	0.00021957945713	0.999780444649
899.200627278	3.33407240726e+15	-3.05356784347e+13	0.000219747525646	0.999780276617
899.503657581	3.33294920452e+15	-3.05253913882e+13	0.000219915666109	0.999780108514
899.806687885	3.33182675831e+15	-3.05151112705e+13	0.000220083878526	0.999779940338
900.109718188	3.33070506786e+15	-3.05048380745e+13	0.000220252162903	0.999779772091
900.412748491	3.32958413242e+15	-3.04945717934e+13	0.000220420519246	0.999779603772
900.715778794	3.32846395121e+15	-3.04843124201e+13	0.000220588947562	0.99977943538
901.018809097	3.32734452348e+15	-3.04740599476e+13	0.000220757449048	0.999779266916
901.3218394	3.32622584847e+15	-3.04638143691e+13	0.000220926025157	0.999779098377
901.624869703	3.32510792542e+15	-3.04535756775e+13	0.000221094669736	0.99977892977
901.927900006	3.32399075356e+15	-3.04433438658e+13	0.000221263389451	0.999778761087
902.230930309	3.32287433216e+15	-3.04331189273e+13	0.000221432182281	0.999778592332
902.533960612	3.32175866044e+15	-3.04229008549e+13	0.000221601048436	0.999778423503
902.836990915	3.32064373765e+15	-3.04126896418e+13	0.000221769982157	0.999778254607
903.140021218	3.31952956304e+15	-3.0402485281e+13	0.00022193899456	0.999778085632
903.443051521	3.31841613586e+15	-3.03922877656e+13	0.000222108073468	0.999777916591
903.746081824	3.31730345536e+15	-3.03820970887e+13	0.000222277233235	0.999777747469
904.049112127	3.31619152078e+15	-3.03719132436e+13	0.000222446458524	0.999777578281
904.35214243	3.31508033137e+15	-3.03617362232e+13	0.000222615767926	0.999777409009
904.655172733	3.31396988639e+15	-3.03515660208e+13	0.000222785142507	0.999777239672
904.958203036	3.31286018508e+15	-3.03414026295e+13	0.000222954607141	0.999777070245
905.261233339	3.31175122671e+15	-3.03312460424e+13	0.000223124140396	0.99977690075
905.564263642	3.31064301052e+15	-3.03210962528e+13	0.000223293780435	0.999776731148
905.867293945	3.30953553577e+15	-3.03109532538e+13	0.000223463512243	0.999776561454
906.170324248	3.30842880171e+15	-3.03008170385e+13	0.000223633402636	0.999776391601
906.473354551	3.30732280761e+15	-3.02906876003e+13	0.000223803441018	0.999776221601
906.776384854	3.30621755272e+15	-3.02805649323e+13	0.000223973688987	0.999776051391
907.079415157	3.3051130363e+15	-3.02704490276e+13	0.000224144095318	0.999775881023
907.38244546	3.30400925762e+15	-3.02603398796e+13	0.000224314546814	0.99977571061
907.685475763	3.30290621592e+15	-3.02502374815e+13	0.000224485059289	0.999775540136
907.988506066	3.30180391048e+15	-3.02401418265e+13	0.000224655574082	0.999775369659
908.291536369	3.30070234055e+15	-3.02300529078e+13	0.000224826037251	0.999775199234
908.594566672	3.29960150541e+15	-3.02199707188e+13	0.00022499670871	0.999775028601
908.897596975	3.29850140431e+15	-3.02098952526e+13	0.000225167441932	0.999774857906
909.200627278	3.29740203653e+15	-3.01998265026e+13	0.000225338488914	0.999774686898
909.503657581	3.29630340132e+15	-3.01897644621e+13	0.000225510485171	0.99977451494
909.806687885	3.29520549796e+15	-3.01797091243e+13	0.000230797748623	0.999769228883
910.109718188	3.29410832572e+15	-3.01696604826e+13	0.000232529113548	0.999767497919
910.412748491	3.29301188386e+15	-3.01596185302e+13	0.000233111171387	0.999766915997
910.715778794	3.29191617166e+15	-3.01495832606e+13	0.000233753556122	0.999766273762
911.018809097	3.29082118839e+15	-3.01395546669e+13	0.000234479518442	0.99976554797
911.3218394	3.28972693332e+15	-3.01295327426e+13	0.000235324478309	0.999764703208
911.624869703	3.28863340573e+15	-3.0119517481e+13	0.000236343549984	0.999763684377
911.927900006	3.28754060489e+15	-3.01095088755e+13	0.000237622080905	0.999762406149
912.230930309	3.28644853007e+15	-3.00995069195e+13	0.000239293220663	0.999760735408
912.533960612	3.28535718056e+15	-3.00895116062e+13	0.000241565831389	0.999758463343
912.836990915	3.28426655563e+15	-3.00795229292e+13	0.000244773758667	0.999755256196
913.140021218	3.28317665455e+15	-3.00695408817e+13	0.000249472913092	0.999750558203
913.443051521	3.28208747662e+15	-3.00595654572e+13	0.000256649300272	0.999743383631
913.746081824	3.2809990211e+15	-3.00495966491e+13	0.000268304967276	0.999731731023
914.049112127	3.27991128729e+15	-3.00396344509e+13	0.000289021580986	0.999711020182
914.35214243	3.27882427446e+15	-3.00296788559e+13	0.000329457349611	0.999670596916
914.655172733	3.27773798189e+15	-3.00197298576e+13	0.000411169797699	0.999588914721
914.958203036	3.27665240888e+15	-3.00097874494e+13	0.000565216721286	0.999434942984
915.261233339	3.2755675547e+15	-2.99998516248e+13	0.00080934599676	0.999190981435
915.564263642	3.27448341865e+15	-2.99899223772e+13	0.00110273137873	0.998897876406
915.867293945	3.2734e+15	-2.99799997002e+13	0.00132416721485	0.998676709108
916.170324248	3.27231729805e+15	-2.99700835872e+13	0.00133566784051	0.998665223767
916.473354551	3.27123531209e+15	-2.99601740316e+13	0.0011017136955	0.998898892968
916.776384854	3.27015404141e+15	-2.99502710271e+13	0.000732153561179	0.999268114398
917.079415157	3.26907348529e+15	-2.9940374567e+13	0.000388695815439	0.999611379717
917.38244546	3.26799364304e+15	-2.9930484645e+13	0.000164027554357	0.999835985897
917.685475763	3.26691451394e+15	-2.99206012545e+13	5.48592368236e-05	0.999945142268
917.988506066	3.26583609728e+15	-2.9910724389e+13	1.4534007418e-05	0.999985466098
918.291536369	3.26475839237e+15	-2.99008540422e+13	3.06983314776e-06	0.999996930172
918.594566672	3.26368139849e+15	-2.98909902075e+13	5.39149565965e-07	0.999999460851
918.897596975	3.26260511494e+15	-2.98811328785e+13	9.8834597895e-08	0.999999901165
919.200627278	3.26152954103e+15	-2.98712820488e+13	3.45019931545e-08	0.999999965498
919.503657581	3.26045467604e+15	-2.9861437712e+13	2.38031889325e-08	0.999999976197
919.806687885	3.25938051929e+15	-2.98515998616e+13	1.98167816664e-08	0.999999980183
920.109718188	3.25830707006e+15	-2.98417684912e+13	1.71118615963e-08	0.999999982888
920.412748491	3.25723432766e+15	-2.98319435944e+13	1.50036632414e-08	0.999999984996
920.715778794	3.25616229139e+15	-2.98221251649e+13	1.33094500039e-08	0.999999986691
921.018809097	3.25509096056e+15	-2.98123131962e+13	1.19214020552e-08	0.999999988079
921.3218394	3.25402033447e+15	-2.9802507682e+13	1.0766610812e-08	0.999999989233
921.624869703	3.25295041242e+15	-2.97927086158e+13	9.79313923361e-09	0.999999990207
921.927900006	3.25188119373e+15	-2.97829159915e+13	8.97182372831e-09	0.999999991028
922.230930309	3.25081267768e+15	-2.97731298025e+13	8.2577258395e-09	0.999999991742
922.533960612	3.24974486361e+15	-2.97633500426e+13	7.63765449995e-09	0.999999992362
922.836990915	3.2486777508e+15	-2.97535767054e+13	7.09495052352e-09	0.999999992905
923.140021218	3.24761133858e+15	-2.97438097847e+13	6.61668977776e-09	0.999999993383
923.443051521	3.24654562624e+15	-2.9734049274e+13	6.19055954848e-09	0.999999993809
923.746081824	3.24548061311e+15	-2.9724295167e+13	5.81794769277e-09	0.999999994182
924.049112127	3.2444162985e+15	-2.97145474576e+13	5.47894373569e-09	0.999999994521
924.35214243	3.24335268172e+15	-2.97048061393e+13	5.17357946286e-09	0.999999994826
924.655172733	3.24228976207e+15	-2.9695071206e+13	4.89758878953e-09	0.999999995102
924.958203036	3.24122753889e+15	-2.96853426512e+13	4.64721537484e-09	0.999999995353
925.261233339	3.24016601147e+15	-2.96756204688e+13	4.4180757702e-09	0.999999995582
925.564263642	3.23910517915e+15	-2.96659046525e+13	4.20578425605e-09	0.999999995794
925.867293945	3.23804504123e+15	-2.96561951961e+13	4.01652468226e-09	0.999999995983
