912.0	3.28728070175e+15	-3.08304681475e+13	0.0175479660274	0.982605102871
912.049206954	3.28710334611e+15	-3.08288047795e+13	0.0175517535355	0.982601381254
912.098413908	3.28692600961e+15	-3.0827141591e+13	0.0175555416566	0.982597659048
912.147620862	3.28674869224e+15	-3.08254785819e+13	0.0175593303909	0.982593936253
912.196827816	3.286571394e+15	-3.08238157523e+13	0.0175631197385	0.98259021287
912.246034771	3.28639411489e+15	-3.0822153102e+13	0.0175669096993	0.982586488899
912.295241725	3.2862168549e+15	-3.08204906312e+13	0.0175707002735	0.982582764339
912.344448679	3.28603961403e+15	-3.08188283396e+13	0.017574491461	0.982579039191
912.393655633	3.28586239228e+15	-3.08171662273e+13	0.0175782832621	0.982575313453
912.442862587	3.28568518965e+15	-3.08155042943e+13	0.0175820756767	0.982571587128
912.492069541	3.28550800612e+15	-3.08138425406e+13	0.0175858687049	0.982567860213
912.541276495	3.28533084171e+15	-3.0812180966e+13	0.0175896623468	0.982564132709
912.590483449	3.2851536964e+15	-3.08105195707e+13	0.0175934566024	0.982560404617
912.639690403	3.28497657019e+15	-3.08088583545e+13	0.0175972514718	0.982556675936
912.688897357	3.28479946308e+15	-3.08071973174e+13	0.0176010469552	0.982552946665
912.738104312	3.28462237507e+15	-3.08055364594e+13	0.0176048430524	0.982549216806
912.787311266	3.28444530615e+15	-3.08038757805e+13	0.0176086397637	0.982545486357
912.83651822	3.28426825632e+15	-3.08022152807e+13	0.017612437089	0.982541755319
912.885725174	3.28409122558e+15	-3.08005549598e+13	0.0176162350285	0.982538023692
912.934932128	3.28391421392e+15	-3.07988948179e+13	0.0176200335822	0.982534291476
912.984139082	3.28373722134e+15	-3.0797234855e+13	0.0176238327501	0.98253055867
913.033346036	3.28356024784e+15	-3.0795575071e+13	0.0176276325324	0.982526825275
913.08255299	3.28338329342e+15	-3.07939154659e+13	0.0176314329291	0.982523091291
913.131759944	3.28320635806e+15	-3.07922560397e+13	0.0176352339403	0.982519356716
913.180966899	3.28302944178e+15	-3.07905967923e+13	0.017639035566	0.982515621553
913.230173853	3.28285254456e+15	-3.07889377237e+13	0.0176428378063	0.982511885799
913.279380807	3.2826756664e+15	-3.07872788339e+13	0.0176466406613	0.982508149456
913.328587761	3.2824988073e+15	-3.07856201228e+13	0.017650444131	0.982504412523
913.377794715	3.28232196726e+15	-3.07839615905e+13	0.0176542482156	0.982500675
913.427001669	3.28214514627e+15	-3.07823032368e+13	0.017658052915	0.982496936888
913.476208623	3.28196834433e+15	-3.07806450618e+13	0.0176618582293	0.982493198185
913.525415577	3.28179156144e+15	-3.07789870655e+13	0.0176656641586	0.982489458893
913.574622531	3.28161479759e+15	-3.07773292477e+13	0.017669470703	0.98248571901
913.623829485	3.28143805278e+15	-3.07756716086e+13	0.0176732778625	0.982481978537
913.67303644	3.28126132701e+15	-3.0774014148e+13	0.0176770856373	0.982478237474
913.722243394	3.28108462027e+15	-3.07723568659e+13	0.0176808940273	0.982474495821
913.771450348	3.28090793257e+15	-3.07706997623e+13	0.0176847030326	0.982470753578
913.820657302	3.28073126389e+15	-3.07690428371e+13	0.0176885126533	0.982467010744
913.869864256	3.28055461424e+15	-3.07673860904e+13	0.0176923228895	0.98246326732
913.91907121	3.28037798361e+15	-3.07657295221e+13	0.0176961337412	0.982459523305
913.968278164	3.280201372e+15	-3.07640731322e+13	0.0176999452086	0.9824557787
914.017485118	3.28002477941e+15	-3.07624169206e+13	0.0177037572916	0.982452033504
914.066692072	3.27984820583e+15	-3.07607608873e+13	0.0177075699903	0.982448287718
914.115899027	3.27967165126e+15	-3.07591050323e+13	0.0177113833048	0.98244454134
914.165105981	3.27949511569e+15	-3.07574493556e+13	0.0177151972352	0.982440794372
914.214312935	3.27931859913e+15	-3.07557938571e+13	0.0177190117815	0.982437046814
914.263519889	3.27914210157e+15	-3.07541385368e+13	0.0177228269438	0.982433298664
914.312726843	3.27896562301e+15	-3.07524833947e+13	0.0177266427221	0.982429549923
914.361933797	3.27878916344e+15	-3.07508284307e+13	0.0177304591166	0.982425800592
914.411140751	3.27861272287e+15	-3.07491736449e+13	0.0177342761273	0.982422050669
914.460347705	3.27843630128e+15	-3.07475190371e+13	0.0177380937543	0.982418300156
914.509554659	3.27825989868e+15	-3.07458646074e+13	0.0177419119976	0.982414549051
914.558761614	3.27808351506e+15	-3.07442103558e+13	0.0177457308572	0.982410797354
914.607968568	3.27790715042e+15	-3.07425562821e+13	0.0177495503334	0.982407045067
914.657175522	3.27773080476e+15	-3.07409023864e+13	0.017753370426	0.982403292188
914.706382476	3.27755447807e+15	-3.07392486686e+13	0.0177571911353	0.982399538718
914.75558943	3.27737817035e+15	-3.07375951288e+13	0.0177610124612	0.982395784656
914.804796384	3.27720188159e+15	-3.07359417668e+13	0.0177648344038	0.982392030003
914.854003338	3.2770256118e+15	-3.07342885827e+13	0.0177686569632	0.982388274759
914.903210292	3.27684936097e+15	-3.07326355765e+13	0.0177724801395	0.982384518922
914.952417246	3.2766731291e+15	-3.0730982748e+13	0.0177763039327	0.982380762494
915.0016242	3.27649691619e+15	-3.07293300973e+13	0.0177801283429	0.982377005474
915.050831155	3.27632072222e+15	-3.07276776243e+13	0.0177839533702	0.982373247863
915.100038109	3.27614454721e+15	-3.07260253291e+13	0.0177877790146	0.982369489659
915.149245063	3.27596839114e+15	-3.07243732115e+13	0.0177916052761	0.982365730864
915.198452017	3.27579225401e+15	-3.07227212716e+13	0.017795432155	0.982361971476
915.247658971	3.27561613582e+15	-3.07210695094e+13	0.0177992596511	0.982358211497
915.296865925	3.27544003657e+15	-3.07194179247e+13	0.0178030877646	0.982354450925
915.346072879	3.27526395625e+15	-3.07177665176e+13	0.0178069164956	0.982350689762
915.395279833	3.27508789487e+15	-3.0716115288e+13	0.0178107458441	0.982346928006
915.444486787	3.27491185241e+15	-3.0714464236e+13	0.0178145758102	0.982343165657
915.493693742	3.27473582887e+15	-3.07128133614e+13	0.017818406394	0.982339402717
915.542900696	3.27455982426e+15	-3.07111626643e+13	0.0178222375955	0.982335639184
915.59210765	3.27438383856e+15	-3.07095121447e+13	0.0178260694147	0.982331875058
915.641314604	3.27420787178e+15	-3.07078618024e+13	0.0178299018519	0.98232811034
915.690521558	3.27403192391e+15	-3.07062116375e+13	0.0178337349069	0.98232434503
915.739728512	3.27385599495e+15	-3.07045616499e+13	0.0178375685799	0.982320579127
915.788935466	3.27368008489e+15	-3.07029118397e+13	0.017841402871	0.982316812631
915.83814242	3.27350419374e+15	-3.07012622067e+13	0.0178452377802	0.982313045543
915.887349374	3.27332832149e+15	-3.0699612751e+13	0.0178490733076	0.982309277861
915.936556328	3.27315246813e+15	-3.06979634725e+13	0.0178529094532	0.982305509587
915.985763283	3.27297663367e+15	-3.06963143713e+13	0.0178567462172	0.98230174072
916.034970237	3.2728008181e+15	-3.06946654471e+13	0.0178605835995	0.98229797126
916.084177191	3.27262502142e+15	-3.06930167002e+13	0.0178644216003	0.982294201207
916.133384145	3.27244924362e+15	-3.06913681303e+13	0.0178682602196	0.98229043056
916.182591099	3.2722734847e+15	-3.06897197376e+13	0.0178720994575	0.982286659321
916.231798053	3.27209774467e+15	-3.06880715218e+13	0.0178759393141	0.982282887488
916.281005007	3.2719220235e+15	-3.06864234832e+13	0.0178797797893	0.982279115062
916.330211961	3.27174632121e+15	-3.06847756215e+13	0.0178836208834	0.982275342043
916.379418915	3.27157063779e+15	-3.06831279368e+13	0.0178874625963	0.982271568431
916.42862587	3.27139497324e+15	-3.0681480429e+13	0.0178913049281	0.982267794224
916.477832824	3.27121932755e+15	-3.06798330981e+13	0.0178951478789	0.982264019425
916.527039778	3.27104370072e+15	-3.06781859442e+13	0.0178989914487	0.982260244032
916.576246732	3.27086809274e+15	-3.0676538967e+13	0.0179028356377	0.982256468045
916.625453686	3.27069250362e+15	-3.06748921668e+13	0.0179066804459	0.982252691465
916.67466064	3.27051693335e+15	-3.06732455433e+13	0.0179105258733	0.982248914291
916.723867594	3.27034138193e+15	-3.06715990966e+13	0.01791437192	0.982245136523
916.773074548	3.27016584936e+15	-3.06699528266e+13	0.0179182185861	0.982241358161
916.822281502	3.26999033563e+15	-3.06683067333e+13	0.0179220658716	0.982237579205
916.871488456	3.26981484073e+15	-3.06666608168e+13	0.0179259137767	0.982233799655
917.871488456	3.26625245223e+15	-3.06332501906e+13	0.0180042465074	0.982156861613
918.17451876	3.26517447255e+15	-3.06231401266e+13	0.0180280343024	0.982133498545
918.477549063	3.26409720418e+15	-3.06130367337e+13	0.0180518456615	0.98211011289
918.780579366	3.26302064642e+15	-3.06029400054e+13	0.0180756806002	0.982086704634
919.083609669	3.26194479856e+15	-3.05928499351e+13	0.0180995391342	0.982063273765
919.386639972	3.2608696599e+15	-3.05827665161e+13	0.018123421279	0.982039820268
919.689670275	3.25979522974e+15	-3.0572689742e+13	0.0181473270502	0.982016344129
919.992700578	3.25872150737e+15	-3.05626196061e+13	0.0181712564633	0.981992845335
920.295730881	3.25764849211e+15	-3.05525561018e+13	0.018195209534	0.981969323873
920.598761184	3.25657618325e+15	-3.05424992228e+13	0.0182191862778	0.981945779728
920.901791487	3.25550458009e+15	-3.05324489623e+13	0.0182431867104	0.981922212888
921.20482179	3.25443368194e+15	-3.05224053139e+13	0.0182672108472	0.981898623338
921.507852093	3.2533634881e+15	-3.0512368271e+13	0.018291258704	0.981875011064
921.810882396	3.25229399788e+15	-3.05023378271e+13	0.0183153302962	0.981851376054
922.113912699	3.25122521059e+15	-3.04923139758e+13	0.0183394256397	0.981827718293
922.416943002	3.25015712552e+15	-3.04822967105e+13	0.0183635447499	0.981804037767
922.719973305	3.249089742e+15	-3.04722860247e+13	0.0183876876432	0.981780334463
923.023003608	3.24802305932e+15	-3.0462281912e+13	0.0184118543345	0.981756608368
923.326033911	3.2469570768e+15	-3.04522843659e+13	0.0184360448397	0.981732859466
923.629064214	3.24589179375e+15	-3.04422933799e+13	0.0184602591734	0.981709087747
923.932094517	3.24482720948e+15	-3.04323089476e+13	0.0184844973531	0.981685293194
924.23512482	3.2437633233e+15	-3.04223310625e+13	0.0185087593939	0.981661475795
924.538155123	3.24270013453e+15	-3.04123597181e+13	0.0185330453095	0.981637635536
924.841185426	3.24163764249e+15	-3.04023949082e+13	0.0185573551191	0.981613772402
925.144215729	3.24057584648e+15	-3.03924366261e+13	0.0185816888345	0.981589886383
925.447246032	3.23951474582e+15	-3.03824848656e+13	0.0186060464757	0.98156597746
925.750276335	3.23845433983e+15	-3.03725396202e+13	0.0186304280539	0.981542045624
926.053306638	3.23739462784e+15	-3.03626008835e+13	0.0186548335902	0.981518090856
926.356336941	3.23633560914e+15	-3.03526686491e+13	0.0186792630947	0.981494113148
926.659367244	3.23527728308e+15	-3.03427429107e+13	0.0187037165903	0.98147011248
926.962397547	3.23421964897e+15	-3.03328236619e+13	0.0187281940862	0.981446088843
927.26542785	3.23316270612e+15	-3.03229108963e+13	0.018752695609	0.981422042214
927.568458153	3.23210645387e+15	-3.03130046076e+13	0.0187772211692	0.981397972584
927.871488456	3.23105089153e+15	-3.03031047894e+13	0.0188017708011	0.981373879921
928.17451876	3.22999601843e+15	-3.02932114353e+13	0.0188263445171	0.981349764214
928.477549063	3.22894183389e+15	-3.02833245391e+13	0.0188509423531	0.98132562543
928.780579366	3.22788833725e+15	-3.02734440945e+13	0.0188755643029	0.981301463577
929.083609669	3.22683552783e+15	-3.02635700951e+13	0.0189002103845	0.98127727864
929.386639972	3.22578340495e+15	-3.02537025346e+13	0.0189248805853	0.981253070631
929.689670275	3.22473196794e+15	-3.02438414067e+13	0.0189495748922	0.981228839565
929.992700578	3.22368121614e+15	-3.02339867051e+13	0.0189742933552	0.981204585396
930.295730881	3.22263114887e+15	-3.02241384236e+13	0.0189990359862	0.981180308114
930.598761184	3.22158176547e+15	-3.02142965559e+13	0.0190238028301	0.981156007675
930.901791487	3.22053306527e+15	-3.02044610957e+13	0.0190485939081	0.981131684061
931.20482179	3.21948504759e+15	-3.01946320367e+13	0.0190734093279	0.981107337169
931.507852093	3.21843771179e+15	-3.01848093728e+13	0.0190983774969	0.981082841021
931.810882396	3.21739105718e+15	-3.01749930976e+13	0.0196701761892	0.980522019489
932.113912699	3.2163450831e+15	-3.0165183205e+13	0.0197270029542	0.980466301178
932.416943002	3.2152997889e+15	-3.01553796887e+13	0.0197879311997	0.980406564906
932.719973305	3.2142551739e+15	-3.01455825425e+13	0.0198543626347	0.980341437255
933.023003608	3.21321123746e+15	-3.01357917602e+13	0.019928422809	0.980268835685
933.326033911	3.2121679789e+15	-3.01260073356e+13	0.0200133554074	0.980185582442
933.629064214	3.21112539756e+15	-3.01162292625e+13	0.0201141306367	0.980086808992
933.932094517	3.21008349279e+15	-3.01064575348e+13	0.0202383903123	0.979965031289
934.23512482	3.20904226393e+15	-3.00966921462e+13	0.0203979364361	0.979808694139
934.538155123	3.20800171033e+15	-3.00869330905e+13	0.0206111654907	0.97959979273
934.841185426	3.20696183131e+15	-3.00771803618e+13	0.0209073031027	0.979309739336
935.144215729	3.20592262624e+15	-3.00674339536e+13	0.021334684685	0.978891289816
935.447246032	3.20488409444e+15	-3.00576938601e+13	0.0219798030255	0.978259992744
935.750276335	3.20384623528e+15	-3.00479600749e+13	0.0230175653812	0.977245317936
936.053306638	3.20280904809e+15	-3.0038232592e+13	0.0248440315766	0.975462041441
936.356336941	3.20177253223e+15	-3.00285114052e+13	0.0283641089226	0.97203437597
936.659367244	3.20073668704e+15	-3.00187965085e+13	0.0353663364259	0.965251744606
936.962397547	3.19970151187e+15	-3.00090878958e+13	0.0483821277715	0.952769637768
937.26542785	3.19866700608e+15	-2.99993855608e+13	0.0688660323562	0.93345172403
937.568458153	3.197633169e+15	-2.99896894977e+13	0.093636050642	0.910614119363
937.871488456	3.1966e+15	-2.99799997002e+13	0.113041665546	0.893113447281
938.17451876	3.19556749843e+15	-2.99703161623e+13	0.115657348284	0.890780398443
938.477549063	3.19453566363e+15	-2.9960638878e+13	0.0976730446959	0.906945385888
938.780579366	3.19350449498e+15	-2.99509678412e+13	0.0670858134354	0.935114952467
939.083609669	3.19247399181e+15	-2.99413030458e+13	0.0371571198111	0.963524734631
939.386639972	3.19144415349e+15	-2.99316444858e+13	0.016510832053	0.983624724658
939.689670275	3.19041497937e+15	-2.99219921551e+13	0.00586651965419	0.994150654771
939.992700578	3.18938646881e+15	-2.99123460478e+13	0.0016631145382	0.99833826767
940.295730881	3.18835862117e+15	-2.99027061579e+13	0.000375609835176	0.999624460697
940.598761184	3.1873314358e+15	-2.98930724792e+13	6.75105274483e-05	0.999932491751
940.901791487	3.18630491208e+15	-2.98834450059e+13	9.65553641299e-06	0.99999034451
941.20482179	3.18527904936e+15	-2.98738237319e+13	1.10398474335e-06	0.999998896016
941.507852093	3.18425384699e+15	-2.98642086512e+13	1.06248433661e-07	0.999999893752
941.810882396	3.18322930435e+15	-2.98545997579e+13	1.39041438133e-08	0.999999986096
942.113912699	3.1822054208e+15	-2.9844997046e+13	5.95406025362e-09	0.999999994046
942.416943002	3.1811821957e+15	-2.98354005095e+13	4.86241506811e-09	0.999999995138
942.719973305	3.18015962841e+15	-2.98258101425e+13	4.29459313575e-09	0.999999995705
943.023003608	3.17913771831e+15	-2.9816225939e+13	3.84482347694e-09	0.999999996155
943.326033911	3.17811646475e+15	-2.9806647893e+13	3.47161231062e-09	0.999999996528
943.629064214	3.17709586711e+15	-2.97970759988e+13	3.15734560501e-09	0.999999996843
943.932094517	3.17607592476e+15	-2.97875102502e+13	2.88965449285e-09	0.99999999711
944.23512482	3.17505663705e+15	-2.97779506415e+13	2.662051997e-09	0.999999997338
944.538155123	3.17403800338e+15	-2.97683971666e+13	2.46227784388e-09	0.999999997538
944.841185426	3.17302002309e+15	-2.97588498198e+13	2.28753305674e-09	0.999999997712
945.144215729	3.17200269557e+15	-2.97493085951e+13	2.13362372086e-09	0.999999997866
945.447246032	3.17098602019e+15	-2.97397734865e+13	1.99659443285e-09	0.999999998003
945.750276335	3.16996999633e+15	-2.97302444884e+13	1.8766352833e-09	0.999999998123
946.053306638	3.16895462334e+15	-2.97207215947e+13	1.76764419216e-09	0.999999998232
946.356336941	3.16793990062e+15	-2.97112047995e+13	1.66949661699e-09	0.999999998331
946.659367244	3.16692582753e+15	-2.97016940972e+13	1.58075809542e-09	0.999999998419
946.962397547	3.16591240345e+15	-2.96921894817e+13	1.50027933208e-09	0.9999999985
947.26542785	3.16489962777e+15	-2.96826909473e+13	1.42697090375e-09	0.999999998573
947.568458153	3.16388749985e+15	-2.96731984881e+13	1.35948067898e-09	0.999999998641
947.871488456	3.16287601907e+15	-2.96637120983e+13	1.29676200091e-09	0.999999998703
