912.0	3.28728070175e+15	-3.08304681475e+13	0.000269111411007	0.999730924796
912.049206954	3.28710334611e+15	-3.08288047795e+13	0.000269144372319	0.999730891844
912.098413908	3.28692600961e+15	-3.0827141591e+13	0.00026917733589	0.999730858889
912.147620862	3.28674869224e+15	-3.08254785819e+13	0.000269210301719	0.999730825932
912.196827816	3.286571394e+15	-3.08238157523e+13	0.000269243269808	0.999730792973
912.246034771	3.28639411489e+15	-3.0822153102e+13	0.000269276240154	0.999730760011
912.295241725	3.2862168549e+15	-3.08204906312e+13	0.00026930921276	0.999730727048
912.344448679	3.28603961403e+15	-3.08188283396e+13	0.000269342187624	0.999730694082
912.393655633	3.28586239228e+15	-3.08171662273e+13	0.000269375164747	0.999730661113
912.442862587	3.28568518965e+15	-3.08155042943e+13	0.000269408144129	0.999730628143
912.492069541	3.28550800612e+15	-3.08138425406e+13	0.000269441125769	0.99973059517
912.541276495	3.28533084171e+15	-3.0812180966e+13	0.000269474109669	0.999730562195
912.590483449	3.2851536964e+15	-3.08105195707e+13	0.000269507095827	0.999730529218
912.639690403	3.28497657019e+15	-3.08088583545e+13	0.000269540084244	0.999730496238
912.688897357	3.28479946308e+15	-3.08071973174e+13	0.00026957307492	0.999730463257
912.738104312	3.28462237507e+15	-3.08055364594e+13	0.000269606067856	0.999730430273
912.787311266	3.28444530615e+15	-3.08038757805e+13	0.00026963906305	0.999730397286
912.83651822	3.28426825632e+15	-3.08022152807e+13	0.000269672060503	0.999730364298
912.885725174	3.28409122558e+15	-3.08005549598e+13	0.000269705060215	0.999730331307
912.934932128	3.28391421392e+15	-3.07988948179e+13	0.000269738062187	0.999730298314
912.984139082	3.28373722134e+15	-3.0797234855e+13	0.000269771066417	0.999730265319
913.033346036	3.28356024784e+15	-3.0795575071e+13	0.000269804072907	0.999730232321
913.08255299	3.28338329342e+15	-3.07939154659e+13	0.000269837081656	0.999730199321
913.131759944	3.28320635806e+15	-3.07922560397e+13	0.000269870092664	0.999730166319
913.180966899	3.28302944178e+15	-3.07905967923e+13	0.000269903105932	0.999730133315
913.230173853	3.28285254456e+15	-3.07889377237e+13	0.000269936121459	0.999730100308
913.279380807	3.2826756664e+15	-3.07872788339e+13	0.000269969139245	0.999730067299
913.328587761	3.2824988073e+15	-3.07856201228e+13	0.00027000215929	0.999730034288
913.377794715	3.28232196726e+15	-3.07839615905e+13	0.000270035181595	0.999730001275
913.427001669	3.28214514627e+15	-3.07823032368e+13	0.00027006820616	0.999729968259
913.476208623	3.28196834433e+15	-3.07806450618e+13	0.000270101232984	0.999729935241
913.525415577	3.28179156144e+15	-3.07789870655e+13	0.000270134262067	0.999729902221
913.574622531	3.28161479759e+15	-3.07773292477e+13	0.00027016729341	0.999729869198
913.623829485	3.28143805278e+15	-3.07756716086e+13	0.000270200327013	0.999729836174
913.67303644	3.28126132701e+15	-3.0774014148e+13	0.000270233362875	0.999729803147
913.722243394	3.28108462027e+15	-3.07723568659e+13	0.000270266400996	0.999729770118
913.771450348	3.28090793257e+15	-3.07706997623e+13	0.000270299441378	0.999729737086
913.820657302	3.28073126389e+15	-3.07690428371e+13	0.000270332484019	0.999729704053
913.869864256	3.28055461424e+15	-3.07673860904e+13	0.00027036552892	0.999729671017
913.91907121	3.28037798361e+15	-3.07657295221e+13	0.000270398576081	0.999729637978
913.968278164	3.280201372e+15	-3.07640731322e+13	0.000270431625501	0.999729604938
914.017485118	3.28002477941e+15	-3.07624169206e+13	0.000270464677182	0.999729571895
914.066692072	3.27984820583e+15	-3.07607608873e+13	0.000270497731122	0.99972953885
914.115899027	3.27967165126e+15	-3.07591050323e+13	0.000270530787322	0.999729505803
914.165105981	3.27949511569e+15	-3.07574493556e+13	0.000270563845782	0.999729472753
914.214312935	3.27931859913e+15	-3.07557938571e+13	0.000270596906502	0.999729439702
914.263519889	3.27914210157e+15	-3.07541385368e+13	0.000270629969482	0.999729406648
914.312726843	3.27896562301e+15	-3.07524833947e+13	0.000270663034722	0.999729373591
914.361933797	3.27878916344e+15	-3.07508284307e+13	0.000270696102222	0.999729340533
914.411140751	3.27861272287e+15	-3.07491736449e+13	0.000270729171982	0.999729307472
914.460347705	3.27843630128e+15	-3.07475190371e+13	0.000270762244003	0.999729274409
914.509554659	3.27825989868e+15	-3.07458646074e+13	0.000270795318283	0.999729241343
914.558761614	3.27808351506e+15	-3.07442103558e+13	0.000270828394824	0.999729208276
914.607968568	3.27790715042e+15	-3.07425562821e+13	0.000270861473625	0.999729175206
914.657175522	3.27773080476e+15	-3.07409023864e+13	0.000270894554686	0.999729142134
914.706382476	3.27755447807e+15	-3.07392486686e+13	0.000270927638008	0.99972910906
914.75558943	3.27737817035e+15	-3.07375951288e+13	0.00027096072359	0.999729075983
914.804796384	3.27720188159e+15	-3.07359417668e+13	0.000270993811432	0.999729042904
914.854003338	3.2770256118e+15	-3.07342885827e+13	0.000271026901535	0.999729009823
914.903210292	3.27684936097e+15	-3.07326355765e+13	0.000271059993898	0.99972897674
914.952417246	3.2766731291e+15	-3.0730982748e+13	0.000271093088521	0.999728943654
915.0016242	3.27649691619e+15	-3.07293300973e+13	0.000271126185405	0.999728910566
915.050831155	3.27632072222e+15	-3.07276776243e+13	0.00027115928455	0.999728877476
915.100038109	3.27614454721e+15	-3.07260253291e+13	0.000271192385955	0.999728844383
915.149245063	3.27596839114e+15	-3.07243732115e+13	0.000271225489621	0.999728811289
915.198452017	3.27579225401e+15	-3.07227212716e+13	0.000271258595547	0.999728778192
915.247658971	3.27561613582e+15	-3.07210695094e+13	0.000271291703734	0.999728745093
915.296865925	3.27544003657e+15	-3.07194179247e+13	0.000271324814182	0.999728711991
915.346072879	3.27526395625e+15	-3.07177665176e+13	0.00027135792689	0.999728678887
915.395279833	3.27508789487e+15	-3.0716115288e+13	0.000271391041859	0.999728645781
915.444486787	3.27491185241e+15	-3.0714464236e+13	0.000271424159089	0.999728612673
915.493693742	3.27473582887e+15	-3.07128133614e+13	0.00027145727858	0.999728579563
915.542900696	3.27455982426e+15	-3.07111626643e+13	0.000271490400332	0.99972854645
915.59210765	3.27438383856e+15	-3.07095121447e+13	0.000271523524344	0.999728513335
915.641314604	3.27420787178e+15	-3.07078618024e+13	0.000271556650618	0.999728480218
915.690521558	3.27403192391e+15	-3.07062116375e+13	0.000271589779152	0.999728447098
915.739728512	3.27385599495e+15	-3.07045616499e+13	0.000271622909948	0.999728413976
915.788935466	3.27368008489e+15	-3.07029118397e+13	0.000271656043004	0.999728380852
915.83814242	3.27350419374e+15	-3.07012622067e+13	0.000271689178322	0.999728347726
915.887349374	3.27332832149e+15	-3.0699612751e+13	0.0002717223159	0.999728314597
915.936556328	3.27315246813e+15	-3.06979634725e+13	0.00027175545574	0.999728281466
915.985763283	3.27297663367e+15	-3.06963143713e+13	0.000271788597841	0.999728248333
916.034970237	3.2728008181e+15	-3.06946654471e+13	0.000271821742203	0.999728215198
916.084177191	3.27262502142e+15	-3.06930167002e+13	0.000271854888826	0.99972818206
916.133384145	3.27244924362e+15	-3.06913681303e+13	0.000271888037711	0.99972814892
916.182591099	3.2722734847e+15	-3.06897197376e+13	0.000271921188857	0.999728115778
916.231798053	3.27209774467e+15	-3.06880715218e+13	0.000271954342264	0.999728082634
916.281005007	3.2719220235e+15	-3.06864234832e+13	0.000271987497932	0.999728049487
916.330211961	3.27174632121e+15	-3.06847756215e+13	0.000272020655862	0.999728016338
916.379418915	3.27157063779e+15	-3.06831279368e+13	0.000272053816053	0.999727983187
916.42862587	3.27139497324e+15	-3.0681480429e+13	0.000272086978506	0.999727950034
916.477832824	3.27121932755e+15	-3.06798330981e+13	0.00027212014322	0.999727916878
916.527039778	3.27104370072e+15	-3.06781859442e+13	0.000272153310196	0.99972788372
916.576246732	3.27086809274e+15	-3.0676538967e+13	0.000272186479433	0.99972785056
916.625453686	3.27069250362e+15	-3.06748921668e+13	0.000272219650932	0.999727817397
916.67466064	3.27051693335e+15	-3.06732455433e+13	0.000272252824693	0.999727784233
916.723867594	3.27034138193e+15	-3.06715990966e+13	0.000272286000715	0.999727751066
916.773074548	3.27016584936e+15	-3.06699528266e+13	0.000272319178999	0.999727717897
916.822281502	3.26999033563e+15	-3.06683067333e+13	0.000272352359544	0.999727684725
916.871488456	3.26981484073e+15	-3.06666608168e+13	0.000272385542351	0.999727651551
917.871488456	3.26625245223e+15	-3.06332501906e+13	0.000273060384419	0.999726976893
918.17451876	3.26517447255e+15	-3.06231401266e+13	0.000273265066477	0.999726772267
918.477549063	3.26409720418e+15	-3.06130367337e+13	0.000273469834344	0.999726567555
918.780579366	3.26302064642e+15	-3.06029400054e+13	0.000273674688028	0.999726362757
919.083609669	3.26194479856e+15	-3.05928499351e+13	0.000273879627537	0.999726157874
919.386639972	3.2608696599e+15	-3.05827665161e+13	0.000274084652879	0.999725952905
919.689670275	3.25979522974e+15	-3.0572689742e+13	0.000274289764061	0.99972574785
919.992700578	3.25872150737e+15	-3.05626196061e+13	0.00027449496109	0.999725542709
920.295730881	3.25764849211e+15	-3.05525561018e+13	0.000274700243975	0.999725337483
920.598761184	3.25657618325e+15	-3.05424992228e+13	0.000274905612722	0.99972513217
920.901791487	3.25550458009e+15	-3.05324489623e+13	0.00027511106734	0.999724926772
921.20482179	3.25443368194e+15	-3.05224053139e+13	0.000275316607837	0.999724721288
921.507852093	3.2533634881e+15	-3.0512368271e+13	0.000275522234219	0.999724515719
921.810882396	3.25229399788e+15	-3.05023378271e+13	0.000275727946495	0.999724310063
922.113912699	3.25122521059e+15	-3.04923139758e+13	0.000275933744672	0.999724104322
922.416943002	3.25015712552e+15	-3.04822967105e+13	0.000276139711784	0.999723898411
922.719973305	3.249089742e+15	-3.04722860247e+13	0.000276346347048	0.999723691833
923.023003608	3.24802305932e+15	-3.0462281912e+13	0.000276553055947	0.999723485181
923.326033911	3.2469570768e+15	-3.04522843659e+13	0.00027676006373	0.999723278231
923.629064214	3.24589179375e+15	-3.04422933799e+13	0.000276966506937	0.999723071845
923.932094517	3.24482720948e+15	-3.04323089476e+13	0.000277174043764	0.999722864365
924.23512482	3.2437633233e+15	-3.04223310625e+13	0.000277381921859	0.999722656545
924.538155123	3.24270013453e+15	-3.04123597181e+13	0.000277589034306	0.99972244949
924.841185426	3.24163764249e+15	-3.04023949082e+13	0.000277797671494	0.999722240911
925.144215729	3.24057584648e+15	-3.03924366261e+13	0.000278005167328	0.999722033473
925.447246032	3.23951474582e+15	-3.03824848656e+13	0.000278214613586	0.999721824085
925.750276335	3.23845433983e+15	-3.03725396202e+13	0.000278423357416	0.999721615399
926.053306638	3.23739462784e+15	-3.03626008835e+13	0.000278634194266	0.999721404621
926.356336941	3.23633560914e+15	-3.03526686491e+13	0.000278844568727	0.999721194305
926.659367244	3.23527728308e+15	-3.03427429107e+13	0.000279057726332	0.999720981207
926.962397547	3.23421964897e+15	-3.03328236619e+13	0.000279272362823	0.99972076663
927.26542785	3.23316270612e+15	-3.03229108963e+13	0.000279493470533	0.999720545584
927.568458153	3.23210645387e+15	-3.03130046076e+13	0.000279721478568	0.99972031764
927.871488456	3.23105089153e+15	-3.03031047894e+13	0.000279966623969	0.999720072563
928.17451876	3.22999601843e+15	-3.02932114353e+13	0.000280235931712	0.999719803331
928.477549063	3.22894183389e+15	-3.02833245391e+13	0.00028053517453	0.999719504172
928.780579366	3.22788833725e+15	-3.02734440945e+13	0.000280859610732	0.999719179827
929.083609669	3.22683552783e+15	-3.02635700951e+13	0.00028119407857	0.999718845453
929.386639972	3.22578340495e+15	-3.02537025346e+13	0.000281519090116	0.999718520533
929.689670275	3.22473196794e+15	-3.02438414067e+13	0.000281825345423	0.999718214364
929.992700578	3.22368121614e+15	-3.02339867051e+13	0.000282116545039	0.999717923246
930.295730881	3.22263114887e+15	-3.02241384236e+13	0.000282404909663	0.999717634963
930.598761184	3.22158176547e+15	-3.02142965559e+13	0.000282701987573	0.999717337969
930.901791487	3.22053306527e+15	-3.02044610957e+13	0.000283040496829	0.999716999555
931.20482179	3.21948504759e+15	-3.01946320367e+13	0.000283483309805	0.999716556868
931.507852093	3.21843771179e+15	-3.01848093728e+13	0.000285510876571	0.999714529878
931.810882396	3.21739105718e+15	-3.01749930976e+13	0.000291734955214	0.999708307595
932.113912699	3.2163450831e+15	-3.0165183205e+13	0.000292525878272	0.999707516903
932.416943002	3.2152997889e+15	-3.01553796887e+13	0.000293402500514	0.999706640538
932.719973305	3.2142551739e+15	-3.01455825425e+13	0.000294419057506	0.99970562428
933.023003608	3.21321123746e+15	-3.01357917602e+13	0.000295596444022	0.99970444724
933.326033911	3.2121679789e+15	-3.01260073356e+13	0.000296983322568	0.999703060773
933.629064214	3.21112539756e+15	-3.01162292625e+13	0.000298677041408	0.999701367558
933.932094517	3.21008349279e+15	-3.01064575348e+13	0.000300820751667	0.99969922449
934.23512482	3.20904226393e+15	-3.00966921462e+13	0.000303630205495	0.999696415885
934.538155123	3.20800171033e+15	-3.00869330905e+13	0.000307439091513	0.999692608163
934.841185426	3.20696183131e+15	-3.00771803618e+13	0.000312775117498	0.999687273792
935.144215729	3.20592262624e+15	-3.00674339536e+13	0.000320513095457	0.999679538263
935.447246032	3.20488409444e+15	-3.00576938601e+13	0.000332220556156	0.999667834623
935.750276335	3.20384623528e+15	-3.00479600749e+13	0.000351024158056	0.999649037444
936.053306638	3.20280904809e+15	-3.0038232592e+13	0.000383688208252	0.999616385391
936.356336941	3.20177253223e+15	-3.00285114052e+13	0.000444577930722	0.999555520879
936.659367244	3.20073668704e+15	-3.00187965085e+13	0.000559445389141	0.999440711071
936.962397547	3.19970151187e+15	-3.00090878958e+13	0.000759757777501	0.999240530765
937.26542785	3.19866700608e+15	-2.99993855608e+13	0.00105387647919	0.998946678654
937.568458153	3.197633169e+15	-2.99896894977e+13	0.00138197970174	0.998618974792
937.871488456	3.1966e+15	-2.99799997002e+13	0.00160600999015	0.998395278954
938.17451876	3.19556749843e+15	-2.99703161623e+13	0.001586534547	0.998414723334
938.477549063	3.19453566363e+15	-2.9960638878e+13	0.00130127767598	0.998699568619
938.780579366	3.19350449498e+15	-2.99509678412e+13	0.000876203864883	0.99912417989
939.083609669	3.19247399181e+15	-2.99413030458e+13	0.000484229039861	0.99951588818
939.386639972	3.19144415349e+15	-2.99316444858e+13	0.000223625186523	0.999776399816
939.689670275	3.19041497937e+15	-2.99219921551e+13	9.17035864185e-05	0.999908300618
939.992700578	3.18938646881e+15	-2.99123460478e+13	3.85899809027e-05	0.999961410764
940.295730881	3.18835862117e+15	-2.99027061579e+13	2.01115819398e-05	0.99997988862
940.598761184	3.1873314358e+15	-2.98930724792e+13	1.34030605032e-05	0.999986597029
940.901791487	3.18630491208e+15	-2.98834450059e+13	1.02040134348e-05	0.999989796039
941.20482179	3.18527904936e+15	-2.98738237319e+13	8.2107483987e-06	0.999991789285
941.507852093	3.18425384699e+15	-2.98642086512e+13	6.80912649266e-06	0.999993190897
941.810882396	3.18322930435e+15	-2.98545997579e+13	5.77529224779e-06	0.999994224724
942.113912699	3.1822054208e+15	-2.9844997046e+13	4.98597637331e-06	0.999995014036
942.416943002	3.1811821957e+15	-2.98354005095e+13	4.3674984741e-06	0.999995632511
942.719973305	3.18015962841e+15	-2.98258101425e+13	3.87072236848e-06	0.999996129285
943.023003608	3.17913771831e+15	-2.9816225939e+13	3.46431265697e-06	0.999996535693
943.326033911	3.17811646475e+15	-2.9806647893e+13	3.12660103134e-06	0.999996873404
943.629064214	3.17709586711e+15	-2.97970759988e+13	2.84243954166e-06	0.999997157564
943.932094517	3.17607592476e+15	-2.97875102502e+13	2.60055779118e-06	0.999997399446
944.23512482	3.17505663705e+15	-2.97779506415e+13	2.39285333928e-06	0.99999760715
944.538155123	3.17403800338e+15	-2.97683971666e+13	2.21221991695e-06	0.999997787783
944.841185426	3.17302002309e+15	-2.97588498198e+13	2.05410164268e-06	0.9999979459
945.144215729	3.17200269557e+15	-2.97493085951e+13	1.91488387858e-06	0.999998085118
945.447246032	3.17098602019e+15	-2.97397734865e+13	1.79146976195e-06	0.999998208532
945.750276335	3.16996999633e+15	-2.97302444884e+13	1.6822980472e-06	0.999998317703
946.053306638	3.16895462334e+15	-2.97207215947e+13	1.58376840732e-06	0.999998416233
946.356336941	3.16793990062e+15	-2.97112047995e+13	1.49510183673e-06	0.999998504899
946.659367244	3.16692582753e+15	-2.97016940972e+13	1.41485861918e-06	0.999998585142
946.962397547	3.16591240345e+15	-2.96921894817e+13	1.34218022114e-06	0.999998657821
947.26542785	3.16489962777e+15	-2.96826909473e+13	1.2763107584e-06	0.99999872369
947.568458153	3.16388749985e+15	-2.96731984881e+13	1.21553613896e-06	0.999998784465
947.871488456	3.16287601907e+15	-2.96637120983e+13	1.15988993564e-06	0.999998840111
