912.0	3.28728070175e+15	-3.01273766379e+13	0.00248865682103	0.997514437318
911.833164119	3.28788216746e+15	-3.01328889703e+13	0.0024826406997	0.997520438504
911.666328237	3.28848385329e+15	-3.01384033202e+13	0.00247709935283	0.997525966126
911.499492356	3.28908575939e+15	-3.01439196888e+13	0.00247194432041	0.997531108418
911.332656474	3.28968788587e+15	-3.0149438077e+13	0.00246710601501	0.99753593479
911.165820593	3.29029023285e+15	-3.01549584862e+13	0.0024625296098	0.997540499929
910.998984711	3.29089280045e+15	-3.01604809173e+13	0.00245817184527	0.997544846985
910.83214883	3.29149558879e+15	-3.01660053715e+13	0.0024539985082	0.997549010085
910.665312949	3.29209859799e+15	-3.01715318498e+13	0.00244998246698	0.997553016291
910.498477067	3.29270182819e+15	-3.01770603535e+13	0.00244610212186	0.997556887148
910.331641186	3.29330527949e+15	-3.01825908836e+13	0.00238370697635	0.997619131797
910.164805304	3.29390895201e+15	-3.01881234411e+13	0.00237533106435	0.997627487802
909.997969423	3.29451284589e+15	-3.01936580274e+13	0.00237358991995	0.997629224817
909.831133541	3.29511696124e+15	-3.01991946434e+13	0.00237184973448	0.997630960879
909.66429766	3.29572129819e+15	-3.02047332902e+13	0.00237011050645	0.997632695988
909.497461778	3.29632585685e+15	-3.02102739691e+13	0.00236837223523	0.997634430145
909.330625897	3.29693063735e+15	-3.0215816681e+13	0.00236663492042	0.997636163352
909.163790016	3.29753563981e+15	-3.02213614272e+13	0.00236489856166	0.997637895608
908.996954134	3.29814086435e+15	-3.02269082088e+13	0.00236316315868	0.997639626913
908.830118253	3.2987463111e+15	-3.02324570268e+13	0.00236142871084	0.997641357269
908.663282371	3.29935198017e+15	-3.02380078824e+13	0.00235969521803	0.997643086674
908.49644649	3.29995787169e+15	-3.02435607767e+13	0.00235796267967	0.997644815131
908.329610608	3.30056398579e+15	-3.02491157108e+13	0.0023562310956	0.997646542638
908.162774727	3.30117032258e+15	-3.02546726859e+13	0.00235450046536	0.997648269197
907.995938846	3.30177688219e+15	-3.02602317031e+13	0.00235277078853	0.997649994807
907.829102964	3.30238366474e+15	-3.02657927635e+13	0.00235104206492	0.99765171947
907.662267083	3.30299067035e+15	-3.02713558683e+13	0.00234931429405	0.997653443185
907.495431201	3.30359789914e+15	-3.02769210185e+13	0.00234758724754	0.99765516618
907.32859532	3.30420535125e+15	-3.02824882153e+13	0.00234586138154	0.997656888001
907.161759438	3.30481302679e+15	-3.02880574598e+13	0.00234413646736	0.997658608875
906.994923557	3.30542092589e+15	-3.02936287532e+13	0.00234241250461	0.997660328803
906.828087675	3.30602904866e+15	-3.02992020966e+13	0.00234068949303	0.997662047785
906.661251794	3.30663739524e+15	-3.0304777491e+13	0.00233896743222	0.997663765821
906.494415913	3.30724596575e+15	-3.03103549378e+13	0.0023372463218	0.997665482912
906.327580031	3.3078547603e+15	-3.03159344379e+13	0.00233552616147	0.997667199058
906.16074415	3.30846377903e+15	-3.03215159925e+13	0.00233380695084	0.997668914259
905.993908268	3.30907302206e+15	-3.03270996028e+13	0.00233208868955	0.997670628517
905.827072387	3.30968248951e+15	-3.03326852698e+13	0.00233037137722	0.99767234183
905.660236505	3.3102921815e+15	-3.03382729948e+13	0.00232865501355	0.9976740542
905.493400624	3.31090209816e+15	-3.03438627789e+13	0.00232693959816	0.997675765627
905.326564743	3.31151223962e+15	-3.03494546231e+13	0.00232522513068	0.997677476111
905.159728861	3.312122606e+15	-3.03550485287e+13	0.0023235116108	0.997679185653
904.99289298	3.31273319742e+15	-3.03606444968e+13	0.00232179903815	0.997680894252
904.826057098	3.313344014e+15	-3.03662425285e+13	0.00232008741238	0.99768260191
904.659221217	3.31395505588e+15	-3.03718426249e+13	0.00231837673313	0.997684308627
904.492385335	3.31456632317e+15	-3.03774447872e+13	0.00231666700007	0.997686014402
904.325549454	3.31517781601e+15	-3.03830490166e+13	0.00231495821285	0.997687719236
904.158713573	3.31578953451e+15	-3.03886553142e+13	0.0023132503711	0.997689423131
903.991877691	3.3164014788e+15	-3.03942636812e+13	0.00231154347449	0.997691126085
903.82504181	3.31701364901e+15	-3.03998741186e+13	0.00230983752268	0.997692828099
903.658205928	3.31762604526e+15	-3.04054866276e+13	0.00230813251529	0.997694529174
903.491370047	3.31823866768e+15	-3.04111012094e+13	0.00230642845199	0.99769622931
903.324534165	3.31885151638e+15	-3.04167178651e+13	0.00230472533244	0.997697928508
903.157698284	3.31946459151e+15	-3.04223365959e+13	0.00230302315628	0.997699626767
902.990862402	3.32007789317e+15	-3.0427957403e+13	0.00230132192315	0.997701324088
902.824026521	3.32069142151e+15	-3.04335802874e+13	0.00229962163272	0.997703020471
902.65719064	3.32130517664e+15	-3.04392052503e+13	0.00229792228464	0.997704715918
902.490354758	3.32191915869e+15	-3.04448322929e+13	0.00229622387856	0.997706410427
902.323518877	3.32253336778e+15	-3.04504614164e+13	0.00229452641413	0.997708103999
902.156682995	3.32314780404e+15	-3.04560926218e+13	0.00229282989099	0.997709796636
901.989847114	3.32376246761e+15	-3.04617259104e+13	0.00229113430881	0.997711488336
901.823011232	3.32437735859e+15	-3.04673612833e+13	0.00228943966724	0.997713179101
901.656175351	3.32499247713e+15	-3.04729987416e+13	0.00228774596593	0.99771486893
901.48933947	3.32560782334e+15	-3.04786382866e+13	0.00228605320452	0.997716557825
901.322503588	3.32622339736e+15	-3.04842799193e+13	0.00228436138267	0.997718245785
901.155667707	3.3268391993e+15	-3.0489923641e+13	0.00228267050005	0.997719932811
900.988831825	3.3274552293e+15	-3.04955694527e+13	0.00228098055628	0.997721618903
900.821995944	3.32807148749e+15	-3.05012173557e+13	0.00227929155104	0.997723304062
900.655160062	3.32868797398e+15	-3.05068673512e+13	0.00227760348397	0.997724988287
900.488324181	3.32930468891e+15	-3.05125194402e+13	0.00227591635472	0.997726671579
900.321488299	3.3299216324e+15	-3.05181736239e+13	0.00227423016295	0.997728353939
900.154652418	3.33053880458e+15	-3.05238299036e+13	0.0022725449083	0.997730035367
899.987816537	3.33115620558e+15	-3.05294882803e+13	0.00227086059044	0.997731715863
899.820980655	3.33177383552e+15	-3.05351487553e+13	0.00226917720901	0.997733395427
899.654144774	3.33239169454e+15	-3.05408113296e+13	0.00226749476367	0.997735074061
899.487308892	3.33300978275e+15	-3.05464760046e+13	0.00226581325407	0.997736751763
899.320473011	3.3336281003e+15	-3.05521427813e+13	0.00226413267987	0.997738428535
899.153637129	3.33424664729e+15	-3.05578116609e+13	0.00226245304071	0.997740104377
898.986801248	3.33486542387e+15	-3.05634826446e+13	0.00226077433625	0.997741779289
898.819965367	3.33548443016e+15	-3.05691557335e+13	0.00225909656614	0.997743453272
898.653129485	3.33610366629e+15	-3.05748309289e+13	0.00225741973003	0.997745126326
898.486293604	3.33672313239e+15	-3.05805082319e+13	0.00225574382759	0.997746798451
898.319457722	3.33734282858e+15	-3.05861876437e+13	0.00225406885846	0.997748469647
898.152621841	3.33796275499e+15	-3.05918691654e+13	0.00225239482229	0.997750139915
897.985785959	3.33858291175e+15	-3.05975527982e+13	0.00225072171875	0.997751809256
897.818950078	3.33920329899e+15	-3.06032385434e+13	0.00224904954747	0.997753477669
897.652114197	3.33982391685e+15	-3.0608926402e+13	0.00224737830813	0.997755145156
897.485278315	3.34044476543e+15	-3.06146163753e+13	0.00224570800036	0.997756811715
897.318442434	3.34106584488e+15	-3.06203084645e+13	0.00224403862383	0.997758477349
897.151606552	3.34168715533e+15	-3.06260026706e+13	0.00224237017818	0.997760142056
896.984770671	3.3423086969e+15	-3.0631698995e+13	0.00224070266308	0.997761805837
896.817934789	3.34293046972e+15	-3.06373974387e+13	0.00223903607817	0.997763468693
896.651098908	3.34355247392e+15	-3.0643098003e+13	0.00223737042311	0.997765130624
896.484263026	3.34417470964e+15	-3.06488006891e+13	0.00223570569756	0.997766791631
896.317427145	3.34479717699e+15	-3.06545054981e+13	0.00223404190116	0.997768451713
896.150591264	3.34541987611e+15	-3.06602124312e+13	0.00223237903358	0.997770110871
895.983755382	3.34604280713e+15	-3.06659214897e+13	0.00223071709446	0.997771769106
895.816919501	3.34666597017e+15	-3.06716326746e+13	0.00222905608346	0.997773426417
895.650083619	3.34728936538e+15	-3.06773459872e+13	0.00222739600024	0.997775082805
895.483247738	3.34791299287e+15	-3.06830614287e+13	0.00222573684444	0.997776738271
896.483247738	3.34417849699e+15	-3.06488353996e+13	0.00223569556963	0.997766801736
896.786278041	3.34304847589e+15	-3.06384789455e+13	0.00223871995225	0.997763784112
897.089308344	3.3419192182e+15	-3.0628129488e+13	0.00224174740231	0.997760763437
897.392338647	3.34079072318e+15	-3.06177870201e+13	0.00224477792187	0.997757739708
897.69536895	3.33966299003e+15	-3.06074515347e+13	0.00224781151302	0.997754712923
897.998399253	3.33853601799e+15	-3.05971230247e+13	0.00225084817782	0.997751683081
898.301429556	3.33740980628e+15	-3.05868014832e+13	0.00225388791835	0.99774865018
898.604459859	3.33628435415e+15	-3.05764869029e+13	0.00225693073669	0.997745614217
898.907490162	3.33515966082e+15	-3.0566179277e+13	0.00225997663492	0.99774257519
899.210520465	3.33403572553e+15	-3.05558785982e+13	0.00226302561511	0.997739533097
899.513550768	3.3329125475e+15	-3.05455848598e+13	0.00226607767934	0.997736487936
899.816581071	3.33179012597e+15	-3.05352980545e+13	0.00226913282969	0.997733439706
900.119611374	3.33066846019e+15	-3.05250181755e+13	0.00227219106823	0.997730388404
900.422641677	3.32954754938e+15	-3.05147452157e+13	0.00227525239706	0.997727334028
900.72567198	3.32842739278e+15	-3.05044791682e+13	0.00227831681825	0.997724276576
901.028702283	3.32730798964e+15	-3.04942200259e+13	0.00228138433388	0.997721216045
901.331732586	3.32618933919e+15	-3.04839677819e+13	0.00228445494604	0.997718152435
901.634762889	3.32507144067e+15	-3.04737224293e+13	0.0022875286568	0.997715085743
901.937793192	3.32395429333e+15	-3.0463483961e+13	0.00229060546826	0.997712015967
902.240823495	3.32283789641e+15	-3.04532523703e+13	0.0022936853825	0.997708943104
902.543853798	3.32172224915e+15	-3.04430276501e+13	0.0022967684016	0.997705867153
902.846884101	3.32060735081e+15	-3.04328097935e+13	0.00229985452764	0.997702788111
903.149914404	3.31949320061e+15	-3.04225987936e+13	0.00230294376273	0.997699705978
903.452944708	3.31837979782e+15	-3.04123946436e+13	0.00230603610893	0.99769662075
903.755975011	3.31726714168e+15	-3.04021973364e+13	0.00230913156835	0.997693532425
904.059005314	3.31615523144e+15	-3.03920068653e+13	0.00231223014306	0.997690441002
904.362035617	3.31504406635e+15	-3.03818232234e+13	0.00231533183518	0.997687346478
904.66506592	3.31393364566e+15	-3.03716464038e+13	0.00231843664676	0.997684248852
904.968096223	3.31282396862e+15	-3.03614763996e+13	0.00232154457993	0.997681148121
905.271126526	3.31171503448e+15	-3.03513132041e+13	0.00232465563675	0.997678044283
905.574156829	3.31060684251e+15	-3.03411568103e+13	0.00232776981935	0.997674937336
905.877187132	3.30949939196e+15	-3.03310072115e+13	0.00233088712979	0.997671827278
906.180217435	3.30839268207e+15	-3.03208644008e+13	0.00233400757023	0.997668714108
906.483247738	3.30728671212e+15	-3.03107283714e+13	0.00233713114274	0.997665597822
906.786278041	3.30618148135e+15	-3.03005991166e+13	0.00234025784952	0.997662478419
907.089308344	3.30507698903e+15	-3.02904766295e+13	0.00234338769265	0.997659355897
907.392338647	3.30397323441e+15	-3.02803609033e+13	0.00234652067432	0.997656230253
907.69536895	3.30287021676e+15	-3.02702519314e+13	0.00234965702495	0.997653101258
907.998399253	3.30176793535e+15	-3.02601497068e+13	0.00235279628996	0.997649969366
908.301429556	3.30066638942e+15	-3.0250054223e+13	0.00235593869957	0.997646834346
908.604459859	3.29956557826e+15	-3.0239965473e+13	0.00235908425578	0.997643696197
908.907490162	3.29846550111e+15	-3.02298834503e+13	0.0023622329606	0.997640554916
909.210520465	3.29736615725e+15	-3.0219808148e+13	0.00236538481656	0.997637410502
909.513550768	3.29626754595e+15	-3.02097395595e+13	0.00236853982552	0.997634262952
909.816581071	3.29516966647e+15	-3.0199677678e+13	0.00237169799001	0.997631112264
910.119611374	3.29407251809e+15	-3.01896224968e+13	0.00237485931323	0.997627958434
910.422641677	3.29297610006e+15	-3.01795740093e+13	0.00244235516267	0.99756062496
910.72567198	3.29188041167e+15	-3.01695322088e+13	0.00245141872542	0.997551583548
911.028702283	3.29078545219e+15	-3.01594970885e+13	0.00245893368894	0.997544087012
911.331732586	3.28969122088e+15	-3.01494686419e+13	0.00246707999488	0.997535960746
911.634762889	3.28859771703e+15	-3.01394468622e+13	0.00247609673541	0.997526966263
911.937793192	3.2875049399e+15	-3.01294317429e+13	0.0024863515824	0.99751673683
912.240823495	3.28641288877e+15	-3.01194232773e+13	0.00249841278555	0.99750470565
912.543853798	3.28532156293e+15	-3.01094214587e+13	0.00251316173195	0.997489993615
912.846884101	3.28423096164e+15	-3.00994262806e+13	0.00253197113215	0.997471231603
913.149914404	3.28314108418e+15	-3.00894377363e+13	0.00255699532244	0.997446271006
913.452944708	3.28205192985e+15	-3.00794558193e+13	0.0025916707694	0.99741168471
913.755975011	3.2809634979e+15	-3.00694805229e+13	0.00264167311146	0.997361813037
914.059005314	3.27987578764e+15	-3.00595118405e+13	0.00271706962416	0.997286618269
914.362035617	3.27878879833e+15	-3.00495497656e+13	0.00283799577676	0.997166027526
914.66506592	3.27770252927e+15	-3.00395942916e+13	0.00305018275771	0.996954464324
914.968096223	3.27661697974e+15	-3.0029645412e+13	0.00346092730928	0.996545054796
915.271126526	3.27553214901e+15	-3.00197031202e+13	0.00429188209411	0.99571731487
915.574156829	3.27444803639e+15	-3.00097674096e+13	0.0058754587647	0.994141767988
915.877187132	3.27336464116e+15	-2.99998382738e+13	0.00843095973443	0.991604481136
916.180217435	3.2722819626e+15	-2.99899157061e+13	0.0115808498201	0.988485950106
916.483247738	3.2712e+15	-2.99799997002e+13	0.014067130127	0.986031349631
916.786278041	3.27011875266e+15	-2.99700902494e+13	0.0143691601981	0.985733583482
917.089308344	3.26903821986e+15	-2.99601873474e+13	0.0119998106909	0.988071899913
917.392338647	3.2679584009e+15	-2.99502909875e+13	0.00806642209481	0.991966024187
917.69536895	3.26687929507e+15	-2.99404011633e+13	0.0043261059694	0.995683238148
917.998399253	3.26580090166e+15	-2.99305178684e+13	0.00184122818034	0.99816046584
918.301429556	3.26472321997e+15	-2.99206410962e+13	0.000619792992995	0.999380399039
918.604459859	3.26364624929e+15	-2.99107708404e+13	0.000164636968508	0.999835376583
918.907490162	3.26256998892e+15	-2.99009070944e+13	3.4457601582e-05	0.999965542992
919.210520465	3.26149443817e+15	-2.98910498519e+13	5.67566548969e-06	0.999994324351
919.513550768	3.26041959631e+15	-2.98811991064e+13	7.35117366609e-07	0.999999264883
919.816581071	3.25934546267e+15	-2.98713548514e+13	7.4855627007e-08	0.999999925144
920.119611374	3.25827203653e+15	-2.98615170807e+13	6.01844569145e-09	0.999999993982
920.422641677	3.25719931719e+15	-2.98516857877e+13	4.3313438485e-10	0.999999999567
920.72567198	3.25612730397e+15	-2.98418609661e+13	4.87649579516e-11	0.999999999951
921.028702283	3.25505599616e+15	-2.98320426095e+13	2.61571643865e-11	0.999999999974
921.331732586	3.25398539306e+15	-2.98222307114e+13	2.25511386411e-11	0.999999999977
921.634762889	3.25291549399e+15	-2.98124252657e+13	2.01860416642e-11	0.99999999998
921.937793192	3.25184629824e+15	-2.98026262658e+13	1.8237192828e-11	0.999999999982
922.240823495	3.25077780513e+15	-2.97928337054e+13	1.65948920187e-11	0.999999999983
922.543853798	3.24971001395e+15	-2.97830475781e+13	1.520837e-11	0.999999999985
922.846884101	3.24864292403e+15	-2.97732678778e+13	1.40031234164e-11	0.999999999986
923.149914404	3.24757653467e+15	-2.97634945979e+13	1.29568465674e-11	0.999999999987
923.452944708	3.24651084517e+15	-2.97537277322e+13	1.20404478366e-11	0.999999999988
923.755975011	3.24544585486e+15	-2.97439672744e+13	1.12322586668e-11	0.999999999989
924.059005314	3.24438156304e+15	-2.97342132182e+13	1.05135738553e-11	0.999999999989
924.362035617	3.24331796903e+15	-2.97244655572e+13	9.88430781148e-12	0.99999999999
924.66506592	3.24225507213e+15	-2.97147242852e+13	9.31226593411e-12	0.999999999991
924.968096223	3.24119287167e+15	-2.97049893959e+13	8.79681122594e-12	0.999999999991
925.271126526	3.24013136696e+15	-2.96952608831e+13	8.33009667206e-12	0.999999999992
925.574156829	3.23907055732e+15	-2.96855387404e+13	7.90746663538e-12	0.999999999992
925.877187132	3.23801044206e+15	-2.96758229617e+13	7.51998306739e-12	0.999999999992
926.180217435	3.23695102051e+15	-2.96661135406e+13	7.16109500366e-12	0.999999999993
926.483247738	3.23589229198e+15	-2.9656410471e+13	6.84106676098e-12	0.999999999993
