912.0	3.28728070175e+15	-3.37197367374e+13	0.0576250799879	0.944003807017
912.937008571	3.28390674478e+15	-3.36851279064e+13	0.0578622662497	0.943779928834
913.874017141	3.28053970653e+15	-3.36505900454e+13	0.058100183997	0.943555413549
914.811025712	3.27717956577e+15	-3.36161229361e+13	0.0583388349944	0.943330259976
915.748034283	3.2738263013e+15	-3.35817263615e+13	0.0585782215737	0.943104466399
916.685042853	3.27047989206e+15	-3.35474001052e+13	0.0588183422282	0.942878034724
917.622051424	3.26714031703e+15	-3.35131439519e+13	0.0590591989807	0.942650963529
918.559059995	3.2638075553e+15	-3.3478957687e+13	0.0593007962297	0.942423249158
919.496068565	3.26048158605e+15	-3.34448410967e+13	0.0595431341943	0.942194891897
920.433077136	3.25716238852e+15	-3.34107939685e+13	0.0597862141664	0.941965891023
921.370085707	3.25384994207e+15	-3.33768160903e+13	0.0600300376377	0.941736245627
922.307094277	3.25054422611e+15	-3.3342907251e+13	0.0602746061321	0.941505954774
923.244102848	3.24724522014e+15	-3.33090672405e+13	0.0605199211699	0.941275017532
924.181111419	3.24395290377e+15	-3.32752958494e+13	0.0607659842857	0.941043432962
925.118119989	3.24066725667e+15	-3.32415928692e+13	0.0610127971377	0.940811200009
926.05512856	3.23738825858e+15	-3.32079580922e+13	0.0612603619195	0.940578317117
926.992137131	3.23411588935e+15	-3.31743913117e+13	0.0615086784116	0.940344785005
927.929145701	3.2308501289e+15	-3.31408923216e+13	0.061757747452	0.940110603397
928.866154272	3.22759095722e+15	-3.31074609167e+13	0.0620075733699	0.939875768737
929.803162843	3.2243383544e+15	-3.30740968929e+13	0.062258156768	0.939640280979
930.740171413	3.2210923006e+15	-3.30408000465e+13	0.0625094990901	0.939404139287
931.677179984	3.21785277606e+15	-3.30075701748e+13	0.0627616019901	0.939167342629
932.614188555	3.21461976109e+15	-3.29744070761e+13	0.0630144655967	0.93892989141
933.551197125	3.2113932361e+15	-3.29413105492e+13	0.0632680927284	0.938691783511
934.488205696	3.20817318156e+15	-3.29082803938e+13	0.0635224850097	0.938453017938
935.425214267	3.20495957804e+15	-3.28753164106e+13	0.0637776436937	0.938213594048
936.362222837	3.20175240615e+15	-3.28424184009e+13	0.0640335703027	0.937973510948
937.299231408	3.19855164662e+15	-3.28095861668e+13	0.0642902663758	0.937732767731
938.236239979	3.19535728024e+15	-3.27768195112e+13	0.0645477334539	0.937491363493
939.173248549	3.19216928786e+15	-3.27441182379e+13	0.0648059730792	0.937249297332
940.11025712	3.18898765043e+15	-3.27114821513e+13	0.0650649867956	0.937006568344
941.047265691	3.18581234897e+15	-3.26789110568e+13	0.0653247761484	0.936763175631
941.984274261	3.18264336456e+15	-3.26464047604e+13	0.0655853426845	0.936519118293
942.921282832	3.17948067838e+15	-3.2613963069e+13	0.0658466879525	0.936274395433
943.858291403	3.17632427167e+15	-3.258158579e+13	0.0661088135024	0.936029006155
944.795299973	3.17317412574e+15	-3.25492727319e+13	0.0663717208857	0.935782949565
945.732308544	3.17003022199e+15	-3.25170237038e+13	0.0666354116554	0.93553622477
946.669317115	3.16689254188e+15	-3.24848385156e+13	0.0668998873662	0.935288830878
947.606325685	3.16376106695e+15	-3.24527169778e+13	0.0671651495744	0.935040767
948.543334256	3.16063577881e+15	-3.24206589019e+13	0.0674311998375	0.934792032247
949.480342827	3.15751665914e+15	-3.23886640999e+13	0.0676980397149	0.934542625733
950.417351397	3.1544036897e+15	-3.23567323847e+13	0.0679656707673	0.934292546573
951.354359968	3.15129685231e+15	-3.232486357e+13	0.0682340945571	0.934041793882
952.291368539	3.14819612888e+15	-3.229305747e+13	0.0685033126482	0.933790366779
953.228377109	3.14510150137e+15	-3.22613138998e+13	0.0687733266059	0.933538264384
954.16538568	3.14201295184e+15	-3.22296326752e+13	0.0690441379973	0.933285485817
955.102394251	3.13893046237e+15	-3.21980136127e+13	0.0693157483908	0.933032030201
956.039402821	3.13585401517e+15	-3.21664565294e+13	0.0695881593565	0.93277789666
956.976411392	3.13278359248e+15	-3.21349612435e+13	0.069861372466	0.932523084322
957.913419963	3.12971917662e+15	-3.21035275734e+13	0.0701353892923	0.932267592312
958.850428533	3.12666074998e+15	-3.20721553386e+13	0.0704102114101	0.93201141976
959.787437104	3.12360829503e+15	-3.20408443592e+13	0.0706858403958	0.931754565798
960.724445675	3.12056179428e+15	-3.20095944559e+13	0.0709622778269	0.931497029557
961.661454245	3.11752123033e+15	-3.19784054501e+13	0.0712395252828	0.931238810172
962.598462816	3.11448658585e+15	-3.19472771641e+13	0.0715175843443	0.93097990678
963.535471387	3.11145784357e+15	-3.19162094207e+13	0.0717964565937	0.930720318517
964.472479957	3.10843498628e+15	-3.18852020434e+13	0.0720761436151	0.930460044522
965.409488528	3.10541799684e+15	-3.18542548565e+13	0.0723566469938	0.930199083938
966.346497099	3.1024068582e+15	-3.18233676849e+13	0.0726379683169	0.929937435906
967.283505669	3.09940155335e+15	-3.17925403542e+13	0.0729201091728	0.929675099572
968.22051424	3.09640206534e+15	-3.17617726906e+13	0.0732030711517	0.929412074081
969.157522811	3.09340837731e+15	-3.1731064521e+13	0.0734868558451	0.929148358581
970.094531381	3.09042047246e+15	-3.17004156732e+13	0.0737714648462	0.928883952223
971.031539952	3.08743833403e+15	-3.16698259753e+13	0.0740568997498	0.928618854158
971.968548523	3.08446194535e+15	-3.16392952563e+13	0.0743431621519	0.928353063538
972.905557093	3.08149128982e+15	-3.16088233457e+13	0.0746302536506	0.928086579521
973.842565664	3.07852635087e+15	-3.15784100739e+13	0.0749181758449	0.927819401261
974.779574235	3.07556711203e+15	-3.15480552717e+13	0.0752069303359	0.927551527919
975.716582806	3.07261355688e+15	-3.15177587707e+13	0.0754965187259	0.927282958654
976.653591376	3.06966566905e+15	-3.1487520403e+13	0.0757869426189	0.92701369263
977.590599947	3.06672343225e+15	-3.14573400015e+13	0.0760782036203	0.926743729011
978.527608518	3.06378683024e+15	-3.14272173998e+13	0.0763703033372	0.926473066962
979.464617088	3.06085584685e+15	-3.13971524318e+13	0.0766632433781	0.926201705652
980.401625659	3.05793046598e+15	-3.13671449324e+13	0.0769570253532	0.925929644251
981.33863423	3.05501067157e+15	-3.13371947369e+13	0.0772516508741	0.925656881931
982.2756428	3.05209644765e+15	-3.13073016814e+13	0.0775471215539	0.925383417865
983.212651371	3.04918777827e+15	-3.12774656025e+13	0.0778434390075	0.925109251229
984.149659942	3.04628464758e+15	-3.12476863374e+13	0.0781406048511	0.924834381201
985.086668512	3.04338703977e+15	-3.1217963724e+13	0.0784386207025	0.92455880696
986.023677083	3.0404949391e+15	-3.11882976008e+13	0.078737488181	0.924282527688
986.960685654	3.03760832987e+15	-3.1158687807e+13	0.0790372089076	0.924005542569
987.897694224	3.03472719648e+15	-3.11291341822e+13	0.0793377845047	0.923727850787
988.834702795	3.03185152334e+15	-3.10996365667e+13	0.0796392165962	0.92344945153
989.771711366	3.02898129495e+15	-3.10701948015e+13	0.0799415068077	0.923170343988
990.708719936	3.02611649587e+15	-3.10408087282e+13	0.0802446567663	0.922890527352
991.645728507	3.0232571107e+15	-3.10114781888e+13	0.0805486681006	0.922610000815
992.582737078	3.0204031241e+15	-3.09822030261e+13	0.0808535424406	0.922328763573
993.519745648	3.01755452082e+15	-3.09529830834e+13	0.0811592814181	0.922046814823
994.456754219	3.01471128562e+15	-3.09238182046e+13	0.0814658866663	0.921764153766
995.39376279	3.01187340334e+15	-3.08947082342e+13	0.0817733598199	0.921480779602
996.33077136	3.0090408589e+15	-3.08656530173e+13	0.0820817025154	0.921196691535
997.267779931	3.00621363723e+15	-3.08366523995e+13	0.0823909163904	0.920911888771
998.204788502	3.00339172336e+15	-3.08077062271e+13	0.0827010030845	0.920626370518
999.141797072	3.00057510234e+15	-3.0778814347e+13	0.0830119642384	0.920340135985
1000.07880564	2.9977637593e+15	-3.07499766064e+13	0.0833238014948	0.920053184386
1001.01581421	2.99495767942e+15	-3.07211928535e+13	0.0836365164976	0.919765514933
1001.95282278	2.99215684793e+15	-3.06924629366e+13	0.0839501108924	0.919477126844
1002.88983135	2.98936125013e+15	-3.0663786705e+13	0.0842645863262	0.919188019337
1003.82683993	2.98657087135e+15	-3.06351640082e+13	0.0845799444478	0.918898191632
1004.7638485	2.98378569699e+15	-3.06065946966e+13	0.0848961869072	0.918607642952
1005.7638485	2.98081901083e+15	-3.05761635024e+13	0.0852346664878	0.918296765638
1006.0668788	2.97992117937e+15	-3.05669538719e+13	0.0853374355911	0.918202397952
1006.3699091	2.97902388862e+15	-3.05577497877e+13	0.0854402975993	0.918107954667
1006.67293941	2.97812713807e+15	-3.05485512447e+13	0.0855432525686	0.918013435756
1006.97596971	2.97723092724e+15	-3.0539358238e+13	0.0856463005549	0.917918841194
1007.27900001	2.97633525564e+15	-3.05301707626e+13	0.0857494416141	0.917824170955
1007.58203031	2.97544012279e+15	-3.05209888134e+13	0.0858526758025	0.917729425012
1007.88506062	2.9745455282e+15	-3.05118123855e+13	0.0859560031759	0.91763460334
1008.18809092	2.97365147139e+15	-3.0502641474e+13	0.0860594237904	0.917539705913
1008.49112122	2.97275795186e+15	-3.04934760737e+13	0.0861629377021	0.917444732704
1008.79415153	2.97186496914e+15	-3.04843161798e+13	0.0862665449672	0.917349683689
1009.09718183	2.97097252275e+15	-3.04751617873e+13	0.0863702456777	0.917254558807
1009.40021213	2.97008061219e+15	-3.04660128913e+13	0.0864740398669	0.917159358055
1009.70324244	2.969189237e+15	-3.04568694867e+13	0.0865779276024	0.917064081395
1010.00627274	2.96829839667e+15	-3.04477315688e+13	0.0866819089431	0.9169687288
1010.30930304	2.96740809074e+15	-3.04385991324e+13	0.086785983949	0.91687330024
1010.61233334	2.96651831873e+15	-3.04294721727e+13	0.0868901525363	0.916777795818
1010.91536365	2.96562908015e+15	-3.04203506848e+13	0.0869944150261	0.916682215265
1011.21839395	2.96474037452e+15	-3.04112346638e+13	0.0870987711792	0.916586558827
1011.52142425	2.96385220136e+15	-3.04021241046e+13	0.0872032213935	0.916490826164
1011.82445456	2.9629645602e+15	-3.03930190025e+13	0.0873077653499	0.916395017595
1012.12748486	2.96207745056e+15	-3.03839193525e+13	0.0874124035403	0.916299132696
1012.43051516	2.96119087197e+15	-3.03748251498e+13	0.0875171355507	0.91620317187
1012.73354547	2.96030482393e+15	-3.03657363894e+13	0.0876219619918	0.916107134586
1013.03657577	2.95941930599e+15	-3.03566530664e+13	0.0877268823373	0.916011021351
1013.33960607	2.95853431765e+15	-3.0347575176e+13	0.0878318969696	0.915914831842
1013.64263638	2.95764985846e+15	-3.03385027133e+13	0.0879370064128	0.915818565603
1013.94566668	2.95676592792e+15	-3.03294356735e+13	0.0880422100399	0.915722223236
1014.24869698	2.95588252558e+15	-3.03203740516e+13	0.0881475090449	0.915625803674
1014.55172728	2.95499965095e+15	-3.03113178429e+13	0.0882529028885	0.915529307436
1014.85475759	2.95411730357e+15	-3.03022670424e+13	0.0883583934326	0.915432732845
1015.15778789	2.95323548296e+15	-3.02932216454e+13	0.0884639801573	0.915336080404
1015.46081819	2.95235418865e+15	-3.02841816469e+13	0.0885696650438	0.915239348326
1015.7638485	2.95147342016e+15	-3.02751470422e+13	0.088675446085	0.915142538475
1016.0668788	2.95059317704e+15	-3.02661178265e+13	0.0887813240464	0.915045650178
1016.3699091	2.9497134588e+15	-3.02570939948e+13	0.0888872950741	0.914948686988
1016.67293941	2.94883426498e+15	-3.02480755425e+13	0.0889933606199	0.914851647602
1016.97596971	2.94795559512e+15	-3.02390624646e+13	0.0890995194252	0.914754533199
1017.27900001	2.94707744873e+15	-3.02300547565e+13	0.0892057698254	0.914657345327
1017.58203031	2.94619982536e+15	-3.02210524132e+13	0.0893121170152	0.914560079261
1017.88506062	2.94532272453e+15	-3.021205543e+13	0.0894185627439	0.914462733428
1018.18809092	2.94444614579e+15	-3.02030638022e+13	0.0895251057033	0.914365309052
1018.49112122	2.94357008866e+15	-3.01940775248e+13	0.0896317565402	0.914267796427
1018.79415153	2.94269455268e+15	-3.01850965933e+13	0.0897388931623	0.91416985011
1019.09718183	2.94181953738e+15	-3.01761210027e+13	0.0923997236497	0.911740632404
1019.40021213	2.94094504231e+15	-3.01671507483e+13	0.0926414910181	0.911520229915
1019.70324244	2.94007106699e+15	-3.01581858255e+13	0.0928984942538	0.911285996367
1020.00627274	2.93919761096e+15	-3.01492262293e+13	0.0931752753066	0.911033804572
1020.30930304	2.93832467377e+15	-3.01402719551e+13	0.0934784663252	0.910757629174
1020.61233334	2.93745225494e+15	-3.01313229982e+13	0.0938177993747	0.91044863144
1020.91536365	2.93658035401e+15	-3.01223793537e+13	0.0942076383542	0.910093772248
1021.21839395	2.93570897054e+15	-3.0113441017e+13	0.0946692352994	0.909673772685
1021.52142425	2.93483810405e+15	-3.01045079834e+13	0.0952341084278	0.909160067518
1021.82445456	2.93396775408e+15	-3.00955802481e+13	0.0959492387353	0.908510132022
1022.12748486	2.93309792018e+15	-3.00866578064e+13	0.096885261488	0.907660143733
1022.43051516	2.93222860188e+15	-3.00777406536e+13	0.0981502427942	0.906512696522
1022.73354547	2.93135979874e+15	-3.0068828785e+13	0.0999153101126	0.90491405186
1023.03657577	2.93049151028e+15	-3.00599221959e+13	0.102469285959	0.902605872001
1023.33960607	2.92962373606e+15	-3.00510208817e+13	0.106350755692	0.899109225082
1023.64263638	2.92875647562e+15	-3.00421248376e+13	0.112675319862	0.893440695477
1023.94566668	2.92788972849e+15	-3.00332340589e+13	0.123854569523	0.883508320577
1024.24869698	2.92702349423e+15	-3.0024348541e+13	0.144753810869	0.865235278414
1024.55172728	2.92615777238e+15	-3.00154682793e+13	0.183430365642	0.832409838044
1024.85475759	2.92529256249e+15	-3.00065932689e+13	0.248889625755	0.779666023685
1025.15778789	2.92442786409e+15	-2.99977235054e+13	0.343074604046	0.709585271653
1025.46081819	2.92356367675e+15	-2.99888589841e+13	0.449622143863	0.637869128856
1025.7638485	2.9227e+15	-2.99799997002e+13	0.531106538396	0.587954015898
1026.0668788	2.92183683339e+15	-2.99711456492e+13	0.546215628998	0.579137339112
1026.3699091	2.92097417648e+15	-2.99622968264e+13	0.47915276278	0.619307870274
1026.67293941	2.9201120288e+15	-2.99534532272e+13	0.354225325967	0.701716834516
1026.97596971	2.91925038991e+15	-2.9944614847e+13	0.21909743462	0.80324345062
1027.27900001	2.91838925936e+15	-2.99357816811e+13	0.112870722838	0.893266131563
1027.58203031	2.9175286367e+15	-2.9926953725e+13	0.0482871652972	0.952860119426
1027.88506062	2.91666852148e+15	-2.9918130974e+13	0.0171211599844	0.983024574177
1028.18809092	2.91580891325e+15	-2.99093134235e+13	0.00502483706858	0.994987766306
1028.49112122	2.91494981156e+15	-2.9900501069e+13	0.00122004064169	0.998780703305
1028.79415153	2.91409121597e+15	-2.98916939058e+13	0.000245508877384	0.999754521257
1029.09718183	2.91323312602e+15	-2.98828919293e+13	4.15149548043e-05	0.999958485907
1029.40021213	2.91237554128e+15	-2.98740951351e+13	6.45036584226e-06	0.999993549655
1029.70324244	2.91151846129e+15	-2.98653035184e+13	1.41175139803e-06	0.99999858825
1030.00627274	2.91066188561e+15	-2.98565170747e+13	7.39185479206e-07	0.999999260815
1030.30930304	2.9098058138e+15	-2.98477357996e+13	5.96410169957e-07	0.99999940359
1030.61233334	2.9089502454e+15	-2.98389596883e+13	5.22784372594e-07	0.999999477216
1030.91536365	2.90809517999e+15	-2.98301887364e+13	4.66115987793e-07	0.999999533884
1031.21839395	2.90724061711e+15	-2.98214229393e+13	4.19513331297e-07	0.999999580487
1031.52142425	2.90638655631e+15	-2.98126622924e+13	3.80475126236e-07	0.999999619525
1031.82445456	2.90553299717e+15	-2.98039067913e+13	3.4735582709e-07	0.999999652644
1032.12748486	2.90467993923e+15	-2.97951564313e+13	3.18962058729e-07	0.999999681038
1032.43051516	2.90382738206e+15	-2.97864112081e+13	2.94392788261e-07	0.999999705607
1032.73354547	2.90297532521e+15	-2.97776711169e+13	2.73238815923e-07	0.999999726761
1033.03657577	2.90212376824e+15	-2.97689361534e+13	2.5441677585e-07	0.999999745583
1033.33960607	2.90127271072e+15	-2.9760206313e+13	2.37767807149e-07	0.999999762232
1033.64263638	2.9004221522e+15	-2.97514815912e+13	2.22953168371e-07	0.999999777047
1033.94566668	2.89957209225e+15	-2.97427619836e+13	2.09702695631e-07	0.999999790297
1034.24869698	2.89872253042e+15	-2.97340474855e+13	1.97728414483e-07	0.999999802272
1034.55172728	2.89787346629e+15	-2.97253380926e+13	1.87152510089e-07	0.999999812848
1034.85475759	2.89702489941e+15	-2.97166338003e+13	1.77402894413e-07	0.999999822597
1035.15778789	2.89617682934e+15	-2.97079346041e+13	1.68528500412e-07	0.999999831472
1035.46081819	2.89532925566e+15	-2.96992404997e+13	1.60414440109e-07	0.999999839586
1035.7638485	2.89448217791e+15	-2.96905514824e+13	1.5299921394e-07	0.999999847001
