912.0	3.28728070175e+15	-3.00181762524e+13	0.00200414068819	0.997997866261
911.799609509	3.2880031629e+15	-3.00247734883e+13	0.00169793360838	0.998303507065
911.599219018	3.28872594168e+15	-3.00313736247e+13	0.00150480215157	0.998496329495
911.398828528	3.28944903829e+15	-3.00379766634e+13	0.00138413520705	0.998616822266
911.198438037	3.29017245295e+15	-3.00445826064e+13	0.00130715606979	0.998693697887
910.998047546	3.29089618586e+15	-3.00511914556e+13	0.0012560357848	0.998744752698
910.797657055	3.29162023725e+15	-3.00578032129e+13	0.0012205217837	0.99878022275
910.597266565	3.2923446073e+15	-3.00644178803e+13	0.00119486416851	0.998805849397
910.396876074	3.29306929625e+15	-3.00710354596e+13	0.001175763288	0.998824927651
910.196485583	3.29379430429e+15	-3.00776559527e+13	0.00116121918235	0.998839454772
909.996095092	3.29451963164e+15	-3.00842793617e+13	0.00114994129855	0.998850719631
909.795704602	3.29524527851e+15	-3.00909056884e+13	0.00114105166685	0.998859599085
909.595314111	3.29597124511e+15	-3.00975349347e+13	0.0011339307108	0.998866711946
909.39492362	3.29669753166e+15	-3.01041671027e+13	0.00112813086805	0.998872505232
909.194533129	3.29742413835e+15	-3.01108021941e+13	0.00112332415913	0.998877306533
908.994142639	3.29815106542e+15	-3.0117440211e+13	0.00111926822962	0.998881357917
908.793752148	3.29887831305e+15	-3.01240811553e+13	0.0011157830398	0.998884839215
908.593361657	3.29960588148e+15	-3.0130725029e+13	0.00111273444483	0.998887884415
908.392971166	3.30033377091e+15	-3.01373718338e+13	0.00111002228028	0.998890593567
908.192580676	3.30106198156e+15	-3.01440215719e+13	0.00110757165838	0.998893041473
907.992190185	3.30179051363e+15	-3.01506742452e+13	0.00110532650432	0.998895284144
907.791799694	3.30251936734e+15	-3.01573298555e+13	0.00110324684124	0.998897361512
907.591409203	3.3032485429e+15	-3.01639884048e+13	0.00110129685611	0.998899309349
907.391018713	3.30397804053e+15	-3.01706498952e+13	0.00109945477259	0.998901149406
907.190628222	3.30470786044e+15	-3.01773143284e+13	0.00109770249883	0.998902899756
906.990237731	3.30543800284e+15	-3.01839817066e+13	0.00106915087178	0.998931420466
906.78984724	3.30616846795e+15	-3.01906520315e+13	0.00106632723087	0.998934241094
906.58945675	3.30689925598e+15	-3.01973253053e+13	0.0010657270709	0.998934840615
906.389066259	3.30763036714e+15	-3.02040015298e+13	0.00106512713546	0.998935439911
906.188675768	3.30836180165e+15	-3.0210680707e+13	0.00106452742035	0.998936038988
905.988285277	3.30909355973e+15	-3.02173628389e+13	0.00106392792414	0.998936637847
905.787894787	3.30982564158e+15	-3.02240479274e+13	0.00106332864627	0.998937236487
905.587504296	3.31055804743e+15	-3.02307359745e+13	0.00106272958629	0.998937834911
905.387113805	3.31129077749e+15	-3.02374269821e+13	0.00106213074492	0.998938433116
905.186723314	3.31202383197e+15	-3.02441209522e+13	0.00106153212018	0.998939031106
904.986332824	3.31275721109e+15	-3.02508178868e+13	0.00106093371349	0.998939628878
904.785942333	3.31349091507e+15	-3.02575177879e+13	0.00106033552333	0.998940226434
904.585551842	3.31422494411e+15	-3.02642206574e+13	0.00105973755097	0.998940823773
904.385161351	3.31495929845e+15	-3.02709264973e+13	0.00105913979549	0.998941420895
904.184770861	3.31569397829e+15	-3.02776353095e+13	0.00105854225808	0.9989420178
903.98438037	3.31642898384e+15	-3.02843470961e+13	0.00105794493851	0.998942614488
903.783989879	3.31716431534e+15	-3.02910618591e+13	0.00105734783657	0.998943210959
903.583599388	3.31789997299e+15	-3.02977796003e+13	0.00105675095304	0.998943807212
903.383208897	3.318635957e+15	-3.03045003219e+13	0.00105615428747	0.998944403247
903.182818407	3.31937226761e+15	-3.03112240257e+13	0.00105555783945	0.998944999066
902.982427916	3.32010890502e+15	-3.03179507137e+13	0.00105496160935	0.998945594667
902.782037425	3.32084586945e+15	-3.0324680388e+13	0.00105436559673	0.998946190051
902.581646934	3.32158316113e+15	-3.03314130506e+13	0.00105376980126	0.998946785219
902.381256444	3.32232078026e+15	-3.03381487033e+13	0.00105317422327	0.99894738017
902.180865953	3.32305872707e+15	-3.03448873483e+13	0.00105257886246	0.998947974904
901.980475462	3.32379700177e+15	-3.03516289875e+13	0.0010519837186	0.998948569422
901.780084971	3.32453560459e+15	-3.03583736229e+13	0.00105138879198	0.998949163724
901.579694481	3.32527453574e+15	-3.03651212565e+13	0.00105079408237	0.998949757808
901.37930399	3.32601379545e+15	-3.03718718903e+13	0.00105019958961	0.998950351677
901.178913499	3.32675338392e+15	-3.03786255264e+13	0.00104960531391	0.998950945329
900.978523008	3.32749330138e+15	-3.03853821666e+13	0.00104901125509	0.998951538765
900.778132518	3.32823354806e+15	-3.03921418131e+13	0.00104841741301	0.998952131985
900.577742027	3.32897412416e+15	-3.03989044677e+13	0.00104782378784	0.998952724988
900.377351536	3.32971502991e+15	-3.04056701326e+13	0.00104723037943	0.998953317775
900.176961045	3.33045626553e+15	-3.04124388098e+13	0.00104663718765	0.998953910346
899.976570555	3.33119783124e+15	-3.04192105012e+13	0.00104604421264	0.998954502701
899.776180064	3.33193972726e+15	-3.04259852088e+13	0.00104545145419	0.99895509484
899.575789573	3.33268195382e+15	-3.04327629348e+13	0.00104485891241	0.998955686763
899.375399082	3.33342451112e+15	-3.0439543681e+13	0.00104426658718	0.998956278469
899.175008592	3.3341673994e+15	-3.04463274496e+13	0.00104367447842	0.99895686996
898.974618101	3.33491061887e+15	-3.04531142425e+13	0.00104308258618	0.998957461235
898.77422761	3.33565416976e+15	-3.04599040617e+13	0.00104249091034	0.998958052295
898.573837119	3.33639805229e+15	-3.04666969094e+13	0.0010418994509	0.998958643138
898.373446629	3.33714226667e+15	-3.04734927875e+13	0.00104130820784	0.998959233765
898.173056138	3.33788681314e+15	-3.0480291698e+13	0.00104071718107	0.998959824177
897.972665647	3.33863169191e+15	-3.0487093643e+13	0.00104012637059	0.998960414373
897.772275156	3.33937690321e+15	-3.04938986245e+13	0.00103953577635	0.998961004354
897.571884666	3.34012244726e+15	-3.05007066445e+13	0.0010389453983	0.998961594119
897.371494175	3.34086832428e+15	-3.05075177051e+13	0.0010383552364	0.998962183668
897.171103684	3.3416145345e+15	-3.05143318083e+13	0.00103776529061	0.998962773002
896.970713193	3.34236107813e+15	-3.05211489562e+13	0.00103717556089	0.99896336212
896.770322703	3.34310795541e+15	-3.05279691508e+13	0.0010365860472	0.998963951023
896.569932212	3.34385516655e+15	-3.05347923941e+13	0.0010359967495	0.99896453971
896.369541721	3.34460271178e+15	-3.05416186881e+13	0.00103540766775	0.998965128182
896.16915123	3.34535059133e+15	-3.0548448035e+13	0.00103481880191	0.998965716438
895.968760739	3.34609880542e+15	-3.05552804368e+13	0.00103423015194	0.99896630448
895.768370249	3.34684735426e+15	-3.05621158955e+13	0.0010336417178	0.998966892306
895.567979758	3.3475962381e+15	-3.05689544132e+13	0.00103305349944	0.998967479917
895.367589267	3.34834545715e+15	-3.05757959919e+13	0.00103246549683	0.998968067312
895.167198776	3.34909501163e+15	-3.05826406337e+13	0.00103187770993	0.998968654493
894.966808286	3.34984490178e+15	-3.05894883406e+13	0.0010312901387	0.998969241458
894.766417795	3.35059512782e+15	-3.05963391148e+13	0.00103070278309	0.998969828209
894.566027304	3.35134568997e+15	-3.06031929582e+13	0.00103011564307	0.998970414744
894.365636813	3.35209658846e+15	-3.06100498729e+13	0.0010295287186	0.998971001064
894.165246323	3.35284782352e+15	-3.06169098611e+13	0.00102894200963	0.99897158717
893.964855832	3.35359939537e+15	-3.06237729247e+13	0.00102835551613	0.99897217306
893.764465341	3.35435130424e+15	-3.06306390658e+13	0.00102776923806	0.998972758736
893.56407485	3.35510355035e+15	-3.06375082865e+13	0.00102718317537	0.998973344197
893.36368436	3.35585613394e+15	-3.06443805889e+13	0.00102659732803	0.998973929443
893.163293869	3.35660905523e+15	-3.0651255975e+13	0.00102601169599	0.998974514474
892.962903378	3.35736231445e+15	-3.0658134447e+13	0.00102542627921	0.998975099291
892.762512887	3.35811591182e+15	-3.06650160068e+13	0.00102484107767	0.998975683893
892.562122397	3.35886984757e+15	-3.06719006566e+13	0.0010242560913	0.99897626828
892.361731906	3.35962412193e+15	-3.06787883985e+13	0.00102367132008	0.998976852453
892.161341415	3.36037873513e+15	-3.06856792346e+13	0.00102308676396	0.998977436411
893.161341415	3.35661639279e+15	-3.06513229788e+13	0.00102600599109	0.998974520173
893.464371718	3.35547795178e+15	-3.06409271756e+13	0.00102689166349	0.998973635409
893.767402021	3.35434028274e+15	-3.06305384217e+13	0.00102777782829	0.998972750154
894.070432324	3.35320338489e+15	-3.062015671e+13	0.00102866448561	0.998971864408
894.373462627	3.35206725744e+15	-3.06097820334e+13	0.00102955163561	0.998970978171
894.67649293	3.35093189962e+15	-3.05994143847e+13	0.00103043927842	0.998970091442
894.979523233	3.34979731063e+15	-3.05890537567e+13	0.00103132741419	0.998969204221
895.282553536	3.34866348971e+15	-3.05787001423e+13	0.00103221604304	0.998968316509
895.585583839	3.34753043606e+15	-3.05683535344e+13	0.00103310516512	0.998967428304
895.888614142	3.34639814891e+15	-3.05580139259e+13	0.00103399478057	0.998966539608
896.191644445	3.34526662749e+15	-3.05476813097e+13	0.00103488488953	0.998965650419
896.494674748	3.34413587101e+15	-3.05373556787e+13	0.00103577549214	0.998964760738
896.797705051	3.34300587871e+15	-3.05270370258e+13	0.00103666658853	0.998963870565
897.100735355	3.3418766498e+15	-3.0516725344e+13	0.00103755817885	0.998962979899
897.403765658	3.34074818352e+15	-3.05064206261e+13	0.00103845026323	0.99896208874
897.706795961	3.33962047908e+15	-3.04961228651e+13	0.00103934284182	0.998961197088
898.009826264	3.33849353573e+15	-3.04858320541e+13	0.00104023591475	0.998960304943
898.312856567	3.33736735268e+15	-3.04755481859e+13	0.00104112948218	0.998959412305
898.61588687	3.33624192918e+15	-3.04652712535e+13	0.00104202354424	0.998958519174
898.918917173	3.33511726445e+15	-3.045500125e+13	0.00104291810107	0.998957625549
899.221947476	3.33399335772e+15	-3.04447381682e+13	0.00104381315282	0.998956731431
899.524977779	3.33287020823e+15	-3.04344820013e+13	0.00104470869962	0.998955836819
899.828008082	3.33174781522e+15	-3.04242327422e+13	0.00104560474156	0.998954941713
900.131038385	3.33062617792e+15	-3.0413990384e+13	0.00104650127888	0.998954046113
900.434068688	3.32950529556e+15	-3.04037549196e+13	0.00104739831169	0.998953150018
900.737098991	3.32838516739e+15	-3.03935263422e+13	0.00104829584002	0.99895225343
901.040129294	3.32726579264e+15	-3.03833046448e+13	0.00104919386421	0.998951356347
901.343159597	3.32614717056e+15	-3.03730898204e+13	0.00105009238419	0.99895045877
901.6461899	3.32502930039e+15	-3.03628818621e+13	0.00105099140034	0.998949560698
901.949220203	3.32391218136e+15	-3.0352680763e+13	0.00105189091256	0.998948662131
902.252250506	3.32279581272e+15	-3.03424865161e+13	0.0010527909213	0.998947763069
902.555280809	3.32168019372e+15	-3.03322991147e+13	0.00105369142643	0.998946863511
902.858311112	3.3205653236e+15	-3.03221185517e+13	0.00105459242857	0.998945963459
903.161341415	3.3194512016e+15	-3.03119448204e+13	0.00105549392766	0.99894506291
903.464371718	3.31833782698e+15	-3.03017779137e+13	0.00105639592469	0.998944161865
903.767402021	3.31722519898e+15	-3.0291617825e+13	0.00105729841967	0.998943260323
904.070432324	3.31611331685e+15	-3.02814645472e+13	0.00105820141358	0.998942358284
904.373462627	3.31500217984e+15	-3.02713180736e+13	0.00105910490549	0.998941455748
904.67649293	3.31389178721e+15	-3.02611783973e+13	0.00106000889549	0.998940552715
904.979523233	3.3127821382e+15	-3.02510455115e+13	0.00106091338248	0.998939649187
905.282553536	3.31167323206e+15	-3.02409194094e+13	0.00106181836626	0.998938745163
905.585583839	3.31056506806e+15	-3.02308000841e+13	0.00106272384622	0.998937840645
905.888614142	3.30945764545e+15	-3.0220687529e+13	0.00106362982588	0.998936935628
906.191644445	3.30835096348e+15	-3.0210581737e+13	0.00106453630331	0.998936030114
906.494674748	3.30724502141e+15	-3.02004827016e+13	0.00106544328199	0.998935124101
906.797705051	3.30613981851e+15	-3.01903904159e+13	0.00106635076973	0.99893421758
907.100735355	3.30503535402e+15	-3.01803048732e+13	0.00108832221503	0.998912269793
907.403765658	3.3039316272e+15	-3.01702260666e+13	0.00109956910695	0.998901035198
907.706795961	3.30282863733e+15	-3.01601539895e+13	0.00110240512021	0.998898202305
908.009826264	3.30172638366e+15	-3.01500886351e+13	0.00110551700817	0.998895093851
908.312856567	3.30062486546e+15	-3.01400299967e+13	0.00110901466327	0.998891600066
908.61588687	3.29952408198e+15	-3.01299780676e+13	0.00111305874139	0.998887560479
908.918917173	3.2984240325e+15	-3.0119932841e+13	0.00111790106933	0.998882723549
909.221947476	3.29732471628e+15	-3.01098943102e+13	0.0011239327178	0.998876698658
909.524977779	3.29622613259e+15	-3.00998624687e+13	0.00113176347037	0.998868876732
909.828008082	3.2951282807e+15	-3.00898373096e+13	0.00114235132068	0.998858300914
910.131038385	3.29403115987e+15	-3.00798188263e+13	0.00115722591298	0.998843443415
910.434068688	3.29293476937e+15	-3.00698070121e+13	0.00117891631407	0.998821778335
910.737098991	3.29183910848e+15	-3.00598018604e+13	0.00121191415758	0.998788819914
911.040129294	3.29074417647e+15	-3.00498033645e+13	0.00126521832109	0.99873558173
911.343159597	3.2896499726e+15	-3.00398115179e+13	0.00135930549689	0.99864161794
911.6461899	3.28855649617e+15	-3.00298263138e+13	0.00154225270369	0.998458935957
911.949220203	3.28746374643e+15	-3.00198477456e+13	0.00191327936102	0.998088549791
912.252250506	3.28637172266e+15	-3.00098758068e+13	0.00262056066044	0.997382870011
912.555280809	3.28528042415e+15	-2.99999104906e+13	0.00375988627973	0.996247173242
912.858311112	3.28418985017e+15	-2.99899517907e+13	0.00515826479044	0.994855016212
913.161341415	3.2831e+15	-2.99799997002e+13	0.00625107054691	0.993768426747
913.464371718	3.28201087292e+15	-2.99700542127e+13	0.00636436127067	0.99365584838
913.767402021	3.2809224682e+15	-2.99601153216e+13	0.00529323637551	0.994720748115
914.070432324	3.27983478513e+15	-2.99501830203e+13	0.00354107644473	0.996465185773
914.373462627	3.278747823e+15	-2.99402573023e+13	0.00188869557748	0.998113086886
914.67649293	3.27766158109e+15	-2.99303381611e+13	0.000798906958471	0.999201412083
914.979523233	3.27657605867e+15	-2.992042559e+13	0.000267099441377	0.999732936227
915.282553536	3.27549125504e+15	-2.99105195827e+13	7.0422994953e-05	0.999929579485
915.585583839	3.27440716948e+15	-2.99006201325e+13	1.46198201986e-05	0.999985380287
915.888614142	3.27332380129e+15	-2.98907272329e+13	2.38735776627e-06	0.999997612645
916.191644445	3.27224114974e+15	-2.98808408775e+13	3.06655392712e-07	0.999999693345
916.494674748	3.27115921413e+15	-2.98709610597e+13	3.11724294166e-08	0.999999968828
916.797705051	3.27007799374e+15	-2.98610877732e+13	2.73835674706e-09	0.999999997262
917.100735355	3.26899748787e+15	-2.98512210113e+13	4.17756052023e-10	0.999999999582
917.403765658	3.26791769582e+15	-2.98413607677e+13	2.30070758582e-10	0.99999999977
917.706795961	3.26683861686e+15	-2.98315070358e+13	1.95167013067e-10	0.999999999805
918.009826264	3.2657602503e+15	-2.98216598093e+13	1.72892452048e-10	0.999999999827
918.312856567	3.26468259544e+15	-2.98118190816e+13	1.54871316004e-10	0.999999999845
918.61588687	3.26360565156e+15	-2.98019848465e+13	1.3988241603e-10	0.99999999986
918.918917173	3.26252941796e+15	-2.97921570973e+13	1.27246263632e-10	0.999999999873
919.221947476	3.26145389395e+15	-2.97823358278e+13	1.16584338592e-10	0.999999999883
919.524977779	3.26037907882e+15	-2.97725210315e+13	1.07313736586e-10	0.999999999893
919.828008082	3.25930497186e+15	-2.97627127021e+13	9.92616591611e-11	0.999999999901
920.131038385	3.25823157239e+15	-2.9752910833e+13	9.22144923444e-11	0.999999999908
920.434068688	3.25715887969e+15	-2.9743115418e+13	8.60025819524e-11	0.999999999914
920.737098991	3.25608689308e+15	-2.97333264507e+13	8.04684563887e-11	0.99999999992
921.040129294	3.25501561186e+15	-2.97235439247e+13	7.56290133256e-11	0.999999999924
921.343159597	3.25394503532e+15	-2.97137678337e+13	7.12257172253e-11	0.999999999929
921.6461899	3.25287516278e+15	-2.97039981712e+13	6.72591848265e-11	0.999999999933
921.949220203	3.25180599354e+15	-2.96942349311e+13	6.36743273863e-11	0.999999999936
922.252250506	3.25073752691e+15	-2.96844781068e+13	6.04215140975e-11	0.99999999994
922.555280809	3.2496697622e+15	-2.96747276922e+13	5.74422206225e-11	0.999999999943
922.858311112	3.2486026987e+15	-2.96649836809e+13	5.46804735143e-11	0.999999999945
923.161341415	3.24753633574e+15	-2.96552460666e+13	5.22300238955e-11	0.999999999948
