912.0	3.28728070175e+15	-3.0091500857e+13	0.00129204527897	0.998708789052
911.822140368	3.28792191731e+15	-3.00973704922e+13	0.00128491498925	0.998715910161
911.644280736	3.28856338306e+15	-3.01032424177e+13	0.00127897045464	0.998721847079
911.466421104	3.28920509915e+15	-3.01091166348e+13	0.00127394714163	0.998726863985
911.288561472	3.28984706574e+15	-3.01149931449e+13	0.0012696411316	0.998731164522
911.11070184	3.29048928297e+15	-3.01208719494e+13	0.00126589737983	0.99873490353
910.932842208	3.29113175098e+15	-3.01267530495e+13	0.00126259601843	0.998738200721
910.754982576	3.29177446992e+15	-3.01326364467e+13	0.00125964461276	0.998741148407
910.577122944	3.29241743995e+15	-3.01385221422e+13	0.00125697171083	0.998743817947
910.399263312	3.2930606612e+15	-3.01444101374e+13	0.00125452209287	0.998746264491
910.22140368	3.29370413383e+15	-3.01503004337e+13	0.00125225300663	0.998748530735
910.043544048	3.29434785798e+15	-3.01561930324e+13	0.00125013130259	0.998750649786
909.865684416	3.29499183379e+15	-3.01620879348e+13	0.0012481312238	0.998752647368
909.687824784	3.29563606143e+15	-3.01679851424e+13	0.00124623270435	0.998754543521
909.509965152	3.29628054103e+15	-3.01738846564e+13	0.00124442007029	0.998756353899
909.33210552	3.29692527274e+15	-3.01797864782e+13	0.00123565622609	0.998765106883
909.154245888	3.29757025671e+15	-3.01856906092e+13	0.00120834381276	0.998792385941
908.976386256	3.29821549309e+15	-3.01915970507e+13	0.00120771230903	0.998793016682
908.798526624	3.29886098202e+15	-3.01975058042e+13	0.00120709602956	0.998793632218
908.620666992	3.29950672366e+15	-3.02034168708e+13	0.00120648005782	0.998794247447
908.44280736	3.30015271816e+15	-3.02093302521e+13	0.00120586432597	0.998794862436
908.264947728	3.30079896565e+15	-3.02152459493e+13	0.00120524880924	0.998795477211
908.087088096	3.3014454663e+15	-3.02211639638e+13	0.00120463351916	0.998796091761
907.909228464	3.30209222025e+15	-3.0227084297e+13	0.00120401845781	0.998796706082
907.731368832	3.30273922764e+15	-3.02330069503e+13	0.00120340358487	0.998797320215
907.5535092	3.30338648863e+15	-3.02389319249e+13	0.001202788935	0.998797934126
907.375649568	3.30403400337e+15	-3.02448592223e+13	0.001202174473	0.998798547849
907.197789936	3.304681772e+15	-3.02507888439e+13	0.00120156022686	0.998799161358
907.019930304	3.30532979468e+15	-3.0256720791e+13	0.00120094616947	0.998799774678
906.842070672	3.30597807155e+15	-3.02626550649e+13	0.00120033232485	0.998800387786
906.66421104	3.30662660277e+15	-3.02685916671e+13	0.00119971868356	0.998801000691
906.486351408	3.30727538848e+15	-3.0274530599e+13	0.00119910524046	0.998801613399
906.308491776	3.30792442883e+15	-3.02804718618e+13	0.00119849201691	0.998802225888
906.130632144	3.30857372398e+15	-3.02864154569e+13	0.00119787900731	0.998802838163
905.952772512	3.30922327407e+15	-3.02923613858e+13	0.00119726620714	0.99880345023
905.77491288	3.30987307925e+15	-3.02983096498e+13	0.00119665363034	0.998804062074
905.597053248	3.31052313968e+15	-3.03042602503e+13	0.00119604126946	0.998804673703
905.419193615	3.3111734555e+15	-3.03102131886e+13	0.00119542911799	0.998805285123
905.241333983	3.31182402687e+15	-3.03161684662e+13	0.00119481718446	0.998805896325
905.063474351	3.31247485393e+15	-3.03221260844e+13	0.00119420546203	0.998806507318
904.885614719	3.31312593684e+15	-3.03280860446e+13	0.00119359394546	0.998807118104
904.707755087	3.31377727575e+15	-3.03340483481e+13	0.0011929826418	0.998807728679
904.529895455	3.3144288708e+15	-3.03400129965e+13	0.00119237154631	0.998808339046
904.352035823	3.31508072216e+15	-3.03459799909e+13	0.00119176065858	0.998808949206
904.174176191	3.31573282996e+15	-3.03519493329e+13	0.0011911499753	0.998809559162
903.996316559	3.31638519437e+15	-3.03579210239e+13	0.00119053950239	0.998810168909
903.818456927	3.31703781553e+15	-3.03638950651e+13	0.0011899292366	0.998810778448
903.640597295	3.31769069359e+15	-3.0369871458e+13	0.00118931917543	0.998811387784
903.462737663	3.31834382872e+15	-3.0375850204e+13	0.00118870932365	0.998811996911
903.284878031	3.31899722105e+15	-3.03818313044e+13	0.00118809967871	0.998812605832
903.107018399	3.31965087074e+15	-3.03878147607e+13	0.00118749023864	0.998813214549
902.929158767	3.32030477794e+15	-3.03938005743e+13	0.00118688100725	0.998813823057
902.751299135	3.32095894281e+15	-3.03997887465e+13	0.00118627198252	0.99881443136
902.573439503	3.3216133655e+15	-3.04057792788e+13	0.00118566316441	0.998815039456
902.395579871	3.32226804616e+15	-3.04117721724e+13	0.00118505455139	0.998815647348
902.217720239	3.32292298494e+15	-3.04177674289e+13	0.00118444614639	0.998816255033
902.039860607	3.32357818199e+15	-3.04237650497e+13	0.00118383794787	0.998816862512
901.862000975	3.32423363747e+15	-3.0429765036e+13	0.00118322995462	0.998817469786
901.684141343	3.32488935153e+15	-3.04357673894e+13	0.00118262216895	0.998818076853
901.506281711	3.32554532433e+15	-3.04417721113e+13	0.00118201458871	0.998818683715
901.328422079	3.32620155601e+15	-3.04477792029e+13	0.00118140721571	0.998819290371
901.150562447	3.32685804674e+15	-3.04537886658e+13	0.00118080004827	0.998819896822
900.972702815	3.32751479666e+15	-3.04598005013e+13	0.00118019308778	0.998820503066
900.794843183	3.32817180592e+15	-3.04658147109e+13	0.00117958633296	0.998821109106
900.616983551	3.32882907468e+15	-3.04718312959e+13	0.00117897978481	0.998821714939
900.439123919	3.3294866031e+15	-3.04778502578e+13	0.00117837344242	0.998822320567
900.261264287	3.33014439133e+15	-3.04838715979e+13	0.00117776730618	0.99882292599
900.083404655	3.33080243952e+15	-3.04898953177e+13	0.00117716137625	0.998823531206
899.905545023	3.33146074783e+15	-3.04959214186e+13	0.00117655565231	0.998824136218
899.727685391	3.33211931641e+15	-3.0501949902e+13	0.00117595013432	0.998824741024
899.549825759	3.33277814541e+15	-3.05079807693e+13	0.00117534482224	0.998825345625
899.371966127	3.333437235e+15	-3.0514014022e+13	0.00117473971602	0.998825950021
899.194106495	3.33409658531e+15	-3.05200496613e+13	0.00117413481565	0.998826554211
899.016246863	3.33475619652e+15	-3.05260876889e+13	0.00117353012106	0.998827158196
898.838387231	3.33541606877e+15	-3.0532128106e+13	0.00117292563224	0.998827761976
898.660527599	3.33607620222e+15	-3.05381709141e+13	0.00117232134913	0.998828365551
898.482667967	3.33673659703e+15	-3.05442161146e+13	0.0011717172717	0.998828968921
898.304808335	3.33739725334e+15	-3.0550263709e+13	0.00117111339991	0.998829572086
898.126948703	3.33805817132e+15	-3.05563136986e+13	0.00117050973373	0.998830175046
897.949089071	3.33871935112e+15	-3.05623660849e+13	0.00116990627311	0.9988307778
897.771229439	3.33938079289e+15	-3.05684208693e+13	0.00116930301801	0.99883138035
897.593369807	3.3400424968e+15	-3.05744780532e+13	0.0011686999684	0.998831982695
897.415510175	3.34070446299e+15	-3.05805376381e+13	0.00116809712424	0.998832584836
897.237650543	3.34136669163e+15	-3.05865996254e+13	0.00116749448549	0.998833186771
897.059790911	3.34202918287e+15	-3.05926640165e+13	0.00116689205211	0.998833788502
896.881931279	3.34269193686e+15	-3.05987308128e+13	0.00116628982406	0.998834390028
896.704071647	3.34335495376e+15	-3.06048000159e+13	0.00116568780131	0.998834991349
896.526212015	3.34401823374e+15	-3.0610871627e+13	0.00116508598382	0.998835592465
896.348352383	3.34468177693e+15	-3.06169456477e+13	0.00116448437154	0.998836193377
896.170492751	3.34534558351e+15	-3.06230220793e+13	0.00116388296444	0.998836794085
895.992633119	3.34600965363e+15	-3.06291009233e+13	0.00116328176248	0.998837394587
895.814773487	3.34667398745e+15	-3.06351821813e+13	0.00116268076563	0.998837994886
895.636913855	3.34733858512e+15	-3.06412658544e+13	0.00116207997401	0.998838594979
895.459054223	3.34800344679e+15	-3.06473519444e+13	0.00116147938724	0.998839194869
895.281194591	3.34866857264e+15	-3.06534404525e+13	0.00116087898891	0.99883979457
895.103334959	3.34933396281e+15	-3.06595313801e+13	0.00116027881209	0.998840394051
894.925475327	3.34999961746e+15	-3.06656247289e+13	0.00115967884019	0.998840993327
894.747615695	3.35066553675e+15	-3.06717205001e+13	0.00115907907315	0.9988415924
894.569756063	3.35133172084e+15	-3.06778186953e+13	0.00115847951096	0.998842191267
894.391896431	3.35199816989e+15	-3.06839193159e+13	0.00115788015355	0.998842789931
895.391896431	3.34825455976e+15	-3.06496506122e+13	0.00116125266576	0.998839421327
895.694926734	3.34712178278e+15	-3.06392812635e+13	0.00116227591309	0.998838399268
895.997957037	3.34598977202e+15	-3.06289189287e+13	0.00116329975544	0.998837376615
896.30098734	3.34485852671e+15	-3.06185636008e+13	0.00116432419332	0.998836353369
896.604017643	3.34372804606e+15	-3.06082152725e+13	0.00116534922678	0.998835329529
896.907047946	3.3425983293e+15	-3.05978739368e+13	0.00116637485599	0.998834305095
897.210078249	3.34146937566e+15	-3.05875395867e+13	0.00116740108114	0.998833280066
897.513108552	3.34034118436e+15	-3.0577212215e+13	0.00116842790243	0.998832254444
897.816138855	3.33921375464e+15	-3.05668918147e+13	0.00116945532005	0.998831228226
898.119169158	3.33808708572e+15	-3.05565783786e+13	0.00117048333418	0.998830201414
898.422199461	3.33696117683e+15	-3.05462718999e+13	0.00117151194502	0.998829174007
898.725229764	3.3358360272e+15	-3.05359723714e+13	0.00117254115275	0.998828146005
899.028260067	3.33471163607e+15	-3.05256797861e+13	0.00117357095758	0.998827117408
899.33129037	3.33358800267e+15	-3.0515394137e+13	0.00117460135968	0.998826088214
899.634320673	3.33246512623e+15	-3.05051154171e+13	0.00117563235924	0.998825058426
899.937350976	3.33134300599e+15	-3.04948436193e+13	0.00117666395647	0.998824028041
900.240381279	3.33022164118e+15	-3.04845787367e+13	0.00117769615154	0.99882299706
900.543411582	3.32910103105e+15	-3.04743207624e+13	0.00117872894494	0.998821965483
900.846441885	3.32798117482e+15	-3.04640696893e+13	0.00117976233721	0.998820933309
901.149472188	3.32686207175e+15	-3.04538255104e+13	0.00118079632705	0.998819900539
901.452502491	3.32574372107e+15	-3.04435882189e+13	0.00118183091625	0.998818867171
901.755532794	3.32462612202e+15	-3.04333578077e+13	0.00118286610453	0.998817833206
902.058563097	3.32350927384e+15	-3.042313427e+13	0.00118390189211	0.998816798643
902.3615934	3.32239317578e+15	-3.04129175989e+13	0.0011849382778	0.998815763484
902.664623703	3.32127782708e+15	-3.04027077873e+13	0.00118597526447	0.998814727726
902.967654006	3.320163227e+15	-3.03925048284e+13	0.00118701284937	0.998813691372
903.270684309	3.31904937476e+15	-3.03823087153e+13	0.00118805103616	0.998812654417
903.573714612	3.31793626963e+15	-3.03721194412e+13	0.00118908982131	0.998811616866
903.876744915	3.31682391085e+15	-3.0361936999e+13	0.00119012920951	0.998810578713
904.179775219	3.31571229767e+15	-3.03517613821e+13	0.00119116919637	0.998809539964
904.482805522	3.31460142935e+15	-3.03415925834e+13	0.0011922097881	0.998808500612
904.785835825	3.31349130512e+15	-3.03314305962e+13	0.00119325097967	0.998807460661
905.088866128	3.31238192425e+15	-3.03212754136e+13	0.0011942927805	0.998806420103
905.391896431	3.31127328599e+15	-3.03111270288e+13	0.0011953351871	0.998805378941
905.694926734	3.31016538959e+15	-3.03009854349e+13	0.00119637821582	0.998804337159
905.997957037	3.30905823431e+15	-3.02908506252e+13	0.00119742186432	0.998803294759
906.30098734	3.30795181941e+15	-3.02807225929e+13	0.00119846614784	0.998802251726
906.604017643	3.30684614414e+15	-3.0270601331e+13	0.00119951105434	0.998801208071
906.907047946	3.30574120776e+15	-3.0260486833e+13	0.00120055655665	0.998800163823
907.210078249	3.30463700953e+15	-3.02503790919e+13	0.00120160265866	0.998799118977
907.513108552	3.30353354872e+15	-3.0240278101e+13	0.00120264934615	0.998798073547
907.816138855	3.30243082457e+15	-3.02301838536e+13	0.00120369660616	0.998797027546
908.119169158	3.30132883637e+15	-3.02200963428e+13	0.00120474450181	0.998795980912
908.422199461	3.30022758336e+15	-3.02100155621e+13	0.00120579299788	0.998794933678
908.725229764	3.29912706482e+15	-3.01999415045e+13	0.00120684215563	0.998793885785
909.028260067	3.29802728001e+15	-3.01898741635e+13	0.00120789212899	0.998792837079
909.33129037	3.29692822819e+15	-3.01798135322e+13	0.00123552166094	0.998765241282
909.634320673	3.29582990864e+15	-3.0169759604e+13	0.00124567901051	0.998755096526
909.937350976	3.29473232062e+15	-3.01597123722e+13	0.00124892390017	0.998751855681
910.240381279	3.2936354634e+15	-3.01496718301e+13	0.00125248757853	0.998748296457
910.543411582	3.29253933625e+15	-3.0139637971e+13	0.00125649171853	0.998744297337
910.846441885	3.29144393845e+15	-3.01296107883e+13	0.00126112343169	0.99873967145
911.149472188	3.29034926926e+15	-3.01195902753e+13	0.00126667206788	0.998734129823
911.452502491	3.28925532796e+15	-3.01095764252e+13	0.00127358656383	0.998727224103
911.755532794	3.28816211382e+15	-3.00995692316e+13	0.00128256571238	0.998718256424
912.058563097	3.28706962612e+15	-3.00895686877e+13	0.00129470894365	0.99870612883
912.3615934	3.28597786413e+15	-3.0079574787e+13	0.00131176881551	0.998689091177
912.664623703	3.28488682714e+15	-3.00695875228e+13	0.00133664626288	0.998664246651
912.967654006	3.28379651442e+15	-3.00596068884e+13	0.00137450473269	0.998626439466
913.270684309	3.28270692524e+15	-3.00496328774e+13	0.0014357205538	0.9985653096
913.573714612	3.28161805889e+15	-3.00396654831e+13	0.00154392391694	0.99845726732
913.876744915	3.28052991465e+15	-3.00297046989e+13	0.00175439988236	0.998247138178
914.179775219	3.2794424918e+15	-3.00197505183e+13	0.00218034049525	0.997822034721
914.482805522	3.27835578963e+15	-3.00098029347e+13	0.00298872495851	0.997015736834
914.785835825	3.27726980742e+15	-2.99998619415e+13	0.00428372264081	0.995725439412
915.088866128	3.27618454444e+15	-2.99899275322e+13	0.00586362858857	0.99415352893
915.391896431	3.2751e+15	-2.99799997002e+13	0.00708873617568	0.992936329651
915.694926734	3.27401617337e+15	-2.99700784391e+13	0.00720432517853	0.992821563764
915.997957037	3.27293306385e+15	-2.99601637422e+13	0.00598731486522	0.994030573386
916.30098734	3.27185067071e+15	-2.99502556032e+13	0.00400730401922	0.996000714509
916.604017643	3.27076899326e+15	-2.99403540154e+13	0.0021412216656	0.997861069114
916.907047946	3.26968803077e+15	-2.99304589725e+13	0.000908599316509	0.999091813335
917.210078249	3.26860778255e+15	-2.99205704678e+13	0.00030517196328	0.999694874597
917.513108552	3.26752824789e+15	-2.99106884949e+13	8.09524401002e-05	0.999919050836
917.816138855	3.26644942607e+15	-2.99008130474e+13	1.6939136011e-05	0.999983061007
918.119169158	3.26537131639e+15	-2.98909441188e+13	2.79810460057e-06	0.999997201899
918.422199461	3.26429391816e+15	-2.98810817027e+13	3.69702003578e-07	0.999999630298
918.725229764	3.26321723065e+15	-2.98712257925e+13	4.35813723727e-08	0.999999956419
919.028260067	3.26214125318e+15	-2.98613763819e+13	8.61120093465e-09	0.999999991389
919.33129037	3.26106598503e+15	-2.98515334644e+13	5.01145600391e-09	0.999999994989
919.634320673	3.25999142551e+15	-2.98416970337e+13	4.1739012938e-09	0.999999995826
919.937350976	3.25891757392e+15	-2.98318670832e+13	3.65193142294e-09	0.999999996348
920.240381279	3.25784442955e+15	-2.98220436066e+13	3.23931724442e-09	0.999999996761
920.543411582	3.25677199172e+15	-2.98122265976e+13	2.90155102087e-09	0.999999997098
920.846441885	3.25570025971e+15	-2.98024160497e+13	2.6205331292e-09	0.999999997379
921.149472188	3.25462923284e+15	-2.97926119565e+13	2.38365029439e-09	0.999999997616
921.452502491	3.25355891041e+15	-2.97828143117e+13	2.18376988313e-09	0.999999997816
921.755532794	3.25248929172e+15	-2.97730231089e+13	2.01000702126e-09	0.99999999799
922.058563097	3.25142037609e+15	-2.97632383418e+13	1.8590961059e-09	0.999999998141
922.3615934	3.25035216281e+15	-2.9753460004e+13	1.72701565811e-09	0.999999998273
922.664623703	3.2492846512e+15	-2.97436880892e+13	1.61063690977e-09	0.999999998389
922.967654006	3.24821784056e+15	-2.97339225911e+13	1.50692077125e-09	0.999999998493
923.270684309	3.2471517302e+15	-2.97241635033e+13	1.41623793133e-09	0.999999998584
923.573714612	3.24608631944e+15	-2.97144108195e+13	1.33372541268e-09	0.999999998666
923.876744915	3.24502160759e+15	-2.97046645335e+13	1.25941815053e-09	0.999999998741
924.179775219	3.24395759396e+15	-2.96949246389e+13	1.19224216564e-09	0.999999998808
924.482805522	3.24289427785e+15	-2.96851911295e+13	1.13130567453e-09	0.999999998869
924.785835825	3.2418316586e+15	-2.96754639989e+13	1.07553257855e-09	0.999999998924
925.088866128	3.24076973551e+15	-2.9665743241e+13	1.02384494519e-09	0.999999998976
925.391896431	3.23970850789e+15	-2.96560288494e+13	9.77819804932e-10	0.999999999022
