912.0	3.28728070175e+15	-3.00044676533e+13	0.000771037030507	0.999229260142
911.795397192	3.28801835284e+15	-3.00112005216e+13	0.000604967376028	0.99939521558
911.590794384	3.28875633505e+15	-3.00179364123e+13	0.000488065869165	0.999512053216
911.386191575	3.28949464861e+15	-3.00246753274e+13	0.000411866108652	0.999588218697
911.181588767	3.29023329373e+15	-3.00314172689e+13	0.000364319329199	0.999635747027
910.976985959	3.29097227066e+15	-3.00381622388e+13	0.000334892263281	0.999665163807
910.772383151	3.2917115796e+15	-3.00449102392e+13	0.000316238535947	0.999683811462
910.567780343	3.29245122079e+15	-3.00516612722e+13	0.000303884975441	0.999696161193
910.363177534	3.29319119444e+15	-3.00584153397e+13	0.000295304552188	0.999704739046
910.158574726	3.29393150079e+15	-3.00651724438e+13	0.000289098112525	0.999710943672
909.953971918	3.29467214004e+15	-3.00719325866e+13	0.000284467863684	0.999715572593
909.74936911	3.29541311244e+15	-3.007869577e+13	0.000280930933327	0.999719108524
909.544766302	3.29615441821e+15	-3.00854619963e+13	0.000278175483651	0.999721863204
909.340163493	3.29689605756e+15	-3.00922312674e+13	0.000275989312776	0.999724048769
909.135560685	3.29763803073e+15	-3.00990035853e+13	0.000274222930273	0.999725814665
908.930957877	3.29838033793e+15	-3.01057789522e+13	0.000272768663632	0.999727268534
908.726355069	3.29912297941e+15	-3.01125573701e+13	0.000271547952557	0.999728488913
908.52175226	3.29986595537e+15	-3.01193388411e+13	0.000270503033826	0.999729533549
908.317149452	3.30060926606e+15	-3.01261233671e+13	0.000269591232381	0.999730445104
908.112546644	3.30135291168e+15	-3.01329109504e+13	0.000268780934005	0.999731255184
907.907943836	3.30209689248e+15	-3.01397015929e+13	0.000268048676826	0.999731987245
907.703341028	3.30284120868e+15	-3.01464952967e+13	0.00026737702155	0.999732658721
907.498738219	3.3035858605e+15	-3.01532920639e+13	0.000266752983064	0.999733282592
907.294135411	3.30433084817e+15	-3.01600918965e+13	0.000266166875277	0.999733868544
907.089532603	3.30507617192e+15	-3.01668947967e+13	0.000265611447459	0.999734423824
906.884929795	3.30582183197e+15	-3.01737007665e+13	0.000265081251662	0.999734953879
906.680326987	3.30656782856e+15	-3.0180509808e+13	0.000263257717077	0.999736776932
906.475724178	3.30731416191e+15	-3.01873219233e+13	0.000257192916492	0.999742840155
906.27112137	3.30806083225e+15	-3.01941371144e+13	0.000256960788549	0.999743072223
906.066518562	3.3088078398e+15	-3.02009553835e+13	0.000256728817793	0.999743304134
905.861915754	3.3095551848e+15	-3.02077767325e+13	0.000256497005174	0.999743535887
905.657312946	3.31030286748e+15	-3.02146011637e+13	0.000256265348538	0.999743767485
905.452710137	3.31105088806e+15	-3.02214286791e+13	0.000256033848854	0.999743998925
905.248107329	3.31179924678e+15	-3.02282592808e+13	0.000255802506053	0.999744230209
905.043504521	3.31254794385e+15	-3.02350929708e+13	0.000255571320061	0.999744461336
904.838901713	3.31329697952e+15	-3.02419297514e+13	0.000255340290808	0.999744692306
904.634298905	3.31404635401e+15	-3.02487696245e+13	0.000255109418224	0.999744923119
904.429696096	3.31479606755e+15	-3.02556125923e+13	0.000254878702236	0.999745153777
904.225093288	3.31554612038e+15	-3.02624586568e+13	0.000254648142775	0.999745384277
904.02049048	3.31629651271e+15	-3.02693078203e+13	0.000254417739769	0.999745614622
903.815887672	3.31704724479e+15	-3.02761600847e+13	0.000254187493149	0.99974584481
903.611284863	3.31779831684e+15	-3.02830154522e+13	0.000253957402843	0.999746074842
903.406682055	3.3185497291e+15	-3.02898739249e+13	0.000253727468781	0.999746304717
903.202079247	3.31930148179e+15	-3.02967355049e+13	0.000253497690893	0.999746534437
902.997476439	3.32005357515e+15	-3.03036001943e+13	0.000253268069107	0.999746764001
902.792873631	3.3208060094e+15	-3.03104679953e+13	0.000253038603353	0.999746993408
902.588270822	3.32155878479e+15	-3.03173389099e+13	0.000252809293561	0.99974722266
902.383668014	3.32231190154e+15	-3.03242129402e+13	0.000252580139658	0.999747451756
902.179065206	3.32306535989e+15	-3.03310900885e+13	0.000252351141575	0.999747680696
901.974462398	3.32381916006e+15	-3.03379703568e+13	0.000252122299241	0.999747909481
901.76985959	3.32457330229e+15	-3.03448537471e+13	0.000251893612585	0.99974813811
901.565256781	3.32532778681e+15	-3.03517402618e+13	0.000251665081536	0.999748366583
901.360653973	3.32608261386e+15	-3.03586299028e+13	0.000251436706024	0.999748594902
901.156051165	3.32683778367e+15	-3.03655226724e+13	0.000251208485978	0.999748823064
900.951448357	3.32759329647e+15	-3.03724185726e+13	0.000250980421328	0.999749051072
900.746845549	3.3283491525e+15	-3.03793176056e+13	0.000250752512003	0.999749278924
900.54224274	3.32910535199e+15	-3.03862197735e+13	0.000250524757932	0.999749506621
900.337639932	3.32986189517e+15	-3.03931250784e+13	0.000250297159046	0.999749734163
900.133037124	3.33061878228e+15	-3.04000335226e+13	0.000250069715273	0.99974996155
899.928434316	3.33137601356e+15	-3.0406945108e+13	0.000249842426542	0.999750188781
899.723831508	3.33213358923e+15	-3.0413859837e+13	0.000249615292785	0.999750415859
899.519228699	3.33289150954e+15	-3.04207777115e+13	0.000249388313929	0.999750642781
899.314625891	3.33364977472e+15	-3.04276987339e+13	0.000249161489905	0.999750869548
899.110023083	3.33440838499e+15	-3.04346229061e+13	0.000248934820643	0.999751096161
898.905420275	3.33516734061e+15	-3.04415502304e+13	0.000248708306071	0.999751322619
898.700817467	3.33592664181e+15	-3.0448480709e+13	0.000248481946119	0.999751548923
898.496214658	3.33668628881e+15	-3.04554143439e+13	0.000248255740718	0.999751775072
898.29161185	3.33744628187e+15	-3.04623511373e+13	0.000248029689796	0.999752001067
898.087009042	3.3382066212e+15	-3.04692910914e+13	0.000247803793283	0.999752226908
897.882406234	3.33896730706e+15	-3.04762342084e+13	0.000247578051109	0.999752452594
897.677803425	3.33972833968e+15	-3.04831804904e+13	0.000247352463204	0.999752678126
897.473200617	3.34048971929e+15	-3.04901299396e+13	0.000247127029497	0.999752903504
897.268597809	3.34125144613e+15	-3.04970825581e+13	0.000246901749919	0.999753128728
897.063995001	3.34201352045e+15	-3.05040383481e+13	0.000246676624398	0.999753353798
896.859392193	3.34277594247e+15	-3.05109973119e+13	0.000246451652865	0.999753578714
896.654789384	3.34353871244e+15	-3.05179594514e+13	0.000246226835249	0.999753803476
896.450186576	3.34430183059e+15	-3.0524924769e+13	0.00024600217148	0.999754028085
896.245583768	3.34506529717e+15	-3.05318932668e+13	0.000245777661488	0.999754252539
896.04098096	3.3458291124e+15	-3.0538864947e+13	0.000245553305202	0.999754476841
895.836378152	3.34659327654e+15	-3.05458398118e+13	0.000245329102553	0.999754700988
895.631775343	3.34735778981e+15	-3.05528178633e+13	0.000245105053471	0.999754924982
895.427172535	3.34812265247e+15	-3.05597991038e+13	0.000244881157885	0.999755148823
895.222569727	3.34888786474e+15	-3.05667835353e+13	0.000244657415725	0.99975537251
895.017966919	3.34965342687e+15	-3.05737711602e+13	0.00024443382692	0.999755596045
894.813364111	3.3504193391e+15	-3.05807619806e+13	0.000244210391402	0.999755819426
894.608761302	3.35118560167e+15	-3.05877559987e+13	0.0002439871091	0.999756042653
894.404158494	3.35195221481e+15	-3.05947532166e+13	0.000243763979943	0.999756265728
894.199555686	3.35271917877e+15	-3.06017536366e+13	0.000243541003862	0.99975648865
893.994952878	3.3534864938e+15	-3.0608757261e+13	0.000243318180787	0.999756711419
893.79035007	3.35425416012e+15	-3.06157640918e+13	0.000243095510648	0.999756934035
893.585747261	3.35502217799e+15	-3.06227741312e+13	0.000242872993374	0.999757156498
893.381144453	3.35579054764e+15	-3.06297873816e+13	0.000242650628896	0.999757378808
893.176541645	3.35655926932e+15	-3.06368038451e+13	0.000242428417143	0.999757600966
892.971938837	3.35732834327e+15	-3.06438235239e+13	0.000242206358047	0.999757822972
892.767336028	3.35809776972e+15	-3.06508464201e+13	0.000241984451536	0.999758044824
892.56273322	3.35886754893e+15	-3.06578725362e+13	0.000241762697542	0.999758266525
892.358130412	3.35963768114e+15	-3.06649018741e+13	0.000241541095993	0.999758488073
892.153527604	3.36040816658e+15	-3.06719344362e+13	0.00024131964682	0.999758709468
891.948924796	3.3611790055e+15	-3.06789702247e+13	0.000241098349954	0.999758930712
891.744321987	3.36195019814e+15	-3.06860092418e+13	0.000240877205325	0.999759151803
892.744321987	3.35818433807e+15	-3.06516365678e+13	0.000241959500692	0.999758069769
893.04735229	3.35704483341e+15	-3.06412358038e+13	0.000242288187861	0.999757741162
893.350382594	3.35590610181e+15	-3.06308420957e+13	0.000242617209793	0.999757412219
893.653412897	3.35476814248e+15	-3.06204554365e+13	0.000242946566714	0.999757082942
893.9564432	3.35363095462e+15	-3.06100758189e+13	0.000243276258853	0.99975675333
894.259473503	3.35249453747e+15	-3.05997032359e+13	0.000243606286435	0.999756423383
894.562503806	3.35135889024e+15	-3.05893376802e+13	0.00024393664969	0.9997560931
894.865534109	3.35022401213e+15	-3.05789791448e+13	0.000244267348843	0.999755762482
895.168564412	3.34908990238e+15	-3.05686276224e+13	0.000244598384124	0.999755431528
895.471594715	3.3479565602e+15	-3.05582831061e+13	0.000244929755759	0.999755100237
895.774625018	3.34682398482e+15	-3.05479455885e+13	0.000245261463976	0.99975476861
896.077655321	3.34569217545e+15	-3.05376150628e+13	0.000245593509004	0.999754436647
896.380685624	3.34456113132e+15	-3.05272915217e+13	0.000245925891069	0.999754104346
896.683715927	3.34343085165e+15	-3.05169749582e+13	0.000246258610401	0.999753771709
896.98674623	3.34230133567e+15	-3.05066653652e+13	0.000246591667227	0.999753438734
897.289776533	3.3411725826e+15	-3.04963627357e+13	0.000246925061775	0.999753105422
897.592806836	3.34004459168e+15	-3.04860670626e+13	0.000247258794274	0.999752771772
897.895837139	3.33891736212e+15	-3.04757783388e+13	0.000247592864951	0.999752437784
898.198867442	3.33779089317e+15	-3.04654965574e+13	0.000247927274036	0.999752103457
898.501897745	3.33666518404e+15	-3.04552217113e+13	0.000248262021756	0.999751768793
898.804928048	3.33554023398e+15	-3.04449537934e+13	0.00024859710834	0.999751433789
899.107958351	3.3344160422e+15	-3.04346927969e+13	0.000248932534018	0.999751098447
899.410988654	3.33329260796e+15	-3.04244387146e+13	0.000249268299016	0.999750762766
899.714018957	3.33216993048e+15	-3.04141915396e+13	0.000249604403565	0.999750426745
900.01704926	3.331048009e+15	-3.0403951265e+13	0.000249940847894	0.999750090385
900.320079563	3.32992684275e+15	-3.03937178837e+13	0.00025027763223	0.999749753685
900.623109866	3.32880643097e+15	-3.03834913888e+13	0.000250614756803	0.999749416644
900.926140169	3.3276867729e+15	-3.03732717734e+13	0.000250952221842	0.999749079264
901.229170472	3.32656786778e+15	-3.03630590304e+13	0.000251290027576	0.999748741543
901.532200775	3.32544971485e+15	-3.03528531531e+13	0.000251628174235	0.999748403481
901.835231078	3.32433231336e+15	-3.03426541344e+13	0.000251966662048	0.999748065079
902.138261381	3.32321566254e+15	-3.03324619674e+13	0.000252305491244	0.999747726335
902.441291684	3.32209976164e+15	-3.03222766453e+13	0.000252644662053	0.99974738725
902.744321987	3.32098460991e+15	-3.03120981612e+13	0.000252984174705	0.999747047823
903.04735229	3.31987020658e+15	-3.03019265081e+13	0.000253324029429	0.999746708054
903.350382594	3.31875655091e+15	-3.02917616792e+13	0.000253664226455	0.999746367944
903.653412897	3.31764364215e+15	-3.02816036677e+13	0.000254004766015	0.99974602749
903.9564432	3.31653147954e+15	-3.02714524666e+13	0.000254345648337	0.999745686695
904.259473503	3.31542006233e+15	-3.02613080691e+13	0.00025468687365	0.999745345556
904.562503806	3.31430938977e+15	-3.02511704685e+13	0.000255028442183	0.999745004075
904.865534109	3.31319946113e+15	-3.02410396577e+13	0.000255370354167	0.99974466225
905.168564412	3.31209027564e+15	-3.02309156302e+13	0.00025571260983	0.999744320082
905.471594715	3.31098183256e+15	-3.02207983789e+13	0.000256055209407	0.99974397757
905.774625018	3.30987413115e+15	-3.02106878972e+13	0.000256398153124	0.999743634714
906.077655321	3.30876717067e+15	-3.02005841782e+13	0.000256741440176	0.999743291515
906.380685624	3.30766095036e+15	-3.01904872152e+13	0.000257085072881	0.999742947971
906.683715927	3.3065554695e+15	-3.01803970014e+13	0.00026353475598	0.999736499966
906.98674623	3.30545072733e+15	-3.017031353e+13	0.000265342223034	0.999734692977
907.289776533	3.30434672311e+15	-3.01602367942e+13	0.000266154744818	0.999733880671
907.592806836	3.30324345612e+15	-3.01501667873e+13	0.000267034661719	0.999733000989
907.895837139	3.3021409256e+15	-3.01401035027e+13	0.000268007393125	0.999732028518
908.198867442	3.30103913083e+15	-3.01300469334e+13	0.000269112079038	0.999730924128
908.501897745	3.29993807106e+15	-3.01199970729e+13	0.00027040930111	0.999729627256
908.804928048	3.29883774556e+15	-3.01099539144e+13	0.000271993178255	0.999728043809
909.107958351	3.2977381536e+15	-3.00999174512e+13	0.000274010514426	0.999726027023
909.410988654	3.29663929445e+15	-3.00898876767e+13	0.000276692017646	0.999723346258
909.714018957	3.29554116736e+15	-3.00798645841e+13	0.000280405957218	0.999719633353
910.01704926	3.29444377162e+15	-3.00698481667e+13	0.000285760565348	0.99971428026
910.320079563	3.29334710648e+15	-3.00598384179e+13	0.000293833162869	0.999706210002
910.623109866	3.29225117122e+15	-3.00498353311e+13	0.000306773903266	0.999693273147
910.926140169	3.29115596512e+15	-3.00398388996e+13	0.000329466732991	0.999670587535
911.229170472	3.29006148744e+15	-3.00298491167e+13	0.000373422033215	0.99962664768
911.532200775	3.28896773745e+15	-3.00198659758e+13	0.000462605010461	0.999537501975
911.835231078	3.28787471444e+15	-3.00098894703e+13	0.00063332715383	0.999366873355
912.138261381	3.28678241768e+15	-2.99999195936e+13	0.000910094807099	0.999090319204
912.441291684	3.28569084644e+15	-2.99899563391e+13	0.00125244409482	0.998748339886
912.744321987	3.2846e+15	-2.99799997002e+13	0.00152305568542	0.998478103575
913.04735229	3.28350987764e+15	-2.99700496703e+13	0.00155529516247	0.998445913682
913.350382594	3.28242047864e+15	-2.99601062428e+13	0.00129617239323	0.998704667275
913.653412897	3.28133180228e+15	-2.99501694111e+13	0.000867855565926	0.999132520912
913.9564432	3.28024384784e+15	-2.99402391687e+13	0.000462685377868	0.999537421645
914.259473503	3.2791566146e+15	-2.99303155091e+13	0.000195364847021	0.999804654235
914.562503806	3.27807010185e+15	-2.99203984256e+13	6.51112044108e-05	0.999934890915
914.865534109	3.27698430887e+15	-2.99104879118e+13	1.70897566899e-05	0.999982910389
915.168564412	3.27589923494e+15	-2.99005839612e+13	3.52701341826e-06	0.999996472993
915.471594715	3.27481487936e+15	-2.98906865671e+13	5.71668303906e-07	0.999999428332
915.774625018	3.2737312414e+15	-2.98807957232e+13	7.26966756403e-08	0.999999927303
916.077655321	3.27264832035e+15	-2.98709114229e+13	7.25234899398e-09	0.999999992748
916.380685624	3.27156611552e+15	-2.98610336596e+13	5.67262446584e-10	0.999999999433
916.683715927	3.27048462617e+15	-2.9851162427e+13	3.72762274977e-11	0.999999999963
916.98674623	3.26940385161e+15	-2.98412977186e+13	2.02152095878e-12	0.999999999998
917.289776533	3.26832379113e+15	-2.98314395279e+13	2.71732398023e-13	1.0
917.592806836	3.26724444401e+15	-2.98215878484e+13	1.82686099727e-13	1.0
917.895837139	3.26616580956e+15	-2.98117426736e+13	1.61584755681e-13	1.0
918.198867442	3.26508788706e+15	-2.98019039973e+13	1.45429507103e-13	1.0
918.501897745	3.26401067582e+15	-2.97920718128e+13	1.32087392775e-13	1.0
918.804928048	3.26293417512e+15	-2.97822461138e+13	1.20747731649e-13	1.0
919.107958351	3.26185838427e+15	-2.97724268939e+13	1.10880011387e-13	1.0
919.410988654	3.26078330257e+15	-2.97626141467e+13	1.02379576163e-13	1.0
919.714018957	3.2597089293e+15	-2.97528078657e+13	9.48973014545e-14	1.0
920.01704926	3.25863526378e+15	-2.97430080447e+13	8.83336271137e-14	1.0
920.320079563	3.2575623053e+15	-2.97332146771e+13	8.24853784818e-14	1.0
920.623109866	3.25649005317e+15	-2.97234277566e+13	7.74131800259e-14	1.0
920.926140169	3.25541850669e+15	-2.97136472769e+13	7.26957312597e-14	1.0
921.229170472	3.25434766516e+15	-2.97038732316e+13	6.84796694118e-14	1.0
921.532200775	3.25327752788e+15	-2.96941056144e+13	6.4644423635e-14	1.0
921.835231078	3.25220809417e+15	-2.96843444189e+13	6.12166017084e-14	1.0
922.138261381	3.25113936332e+15	-2.96745896388e+13	5.80610576399e-14	1.0
922.441291684	3.25007133465e+15	-2.96648412677e+13	5.51175029143e-14	1.0
922.744321987	3.24900400746e+15	-2.96550992995e+13	5.25210325615e-14	1.0
