912.0	3.28728070175e+15	-3.00218339947e+13	0.000369725615406	0.999630342725
911.800733444	3.28799910993e+15	-3.00283950198e+13	0.000320800547358	0.999679250904
911.601466888	3.28871783218e+15	-3.00349589133e+13	0.000290118261131	0.999709923819
911.402200332	3.28943686871e+15	-3.0041525677e+13	0.000270767892915	0.999729268761
911.202933776	3.29015621973e+15	-3.00480953128e+13	0.000258176137901	0.999741857187
911.00366722	3.29087588544e+15	-3.00546678226e+13	0.000249614736258	0.999750416415
910.804400664	3.29159586604e+15	-3.00612432083e+13	0.000243542348007	0.999756487306
910.605134108	3.29231616175e+15	-3.00678214717e+13	0.000239084798563	0.99976094378
910.405867552	3.29303677277e+15	-3.00744026148e+13	0.000235727278752	0.999764300503
910.206600996	3.29375769932e+15	-3.00809866395e+13	0.000233147770098	0.999766879407
910.00733444	3.29447894158e+15	-3.00875735475e+13	0.000231132580334	0.999768894129
909.808067884	3.29520049978e+15	-3.0094163341e+13	0.000229533361019	0.99977049298
909.608801329	3.29592237413e+15	-3.01007560216e+13	0.000228244002807	0.999771782043
909.409534773	3.29664456482e+15	-3.01073515914e+13	0.000227187160015	0.999772838645
909.210268217	3.29736707206e+15	-3.01139500522e+13	0.000226305816838	0.999773719788
909.011001661	3.29808989608e+15	-3.01205514059e+13	0.000225557670064	0.999774467766
908.811735105	3.29881303706e+15	-3.01271556545e+13	0.000224911182662	0.999775114108
908.612468549	3.29953649523e+15	-3.01337627998e+13	0.000224342798091	0.999775682365
908.413201993	3.30026027079e+15	-3.01403728438e+13	0.000223834894025	0.999776190155
908.213935437	3.30098436395e+15	-3.01469857883e+13	0.000223374251852	0.999776650694
908.014668881	3.30170877492e+15	-3.01536016352e+13	0.000222950957982	0.999777073894
907.815402325	3.30243350391e+15	-3.01602203866e+13	0.000222557562021	0.999777467202
907.616135769	3.30315855112e+15	-3.01668420442e+13	0.000222188435974	0.999777836246
907.416869213	3.30388391677e+15	-3.017346661e+13	0.000221839322336	0.999778185282
907.217602657	3.30460960107e+15	-3.01800940859e+13	0.000219992891335	0.999780031305
907.018336101	3.30533560423e+15	-3.01867244739e+13	0.000215388955264	0.999784634239
906.819069545	3.30606192645e+15	-3.01933577758e+13	0.000215281431087	0.99978474174
906.619802989	3.30678856795e+15	-3.01999939936e+13	0.00021517402691	0.999784849121
906.420536433	3.30751552894e+15	-3.02066331292e+13	0.000215066666598	0.999784956459
906.221269877	3.30824280962e+15	-3.02132751846e+13	0.000214959341682	0.99978506376
906.022003321	3.30897041022e+15	-3.02199201615e+13	0.00021485205125	0.999785171028
905.822736765	3.30969833094e+15	-3.02265680621e+13	0.000214744790406	0.999785278266
905.623470209	3.31042657199e+15	-3.02332188882e+13	0.000214637559665	0.999785385473
905.424203653	3.31115513359e+15	-3.02398726417e+13	0.00021453036164	0.999785492648
905.224937098	3.31188401594e+15	-3.02465293245e+13	0.000214423189529	0.999785599797
905.025670542	3.31261321925e+15	-3.02531889387e+13	0.000214316048532	0.999785706916
904.826403986	3.31334274375e+15	-3.02598514861e+13	0.000214208933643	0.999785814007
904.62713743	3.31407258964e+15	-3.02665169687e+13	0.000214101849622	0.999785921069
904.427870874	3.31480275713e+15	-3.02731853885e+13	0.000213994793443	0.999786028102
904.228604318	3.31553324644e+15	-3.02798567472e+13	0.000213887769498	0.999786135103
904.029337762	3.31626405778e+15	-3.02865310471e+13	0.000213780776999	0.999786242072
903.830071206	3.31699519136e+15	-3.02932082898e+13	0.000213673815284	0.999786349011
903.63080465	3.3177266474e+15	-3.02998884775e+13	0.000213566887014	0.999786455917
903.431538094	3.31845842611e+15	-3.0306571612e+13	0.000213459990684	0.99978656279
903.232271538	3.3191905277e+15	-3.03132576953e+13	0.000213353124934	0.999786669633
903.033004982	3.31992295238e+15	-3.03199467293e+13	0.000213246291233	0.999786776444
902.833738426	3.32065570038e+15	-3.03266387161e+13	0.000213139488222	0.999786883224
902.63447187	3.3213887719e+15	-3.03333336575e+13	0.000213032714899	0.999786989975
902.435205314	3.32212216716e+15	-3.03400315555e+13	0.00021292597256	0.999787096695
902.235938758	3.32285588637e+15	-3.03467324121e+13	0.000212819260342	0.999787203384
902.036672202	3.32358992975e+15	-3.03534362293e+13	0.000212712577611	0.999787310044
901.837405646	3.32432429752e+15	-3.03601430089e+13	0.000212605925479	0.999787416674
901.63813909	3.32505898988e+15	-3.0366852753e+13	0.000212499303332	0.999787523273
901.438872534	3.32579400705e+15	-3.03735654636e+13	0.000212392710707	0.999787629843
901.239605978	3.32652934926e+15	-3.03802811425e+13	0.000212286148496	0.999787736383
901.040339422	3.3272650167e+15	-3.03869997918e+13	0.000212179616227	0.999787842892
900.841072867	3.32800100961e+15	-3.03937214135e+13	0.000212073113544	0.999787949372
900.641806311	3.3287373282e+15	-3.04004460094e+13	0.000211966641151	0.999788055822
900.442539755	3.32947397267e+15	-3.04071735817e+13	0.000211860198398	0.999788162242
900.243273199	3.33021094326e+15	-3.04139041322e+13	0.000211753785859	0.999788268632
900.044006643	3.33094824017e+15	-3.04206376629e+13	0.000211647403234	0.999788374992
899.844740087	3.33168586362e+15	-3.04273741759e+13	0.000211541050302	0.999788481323
899.645473531	3.33242381383e+15	-3.04341136731e+13	0.000211434727507	0.999788587623
899.446206975	3.33316209102e+15	-3.04408561564e+13	0.000211328434445	0.999788693894
899.246940419	3.3339006954e+15	-3.04476016279e+13	0.000211222171468	0.999788800134
899.047673863	3.33463962719e+15	-3.04543500896e+13	0.000211115938259	0.999788906345
898.848407307	3.33537888662e+15	-3.04611015434e+13	0.000211009735088	0.999789012526
898.649140751	3.33611847388e+15	-3.04678559914e+13	0.000210903561717	0.999789118677
898.449874195	3.33685838922e+15	-3.04746134355e+13	0.000210797418275	0.999789224798
898.250607639	3.33759863284e+15	-3.04813738777e+13	0.000210691304759	0.999789330889
898.051341083	3.33833920495e+15	-3.048813732e+13	0.000210585221161	0.99978943695
897.852074527	3.33908010579e+15	-3.04949037645e+13	0.000210479167467	0.999789542982
897.652807971	3.33982133557e+15	-3.0501673213e+13	0.000210373143661	0.999789648983
897.453541415	3.34056289451e+15	-3.05084456677e+13	0.000210267149741	0.999789754955
897.254274859	3.34130478283e+15	-3.05152211305e+13	0.000210161185706	0.999789860897
897.055008303	3.34204700074e+15	-3.05219996034e+13	0.000210055251553	0.999789966809
896.855741747	3.34278954847e+15	-3.05287810884e+13	0.000209949347281	0.999790072691
896.656475191	3.34353242624e+15	-3.05355655876e+13	0.000209843472889	0.999790178543
896.457208636	3.34427563426e+15	-3.0542353103e+13	0.000209737628374	0.999790284365
896.25794208	3.34501917277e+15	-3.05491436364e+13	0.000209631813734	0.999790390157
896.058675524	3.34576304197e+15	-3.05559371901e+13	0.000209526028968	0.99979049592
895.859408968	3.34650724208e+15	-3.0562733766e+13	0.000209420274074	0.999790601653
895.660142412	3.34725177334e+15	-3.0569533366e+13	0.00020931454905	0.999790707356
895.460875856	3.34799663596e+15	-3.05763359923e+13	0.000209208853895	0.999790813029
895.2616093	3.34874183016e+15	-3.05831416468e+13	0.000209103188606	0.999790918672
895.062342744	3.34948735617e+15	-3.05899503316e+13	0.000208997553181	0.999791024285
894.863076188	3.35023321419e+15	-3.05967620487e+13	0.00020889194762	0.999791129869
894.663809632	3.35097940447e+15	-3.06035768001e+13	0.00020878637192	0.999791235422
894.464543076	3.35172592721e+15	-3.06103945879e+13	0.00020868082608	0.999791340946
894.26527652	3.35247278265e+15	-3.0617215414e+13	0.000208575310097	0.99979144644
894.066009964	3.353219971e+15	-3.06240392806e+13	0.000208469823969	0.999791551904
893.866743408	3.35396749248e+15	-3.06308661895e+13	0.000208364367696	0.999791657339
893.667476852	3.35471534732e+15	-3.0637696143e+13	0.000208258941275	0.999791762743
893.468210296	3.35546353575e+15	-3.0644529143e+13	0.000208153544704	0.999791868118
893.26894374	3.35621205798e+15	-3.06513651915e+13	0.000208048177982	0.999791973463
893.069677184	3.35696091424e+15	-3.06582042906e+13	0.000207942841107	0.999792078778
892.870410628	3.35771010475e+15	-3.06650464423e+13	0.000207837534077	0.999792184063
892.671144072	3.35845962974e+15	-3.06718916488e+13	0.00020773225689	0.999792289318
892.471877516	3.35920948943e+15	-3.06787399119e+13	0.000207627009544	0.999792394543
892.27261096	3.35995968404e+15	-3.06855912338e+13	0.000207521792038	0.999792499739
893.27261096	3.35619827947e+15	-3.06512393561e+13	0.000208050116839	0.999791971524
893.575641264	3.35506012201e+15	-3.06408448757e+13	0.000208210363655	0.999791811311
893.878671567	3.35392273623e+15	-3.0630457443e+13	0.000208370679501	0.999791651028
894.18170187	3.35278612136e+15	-3.06200770506e+13	0.000208531064385	0.999791490677
894.484732173	3.3516502766e+15	-3.06097036916e+13	0.000208691518312	0.999791330256
894.787762476	3.35051520117e+15	-3.05993373586e+13	0.000208852041288	0.999791169767
895.090792779	3.3493808943e+15	-3.05889780446e+13	0.00020901263332	0.999791009208
895.393823082	3.3482473552e+15	-3.05786257425e+13	0.000209173294415	0.999790848581
895.696853385	3.3471145831e+15	-3.05682804451e+13	0.000209334024577	0.999790687884
895.999883688	3.34598257721e+15	-3.05579421454e+13	0.000209494823815	0.999790527119
896.302913991	3.34485133676e+15	-3.05476108361e+13	0.000209655692133	0.999790366284
896.605944294	3.34372086096e+15	-3.05372865104e+13	0.000209816629539	0.99979020538
896.908974597	3.34259114906e+15	-3.0526969161e+13	0.000209977636039	0.999790044408
897.2120049	3.34146220027e+15	-3.05166587808e+13	0.000210138711639	0.999789883366
897.515035203	3.34033401382e+15	-3.0506355363e+13	0.000210299856345	0.999789722255
897.818065506	3.33920658893e+15	-3.04960589003e+13	0.000210461070163	0.999789561075
898.121095809	3.33807992485e+15	-3.04857693858e+13	0.000210622353101	0.999789399826
898.424126112	3.33695402079e+15	-3.04754868124e+13	0.000210783705217	0.999789238508
898.727156415	3.33582887598e+15	-3.04652111731e+13	0.000210945126486	0.999789077121
899.030186718	3.33470448967e+15	-3.04549424609e+13	0.000211106616932	0.999788915665
899.333217021	3.33358086109e+15	-3.04446806687e+13	0.000211268176564	0.999788754139
899.636247324	3.33245798946e+15	-3.04344257897e+13	0.000211429805398	0.999788592544
899.939277627	3.33133587402e+15	-3.04241778167e+13	0.000211591503223	0.999788430881
900.24230793	3.33021451402e+15	-3.04139367429e+13	0.000211753270458	0.999788269148
900.545338233	3.32909390868e+15	-3.04037025613e+13	0.00021191510694	0.999788107345
900.848368536	3.32797405724e+15	-3.03934752649e+13	0.000212077012344	0.999787945474
901.151398839	3.32685495896e+15	-3.03832548467e+13	0.000212238987333	0.999787783534
901.454429142	3.32573661306e+15	-3.03730412999e+13	0.000212401031209	0.999787621524
901.757459445	3.32461901878e+15	-3.03628346175e+13	0.000212563144828	0.999787459445
902.060489748	3.32350217538e+15	-3.03526347926e+13	0.000212725327328	0.999787297297
902.363520051	3.32238608209e+15	-3.03424418182e+13	0.000212887579846	0.999787135079
902.666550354	3.32127073815e+15	-3.03322556876e+13	0.000213049901399	0.999786972792
902.969580657	3.32015614282e+15	-3.03220763937e+13	0.00021321229371	0.999786810434
903.27261096	3.31904229534e+15	-3.03119039297e+13	0.000213374756063	0.999786648007
903.575641264	3.31792919496e+15	-3.03017382888e+13	0.000213537291493	0.999786485506
903.878671567	3.31681684092e+15	-3.0291579464e+13	0.000213699899562	0.999786322933
904.18170187	3.31570523248e+15	-3.02814274486e+13	0.000213862583236	0.999786160284
904.484732173	3.31459436888e+15	-3.02712822356e+13	0.000214025338685	0.999785997563
904.787762476	3.31348424939e+15	-3.02611438183e+13	0.000214188165789	0.999785834771
905.090792779	3.31237487324e+15	-3.02510121898e+13	0.000214351060146	0.999785671911
905.393823082	3.3112662397e+15	-3.02408873433e+13	0.000214514020548	0.999785508986
905.696853385	3.31015834801e+15	-3.0230769272e+13	0.000214677044418	0.999785345997
905.999883688	3.30905119744e+15	-3.02206579691e+13	0.000214840143665	0.999785182933
906.302913991	3.30794478724e+15	-3.02105534278e+13	0.000215003311025	0.999785019801
906.605944294	3.30683911667e+15	-3.02004556413e+13	0.000215166558236	0.999784856588
906.908974597	3.30573418499e+15	-3.01903646029e+13	0.000215329912555	0.999784693269
907.2120049	3.30462999145e+15	-3.01802803057e+13	0.000219815199731	0.999780208958
907.515035203	3.30352653533e+15	-3.01702027431e+13	0.000222009031073	0.999778015611
907.818065506	3.30242381587e+15	-3.01601319083e+13	0.000222562649114	0.999777462116
908.121095809	3.30132183234e+15	-3.01500677946e+13	0.00022317289089	0.99977685201
908.424126112	3.300220584e+15	-3.01400103952e+13	0.000223861409582	0.999776163646
908.727156415	3.29912007013e+15	-3.01299597034e+13	0.000224661532102	0.999775363702
909.030186718	3.29802028998e+15	-3.01199157125e+13	0.000225624845363	0.999774400606
909.333217021	3.29692124282e+15	-3.01098784158e+13	0.000226831454281	0.99977319427
909.636247324	3.29582292792e+15	-3.00998478067e+13	0.000228406286647	0.999771619796
909.939277627	3.29472534455e+15	-3.00898238784e+13	0.000230545671321	0.999769480902
910.24230793	3.29362849198e+15	-3.00798066242e+13	0.000233563353375	0.99976646392
910.545338233	3.29253236947e+15	-3.00697960375e+13	0.000237979149711	0.999762049165
910.848368536	3.2914369763e+15	-3.00597921117e+13	0.000244719967788	0.999755309974
911.151398839	3.29034231174e+15	-3.00497948401e+13	0.000255653258231	0.999744379418
911.454429142	3.28924837506e+15	-3.00398042161e+13	0.000275038899157	0.999724998921
911.757459445	3.28815516555e+15	-3.0029820233e+13	0.000312862690638	0.999687186246
912.060489748	3.28706268246e+15	-3.00198428842e+13	0.000389509186304	0.999610566663
912.363520051	3.28597092509e+15	-3.00098721632e+13	0.000534841907087	0.999465301095
912.666550354	3.2848798927e+15	-2.99999080632e+13	0.000766872290874	0.999233421681
912.969580657	3.28378958458e+15	-2.99899505777e+13	0.00104809531098	0.998952453749
913.27261096	3.2827e+15	-2.99799997002e+13	0.00126296726841	0.998737829939
913.575641264	3.28161113825e+15	-2.9970055424e+13	0.00127767355111	0.998723142326
913.878671567	3.2805229986e+15	-2.99601177426e+13	0.00105582502474	0.998944732162
914.18170187	3.27943558033e+15	-2.99501866495e+13	0.000702007622628	0.999298238727
914.484732173	3.27834888274e+15	-2.9940262138e+13	0.000372318743346	0.999627750559
914.787762476	3.2772629051e+15	-2.99303442016e+13	0.000156692972824	0.999843319303
915.090792779	3.2761776467e+15	-2.99204328339e+13	5.21546796784e-05	0.99994784668
915.393823082	3.27509310682e+15	-2.99105280282e+13	1.36999121147e-05	0.999986300182
915.696853385	3.27400928475e+15	-2.99006297781e+13	2.83706950937e-06	0.999997162935
915.999883688	3.27292617978e+15	-2.98907380771e+13	4.63807588622e-07	0.999999536193
916.302913991	3.2718437912e+15	-2.98808529186e+13	6.06176009865e-08	0.999999939382
916.605944294	3.27076211829e+15	-2.98709742963e+13	7.21883509883e-09	0.999999992781
916.908974597	3.26968116036e+15	-2.98611022035e+13	1.53337216016e-09	0.999999998467
917.2120049	3.26860091667e+15	-2.98512366338e+13	9.34905583409e-10	0.999999999065
917.515035203	3.26752138654e+15	-2.98413775808e+13	7.83487583749e-10	0.999999999217
917.818065506	3.26644256926e+15	-2.9831525038e+13	6.85856890563e-10	0.999999999314
918.121095809	3.26536446411e+15	-2.98216789989e+13	6.08435778076e-10	0.999999999392
918.424126112	3.26428707039e+15	-2.98118394572e+13	5.45037622685e-10	0.999999999455
918.727156415	3.2632103874e+15	-2.98020064063e+13	4.92283811292e-10	0.999999999508
919.030186718	3.26213441444e+15	-2.979217984e+13	4.47810140126e-10	0.999999999552
919.333217021	3.2610591508e+15	-2.97823597517e+13	4.10283798168e-10	0.99999999959
919.636247324	3.25998459578e+15	-2.9772546135e+13	3.7765625644e-10	0.999999999622
919.939277627	3.25891074869e+15	-2.97627389836e+13	3.49316966474e-10	0.999999999651
920.24230793	3.25783760882e+15	-2.97529382911e+13	3.24514393766e-10	0.999999999675
920.545338233	3.25676517547e+15	-2.97431440511e+13	3.02651765231e-10	0.999999999697
920.848368536	3.25569344795e+15	-2.97333562572e+13	2.83175209686e-10	0.999999999717
921.151398839	3.25462242556e+15	-2.9723574903e+13	2.66142051676e-10	0.999999999734
921.454429142	3.25355210761e+15	-2.97137999823e+13	2.50645145741e-10	0.999999999749
921.757459445	3.25248249339e+15	-2.97040314886e+13	2.36684920849e-10	0.999999999763
922.060489748	3.25141358222e+15	-2.96942694157e+13	2.24068672763e-10	0.999999999776
922.363520051	3.25034537341e+15	-2.96845137572e+13	2.12620918971e-10	0.999999999787
922.666550354	3.24927786625e+15	-2.96747645067e+13	2.02135818942e-10	0.999999999798
922.969580657	3.24821106007e+15	-2.9665021658e+13	1.92416882661e-10	0.999999999808
923.27261096	3.24714495417e+15	-2.96552852048e+13	1.83791374269e-10	0.999999999816
