912.0	3.28728070175e+15	-3.00483793083e+13	0.000263223162489	0.999736811478
911.80889017	3.28796969663e+15	-3.00546772735e+13	0.000254887989685	0.999745144491
911.61778034	3.28865898039e+15	-3.00609778794e+13	0.000248890102317	0.999751140868
911.42667051	3.28934855321e+15	-3.00672811275e+13	0.00024443619987	0.999755593672
911.23556068	3.29003841527e+15	-3.00735870195e+13	0.000241048094132	0.999758980956
911.04445085	3.29072856676e+15	-3.00798955571e+13	0.000238422283111	0.999761606137
910.85334102	3.29141900785e+15	-3.00862067419e+13	0.00023635521776	0.999763672712
910.66223119	3.29210973873e+15	-3.00925205756e+13	0.000234704278705	0.999765323262
910.471121361	3.29280075959e+15	-3.00988370599e+13	0.000233366534014	0.999766660694
910.280011531	3.2934920706e+15	-3.01051561965e+13	0.000232266226906	0.999767760745
910.088901701	3.29418367194e+15	-3.0111477987e+13	0.000231346939654	0.999768679819
909.897791871	3.29487556381e+15	-3.0117802433e+13	0.000230566380384	0.999769460198
909.706682041	3.29556774638e+15	-3.01241295363e+13	0.000229892649342	0.999770133774
909.515572211	3.29626021984e+15	-3.01304592986e+13	0.00022930167675	0.999770724611
909.324462381	3.29695298436e+15	-3.01367917214e+13	0.000228775205862	0.999771250961
909.133352551	3.29764604014e+15	-3.01431268066e+13	0.000228299427015	0.999771726631
908.942242721	3.29833938736e+15	-3.01494645557e+13	0.000227863853323	0.999772162106
908.751132891	3.29903302619e+15	-3.01558049704e+13	0.000227460515528	0.999772565352
908.560023061	3.29972695684e+15	-3.01621480525e+13	0.000227083337935	0.999772942444
908.368913231	3.30042117947e+15	-3.01684938036e+13	0.000226727675231	0.999773298026
908.177803401	3.30111569427e+15	-3.01748422255e+13	0.000226389969632	0.999773635655
907.986693571	3.30181050144e+15	-3.01811933197e+13	0.000223609700894	0.999776415298
907.795583742	3.30250560114e+15	-3.01875470879e+13	0.000219861248962	0.999780162919
907.604473912	3.30320099358e+15	-3.0193903532e+13	0.000219755892006	0.999780268253
907.413364082	3.30389667892e+15	-3.02002626535e+13	0.000219650743658	0.999780373378
907.222254252	3.30459265737e+15	-3.02066244541e+13	0.000219545678985	0.999780478419
907.031144422	3.30528892909e+15	-3.02129889356e+13	0.000219440656349	0.999780583419
906.840034592	3.30598549429e+15	-3.02193560996e+13	0.000219335678996	0.999780688373
906.648924762	3.30668235314e+15	-3.02257259478e+13	0.000219230728292	0.999780793301
906.457814932	3.30737950582e+15	-3.0232098482e+13	0.000219125806485	0.9997808982
906.266705102	3.30807695254e+15	-3.02384737038e+13	0.000219020923958	0.999781003059
906.075595272	3.30877469346e+15	-3.02448516149e+13	0.00021891605469	0.999781107906
905.884485442	3.30947272878e+15	-3.02512322171e+13	0.000218811218791	0.999781212719
905.693375612	3.31017105869e+15	-3.0257615512e+13	0.000218706396537	0.999781317518
905.502265782	3.31086968337e+15	-3.02640015013e+13	0.000218601605668	0.999781422286
905.311155952	3.311568603e+15	-3.02703901868e+13	0.000218496840017	0.999781527029
905.120046123	3.31226781778e+15	-3.02767815702e+13	0.000218392096724	0.999781631749
904.928936293	3.31296732789e+15	-3.0283175653e+13	0.000218287391819	0.999781736431
904.737826463	3.31366713352e+15	-3.02895724372e+13	0.000218182716633	0.999781841083
904.546716633	3.31436723485e+15	-3.02959719244e+13	0.00021807808226	0.999781945695
904.355606803	3.31506763208e+15	-3.03023741162e+13	0.00021797348357	0.999782050271
904.164496973	3.31576832538e+15	-3.03087790145e+13	0.000217868915789	0.999782154816
903.973387143	3.31646931496e+15	-3.03151866209e+13	0.000217764384938	0.999782259324
903.782277313	3.31717060099e+15	-3.03215969371e+13	0.000217659885719	0.9997823638
903.591167483	3.31787218367e+15	-3.0328009965e+13	0.000217555414078	0.999782468249
903.400057653	3.31857406318e+15	-3.03344257061e+13	0.000217450974989	0.999782572666
903.208947823	3.31927623971e+15	-3.03408441622e+13	0.000217346564934	0.999782677053
903.017837993	3.31997871345e+15	-3.0347265335e+13	0.000217242183571	0.999782781412
902.826728163	3.32068148458e+15	-3.03536892263e+13	0.000217137828523	0.999782885744
902.635618333	3.32138455331e+15	-3.03601158378e+13	0.000217033504064	0.999782990046
902.444508504	3.32208791981e+15	-3.03665451713e+13	0.000216929207869	0.99978309432
902.253398674	3.32279158428e+15	-3.03729772283e+13	0.00021682493817	0.999783198567
902.062288844	3.3234955469e+15	-3.03794120107e+13	0.000216720698401	0.999783302784
901.871179014	3.32419980787e+15	-3.03858495203e+13	0.000216616486763	0.999783406973
901.680069184	3.32490436737e+15	-3.03922897587e+13	0.000216512301884	0.999783511135
901.488959354	3.3256092256e+15	-3.03987327276e+13	0.000216408146493	0.999783615268
901.297849524	3.32631438274e+15	-3.04051784289e+13	0.000216304019179	0.999783719373
901.106739694	3.32701983898e+15	-3.04116268642e+13	0.000216199918868	0.999783823451
900.915629864	3.32772559452e+15	-3.04180780354e+13	0.000216095847716	0.999783927499
900.724520034	3.32843164954e+15	-3.0424531944e+13	0.000215991803754	0.999784031521
900.533410204	3.32913800424e+15	-3.04309885919e+13	0.000215887788728	0.999784135513
900.342300374	3.32984465881e+15	-3.04374479809e+13	0.000215783801741	0.999784239478
900.151190544	3.33055161343e+15	-3.04439101126e+13	0.000215679842133	0.999784343415
899.960080714	3.3312588683e+15	-3.04503749889e+13	0.000215575911238	0.999784447324
899.768970885	3.33196642362e+15	-3.04568426114e+13	0.000215472007866	0.999784551205
899.577861055	3.33267427956e+15	-3.04633129819e+13	0.000215368133045	0.999784655057
899.386751225	3.33338243633e+15	-3.04697861022e+13	0.000215264285875	0.999784758882
899.195641395	3.33409089411e+15	-3.0476261974e+13	0.000215160466854	0.999784862678
899.004531565	3.3347996531e+15	-3.0482740599e+13	0.000215056675921	0.999784966447
898.813421735	3.33550871349e+15	-3.04892219791e+13	0.000214952913211	0.999785070188
898.622311905	3.33621807547e+15	-3.0495706116e+13	0.000214849178517	0.9997851739
898.431202075	3.33692773924e+15	-3.05021930115e+13	0.000214745471837	0.999785277584
898.240092245	3.33763770498e+15	-3.05086826672e+13	0.00021464179317	0.999785381241
898.048982415	3.33834797289e+15	-3.0515175085e+13	0.000214538142513	0.999785484869
897.857872585	3.33905854316e+15	-3.05216702667e+13	0.000214434519865	0.99978558847
897.666762755	3.33976941599e+15	-3.05281682139e+13	0.000214330925225	0.999785692042
897.475652925	3.34048059157e+15	-3.05346689285e+13	0.000214227358591	0.999785795586
897.284543095	3.34119207008e+15	-3.05411724123e+13	0.000214123819961	0.999785899103
897.093433266	3.34190385174e+15	-3.05476786669e+13	0.000214020309334	0.999786002591
896.902323436	3.34261593672e+15	-3.05541876943e+13	0.000213916826708	0.999786106052
896.711213606	3.34332832523e+15	-3.0560699496e+13	0.000213813372082	0.999786209484
896.520103776	3.34404101746e+15	-3.0567214074e+13	0.000213709945453	0.999786312889
896.328993946	3.34475401359e+15	-3.057373143e+13	0.000213606546821	0.999786416265
896.137884116	3.34546731384e+15	-3.05802515658e+13	0.000213503176183	0.999786519614
895.946774286	3.34618091838e+15	-3.05867744831e+13	0.000213399833539	0.999786622935
895.755664456	3.34689482742e+15	-3.05933001838e+13	0.000213296518886	0.999786726227
895.564554626	3.34760904115e+15	-3.05998286696e+13	0.000213193232222	0.999786829492
895.373444796	3.34832355977e+15	-3.06063599422e+13	0.000213089973547	0.999786932729
895.182334966	3.34903838346e+15	-3.06128940036e+13	0.000212986742859	0.999787035937
894.991225136	3.34975351244e+15	-3.06194308554e+13	0.000212883540155	0.999787139118
894.800115306	3.35046894688e+15	-3.06259704995e+13	0.000212780365435	0.999787242271
894.609005476	3.35118468699e+15	-3.06325129376e+13	0.000212677218697	0.999787345395
894.417895647	3.35190073297e+15	-3.06390581716e+13	0.000212574099939	0.999787448492
894.226785817	3.35261708501e+15	-3.06456062032e+13	0.000212471009159	0.999787551561
894.035675987	3.3533337433e+15	-3.06521570342e+13	0.000212367946357	0.999787654602
893.844566157	3.35405070804e+15	-3.06587106665e+13	0.000212264911529	0.999787757615
893.653456327	3.35476797944e+15	-3.06652671017e+13	0.000212161904675	0.9997878606
893.462346497	3.35548555768e+15	-3.06718263418e+13	0.000212058925794	0.999787963557
893.271236667	3.35620344296e+15	-3.06783883885e+13	0.000211955974883	0.999788066486
893.080126837	3.35692163548e+15	-3.06849532437e+13	0.00021185305194	0.999788169387
894.080126837	3.3531670261e+15	-3.06506331054e+13	0.000212391915569	0.999787630638
894.38315714	3.35203092329e+15	-3.06402482154e+13	0.000212555358792	0.999787467229
894.686187443	3.35089559007e+15	-3.06298703601e+13	0.00021271887236	0.999787303751
894.989217746	3.34976102567e+15	-3.06194995324e+13	0.000212882456278	0.999787140202
895.292248049	3.3486272293e+15	-3.06091357251e+13	0.000213046110552	0.999786976582
895.595278352	3.34749420019e+15	-3.05987789311e+13	0.00021320983519	0.999786812892
895.898308655	3.34636193755e+15	-3.05884291434e+13	0.000213373630198	0.999786649132
896.201338958	3.34523044061e+15	-3.05780863547e+13	0.000213537495581	0.999786485302
896.504369261	3.34409970859e+15	-3.05677505581e+13	0.000213701431347	0.999786321401
896.807399564	3.34296974072e+15	-3.05574217463e+13	0.000213865437502	0.99978615743
897.110429867	3.34184053622e+15	-3.05470999124e+13	0.000214029514052	0.999785993389
897.41346017	3.34071209432e+15	-3.05367850493e+13	0.000214193661004	0.999785829277
897.716490473	3.33958441425e+15	-3.05264771498e+13	0.000214357878365	0.999785665095
898.019520776	3.33845749523e+15	-3.0516176207e+13	0.00021452216614	0.999785500842
898.322551079	3.3373313365e+15	-3.05058822138e+13	0.000214686524335	0.999785336519
898.625581382	3.33620593728e+15	-3.04955951632e+13	0.000214850952959	0.999785172126
898.928611685	3.33508129681e+15	-3.04853150482e+13	0.000215015452016	0.999785007662
899.231641989	3.33395741432e+15	-3.04750418617e+13	0.000215180021722	0.999784843128
899.534672292	3.33283428905e+15	-3.04647755968e+13	0.000215344662336	0.999784678523
899.837702595	3.33171192022e+15	-3.04545162464e+13	0.000215509372786	0.999784513848
900.140732898	3.33059030708e+15	-3.04442638036e+13	0.000215674154246	0.999784349102
900.443763201	3.32946944887e+15	-3.04340182614e+13	0.000215839006365	0.999784184285
900.746793504	3.32834934481e+15	-3.04237796128e+13	0.000216003928323	0.999784019399
901.049823807	3.32722999416e+15	-3.0413547851e+13	0.000216168921705	0.999783854441
901.35285411	3.32611139614e+15	-3.04033229688e+13	0.000216333985874	0.999783689413
901.655884413	3.32499355001e+15	-3.03931049594e+13	0.000216499119564	0.999783524315
901.958914716	3.323876455e+15	-3.0382893816e+13	0.000216664325296	0.999783359145
902.261945019	3.32276011036e+15	-3.03726895314e+13	0.000216829600383	0.999783193905
902.564975322	3.32164451532e+15	-3.03624920989e+13	0.000216994948089	0.999783028594
902.868005625	3.32052966915e+15	-3.03523015116e+13	0.000217160365091	0.999782863213
903.171035928	3.31941557107e+15	-3.03421177625e+13	0.000217325855745	0.999782697758
903.474066231	3.31830222035e+15	-3.03319408448e+13	0.000217491416265	0.999782532233
903.777096534	3.31718961622e+15	-3.03217707516e+13	0.000217657053288	0.999782366632
904.080126837	3.31607775794e+15	-3.0311607476e+13	0.000217822764084	0.999782200958
904.38315714	3.31496664476e+15	-3.03014510112e+13	0.000217988560319	0.999782035197
904.686187443	3.31385627592e+15	-3.02913013504e+13	0.000218154440251	0.999781869354
904.989217746	3.31274665069e+15	-3.02811584866e+13	0.000218320415079	0.999781703415
905.292248049	3.31163776831e+15	-3.02710224132e+13	0.000218486469877	0.999781537397
905.595278352	3.31052962804e+15	-3.02608931232e+13	0.000218652604093	0.999781371299
905.898308655	3.30942222914e+15	-3.02507706099e+13	0.000218818800968	0.999781205138
906.201338958	3.30831557085e+15	-3.02406548664e+13	0.000218985056082	0.999781038919
906.504369261	3.30720965244e+15	-3.0230545886e+13	0.000219151359673	0.999780872652
906.807399564	3.30610447317e+15	-3.02204436619e+13	0.000219317757419	0.999780706291
907.110429867	3.30500003229e+15	-3.02103481873e+13	0.000219484221366	0.999780539864
907.41346017	3.30389632906e+15	-3.02002594555e+13	0.000219650796473	0.999780373325
907.716490473	3.30279336276e+15	-3.01901774596e+13	0.00021981759655	0.999780206562
908.019520776	3.30169113263e+15	-3.01801021931e+13	0.000224595245798	0.999775429974
908.322551079	3.30058963794e+15	-3.01700336491e+13	0.000226644216211	0.999773381466
908.625581382	3.29948887796e+15	-3.01599718208e+13	0.000227210092412	0.999772815718
908.928611685	3.29838885195e+15	-3.01499167017e+13	0.000227834099314	0.999772191853
909.231641989	3.29728955917e+15	-3.01398682849e+13	0.000228538516043	0.999771487597
909.534672292	3.29619099891e+15	-3.01298265638e+13	0.000229357576797	0.999770668724
909.837702595	3.29509317041e+15	-3.01197915317e+13	0.000230344304299	0.999769682223
910.140732898	3.29399607295e+15	-3.01097631819e+13	0.000231580992168	0.999768445821
910.443763201	3.29289970581e+15	-3.00997415077e+13	0.00023319595799	0.99976683123
910.746793504	3.29180406825e+15	-3.00897265025e+13	0.000235390792567	0.99976463691
911.049823807	3.29070915954e+15	-3.00797181596e+13	0.000238487687926	0.999761540748
911.35285411	3.28961497896e+15	-3.00697164724e+13	0.000243020676619	0.999757008851
911.655884413	3.28852152579e+15	-3.00597214342e+13	0.000249943131745	0.999750088101
911.958914716	3.28742879928e+15	-3.00497330384e+13	0.000261178888362	0.999738855216
912.261945019	3.28633679873e+15	-3.00397512784e+13	0.000281118734603	0.999718920776
912.564975322	3.28524552341e+15	-3.00297761475e+13	0.000320038523799	0.999680012683
912.868005625	3.2841549726e+15	-3.00198076393e+13	0.000398836556441	0.999601242968
913.171035928	3.28306514557e+15	-3.0009845747e+13	0.0005479436295	0.999452206464
913.474066231	3.28197604161e+15	-2.99998904641e+13	0.000785329527007	0.999214978764
913.777096534	3.28088765999e+15	-2.9989941784e+13	0.00107206748038	0.998928506979
914.080126837	3.2798e+15	-2.99799997002e+13	0.00129001285394	0.998710818855
914.38315714	3.27871306092e+15	-2.99700642061e+13	0.00130332053447	0.998697528419
914.686187443	3.27762684203e+15	-2.99601352951e+13	0.00107594229391	0.998924636324
914.989217746	3.27654134262e+15	-2.99502129607e+13	0.000714965488939	0.999285290038
915.292248049	3.27545656198e+15	-2.99402971964e+13	0.000379147531594	0.999620924336
915.595278352	3.27437249938e+15	-2.99303879957e+13	0.000159630700312	0.99984038204
915.898308655	3.27328915412e+15	-2.99204853519e+13	5.31844489673e-05	0.999946816965
916.201338958	3.27220652549e+15	-2.99105892588e+13	1.39954747477e-05	0.999986004623
916.504369261	3.27112461277e+15	-2.99006997096e+13	2.90887492322e-06	0.999997091129
916.807399564	3.27004341525e+15	-2.9890816698e+13	4.81121640332e-07	0.999999518878
917.110429867	3.26896293223e+15	-2.98809402174e+13	6.67530517702e-08	0.999999933247
917.41346017	3.267883163e+15	-2.98710702614e+13	1.10375932531e-08	0.999999988962
917.716490473	3.26680410685e+15	-2.98612068236e+13	4.57043278819e-09	0.99999999543
918.019520776	3.26572576307e+15	-2.98513498974e+13	3.50279971892e-09	0.999999996497
918.322551079	3.26464813096e+15	-2.98414994765e+13	3.00380377521e-09	0.999999996996
918.625581382	3.26357120982e+15	-2.98316555543e+13	2.63292502711e-09	0.999999997367
918.928611685	3.26249499893e+15	-2.98218181245e+13	2.33575330834e-09	0.999999997664
919.231641989	3.26141949761e+15	-2.98119871806e+13	2.09229728145e-09	0.999999997908
919.534672292	3.26034470514e+15	-2.98021627163e+13	1.88974501512e-09	0.99999999811
919.837702595	3.25927062083e+15	-2.97923447251e+13	1.71898238977e-09	0.999999998281
920.140732898	3.25819724398e+15	-2.97825332006e+13	1.57490339915e-09	0.999999998425
920.443763201	3.25712457389e+15	-2.97727281364e+13	1.44961481062e-09	0.99999999855
920.746793504	3.25605260985e+15	-2.97629295262e+13	1.34081697626e-09	0.999999998659
921.049823807	3.25498135118e+15	-2.97531373636e+13	1.24558559205e-09	0.999999998754
921.35285411	3.25391079718e+15	-2.97433516422e+13	1.16167435666e-09	0.999999998838
921.655884413	3.25284094715e+15	-2.97335723557e+13	1.0868848609e-09	0.999999998913
921.958914716	3.2517718004e+15	-2.97237994977e+13	1.02149933807e-09	0.999999998979
922.261945019	3.25070335623e+15	-2.9714033062e+13	9.61999924069e-10	0.999999999038
922.564975322	3.24963561396e+15	-2.9704273042e+13	9.08416223736e-10	0.999999999092
922.868005625	3.24856857289e+15	-2.96945194317e+13	8.59977262705e-10	0.99999999914
923.171035928	3.24750223233e+15	-2.96847722245e+13	8.1603374723e-10	0.999999999184
923.474066231	3.24643659159e+15	-2.96750314143e+13	7.75793649783e-10	0.999999999224
923.777096534	3.24537164999e+15	-2.96652969947e+13	7.38501379009e-10	0.999999999261
924.080126837	3.24430740683e+15	-2.96555689595e+13	7.05352050974e-10	0.999999999295
