912.0	3.28728070175e+15	-3.0091500857e+13	0.000239677273506	0.999760351447
911.822140368	3.28792191731e+15	-3.00973704922e+13	0.000238353640962	0.999761674763
911.644280736	3.28856338306e+15	-3.01032424177e+13	0.000237253583414	0.999762774559
911.466421104	3.28920509915e+15	-3.01091166348e+13	0.000236327007846	0.999763700915
911.288561472	3.28984706574e+15	-3.01149931449e+13	0.000235535742331	0.999764491994
911.11070184	3.29048928297e+15	-3.01208719494e+13	0.00023485039349	0.999765177182
910.932842208	3.29113175098e+15	-3.01267530495e+13	0.000234248317	0.999765779117
910.754982576	3.29177446992e+15	-3.01326364467e+13	0.000233712157949	0.999766315151
910.577122944	3.29241743995e+15	-3.01385221422e+13	0.00023322835495	0.999766798841
910.399263312	3.2930606612e+15	-3.01444101374e+13	0.000232786537507	0.999767240555
910.22140368	3.29370413383e+15	-3.01503004337e+13	0.00023237865756	0.99976764834
910.043544048	3.29434785798e+15	-3.01561930324e+13	0.000231998478236	0.999768028431
909.865684416	3.29499183379e+15	-3.01620879348e+13	0.000231641135697	0.999768385691
909.687824784	3.29563606143e+15	-3.01679851424e+13	0.000231302828003	0.99976872392
909.509965152	3.29628054103e+15	-3.01738846564e+13	0.000230980600265	0.999769046074
909.33210552	3.29692527274e+15	-3.01797864782e+13	0.000229414547728	0.999770611766
909.154245888	3.29757025671e+15	-3.01856906092e+13	0.000224340300654	0.999775684862
908.976386256	3.29821549309e+15	-3.01915970507e+13	0.00022419992543	0.999775825205
908.798526624	3.29886098202e+15	-3.01975058042e+13	0.00022409977247	0.999775925336
908.620666992	3.29950672366e+15	-3.02034168708e+13	0.000223999923326	0.999776025163
908.44280736	3.30015271816e+15	-3.02093302521e+13	0.000223900188473	0.999776124875
908.264947728	3.30079896565e+15	-3.02152459493e+13	0.000223800498786	0.999776224543
908.087088096	3.3014454663e+15	-3.02211639638e+13	0.000223700886598	0.999776324133
907.909228464	3.30209222025e+15	-3.0227084297e+13	0.000223601357849	0.999776423639
907.731368832	3.30273922764e+15	-3.02330069503e+13	0.000223501799971	0.999776523175
907.5535092	3.30338648863e+15	-3.02389319249e+13	0.000223402309926	0.999776622643
907.375649568	3.30403400337e+15	-3.02448592223e+13	0.000223302789465	0.999776722141
907.197789936	3.304681772e+15	-3.02507888439e+13	0.000223203316905	0.999776821591
907.019930304	3.30532979468e+15	-3.0256720791e+13	0.000223103816603	0.999776921069
906.842070672	3.30597807155e+15	-3.02626550649e+13	0.000223004355793	0.999777020508
906.66421104	3.30662660277e+15	-3.02685916671e+13	0.000222904908189	0.999777119933
906.486351408	3.30727538848e+15	-3.0274530599e+13	0.000222805459513	0.99977721936
906.308491776	3.30792442883e+15	-3.02804718618e+13	0.000222706069606	0.999777318728
906.130632144	3.30857372398e+15	-3.02864154569e+13	0.000222606722878	0.999777418052
905.952772512	3.30922327407e+15	-3.02923613858e+13	0.000222507406859	0.999777517346
905.77491288	3.30987307925e+15	-3.02983096498e+13	0.000222408160549	0.99977761657
905.597053248	3.31052313968e+15	-3.03042602503e+13	0.000222308963261	0.999777715746
905.419193615	3.3111734555e+15	-3.03102131886e+13	0.000222209796931	0.99977781489
905.241333983	3.31182402687e+15	-3.03161684662e+13	0.000222110685472	0.999777913979
905.063474351	3.31247485393e+15	-3.03221260844e+13	0.000222011609906	0.999778013033
904.885614719	3.31312593684e+15	-3.03280860446e+13	0.00022191255568	0.999778112065
904.707755087	3.31377727575e+15	-3.03340483481e+13	0.000221813542582	0.999778211056
904.529895455	3.3144288708e+15	-3.03400129965e+13	0.000221714557529	0.999778310019
904.352035823	3.31508072216e+15	-3.03459799909e+13	0.000221615599423	0.999778408955
904.174176191	3.31573282996e+15	-3.03519493329e+13	0.000221516659163	0.999778507874
903.996316559	3.31638519437e+15	-3.03579210239e+13	0.000221417753376	0.999778606758
903.818456927	3.31703781553e+15	-3.03638950651e+13	0.000221318873093	0.999778705616
903.640597295	3.31769069359e+15	-3.0369871458e+13	0.00022122001144	0.999778804456
903.462737663	3.31834382872e+15	-3.0375850204e+13	0.000221121181831	0.999778903264
903.284878031	3.31899722105e+15	-3.03818313044e+13	0.000221022377269	0.999779002046
903.107018399	3.31965087074e+15	-3.03878147607e+13	0.000220923592364	0.999779100809
902.929158767	3.32030477794e+15	-3.03938005743e+13	0.000220824837852	0.999779199542
902.751299135	3.32095894281e+15	-3.03997887465e+13	0.000220726108198	0.99977929825
902.573439503	3.3216133655e+15	-3.04057792788e+13	0.00022062740337	0.999779396933
902.395579871	3.32226804616e+15	-3.04117721724e+13	0.000220528719249	0.999779495595
902.217720239	3.32292298494e+15	-3.04177674289e+13	0.000220430064123	0.999779594229
902.039860607	3.32357818199e+15	-3.04237650497e+13	0.000220331433752	0.999779692837
901.862000975	3.32423363747e+15	-3.0429765036e+13	0.000220232824909	0.999779791425
901.684141343	3.32488935153e+15	-3.04357673894e+13	0.000220134244113	0.999779889984
901.506281711	3.32554532433e+15	-3.04417721113e+13	0.00022003568548	0.999779988521
901.328422079	3.32620155601e+15	-3.04477792029e+13	0.000219937154198	0.99978008703
901.150562447	3.32685804674e+15	-3.04537886658e+13	0.000219838645644	0.999780185517
900.972702815	3.32751479666e+15	-3.04598005013e+13	0.000219740163831	0.999780283977
900.794843183	3.32817180592e+15	-3.04658147109e+13	0.000219641705252	0.999780382414
900.616983551	3.32882907468e+15	-3.04718312959e+13	0.000219543272873	0.999780480825
900.439123919	3.3294866031e+15	-3.04778502578e+13	0.000219444864197	0.999780579212
900.261264287	3.33014439133e+15	-3.04838715979e+13	0.00021934648046	0.999780677574
900.083404655	3.33080243952e+15	-3.04898953177e+13	0.000219248122193	0.999780775911
899.905545023	3.33146074783e+15	-3.04959214186e+13	0.000219149788607	0.999780874223
899.727685391	3.33211931641e+15	-3.0501949902e+13	0.0002190514797	0.99978097251
899.549825759	3.33277814541e+15	-3.05079807693e+13	0.000218953195471	0.999781070773
899.371966127	3.333437235e+15	-3.0514014022e+13	0.000218854935919	0.999781169011
899.194106495	3.33409658531e+15	-3.05200496613e+13	0.000218756701041	0.999781267224
899.016246863	3.33475619652e+15	-3.05260876889e+13	0.000218658490838	0.999781365413
898.838387231	3.33541606877e+15	-3.0532128106e+13	0.000218560305308	0.999781463577
898.660527599	3.33607620222e+15	-3.05381709141e+13	0.000218462144449	0.999781561717
898.482667967	3.33673659703e+15	-3.05442161146e+13	0.000218364008259	0.999781659831
898.304808335	3.33739725334e+15	-3.0550263709e+13	0.000218265896739	0.999781757922
898.126948703	3.33805817132e+15	-3.05563136986e+13	0.000218167809886	0.999781855987
897.949089071	3.33871935112e+15	-3.05623660849e+13	0.000218069747699	0.999781954028
897.771229439	3.33938079289e+15	-3.05684208693e+13	0.000217971710176	0.999782052044
897.593369807	3.3400424968e+15	-3.05744780532e+13	0.000217873697317	0.999782150035
897.415510175	3.34070446299e+15	-3.05805376381e+13	0.000217775709121	0.999782248002
897.237650543	3.34136669163e+15	-3.05865996254e+13	0.000217677745584	0.999782345944
897.059790911	3.34202918287e+15	-3.05926640165e+13	0.000217579806708	0.999782443862
896.881931279	3.34269193686e+15	-3.05987308128e+13	0.000217481892489	0.999782541755
896.704071647	3.34335495376e+15	-3.06048000159e+13	0.000217384002928	0.999782639623
896.526212015	3.34401823374e+15	-3.0610871627e+13	0.000217286138021	0.999782737467
896.348352383	3.34468177693e+15	-3.06169456477e+13	0.000217188297769	0.999782835286
896.170492751	3.34534558351e+15	-3.06230220793e+13	0.00021709048217	0.99978293308
895.992633119	3.34600965363e+15	-3.06291009233e+13	0.000216992691223	0.99978303085
895.814773487	3.34667398745e+15	-3.06351821813e+13	0.000216894924925	0.999783128595
895.636913855	3.34733858512e+15	-3.06412658544e+13	0.000216797183277	0.999783226316
895.459054223	3.34800344679e+15	-3.06473519444e+13	0.000216699466276	0.999783324011
895.281194591	3.34866857264e+15	-3.06534404525e+13	0.000216601773921	0.999783421683
895.103334959	3.34933396281e+15	-3.06595313801e+13	0.000216504106211	0.999783519329
894.925475327	3.34999961746e+15	-3.06656247289e+13	0.000216406463145	0.999783616951
894.747615695	3.35066553675e+15	-3.06717205001e+13	0.000216308844721	0.999783714548
894.569756063	3.35133172084e+15	-3.06778186953e+13	0.000216211250938	0.999783812121
894.391896431	3.35199816989e+15	-3.06839193159e+13	0.000216113681795	0.999783909669
895.391896431	3.34825455976e+15	-3.06496506122e+13	0.000216662575848	0.999783360894
895.694926734	3.34712178278e+15	-3.06392812635e+13	0.000216829061183	0.999783194445
895.997957037	3.34598977202e+15	-3.06289189287e+13	0.000216995618066	0.999783027924
896.30098734	3.34485852671e+15	-3.06185636008e+13	0.000217162246504	0.999782861332
896.604017643	3.34372804606e+15	-3.06082152725e+13	0.000217328946504	0.999782694668
896.907047946	3.3425983293e+15	-3.05978739368e+13	0.000217495718071	0.999782527932
897.210078249	3.34146937566e+15	-3.05875395867e+13	0.000217662561213	0.999782361126
897.513108552	3.34034118436e+15	-3.0577212215e+13	0.000217829475935	0.999782194247
897.816138855	3.33921375464e+15	-3.05668918147e+13	0.000217996462245	0.999782027297
898.119169158	3.33808708572e+15	-3.05565783786e+13	0.000218163520149	0.999781860276
898.422199461	3.33696117683e+15	-3.05462718999e+13	0.000218330649654	0.999781693183
898.725229764	3.3358360272e+15	-3.05359723714e+13	0.000218497850765	0.999781526018
899.028260067	3.33471163607e+15	-3.05256797861e+13	0.00021866512349	0.999781358782
899.33129037	3.33358800267e+15	-3.0515394137e+13	0.000218832467835	0.999781191474
899.634320673	3.33246512623e+15	-3.05051154171e+13	0.000218999883807	0.999781024095
899.937350976	3.33134300599e+15	-3.04948436193e+13	0.000219167371411	0.999780856644
900.240381279	3.33022164118e+15	-3.04845787367e+13	0.000219334930655	0.999780689121
900.543411582	3.32910103105e+15	-3.04743207624e+13	0.00021950256235	0.999780521527
900.846441885	3.32798117482e+15	-3.04640696893e+13	0.000219670267479	0.999780353858
901.149472188	3.32686207175e+15	-3.04538255104e+13	0.000219838041887	0.999780186121
901.452502491	3.32574372107e+15	-3.04435882189e+13	0.00022000589008	0.999780018309
901.755532794	3.32462612202e+15	-3.04333578077e+13	0.000220173810695	0.999779850426
902.058563097	3.32350927384e+15	-3.042313427e+13	0.000220341803876	0.99977968247
902.3615934	3.32239317578e+15	-3.04129175989e+13	0.00022050986573	0.999779514445
902.664623703	3.32127782708e+15	-3.04027077873e+13	0.000220678003776	0.999779346344
902.967654006	3.320163227e+15	-3.03925048284e+13	0.000220846209781	0.999779178175
903.270684309	3.31904937476e+15	-3.03823087153e+13	0.000221014493451	0.999779009928
903.573714612	3.31793626963e+15	-3.03721194412e+13	0.000221182844416	0.999778841615
903.876744915	3.31682391085e+15	-3.0361936999e+13	0.000221351275248	0.999778673221
904.179775219	3.31571229767e+15	-3.03517613821e+13	0.000221519773138	0.999778504761
904.482805522	3.31460142935e+15	-3.03415925834e+13	0.000221688354894	0.999778336216
904.785835825	3.31349130512e+15	-3.03314305962e+13	0.000221857005994	0.999778167602
905.088866128	3.31238192425e+15	-3.03212754136e+13	0.000222025752181	0.999777998894
905.391896431	3.31127328599e+15	-3.03111270288e+13	0.000222194583199	0.9997778301
905.694926734	3.31016538959e+15	-3.03009854349e+13	0.000222363544176	0.999777661177
905.997957037	3.30905823431e+15	-3.02908506252e+13	0.00022253262807	0.99977749213
906.30098734	3.30795181941e+15	-3.02807225929e+13	0.000222701876941	0.999777322919
906.604017643	3.30684614414e+15	-3.0270601331e+13	0.000222871256609	0.999777153577
906.907047946	3.30574120776e+15	-3.0260486833e+13	0.000223040690627	0.999776984181
907.210078249	3.30463700953e+15	-3.02503790919e+13	0.000223210189325	0.99977681472
907.513108552	3.30353354872e+15	-3.0240278101e+13	0.000223379712489	0.999776645235
907.816138855	3.30243082457e+15	-3.02301838536e+13	0.000223549223343	0.999776475762
908.119169158	3.30132883637e+15	-3.02200963428e+13	0.000223718897749	0.999776306125
908.422199461	3.30022758336e+15	-3.02100155621e+13	0.000223888636733	0.999776136424
908.725229764	3.29912706482e+15	-3.01999415045e+13	0.000224058610902	0.999775966488
909.028260067	3.29802728001e+15	-3.01898741635e+13	0.00022422924988	0.999775795888
909.33129037	3.29692822819e+15	-3.01798135322e+13	0.00022939300706	0.999770633302
909.634320673	3.29582990864e+15	-3.0169759604e+13	0.000231204320287	0.999768822405
909.937350976	3.29473232062e+15	-3.01597123722e+13	0.000231782641533	0.999768244218
910.240381279	3.2936354634e+15	-3.01496718301e+13	0.000232420757349	0.99976760625
910.543411582	3.29253933625e+15	-3.0139637971e+13	0.0002331416726	0.999766885503
910.846441885	3.29144393845e+15	-3.01296107883e+13	0.000233980549324	0.999766046822
911.149472188	3.29034926926e+15	-3.01195902753e+13	0.000234991993128	0.999765035615
911.452502491	3.28925532796e+15	-3.01095764252e+13	0.000236260638805	0.999763767269
911.755532794	3.28816211382e+15	-3.00995692316e+13	0.000237918473575	0.999762109827
912.058563097	3.28706962612e+15	-3.00895686877e+13	0.000240172666929	0.999759856172
912.3615934	3.28597786413e+15	-3.0079574787e+13	0.000243354318793	0.999756675289
912.664623703	3.28488682714e+15	-3.00695875228e+13	0.000248012568635	0.999752018184
912.967654006	3.28379651442e+15	-3.00596068884e+13	0.000255128975393	0.999744903567
913.270684309	3.28270692524e+15	-3.00496328774e+13	0.000266684853306	0.999733350704
913.573714612	3.28161805889e+15	-3.00396654831e+13	0.000287219075343	0.999712822168
913.876744915	3.28052991465e+15	-3.00297046989e+13	0.000327300086258	0.999672753471
914.179775219	3.2794424918e+15	-3.00197505183e+13	0.000408337761725	0.999591745597
914.482805522	3.27835578963e+15	-3.00098029347e+13	0.000561257702184	0.999438899773
914.785835825	3.27726980742e+15	-2.99998619415e+13	0.000803878165746	0.999196444858
915.088866128	3.27618454444e+15	-2.99899275322e+13	0.00109580888991	0.998904791289
915.391896431	3.2751e+15	-2.99799997002e+13	0.00131650676363	0.998684359451
915.694926734	3.27401617337e+15	-2.99700784391e+13	0.00132842114815	0.998672460813
915.997957037	3.27293306385e+15	-2.99601637422e+13	0.00109590130504	0.998904698975
916.30098734	3.27185067071e+15	-2.99502556032e+13	0.000728217820037	0.999272047266
916.604017643	3.27076899326e+15	-2.99403540154e+13	0.000386462250977	0.999613612416
916.907047946	3.26968803077e+15	-2.99304589725e+13	0.000162968144084	0.999837045135
917.210078249	3.26860778255e+15	-2.99205704678e+13	5.44408997009e-05	0.999945560582
917.513108552	3.26752824789e+15	-2.99106884949e+13	1.43918857501e-05	0.999985608218
917.816138855	3.26644942607e+15	-2.99008130474e+13	3.02275097521e-06	0.999996977254
918.119169158	3.26537131639e+15	-2.98909441188e+13	5.19343348817e-07	0.999999480657
918.422199461	3.26429391816e+15	-2.98810817027e+13	8.64327599969e-08	0.999999913567
918.725229764	3.26321723065e+15	-2.98712257925e+13	2.53380154671e-08	0.999999974662
919.028260067	3.26214125318e+15	-2.98613763819e+13	1.62565131387e-08	0.999999983743
919.33129037	3.26106598503e+15	-2.98515334644e+13	1.34122338993e-08	0.999999986588
919.634320673	3.25999142551e+15	-2.98416970337e+13	1.15732523662e-08	0.999999988427
919.937350976	3.25891757392e+15	-2.98318670832e+13	1.01472903831e-08	0.999999989853
920.240381279	3.25784442955e+15	-2.98220436066e+13	9.00160838582e-09	0.999999990998
920.543411582	3.25677199172e+15	-2.98122265976e+13	8.06299007903e-09	0.999999991937
920.846441885	3.25570025971e+15	-2.98024160497e+13	7.28204643846e-09	0.999999992718
921.149472188	3.25462923284e+15	-2.97926119565e+13	6.62375351909e-09	0.999999993376
921.452502491	3.25355891041e+15	-2.97828143117e+13	6.06828996532e-09	0.999999993932
921.755532794	3.25248929172e+15	-2.97730231089e+13	5.58540737224e-09	0.999999994415
922.058563097	3.25142037609e+15	-2.97632383418e+13	5.16603026304e-09	0.999999994834
922.3615934	3.25035216281e+15	-2.9753460004e+13	4.79898291295e-09	0.999999995201
922.664623703	3.2492846512e+15	-2.97436880892e+13	4.4755704572e-09	0.999999995524
922.967654006	3.24821784056e+15	-2.97339225911e+13	4.18734739384e-09	0.999999995813
923.270684309	3.2471517302e+15	-2.97241635033e+13	3.93534323341e-09	0.999999996065
923.573714612	3.24608631944e+15	-2.97144108195e+13	3.70604460183e-09	0.999999996294
923.876744915	3.24502160759e+15	-2.97046645335e+13	3.49954823404e-09	0.9999999965
924.179775219	3.24395759396e+15	-2.96949246389e+13	3.3128695344e-09	0.999999996687
924.482805522	3.24289427785e+15	-2.96851911295e+13	3.14353022949e-09	0.999999996856
924.785835825	3.2418316586e+15	-2.96754639989e+13	2.98853994608e-09	0.999999997011
925.088866128	3.24076973551e+15	-2.9665743241e+13	2.84490327504e-09	0.999999997155
925.391896431	3.23970850789e+15	-2.96560288494e+13	2.71700203426e-09	0.999999997283
