912.0	3.28728070175e+15	-3.02234649353e+13	0.00440259158493	0.995607085615
911.862689704	3.28777570774e+15	-3.02280160514e+13	0.00439994077442	0.995609724784
911.725379407	3.28827086282e+15	-3.02325685383e+13	0.00439729116058	0.995612362769
911.588069111	3.28876616707e+15	-3.02371223967e+13	0.00439464274409	0.995614999568
911.450758815	3.28926162056e+15	-3.02416776272e+13	0.00439199552359	0.995617635184
911.313448519	3.28975722335e+15	-3.02462342304e+13	0.00438934949958	0.995620269616
911.176138222	3.29025297551e+15	-3.02507922069e+13	0.00438670467123	0.995622902864
911.038827926	3.29074887711e+15	-3.02553515573e+13	0.00438406103783	0.99562553493
910.90151763	3.29124492821e+15	-3.02599122823e+13	0.00438141859972	0.995628165812
910.764207333	3.29174112889e+15	-3.02644743825e+13	0.00437877735622	0.995630795512
910.626897037	3.29223747921e+15	-3.02690378585e+13	0.00437613730701	0.99563342403
910.489586741	3.29273397923e+15	-3.02736027109e+13	0.00437349845152	0.995636051366
910.352276445	3.29323062904e+15	-3.02781689404e+13	0.00437086078995	0.99563867752
910.214966148	3.29372742868e+15	-3.02827365476e+13	0.00436822432175	0.995641302493
910.077655852	3.29422437824e+15	-3.0287305533e+13	0.00436558904657	0.995643926286
909.940345556	3.29472147778e+15	-3.02918758974e+13	0.00436295496391	0.995646548897
909.803035259	3.29521872736e+15	-3.02964476413e+13	0.00436032207378	0.995649170329
909.665724963	3.29571612707e+15	-3.03010207654e+13	0.00435769037563	0.99565179058
909.528414667	3.29621367695e+15	-3.03055952703e+13	0.00435505986908	0.995654409652
909.39110437	3.29671137709e+15	-3.03101711566e+13	0.00435243055361	0.995657027545
909.253794074	3.29720922754e+15	-3.0314748425e+13	0.00434980242913	0.995659644259
909.116483778	3.29770722839e+15	-3.0319327076e+13	0.0043471754951	0.995662259795
908.979173482	3.29820537969e+15	-3.03239071103e+13	0.00434454975116	0.995664874153
908.841863185	3.29870368151e+15	-3.03284885286e+13	0.00434192519681	0.995667487333
908.704552889	3.29920213393e+15	-3.03330713314e+13	0.00433930183191	0.995670099335
908.567242593	3.299700737e+15	-3.03376555194e+13	0.00433667965597	0.995672710161
908.429932296	3.30019949081e+15	-3.03422410932e+13	0.00433405866864	0.99567531981
908.292622	3.30069839541e+15	-3.03468280535e+13	0.00433143886955	0.995677928282
908.155311704	3.30119745088e+15	-3.03514164008e+13	0.00432882025825	0.995680535579
908.018001408	3.30169665728e+15	-3.03560061358e+13	0.00432620283455	0.995683141701
907.880691111	3.30219601469e+15	-3.03605972592e+13	0.00432358659801	0.995685746647
907.743380815	3.30269552316e+15	-3.03651897715e+13	0.00432097154826	0.995688350418
907.606070519	3.30319518278e+15	-3.03697836734e+13	0.00431835768488	0.995690953015
907.468760222	3.30369499361e+15	-3.03743789655e+13	0.00431574500764	0.995693554437
907.331449926	3.30419495571e+15	-3.03789756485e+13	0.00431313351612	0.995696154686
907.19413963	3.30469506915e+15	-3.03835737229e+13	0.00431052320996	0.995698753761
907.056829334	3.30519533402e+15	-3.03881731895e+13	0.00430791408874	0.995701351663
906.919519037	3.30569575036e+15	-3.03927740488e+13	0.00430530615221	0.995703948392
906.782208741	3.30619631826e+15	-3.03973763014e+13	0.00430269939997	0.995706543949
906.644898445	3.30669703777e+15	-3.04019799481e+13	0.00430009383164	0.995709138334
906.507588148	3.30719790898e+15	-3.04065849895e+13	0.00429748944684	0.995711731547
906.370277852	3.30769893195e+15	-3.04111914261e+13	0.00429488624528	0.995714323589
906.232967556	3.30820010674e+15	-3.04157992586e+13	0.00429228422657	0.99571691446
906.09565726	3.30870143343e+15	-3.04204084877e+13	0.00428968339034	0.99571950416
905.958346963	3.30920291209e+15	-3.0425019114e+13	0.00428708373621	0.995722092689
905.821036667	3.30970454278e+15	-3.0429631138e+13	0.00428448526389	0.995724680049
905.683726371	3.31020632557e+15	-3.04342445606e+13	0.00428188797298	0.995727266239
905.546416074	3.31070826054e+15	-3.04388593822e+13	0.00427929186312	0.99572985126
905.409105778	3.31121034775e+15	-3.04434756035e+13	0.00427669693393	0.995732435111
905.271795482	3.31171258727e+15	-3.04480932252e+13	0.0042741031851	0.995735017795
905.134485186	3.31221497918e+15	-3.04527122479e+13	0.00427151061626	0.99573759931
904.997174889	3.31271752353e+15	-3.04573326723e+13	0.00426891922702	0.995740179657
904.859864593	3.3132202204e+15	-3.04619544989e+13	0.00426632901706	0.995742758836
904.722554297	3.31372306987e+15	-3.04665777285e+13	0.00426373998599	0.995745336848
904.585244	3.31422607199e+15	-3.04712023616e+13	0.00426115213348	0.995747913694
904.447933704	3.31472922684e+15	-3.04758283988e+13	0.00425856545916	0.995750489373
904.310623408	3.31523253448e+15	-3.0480455841e+13	0.00425597996267	0.995753063885
904.173313111	3.315735995e+15	-3.04850846886e+13	0.00425339564367	0.995755637232
904.036002815	3.31623960845e+15	-3.04897149423e+13	0.00425081250178	0.995758209414
903.898692519	3.31674337491e+15	-3.04943466027e+13	0.00424823053665	0.99576078043
903.761382223	3.31724729444e+15	-3.04989796706e+13	0.00424564974793	0.995763350281
903.624071926	3.31775136712e+15	-3.05036141465e+13	0.00424307013525	0.995765918969
903.48676163	3.31825559302e+15	-3.0508250031e+13	0.00424049169825	0.995768486492
903.349451334	3.31875997221e+15	-3.05128873249e+13	0.00423791443659	0.995771052851
903.212141037	3.31926450474e+15	-3.05175260288e+13	0.00423533834991	0.995773618047
903.074830741	3.31976919071e+15	-3.05221661432e+13	0.00423276343783	0.995776182079
902.937520445	3.32027403017e+15	-3.0526807669e+13	0.00423018970002	0.99577874495
902.800210149	3.3207790232e+15	-3.05314506066e+13	0.00422761713611	0.995781306657
902.662899852	3.32128416986e+15	-3.05360949567e+13	0.00422504574575	0.995783867203
902.525589556	3.32178947023e+15	-3.054074072e+13	0.00422247552857	0.995786426587
902.38827926	3.32229492437e+15	-3.05453878972e+13	0.00421990648423	0.99578898481
902.250968963	3.32280053237e+15	-3.05500364888e+13	0.00421733861236	0.995791541872
902.113658667	3.32330629428e+15	-3.05546864956e+13	0.0042147719126	0.995794097773
901.976348371	3.32381221017e+15	-3.05593379181e+13	0.00421220638461	0.995796652514
901.839038075	3.32431828012e+15	-3.0563990757e+13	0.00420964202802	0.995799206095
901.701727778	3.3248245042e+15	-3.0568645013e+13	0.00420707884248	0.995801758516
901.564417482	3.32533088248e+15	-3.05733006867e+13	0.00420451682763	0.995804309778
901.427107186	3.32583741503e+15	-3.05779577788e+13	0.00420195598312	0.995806859882
901.289796889	3.32634410192e+15	-3.05826162898e+13	0.00419939630858	0.995809408826
901.152486593	3.32685094321e+15	-3.05872762205e+13	0.00419683780367	0.995811956613
901.015176297	3.32735793899e+15	-3.05919375715e+13	0.00419428046802	0.995814503242
900.877866001	3.32786508932e+15	-3.05966003435e+13	0.00419172430128	0.995817048713
900.740555704	3.32837239426e+15	-3.06012645371e+13	0.00418916930309	0.995819593027
900.603245408	3.3288798539e+15	-3.06059301529e+13	0.0041866154731	0.995822136184
900.465935112	3.32938746831e+15	-3.06105971916e+13	0.00418406281095	0.995824678185
900.328624815	3.32989523755e+15	-3.06152656538e+13	0.00418151131628	0.995827219029
900.191314519	3.33040316169e+15	-3.06199355403e+13	0.00417896098875	0.995829758718
900.054004223	3.33091124081e+15	-3.06246068516e+13	0.00417641182798	0.995832297251
899.916693927	3.33141947497e+15	-3.06292795885e+13	0.00417386383363	0.99583483463
899.77938363	3.33192786426e+15	-3.06339537515e+13	0.00417131700534	0.995837370853
899.642073334	3.33243640873e+15	-3.06386293413e+13	0.00416877134276	0.995839905922
899.504763038	3.33294510846e+15	-3.06433063585e+13	0.00416622684552	0.995842439838
899.367452741	3.33345396352e+15	-3.06479848039e+13	0.00416368351328	0.995844972599
899.230142445	3.33396297398e+15	-3.06526646781e+13	0.00416114134568	0.995847504207
899.092832149	3.33447213992e+15	-3.06573459817e+13	0.00415860034236	0.995850034662
898.955521852	3.3349814614e+15	-3.06620287154e+13	0.00415606050296	0.995852563964
898.818211556	3.3354909385e+15	-3.06667128798e+13	0.00415352182714	0.995855092114
898.68090126	3.33600057128e+15	-3.06713984756e+13	0.00415098431453	0.995857619113
898.543590964	3.33651035982e+15	-3.06760855035e+13	0.00414844796478	0.995860144959
898.406280667	3.33702030419e+15	-3.06807739641e+13	0.00414591277754	0.995862669654
899.406280667	3.33331005625e+15	-3.06466617114e+13	0.00416440258607	0.995844256514
899.70931097	3.33218736701e+15	-3.06363396361e+13	0.00417001774848	0.995838664703
900.012341273	3.33106543379e+15	-3.06260245116e+13	0.00417563858747	0.99583306727
900.315371576	3.32994425581e+15	-3.06157163309e+13	0.00418126510687	0.995827464211
900.618401879	3.32882383232e+15	-3.06054150869e+13	0.0041868973105	0.995821855524
900.921432182	3.32770416255e+15	-3.05951207727e+13	0.00419253520219	0.995816241204
901.224462486	3.32658524574e+15	-3.05848333812e+13	0.00419817878577	0.995810621248
901.527492789	3.32546708113e+15	-3.05745529056e+13	0.00420382806506	0.995804995651
901.830523092	3.32434966796e+15	-3.05642793388e+13	0.0042094830439	0.995799364411
902.133553395	3.32323300549e+15	-3.05540126739e+13	0.00421514372612	0.995793727523
902.436583698	3.32211709294e+15	-3.05437529039e+13	0.00422081011555	0.995788084984
902.739614001	3.32100192958e+15	-3.05335000218e+13	0.00422648221603	0.99578243679
903.042644304	3.31988751463e+15	-3.05232540208e+13	0.00423216003139	0.995776782937
903.345674607	3.31877384735e+15	-3.05130148939e+13	0.00423784356548	0.995771123422
903.64870491	3.31766092699e+15	-3.05027826341e+13	0.00424353282212	0.995765458241
903.951735213	3.31654875279e+15	-3.04925572347e+13	0.00424922780517	0.99575978739
904.254765516	3.315437324e+15	-3.04823386887e+13	0.00425492851846	0.995754110865
904.557795819	3.31432663989e+15	-3.04721269892e+13	0.00426063496584	0.995748428662
904.860826122	3.31321669969e+15	-3.04619221292e+13	0.00426634715116	0.995742740779
905.163856425	3.31210750266e+15	-3.04517241021e+13	0.00427206507825	0.995737047211
905.466886728	3.31099904805e+15	-3.04415329008e+13	0.00427778875095	0.995731347954
905.769917031	3.30989133513e+15	-3.04313485186e+13	0.00428351817313	0.995725643005
906.072947334	3.30878436314e+15	-3.04211709486e+13	0.00428925334865	0.995719932361
906.375977637	3.30767813134e+15	-3.0411000184e+13	0.0042949942813	0.995714216016
906.67900794	3.30657263899e+15	-3.04008362179e+13	0.00430074097501	0.995708493968
906.982038243	3.30546788535e+15	-3.03906790435e+13	0.00430649343355	0.995702766212
907.285068546	3.30436386968e+15	-3.03805286541e+13	0.00431225166088	0.995697032746
907.588098849	3.30326059123e+15	-3.03703850428e+13	0.00431801566075	0.995691293565
907.891129152	3.30215804928e+15	-3.03602482028e+13	0.00432378543714	0.995685548665
908.194159455	3.30105624308e+15	-3.03501181275e+13	0.00432956099377	0.995679798044
908.497189758	3.2999551719e+15	-3.03399948099e+13	0.00433534233469	0.995674041696
908.800220061	3.298854835e+15	-3.03298782433e+13	0.00434112946361	0.995668279619
909.103250364	3.29775523165e+15	-3.0319768421e+13	0.00434692238466	0.995662511808
909.406280667	3.29665636112e+15	-3.03096653363e+13	0.0043527211016	0.995656738259
909.70931097	3.29555822266e+15	-3.02995689824e+13	0.0043585256188	0.995650958969
910.012341273	3.29446081556e+15	-3.02894793526e+13	0.00436433594001	0.995645173934
910.315371576	3.29336413908e+15	-3.02793964401e+13	0.00437015206953	0.99563938315
910.618401879	3.29226819249e+15	-3.02693202383e+13	0.00437597401081	0.995633586613
910.921432182	3.29117297506e+15	-3.02592507405e+13	0.00438180176692	0.99562778432
911.224462486	3.29007848607e+15	-3.024918794e+13	0.00438763534187	0.995621976268
911.527492789	3.28898472478e+15	-3.023913183e+13	0.00439347473915	0.995616162452
911.830523092	3.28789169048e+15	-3.0229082404e+13	0.00439931996281	0.99561034287
912.133553395	3.28679938244e+15	-3.02190396553e+13	0.00440517101696	0.995604517517
912.436583698	3.28570779993e+15	-3.02090035772e+13	0.00441102790615	0.995598686389
912.739614001	3.28461694224e+15	-3.0198974163e+13	0.00441689063541	0.99559284948
913.042644304	3.28352680864e+15	-3.01889514062e+13	0.00442275921516	0.995587006782
913.345674607	3.2824373984e+15	-3.01789353001e+13	0.00455191673788	0.995458427534
913.64870491	3.28134871082e+15	-3.01689258381e+13	0.00456574999741	0.995444657194
913.951735213	3.28026074517e+15	-3.01589230136e+13	0.00457975925497	0.995430711851
914.254765516	3.27917350073e+15	-3.01489268199e+13	0.00459495722022	0.995415583445
914.557795819	3.27808697679e+15	-3.01389372506e+13	0.0046117954513	0.995398822548
914.860826122	3.27700117264e+15	-3.0128954299e+13	0.00463096762265	0.995379738775
915.163856425	3.27591608754e+15	-3.01189779585e+13	0.00465354455404	0.995357266408
915.466886728	3.2748317208e+15	-3.01090082225e+13	0.00468118509698	0.995329754573
915.769917031	3.2737480717e+15	-3.00990450846e+13	0.00471646982232	0.995294635256
916.072947334	3.27266513952e+15	-3.00890885382e+13	0.00476344471641	0.995247882494
916.375977637	3.27158292356e+15	-3.00791385767e+13	0.00482855928376	0.995183079468
916.67900794	3.27050142311e+15	-3.00691951936e+13	0.00492246717138	0.995089628315
916.982038243	3.26942063745e+15	-3.00592583823e+13	0.0050640869421	0.994948713929
917.285068546	3.26834056587e+15	-3.00493281364e+13	0.00529131728271	0.994722657078
917.588098849	3.26726120768e+15	-3.00394044494e+13	0.00569021542042	0.994325943192
917.891129152	3.26618256216e+15	-3.00294873148e+13	0.00646199184097	0.993558841928
918.194159455	3.26510462861e+15	-3.0019576726e+13	0.00801977202773	0.992012300548
918.497189758	3.26402740632e+15	-3.00096726766e+13	0.0109782186828	0.989081822046
918.800220061	3.26295089459e+15	-2.99997751602e+13	0.0157355626337	0.984387594503
919.103250364	3.26187509272e+15	-2.99898841702e+13	0.0215835892902	0.978647669586
919.406280667	3.2608e+15	-2.99799997002e+13	0.0261945520781	0.974145549131
919.70931097	3.25972561573e+15	-2.99701217438e+13	0.0267631502972	0.973591809149
920.012341273	3.25865193922e+15	-2.99602502945e+13	0.0223855776196	0.977863120218
920.315371576	3.25757896977e+15	-2.99503853459e+13	0.0150938212884	0.985019519467
920.618401879	3.25650670667e+15	-2.99405268916e+13	0.00813200106903	0.991900974206
920.921432182	3.25543514922e+15	-2.99306749252e+13	0.0034822493573	0.996523806641
921.224462486	3.25436429674e+15	-2.99208294403e+13	0.00118119865245	0.998819498688
921.527492789	3.25329414853e+15	-2.99109904304e+13	0.000316671293729	0.999683378841
921.830523092	3.25222470389e+15	-2.99011578892e+13	6.69960371324e-05	0.999933006207
922.133553395	3.25115596213e+15	-2.98913318103e+13	1.11723042465e-05	0.999988827758
922.436583698	3.25008792256e+15	-2.98815121874e+13	1.46744196553e-06	0.999998532559
922.739614001	3.24902058448e+15	-2.98716990141e+13	1.51875193187e-07	0.999999848125
923.042644304	3.2479539472e+15	-2.98618922839e+13	1.24998280975e-08	0.9999999875
923.345674607	3.24688801004e+15	-2.98520919907e+13	9.84972653819e-10	0.999999999015
923.64870491	3.2458227723e+15	-2.9842298128e+13	1.68445192119e-10	0.999999999832
923.951735213	3.2447582333e+15	-2.98325106896e+13	1.12172756762e-10	0.999999999888
924.254765516	3.24369439234e+15	-2.98227296691e+13	9.80926137779e-11	0.999999999902
924.557795819	3.24263124875e+15	-2.98129550601e+13	8.78489241258e-11	0.999999999912
924.860826122	3.24156880184e+15	-2.98031868565e+13	7.93668927779e-11	0.999999999921
925.163856425	3.24050705092e+15	-2.97934250518e+13	7.221943962e-11	0.999999999928
925.466886728	3.23944599531e+15	-2.97836696399e+13	6.61876444874e-11	0.999999999934
925.769917031	3.23838563432e+15	-2.97739206144e+13	6.09453914594e-11	0.999999999939
926.072947334	3.23732596728e+15	-2.9764177969e+13	5.639097222e-11	0.999999999944
926.375977637	3.2362669935e+15	-2.97544416976e+13	5.24064901657e-11	0.999999999948
926.67900794	3.23520871231e+15	-2.97447117939e+13	4.88946371086e-11	0.999999999951
926.982038243	3.23415112302e+15	-2.97349882515e+13	4.57667670434e-11	0.999999999954
927.285068546	3.23309422495e+15	-2.97252710643e+13	4.30295840555e-11	0.999999999957
927.588098849	3.23203801743e+15	-2.9715560226e+13	4.05386597883e-11	0.999999999959
927.891129152	3.23098249979e+15	-2.97058557305e+13	3.82960754962e-11	0.999999999962
928.194159455	3.22992767134e+15	-2.96961575715e+13	3.62682090856e-11	0.999999999964
928.497189758	3.22887353141e+15	-2.96864657428e+13	3.44290683043e-11	0.999999999966
928.800220061	3.22782007933e+15	-2.96767802382e+13	3.2748234607e-11	0.999999999967
929.103250364	3.22676731442e+15	-2.96671010515e+13	3.11782123405e-11	0.999999999969
929.406280667	3.22571523602e+15	-2.96574281766e+13	2.9794876246e-11	0.99999999997
