912.0	3.28728070175e+15	-3.01071285077e+13	0.00209718896674	0.997905008598
911.826942363	3.28790460197e+15	-3.01128426058e+13	0.00208942927862	0.997912752059
911.653884726	3.28852873906e+15	-3.01185588733e+13	0.00208261770391	0.99791954944
911.480827089	3.28915311315e+15	-3.01242773113e+13	0.00207655597563	0.997925598575
911.307769452	3.28977772438e+15	-3.01299979213e+13	0.00207109022202	0.997931053005
911.134711815	3.29040257288e+15	-3.01357207044e+13	0.00206610076837	0.997936032149
910.961654178	3.29102765879e+15	-3.01414456618e+13	0.00206149447993	0.99794062894
910.788596542	3.29165298224e+15	-3.01471727947e+13	0.00205719878702	0.997944915796
910.615538905	3.29227854338e+15	-3.01529021045e+13	0.00205315706778	0.997948949217
910.442481268	3.29290434232e+15	-3.01586335924e+13	0.00204932508882	0.997952773344
910.269423631	3.29353037922e+15	-3.01643672596e+13	0.00204566819729	0.997956422756
910.096365994	3.2941566542e+15	-3.01701031073e+13	0.00204215919245	0.997959924596
909.923308357	3.2947831674e+15	-3.01758411368e+13	0.00203877662535	0.997963300268
909.75025072	3.29540991896e+15	-3.01815813494e+13	0.00200281520715	0.997999189089
909.577193083	3.29603690901e+15	-3.01873237462e+13	0.00197931653697	0.998022641018
909.404135446	3.2966641377e+15	-3.01930683286e+13	0.00197781061281	0.998024143966
909.231077809	3.29729160515e+15	-3.01988150977e+13	0.00197630554941	0.998025646057
909.058020172	3.2979193115e+15	-3.02045640549e+13	0.0019748013455	0.998027147292
908.884962535	3.29854725689e+15	-3.02103152014e+13	0.00197329800052	0.998028647672
908.711904899	3.29917544146e+15	-3.02160685384e+13	0.0019717955141	0.998030147198
908.538847262	3.29980386533e+15	-3.02218240671e+13	0.0019702938859	0.998031645869
908.365789625	3.30043252866e+15	-3.02275817889e+13	0.00196879311563	0.998033143686
908.192731988	3.30106143157e+15	-3.0233341705e+13	0.00196729320279	0.99803464065
908.019674351	3.30169057421e+15	-3.02391038166e+13	0.0019657941472	0.998036136761
907.846616714	3.3023199567e+15	-3.02448681251e+13	0.00196429594839	0.998037632018
907.673559077	3.3029495792e+15	-3.02506346315e+13	0.00196279860615	0.998039126423
907.50050144	3.30357944182e+15	-3.02564033373e+13	0.00196130212004	0.998040619976
907.327443803	3.30420954472e+15	-3.02621742437e+13	0.00195980648983	0.998042112677
907.154386166	3.30483988803e+15	-3.02679473519e+13	0.00195831171516	0.998043604526
906.981328529	3.30547047188e+15	-3.02737226632e+13	0.00195681779568	0.998045095524
906.808270892	3.30610129642e+15	-3.02795001788e+13	0.00195532473115	0.998046585671
906.635213256	3.30673236178e+15	-3.02852799e+13	0.00195383252122	0.998048074967
906.462155619	3.3073636681e+15	-3.02910618281e+13	0.00195234116555	0.998049563413
906.289097982	3.30799521552e+15	-3.02968459644e+13	0.00195085066387	0.998051051008
906.116040345	3.30862700417e+15	-3.03026323101e+13	0.00194936101583	0.998052537754
905.942982708	3.3092590342e+15	-3.03084208664e+13	0.00194787222107	0.998054023651
905.769925071	3.30989130575e+15	-3.03142116347e+13	0.0019463842793	0.998055508698
905.596867434	3.31052381894e+15	-3.03200046162e+13	0.00194489719018	0.998056992897
905.423809797	3.31115657393e+15	-3.03257998121e+13	0.00194341095336	0.998058476247
905.25075216	3.31178957084e+15	-3.03315972238e+13	0.0019419255685	0.998059958749
905.077694523	3.31242280982e+15	-3.03373968525e+13	0.00194044103531	0.998061440403
904.904636886	3.31305629101e+15	-3.03431986995e+13	0.00193895735344	0.99806292121
904.731579249	3.31369001454e+15	-3.03490027661e+13	0.00193747452255	0.99806440117
904.558521613	3.31432398056e+15	-3.03548090535e+13	0.00193599254234	0.998065880282
904.385463976	3.3149581892e+15	-3.0360617563e+13	0.00193451141248	0.998067358549
904.212406339	3.3155926406e+15	-3.03664282959e+13	0.00193303113263	0.998068835969
904.039348702	3.31622733491e+15	-3.03722412535e+13	0.00193155170246	0.998070312543
903.866291065	3.31686227226e+15	-3.0378056437e+13	0.00193007312167	0.998071788272
903.693233428	3.31749745279e+15	-3.03838738478e+13	0.00192859538992	0.998073263155
903.520175791	3.31813287664e+15	-3.0389693487e+13	0.00192711850688	0.998074737194
903.347118154	3.31876854395e+15	-3.0395515356e+13	0.00192564247223	0.998076210388
903.174060517	3.31940445487e+15	-3.04013394561e+13	0.00192416728565	0.998077682737
903.00100288	3.32004060952e+15	-3.04071657885e+13	0.00192269294681	0.998079154243
902.827945243	3.32067700806e+15	-3.04129943545e+13	0.00192121945538	0.998080624905
902.654887606	3.32131365061e+15	-3.04188251555e+13	0.00191974681105	0.998082094724
902.48182997	3.32195053733e+15	-3.04246581927e+13	0.00191827502383	0.99808356369
902.308772333	3.32258766835e+15	-3.04304934673e+13	0.0019168040727	0.998085031823
902.135714696	3.32322504382e+15	-3.04363309807e+13	0.00191533396768	0.998086499114
901.962657059	3.32386266387e+15	-3.04421707342e+13	0.00191386470845	0.998087965563
901.789599422	3.32450052864e+15	-3.0448012729e+13	0.0019123962947	0.99808943117
901.616541785	3.32513863828e+15	-3.04538569665e+13	0.00191092872608	0.998090895936
901.443484148	3.32577699292e+15	-3.04597034479e+13	0.00190946200228	0.998092359861
901.270426511	3.32641559272e+15	-3.04655521746e+13	0.00190799612298	0.998093822945
901.097368874	3.3270544378e+15	-3.04714031477e+13	0.00190653108785	0.998095285188
900.924311237	3.32769352831e+15	-3.04772563687e+13	0.00190506689656	0.998096746592
900.7512536	3.32833286439e+15	-3.04831118388e+13	0.0019036035488	0.998098207155
900.578195963	3.32897244619e+15	-3.04889695593e+13	0.00190214104423	0.99809966688
900.405138327	3.32961227384e+15	-3.04948295315e+13	0.00190067938254	0.998101125765
900.23208069	3.33025234749e+15	-3.05006917567e+13	0.0018992185634	0.998102583811
900.059023053	3.33089266727e+15	-3.05065562362e+13	0.00189775858649	0.998104041019
899.885965416	3.33153323334e+15	-3.05124229713e+13	0.00189629945148	0.998105497388
899.712907779	3.33217404583e+15	-3.05182919633e+13	0.00189484115804	0.99810695292
899.539850142	3.33281510489e+15	-3.05241632135e+13	0.00189338370587	0.998108407614
899.366792505	3.33345641065e+15	-3.05300367232e+13	0.00189192709462	0.998109861471
899.193734868	3.33409796326e+15	-3.05359124938e+13	0.00189047132398	0.998111314491
899.020677231	3.33473976286e+15	-3.05417905265e+13	0.00188901639363	0.998112766675
898.847619594	3.3353818096e+15	-3.05476708226e+13	0.00188756230323	0.998114218022
898.674561957	3.33602410362e+15	-3.05535533834e+13	0.00188610905248	0.998115668533
898.50150432	3.33666664506e+15	-3.05594382103e+13	0.00188465664104	0.998117118209
898.328446683	3.33730943406e+15	-3.05653253045e+13	0.00188320506859	0.998118567049
898.155389047	3.33795247077e+15	-3.05712146674e+13	0.00188175433481	0.998120015055
897.98233141	3.33859575532e+15	-3.05771063003e+13	0.00188030443937	0.998121462226
897.809273773	3.33923928787e+15	-3.05830002044e+13	0.00187885538195	0.998122908562
897.636216136	3.33988306856e+15	-3.05888963812e+13	0.00187740716224	0.998124354064
897.463158499	3.34052709753e+15	-3.05947948318e+13	0.0018759597799	0.998125798733
897.290100862	3.34117137492e+15	-3.06006955578e+13	0.00187451323461	0.998127242568
897.117043225	3.34181590088e+15	-3.06065985602e+13	0.00187306752605	0.99812868557
896.943985588	3.34246067555e+15	-3.06125038405e+13	0.00187162265391	0.99813012774
896.770927951	3.34310569908e+15	-3.06184114001e+13	0.00187017861784	0.998131569077
896.597870314	3.3437509716e+15	-3.06243212401e+13	0.00186873541754	0.998133009581
896.424812677	3.34439649327e+15	-3.06302333619e+13	0.00186729305268	0.998134449254
896.25175504	3.34504226423e+15	-3.06361477669e+13	0.00186585152294	0.998135888096
896.078697404	3.34568828462e+15	-3.06420644564e+13	0.00186441082799	0.998137326106
895.905639767	3.34633455459e+15	-3.06479834316e+13	0.00186297096751	0.998138763286
895.73258213	3.34698107428e+15	-3.0653904694e+13	0.00186153194118	0.998140199635
895.559524493	3.34762784383e+15	-3.06598282448e+13	0.00186009374869	0.998141635154
895.386466856	3.3482748634e+15	-3.06657540854e+13	0.00185865638969	0.998143069842
895.213409219	3.34892213312e+15	-3.06716822171e+13	0.00185721986389	0.998144503702
895.040351582	3.34956965315e+15	-3.06776126413e+13	0.00185578417094	0.998145936732
894.867293945	3.35021742362e+15	-3.06835453592e+13	0.00185434931053	0.998147368933
895.867293945	3.3464777878e+15	-3.06492952578e+13	0.00186265203854	0.998139081621
896.170324248	3.34534621252e+15	-3.06389315299e+13	0.00186517351227	0.998136564843
896.473354551	3.34421540225e+15	-3.06285748085e+13	0.00186769754513	0.998134045517
896.776384854	3.34308535621e+15	-3.06182250864e+13	0.00187022413884	0.998131523641
897.079415157	3.34195607362e+15	-3.06078823565e+13	0.00187275329514	0.998128999213
897.38244546	3.3408275537e+15	-3.05975466116e+13	0.00187528501576	0.998126472233
897.685475763	3.33969979569e+15	-3.05872178449e+13	0.00187781930243	0.998123942697
897.988506066	3.33857279881e+15	-3.05768960491e+13	0.00188035615689	0.998121410605
898.291536369	3.3374465623e+15	-3.05665812172e+13	0.00188289558086	0.998118875955
898.594566672	3.33632108538e+15	-3.05562733422e+13	0.00188543757609	0.998116338745
898.897596975	3.33519636729e+15	-3.05459724171e+13	0.00188798214431	0.998113798973
899.200627278	3.33407240726e+15	-3.05356784347e+13	0.00189052928726	0.998111256638
899.503657581	3.33294920452e+15	-3.05253913882e+13	0.00189307900666	0.998108711737
899.806687885	3.33182675831e+15	-3.05151112705e+13	0.00189563130427	0.99810616427
900.109718188	3.33070506786e+15	-3.05048380745e+13	0.00189818618181	0.998103614234
900.412748491	3.32958413242e+15	-3.04945717934e+13	0.00190074364102	0.998101061628
900.715778794	3.32846395121e+15	-3.04843124201e+13	0.00190330368364	0.99809850645
901.018809097	3.32734452348e+15	-3.04740599476e+13	0.00190586631142	0.998095948699
901.3218394	3.32622584847e+15	-3.04638143691e+13	0.00190843152609	0.998093388371
901.624869703	3.32510792542e+15	-3.04535756775e+13	0.00191099932939	0.998090825467
901.927900006	3.32399075356e+15	-3.04433438658e+13	0.00191356972306	0.998088259984
902.230930309	3.32287433216e+15	-3.04331189273e+13	0.00191614270885	0.998085691921
902.533960612	3.32175866044e+15	-3.04229008549e+13	0.00191871828849	0.998083121275
902.836990915	3.32064373765e+15	-3.04126896418e+13	0.00192129645336	0.998080548055
903.140021218	3.31952956304e+15	-3.0402485281e+13	0.00192387722593	0.99807797224
903.443051521	3.31841613586e+15	-3.03922877656e+13	0.00192646059759	0.998075393837
903.746081824	3.31730345536e+15	-3.03820970887e+13	0.00192904657008	0.998072812844
904.049112127	3.31619152078e+15	-3.03719132436e+13	0.00193163514514	0.998070229261
904.35214243	3.31508033137e+15	-3.03617362232e+13	0.00193422632453	0.998067643086
904.655172733	3.31396988639e+15	-3.03515660208e+13	0.00193682010998	0.998065054316
904.958203036	3.31286018508e+15	-3.03414026295e+13	0.00193941650327	0.99806246295
905.261233339	3.31175122671e+15	-3.03312460424e+13	0.00194201550611	0.998059868986
905.564263642	3.31064301052e+15	-3.03210962528e+13	0.0019446171203	0.998057272423
905.867293945	3.30953553577e+15	-3.03109532538e+13	0.00194722134757	0.998054673258
906.170324248	3.30842880171e+15	-3.03008170385e+13	0.00194982818973	0.99805207149
906.473354551	3.30732280761e+15	-3.02906876003e+13	0.00195243764854	0.998049467118
906.776384854	3.30621755272e+15	-3.02805649323e+13	0.0019550497258	0.998046860139
907.079415157	3.3051130363e+15	-3.02704490276e+13	0.00195766442321	0.998044250552
907.38244546	3.30400925762e+15	-3.02603398796e+13	0.0019602817424	0.998041638355
907.685475763	3.30290621592e+15	-3.02502374815e+13	0.00196290168514	0.998039023546
907.988506066	3.30180391048e+15	-3.02401418265e+13	0.00196552425312	0.998036406125
908.291536369	3.30070234055e+15	-3.02300529078e+13	0.00196814944804	0.998033786088
908.594566672	3.29960150541e+15	-3.02199707188e+13	0.00197077727191	0.998031163435
908.897596975	3.29850140431e+15	-3.02098952526e+13	0.00197340772636	0.998028538162
909.200627278	3.29740203653e+15	-3.01998265026e+13	0.0019760408134	0.99802591027
909.503657581	3.29630340132e+15	-3.01897644621e+13	0.00197867653552	0.998023279754
909.806687885	3.29520549796e+15	-3.01797091243e+13	0.00203412814135	0.997967939295
910.109718188	3.29410832572e+15	-3.01696604826e+13	0.00204242518118	0.99795965915
910.412748491	3.29301188386e+15	-3.01596185302e+13	0.00204868518639	0.997953411937
910.715778794	3.29191617166e+15	-3.01495832606e+13	0.00205546999744	0.997946641034
911.018809097	3.29082118839e+15	-3.01395546669e+13	0.00206297823272	0.997939148244
911.3218394	3.28972693332e+15	-3.01295327426e+13	0.00207151538798	0.997930628719
911.624869703	3.28863340573e+15	-3.0119517481e+13	0.00208155373453	0.997920611196
911.927900006	3.28754060489e+15	-3.01095088755e+13	0.00209382596515	0.997908364559
912.230930309	3.28644853007e+15	-3.00995069195e+13	0.00210947352571	0.99789274985
912.533960612	3.28535718056e+15	-3.00895116062e+13	0.00213028823509	0.997871979218
912.836990915	3.28426655563e+15	-3.00795229292e+13	0.00215912837075	0.99784320087
913.140021218	3.28317665455e+15	-3.00695408817e+13	0.00220071510993	0.997801704688
913.443051521	3.28208747662e+15	-3.00595654572e+13	0.00226342025959	0.997739139345
913.746081824	3.2809990211e+15	-3.00495966491e+13	0.00236398292793	0.997638809079
914.049112127	3.27991128729e+15	-3.00396344509e+13	0.00254041925839	0.997462804876
914.35214243	3.27882427446e+15	-3.00296788559e+13	0.00288199842129	0.997122150549
914.655172733	3.27773798189e+15	-3.00197298576e+13	0.00357335721557	0.996433019627
914.958203036	3.27665240888e+15	-3.00097874494e+13	0.00489186957237	0.995120076135
915.261233339	3.2755675547e+15	-2.99998516248e+13	0.00702122054779	0.993003370634
915.564263642	3.27448341865e+15	-2.99899223772e+13	0.00964735247739	0.990399033939
915.867293945	3.2734e+15	-2.99799997002e+13	0.0117207019941	0.988347717863
916.170324248	3.27231729805e+15	-2.99700835872e+13	0.0119717676678	0.988099608825
916.473354551	3.27123531209e+15	-2.99601740316e+13	0.00999436489967	0.990055412795
916.776384854	3.27015404141e+15	-2.99502710271e+13	0.00671398398145	0.993308504452
917.079415157	3.26907348529e+15	-2.9940374567e+13	0.00359728815965	0.99640917433
917.38244546	3.26799364304e+15	-2.9930484645e+13	0.00152905194228	0.998472116462
917.685475763	3.26691451394e+15	-2.99206012545e+13	0.00051386715688	0.99948626485
917.988506066	3.26583609728e+15	-2.9910724389e+13	0.000136235103055	0.999863774177
918.291536369	3.26475839237e+15	-2.99008540422e+13	2.84471406386e-05	0.999971553264
918.594566672	3.26368139849e+15	-2.98909902075e+13	4.67347818396e-06	0.999995326533
918.897596975	3.26260511494e+15	-2.98811328785e+13	6.03498655025e-07	0.999999396502
919.200627278	3.26152954103e+15	-2.98712820488e+13	6.12405190614e-08	0.999999938759
919.503657581	3.26045467604e+15	-2.9861437712e+13	4.90072966357e-09	0.999999995099
919.806687885	3.25938051929e+15	-2.98515998616e+13	3.46606589801e-10	0.999999999653
920.109718188	3.25830707006e+15	-2.98417684912e+13	3.50643535878e-11	0.999999999965
920.412748491	3.25723432766e+15	-2.98319435944e+13	1.73144449972e-11	0.999999999983
920.715778794	3.25616229139e+15	-2.98221251649e+13	1.48331730728e-11	0.999999999985
921.018809097	3.25509096056e+15	-2.98123131962e+13	1.32738438974e-11	0.999999999987
921.3218394	3.25402033447e+15	-2.9802507682e+13	1.19922159253e-11	0.999999999988
921.624869703	3.25295041242e+15	-2.97927086158e+13	1.09115499755e-11	0.999999999989
921.927900006	3.25188119373e+15	-2.97829159915e+13	9.99972486087e-12	0.99999999999
922.230930309	3.25081267768e+15	-2.97731298025e+13	9.20685576464e-12	0.999999999991
922.533960612	3.24974486361e+15	-2.97633500426e+13	8.51862689302e-12	0.999999999991
922.836990915	3.2486777508e+15	-2.97535767054e+13	7.91625424336e-12	0.999999999992
923.140021218	3.24761133858e+15	-2.97438097847e+13	7.38481386477e-12	0.999999999993
923.443051521	3.24654562624e+15	-2.9734049274e+13	6.91174048944e-12	0.999999999993
923.746081824	3.24548061311e+15	-2.9724295167e+13	6.4977627942e-12	0.999999999994
924.049112127	3.2444162985e+15	-2.97145474576e+13	6.12080238685e-12	0.999999999994
924.35214243	3.24335268172e+15	-2.97048061393e+13	5.78154766523e-12	0.999999999994
924.655172733	3.24228976207e+15	-2.9695071206e+13	5.47411409199e-12	0.999999999995
924.958203036	3.24122753889e+15	-2.96853426512e+13	5.19578105785e-12	0.999999999995
925.261233339	3.24016601147e+15	-2.96756204688e+13	4.94076139081e-12	0.999999999995
925.564263642	3.23910517915e+15	-2.96659046525e+13	4.70450541682e-12	0.999999999995
925.867293945	3.23804504123e+15	-2.96561951961e+13	4.49385213269e-12	0.999999999996
