912.0	3.28728070175e+15	-3.0002640786e+13	0.000676619379754	0.999323609476
911.79483584	3.28802037713e+15	-3.00093917199e+13	0.000529447229037	0.999470692903
911.58967168	3.28876038544e+15	-3.00161456925e+13	0.000422287197063	0.999577801954
911.38450752	3.28950072693e+15	-3.0022902706e+13	0.000350823982409	0.999649237549
911.179343361	3.29024140181e+15	-3.00296627623e+13	0.000305755847042	0.999694290892
910.974179201	3.29098241031e+15	-3.00364258635e+13	0.00027792514191	0.999722113476
910.769015041	3.29172375266e+15	-3.00431920117e+13	0.000260514162146	0.999739519769
910.563850881	3.29246542908e+15	-3.0049961209e+13	0.000249204617659	0.999750826431
910.358686721	3.2932074398e+15	-3.00567334573e+13	0.000241500579309	0.99975852858
910.153522561	3.29394978505e+15	-3.00635087588e+13	0.000236024375768	0.999764003476
909.948358401	3.29469246504e+15	-3.00702871155e+13	0.000232000511732	0.999768026398
909.743194241	3.29543548001e+15	-3.00770685296e+13	0.000228970103624	0.999771056108
909.538030082	3.29617883018e+15	-3.00838530029e+13	0.000226643201865	0.99977338248
909.332865922	3.29692251578e+15	-3.00906405378e+13	0.000224825728303	0.999775199543
909.127701762	3.29766653704e+15	-3.00974311361e+13	0.000223382360891	0.999776642587
908.922537602	3.29841089419e+15	-3.01042248e+13	0.000222216298255	0.99977780839
908.717373442	3.29915558744e+15	-3.01110215315e+13	0.000221257195438	0.99977876728
908.512209282	3.29990061704e+15	-3.01178213328e+13	0.000220453460822	0.999779570837
908.307045122	3.3006459832e+15	-3.01246242059e+13	0.000219767051244	0.999780257096
908.101880963	3.30139168616e+15	-3.0131430153e+13	0.0002191698211	0.999780854195
907.896716803	3.30213772615e+15	-3.01382391759e+13	0.000218640899734	0.999781383
907.691552643	3.30288410338e+15	-3.0145051277e+13	0.000218164793983	0.999781859002
907.486388483	3.3036308181e+15	-3.01518664582e+13	0.000217729980744	0.999782293721
907.281224323	3.30437787053e+15	-3.01586847217e+13	0.000217327874693	0.999782695739
907.076060163	3.3051252609e+15	-3.01655060694e+13	0.00021695206099	0.999783071471
906.870896003	3.30587298943e+15	-3.01723305037e+13	0.000216597729566	0.999783425726
906.665731844	3.30662105637e+15	-3.01791580264e+13	0.000215542623292	0.999784480604
906.460567684	3.30736946193e+15	-3.01859886398e+13	0.000210259747557	0.999789762355
906.255403524	3.30811820635e+15	-3.01928223458e+13	0.000210150439197	0.999789871641
906.050239364	3.30886728986e+15	-3.01996591467e+13	0.000210042450567	0.999789979607
905.845075204	3.30961671269e+15	-3.02064990446e+13	0.000209934496782	0.999790087538
905.639911044	3.31036647506e+15	-3.02133420414e+13	0.00020982657529	0.999790195437
905.434746884	3.31111657722e+15	-3.02201881394e+13	0.000209718685874	0.999790303304
905.229582724	3.31186701939e+15	-3.02270373406e+13	0.000209610827416	0.999790411139
905.024418565	3.3126178018e+15	-3.02338896472e+13	0.000209503000021	0.999790518944
904.819254405	3.31336892468e+15	-3.02407450613e+13	0.000209395204264	0.999790626717
904.614090245	3.31412038827e+15	-3.02476035849e+13	0.000209287438598	0.99979073446
904.408926085	3.3148721928e+15	-3.02544652202e+13	0.000209179704196	0.999790842172
904.203761925	3.3156243385e+15	-3.02613299694e+13	0.000209071999947	0.999790949854
903.998597765	3.3163768256e+15	-3.02681978344e+13	0.000208964326954	0.999791057505
903.793433605	3.31712965433e+15	-3.02750688176e+13	0.000208856684571	0.999791165124
903.588269446	3.31788282493e+15	-3.02819429209e+13	0.000208749073805	0.999791272713
903.383105286	3.31863633763e+15	-3.02888201465e+13	0.000208641494193	0.99979138027
903.177941126	3.31939019266e+15	-3.02957004966e+13	0.000208533946425	0.999791487795
902.972776966	3.32014439026e+15	-3.03025839732e+13	0.0002084264302	0.999791595289
902.767612806	3.32089893066e+15	-3.03094705785e+13	0.000208318945221	0.999791702752
902.562448646	3.32165381409e+15	-3.03163603147e+13	0.000208211491819	0.999791810183
902.357284486	3.32240904079e+15	-3.03232531838e+13	0.000208104069661	0.999791917582
902.152120326	3.32316461099e+15	-3.0330149188e+13	0.000207996678495	0.999792024951
901.946956167	3.32392052493e+15	-3.03370483295e+13	0.000207889318605	0.999792132289
901.741792007	3.32467678284e+15	-3.03439506103e+13	0.000207781989782	0.999792239595
901.536627847	3.32543338495e+15	-3.03508560327e+13	0.000207674691872	0.999792346871
901.331463687	3.32619033151e+15	-3.03577645987e+13	0.000207567425128	0.999792454115
901.126299527	3.32694762274e+15	-3.03646763106e+13	0.000207460189405	0.999792561329
900.921135367	3.32770525888e+15	-3.03715911704e+13	0.000207352984594	0.999792668512
900.715971207	3.32846324017e+15	-3.03785091803e+13	0.000207245810898	0.999792775663
900.510807048	3.32922156685e+15	-3.03854303426e+13	0.000207138668206	0.999792882784
900.305642888	3.32998023914e+15	-3.03923546592e+13	0.000207031556437	0.999792989873
900.100478728	3.33073925729e+15	-3.03992821324e+13	0.000206924475748	0.999793096932
899.895314568	3.33149862152e+15	-3.04062127644e+13	0.000206817425991	0.999793203959
899.690150408	3.33225833209e+15	-3.04131465573e+13	0.000206710407293	0.999793310956
899.484986248	3.33301838923e+15	-3.04200835132e+13	0.000206603419586	0.999793417921
899.279822088	3.33377879317e+15	-3.04270236344e+13	0.000206496462817	0.999793524856
899.074657929	3.33453954414e+15	-3.0433966923e+13	0.000206389537086	0.99979363176
898.869493769	3.3353006424e+15	-3.04409133811e+13	0.0002062826423	0.999793738633
898.664329609	3.33606208817e+15	-3.0447863011e+13	0.000206175778537	0.999793845474
898.459165449	3.3368238817e+15	-3.04548158148e+13	0.000206068945723	0.999793952285
898.254001289	3.33758602322e+15	-3.04617717947e+13	0.000205962143918	0.999794059065
898.048837129	3.33834851296e+15	-3.04687309528e+13	0.000205855373068	0.999794165814
897.843672969	3.33911135118e+15	-3.04756932914e+13	0.000205748633198	0.999794272532
897.638508809	3.33987453811e+15	-3.04826588126e+13	0.000205641924305	0.999794379219
897.43334465	3.34063807398e+15	-3.04896275187e+13	0.000205535246394	0.999794485875
897.22818049	3.34140195905e+15	-3.04965994117e+13	0.000205428599452	0.9997945925
897.02301633	3.34216619353e+15	-3.05035744938e+13	0.000205321983475	0.999794699094
896.81785217	3.34293077769e+15	-3.05105527674e+13	0.000205215398463	0.999794805657
896.61268801	3.34369571175e+15	-3.05175342345e+13	0.000205108844413	0.999794912189
896.40752385	3.34446099596e+15	-3.05245188974e+13	0.000205002321323	0.99979501869
896.20235969	3.34522663055e+15	-3.05315067581e+13	0.000204895829192	0.999795125161
895.997195531	3.34599261577e+15	-3.05384978191e+13	0.000204789368018	0.9997952316
895.792031371	3.34675895187e+15	-3.05454920824e+13	0.000204682937798	0.999795338008
895.586867211	3.34752563907e+15	-3.05524895502e+13	0.000204576538531	0.999795444386
895.381703051	3.34829267762e+15	-3.05594902247e+13	0.000204470170215	0.999795550732
895.176538891	3.34906006776e+15	-3.05664941083e+13	0.000204363832848	0.999795657048
894.971374731	3.34982780974e+15	-3.05735012029e+13	0.000204257526428	0.999795763333
894.766210571	3.3505959038e+15	-3.0580511511e+13	0.000204151250954	0.999795869586
894.561046412	3.35136435018e+15	-3.05875250346e+13	0.000204045006422	0.999795975809
894.355882252	3.35213314911e+15	-3.05945417759e+13	0.000203938792832	0.999796082001
894.150718092	3.35290230085e+15	-3.06015617373e+13	0.000203832610181	0.999796188162
893.945553932	3.35367180564e+15	-3.0608584921e+13	0.000203726458467	0.999796294292
893.740389772	3.35444166372e+15	-3.0615611329e+13	0.000203620337689	0.999796400392
893.535225612	3.35521187533e+15	-3.06226409637e+13	0.000203514247845	0.99979650646
893.330061452	3.35598244072e+15	-3.06296738273e+13	0.000203408188932	0.999796612497
893.124897292	3.35675336013e+15	-3.0636709922e+13	0.00020330216095	0.999796718504
892.919733133	3.3575246338e+15	-3.06437492501e+13	0.000203196163895	0.999796824479
892.714568973	3.35829626198e+15	-3.06507918137e+13	0.000203090197766	0.999796930424
892.509404813	3.35906824492e+15	-3.06578376151e+13	0.000202984262561	0.999797036337
892.304240653	3.35984058286e+15	-3.06648866565e+13	0.000202878358278	0.99979714222
892.099076493	3.36061327603e+15	-3.06719389402e+13	0.000202772484916	0.999797248072
891.893912333	3.3613863247e+15	-3.06789944684e+13	0.000202666642471	0.999797353893
891.688748173	3.3621597291e+15	-3.06860532433e+13	0.000202560830944	0.999797459683
892.688748173	3.35839339987e+15	-3.06516783802e+13	0.00020307686366	0.999796943755
892.991778476	3.35725375335e+15	-3.06412769546e+13	0.000203233382244	0.999796787268
893.294808779	3.35611488003e+15	-3.0630882586e+13	0.000203389968297	0.999796630714
893.597839082	3.35497677913e+15	-3.06204952671e+13	0.000203546621825	0.999796474092
893.900869386	3.35383944985e+15	-3.06101149908e+13	0.000203703342834	0.999796317403
894.203899689	3.35270289141e+15	-3.05997417498e+13	0.00020386013133	0.999796160647
894.506929992	3.35156710304e+15	-3.05893755371e+13	0.000204016987319	0.999796003823
894.809960295	3.35043208394e+15	-3.05790163455e+13	0.000204173910808	0.999795846931
895.112990598	3.34929783334e+15	-3.05686641679e+13	0.000204330901803	0.999795689972
895.416020901	3.34816435045e+15	-3.05583189971e+13	0.000204487960309	0.999795532946
895.719051204	3.3470316345e+15	-3.05479808261e+13	0.000204645086334	0.999795375852
896.022081507	3.3458996847e+15	-3.05376496477e+13	0.000204802279882	0.999795218691
896.32511181	3.34476850029e+15	-3.05273254548e+13	0.000204959540961	0.999795061462
896.628142113	3.34363808048e+15	-3.05170082404e+13	0.000205116869577	0.999794904165
896.931172416	3.3425084245e+15	-3.05066979974e+13	0.000205274265735	0.999794746802
897.234202719	3.34137953158e+15	-3.04963947187e+13	0.000205431729442	0.99979458937
897.537233022	3.34025140094e+15	-3.04860983973e+13	0.000205589260704	0.999794431871
897.840263325	3.33912403182e+15	-3.04758090261e+13	0.000205746859539	0.999794274305
898.143293628	3.33799742343e+15	-3.04655265982e+13	0.000205904525947	0.999794116671
898.446323931	3.33687157501e+15	-3.04552511063e+13	0.000206062259937	0.999793958969
898.749354234	3.3357464858e+15	-3.04449825437e+13	0.000206220061516	0.9997938012
899.052384537	3.33462215502e+15	-3.04347209032e+13	0.000206377930692	0.999793643364
899.35541484	3.33349858191e+15	-3.04244661778e+13	0.000206535867423	0.99979348546
899.658445143	3.3323757657e+15	-3.04142183606e+13	0.000206693871808	0.999793327488
899.961475446	3.33125370563e+15	-3.04039774446e+13	0.000206851943814	0.999793169449
900.264505749	3.33013240093e+15	-3.03937434227e+13	0.000207010083374	0.999793011342
900.567536052	3.32901185084e+15	-3.03835162882e+13	0.000207168290641	0.999792853167
900.870566355	3.3278920546e+15	-3.03732960339e+13	0.000207326565463	0.999792694925
901.173596658	3.32677301146e+15	-3.0363082653e+13	0.000207484908038	0.999792536615
901.476626961	3.32565472064e+15	-3.03528761386e+13	0.000207643318175	0.999792378238
901.779657264	3.32453718139e+15	-3.03426764836e+13	0.000207801796136	0.999792219793
902.082687567	3.32342039296e+15	-3.03324836813e+13	0.000207960341703	0.999792061281
902.38571787	3.32230435459e+15	-3.03222977246e+13	0.00020811895527	0.9997919027
902.688748173	3.32118906552e+15	-3.03121186068e+13	0.000208277636676	0.999791744052
902.991778476	3.320074525e+15	-3.03019463208e+13	0.000208436386613	0.999791585335
903.294808779	3.31896073227e+15	-3.02917808599e+13	0.000208595204988	0.999791426549
903.597839082	3.31784768658e+15	-3.02816222172e+13	0.000208754092483	0.999791267695
903.900869386	3.31673538719e+15	-3.02714703857e+13	0.000208913048246	0.999791108773
904.203899689	3.31562383333e+15	-3.02613253588e+13	0.000209072072258	0.999790949782
904.506929992	3.31451302427e+15	-3.02511871295e+13	0.00020923116352	0.999790790724
904.809960295	3.31340295925e+15	-3.02410556909e+13	0.000209390321753	0.999790631599
905.112990598	3.31229363753e+15	-3.02309310364e+13	0.000209549546372	0.999790472408
905.416020901	3.31118505835e+15	-3.0220813159e+13	0.000209708840079	0.999790313147
905.719051204	3.31007722098e+15	-3.0210702052e+13	0.000209868201127	0.99979015382
906.022081507	3.30897012467e+15	-3.02005977085e+13	0.000210027632509	0.999789994422
906.32511181	3.30786376868e+15	-3.01905001218e+13	0.000210187139597	0.999789834948
906.628142113	3.30675815226e+15	-3.01804092852e+13	0.000214401093525	0.999785621889
906.931172416	3.30565327467e+15	-3.01703251918e+13	0.000216699835143	0.999783323643
907.234202719	3.30454913518e+15	-3.01602478348e+13	0.000217239615718	0.999782783979
907.537233022	3.30344573304e+15	-3.01501772077e+13	0.000217834398345	0.999782189326
907.840263325	3.30234306751e+15	-3.01401133035e+13	0.000218505178332	0.999781518692
908.143293628	3.30124113786e+15	-3.01300561156e+13	0.000219284284938	0.999780739756
908.446323931	3.30013994336e+15	-3.01200056372e+13	0.000220221764447	0.999779802483
908.749354234	3.29903948325e+15	-3.01099618617e+13	0.000221395349495	0.999778629157
909.052384537	3.29793975682e+15	-3.00999247823e+13	0.000222926279896	0.999777098566
909.35541484	3.29684076333e+15	-3.00898943923e+13	0.000225005116167	0.999775020196
909.658445143	3.29574250204e+15	-3.00798706851e+13	0.000227936363723	0.999772089612
909.961475446	3.29464497223e+15	-3.0069853654e+13	0.000232224257734	0.999767802704
910.264505749	3.29354817316e+15	-3.00598432923e+13	0.000238766826013	0.999761261677
910.567536052	3.2924521041e+15	-3.00498395933e+13	0.000249370556158	0.999750660534
910.870566355	3.29135676433e+15	-3.00398425505e+13	0.000268153001501	0.999731882948
911.173596658	3.29026215311e+15	-3.00298521571e+13	0.000304779599148	0.999695266841
911.476626961	3.28916826973e+15	-3.00198684065e+13	0.000379050301174	0.999621021529
911.779657264	3.28807511345e+15	-3.00098912921e+13	0.000520148098589	0.999479987155
912.082687567	3.28698268355e+15	-2.99999208074e+13	0.00074604401205	0.99925423421
912.38571787	3.28589097931e+15	-2.99899569456e+13	0.0010208053082	0.998979715536
912.688748173	3.2848e+15	-2.99799997002e+13	0.00123195859882	0.998768799951
912.991778476	3.2837097449e+15	-2.99700490646e+13	0.0012482136054	0.998752565089
913.294808779	3.2826202133e+15	-2.99601050322e+13	0.00103285819113	0.998967675023
913.597839082	3.28153140446e+15	-2.99501675965e+13	0.000687448478362	0.99931278776
913.900869386	3.28044331768e+15	-2.99402367509e+13	0.000364845872366	0.999635220676
914.203899689	3.27935595223e+15	-2.99303124888e+13	0.000153593766279	0.999846418029
914.506929992	3.2782693074e+15	-2.99203948037e+13	5.11176817146e-05	0.999948883625
914.809960295	3.27718338247e+15	-2.99104836891e+13	1.34193685166e-05	0.999986580722
915.112990598	3.27609817673e+15	-2.99005791383e+13	2.77512599926e-06	0.999997224878
915.416020901	3.27501368946e+15	-2.9890681145e+13	4.51918185794e-07	0.999999548082
915.719051204	3.27392991995e+15	-2.98807897026e+13	5.79779312003e-08	0.999999942022
916.022081507	3.27284686748e+15	-2.98709048046e+13	6.07501120712e-09	0.999999993925
916.32511181	3.27176453135e+15	-2.98610264445e+13	6.97083647303e-10	0.999999999303
916.628142113	3.27068291084e+15	-2.98511546158e+13	2.34606573954e-10	0.999999999765
916.931172416	3.26960200524e+15	-2.98412893121e+13	1.78451261753e-10	0.999999999822
917.234202719	3.26852181385e+15	-2.98314305268e+13	1.55280353231e-10	0.999999999845
917.537233022	3.26744233597e+15	-2.98215782536e+13	1.37717677187e-10	0.999999999862
917.840263325	3.26636357087e+15	-2.98117324859e+13	1.23369942065e-10	0.999999999877
918.143293628	3.26528551786e+15	-2.98018932174e+13	1.11430786144e-10	0.999999999889
918.446323931	3.26420817623e+15	-2.97920604416e+13	1.01366199792e-10	0.999999999899
918.749354234	3.26313154527e+15	-2.9782234152e+13	9.28739820618e-11	0.999999999907
919.052384537	3.26205562429e+15	-2.97724143423e+13	8.54888021673e-11	0.999999999915
919.35541484	3.26098041259e+15	-2.9762601006e+13	7.90746662252e-11	0.999999999921
919.658445143	3.25990590945e+15	-2.97527941368e+13	7.34608577527e-11	0.999999999927
919.961475446	3.25883211419e+15	-2.97429937283e+13	6.85132469762e-11	0.999999999931
920.264505749	3.2577590261e+15	-2.9733199774e+13	6.41040767682e-11	0.999999999936
920.567536052	3.25668664448e+15	-2.97234122676e+13	6.02492872492e-11	0.99999999994
920.870566355	3.25561496863e+15	-2.97136312028e+13	5.67411506757e-11	0.999999999943
921.173596658	3.25454399787e+15	-2.97038565731e+13	5.35818293576e-11	0.999999999946
921.476626961	3.25347373149e+15	-2.96940883723e+13	5.07259583082e-11	0.999999999949
921.779657264	3.2524041688e+15	-2.96843265939e+13	4.81348589626e-11	0.999999999952
922.082687567	3.2513353091e+15	-2.96745712318e+13	4.57606637161e-11	0.999999999954
922.38571787	3.25026715171e+15	-2.96648222794e+13	4.3560796775e-11	0.999999999956
922.688748173	3.24919969593e+15	-2.96550797306e+13	4.16089484304e-11	0.999999999958
