912.0	3.28728070175e+15	-3.12221366996e+13	0.0252409146255	0.975074973907
912.169557127	3.28666965103e+15	-3.12163330244e+13	0.0252596908125	0.975056665889
912.339114254	3.28605882743e+15	-3.12105315064e+13	0.025278477473	0.975038348003
912.50867138	3.28544823083e+15	-3.12047321444e+13	0.0252972746108	0.975020020245
912.678228507	3.2848378611e+15	-3.11989349372e+13	0.0253160822299	0.975001682612
912.847785634	3.28422771812e+15	-3.11931398837e+13	0.0253349003342	0.974983335101
913.017342761	3.28361780175e+15	-3.11873469825e+13	0.0253537289274	0.974964977709
913.186899888	3.28300811189e+15	-3.11815562326e+13	0.0253725680136	0.974946610433
913.356457014	3.28239864839e+15	-3.11757676326e+13	0.0253914175967	0.974928233269
913.526014141	3.28178941113e+15	-3.11699811815e+13	0.0254102776805	0.974909846215
913.695571268	3.28118039999e+15	-3.1164196878e+13	0.0254291482689	0.974891449266
913.865128395	3.28057161484e+15	-3.11584147209e+13	0.0254480293658	0.974873042419
914.034685521	3.27996305555e+15	-3.1152634709e+13	0.0254669209752	0.974854625673
914.204242648	3.279354722e+15	-3.11468568412e+13	0.0254858231009	0.974836199022
914.373799775	3.27874661406e+15	-3.11410811162e+13	0.0255047357469	0.974817762465
914.543356902	3.27813873161e+15	-3.11353075329e+13	0.025523658917	0.974799315997
914.712914029	3.27753107453e+15	-3.112953609e+13	0.0255425926151	0.974780859616
914.882471155	3.27692364268e+15	-3.11237667864e+13	0.0255615368452	0.974762393318
915.052028282	3.27631643594e+15	-3.11179996208e+13	0.0255804916112	0.9747439171
915.221585409	3.27570945419e+15	-3.11122345922e+13	0.0255994569169	0.974725430959
915.391142536	3.2751026973e+15	-3.11064716992e+13	0.0256184327662	0.974706934891
915.560699663	3.27449616514e+15	-3.11007109408e+13	0.0256374191632	0.974688428894
915.730256789	3.2738898576e+15	-3.10949523157e+13	0.0256564161116	0.974669912964
915.899813916	3.27328377454e+15	-3.10891958228e+13	0.0256754236154	0.974651387098
916.069371043	3.27267791585e+15	-3.10834414608e+13	0.0256944416785	0.974632851293
916.23892817	3.2720722814e+15	-3.10776892286e+13	0.0257134703048	0.974614305545
916.408485296	3.27146687105e+15	-3.10719391249e+13	0.0257325094982	0.974595749851
916.578042423	3.2708616847e+15	-3.10661911487e+13	0.0257515592627	0.974577184209
916.74759955	3.27025672221e+15	-3.10604452988e+13	0.0257706196021	0.974558608614
916.917156677	3.26965198346e+15	-3.10547015739e+13	0.0257896905203	0.974540023063
917.086713804	3.26904746833e+15	-3.10489599728e+13	0.0258087720213	0.974521427554
917.25627093	3.26844317669e+15	-3.10432204945e+13	0.025827864109	0.974502822083
917.425828057	3.26783910842e+15	-3.10374831377e+13	0.0258469667873	0.974484206647
917.595385184	3.26723526339e+15	-3.10317479012e+13	0.0258660800602	0.974465581243
917.764942311	3.26663164149e+15	-3.10260147839e+13	0.0258852039314	0.974446945867
917.934499438	3.26602824258e+15	-3.10202837846e+13	0.025904338405	0.974428300516
918.104056564	3.26542506654e+15	-3.10145549021e+13	0.0259234834848	0.974409645187
918.273613691	3.26482211326e+15	-3.10088281353e+13	0.0259426391749	0.974390979876
918.443170818	3.2642193826e+15	-3.1003103483e+13	0.025961805479	0.974372304581
918.612727945	3.26361687444e+15	-3.09973809439e+13	0.0259809824012	0.974353619299
918.782285072	3.26301458867e+15	-3.0991660517e+13	0.0260001699453	0.974334924025
918.951842198	3.26241252515e+15	-3.09859422011e+13	0.0260193681153	0.974316218757
919.121399325	3.26181068377e+15	-3.0980225995e+13	0.026038576915	0.974297503492
919.290956452	3.2612090644e+15	-3.09745118975e+13	0.0260577963485	0.974278778226
919.460513579	3.26060766691e+15	-3.09687999074e+13	0.0260770264196	0.974260042956
919.630070705	3.2600064912e+15	-3.09630900237e+13	0.0260962671323	0.974241297678
919.799627832	3.25940553712e+15	-3.09573822451e+13	0.0261155184904	0.974222542391
919.969184959	3.25880480457e+15	-3.09516765705e+13	0.026134780498	0.97420377709
920.138742086	3.25820429341e+15	-3.09459729986e+13	0.0261540531589	0.974185001771
920.308299213	3.25760400353e+15	-3.09402715285e+13	0.026173336477	0.974166216433
920.477856339	3.25700393481e+15	-3.09345721588e+13	0.0261926304564	0.974147421072
920.647413466	3.25640408711e+15	-3.09288748884e+13	0.0262119351008	0.974128615684
920.816970593	3.25580446033e+15	-3.09231797162e+13	0.0262312504144	0.974109800266
920.98652772	3.25520505433e+15	-3.0917486641e+13	0.0262505764009	0.974090974815
921.156084847	3.25460586899e+15	-3.09117956617e+13	0.0262699130643	0.974072139328
921.325641973	3.2540069042e+15	-3.0906106777e+13	0.0262892604085	0.974053293801
921.4951991	3.25340815983e+15	-3.09004199859e+13	0.0263086184376	0.974034438231
921.664756227	3.25280963577e+15	-3.08947352872e+13	0.0263279871553	0.974015572616
921.834313354	3.25221133187e+15	-3.08890526796e+13	0.0263473665657	0.973996696951
922.003870481	3.25161324804e+15	-3.08833721622e+13	0.0263667566726	0.973977811234
922.173427607	3.25101538414e+15	-3.08776937337e+13	0.0263861574801	0.973958915462
922.342984734	3.25041774006e+15	-3.08720173929e+13	0.026405568992	0.97394000963
922.512541861	3.24982031567e+15	-3.08663431388e+13	0.0264249912123	0.973921093736
922.682098988	3.24922311085e+15	-3.08606709701e+13	0.026444424145	0.973902167777
922.851656114	3.24862612548e+15	-3.08550008857e+13	0.0264638677938	0.97388323175
923.021213241	3.24802935945e+15	-3.08493328845e+13	0.0264833221629	0.97386428565
923.190770368	3.24743281262e+15	-3.08436669653e+13	0.0265027872562	0.973845329475
923.360327495	3.24683648488e+15	-3.0838003127e+13	0.0265222630775	0.973826363222
923.529884622	3.24624037611e+15	-3.08323413684e+13	0.0265417496308	0.973807386888
923.699441748	3.24564448618e+15	-3.08266816884e+13	0.0265612469201	0.973788400469
923.868998875	3.24504881498e+15	-3.08210240858e+13	0.0265807549493	0.973769403961
924.038556002	3.24445336239e+15	-3.08153685595e+13	0.0266002737223	0.973750397363
924.208113129	3.24385812829e+15	-3.08097151084e+13	0.0266198032431	0.97373138067
924.377670256	3.24326311254e+15	-3.08040637313e+13	0.0266393435157	0.973712353879
924.547227382	3.24266831505e+15	-3.0798414427e+13	0.026658894544	0.973693316988
924.716784509	3.24207373568e+15	-3.07927671945e+13	0.0266784563319	0.973674269992
924.886341636	3.24147937432e+15	-3.07871220325e+13	0.0266980288833	0.973655212889
925.055898763	3.24088523084e+15	-3.078147894e+13	0.0267176122023	0.973636145675
925.225455889	3.24029130513e+15	-3.07758379158e+13	0.0267372062927	0.973617068347
925.395013016	3.23969759706e+15	-3.07701989588e+13	0.0267568111586	0.973597980902
925.564570143	3.23910410652e+15	-3.07645620678e+13	0.0267764268039	0.973578883337
925.73412727	3.23851083339e+15	-3.07589272418e+13	0.026796041729	0.973559786847
925.903684397	3.23791777754e+15	-3.07532944795e+13	0.0268156789364	0.973540669039
926.073241523	3.23732493887e+15	-3.07476637798e+13	0.026835326935	0.973521541101
926.24279865	3.23673231724e+15	-3.07420351416e+13	0.0268549857288	0.97350240303
926.412355777	3.23613991254e+15	-3.07364085638e+13	0.0268746553217	0.973483254823
926.581912904	3.23554772465e+15	-3.07307840452e+13	0.0268943357177	0.973464096475
926.751470031	3.23495575346e+15	-3.07251615848e+13	0.0269140269208	0.973444927985
926.921027157	3.23436399883e+15	-3.07195411813e+13	0.0269337289348	0.973425749348
927.090584284	3.23377246067e+15	-3.07139228337e+13	0.0269534417638	0.973406560562
927.260141411	3.23318113883e+15	-3.07083065407e+13	0.0269731654117	0.973387361623
927.429698538	3.23259003321e+15	-3.07026923014e+13	0.0269928998824	0.973368152528
927.599255665	3.2319991437e+15	-3.06970801146e+13	0.0270126451799	0.973348933274
927.768812791	3.23140847016e+15	-3.06914699791e+13	0.0270324013083	0.973329703858
927.938369918	3.23081801248e+15	-3.06858618938e+13	0.0270521682714	0.973310464275
928.107927045	3.23022777054e+15	-3.06802558576e+13	0.0270719460731	0.973291214524
928.277484172	3.22963774423e+15	-3.06746518694e+13	0.0270917347176	0.973271954601
928.447041298	3.22904793343e+15	-3.0669049928e+13	0.0271115342086	0.973252684503
928.616598425	3.22845833801e+15	-3.06634500324e+13	0.0271313445503	0.973233404225
928.786155552	3.22786895786e+15	-3.06578521814e+13	0.0271511657464	0.973214113766
929.786155552	3.22439733276e+15	-3.06248791668e+13	0.0272682865562	0.973100136816
930.089185855	3.22334679899e+15	-3.06149013424e+13	0.0273038524014	0.973065528303
930.392216158	3.22229694954e+15	-3.06049300177e+13	0.0273394530265	0.973030887178
930.695246461	3.22124778374e+15	-3.05949651862e+13	0.0273750884541	0.972996213424
930.998276764	3.22019930093e+15	-3.05850068416e+13	0.0274107587069	0.972961507022
931.301307067	3.21915150043e+15	-3.05750549776e+13	0.0274464638076	0.972926767954
931.60433737	3.21810438159e+15	-3.05651095878e+13	0.027482203779	0.9728919962
931.907367673	3.21705794374e+15	-3.05551706659e+13	0.0275179786436	0.972857191743
932.210397976	3.21601218621e+15	-3.05452382057e+13	0.0275537884242	0.972822354565
932.513428279	3.21496710834e+15	-3.05353122007e+13	0.0275896331435	0.972787484645
932.816458582	3.21392270946e+15	-3.05253926448e+13	0.0276255128243	0.972752581967
933.119488885	3.21287898893e+15	-3.05154795317e+13	0.0276614274892	0.972717646511
933.422519188	3.21183594607e+15	-3.0505572855e+13	0.027697377161	0.97268267826
933.725549491	3.21079358023e+15	-3.04956726085e+13	0.0277333618624	0.972647677194
934.028579794	3.20975189074e+15	-3.0485778786e+13	0.0277693816161	0.972612643295
934.331610097	3.20871087695e+15	-3.04758913812e+13	0.0278054364461	0.972577576544
934.634640401	3.20767053821e+15	-3.04660103878e+13	0.0278415263745	0.972542476922
934.937670704	3.20663087385e+15	-3.04561357996e+13	0.0278776514242	0.972507344411
935.240701007	3.20559188322e+15	-3.04462676105e+13	0.0279138116183	0.972472178993
935.54373131	3.20455356566e+15	-3.04364058141e+13	0.0279500069796	0.972436980648
935.846761613	3.20351592053e+15	-3.04265504043e+13	0.0279862375266	0.972401749362
936.149791916	3.20247894716e+15	-3.04167013748e+13	0.0280225032903	0.97236648511
936.452822219	3.20144264491e+15	-3.04068587195e+13	0.0280588042843	0.97233118788
936.755852522	3.20040701313e+15	-3.03970224322e+13	0.0280951405423	0.972295857645
937.058882825	3.19937205116e+15	-3.03871925067e+13	0.0281315120827	0.97226049439
937.361913128	3.19833775835e+15	-3.03773689368e+13	0.0281679189199	0.972225098105
937.664943431	3.19730413407e+15	-3.03675517165e+13	0.0282043610938	0.972189668755
937.967973734	3.19627117765e+15	-3.03577408394e+13	0.0282408386093	0.972154206338
938.271004037	3.19523888845e+15	-3.03479362995e+13	0.0282773514996	0.972118710826
938.57403434	3.19420726582e+15	-3.03381380906e+13	0.0283138998023	0.972083182186
938.877064643	3.19317630913e+15	-3.03283462067e+13	0.0283504835202	0.97204762042
939.180094946	3.19214601772e+15	-3.03185606415e+13	0.028387102714	0.972012025471
939.483125249	3.19111639095e+15	-3.0308781389e+13	0.0284237573925	0.971976397336
939.786155552	3.19008742818e+15	-3.0299008443e+13	0.028460447642	0.971940735934
940.089185855	3.18905912876e+15	-3.02892417975e+13	0.0284971734704	0.971905041261
940.392216158	3.18803149206e+15	-3.02794814464e+13	0.028533934954	0.971869313246
940.695246461	3.18700451743e+15	-3.02697273836e+13	0.0285707320647	0.971833551921
940.998276764	3.18597820424e+15	-3.0259979603e+13	0.0286075647221	0.971797757368
941.301307067	3.18495255185e+15	-3.02502380985e+13	0.028644432972	0.971761929546
941.60433737	3.18392755961e+15	-3.02405028642e+13	0.0286813367843	0.971726068488
941.907367673	3.18290322689e+15	-3.02307738938e+13	0.0287182761279	0.971690174228
942.210397976	3.18187955306e+15	-3.02210511815e+13	0.0287552511909	0.971654246587
942.513428279	3.18085653747e+15	-3.02113347211e+13	0.0287922620618	0.971618285482
942.816458582	3.17983417951e+15	-3.02016245067e+13	0.0288293087819	0.971582290878
943.119488885	3.17881247852e+15	-3.01919205321e+13	0.0288663917987	0.971546262344
943.422519188	3.17779143387e+15	-3.01822227914e+13	0.0290717214076	0.971346795609
943.725549491	3.17677104495e+15	-3.01725312787e+13	0.0297799480114	0.970659105516
944.028579794	3.1757513111e+15	-3.01628459878e+13	0.0298661898064	0.970575397742
944.331610097	3.17473223171e+15	-3.01531669128e+13	0.0299588993954	0.970485420266
944.634640401	3.17371380614e+15	-3.01434940478e+13	0.0300603231303	0.970386995002
944.937670704	3.17269603377e+15	-3.01338273867e+13	0.0301738549698	0.970276831435
945.240701007	3.17167891396e+15	-3.01241669236e+13	0.0303046520647	0.970149930343
945.54373131	3.17066244609e+15	-3.01145126525e+13	0.0304605802864	0.969998668383
945.846761613	3.16964662953e+15	-3.01048645674e+13	0.0306536749661	0.969811384883
946.149791916	3.16863146366e+15	-3.00952226625e+13	0.0309024447878	0.969570155085
946.452822219	3.16761694785e+15	-3.00855869318e+13	0.0312356401886	0.969247152583
946.755852522	3.16660308148e+15	-3.00759573693e+13	0.0316988575203	0.968798284473
947.058882825	3.16558986391e+15	-3.00663339692e+13	0.0323676161562	0.968150608847
947.361913128	3.16457729454e+15	-3.00567167255e+13	0.0333777657905	0.967173125649
947.664943431	3.16356537274e+15	-3.00471056323e+13	0.035005539335	0.96560006746
947.967973734	3.16255409789e+15	-3.00375006838e+13	0.0378743867438	0.962833877994
948.271004037	3.16154346936e+15	-3.0027901874e+13	0.0433867111511	0.957541026667
948.57403434	3.16053348655e+15	-3.0018309197e+13	0.0542473820791	0.947197757766
948.877064643	3.15952414882e+15	-3.0008722647e+13	0.0741642258894	0.928519194429
949.180094946	3.15851545556e+15	-2.99991422181e+13	0.105093475491	0.900240368243
949.483125249	3.15750740616e+15	-2.99895679045e+13	0.142118938539	0.867518069018
949.786155552	3.1565e+15	-2.99799997002e+13	0.171014796733	0.842809102558
950.089185855	3.15549323646e+15	-2.99704375995e+13	0.175119376935	0.839356814945
950.392216158	3.15448711493e+15	-2.99608815965e+13	0.148758143682	0.861777516034
950.695246461	3.15348163479e+15	-2.99513316853e+13	0.103333452118	0.90182620748
950.998276764	3.15247679544e+15	-2.99417878603e+13	0.0582100941568	0.943451712921
951.301307067	3.15147259625e+15	-2.99322501154e+13	0.0264577167935	0.973889222124
951.60433737	3.15046903662e+15	-2.9922718445e+13	0.00967145702417	0.990375161107
951.907367673	3.14946611594e+15	-2.99131928432e+13	0.002837146559	0.997166874338
952.210397976	3.14846383359e+15	-2.99036733042e+13	0.000666911209787	0.999333311126
952.513428279	3.14746218897e+15	-2.98941598223e+13	0.000125502287479	0.999874505588
952.816458582	3.14646118148e+15	-2.98846523917e+13	1.8911982666e-05	0.999981088196
953.119488885	3.14546081049e+15	-2.98751510065e+13	2.29930867035e-06	0.999997700694
953.422519188	3.1444610754e+15	-2.98656556611e+13	2.42729244492e-07	0.999999757271
953.725549491	3.14346197562e+15	-2.98561663496e+13	3.85576550595e-08	0.999999961442
954.028579794	3.14246351052e+15	-2.98466830664e+13	1.91779888236e-08	0.999999980822
954.331610097	3.14146567952e+15	-2.98372058057e+13	1.58947909766e-08	0.999999984105
954.634640401	3.140468482e+15	-2.98277345617e+13	1.40391892822e-08	0.999999985961
954.937670704	3.13947191736e+15	-2.98182693287e+13	1.256280789e-08	0.999999987437
955.240701007	3.138475985e+15	-2.9808810101e+13	1.13385312782e-08	0.999999988661
955.54373131	3.13748068431e+15	-2.97993568729e+13	1.03083584253e-08	0.999999989692
955.846761613	3.13648601471e+15	-2.97899096387e+13	9.43123045087e-09	0.999999990569
956.149791916	3.13549197558e+15	-2.97804683927e+13	8.68547776103e-09	0.999999991315
956.452822219	3.13449856632e+15	-2.97710331291e+13	8.0314910308e-09	0.999999991969
956.755852522	3.13350578635e+15	-2.97616038424e+13	7.45962992931e-09	0.99999999254
957.058882825	3.13251363506e+15	-2.97521805267e+13	6.95606462539e-09	0.999999993044
957.361913128	3.13152211185e+15	-2.97427631766e+13	6.50977031513e-09	0.99999999349
957.664943431	3.13053121613e+15	-2.97333517862e+13	6.11010796002e-09	0.99999999389
957.967973734	3.1295409473e+15	-2.972394635e+13	5.75932830976e-09	0.999999994241
958.271004037	3.12855130477e+15	-2.97145468622e+13	5.43862866874e-09	0.999999994561
958.57403434	3.12756228794e+15	-2.97051533173e+13	5.14862392766e-09	0.999999994851
958.877064643	3.12657389622e+15	-2.96957657096e+13	4.88553769728e-09	0.999999995114
959.180094946	3.12558612902e+15	-2.96863840335e+13	4.64613662677e-09	0.999999995354
959.483125249	3.12459898575e+15	-2.96770082834e+13	4.42660328813e-09	0.999999995573
959.786155552	3.12361246582e+15	-2.96676384536e+13	4.21961642522e-09	0.99999999578
