912.0	3.28728070175e+15	-3.00254926285e+13	0.00171461371888	0.998286855391
911.801857653	3.28799505598e+15	-3.00320174251e+13	0.0015280335218	0.998473133327
911.603715306	3.28870972075e+15	-3.00385450581e+13	0.00141073757391	0.998590257049
911.405572958	3.28942469626e+15	-3.00450755293e+13	0.00133531595829	0.998665575179
911.207430611	3.29013998271e+15	-3.00516088407e+13	0.00128482901075	0.998715996029
911.009288264	3.29085558031e+15	-3.0058144994e+13	0.00124951560299	0.998751264717
910.811145917	3.29157148926e+15	-3.00646839911e+13	0.00122386350777	0.998776885108
910.613003569	3.29228770976e+15	-3.00712258339e+13	0.00120468268449	0.998796042654
910.414861222	3.29300424202e+15	-3.00777705242e+13	0.00119002362313	0.998810684174
910.216718875	3.29372108623e+15	-3.00843180639e+13	0.00117861982673	0.998822074473
910.018576528	3.29443824261e+15	-3.00908684549e+13	0.00116960524121	0.99883107848
909.820434181	3.29515571136e+15	-3.00974216989e+13	0.00116236616085	0.998838309125
909.622291833	3.29587349267e+15	-3.0103977798e+13	0.0011564575998	0.99884421084
909.424149486	3.29659158677e+15	-3.01105367539e+13	0.00115155238053	0.998849110401
909.226007139	3.29730999384e+15	-3.01170985685e+13	0.00114740795474	0.998853250066
909.027864792	3.2980287141e+15	-3.01236632437e+13	0.00114384352874	0.998856810411
908.829722445	3.29874774775e+15	-3.01302307813e+13	0.00114072398226	0.998859926396
908.631580097	3.29946709499e+15	-3.01368011832e+13	0.00113794807827	0.998862699139
908.43343775	3.30018675603e+15	-3.01433744514e+13	0.00113543989647	0.998865204472
908.235295403	3.30090673108e+15	-3.01499505876e+13	0.0011331423926	0.998867499371
908.037153056	3.30162702034e+15	-3.01565295938e+13	0.00113101265679	0.998869626697
907.839010708	3.30234762401e+15	-3.01631114718e+13	0.00112901831516	0.998871618786
907.640868361	3.30306854231e+15	-3.01696962235e+13	0.00112713487898	0.998873500099
907.442726014	3.30378977544e+15	-3.01762838508e+13	0.00112534373264	0.998875289229
907.244583667	3.3045113236e+15	-3.01828743556e+13	0.00110117701379	0.998899429059
907.04644132	3.305233187e+15	-3.01894677398e+13	0.00109301566893	0.998907581455
906.848298972	3.30595536585e+15	-3.01960640052e+13	0.00109240462494	0.998908191832
906.650156625	3.30667786036e+15	-3.02026631537e+13	0.0010917938168	0.998908801973
906.452014278	3.30740067072e+15	-3.02092651873e+13	0.00109118323366	0.99890941189
906.253871931	3.30812379716e+15	-3.02158701078e+13	0.00109057287353	0.998910021585
906.055729584	3.30884723987e+15	-3.02224779171e+13	0.00108996273656	0.998910631057
905.857587236	3.30957099906e+15	-3.02290886171e+13	0.00108935282281	0.998911240307
905.659444889	3.31029507495e+15	-3.02357022097e+13	0.00108874312871	0.998911849337
905.461302542	3.31101946774e+15	-3.02423186969e+13	0.00108813365583	0.998912458147
905.263160195	3.31174417763e+15	-3.02489380804e+13	0.00108752440494	0.998913066735
905.065017847	3.31246920484e+15	-3.02555603623e+13	0.00108691537352	0.998913675105
904.8668755	3.31319454958e+15	-3.02621855444e+13	0.00108630656364	0.998914283254
904.668733153	3.31392021204e+15	-3.02688136286e+13	0.00108569797447	0.998914891182
904.470590806	3.31464619245e+15	-3.02754446168e+13	0.00108508960565	0.998915498891
904.272448459	3.31537249101e+15	-3.0282078511e+13	0.00108448145912	0.998916106378
904.074306111	3.31609910793e+15	-3.0288715313e+13	0.00108387353386	0.998916713645
903.876163764	3.31682604342e+15	-3.02953550247e+13	0.00108326583121	0.998917320689
903.678021417	3.31755329769e+15	-3.03019976482e+13	0.00108265835052	0.998917927513
903.47987907	3.31828087094e+15	-3.03086431852e+13	0.00108205109117	0.998918534115
903.281736723	3.3190087634e+15	-3.03152916378e+13	0.00108144405382	0.998919140496
903.083594375	3.31973697526e+15	-3.03219430077e+13	0.00108083723779	0.998919746656
902.885452028	3.32046550674e+15	-3.03285972971e+13	0.00108023064252	0.998920352597
902.687309681	3.32119435805e+15	-3.03352545076e+13	0.00107962426857	0.998920958316
902.489167334	3.32192352941e+15	-3.03419146414e+13	0.00107901811546	0.998921563815
902.291024986	3.32265302101e+15	-3.03485777003e+13	0.00107841218285	0.998922169095
902.092882639	3.32338283307e+15	-3.03552436863e+13	0.0010778064712	0.998922774154
901.894740292	3.32411296581e+15	-3.03619126012e+13	0.0010772009802	0.998923378993
901.696597945	3.32484341943e+15	-3.0368584447e+13	0.00107659570957	0.998923983612
901.498455598	3.32557419415e+15	-3.03752592257e+13	0.00107599065969	0.998924588011
901.30031325	3.32630529017e+15	-3.03819369392e+13	0.00107538583031	0.99892519219
901.102170903	3.32703670772e+15	-3.03886175893e+13	0.0010747812212	0.998925796149
900.904028556	3.327768447e+15	-3.03953011781e+13	0.00107417683267	0.998926399889
900.705886209	3.32850050822e+15	-3.04019877075e+13	0.00107357266449	0.998927003408
900.507743862	3.3292328916e+15	-3.04086771794e+13	0.0010729687165	0.998927606709
900.309601514	3.32996559734e+15	-3.04153695958e+13	0.00107236498891	0.998928209789
900.111459167	3.33069862567e+15	-3.04220649586e+13	0.00107176148155	0.99892881265
899.91331682	3.3314319768e+15	-3.04287632698e+13	0.0010711567708	0.998929416713
899.715174473	3.33216565093e+15	-3.04354645312e+13	0.00107055370541	0.998930019133
899.517032125	3.33289964829e+15	-3.0442168745e+13	0.00106995086005	0.998930621333
899.318889778	3.33363396908e+15	-3.04488759129e+13	0.00106934823482	0.998931223314
899.120747431	3.33436861352e+15	-3.0455586037e+13	0.00106874582955	0.998931825076
898.922605084	3.33510358183e+15	-3.04622991193e+13	0.00106814364432	0.998932426618
898.724462737	3.33583887421e+15	-3.04690151616e+13	0.00106754167897	0.998933027941
898.526320389	3.33657449088e+15	-3.04757341659e+13	0.00106693993354	0.998933629045
898.328178042	3.33731043207e+15	-3.04824561342e+13	0.00106633840796	0.998934229929
898.130035695	3.33804669797e+15	-3.04891810685e+13	0.00106573710221	0.998934830594
897.931893348	3.33878328881e+15	-3.04959089707e+13	0.00106513601622	0.99893543104
897.733751001	3.3395202048e+15	-3.05026398428e+13	0.00106453514997	0.998936031267
897.535608653	3.34025744616e+15	-3.05093736867e+13	0.00106393450339	0.998936631274
897.337466306	3.3409950131e+15	-3.05161105045e+13	0.00106333407646	0.998937231063
897.139323959	3.34173290584e+15	-3.0522850298e+13	0.00106273386912	0.998937830633
896.941181612	3.3424711246e+15	-3.05295930693e+13	0.00106213388134	0.998938429983
896.743039264	3.34320966958e+15	-3.05363388204e+13	0.00106153411308	0.998939029115
896.544896917	3.34394854101e+15	-3.05430875531e+13	0.0010609345643	0.998939628028
896.34675457	3.34468773911e+15	-3.05498392695e+13	0.00106033523494	0.998940226722
896.148612223	3.34542726408e+15	-3.05565939717e+13	0.00105973612498	0.998940825197
895.950469876	3.34616711615e+15	-3.05633516614e+13	0.00105913723436	0.998941423454
895.752327528	3.34690729554e+15	-3.05701123408e+13	0.00105853856306	0.998942021491
895.554185181	3.34764780245e+15	-3.05768760118e+13	0.00105794011102	0.99894261931
895.356042834	3.34838863712e+15	-3.05836426764e+13	0.0010573418782	0.998943216911
895.157900487	3.34912979975e+15	-3.05904123366e+13	0.00105674386457	0.998943814293
894.95975814	3.34987129056e+15	-3.05971849944e+13	0.00105614607008	0.998944411456
894.761615792	3.35061310978e+15	-3.06039606517e+13	0.00105554849469	0.998945008401
894.563473445	3.35135525761e+15	-3.06107393106e+13	0.00105495113836	0.998945605127
894.365331098	3.35209773429e+15	-3.06175209731e+13	0.00105435400104	0.998946201635
894.167188751	3.35284054002e+15	-3.06243056411e+13	0.0010537570827	0.998946797924
893.969046403	3.35358367503e+15	-3.06310933167e+13	0.0010531603833	0.998947393995
893.770904056	3.35432713953e+15	-3.06378840018e+13	0.00105256390278	0.998947989848
893.572761709	3.35507093375e+15	-3.06446776985e+13	0.00105196764112	0.998948585483
893.374619362	3.3558150579e+15	-3.06514744087e+13	0.00105137159826	0.998949180899
893.176477015	3.3565595122e+15	-3.06582741346e+13	0.00105077577417	0.998949776097
892.978334667	3.35730429688e+15	-3.06650768779e+13	0.00105018016881	0.998950371077
892.78019232	3.35804941215e+15	-3.06718826409e+13	0.00104958478213	0.998950965839
892.582049973	3.35879485823e+15	-3.06786914255e+13	0.00104898961409	0.998951560383
892.383907626	3.35954063535e+15	-3.06855032336e+13	0.00104839466466	0.998952154709
893.383907626	3.35578016842e+15	-3.06511557339e+13	0.00105139953391	0.998949152993
893.686937929	3.35464229448e+15	-3.06407625764e+13	0.00105231120023	0.998948242285
893.989968232	3.35350519193e+15	-3.06303764647e+13	0.00105322337838	0.998947331067
894.292998535	3.35236886e+15	-3.06199973917e+13	0.00105413606852	0.998946419338
894.596028838	3.35123329789e+15	-3.06096253501e+13	0.00105504927079	0.998945507098
894.899059141	3.35009850483e+15	-3.05992603329e+13	0.00105596298534	0.998944594347
895.202089444	3.34896448003e+15	-3.05889023329e+13	0.00105687721232	0.998943681086
895.505119747	3.34783122273e+15	-3.05785513431e+13	0.00105779195188	0.998942767313
895.80815005	3.34669873213e+15	-3.05682073561e+13	0.00105870720417	0.998941853029
896.111180353	3.34556700745e+15	-3.05578703651e+13	0.00105962296933	0.998940938233
896.414210656	3.34443604794e+15	-3.05475403629e+13	0.00106053924752	0.998940022925
896.717240959	3.34330585279e+15	-3.05372173423e+13	0.00106145603888	0.998939107106
897.020271262	3.34217642125e+15	-3.05269012964e+13	0.00106237334357	0.998938190775
897.323301565	3.34104775254e+15	-3.0516592218e+13	0.00106329116173	0.998937273932
897.626331868	3.33991984589e+15	-3.05062901002e+13	0.0010642094935	0.998936356577
897.929362171	3.33879270052e+15	-3.04959949357e+13	0.00106512833905	0.998935438709
898.232392474	3.33766631566e+15	-3.04857067177e+13	0.00106604769852	0.998934520328
898.535422777	3.33654069055e+15	-3.04754254391e+13	0.00106696757208	0.998933601435
898.83845308	3.33541582442e+15	-3.04651510928e+13	0.00106788795986	0.99893268203
899.141483383	3.33429171649e+15	-3.04548836719e+13	0.00106880886203	0.998931762111
899.444513686	3.33316836601e+15	-3.04446231694e+13	0.00106973027873	0.998930841679
899.747543989	3.3320457722e+15	-3.04343695782e+13	0.00107065221012	0.998929920733
900.050574292	3.33092393431e+15	-3.04241228914e+13	0.00107157608087	0.998928997852
900.353604595	3.32980285157e+15	-3.04138831021e+13	0.00107249904458	0.998928075877
900.656634898	3.32868252321e+15	-3.04036502032e+13	0.00107342252344	0.998927153388
900.959665202	3.32756294848e+15	-3.03934241877e+13	0.00107434651745	0.998926230386
901.262695505	3.32644412662e+15	-3.03832050489e+13	0.00107527102706	0.99892530687
901.565725808	3.32532605686e+15	-3.03729927796e+13	0.0010761960521	0.998924382839
901.868756111	3.32420873845e+15	-3.03627873731e+13	0.0010771215931	0.998923458294
902.171786414	3.32309217064e+15	-3.03525888224e+13	0.00107804764981	0.998922533235
902.474816717	3.32197635266e+15	-3.03423971205e+13	0.00107897422291	0.99892160766
902.77784702	3.32086128376e+15	-3.03322122606e+13	0.00107990131209	0.998920681571
903.080877323	3.31974696318e+15	-3.03220342358e+13	0.00108082891828	0.998919754967
903.383907626	3.31863339018e+15	-3.03118630392e+13	0.00108175704131	0.998918827847
903.686937929	3.317520564e+15	-3.0301698664e+13	0.0010826856827	0.99891790021
903.989968232	3.3164084839e+15	-3.02915411032e+13	0.00108361484242	0.998916972056
904.292998535	3.31529714911e+15	-3.02813903501e+13	0.00108454452195	0.998916043384
904.596028838	3.31418655889e+15	-3.02712463978e+13	0.00108547471968	0.998915114195
904.899059141	3.3130767125e+15	-3.02611092394e+13	0.00108640543571	0.998914184489
905.202089444	3.31196760918e+15	-3.02509788682e+13	0.00108733666818	0.998913254268
905.505119747	3.31085924819e+15	-3.02408552773e+13	0.00108826841667	0.998912323533
905.80815005	3.30975162879e+15	-3.023073846e+13	0.00108920068017	0.998911392284
906.111180353	3.30864475023e+15	-3.02206284093e+13	0.00109013346426	0.998910460515
906.414210656	3.30753861177e+15	-3.02105251186e+13	0.00109106676577	0.998909528231
906.717240959	3.30643321266e+15	-3.0200428581e+13	0.0010920005902	0.998908595425
907.020271262	3.30532855217e+15	-3.01903387899e+13	0.00109293495018	0.998907662086
907.323301565	3.30422462955e+15	-3.01802557384e+13	0.00111568439412	0.99888493775
907.626331868	3.30312144407e+15	-3.01701794197e+13	0.001127000531	0.998873634296
907.929362171	3.30201899499e+15	-3.01601098272e+13	0.00112991264708	0.998870725464
908.232392474	3.30091728157e+15	-3.01500469541e+13	0.0011331100708	0.998867531656
908.535422777	3.29981630307e+15	-3.01399907937e+13	0.00113670134339	0.998863944457
908.83845308	3.29871605877e+15	-3.01299413392e+13	0.00114085355801	0.998859796968
909.141483383	3.29761654791e+15	-3.01198985841e+13	0.00114582526144	0.998854830946
909.444513686	3.29651776978e+15	-3.01098625214e+13	0.00115201789162	0.998848645426
909.747543989	3.29541972364e+15	-3.00998331447e+13	0.00116005738248	0.998840615224
910.050574292	3.29432240876e+15	-3.00898104472e+13	0.00117092706948	0.998829758198
910.353604595	3.29322582441e+15	-3.00797944222e+13	0.00118619699323	0.99881450626
910.656634898	3.29212996986e+15	-3.0069785063e+13	0.00120846333724	0.998792266561
910.959665202	3.29103484438e+15	-3.00597823631e+13	0.00124233822115	0.998758433162
911.262695505	3.28994044724e+15	-3.00497863157e+13	0.00129706555294	0.998703775273
911.565725808	3.28884677772e+15	-3.00397969143e+13	0.00139368077804	0.998607289944
911.868756111	3.28775383509e+15	-3.00298141522e+13	0.00158156077345	0.998419689235
912.171786414	3.28666161863e+15	-3.00198380229e+13	0.00196250327099	0.998039421179
912.474816717	3.28557012761e+15	-3.00098685195e+13	0.00268830212382	0.997315308124
912.77784702	3.28447936131e+15	-2.99999056357e+13	0.00385664992904	0.996150777394
913.080877323	3.28338931902e+15	-2.99899493648e+13	0.00528952244219	0.994724442448
913.383907626	3.2823e+15	-2.99799997002e+13	0.00640806986869	0.993612418025
913.686937929	3.28121140354e+15	-2.99700566353e+13	0.00652247800326	0.993498747184
913.989968232	3.28012352893e+15	-2.99601201637e+13	0.00542388681412	0.994590795902
914.292998535	3.27903637543e+15	-2.99501902786e+13	0.00362838821497	0.996378186431
914.596028838	3.27794994235e+15	-2.99402669736e+13	0.00193549916179	0.998066372709
914.899059141	3.27686422895e+15	-2.99303502422e+13	0.000818927759102	0.999181407471
915.202089444	3.27577923453e+15	-2.99204400778e+13	0.000273909763729	0.999726127746
915.505119747	3.27469495837e+15	-2.99105364738e+13	7.2260747848e-05	0.999927741863
915.80815005	3.27361139976e+15	-2.99006394238e+13	1.50126124047e-05	0.9999849875
916.111180353	3.27252855799e+15	-2.98907489213e+13	2.45391932258e-06	0.999997546084
916.414210656	3.27144643234e+15	-2.98808649598e+13	3.15795040358e-07	0.999999684205
916.717240959	3.27036502211e+15	-2.98709875328e+13	3.23236503502e-08	0.999999967676
917.020271262	3.26928432659e+15	-2.98611166338e+13	3.00220609703e-09	0.999999996998
917.323301565	3.26820434506e+15	-2.98512522563e+13	5.82155919323e-10	0.999999999418
917.626331868	3.26712507682e+15	-2.98413943939e+13	3.67971219942e-10	0.999999999632
917.929362171	3.26604652117e+15	-2.98315430401e+13	3.15876028978e-10	0.999999999684
918.232392474	3.2649686774e+15	-2.98216981886e+13	2.79973903967e-10	0.99999999972
918.535422777	3.2638915448e+15	-2.98118598327e+13	2.50793524999e-10	0.999999999749
918.83845308	3.26281512267e+15	-2.98020279662e+13	2.26519675973e-10	0.999999999773
919.141483383	3.26173941031e+15	-2.97922025826e+13	2.06055853046e-10	0.999999999794
919.444513686	3.26066440701e+15	-2.97823836755e+13	1.8878861057e-10	0.999999999811
919.747543989	3.25959011208e+15	-2.97725712385e+13	1.73775553139e-10	0.999999999826
920.050574292	3.25851652482e+15	-2.97627652652e+13	1.60736036387e-10	0.999999999839
920.353604595	3.25744364452e+15	-2.97529657492e+13	1.49323420771e-10	0.999999999851
920.656634898	3.25637147049e+15	-2.97431726842e+13	1.39264035925e-10	0.999999999861
920.959665202	3.25530000203e+15	-2.97333860637e+13	1.30302645794e-10	0.99999999987
921.262695505	3.25422923845e+15	-2.97236058814e+13	1.22465092382e-10	0.999999999878
921.565725808	3.25315917904e+15	-2.9713832131e+13	1.15334429018e-10	0.999999999885
921.868756111	3.25208982312e+15	-2.97040648061e+13	1.08910710027e-10	0.999999999891
922.171786414	3.25102116999e+15	-2.96943039004e+13	1.0310595991e-10	0.999999999897
922.474816717	3.24995321896e+15	-2.96845494076e+13	9.78387175078e-11	0.999999999902
922.77784702	3.24888596934e+15	-2.96748013213e+13	9.30142702259e-11	0.999999999907
923.080877323	3.24781942043e+15	-2.96650596352e+13	8.85429096879e-11	0.999999999911
923.383907626	3.24675357155e+15	-2.9655324343e+13	8.4572959572e-11	0.999999999915
