912.0	3.28728070175e+15	-3.00044676533e+13	0.000635277588939	0.999364924157
911.795397192	3.28801835284e+15	-3.00112005216e+13	0.000498628796696	0.999501495498
911.590794384	3.28875633505e+15	-3.00179364123e+13	0.000401630023611	0.999598450619
911.386191575	3.28949464861e+15	-3.00246753274e+13	0.000338018791163	0.999662038331
911.181588767	3.29023329373e+15	-3.00314172689e+13	0.000298201687947	0.99970184277
910.976985959	3.29097227066e+15	-3.00381622388e+13	0.000273581557131	0.999726455863
910.772383151	3.2917115796e+15	-3.00449102392e+13	0.000258037284292	0.999741996004
910.567780343	3.29245122079e+15	-3.00516612722e+13	0.000247805601929	0.999752225099
910.363177534	3.29319119444e+15	-3.00584153397e+13	0.000240750047419	0.999759278931
910.158574726	3.29393150079e+15	-3.00651724438e+13	0.000235684160027	0.999764343611
909.953971918	3.29467214004e+15	-3.00719325866e+13	0.00023193370261	0.999768093192
909.74936911	3.29541311244e+15	-3.007869577e+13	0.000229092760361	0.999770933479
909.544766302	3.29615441821e+15	-3.00854619963e+13	0.000226900576111	0.999773125164
909.340163493	3.29689605756e+15	-3.00922312674e+13	0.000225180455627	0.999774844896
909.135560685	3.29763803073e+15	-3.00990035853e+13	0.000223808167985	0.999776216875
908.930957877	3.29838033793e+15	-3.01057789522e+13	0.000222694375799	0.999777330419
908.726355069	3.29912297941e+15	-3.01125573701e+13	0.000221773926447	0.999778250664
908.52175226	3.29986595537e+15	-3.01193388411e+13	0.000220998933131	0.999779025485
908.317149452	3.30060926606e+15	-3.01261233671e+13	0.000220334014677	0.999779690257
908.112546644	3.30135291168e+15	-3.01329109504e+13	0.000219752959267	0.999780271185
907.907943836	3.30209689248e+15	-3.01397015929e+13	0.000219236313839	0.999780787717
907.703341028	3.30284120868e+15	-3.01464952967e+13	0.000218769611815	0.999781254317
907.498738219	3.3035858605e+15	-3.01532920639e+13	0.000218342087417	0.999781681747
907.294135411	3.30433084817e+15	-3.01600918965e+13	0.000217945706808	0.999782078042
907.089532603	3.30507617192e+15	-3.01668947967e+13	0.00021757445813	0.999782449209
906.884929795	3.30582183197e+15	-3.01737007665e+13	0.000217223825514	0.999782799766
906.680326987	3.30656782856e+15	-3.0180509808e+13	0.000215015143871	0.99978500797
906.475724178	3.30731416191e+15	-3.01873219233e+13	0.000210911819359	0.999789110421
906.27112137	3.30806083225e+15	-3.01941371144e+13	0.000210803746449	0.999789218471
906.066518562	3.3088078398e+15	-3.02009553835e+13	0.000210695719912	0.999789326475
905.861915754	3.3095551848e+15	-3.02077767325e+13	0.000210587728013	0.999789434444
905.657312946	3.31030286748e+15	-3.02146011637e+13	0.000210479768865	0.99978954238
905.452710137	3.31105088806e+15	-3.02214286791e+13	0.000210371840251	0.999789650286
905.248107329	3.31179924678e+15	-3.02282592808e+13	0.000210263944561	0.999789758159
905.043504521	3.31254794385e+15	-3.02350929708e+13	0.000210156078799	0.999789866002
904.838901713	3.31329697952e+15	-3.02419297514e+13	0.000210048243922	0.999789973815
904.634298905	3.31404635401e+15	-3.02487696245e+13	0.000209940440388	0.999790081596
904.429696096	3.31479606755e+15	-3.02556125923e+13	0.000209832666714	0.999790189347
904.225093288	3.31554612038e+15	-3.02624586568e+13	0.000209724924152	0.999790297067
904.02049048	3.31629651271e+15	-3.02693078203e+13	0.000209617212255	0.999790404756
903.815887672	3.31704724479e+15	-3.02761600847e+13	0.000209509530858	0.999790512415
903.611284863	3.31779831684e+15	-3.02830154522e+13	0.000209401881171	0.999790620042
903.406682055	3.3185497291e+15	-3.02898739249e+13	0.000209294262617	0.999790727638
903.202079247	3.31930148179e+15	-3.02967355049e+13	0.000209186676008	0.999790835202
902.997476439	3.32005357515e+15	-3.03036001943e+13	0.000209079120964	0.999790942735
902.792873631	3.3208060094e+15	-3.03104679953e+13	0.000208971597119	0.999791050236
902.588270822	3.32155878479e+15	-3.03173389099e+13	0.00020886410487	0.999791157706
902.383668014	3.32231190154e+15	-3.03242129402e+13	0.000208756643821	0.999791265144
902.179065206	3.32306535989e+15	-3.03310900885e+13	0.000208649213675	0.999791372552
901.974462398	3.32381916006e+15	-3.03379703568e+13	0.000208541814777	0.999791479929
901.76985959	3.32457330229e+15	-3.03448537471e+13	0.000208434446878	0.999791587274
901.565256781	3.32532778681e+15	-3.03517402618e+13	0.000208327109797	0.999791694589
901.360653973	3.32608261386e+15	-3.03586299028e+13	0.000208219803837	0.999791801872
901.156051165	3.32683778367e+15	-3.03655226724e+13	0.000208112528827	0.999791909125
900.951448357	3.32759329647e+15	-3.03724185726e+13	0.000208005284635	0.999792016347
900.746845549	3.3283491525e+15	-3.03793176056e+13	0.000207898071507	0.999792123538
900.54224274	3.32910535199e+15	-3.03862197735e+13	0.00020779088931	0.999792230698
900.337639932	3.32986189517e+15	-3.03931250784e+13	0.000207683737945	0.999792337827
900.133037124	3.33061878228e+15	-3.04000335226e+13	0.000207576617604	0.999792444925
899.928434316	3.33137601356e+15	-3.0406945108e+13	0.000207469528106	0.999792551992
899.723831508	3.33213358923e+15	-3.0413859837e+13	0.000207362469608	0.999792659029
899.519228699	3.33289150954e+15	-3.04207777115e+13	0.000207255442027	0.999792766034
899.314625891	3.33364977472e+15	-3.04276987339e+13	0.000207148445299	0.999792873008
899.110023083	3.33440838499e+15	-3.04346229061e+13	0.000207041479545	0.999792979952
898.905420275	3.33516734061e+15	-3.04415502304e+13	0.000206934544654	0.999793086865
898.700817467	3.33592664181e+15	-3.0448480709e+13	0.00020682764072	0.999793193747
898.496214658	3.33668628881e+15	-3.04554143439e+13	0.000206720767654	0.999793300598
898.29161185	3.33744628187e+15	-3.04623511373e+13	0.000206613925531	0.999793407418
898.087009042	3.3382066212e+15	-3.04692910914e+13	0.000206507114282	0.999793514207
897.882406234	3.33896730706e+15	-3.04762342084e+13	0.000206400333941	0.999793620965
897.677803425	3.33972833968e+15	-3.04831804904e+13	0.000206293584503	0.999793727693
897.473200617	3.34048971929e+15	-3.04901299396e+13	0.000206186865976	0.999793834389
897.268597809	3.34125144613e+15	-3.04970825581e+13	0.000206080178343	0.999793941055
897.063995001	3.34201352045e+15	-3.05040383481e+13	0.000205973521601	0.999794047689
896.859392193	3.34277594247e+15	-3.05109973119e+13	0.000205866895749	0.999794154293
896.654789384	3.34353871244e+15	-3.05179594514e+13	0.000205760300786	0.999794260866
896.450186576	3.34430183059e+15	-3.0524924769e+13	0.000205653736708	0.999794367409
896.245583768	3.34506529717e+15	-3.05318932668e+13	0.000205547203515	0.99979447392
896.04098096	3.3458291124e+15	-3.0538864947e+13	0.000205440701204	0.9997945804
895.836378152	3.34659327654e+15	-3.05458398118e+13	0.000205334229774	0.99979468685
895.631775343	3.34735778981e+15	-3.05528178633e+13	0.000205227789222	0.999794793269
895.427172535	3.34812265247e+15	-3.05597991038e+13	0.000205121379547	0.999794899656
895.222569727	3.34888786474e+15	-3.05667835353e+13	0.000205015000746	0.999795006013
895.017966919	3.34965342687e+15	-3.05737711602e+13	0.000204908652818	0.99979511234
894.813364111	3.3504193391e+15	-3.05807619806e+13	0.000204802335762	0.999795218635
894.608761302	3.35118560167e+15	-3.05877559987e+13	0.000204696049574	0.999795324899
894.404158494	3.35195221481e+15	-3.05947532166e+13	0.000204589794253	0.999795431133
894.199555686	3.35271917877e+15	-3.06017536366e+13	0.000204483569798	0.999795537336
893.994952878	3.3534864938e+15	-3.0608757261e+13	0.000204377376206	0.999795643507
893.79035007	3.35425416012e+15	-3.06157640918e+13	0.000204271213475	0.999795749648
893.585747261	3.35502217799e+15	-3.06227741312e+13	0.000204165081603	0.999795855759
893.381144453	3.35579054764e+15	-3.06297873816e+13	0.00020405898059	0.999795961838
893.176541645	3.35655926932e+15	-3.06368038451e+13	0.000203952910432	0.999796067887
892.971938837	3.35732834327e+15	-3.06438235239e+13	0.000203846871127	0.999796173904
892.767336028	3.35809776972e+15	-3.06508464201e+13	0.000203740862675	0.999796279891
892.56273322	3.35886754893e+15	-3.06578725362e+13	0.000203634885072	0.999796385847
892.358130412	3.35963768114e+15	-3.06649018741e+13	0.000203528938318	0.999796491772
892.153527604	3.36040816658e+15	-3.06719344362e+13	0.000203423022409	0.999796597667
891.948924796	3.3611790055e+15	-3.06789702247e+13	0.000203317137345	0.99979670353
891.744321987	3.36195019814e+15	-3.06860092418e+13	0.000203211283123	0.999796809363
892.744321987	3.35818433807e+15	-3.06516365678e+13	0.00020372894061	0.999796291811
893.04735229	3.35704483341e+15	-3.06412358038e+13	0.000203885951997	0.999796134831
893.350382594	3.35590610181e+15	-3.06308420957e+13	0.00020404303106	0.999795977784
893.653412897	3.35476814248e+15	-3.06204554365e+13	0.000204200177807	0.99979582067
893.9564432	3.35363095462e+15	-3.06100758189e+13	0.000204357392242	0.999795663487
894.259473503	3.35249453747e+15	-3.05997032359e+13	0.000204514674374	0.999795506237
894.562503806	3.35135889024e+15	-3.05893376802e+13	0.000204672024206	0.99979534892
894.865534109	3.35022401213e+15	-3.05789791448e+13	0.000204829441747	0.999795191534
895.168564412	3.34908990238e+15	-3.05686276224e+13	0.000204986927002	0.999795034081
895.471594715	3.3479565602e+15	-3.05582831061e+13	0.000205144479976	0.999794876561
895.774625018	3.34682398482e+15	-3.05479455885e+13	0.000205302100678	0.999794718972
896.077655321	3.34569217545e+15	-3.05376150628e+13	0.000205459789111	0.999794561316
896.380685624	3.34456113132e+15	-3.05272915217e+13	0.000205617545284	0.999794403593
896.683715927	3.34343085165e+15	-3.05169749582e+13	0.000205775369202	0.999794245801
896.98674623	3.34230133567e+15	-3.05066653652e+13	0.00020593326087	0.999794087942
897.289776533	3.3411725826e+15	-3.04963627357e+13	0.000206091220296	0.999793930015
897.592806836	3.34004459168e+15	-3.04860670626e+13	0.000206249247485	0.99979377202
897.895837139	3.33891736212e+15	-3.04757783388e+13	0.000206407342459	0.999793613958
898.198867442	3.33779089317e+15	-3.04654965574e+13	0.000206565505215	0.999793455828
898.501897745	3.33666518404e+15	-3.04552217113e+13	0.000206723735763	0.99979329763
898.804928048	3.33554023398e+15	-3.04449537934e+13	0.000206882034111	0.999793139365
899.107958351	3.3344160422e+15	-3.04346927969e+13	0.000207040400267	0.999792981031
899.410988654	3.33329260796e+15	-3.04244387146e+13	0.000207198834179	0.99979282263
899.714018957	3.33216993048e+15	-3.04141915396e+13	0.000207357335964	0.999792664161
900.01704926	3.331048009e+15	-3.0403951265e+13	0.000207515905584	0.999792505624
900.320079563	3.32992684275e+15	-3.03937178837e+13	0.000207674542954	0.99979234702
900.623109866	3.32880643097e+15	-3.03834913888e+13	0.000207833248259	0.999792188348
900.926140169	3.3276867729e+15	-3.03732717734e+13	0.000207992021313	0.999792029608
901.229170472	3.32656786778e+15	-3.03630590304e+13	0.000208150862355	0.9997918708
901.532200775	3.32544971485e+15	-3.03528531531e+13	0.000208309771152	0.999791711924
901.835231078	3.32433231336e+15	-3.03426541344e+13	0.000208468748021	0.99979155298
902.138261381	3.32321566254e+15	-3.03324619674e+13	0.000208627792696	0.999791393969
902.441291684	3.32209976164e+15	-3.03222766453e+13	0.000208786905652	0.999791234889
902.744321987	3.32098460991e+15	-3.03120981612e+13	0.000208946086695	0.999791075741
903.04735229	3.31987020658e+15	-3.03019265081e+13	0.00020910533666	0.999790916524
903.350382594	3.31875655091e+15	-3.02917616792e+13	0.000209264655433	0.999790757239
903.653412897	3.31764364215e+15	-3.02816036677e+13	0.00020942404384	0.999790597884
903.9564432	3.31653147954e+15	-3.02714524666e+13	0.000209583500844	0.99979043846
904.259473503	3.31542006233e+15	-3.02613080691e+13	0.000209743026421	0.999790278968
904.562503806	3.31430938977e+15	-3.02511704685e+13	0.000209902619363	0.999790119409
904.865534109	3.31319946113e+15	-3.02410396577e+13	0.00021006227933	0.999789959782
905.168564412	3.31209027564e+15	-3.02309156302e+13	0.000210222005616	0.999789800089
905.471594715	3.31098183256e+15	-3.02207983789e+13	0.000210381801487	0.999789640327
905.774625018	3.30987413115e+15	-3.02106878972e+13	0.000210541664831	0.999789480498
906.077655321	3.30876717067e+15	-3.02005841782e+13	0.000210701599264	0.999789320597
906.380685624	3.30766095036e+15	-3.01904872152e+13	0.00021086161129	0.999789160618
906.683715927	3.3065554695e+15	-3.01803970014e+13	0.000215117418407	0.999784905718
906.98674623	3.30545072733e+15	-3.017031353e+13	0.000217395969332	0.999782627659
907.289776533	3.30434672311e+15	-3.01602367942e+13	0.000217937554055	0.999782086193
907.592806836	3.30324345612e+15	-3.01501667873e+13	0.000218534347727	0.999781489529
907.895837139	3.3021409256e+15	-3.01401035027e+13	0.00021920742938	0.999780816595
908.198867442	3.30103913083e+15	-3.01300469334e+13	0.000219989255371	0.99978003494
908.501897745	3.29993807106e+15	-3.01199970729e+13	0.000220930068422	0.999779094335
908.804928048	3.29883774556e+15	-3.01099539144e+13	0.000222107904544	0.99977791676
909.107958351	3.2977381536e+15	-3.00999174512e+13	0.000223644476884	0.99977638053
909.410988654	3.29663929445e+15	-3.00898876767e+13	0.000225731085273	0.99977429439
909.714018957	3.29554116736e+15	-3.00798645841e+13	0.000228673424519	0.999771352719
910.01704926	3.29444377162e+15	-3.00698481667e+13	0.000232977729627	0.999767049408
910.320079563	3.29334710648e+15	-3.00598384179e+13	0.000239545733307	0.999760482955
910.623109866	3.29225117122e+15	-3.00498353311e+13	0.000250191707817	0.999749839588
910.926140169	3.29115596512e+15	-3.00398388996e+13	0.000269051399444	0.999730984792
911.229170472	3.29006148744e+15	-3.00298491167e+13	0.000305831524997	0.999694215237
911.532200775	3.28896773745e+15	-3.00198659758e+13	0.000380408338532	0.999619664008
911.835231078	3.28787471444e+15	-3.00098894703e+13	0.000522055884315	0.999478080363
912.138261381	3.28678241768e+15	-2.99999195936e+13	0.000748755514144	0.999251524733
912.441291684	3.28569084644e+15	-2.99899563391e+13	0.00102437209095	0.998976152399
912.744321987	3.2846e+15	-2.99799997002e+13	0.00123602471873	0.998764738845
913.04735229	3.28350987764e+15	-2.99700496703e+13	0.00125208046281	0.998748703063
913.350382594	3.28242047864e+15	-2.99601062428e+13	0.00103586509696	0.998964671226
913.653412897	3.28133180228e+15	-2.99501694111e+13	0.000689341233952	0.999310896307
913.9564432	3.28024384784e+15	-2.99402391687e+13	0.000365805704261	0.999634261194
914.259473503	3.2791566146e+15	-2.99303155091e+13	0.00015398503995	0.999846026815
914.562503806	3.27807010185e+15	-2.99203984256e+13	5.12456808698e-05	0.999948755632
914.865534109	3.27698430887e+15	-2.99104879118e+13	1.34530993182e-05	0.999986546991
915.168564412	3.27589923494e+15	-2.99005839612e+13	2.78227527469e-06	0.999997217729
915.471594715	3.27481487936e+15	-2.98906865671e+13	4.53192592866e-07	0.999999546808
915.774625018	3.2737312414e+15	-2.98807957232e+13	5.82108758128e-08	0.999999941789
916.077655321	3.27264832035e+15	-2.98709114229e+13	6.15264957592e-09	0.999999993847
916.380685624	3.27156611552e+15	-2.98610336596e+13	7.49153597002e-10	0.999999999251
916.683715927	3.27048462617e+15	-2.9851162427e+13	2.77748751805e-10	0.999999999722
916.98674623	3.26940385161e+15	-2.98412977186e+13	2.15693062475e-10	0.999999999784
917.289776533	3.26832379113e+15	-2.98314395279e+13	1.87938096137e-10	0.999999999812
917.592806836	3.26724444401e+15	-2.98215878484e+13	1.6669153312e-10	0.999999999833
917.895837139	3.26616580956e+15	-2.98117426736e+13	1.49325100452e-10	0.999999999851
918.198867442	3.26508788706e+15	-2.98019039973e+13	1.34873892623e-10	0.999999999865
918.501897745	3.26401067582e+15	-2.97920718128e+13	1.22691658894e-10	0.999999999877
918.804928048	3.26293417512e+15	-2.97822461138e+13	1.1241260112e-10	0.999999999888
919.107958351	3.26185838427e+15	-2.97724268939e+13	1.0347368454e-10	0.999999999897
919.410988654	3.26078330257e+15	-2.97626141467e+13	9.57100528512e-11	0.999999999904
919.714018957	3.2597089293e+15	-2.97528078657e+13	8.89152271414e-11	0.999999999911
920.01704926	3.25863526378e+15	-2.97430080447e+13	8.29264247116e-11	0.999999999917
920.320079563	3.2575623053e+15	-2.97332146771e+13	7.75897623234e-11	0.999999999922
920.623109866	3.25649005317e+15	-2.97234277566e+13	7.29239586805e-11	0.999999999927
920.926140169	3.25541850669e+15	-2.97136472769e+13	6.86777964512e-11	0.999999999931
921.229170472	3.25434766516e+15	-2.97038732316e+13	6.4853731092e-11	0.999999999935
921.532200775	3.25327752788e+15	-2.96941056144e+13	6.13970306784e-11	0.999999999939
921.835231078	3.25220809417e+15	-2.96843444189e+13	5.82607577415e-11	0.999999999942
922.138261381	3.25113936332e+15	-2.96745896388e+13	5.53872311869e-11	0.999999999945
922.441291684	3.25007133465e+15	-2.96648412677e+13	5.27245097197e-11	0.999999999947
922.744321987	3.24900400746e+15	-2.96550992995e+13	5.03619641548e-11	0.99999999995
