912.0	3.28728070175e+15	-3.99645882803e+13	0.0796252796081	0.923462321724
914.85589881	3.2770188222e+15	-3.98398311234e+13	0.080627350357	0.922537410634
917.711797619	3.26682081213e+15	-3.97158504495e+13	0.0816388496298	0.921604736493
920.567696429	3.25668607711e+15	-3.95926390318e+13	0.0826598372951	0.920664269609
923.423595239	3.24661403007e+15	-3.94701897333e+13	0.0836903840008	0.919715970796
926.279494048	3.23660409117e+15	-3.93484955044e+13	0.0847305056471	0.918759851633
929.135392858	3.22665568769e+15	-3.92275493827e+13	0.0857803103453	0.917795839325
931.991291668	3.21676825396e+15	-3.91073444908e+13	0.0868398402468	0.916823922168
934.847190477	3.20694123119e+15	-3.89878740355e+13	0.0879091551922	0.915844072623
937.703089287	3.19717406741e+15	-3.88691313064e+13	0.0889883152419	0.914856263386
940.558988097	3.18746621737e+15	-3.87511096745e+13	0.0900773806398	0.913860467428
943.414886906	3.17781714239e+15	-3.86338025911e+13	0.091176411814	0.912856657995
946.270785716	3.16822631033e+15	-3.85172035865e+13	0.092285469376	0.911844808619
949.126684526	3.15869319542e+15	-3.8401306269e+13	0.0934046141212	0.910824893116
951.982583335	3.14921727822e+15	-3.82861043234e+13	0.0945339070288	0.909796885594
954.838482145	3.13979804549e+15	-3.81715915104e+13	0.0956734092617	0.908760760457
957.694380955	3.13043499014e+15	-3.80577616647e+13	0.0968231821665	0.907716492408
960.550279764	3.12112761108e+15	-3.79446086946e+13	0.0979832872737	0.906664056455
963.406178574	3.11187541317e+15	-3.78321265805e+13	0.0991537864861	0.905603427745
966.262077384	3.10267790713e+15	-3.77203093741e+13	0.10033474174	0.904534581873
969.117976193	3.09353460946e+15	-3.76091511972e+13	0.101526231986	0.903457479547
971.973875003	3.0844450423e+15	-3.74986462404e+13	0.102728263205	0.902372147884
974.829773813	3.07540873344e+15	-3.73887887629e+13	0.10394095712	0.901278509929
977.685672622	3.06642521615e+15	-3.72795730904e+13	0.105164357805	0.900176559384
980.541571432	3.05749402916e+15	-3.71709936152e+13	0.10639852655	0.899066274889
983.397470242	3.04861471655e+15	-3.70630447944e+13	0.107643526356	0.89794763405
986.253369051	3.03978682768e+15	-3.69557211495e+13	0.108899420407	0.896820614815
989.109267861	3.03100991712e+15	-3.68490172652e+13	0.110166272071	0.895685195483
991.965166671	3.02228354455e+15	-3.67429277885e+13	0.111444144899	0.894541354706
994.82106548	3.01360727474e+15	-3.6637447428e+13	0.112733102628	0.893389071494
997.67696429	3.00498067742e+15	-3.65325709529e+13	0.114033209177	0.892228325222
1000.5328631	2.99640332723e+15	-3.64282931919e+13	0.115344528648	0.891059095631
1003.38876191	2.98787480368e+15	-3.63246090328e+13	0.11666712564	0.889881362556
1006.24466072	2.97939469101e+15	-3.62215134214e+13	0.118001065106	0.888695106059
1009.10055953	2.9709625782e+15	-3.61190013605e+13	0.119346445419	0.88750027709
1011.95645834	2.96257805886e+15	-3.60170679098e+13	0.120703216885	0.886296958537
1014.81235715	2.95424073119e+15	-3.5915708184e+13	0.122071568678	0.885085021871
1017.66825596	2.94595019787e+15	-3.58149173531e+13	0.123451522054	0.88386448814
1020.52415477	2.93770606604e+15	-3.57146906409e+13	0.124843166234	0.882635318752
1023.38005358	2.92950794724e+15	-3.56150233248e+13	0.126246519031	0.881397538732
1026.23595239	2.92135545732e+15	-3.55159107344e+13	0.12766166995	0.880151110345
1029.0918512	2.91324821639e+15	-3.54173482515e+13	0.129088684931	0.878896017256
1031.94775001	2.90518584878e+15	-3.53193313087e+13	0.130527630099	0.877632243548
1034.80364882	2.89716798296e+15	-3.52218553892e+13	0.131978572106	0.876359773422
1037.65954763	2.88919425149e+15	-3.51249160261e+13	0.13344157736	0.875078591886
1040.51544644	2.88126429095e+15	-3.50285088011e+13	0.13491674055	0.873788659822
1043.37134524	2.87337774194e+15	-3.49326293447e+13	0.136404034696	0.872490045015
1046.22724405	2.86553424893e+15	-3.48372733348e+13	0.137903625623	0.871182647385
1049.08314286	2.8577334603e+15	-3.47424364966e+13	0.139415550713	0.869866479707
1051.93904167	2.84997502824e+15	-3.46481146015e+13	0.140939874005	0.868541532052
1054.79494048	2.8422586087e+15	-3.45543034669e+13	0.142476663094	0.867207792003
1057.65083929	2.83458386135e+15	-3.44609989553e+13	0.144025985759	0.865865247601
1060.5067381	2.82695044952e+15	-3.43681969738e+13	0.145587910389	0.864513886981
1063.36263691	2.81935804017e+15	-3.42758934733e+13	0.147162505123	0.863153699121
1066.21853572	2.81180630383e+15	-3.41840844483e+13	0.14874988083	0.861784636803
1069.07443453	2.80429491452e+15	-3.40927659359e+13	0.150349963422	0.860406812818
1071.93033334	2.79682354977e+15	-3.40019340157e+13	0.151962975242	0.859020085163
1074.78623215	2.78939189052e+15	-3.39115848087e+13	0.153588932889	0.857624489783
1077.64213096	2.78199962109e+15	-3.38217144772e+13	0.155227903705	0.856220019531
1080.49802977	2.77464642914e+15	-3.3732319224e+13	0.156879957489	0.854806665797
1083.35392858	2.76733200564e+15	-3.36433952919e+13	0.15854516535	0.853384419515
1086.20982739	2.76005604479e+15	-3.35549389633e+13	0.160223643131	0.85195323417
1089.0657262	2.752818244e+15	-3.34669465596e+13	0.161915293551	0.850513245446
1091.92162501	2.74561830385e+15	-3.33794144405e+13	0.16362037284	0.849064288571
1094.77752382	2.73845592805e+15	-3.32923390039e+13	0.165338883893	0.84760641525
1097.63342263	2.73133082338e+15	-3.32057166852e+13	0.167070932934	0.846139590045
1100.48932144	2.72424269968e+15	-3.31195439566e+13	0.168816470847	0.844663909613
1103.34522025	2.71719126977e+15	-3.3033817327e+13	0.170575707771	0.84317925199
1106.20111906	2.71017624946e+15	-3.29485333413e+13	0.172348635568	0.841685680445
1109.05701787	2.70319735749e+15	-3.28636885799e+13	0.174135360882	0.840183162027
1111.91291668	2.69625431545e+15	-3.27792796586e+13	0.175935943484	0.838671704004
1114.76881549	2.68934684784e+15	-3.26953032275e+13	0.177750453817	0.837151305337
1117.6247143	2.68247468193e+15	-3.26117559712e+13	0.179578963519	0.835621964687
1120.48061311	2.67563754779e+15	-3.25286346081e+13	0.181421544411	0.834083681263
1123.33651192	2.66883517824e+15	-3.24459358898e+13	0.183278268497	0.832536454833
1126.19241073	2.66206730879e+15	-3.23636566011e+13	0.185149207966	0.830980285723
1129.04830953	2.65533367765e+15	-3.2281793559e+13	0.187034435191	0.829415174824
1131.90420834	2.64863402565e+15	-3.2200343613e+13	0.188934022727	0.827841123593
1134.76010715	2.64196809625e+15	-3.21193036441e+13	0.190848043315	0.826258134059
1137.61600596	2.63533563547e+15	-3.20386705645e+13	0.192776569877	0.824666208829
1140.47190477	2.62873639188e+15	-3.19584413177e+13	0.194719675523	0.823065351084
1143.32780358	2.62217011657e+15	-3.18786128773e+13	0.196677433542	0.821455564593
1146.18370239	2.61563656309e+15	-3.17991822475e+13	0.198649917409	0.81983685371
1149.0396012	2.60913548746e+15	-3.17201464618e+13	0.200637200784	0.818209223377
1151.89550001	2.60266664812e+15	-3.16415025837e+13	0.202639357509	0.816572679134
1154.75139882	2.59622980588e+15	-3.15632477051e+13	0.204656461609	0.814927227117
1157.60729763	2.58982472392e+15	-3.14853789472e+13	0.206688587296	0.813272874062
1160.46319644	2.58345116777e+15	-3.14078934592e+13	0.208735808962	0.811609627312
1163.31909525	2.57710890523e+15	-3.13307884183e+13	0.210798201186	0.809937494817
1166.17499406	2.57079770641e+15	-3.12540610295e+13	0.212875838728	0.80825648514
1169.03089287	2.56451734363e+15	-3.1177708525e+13	0.214968796533	0.806566607459
1171.88679168	2.55826759145e+15	-3.11017281639e+13	0.21707714973	0.80486787157
1174.74269049	2.55204822662e+15	-3.10261172323e+13	0.219200973633	0.803160287892
1177.5985893	2.54585902806e+15	-3.09508730422e+13	0.221340343736	0.801443867468
1180.45448811	2.53969977682e+15	-3.08759929318e+13	0.22349533572	0.79971862197
1183.31038692	2.53357025607e+15	-3.08014742651e+13	0.22566602545	0.797984563703
1186.16628573	2.52747025107e+15	-3.07273144314e+13	0.227852488972	0.796241705605
1189.02218454	2.52139954913e+15	-3.06535108449e+13	0.230054802518	0.794490061254
1191.87808335	2.51535793961e+15	-3.0580060945e+13	0.232273042503	0.792729644868
1194.73398216	2.50934521389e+15	-3.05069621951e+13	0.234507285526	0.790960471307
1195.73398216	2.50724663239e+15	-3.04814490267e+13	0.23529340848	0.790338923464
1196.03701246	2.50661139143e+15	-3.04737261864e+13	0.23553201796	0.790150363601
1196.34004276	2.50597647227e+15	-3.04660072585e+13	0.235770809477	0.789961704923
1196.64307307	2.50534187468e+15	-3.04582922399e+13	0.236009783169	0.789772947412
1196.94610337	2.50470759841e+15	-3.04505811278e+13	0.236248939186	0.789584091044
1197.24913367	2.50407364322e+15	-3.04428739191e+13	0.236488274533	0.789395138274
1197.55216398	2.50344000887e+15	-3.04351706109e+13	0.236727795025	0.789206084605
1197.85519428	2.5028066951e+15	-3.04274712002e+13	0.236967494297	0.789016935151
1198.15822458	2.50217370168e+15	-3.04197756841e+13	0.237207379865	0.788827684076
1198.46125488	2.50154102837e+15	-3.04120840596e+13	0.237447443562	0.788638337914
1198.76428519	2.50090867491e+15	-3.04043963238e+13	0.237687694895	0.78844888926
1199.06731549	2.50027664108e+15	-3.03967124737e+13	0.237928123605	0.788259346298
1199.37034579	2.49964492662e+15	-3.03890325064e+13	0.238168734958	0.788069704966
1199.6733761	2.49901353129e+15	-3.03813564189e+13	0.238409536039	0.787879959775
1199.9764064	2.49838245486e+15	-3.03736842082e+13	0.238650513617	0.787690121245
1200.2794367	2.49775169708e+15	-3.03660158716e+13	0.238891683139	0.7875001773
1200.58246701	2.49712125771e+15	-3.03583514059e+13	0.239133028318	0.787310140862
1200.88549731	2.49649113651e+15	-3.03506908083e+13	0.23937455793	0.787120005112
1201.18852761	2.49586133324e+15	-3.03430340759e+13	0.23961628393	0.786929760736
1201.49155791	2.49523184766e+15	-3.03353812058e+13	0.239858186167	0.786739423689
1201.79458822	2.49460267952e+15	-3.03277321949e+13	0.240100277851	0.78654898367
1202.09761852	2.49397382859e+15	-3.03200870405e+13	0.240342577956	0.786358425856
1202.40064882	2.49334529463e+15	-3.03124457395e+13	0.240585065684	0.786167766705
1202.70367913	2.49271707739e+15	-3.03048082891e+13	0.240827783604	0.785976972855
1203.00670943	2.49208917664e+15	-3.02971746863e+13	0.241070709215	0.785786062108
1203.30973973	2.49146159215e+15	-3.02895449283e+13	0.24131386942	0.785595013437
1203.61277004	2.49083432366e+15	-3.02819190122e+13	0.241557289837	0.785403806844
1203.91580034	2.49020737094e+15	-3.02742969349e+13	0.241800914205	0.785212486644
1204.21883064	2.48958073376e+15	-3.02666786938e+13	0.242044769659	0.785021031641
1204.52186095	2.48895441188e+15	-3.02590642858e+13	0.24228877317	0.784829507121
1204.82489125	2.48832840505e+15	-3.0251453708e+13	0.242532960366	0.784637885201
1205.12792155	2.48770271304e+15	-3.02438469576e+13	0.242777262766	0.784446219695
1205.43095185	2.48707733561e+15	-3.02362440317e+13	0.2430217531	0.784254453621
1205.73398216	2.48645227253e+15	-3.02286449275e+13	0.243266417364	0.784062598053
1206.03701246	2.48582752355e+15	-3.02210496419e+13	0.243511215793	0.783870684252
1206.34004276	2.48520308845e+15	-3.02134581721e+13	0.243756305227	0.78367858937
1206.64307307	2.48457896699e+15	-3.02058705154e+13	0.244001609388	0.783486373328
1206.94610337	2.48395515892e+15	-3.01982866687e+13	0.244247276072	0.783293920469
1207.24913367	2.48333166401e+15	-3.01907066293e+13	0.244493604039	0.783100997033
1207.55216398	2.48270848203e+15	-3.01831303942e+13	0.24522224032	0.782530609063
1207.85519428	2.48208561275e+15	-3.01755579606e+13	0.251970479705	0.777267682901
1208.15822458	2.48146305592e+15	-3.01679893256e+13	0.252526353929	0.776835739895
1208.46125488	2.48084081131e+15	-3.01604244865e+13	0.253111116411	0.776381608293
1208.76428519	2.48021887868e+15	-3.01528634402e+13	0.253731715813	0.775899935809
1209.06731549	2.47959725781e+15	-3.01453061841e+13	0.254397781199	0.775383307792
1209.37034579	2.47897594846e+15	-3.01377527151e+13	0.255122394314	0.774821658392
1209.6733761	2.47835495039e+15	-3.01302030305e+13	0.255923816314	0.774200948027
1209.9764064	2.47773426337e+15	-3.01226571275e+13	0.256827355185	0.773501743304
1210.2794367	2.47711388716e+15	-3.01151150031e+13	0.25786839758	0.7726969142
1210.58246701	2.47649382154e+15	-3.01075766546e+13	0.259096101256	0.771748853446
1210.88549731	2.47587406626e+15	-3.01000420792e+13	0.260579265267	0.770605071739
1211.18852761	2.4752546211e+15	-3.00925112739e+13	0.262414668285	0.769191998041
1211.49155791	2.47463548583e+15	-3.0084984236e+13	0.264739522354	0.767405816005
1211.79458822	2.47401666021e+15	-3.00774609626e+13	0.267751435805	0.765097933421
1212.09761852	2.473398144e+15	-3.00699414509e+13	0.271743273826	0.762049874128
1212.40064882	2.47277993699e+15	-3.00624256981e+13	0.277169547269	0.757925981936
1212.70367913	2.47216203892e+15	-3.00549137014e+13	0.284786829525	0.752174578643
1213.00670943	2.47154444958e+15	-3.00474054579e+13	0.295958929574	0.743817976314
1213.30973973	2.47092716874e+15	-3.00399009649e+13	0.31328938234	0.731038332373
1213.61277004	2.47031019615e+15	-3.00324002195e+13	0.341745551153	0.710528974988
1213.91580034	2.4696935316e+15	-3.0024903219e+13	0.390130983953	0.67696819672
1214.21883064	2.46907717484e+15	-3.00174099604e+13	0.471821559387	0.623864825808
1214.52186095	2.46846112565e+15	-3.00099204411e+13	0.602305481563	0.5475478184
1214.82489125	2.46784538381e+15	-3.00024346582e+13	0.790802202852	0.453480865685
1215.12792155	2.46722994907e+15	-2.9994952609e+13	1.02664150333	0.358207982943
1215.43095185	2.46661482121e+15	-2.99874742906e+13	1.268287855	0.281312858091
1215.73398216	2.466e+15	-2.99799997002e+13	1.44782843151	0.235080227023
1216.03701246	2.46538548521e+15	-2.99725288351e+13	1.49728228735	0.22373738857
1216.34004276	2.46477127662e+15	-2.99650616925e+13	1.38500402108	0.250322793221
1216.64307307	2.46415737398e+15	-2.99575982695e+13	1.13669835969	0.320876694255
1216.94610337	2.46354377708e+15	-2.99501385635e+13	0.823417292966	0.438929139241
1217.24913367	2.46293048569e+15	-2.99426825716e+13	0.524658465838	0.591757435238
1217.55216398	2.46231749957e+15	-2.99352302911e+13	0.293361536414	0.745752475278
1217.85519428	2.46170481851e+15	-2.99277817192e+13	0.143716632701	0.866133147099
1218.15822458	2.46109244226e+15	-2.99203368531e+13	0.0616248344158	0.940235564656
1218.46125488	2.46048037062e+15	-2.99128956901e+13	0.0231215258083	0.977143728376
1218.76428519	2.45986860334e+15	-2.99054582274e+13	0.0075995135754	0.992429289718
1219.06731549	2.4592571402e+15	-2.98980244622e+13	0.00220108603926	0.997801334574
1219.37034579	2.45864598097e+15	-2.98905943918e+13	0.000575286149793	0.999424879296
1219.6733761	2.45803512543e+15	-2.98831680134e+13	0.000148594970192	0.999851416069
1219.9764064	2.45742457335e+15	-2.98757453244e+13	4.9083828067e-05	0.999950917377
1220.2794367	2.45681432451e+15	-2.98683263218e+13	2.68508211225e-05	0.999973149539
1220.58246701	2.45620437868e+15	-2.98609110031e+13	2.07766707872e-05	0.999979223545
1220.88549731	2.45559473563e+15	-2.98534993653e+13	1.7970308141e-05	0.999982029853
1221.18852761	2.45498539514e+15	-2.98460914059e+13	1.5995039066e-05	0.999984005089
1221.49155791	2.45437635698e+15	-2.98386871221e+13	1.44115356354e-05	0.999985588568
1221.79458822	2.45376762093e+15	-2.98312865111e+13	1.30824062628e-05	0.999986917679
1222.09761852	2.45315918677e+15	-2.98238895701e+13	1.19531802055e-05	0.999988046891
1222.40064882	2.45255105426e+15	-2.98164962966e+13	1.09835005111e-05	0.99998901656
1222.70367913	2.45194322319e+15	-2.98091066877e+13	1.01430240531e-05	0.999989857027
1223.00670943	2.45133569332e+15	-2.98017207407e+13	9.40866889865e-06	0.999990591375
1223.30973973	2.45072846445e+15	-2.97943384529e+13	8.76232343268e-06	0.999991237715
1223.61277004	2.45012153633e+15	-2.97869598216e+13	8.18991149847e-06	0.999991810122
1223.91580034	2.44951490876e+15	-2.9779584844e+13	7.68755401691e-06	0.999992312476
1224.21883064	2.44890858151e+15	-2.97722135175e+13	7.2311516588e-06	0.999992768874
1224.52186095	2.44830255434e+15	-2.97648458394e+13	6.82042198797e-06	0.999993179601
1224.82489125	2.44769682705e+15	-2.97574818068e+13	6.44914821555e-06	0.999993550873
1225.12792155	2.44709139941e+15	-2.97501214172e+13	6.11222472038e-06	0.999993887794
1225.43095185	2.44648627119e+15	-2.97427646678e+13	5.80527964037e-06	0.999994194737
1225.73398216	2.44588144217e+15	-2.9735411556e+13	5.52333889191e-06	0.999994476676
