912.0	3.28728070175e+15	-3.01522638699e+13	0.00299141134062	0.997013058472
911.840811357	3.28785459332e+15	-3.01575278348e+13	0.00298624530839	0.997018209087
911.681622713	3.28842868531e+15	-3.0162793638e+13	0.0029813017458	0.997023137921
911.52243407	3.28900297781e+15	-3.01680612804e+13	0.00297654820826	0.997027877319
911.363245427	3.28957747094e+15	-3.0173330763e+13	0.00297195864858	0.997032453249
911.204056783	3.2901521648e+15	-3.01786020868e+13	0.00296744366969	0.997036954839
911.04486814	3.29072705949e+15	-3.01838752528e+13	0.00288482583354	0.997119331278
910.885679497	3.29130215513e+15	-3.01891502618e+13	0.00288251264583	0.997121637805
910.726490853	3.2918774518e+15	-3.01944271149e+13	0.0028804981504	0.997123646504
910.56730221	3.29245294963e+15	-3.01997058131e+13	0.00287848471297	0.997125654152
910.408113566	3.29302864872e+15	-3.02049863573e+13	0.00287647233172	0.997127660751
910.248924923	3.29360454917e+15	-3.02102687484e+13	0.00287446100608	0.997129666301
910.08973628	3.29418065108e+15	-3.02155529875e+13	0.00287245073546	0.997131670804
909.930547636	3.29475695457e+15	-3.02208390754e+13	0.00287044151978	0.997133674259
909.771358993	3.29533345974e+15	-3.02261270133e+13	0.00286843335813	0.997135676666
909.61217035	3.29591016669e+15	-3.0231416802e+13	0.00286642625036	0.997137678027
909.452981706	3.29648707553e+15	-3.02367084426e+13	0.00286442019627	0.997139678341
909.293793063	3.29706418637e+15	-3.02420019359e+13	0.00286241519511	0.997141677609
909.13460442	3.29764149932e+15	-3.02472972831e+13	0.00286041124681	0.997143675832
908.975415776	3.29821901447e+15	-3.02525944849e+13	0.00285840835086	0.997145673009
908.816227133	3.29879673194e+15	-3.02578935425e+13	0.00285640650674	0.997147669141
908.65703849	3.29937465183e+15	-3.02631944568e+13	0.00285440571435	0.997149664228
908.497849846	3.29995277425e+15	-3.02684972287e+13	0.00285240597321	0.997151658271
908.338661203	3.3005310993e+15	-3.02738018593e+13	0.00285040728289	0.997153651271
908.179472559	3.3011096271e+15	-3.02791083496e+13	0.00284840964325	0.997155643227
908.020283916	3.30168835774e+15	-3.02844167004e+13	0.00284641305383	0.997157634139
907.861095273	3.30226729134e+15	-3.02897269128e+13	0.00284441751423	0.997159624008
907.701906629	3.302846428e+15	-3.02950389878e+13	0.00284242302423	0.997161612835
907.542717986	3.30342576783e+15	-3.03003529263e+13	0.00284042958338	0.99716360062
907.383529343	3.30400531093e+15	-3.03056687293e+13	0.00283843719131	0.997165587363
907.224340699	3.30458505742e+15	-3.03109863979e+13	0.00283644584759	0.997167573064
907.065152056	3.30516500739e+15	-3.03163059329e+13	0.00283445555194	0.997169557724
906.905963413	3.30574516096e+15	-3.03216273354e+13	0.00283246630393	0.997171541344
906.746774769	3.30632551824e+15	-3.03269506064e+13	0.00283047810318	0.997173523923
906.587586126	3.30690607932e+15	-3.03322757468e+13	0.00282849094928	0.997175505462
906.428397483	3.30748684433e+15	-3.03376027576e+13	0.00282650484194	0.997177485962
906.269208839	3.30806781336e+15	-3.03429316398e+13	0.00282451978074	0.997179465422
906.110020196	3.30864898652e+15	-3.03482623944e+13	0.00282253576529	0.997181443844
905.950831552	3.30923036393e+15	-3.03535950224e+13	0.00282055279527	0.997183421227
905.791642909	3.30981194568e+15	-3.03589295248e+13	0.00281857087029	0.997185397571
905.632454266	3.31039373189e+15	-3.03642659025e+13	0.00281658998997	0.997187372878
905.473265622	3.31097572267e+15	-3.03696041565e+13	0.00281461015394	0.997189347148
905.314076979	3.31155791811e+15	-3.03749442879e+13	0.00281263136186	0.99719132038
905.154888336	3.31214031834e+15	-3.03802862977e+13	0.00281065361335	0.997193292576
904.995699692	3.31272292346e+15	-3.03856301867e+13	0.00280867690804	0.997195263735
904.836511049	3.31330573357e+15	-3.03909759561e+13	0.00280670124554	0.997197233858
904.677322406	3.31388874878e+15	-3.03963236067e+13	0.00280472662553	0.997199202946
904.518133762	3.31447196921e+15	-3.04016731397e+13	0.00280275304762	0.997201170998
904.358945119	3.31505539496e+15	-3.04070245559e+13	0.00280078051142	0.997203138015
904.199756476	3.31563902614e+15	-3.04123778565e+13	0.0027988090166	0.997205103998
904.040567832	3.31622286286e+15	-3.04177330423e+13	0.00279683856278	0.997207068946
903.881379189	3.31680690523e+15	-3.04230901144e+13	0.00279486914959	0.997209032861
903.722190546	3.31739115335e+15	-3.04284490737e+13	0.00279290077666	0.997210995742
903.563001902	3.31797560733e+15	-3.04338099214e+13	0.00279093344364	0.99721295759
903.403813259	3.31856026729e+15	-3.04391726583e+13	0.00278896711818	0.997214918438
903.244624615	3.31914513333e+15	-3.04445372854e+13	0.00278700186387	0.99721687822
903.085435972	3.31973020556e+15	-3.04499038038e+13	0.00278503764837	0.997218836971
902.926247329	3.32031548409e+15	-3.04552722145e+13	0.00278307447129	0.99722079469
902.767058685	3.32090096903e+15	-3.04606425185e+13	0.00278111233229	0.997222751378
902.607870042	3.32148666049e+15	-3.04660147167e+13	0.00277915123099	0.997224707035
902.448681399	3.32207255858e+15	-3.04713888102e+13	0.00277719116703	0.997226661661
902.289492755	3.3226586634e+15	-3.04767648e+13	0.00277523214003	0.997228615257
902.130304112	3.32324497507e+15	-3.04821426871e+13	0.00277327414964	0.997230567823
901.971115469	3.3238314937e+15	-3.04875224724e+13	0.00277131719549	0.997232519359
901.811926825	3.32441821939e+15	-3.04929041571e+13	0.00276936127721	0.997234469866
901.652738182	3.32500515226e+15	-3.0498287742e+13	0.00276740639444	0.997236419345
901.493549539	3.32559229241e+15	-3.05036732282e+13	0.00276545254681	0.997238367795
901.334360895	3.32617963995e+15	-3.05090606168e+13	0.00276349973396	0.997240315216
901.175172252	3.326767195e+15	-3.05144499086e+13	0.00276154795552	0.99724226161
901.015983608	3.32735495767e+15	-3.05198411048e+13	0.00275959721112	0.997244206977
900.856794965	3.32794292806e+15	-3.05252342063e+13	0.00275764750041	0.997246151317
900.697606322	3.32853110629e+15	-3.05306292142e+13	0.00275569882301	0.99724809463
900.538417678	3.32911949246e+15	-3.05360261294e+13	0.00275375117856	0.997250036916
900.379229035	3.32970808668e+15	-3.0541424953e+13	0.00275180456669	0.997251978177
900.220040392	3.33029688908e+15	-3.0546825686e+13	0.00274985898704	0.997253918412
900.060851748	3.33088589974e+15	-3.05522283293e+13	0.00274791443925	0.997255857622
899.901663105	3.3314751188e+15	-3.05576328841e+13	0.00274597092294	0.997257795807
899.742474462	3.33206454635e+15	-3.05630393513e+13	0.00274402843776	0.997259732967
899.583285818	3.33265418251e+15	-3.05684477319e+13	0.00274208698335	0.997261669103
899.424097175	3.33324402739e+15	-3.0573858027e+13	0.00274014655932	0.997263604216
899.264908532	3.3338340811e+15	-3.05792702376e+13	0.00273820716533	0.997265538305
899.105719888	3.33442434375e+15	-3.05846843646e+13	0.002736268801	0.99726747137
898.946531245	3.33501481545e+15	-3.05901004092e+13	0.00273433146598	0.997269403413
898.787342601	3.33560549632e+15	-3.05955183722e+13	0.00273239515989	0.997271334434
898.628153958	3.33619638645e+15	-3.06009382548e+13	0.00273045988238	0.997273264433
898.468965315	3.33678748598e+15	-3.0606360058e+13	0.00272852563307	0.99727519341
898.309776671	3.337378795e+15	-3.06117837828e+13	0.00272659241161	0.997277121365
898.150588028	3.33797031362e+15	-3.06172094302e+13	0.00272466021762	0.9972790483
897.991399385	3.33856204197e+15	-3.06226370012e+13	0.00272272905076	0.997280974214
897.832210741	3.33915398015e+15	-3.06280664968e+13	0.00272079891064	0.997282899108
897.673022098	3.33974612827e+15	-3.06334979182e+13	0.00271886979692	0.997284822982
897.513833455	3.34033848644e+15	-3.06389312662e+13	0.00271694170921	0.997286745837
897.354644811	3.34093105478e+15	-3.0644366542e+13	0.00271501464717	0.997288667672
897.195456168	3.3415238334e+15	-3.06498037465e+13	0.00271308861042	0.997290588488
897.036267525	3.3421168224e+15	-3.06552428808e+13	0.00271116359861	0.997292508286
896.877078881	3.34271002191e+15	-3.06606839459e+13	0.00270923961136	0.997294427066
896.717890238	3.34330343204e+15	-3.06661269428e+13	0.00270731664832	0.997296344828
896.558701594	3.34389705288e+15	-3.06715718726e+13	0.00270539470913	0.997298261573
896.399512951	3.34449088457e+15	-3.06770187363e+13	0.0027034737934	0.997300177301
896.240324308	3.34508492721e+15	-3.06824675349e+13	0.0027015539008	0.997302092012
897.240324308	3.3413567344e+15	-3.06482710471e+13	0.00271363137007	0.997290047199
897.543354611	3.34022861915e+15	-3.06379235191e+13	0.00271729919103	0.997286389325
897.846384914	3.3391012654e+15	-3.06275829759e+13	0.00272097072888	0.997282727757
898.149415217	3.33797467237e+15	-3.06172494104e+13	0.00272464598613	0.997279062493
898.45244552	3.3368488393e+15	-3.06069228155e+13	0.0027283249653	0.997275393531
898.755475823	3.33572376542e+15	-3.05966031841e+13	0.00273200766889	0.997271720868
899.058506126	3.33459944995e+15	-3.05862905093e+13	0.00273569409943	0.997268044502
899.361536429	3.33347589214e+15	-3.05759847839e+13	0.00273938425941	0.99726436443
899.664566732	3.33235309121e+15	-3.05656860011e+13	0.00274307815136	0.99726068065
899.967597035	3.3312310464e+15	-3.05553941537e+13	0.00274677577779	0.997256993159
900.270627338	3.33010975696e+15	-3.05451092347e+13	0.00275047714122	0.997253301955
900.573657641	3.32898922211e+15	-3.05348312372e+13	0.00275418224416	0.997249607036
900.876687944	3.32786944109e+15	-3.05245601542e+13	0.00275789108914	0.997245908399
901.179718247	3.32675041315e+15	-3.05142959787e+13	0.00276160367867	0.997242206041
901.48274855	3.32563213752e+15	-3.05040387037e+13	0.00276532001527	0.99723849996
901.785778853	3.32451461345e+15	-3.04937883223e+13	0.00276904010146	0.997234790154
902.088809156	3.32339784018e+15	-3.04835448275e+13	0.00277276393976	0.99723107662
902.391839459	3.32228181695e+15	-3.04733082124e+13	0.0027764915327	0.997227359355
902.694869762	3.32116654301e+15	-3.04630784701e+13	0.0027802228828	0.997223638358
902.997900065	3.3200520176e+15	-3.04528555936e+13	0.00278395799259	0.997219913625
903.300930368	3.31893823997e+15	-3.04426395761e+13	0.00278769686457	0.997216185154
903.603960671	3.31782520937e+15	-3.04324304106e+13	0.00279143953329	0.997212452911
903.906990974	3.31671292504e+15	-3.04222280902e+13	0.00279518593732	0.997208716958
904.210021277	3.31560138624e+15	-3.04120326081e+13	0.00279893611112	0.997204977259
904.513051581	3.31449059222e+15	-3.04018439574e+13	0.00280269005726	0.997201233812
904.816081884	3.31338054222e+15	-3.03916621312e+13	0.00280644777822	0.997197486615
905.119112187	3.3122712355e+15	-3.03814871227e+13	0.00281020927657	0.997193735665
905.42214249	3.31116267132e+15	-3.0371318925e+13	0.00281397455481	0.99718998096
905.725172793	3.31005484893e+15	-3.03611575313e+13	0.00281774361552	0.997186222498
906.028203096	3.30894776758e+15	-3.03510029347e+13	0.00282151646117	0.997182460275
906.331233399	3.30784142654e+15	-3.03408551285e+13	0.00282529309437	0.99717869429
906.634263702	3.30673582505e+15	-3.03307141059e+13	0.0028290735176	0.99717492454
906.937294005	3.30563096238e+15	-3.032057986e+13	0.00283285773348	0.997171151022
907.240324308	3.30452683779e+15	-3.0310452384e+13	0.00283664574452	0.997167373734
907.543354611	3.30342345054e+15	-3.03003316712e+13	0.00284043755343	0.997163592673
907.846384914	3.30232079988e+15	-3.02902177147e+13	0.00284423316271	0.997159807836
908.149415217	3.30121888509e+15	-3.02801105079e+13	0.00284803257506	0.997156019222
908.45244552	3.30011770543e+15	-3.0270010044e+13	0.00285183579288	0.997152226828
908.755475823	3.29901726015e+15	-3.02599163162e+13	0.00285564281841	0.997148430651
909.058506126	3.29791754854e+15	-3.02498293178e+13	0.00285945365425	0.997144630689
909.361536429	3.29681856984e+15	-3.02397490421e+13	0.00286326830279	0.99714082694
909.664566732	3.29572032334e+15	-3.02296754823e+13	0.00286708676663	0.997137019401
909.967597035	3.29462280829e+15	-3.02196086317e+13	0.0028709090484	0.99713320807
910.270627338	3.29352602398e+15	-3.02095484837e+13	0.00287473515085	0.997129392944
910.573657641	3.29242996966e+15	-3.01994950315e+13	0.00287856507697	0.997125574019
910.876687944	3.29133464461e+15	-3.01894482685e+13	0.00288239883108	0.997121751292
911.179718247	3.29024004811e+15	-3.0179408188e+13	0.00296528300964	0.9970391091
911.48274855	3.28914617942e+15	-3.01693747833e+13	0.00297538958701	0.997029032498
911.785778853	3.28805303782e+15	-3.01593480477e+13	0.00298451292367	0.997019936308
912.088809156	3.28696062259e+15	-3.01493279747e+13	0.00299440470375	0.997010074054
912.391839459	3.285868933e+15	-3.01393145576e+13	0.00300535617697	0.996999155385
912.694869762	3.28477796833e+15	-3.01293077897e+13	0.0030178150961	0.996986733931
912.997900065	3.28368772785e+15	-3.01193076644e+13	0.00303247326271	0.99697212004
913.300930368	3.28259821086e+15	-3.01093141752e+13	0.00305040340004	0.996954244353
913.603960671	3.28150941661e+15	-3.00993273153e+13	0.00307327564016	0.996931442037
913.906990974	3.28042134441e+15	-3.00893470783e+13	0.00310371044612	0.996901101084
914.210021277	3.27933399353e+15	-3.00793734576e+13	0.00314588703278	0.996859056085
914.513051581	3.27824736325e+15	-3.00694064465e+13	0.00320670820615	0.996798427791
914.816081884	3.27716145285e+15	-3.00594460385e+13	0.00329842144987	0.996707012366
915.119112187	3.27607626163e+15	-3.0049492227e+13	0.00344553287981	0.996560396157
915.42214249	3.27499178887e+15	-3.00395450055e+13	0.00370369705802	0.996303153168
915.725172793	3.27390803385e+15	-3.00296043674e+13	0.00420337573677	0.995805446082
916.028203096	3.27282499586e+15	-3.00196703062e+13	0.00521365964597	0.994799907888
916.331233399	3.27174267419e+15	-3.00097428154e+13	0.00713725117124	0.992888158518
916.634263702	3.27066106813e+15	-2.99998218885e+13	0.0102385920095	0.989813643947
916.937294005	3.26958017697e+15	-2.99899075189e+13	0.0140585900218	0.986039770479
917.240324308	3.2685e+15	-2.99799997002e+13	0.0170729439158	0.9830719729
917.543354611	3.26742053652e+15	-2.99700984258e+13	0.017440559171	0.982710647065
917.846384914	3.26634178581e+15	-2.99602036894e+13	0.0145707629677	0.985534876892
918.149415217	3.26526374718e+15	-2.99503154843e+13	0.00980243023409	0.990245456987
918.45244552	3.26418641991e+15	-2.99404338042e+13	0.00526339652025	0.994750430881
918.755475823	3.26310980331e+15	-2.99305586426e+13	0.00224370371007	0.997758811512
919.058506126	3.26203389666e+15	-2.9920689993e+13	0.00075678250624	0.999243503781
919.361536429	3.26095869928e+15	-2.9910827849e+13	0.000201512267167	0.999798508035
919.664566732	3.25988421045e+15	-2.99009722042e+13	4.2293732465e-05	0.999957707162
919.967597035	3.25881042948e+15	-2.98911230521e+13	6.98865601789e-06	0.999993011368
920.270627338	3.25773735566e+15	-2.98812803864e+13	9.08479253427e-07	0.999999091521
920.573657641	3.25666498831e+15	-2.98714442006e+13	9.2897888837e-08	0.999999907102
920.876687944	3.25559332672e+15	-2.98616144883e+13	7.51371869864e-09	0.999999992486
921.179718247	3.25452237019e+15	-2.98517912432e+13	5.53023779003e-10	0.999999999447
921.48274855	3.25345211803e+15	-2.98419744588e+13	7.03821985958e-11	0.99999999993
921.785778853	3.25238256955e+15	-2.98321641289e+13	4.08209234365e-11	0.999999999959
922.088809156	3.25131372405e+15	-2.98223602469e+13	3.53880501523e-11	0.999999999965
922.391839459	3.25024558083e+15	-2.98125628066e+13	3.16834454798e-11	0.999999999968
922.694869762	3.24917813922e+15	-2.98027718017e+13	2.86255290363e-11	0.999999999971
922.997900065	3.24811139851e+15	-2.97929872257e+13	2.60468204092e-11	0.999999999974
923.300930368	3.24704535801e+15	-2.97832090724e+13	2.38716630548e-11	0.999999999976
923.603960671	3.24598001704e+15	-2.97734373355e+13	2.19805514315e-11	0.999999999978
923.906990974	3.24491537491e+15	-2.97636720085e+13	2.03390673244e-11	0.99999999998
924.210021277	3.24385143093e+15	-2.97539130853e+13	1.89012328695e-11	0.999999999981
924.513051581	3.24278818441e+15	-2.97441605595e+13	1.76343289943e-11	0.999999999982
924.816081884	3.24172563467e+15	-2.97344144248e+13	1.65055088909e-11	0.999999999983
925.119112187	3.24066378103e+15	-2.9724674675e+13	1.5516540388e-11	0.999999999984
925.42214249	3.23960262279e+15	-2.97149413038e+13	1.46183507383e-11	0.999999999985
925.725172793	3.23854215928e+15	-2.97052143049e+13	1.38095918396e-11	0.999999999986
926.028203096	3.23748238982e+15	-2.9695493672e+13	1.30775345931e-11	0.999999999987
926.331233399	3.23642331372e+15	-2.9685779399e+13	1.24140255214e-11	0.999999999988
926.634263702	3.23536493031e+15	-2.96760714795e+13	1.18067726068e-11	0.999999999988
926.937294005	3.23430723889e+15	-2.96663699073e+13	1.12443399175e-11	0.999999999989
927.240324308	3.23325023881e+15	-2.96566746763e+13	1.07418095535e-11	0.999999999989
