912.0	3.28728070175e+15	-3.00090357949e+13	0.00260133117402	0.997402049356
911.79680087	3.28801329105e+15	-3.00157234802e+13	0.00207778956781	0.997924367543
911.59360174	3.28874620695e+15	-3.00224141469e+13	0.00172702888579	0.99827446157
911.39040261	3.28947944966e+15	-3.0029107797e+13	0.00150470278445	0.998496428713
911.18720348	3.2902130194e+15	-3.00358044326e+13	0.00136679022211	0.99863414341
910.98400435	3.29094691639e+15	-3.00425040556e+13	0.00128022218873	0.998720596946
910.78080522	3.29168114086e+15	-3.0049206668e+13	0.00122385974801	0.998776888863
910.57760609	3.29241569301e+15	-3.00559122719e+13	0.00118542479092	0.998815277547
910.374406961	3.29315057308e+15	-3.00626208692e+13	0.00115807132583	0.99884259898
910.171207831	3.29388578128e+15	-3.00693324619e+13	0.00113794205499	0.998862705156
909.968008701	3.29462131782e+15	-3.00760470521e+13	0.00112275674053	0.998877873315
909.764809571	3.29535718293e+15	-3.00827646417e+13	0.00111107448802	0.998889542527
909.561610441	3.29609337684e+15	-3.00894852328e+13	0.00110193208651	0.998898674818
909.358411311	3.29682989975e+15	-3.00962088274e+13	0.00109465813362	0.998905940786
909.155212181	3.2975667519e+15	-3.01029354274e+13	0.00108877253337	0.998911819964
908.952013051	3.29830393349e+15	-3.0109665035e+13	0.00108392392104	0.998916663312
908.748813921	3.29904144476e+15	-3.01163976521e+13	0.00107985588451	0.99892072695
908.545614791	3.29977928592e+15	-3.01231332807e+13	0.00107637835804	0.998924200729
908.342415661	3.30051745719e+15	-3.01298719229e+13	0.00107335034947	0.998927225485
908.139216531	3.30125595881e+15	-3.01366135807e+13	0.00107066708428	0.998929905875
907.936017401	3.30199479098e+15	-3.01433582561e+13	0.00106825055249	0.998932319824
907.732818271	3.30273395393e+15	-3.01501059512e+13	0.00106604258358	0.998934525438
907.529619141	3.30347344788e+15	-3.01568566679e+13	0.00106399974316	0.998936566104
907.326420011	3.30421327306e+15	-3.01636104083e+13	0.00106208950431	0.998938474313
907.123220882	3.30495342969e+15	-3.01703671744e+13	0.00106028742527	0.998940274481
906.920021752	3.30569391798e+15	-3.01771269683e+13	0.00105857506457	0.998941985028
906.716822622	3.30643473817e+15	-3.0183889792e+13	0.00103108699196	0.998969444396
906.513623492	3.30717589048e+15	-3.01906556475e+13	0.00102828381808	0.998972244685
906.310424362	3.30791737512e+15	-3.01974245369e+13	0.00102770087188	0.998972827032
906.107225232	3.30865919233e+15	-3.02041964622e+13	0.00102711814065	0.998973409165
905.904026102	3.30940134233e+15	-3.02109714255e+13	0.00102653562219	0.998973991085
905.700826972	3.31014382533e+15	-3.02177494287e+13	0.00102595331573	0.998974572794
905.497627842	3.31088664158e+15	-3.02245304741e+13	0.00102537122097	0.998975154292
905.294428712	3.31162979128e+15	-3.02313145635e+13	0.00102478933765	0.99897573558
905.091229582	3.31237327466e+15	-3.0238101699e+13	0.00102420766612	0.998976316656
904.888030452	3.31311709196e+15	-3.02448918828e+13	0.00102362620534	0.998976897521
904.684831322	3.31386124339e+15	-3.02516851168e+13	0.00102304495602	0.998977478176
904.481632192	3.31460572918e+15	-3.02584814032e+13	0.00102246391737	0.998978058621
904.278433062	3.31535054955e+15	-3.02652807439e+13	0.00102188309004	0.998978638855
904.075233932	3.31609570473e+15	-3.0272083141e+13	0.00102130247355	0.998979218878
903.872034803	3.31684119495e+15	-3.02788885966e+13	0.0010207220685	0.998979798691
903.668835673	3.31758702044e+15	-3.02856971128e+13	0.00102014187477	0.998980378293
903.465636543	3.31833318141e+15	-3.02925086916e+13	0.00101956189222	0.998980957684
903.262437413	3.31907967809e+15	-3.0299323335e+13	0.00101898212122	0.998981536865
903.059238283	3.31982651072e+15	-3.03061410453e+13	0.00101840256151	0.998982115834
902.856039153	3.32057367951e+15	-3.03129618243e+13	0.00101782321286	0.998982694593
902.652840023	3.3213211847e+15	-3.03197856743e+13	0.00101724407543	0.998983273142
902.449640893	3.32206902651e+15	-3.03266125972e+13	0.00101666514899	0.99898385148
902.246441763	3.32281720518e+15	-3.03334425951e+13	0.00101608643334	0.998984429608
902.043242633	3.32356572092e+15	-3.03402756702e+13	0.00101550792865	0.998985007525
901.840043503	3.32431457396e+15	-3.03471118245e+13	0.00101492963474	0.998985585232
901.636844373	3.32506376454e+15	-3.03539510601e+13	0.00101435155148	0.998986162729
901.433645243	3.32581329288e+15	-3.0360793379e+13	0.001013773679	0.998986740016
901.230446113	3.32656315921e+15	-3.03676387834e+13	0.0010131960171	0.998987317093
901.027246983	3.32731336376e+15	-3.03744872753e+13	0.00101261856588	0.998987893959
900.824047853	3.32806390676e+15	-3.03813388569e+13	0.00101204132523	0.998988470616
900.620848724	3.32881478843e+15	-3.03881935302e+13	0.00101146429506	0.998989047063
900.417649594	3.32956600901e+15	-3.03950512973e+13	0.00101088747543	0.998989623299
900.214450464	3.33031756873e+15	-3.04019121604e+13	0.00101031086626	0.998990199326
900.011251334	3.33106946781e+15	-3.04087761214e+13	0.00100973446746	0.998990775143
899.808052204	3.33182170648e+15	-3.04156431825e+13	0.00100915827907	0.99899135075
899.604853074	3.33257428498e+15	-3.04225133459e+13	0.00100858230103	0.998991926147
899.401653944	3.33332720354e+15	-3.04293866135e+13	0.00100800653325	0.998992501335
899.198454814	3.33408046238e+15	-3.04362629876e+13	0.00100743097576	0.998993076312
898.995255684	3.33483406174e+15	-3.04431424702e+13	0.00100685562847	0.998993651081
898.792056554	3.33558800185e+15	-3.04500250635e+13	0.00100628049139	0.998994225639
898.588857424	3.33634228294e+15	-3.04569107694e+13	0.00100570556444	0.998994799988
898.385658294	3.33709690523e+15	-3.04637995902e+13	0.00100513084761	0.998995374127
898.182459164	3.33785186897e+15	-3.0470691528e+13	0.00100455634085	0.998995948057
897.979260034	3.33860717439e+15	-3.04775865849e+13	0.00100398204411	0.998996521777
897.776060904	3.3393628217e+15	-3.0484484763e+13	0.00100340795738	0.998997095288
897.572861774	3.34011881116e+15	-3.04913860644e+13	0.00100283408061	0.998997668589
897.369662645	3.34087514299e+15	-3.04982904912e+13	0.00100226041375	0.998998241681
897.166463515	3.34163181742e+15	-3.05051980456e+13	0.00100168695678	0.998998814564
896.963264385	3.34238883468e+15	-3.05121087297e+13	0.00100111370965	0.998999387238
896.760065255	3.34314619502e+15	-3.05190225456e+13	0.00100054067232	0.998999959702
896.556866125	3.34390389865e+15	-3.05259394955e+13	0.000999967844756	0.999000531956
896.353666995	3.34466194583e+15	-3.05328595814e+13	0.000999395226921	0.999001104002
896.150467865	3.34542033677e+15	-3.05397828056e+13	0.000998822818776	0.999001675839
895.947268735	3.34617907171e+15	-3.05467091701e+13	0.000998250620282	0.999002247466
895.744069605	3.3469381509e+15	-3.0553638677e+13	0.000997678631403	0.999002818884
895.540870475	3.34769757455e+15	-3.05605713287e+13	0.000997106852099	0.999003390094
895.337671345	3.34845734291e+15	-3.0567507127e+13	0.000996535282332	0.999003961094
895.134472215	3.34921745621e+15	-3.05744460743e+13	0.000995963922066	0.999004531885
894.931273085	3.34997791469e+15	-3.05813881726e+13	0.000995392771261	0.999005102468
894.728073955	3.35073871858e+15	-3.05883334242e+13	0.00099482182988	0.999005672841
894.524874825	3.35149986811e+15	-3.05952818311e+13	0.000994251097885	0.999006243006
894.321675695	3.35226136353e+15	-3.06022333955e+13	0.000993680575238	0.999006812962
894.118476566	3.35302320506e+15	-3.06091881195e+13	0.0009931102619	0.999007382709
893.915277436	3.35378539295e+15	-3.06161460053e+13	0.000992540157834	0.999007952247
893.712078306	3.35454792743e+15	-3.06231070551e+13	0.000991970263003	0.999008521577
893.508879176	3.35531080874e+15	-3.06300712711e+13	0.000991400577367	0.999009090698
893.305680046	3.3560740371e+15	-3.06370386553e+13	0.000990831100889	0.99900965961
893.102480916	3.35683761277e+15	-3.06440092099e+13	0.000990261833531	0.999010228314
892.899281786	3.35760153598e+15	-3.06509829372e+13	0.000989692775255	0.999010796809
892.696082656	3.35836580696e+15	-3.06579598393e+13	0.000989123926023	0.999011365096
892.492883526	3.35913042595e+15	-3.06649399183e+13	0.000988555285797	0.999011933174
892.289684396	3.3598953932e+15	-3.06719231764e+13	0.00098798685454	0.999012501044
892.086485266	3.36066070893e+15	-3.06789096158e+13	0.000987418632213	0.999013068705
891.883286136	3.36142637339e+15	-3.06858992386e+13	0.000986850618778	0.999013636158
892.883286136	3.35766168608e+15	-3.06515320374e+13	0.000989647988384	0.999010841552
893.186316439	3.35652253603e+15	-3.0641132927e+13	0.000990496675472	0.999009993704
893.489346742	3.35538415867e+15	-3.06307408704e+13	0.000991345827587	0.999009145393
893.792377045	3.35424655322e+15	-3.06203558604e+13	0.000992195444854	0.999008296618
894.095407348	3.3531097189e+15	-3.06099778898e+13	0.000993045527399	0.999007447379
894.398437651	3.35197365491e+15	-3.05996069516e+13	0.000993896075349	0.999006597676
894.701467954	3.35083836048e+15	-3.05892430385e+13	0.000994747088829	0.999005747508
895.004498257	3.34970383483e+15	-3.05788861434e+13	0.000995598567965	0.999004896876
895.30752856	3.34857007717e+15	-3.05685362592e+13	0.000996450512883	0.999004045779
895.610558864	3.34743708672e+15	-3.05581933788e+13	0.000997302923709	0.999003194218
895.913589167	3.34630486271e+15	-3.05478574951e+13	0.000998155800569	0.999002342191
896.21661947	3.34517340437e+15	-3.05375286009e+13	0.00099900914359	0.9990014897
896.519649773	3.3440427109e+15	-3.05272066893e+13	0.000999862952896	0.999000636744
896.822680076	3.34291278154e+15	-3.0516891753e+13	0.00100071722861	0.998999783322
897.125710379	3.34178361551e+15	-3.05065837851e+13	0.00100157197087	0.998998929435
897.428740682	3.34065521205e+15	-3.04962827784e+13	0.00100242717979	0.998998075082
897.731770985	3.33952757037e+15	-3.0485988726e+13	0.0010032828555	0.998997220264
898.034801288	3.33840068971e+15	-3.04757016208e+13	0.00100413899814	0.998996364981
898.337831591	3.33727456929e+15	-3.04654214557e+13	0.00100499560782	0.998995509231
898.640861894	3.33614920835e+15	-3.04551482238e+13	0.00100585268468	0.998994653016
898.943892197	3.33502460612e+15	-3.0444881918e+13	0.00100671022884	0.998993796334
899.2469225	3.33390076183e+15	-3.04346225314e+13	0.00100756824042	0.998992939186
899.549952803	3.33277767472e+15	-3.04243700568e+13	0.00100842671953	0.998992081572
899.852983106	3.33165534402e+15	-3.04141244875e+13	0.00100928566635	0.998991223491
900.156013409	3.33053376897e+15	-3.04038858163e+13	0.00101014508098	0.998990364944
900.459043712	3.3294129488e+15	-3.03936540363e+13	0.00101100496349	0.99898950593
900.762074015	3.32829288276e+15	-3.03834291405e+13	0.00101186531412	0.998988646449
901.065104318	3.32717357007e+15	-3.03732111221e+13	0.00101272613288	0.998987786501
901.368134621	3.32605500999e+15	-3.03629999741e+13	0.00101358742003	0.998986926086
901.671164924	3.32493720175e+15	-3.03527956895e+13	0.00101444917556	0.998986065204
901.974195227	3.32382014459e+15	-3.03425982614e+13	0.00101531139977	0.998985203854
902.27722553	3.32270383777e+15	-3.0332407683e+13	0.00101617409263	0.998984342037
902.580255833	3.32158828052e+15	-3.03222239473e+13	0.00101703725453	0.998983479753
902.883286136	3.32047347208e+15	-3.03120470474e+13	0.00101790088548	0.998982617
903.186316439	3.31935941171e+15	-3.03018769765e+13	0.00101876498605	0.998981753779
903.489346742	3.31824609865e+15	-3.02917137276e+13	0.00101962955631	0.998980890089
903.792377045	3.31713353215e+15	-3.0281557294e+13	0.00102049459681	0.998980025931
904.095407348	3.31602171146e+15	-3.02714076688e+13	0.00102136010713	0.998979161304
904.398437651	3.31491063583e+15	-3.02612648451e+13	0.00102222608738	0.998978296208
904.701467954	3.31380030451e+15	-3.0251128816e+13	0.00102309253703	0.998977430644
905.004498257	3.31269071676e+15	-3.02409995749e+13	0.00102395945603	0.998976564612
905.30752856	3.31158187182e+15	-3.02308771147e+13	0.00102482684412	0.998975698112
905.610558864	3.31047376895e+15	-3.02207614289e+13	0.00102569470317	0.998974831142
905.913589167	3.30936640741e+15	-3.02106525104e+13	0.00102656303218	0.998973963703
906.21661947	3.30825978645e+15	-3.02005503526e+13	0.0010274318332	0.998973095794
906.519649773	3.30715390533e+15	-3.01904549487e+13	0.00102830110982	0.998972227411
906.822680076	3.3060487633e+15	-3.01803662919e+13	0.00104918605058	0.998951364153
907.125710379	3.30494435964e+15	-3.01702843755e+13	0.00106030892888	0.998940253
907.428740682	3.30384069359e+15	-3.01602091926e+13	0.00106303651382	0.998937528309
907.731770985	3.30273776443e+15	-3.01501407365e+13	0.00106603166321	0.998934536347
908.034801288	3.3016355714e+15	-3.01400790006e+13	0.0010693960807	0.99893117552
908.337831591	3.30053411378e+15	-3.01300239781e+13	0.00107328635496	0.998927289411
908.640861894	3.29943339082e+15	-3.01199756622e+13	0.00107794481303	0.998922635961
908.943892197	3.29833340181e+15	-3.01099340463e+13	0.00108374781902	0.998916839224
909.2469225	3.29723414599e+15	-3.00998991237e+13	0.00109128228048	0.998909312951
909.549952803	3.29613562264e+15	-3.00898708876e+13	0.00110146957383	0.998899136821
909.852983106	3.29503783102e+15	-3.00798493314e+13	0.00111578346647	0.998884838788
910.156013409	3.29394077041e+15	-3.00698344485e+13	0.00113665721906	0.998863988531
910.459043712	3.29284444007e+15	-3.00598262321e+13	0.00116841262214	0.998832269706
910.762074015	3.29174883928e+15	-3.00498246756e+13	0.00121970121932	0.998781042314
911.065104318	3.29065396731e+15	-3.00398297723e+13	0.0013102070031	0.998690650943
911.368134621	3.28955982343e+15	-3.00298415157e+13	0.00148617767515	0.99851492614
911.671164924	3.28846640691e+15	-3.00198598991e+13	0.00184316947875	0.998158528115
911.974195227	3.28737371703e+15	-3.00098849158e+13	0.00252414774471	0.997479035238
912.27722553	3.28628175307e+15	-2.99999165593e+13	0.00362207096811	0.996384480818
912.580255833	3.2851905143e+15	-2.9989954823e+13	0.00497097869205	0.995041356175
912.883286136	3.2841e+15	-2.99799997002e+13	0.00602656442344	0.993991558891
913.186316439	3.28301020945e+15	-2.99700511844e+13	0.0061378577473	0.993880940422
913.489346742	3.28192114193e+15	-2.9960109269e+13	0.0051058600227	0.994907152724
913.792377045	3.28083279672e+15	-2.99501739475e+13	0.00341581472594	0.996590012532
914.095407348	3.2797451731e+15	-2.99402452133e+13	0.00182159052921	0.99818006756
914.398437651	3.27865827035e+15	-2.99303230597e+13	0.00077024804163	0.999230048523
914.701467954	3.27757208776e+15	-2.99204074804e+13	0.000257376011335	0.999742657107
915.004498257	3.27648662461e+15	-2.99104984688e+13	6.78080884292e-05	0.99993219421
915.30752856	3.27540188019e+15	-2.99005960183e+13	1.40633246485e-05	0.999985936774
915.610558864	3.27431785378e+15	-2.98907001224e+13	2.29365981843e-06	0.999997706343
915.913589167	3.27323454468e+15	-2.98808107746e+13	2.93674387517e-07	0.999999706326
916.21661947	3.27215195216e+15	-2.98709279685e+13	2.97064383054e-08	0.999999970294
916.519649773	3.27107007552e+15	-2.98610516975e+13	2.48661579973e-09	0.999999997513
916.822680076	3.26998891405e+15	-2.98511819551e+13	2.86708888517e-10	0.999999999713
917.125710379	3.26890846704e+15	-2.98413187349e+13	1.22653513956e-10	0.999999999877
917.428740682	3.26782873379e+15	-2.98314620305e+13	1.01273830028e-10	0.999999999899
917.731770985	3.26674971357e+15	-2.98216118353e+13	8.96044066254e-11	0.99999999991
918.034801288	3.2656714057e+15	-2.98117681429e+13	8.02622131648e-11	0.99999999992
918.337831591	3.26459380946e+15	-2.9801930947e+13	7.24946308899e-11	0.999999999928
918.640861894	3.26351692414e+15	-2.97921002409e+13	6.59466513017e-11	0.999999999934
918.943892197	3.26244074906e+15	-2.97822760184e+13	6.04216612215e-11	0.99999999994
919.2469225	3.26136528349e+15	-2.97724582731e+13	5.56171853693e-11	0.999999999944
919.549952803	3.26029052675e+15	-2.97626469984e+13	5.14443572291e-11	0.999999999949
919.852983106	3.25921647813e+15	-2.97528421881e+13	4.77923381171e-11	0.999999999952
920.156013409	3.25814313694e+15	-2.97430438357e+13	4.45732012156e-11	0.999999999955
920.459043712	3.25707050246e+15	-2.97332519349e+13	4.17049392059e-11	0.999999999958
920.762074015	3.25599857402e+15	-2.97234664792e+13	3.91971396962e-11	0.999999999961
921.065104318	3.2549273509e+15	-2.97136874624e+13	3.69149700235e-11	0.999999999963
921.368134621	3.25385683241e+15	-2.97039148781e+13	3.48595092328e-11	0.999999999965
921.671164924	3.25278701786e+15	-2.96941487198e+13	3.30015258312e-11	0.999999999967
921.974195227	3.25171790655e+15	-2.96843889814e+13	3.13158341289e-11	0.999999999969
922.27722553	3.2506494978e+15	-2.96746356565e+13	2.97716082013e-11	0.99999999997
922.580255833	3.2495817909e+15	-2.96648887387e+13	2.83403791612e-11	0.999999999972
922.883286136	3.24851478517e+15	-2.96551482217e+13	2.70705039818e-11	0.999999999973
