912.0	3.28728070175e+15	-3.00300671749e+13	0.000314166382329	0.999685882963
911.803263299	3.28798998717e+15	-3.00365466609e+13	0.000286942799654	0.999713098364
911.606526598	3.28869957874e+15	-3.00430289435e+13	0.000269573565547	0.999730462766
911.409789897	3.28940947665e+15	-3.00495140246e+13	0.000258105086883	0.999741928219
911.213053196	3.2901196811e+15	-3.00560019062e+13	0.00025019451523	0.999749836781
911.016316495	3.2908301923e+15	-3.00624925898e+13	0.000244516266946	0.999755513625
910.819579795	3.29154101043e+15	-3.00689860774e+13	0.000240308947569	0.999759719924
910.622843094	3.29225213571e+15	-3.00754823709e+13	0.000237116372161	0.999762911738
910.426106393	3.29296356832e+15	-3.00819814719e+13	0.000234648311541	0.999765379216
910.229369692	3.29367530847e+15	-3.00884833823e+13	0.000232709533485	0.999767317541
910.032632991	3.29438735636e+15	-3.0094988104e+13	0.000231163134869	0.999768863581
909.83589629	3.29509971218e+15	-3.01014956388e+13	0.000229910458482	0.999770115969
909.639159589	3.29581237615e+15	-3.01080059885e+13	0.000228879159447	0.999771147031
909.442422888	3.29652534844e+15	-3.01145191549e+13	0.000228015670939	0.999772010323
909.245686187	3.29723862928e+15	-3.01210351398e+13	0.000227280052866	0.999772745773
909.048949486	3.29795221885e+15	-3.01275539451e+13	0.000226642416816	0.999773383265
908.852212785	3.29866611736e+15	-3.01340755727e+13	0.000226080351789	0.999773945202
908.655476085	3.299380325e+15	-3.01406000243e+13	0.000225577027241	0.999774448413
908.458739384	3.30009484199e+15	-3.01471273018e+13	0.000225119765193	0.999774905572
908.262002683	3.30080966852e+15	-3.0153657407e+13	0.000224699028688	0.999775326214
908.065265982	3.30152480478e+15	-3.01601903417e+13	0.000224307621743	0.999775717533
907.868529281	3.30224025099e+15	-3.01667261079e+13	0.000223940085183	0.999776084988
907.67179258	3.30295600735e+15	-3.01732647073e+13	0.000223592277309	0.999776432718
907.475055879	3.30367207404e+15	-3.01798061417e+13	0.000221983242765	0.999778041394
907.278319178	3.30438845129e+15	-3.01863504131e+13	0.000217086352601	0.999782937209
907.081582477	3.30510513929e+15	-3.01928975233e+13	0.000216979048873	0.999783044489
906.884845776	3.30582213824e+15	-3.01994474741e+13	0.00021687217628	0.999783151339
906.688109075	3.30653944834e+15	-3.02060002674e+13	0.000216765360602	0.999783258131
906.491372374	3.3072570698e+15	-3.02125559049e+13	0.000216658583325	0.999783364885
906.294635674	3.30797500282e+15	-3.02191143887e+13	0.000216551842978	0.999783471603
906.097898973	3.30869324761e+15	-3.02256757204e+13	0.000216445131485	0.999783578291
905.901162272	3.30941180435e+15	-3.02322399021e+13	0.000216338449757	0.99978368495
905.704425571	3.31013067327e+15	-3.02388069355e+13	0.000216231802188	0.999783791574
905.50768887	3.31084985456e+15	-3.02453768224e+13	0.000216125177506	0.999783898176
905.310952169	3.31156934843e+15	-3.02519495649e+13	0.000216018584326	0.999784004746
905.114215468	3.31228915508e+15	-3.02585251646e+13	0.00021591201421	0.999784111293
904.917478767	3.31300927471e+15	-3.02651036236e+13	0.000215805474896	0.999784217809
904.720742066	3.31372970753e+15	-3.02716849436e+13	0.000215698961184	0.9997843243
904.524005365	3.31445045374e+15	-3.02782691264e+13	0.00021559248027	0.999784430758
904.327268664	3.31517151355e+15	-3.02848561741e+13	0.000215486030861	0.999784537185
904.130531964	3.31589288716e+15	-3.02914460885e+13	0.00021537961197	0.999784643581
903.933795263	3.31661457478e+15	-3.02980388713e+13	0.000215273228195	0.999784749941
903.737058562	3.3173365766e+15	-3.03046345246e+13	0.000215166877178	0.99978485627
903.540321861	3.31805889285e+15	-3.03112330501e+13	0.000215060556744	0.999784962567
903.34358516	3.31878152372e+15	-3.03178344498e+13	0.000214954269373	0.999785068832
903.146848459	3.31950446942e+15	-3.03244387255e+13	0.000214848012786	0.999785175065
902.950111758	3.32022773015e+15	-3.03310458791e+13	0.000214741785276	0.99978528127
902.753375057	3.32095130612e+15	-3.03376559125e+13	0.000214635588981	0.999785387444
902.556638356	3.32167519754e+15	-3.03442688276e+13	0.000214529422433	0.999785493587
902.359901655	3.32239940461e+15	-3.03508846262e+13	0.00021442328456	0.999785599702
902.163164954	3.32312392753e+15	-3.03575033103e+13	0.000214317177212	0.999785705787
901.966428254	3.32384876653e+15	-3.03641248817e+13	0.000214211099358	0.999785811842
901.769691553	3.32457392179e+15	-3.03707493423e+13	0.000214105050221	0.999785917869
901.572954852	3.32529939354e+15	-3.0377376694e+13	0.000213999031294	0.999786023865
901.376218151	3.32602518197e+15	-3.03840069388e+13	0.000213893041788	0.999786129832
901.17948145	3.3267512873e+15	-3.03906400784e+13	0.000213787081105	0.99978623577
900.982744749	3.32747770973e+15	-3.03972761148e+13	0.000213681150428	0.999786341678
900.786008048	3.32820444946e+15	-3.040391505e+13	0.000213575249142	0.999786447556
900.589271347	3.32893150672e+15	-3.04105568857e+13	0.000213469376779	0.999786553406
900.392534646	3.3296588817e+15	-3.04172016239e+13	0.000213363534274	0.999786659226
900.195797945	3.33038657461e+15	-3.04238492666e+13	0.000213257720772	0.999786765017
899.999061244	3.33111458567e+15	-3.04304998155e+13	0.000213151937027	0.999786870778
899.802324544	3.33184291508e+15	-3.04371532726e+13	0.000213046182649	0.99978697651
899.605587843	3.33257156304e+15	-3.04438096399e+13	0.000212940457353	0.999787082213
899.408851142	3.33330052978e+15	-3.04504689192e+13	0.000212834761714	0.999787187886
899.212114441	3.3340298155e+15	-3.04571311124e+13	0.000212729095216	0.99978729353
899.01537774	3.3347594204e+15	-3.04637962215e+13	0.000212623458302	0.999787399144
898.818641039	3.3354893447e+15	-3.04704642483e+13	0.000212517850584	0.99978750473
898.621904338	3.3362195886e+15	-3.04771351948e+13	0.000212412272274	0.999787610286
898.425167637	3.33695015233e+15	-3.0483809063e+13	0.000212306723345	0.999787715812
898.228430936	3.33768103608e+15	-3.04904858546e+13	0.000212201203854	0.999787821309
898.031694235	3.33841224006e+15	-3.04971655717e+13	0.000212095713711	0.999787926777
897.834957534	3.3391437645e+15	-3.05038482162e+13	0.000211990252914	0.999788032215
897.638220833	3.33987560959e+15	-3.05105337899e+13	0.000211884821461	0.999788137625
897.441484133	3.34060777556e+15	-3.05172222949e+13	0.00021177941935	0.999788243004
897.244747432	3.3413402626e+15	-3.0523913733e+13	0.000211674046581	0.999788348355
897.048010731	3.34207307094e+15	-3.05306081062e+13	0.00021156870315	0.999788453676
896.85127403	3.34280620078e+15	-3.05373054163e+13	0.000211463389057	0.999788558968
896.654537329	3.34353965233e+15	-3.05440056655e+13	0.000211358104299	0.99978866423
896.457800628	3.34427342581e+15	-3.05507088555e+13	0.000211252848875	0.999788769463
896.261063927	3.34500752143e+15	-3.05574149883e+13	0.000211147622783	0.999788874667
896.064327226	3.3457419394e+15	-3.05641240658e+13	0.000211042426022	0.999788979842
895.867590525	3.34647667993e+15	-3.05708360901e+13	0.000210937258589	0.999789084987
895.670853824	3.34721174324e+15	-3.0577551063e+13	0.000210832120484	0.999789190103
895.474117123	3.34794712954e+15	-3.05842689864e+13	0.000210727011703	0.99978929519
895.277380423	3.34868283904e+15	-3.05909898624e+13	0.000210621932246	0.999789400247
895.080643722	3.34941887195e+15	-3.05977136929e+13	0.00021051688211	0.999789505275
894.883907021	3.35015522849e+15	-3.06044404797e+13	0.000210411861294	0.999789610274
894.68717032	3.35089190888e+15	-3.06111702249e+13	0.000210306869797	0.999789715243
894.490433619	3.35162891331e+15	-3.06179029305e+13	0.000210201907616	0.999789820183
894.293696918	3.35236624202e+15	-3.06246385983e+13	0.000210096974749	0.999789925094
894.096960217	3.35310389521e+15	-3.06313772303e+13	0.000209992071196	0.999790029976
893.900223516	3.3538418731e+15	-3.06381188286e+13	0.000209887196954	0.999790134828
893.703486815	3.3545801759e+15	-3.06448633949e+13	0.000209782352021	0.999790239651
893.506750114	3.35531880382e+15	-3.06516109314e+13	0.000209677536396	0.999790344444
893.310013413	3.35605775709e+15	-3.06583614399e+13	0.000209572750077	0.999790449209
893.113276713	3.35679703591e+15	-3.06651149225e+13	0.000209467993063	0.999790553944
892.916540012	3.3575366405e+15	-3.06718713811e+13	0.000209363265351	0.99979065865
892.719803311	3.35827657108e+15	-3.06786308176e+13	0.000209258566939	0.999790763326
892.52306661	3.35901682787e+15	-3.06853932341e+13	0.000209153897827	0.999790867973
893.52306661	3.35525753283e+15	-3.06510512068e+13	0.000209686228239	0.999790335754
893.826096913	3.35412001323e+15	-3.06406597028e+13	0.00020984768996	0.999790174327
894.129127216	3.35298326466e+15	-3.06302752424e+13	0.000210009221215	0.999790012829
894.432157519	3.35184728635e+15	-3.06198978185e+13	0.000210170822011	0.999789851262
894.735187822	3.3507120775e+15	-3.06095274239e+13	0.000210332492354	0.999789689626
895.038218125	3.34957763734e+15	-3.05991640513e+13	0.000210494232251	0.99978952792
895.341248428	3.3484439651e+15	-3.05888076939e+13	0.000210656041707	0.999789366145
895.644278731	3.34731105998e+15	-3.05784583443e+13	0.00021081792073	0.9997892043
895.947309034	3.3461789212e+15	-3.05681159954e+13	0.000210979869325	0.999789042385
896.250339337	3.34504754801e+15	-3.05577806403e+13	0.0002111418875	0.999788880401
896.55336964	3.34391693961e+15	-3.05474522718e+13	0.000211303975259	0.999788718348
896.856399943	3.34278709523e+15	-3.05371308827e+13	0.00021146613261	0.999788556225
897.159430246	3.34165801409e+15	-3.05268164661e+13	0.00021162835956	0.999788394032
897.462460549	3.34052969543e+15	-3.05165090149e+13	0.000211790656113	0.99978823177
897.765490852	3.33940213847e+15	-3.0506208522e+13	0.000211953022277	0.999788069438
898.068521155	3.33827534245e+15	-3.04959149804e+13	0.000212115458059	0.999787907037
898.371551458	3.33714930658e+15	-3.0485628383e+13	0.000212277963463	0.999787744566
898.674581761	3.3360240301e+15	-3.04753487229e+13	0.000212440538587	0.999787582025
898.977612064	3.33489951225e+15	-3.04650759929e+13	0.000212603183381	0.999787419415
899.280642367	3.33377575226e+15	-3.04548101861e+13	0.000212765897882	0.999787256735
899.58367267	3.33265274936e+15	-3.04445512956e+13	0.000212928682102	0.999787093986
899.886702973	3.33153050278e+15	-3.04342993142e+13	0.000213091536062	0.999786931166
900.189733276	3.33040901176e+15	-3.04240542351e+13	0.00021325445941	0.999786768278
900.492763579	3.32928827555e+15	-3.04138160513e+13	0.000213417452832	0.999786605319
900.795793883	3.32816829337e+15	-3.04035847557e+13	0.000213580516058	0.999786442291
901.098824186	3.32704906447e+15	-3.03933603415e+13	0.000213743648547	0.999786279193
901.401854489	3.32593058808e+15	-3.03831428018e+13	0.000213906851387	0.999786116025
901.704884792	3.32481286346e+15	-3.03729321295e+13	0.000214070123424	0.999785952788
902.007915095	3.32369588984e+15	-3.03627283178e+13	0.000214233466067	0.99978578948
902.310945398	3.32257966646e+15	-3.03525313598e+13	0.000214396877888	0.999785626103
902.613975701	3.32146419257e+15	-3.03423412485e+13	0.000214560360765	0.999785462656
902.917006004	3.32034946741e+15	-3.0332157977e+13	0.000214723913067	0.999785299138
903.220036307	3.31923549023e+15	-3.03219815386e+13	0.000214887537645	0.999785135549
903.52306661	3.31812226029e+15	-3.03118119262e+13	0.000215051233315	0.999784971889
903.826096913	3.31700977681e+15	-3.03016491331e+13	0.000215215005093	0.999784808152
904.129127216	3.31589803907e+15	-3.02914931524e+13	0.000215378852247	0.99978464434
904.432157519	3.3147870463e+15	-3.02813439771e+13	0.00021554277965	0.999784480448
904.735187822	3.31367679776e+15	-3.02712016006e+13	0.000215706780942	0.999784316482
905.038218125	3.3125672927e+15	-3.02610660159e+13	0.00021587085591	0.999784152443
905.341248428	3.31145853037e+15	-3.02509372163e+13	0.000216034997299	0.999783988337
905.644278731	3.31035051003e+15	-3.02408151949e+13	0.000216199203139	0.999783824166
905.947309034	3.30924323093e+15	-3.0230699945e+13	0.000216363469187	0.999783659936
906.250339337	3.30813669233e+15	-3.02205914596e+13	0.000216527815113	0.999783495625
906.55336964	3.30703089349e+15	-3.02104897322e+13	0.000216692228905	0.999783331247
906.856399943	3.30592583367e+15	-3.02003947558e+13	0.000216856729946	0.999783166782
907.159430246	3.30482151212e+15	-3.01903065237e+13	0.000217021363261	0.999783002184
907.462460549	3.30371792811e+15	-3.01802250292e+13	0.000221608352001	0.999778416201
907.765490852	3.30261508089e+15	-3.01701502655e+13	0.000223755684549	0.999776269347
908.068521155	3.30151296973e+15	-3.01600822258e+13	0.000224313890488	0.999775711266
908.371551458	3.3004115939e+15	-3.01500209035e+13	0.000224929272866	0.999775096022
908.674581761	3.29931095265e+15	-3.01399662918e+13	0.000225623710321	0.999774401741
908.977612064	3.29821104525e+15	-3.01299183841e+13	0.000226430865949	0.999773594768
909.280642367	3.29711187098e+15	-3.01198771735e+13	0.000227402853074	0.999772623001
909.58367267	3.29601342909e+15	-3.01098426535e+13	0.000228620580473	0.999771405551
909.886702973	3.29491571885e+15	-3.00998148172e+13	0.00023021022507	0.999769816271
910.189733276	3.29381873954e+15	-3.00897936582e+13	0.000232370060204	0.999767656936
910.492763579	3.29272249042e+15	-3.00797791696e+13	0.000235416949337	0.999764610759
910.795793883	3.29162697076e+15	-3.00697713449e+13	0.000239875969529	0.999760152798
911.098824186	3.29053217984e+15	-3.00597701773e+13	0.000246683780704	0.999753346643
911.401854489	3.28943811694e+15	-3.00497756603e+13	0.000257728596578	0.999742304613
911.704884792	3.28834478131e+15	-3.00397877871e+13	0.000277318543193	0.999722719906
912.007915095	3.28725217225e+15	-3.00298065513e+13	0.000315547058135	0.999684502722
912.310945398	3.28616028902e+15	-3.00198319461e+13	0.000392992646437	0.999607084565
912.613975701	3.2850691309e+15	-3.0009863965e+13	0.000539735424577	0.999460410206
912.917006004	3.28397869717e+15	-2.99999026014e+13	0.000773785666505	0.999226513628
913.220036307	3.28288898711e+15	-2.99899478486e+13	0.00105710861353	0.998943449929
913.52306661	3.2818e+15	-2.99799997002e+13	0.00127316529825	0.998727644833
913.826096913	3.28071173512e+15	-2.99700581495e+13	0.00128734691531	0.99871348136
914.129127216	3.27962419175e+15	-2.99601231899e+13	0.00106338588346	0.998937179311
914.432157519	3.27853736917e+15	-2.9950194815e+13	0.000706838112322	0.999293411639
914.735187822	3.27745126668e+15	-2.99402730182e+13	0.000374831818481	0.999625238422
915.038218125	3.27636588354e+15	-2.99303577929e+13	0.0001577555994	0.999842256843
915.341248428	3.27528121905e+15	-2.99204491326e+13	5.25200182836e-05	0.999947481361
915.644278731	3.2741972725e+15	-2.99105470308e+13	1.38018026067e-05	0.999986198293
915.947309034	3.27311404317e+15	-2.9900651481e+13	2.86037291942e-06	0.999997139631
916.250339337	3.27203153034e+15	-2.98907624766e+13	4.69018764842e-07	0.999999530981
916.55336964	3.27094973332e+15	-2.98808800113e+13	6.21933278011e-08	0.999999937807
916.856399943	3.26986865139e+15	-2.98710040785e+13	8.11448138918e-09	0.999999991886
917.159430246	3.26878828384e+15	-2.98611346717e+13	2.23287289519e-09	0.999999997767
917.462460549	3.26770862996e+15	-2.98512717845e+13	1.52516790651e-09	0.999999998475
917.765490852	3.26662968905e+15	-2.98414154104e+13	1.29378076364e-09	0.999999998706
918.068521155	3.26555146039e+15	-2.98315655429e+13	1.1333561565e-09	0.999999998867
918.371551458	3.2644739433e+15	-2.98217221757e+13	1.00544167888e-09	0.999999998995
918.674581761	3.26339713705e+15	-2.98118853022e+13	9.00667783957e-10	0.999999999099
918.977612064	3.26232104095e+15	-2.98020549161e+13	8.13487187054e-10	0.999999999187
919.280642367	3.2612456543e+15	-2.9792231011e+13	7.39989916726e-10	0.99999999926
919.58367267	3.26017097639e+15	-2.97824135804e+13	6.77972681614e-10	0.999999999322
919.886702973	3.25909700652e+15	-2.9772602618e+13	6.24052496303e-10	0.999999999376
920.189733276	3.258023744e+15	-2.97627981173e+13	5.7722089115e-10	0.999999999423
920.492763579	3.25695118812e+15	-2.97530000719e+13	5.3623173279e-10	0.999999999464
920.795793883	3.2558793382e+15	-2.97432084756e+13	5.00106099321e-10	0.9999999995
921.098824186	3.25480819352e+15	-2.97334233219e+13	4.6792163374e-10	0.999999999532
921.401854489	3.2537377534e+15	-2.97236446045e+13	4.39773925336e-10	0.99999999956
921.704884792	3.25266801714e+15	-2.9713872317e+13	4.14162868716e-10	0.999999999586
922.007915095	3.25159898404e+15	-2.97041064531e+13	3.91093632046e-10	0.999999999609
922.310945398	3.25053065342e+15	-2.96943470064e+13	3.70245724645e-10	0.99999999963
922.613975701	3.24946302458e+15	-2.96845939707e+13	3.51329308201e-10	0.999999999649
922.917006004	3.24839609683e+15	-2.96748473396e+13	3.34002597563e-10	0.999999999666
923.220036307	3.24732986948e+15	-2.96651071068e+13	3.17947257483e-10	0.999999999682
923.52306661	3.24626434184e+15	-2.9655373266e+13	3.03684971936e-10	0.999999999696
