912.0	3.28728070175e+15	-3.02234649353e+13	0.00128518751579	0.998715637984
911.862689704	3.28777570774e+15	-3.02280160514e+13	0.0012846778001	0.998716147045
911.725379407	3.28827086282e+15	-3.02325685383e+13	0.00128416803564	0.998716656155
911.588069111	3.28876616707e+15	-3.02371223967e+13	0.00128365856818	0.998717164969
911.450758815	3.28926162056e+15	-3.02416776272e+13	0.00128314906536	0.998717673818
911.313448519	3.28975722335e+15	-3.02462342304e+13	0.00128263981031	0.998718182421
911.176138222	3.29025297551e+15	-3.02507922069e+13	0.00128213064978	0.998718690929
911.038827926	3.29074887711e+15	-3.02553515573e+13	0.00128162146996	0.998719199456
910.90151763	3.29124492821e+15	-3.02599122823e+13	0.00128111249976	0.998719707775
910.764207333	3.29174112889e+15	-3.02644743825e+13	0.00128060363304	0.99872021599
910.626897037	3.29223747921e+15	-3.02690378585e+13	0.00128009488283	0.998720724089
910.489586741	3.29273397923e+15	-3.02736027109e+13	0.00127958618141	0.99872123214
910.352276445	3.29323062904e+15	-3.02781689404e+13	0.00127907771637	0.998721739955
910.214966148	3.29372742868e+15	-3.02827365476e+13	0.00127856941724	0.998722247604
910.077655852	3.29422437824e+15	-3.0287305533e+13	0.00127806129641	0.998722755076
909.940345556	3.29472147778e+15	-3.02918758974e+13	0.00127755329765	0.998723262426
909.803035259	3.29521872736e+15	-3.02964476413e+13	0.00127704555255	0.998723769523
909.665724963	3.29571612707e+15	-3.03010207654e+13	0.00127653799378	0.998724276434
909.528414667	3.29621367695e+15	-3.03055952703e+13	0.00127603061619	0.998724783165
909.39110437	3.29671137709e+15	-3.03101711566e+13	0.00127552336376	0.99872528977
909.253794074	3.29720922754e+15	-3.0314748425e+13	0.00127501632804	0.99872579616
909.116483778	3.29770722839e+15	-3.0319327076e+13	0.00127450945168	0.998726302391
908.979173482	3.29820537969e+15	-3.03239071103e+13	0.00127400272852	0.998726808468
908.841863185	3.29870368151e+15	-3.03284885286e+13	0.00127349611553	0.998727314437
908.704552889	3.29920213393e+15	-3.03330713314e+13	0.00127298968602	0.998727820222
908.567242593	3.299700737e+15	-3.03376555194e+13	0.00127248339819	0.998728325866
908.429932296	3.30019949081e+15	-3.03422410932e+13	0.00127197725008	0.99872883137
908.292622	3.30069839541e+15	-3.03468280535e+13	0.00127147124028	0.998729336737
908.155311704	3.30119745088e+15	-3.03514164008e+13	0.00127096533859	0.998729841996
908.018001408	3.30169665728e+15	-3.03560061358e+13	0.00127045960349	0.998730347089
907.880691111	3.30219601469e+15	-3.03605972592e+13	0.00126995400448	0.998730852046
907.743380815	3.30269552316e+15	-3.03651897715e+13	0.00126944854121	0.998731356868
907.606070519	3.30319518278e+15	-3.03697836734e+13	0.00126894369911	0.99873186107
907.468760222	3.30369499361e+15	-3.03743789655e+13	0.0012684385069	0.998732365621
907.331449926	3.30419495571e+15	-3.03789756485e+13	0.00126793344967	0.998732870038
907.19413963	3.30469506915e+15	-3.03835737229e+13	0.00126742852728	0.998733374321
907.056829334	3.30519533402e+15	-3.03881731895e+13	0.00126692372118	0.998733878488
906.919519037	3.30569575036e+15	-3.03927740488e+13	0.00126641906853	0.998734382502
906.782208741	3.30619631826e+15	-3.03973763014e+13	0.00126591455038	0.998734886381
906.644898445	3.30669703777e+15	-3.04019799481e+13	0.00126541016664	0.998735390127
906.507588148	3.30719790898e+15	-3.04065849895e+13	0.00126490590266	0.998735893754
906.370277852	3.30769893195e+15	-3.04111914261e+13	0.00126440178792	0.998736397231
906.232967556	3.30820010674e+15	-3.04157992586e+13	0.00126389780741	0.998736900575
906.09565726	3.30870143343e+15	-3.04204084877e+13	0.00126339396108	0.998737403785
905.958346963	3.30920291209e+15	-3.0425019114e+13	0.00126289023747	0.998737906873
905.821036667	3.30970454278e+15	-3.0429631138e+13	0.00126238665967	0.998738409815
905.683726371	3.31020632557e+15	-3.04342445606e+13	0.00126188321595	0.998738912624
905.546416074	3.31070826054e+15	-3.04388593822e+13	0.00126137990626	0.998739415299
905.409105778	3.31121034775e+15	-3.04434756035e+13	0.00126087672178	0.998739917849
905.271795482	3.31171258727e+15	-3.04480932252e+13	0.00126037368029	0.998740420257
905.134485186	3.31221497918e+15	-3.04527122479e+13	0.00125987077275	0.998740922531
904.997174889	3.31271752353e+15	-3.04573326723e+13	0.00125936799239	0.998741424679
904.859864593	3.3132202204e+15	-3.04619544989e+13	0.00125886535283	0.998741926686
904.722554297	3.31372306987e+15	-3.04665777285e+13	0.00125836284209	0.998742428564
904.585244	3.31422607199e+15	-3.04712023616e+13	0.00125786047037	0.998742930305
904.447933704	3.31472922684e+15	-3.04758283988e+13	0.00125735822902	0.998743431915
904.310623408	3.31523253448e+15	-3.0480455841e+13	0.00125685612302	0.99874393339
904.173313111	3.315735995e+15	-3.04850846886e+13	0.00125635415214	0.99874443473
904.036002815	3.31623960845e+15	-3.04897149423e+13	0.00125585231573	0.998744935937
903.898692519	3.31674337491e+15	-3.04943466027e+13	0.00125535061305	0.99874543701
903.761382223	3.31724729444e+15	-3.04989796706e+13	0.00125484904409	0.99874593795
903.624071926	3.31775136712e+15	-3.05036141465e+13	0.00125434760882	0.998746438756
903.48676163	3.31825559302e+15	-3.0508250031e+13	0.00125384630722	0.99874693943
903.349451334	3.31875997221e+15	-3.05128873249e+13	0.00125334513928	0.99874743997
903.212141037	3.31926450474e+15	-3.05175260288e+13	0.00125284410497	0.998747940377
903.074830741	3.31976919071e+15	-3.05221661432e+13	0.00125234320427	0.99874844065
902.937520445	3.32027403017e+15	-3.0526807669e+13	0.00125184243717	0.998748940791
902.800210149	3.3207790232e+15	-3.05314506066e+13	0.00125134180364	0.998749440798
902.662899852	3.32128416986e+15	-3.05360949567e+13	0.00125084130367	0.998749940672
902.525589556	3.32178947023e+15	-3.054074072e+13	0.00125034093723	0.998750440413
902.38827926	3.32229492437e+15	-3.05453878972e+13	0.0012498407043	0.998750940021
902.250968963	3.32280053237e+15	-3.05500364888e+13	0.00124934060486	0.998751439496
902.113658667	3.32330629428e+15	-3.05546864956e+13	0.0012488406389	0.998751938838
901.976348371	3.32381221017e+15	-3.05593379181e+13	0.00124834080639	0.998752438047
901.839038075	3.32431828012e+15	-3.0563990757e+13	0.00124784110731	0.998752937123
901.701727778	3.3248245042e+15	-3.0568645013e+13	0.00124734154165	0.998753436065
901.564417482	3.32533088248e+15	-3.05733006867e+13	0.00124684210938	0.998753934875
901.427107186	3.32583741503e+15	-3.05779577788e+13	0.00124634281048	0.998754433552
901.289796889	3.32634410192e+15	-3.05826162898e+13	0.00124584364493	0.998754932096
901.152486593	3.32685094321e+15	-3.05872762205e+13	0.00124534461272	0.998755430507
901.015176297	3.32735793899e+15	-3.05919375715e+13	0.00124484571382	0.998755928785
900.877866001	3.32786508932e+15	-3.05966003435e+13	0.00124434694821	0.99875642693
900.740555704	3.32837239426e+15	-3.06012645371e+13	0.00124384831587	0.998756924943
900.603245408	3.3288798539e+15	-3.06059301529e+13	0.00124334981678	0.998757422822
900.465935112	3.32938746831e+15	-3.06105971916e+13	0.00124285145093	0.998757920569
900.328624815	3.32989523755e+15	-3.06152656538e+13	0.00124235321828	0.998758418183
900.191314519	3.33040316169e+15	-3.06199355403e+13	0.00124185511883	0.998758915664
900.054004223	3.33091124081e+15	-3.06246068516e+13	0.00124135715256	0.998759413013
899.916693927	3.33141947497e+15	-3.06292795885e+13	0.00124085931943	0.998759910228
899.77938363	3.33192786426e+15	-3.06339537515e+13	0.00124036161943	0.998760407311
899.642073334	3.33243640873e+15	-3.06386293413e+13	0.00123986405255	0.998760904261
899.504763038	3.33294510846e+15	-3.06433063585e+13	0.00123936661876	0.998761401079
899.367452741	3.33345396352e+15	-3.06479848039e+13	0.00123886931804	0.998761897764
899.230142445	3.33396297398e+15	-3.06526646781e+13	0.00123837215037	0.998762394316
899.092832149	3.33447213992e+15	-3.06573459817e+13	0.00123787511573	0.998762890736
898.955521852	3.3349814614e+15	-3.06620287154e+13	0.0012373782141	0.998763387023
898.818211556	3.3354909385e+15	-3.06667128798e+13	0.00123688144546	0.998763883177
898.68090126	3.33600057128e+15	-3.06713984756e+13	0.0012363848098	0.998764379199
898.543590964	3.33651035982e+15	-3.06760855035e+13	0.00123588830709	0.998764875088
898.406280667	3.33702030419e+15	-3.06807739641e+13	0.0012353919373	0.998765370845
899.406280667	3.33331005625e+15	-3.06466617114e+13	0.00123900992878	0.998761757327
899.70931097	3.33218736701e+15	-3.06363396361e+13	0.00124010768277	0.998760660933
900.012341273	3.33106543379e+15	-3.06260245116e+13	0.00124120608502	0.998759563893
900.315371576	3.32994425581e+15	-3.06157163309e+13	0.00124230513574	0.998758466206
900.618401879	3.32882383232e+15	-3.06054150869e+13	0.00124340483515	0.998757367872
900.921432182	3.32770416255e+15	-3.05951207727e+13	0.00124450518347	0.998756268892
901.224462486	3.32658524574e+15	-3.05848333812e+13	0.00124560618091	0.998755169264
901.527492789	3.32546708113e+15	-3.05745529056e+13	0.00124670782769	0.99875406899
901.830523092	3.32434966796e+15	-3.05642793388e+13	0.00124781012402	0.998752968067
902.133553395	3.32323300549e+15	-3.05540126739e+13	0.00124891307011	0.998751866497
902.436583698	3.32211709294e+15	-3.05437529039e+13	0.0012500166662	0.998750764279
902.739614001	3.32100192958e+15	-3.05335000218e+13	0.00125112091248	0.998749661413
903.042644304	3.31988751463e+15	-3.05232540208e+13	0.00125222580918	0.998748557898
903.345674607	3.31877384735e+15	-3.05130148939e+13	0.00125333135652	0.998747453735
903.64870491	3.31766092699e+15	-3.05027826341e+13	0.0012544375547	0.998746348923
903.951735213	3.31654875279e+15	-3.04925572347e+13	0.00125554440395	0.998745243462
904.254765516	3.315437324e+15	-3.04823386887e+13	0.00125665190518	0.998744137351
904.557795819	3.31432663989e+15	-3.04721269892e+13	0.00125776006285	0.998743030586
904.860826122	3.31321669969e+15	-3.04619221292e+13	0.00125886887215	0.998741923171
905.163856425	3.31210750266e+15	-3.04517241021e+13	0.00125997833549	0.998740815104
905.466886728	3.31099904805e+15	-3.04415329008e+13	0.00126108844454	0.998739706393
905.769917031	3.30989133513e+15	-3.04313485186e+13	0.00126219921553	0.998738597023
906.072947334	3.30878436314e+15	-3.04211709486e+13	0.00126331064222	0.998737486999
906.375977637	3.30767813134e+15	-3.0411000184e+13	0.00126442271118	0.998736376334
906.67900794	3.30657263899e+15	-3.04008362179e+13	0.00126553544896	0.998735265003
906.982038243	3.30546788535e+15	-3.03906790435e+13	0.00126664882692	0.998734153034
907.285068546	3.30436386968e+15	-3.03805286541e+13	0.00126776287931	0.998733040393
907.588098849	3.30326059123e+15	-3.03703850428e+13	0.00126887757004	0.998731927115
907.891129152	3.30215804928e+15	-3.03602482028e+13	0.00126999243429	0.998730813665
908.194159455	3.30105624308e+15	-3.03501181275e+13	0.00127110844565	0.998729699071
908.497189758	3.2999551719e+15	-3.03399948099e+13	0.00127222515468	0.998728583781
908.800220061	3.298854835e+15	-3.03298782433e+13	0.00127334251173	0.998727467845
909.103250364	3.29775523165e+15	-3.0319768421e+13	0.00127446060916	0.998726351171
909.406280667	3.29665636112e+15	-3.03096653363e+13	0.00127557941425	0.998725233791
909.70931097	3.29555822266e+15	-3.02995689824e+13	0.00127669908677	0.998724115547
910.012341273	3.29446081556e+15	-3.02894793526e+13	0.00127781959823	0.998722996466
910.315371576	3.29336413908e+15	-3.02793964401e+13	0.00127894108399	0.998721876413
910.618401879	3.29226819249e+15	-3.02693202383e+13	0.00128006341153	0.99872075552
910.921432182	3.29117297506e+15	-3.02592507405e+13	0.0012811863112	0.998719634058
911.224462486	3.29007848607e+15	-3.024918794e+13	0.00128230983053	0.998718511977
911.527492789	3.28898472478e+15	-3.023913183e+13	0.0012834338446	0.998717389404
911.830523092	3.28789169048e+15	-3.0229082404e+13	0.00128455841166	0.99871626628
912.133553395	3.28679938244e+15	-3.02190396553e+13	0.00128568360959	0.998715142527
912.436583698	3.28570779993e+15	-3.02090035772e+13	0.00128680966289	0.998714017922
912.739614001	3.28461694224e+15	-3.0198974163e+13	0.00128793694846	0.998712892086
913.042644304	3.28352680864e+15	-3.01889514062e+13	0.00128906750779	0.998711762983
913.345674607	3.2824373984e+15	-3.01789353001e+13	0.00132337972699	0.998677495554
913.64870491	3.28134871082e+15	-3.01689258381e+13	0.00132960433903	0.998671279193
913.951735213	3.28026074517e+15	-3.01589230136e+13	0.00133309123159	0.99866779694
914.254765516	3.27917350073e+15	-3.01489268199e+13	0.00133692501405	0.998663968272
914.557795819	3.27808697679e+15	-3.01389372506e+13	0.00134123894024	0.998659660119
914.860826122	3.27700117264e+15	-3.0128954299e+13	0.00134623689353	0.998654668877
915.163856425	3.27591608754e+15	-3.01189779585e+13	0.00135223442923	0.998648679428
915.466886728	3.2748317208e+15	-3.01090082225e+13	0.00135972000894	0.998641203991
915.769917031	3.2737480717e+15	-3.00990450846e+13	0.0013694538135	0.99863148346
916.072947334	3.27266513952e+15	-3.00890885382e+13	0.00138262749601	0.998618327893
916.375977637	3.27158292356e+15	-3.00791385767e+13	0.00140114261804	0.998599838524
916.67900794	3.27050142311e+15	-3.00691951936e+13	0.00142814842015	0.998572870899
916.982038243	3.26942063745e+15	-3.00592583823e+13	0.00146926592677	0.998531812916
917.285068546	3.26834056587e+15	-3.00493281364e+13	0.00153583403553	0.998465344754
917.588098849	3.26726120768e+15	-3.00394044494e+13	0.00165368188355	0.998347684695
917.891129152	3.26618256216e+15	-3.00294873148e+13	0.00188288344057	0.998118888072
918.194159455	3.26510462861e+15	-3.0019576726e+13	0.00234503494833	0.997657712498
918.497189758	3.26402740632e+15	-3.00096726766e+13	0.00321651804736	0.996788649405
918.800220061	3.26295089459e+15	-2.99997751602e+13	0.00460223118363	0.995408342855
919.103250364	3.26187509272e+15	-2.99898841702e+13	0.00628038306331	0.993739297321
919.406280667	3.2608e+15	-2.99799997002e+13	0.0075711722345	0.992457416893
919.70931097	3.25972561573e+15	-2.99701217438e+13	0.00768275692061	0.992346680022
920.012341273	3.25865193922e+15	-2.99602502945e+13	0.00638661556892	0.993633735512
920.315371576	3.25757896977e+15	-2.99503853459e+13	0.00428450445507	0.99572466094
920.618401879	3.25650670667e+15	-2.99405268916e+13	0.00229969504792	0.997702947225
920.921432182	3.25543514922e+15	-2.99306749252e+13	0.000982518228587	0.999017964284
921.224462486	3.25436429674e+15	-2.99208294403e+13	0.00033306941418	0.999666986047
921.527492789	3.25329414853e+15	-2.99109904304e+13	8.94467967012e-05	0.999910557204
921.830523092	3.25222470389e+15	-2.99011578892e+13	1.90559225853e-05	0.999980944259
922.133553395	3.25115596213e+15	-2.98913318103e+13	3.26978993529e-06	0.999996730215
922.436583698	3.25008792256e+15	-2.98815121874e+13	4.99961950337e-07	0.999999500038
922.739614001	3.24902058448e+15	-2.98716990141e+13	1.10058775503e-07	0.999999889941
923.042644304	3.2479539472e+15	-2.98618922839e+13	5.89820935211e-08	0.999999941018
923.345674607	3.24688801004e+15	-2.98520919907e+13	4.73258150641e-08	0.999999952674
923.64870491	3.2458227723e+15	-2.9842298128e+13	4.07254158274e-08	0.999999959275
923.951735213	3.2447582333e+15	-2.98325106896e+13	3.5694095912e-08	0.999999964306
924.254765516	3.24369439234e+15	-2.98227296691e+13	3.16577311958e-08	0.999999968342
924.557795819	3.24263124875e+15	-2.98129550601e+13	2.83524204173e-08	0.999999971648
924.860826122	3.24156880184e+15	-2.98031868565e+13	2.56028307046e-08	0.999999974397
925.163856425	3.24050705092e+15	-2.97934250518e+13	2.32856569657e-08	0.999999976714
925.466886728	3.23944599531e+15	-2.97836696399e+13	2.13304923058e-08	0.99999997867
925.769917031	3.23838563432e+15	-2.97739206144e+13	1.96312720898e-08	0.999999980369
926.072947334	3.23732596728e+15	-2.9764177969e+13	1.81556533975e-08	0.999999981844
926.375977637	3.2362669935e+15	-2.97544416976e+13	1.68644082812e-08	0.999999983136
926.67900794	3.23520871231e+15	-2.97447117939e+13	1.57265657995e-08	0.999999984273
926.982038243	3.23415112302e+15	-2.97349882515e+13	1.47131320311e-08	0.999999985287
927.285068546	3.23309422495e+15	-2.97252710643e+13	1.3826547786e-08	0.999999986173
927.588098849	3.23203801743e+15	-2.9715560226e+13	1.30201655199e-08	0.99999998698
927.891129152	3.23098249979e+15	-2.97058557305e+13	1.22940103276e-08	0.999999987706
928.194159455	3.22992767134e+15	-2.96961575715e+13	1.16374718125e-08	0.999999988363
928.497189758	3.22887353141e+15	-2.96864657428e+13	1.10420971231e-08	0.999999988958
928.800220061	3.22782007933e+15	-2.96767802382e+13	1.04977935178e-08	0.999999989502
929.103250364	3.22676731442e+15	-2.96671010515e+13	9.98986526039e-09	0.99999999001
929.406280667	3.22571523602e+15	-2.96574281766e+13	9.54234640427e-09	0.999999990458
