912.0	3.28728070175e+15	-3.05978684445e+13	0.0013260592951	0.998674819533
911.977734751	3.28736095824e+15	-3.05986154684e+13	0.0013259736059	0.998674905109
911.955469501	3.28744121864e+15	-3.05993625288e+13	0.00132588792041	0.998674990681
911.933204252	3.28752148296e+15	-3.06001096257e+13	0.00132580223864	0.998675076249
911.910939003	3.2876017512e+15	-3.0600856759e+13	0.00132571656059	0.998675161813
911.888673754	3.28768202335e+15	-3.06016039289e+13	0.00132563088625	0.998675247374
911.866408504	3.28776229943e+15	-3.06023511352e+13	0.00132554521563	0.998675332931
911.844143255	3.28784257943e+15	-3.0603098378e+13	0.00132545954872	0.998675418485
911.821878006	3.28792286335e+15	-3.06038456573e+13	0.00132537388553	0.998675504035
911.799612756	3.28800315119e+15	-3.06045929731e+13	0.00132528822605	0.998675589581
911.777347507	3.28808344296e+15	-3.06053403254e+13	0.00132520257029	0.998675675123
911.755082258	3.28816373864e+15	-3.06060877142e+13	0.00132511691825	0.998675760662
911.732817009	3.28824403824e+15	-3.06068351395e+13	0.00132503126992	0.998675846196
911.710551759	3.28832434177e+15	-3.06075826013e+13	0.0013249456253	0.998675931728
911.68828651	3.28840464922e+15	-3.06083300997e+13	0.0013248599844	0.998676017255
911.666021261	3.28848496059e+15	-3.06090776345e+13	0.00132477434722	0.998676102779
911.643756011	3.28856527589e+15	-3.06098252058e+13	0.00132468871375	0.998676188299
911.621490762	3.28864559511e+15	-3.06105728137e+13	0.001324603084	0.998676273815
911.599225513	3.28872591825e+15	-3.06113204581e+13	0.00132451745796	0.998676359328
911.576960264	3.28880624531e+15	-3.0612068139e+13	0.00132443183563	0.998676444837
911.554695014	3.2888865763e+15	-3.06128158564e+13	0.00132434621702	0.998676530342
911.532429765	3.28896691122e+15	-3.06135636104e+13	0.00132426060213	0.998676615844
911.510164516	3.28904725006e+15	-3.06143114009e+13	0.00132417499094	0.998676701342
911.487899267	3.28912759282e+15	-3.06150592279e+13	0.00132408938348	0.998676786836
911.465634017	3.28920793951e+15	-3.06158070915e+13	0.00132400377972	0.998676872327
911.443368768	3.28928829012e+15	-3.06165549916e+13	0.00132391817969	0.998676957813
911.421103519	3.28936864466e+15	-3.06173029282e+13	0.00132383258336	0.998677043296
911.398838269	3.28944900313e+15	-3.06180509014e+13	0.00132374699075	0.998677128776
911.37657302	3.28952936552e+15	-3.06187989111e+13	0.00132366140185	0.998677214252
911.354307771	3.28960973184e+15	-3.06195469574e+13	0.00132357581667	0.998677299723
911.332042522	3.28969010209e+15	-3.06202950402e+13	0.0013234902352	0.998677385192
911.309777272	3.28977047626e+15	-3.06210431596e+13	0.00132340465744	0.998677470656
911.287512023	3.28985085436e+15	-3.06217913155e+13	0.0013233190834	0.998677556117
911.265246774	3.28993123639e+15	-3.0622539508e+13	0.00132323351307	0.998677641574
911.242981524	3.29001162235e+15	-3.06232877371e+13	0.00132314794645	0.998677727028
911.220716275	3.29009201224e+15	-3.06240360027e+13	0.00132306238355	0.998677812478
911.198451026	3.29017240605e+15	-3.06247843049e+13	0.00132297682436	0.998677897924
911.176185777	3.29025280379e+15	-3.06255326437e+13	0.00132289126889	0.998677983366
911.153920527	3.29033320546e+15	-3.0626281019e+13	0.00132280571712	0.998678068805
911.131655278	3.29041361107e+15	-3.06270294309e+13	0.00132272016907	0.99867815424
911.109390029	3.2904940206e+15	-3.06277778794e+13	0.00132263462473	0.998678239671
911.087124779	3.29057443406e+15	-3.06285263645e+13	0.00132254908411	0.998678325099
911.06485953	3.29065485145e+15	-3.06292748862e+13	0.00132246354719	0.998678410522
911.042594281	3.29073527277e+15	-3.06300234444e+13	0.00132237801399	0.998678495943
911.020329032	3.29081569803e+15	-3.06307720393e+13	0.0013222924845	0.998678581359
910.998063782	3.29089612721e+15	-3.06315206707e+13	0.00132220695873	0.998678666772
910.975798533	3.29097656033e+15	-3.06322693387e+13	0.00132212143666	0.998678752181
910.953533284	3.29105699738e+15	-3.06330180433e+13	0.00132203591831	0.998678837586
910.931268034	3.29113743836e+15	-3.06337667846e+13	0.00132195040367	0.998678922988
910.909002785	3.29121788327e+15	-3.06345155624e+13	0.00132186489274	0.998679008386
910.886737536	3.29129833212e+15	-3.06352643768e+13	0.00132177938553	0.99867909378
910.864472287	3.2913787849e+15	-3.06360132278e+13	0.00132169388202	0.998679179171
910.842207037	3.29145924161e+15	-3.06367621155e+13	0.00132160838223	0.998679264558
910.819941788	3.29153970225e+15	-3.06375110398e+13	0.00132152288615	0.998679349941
910.797676539	3.29162016683e+15	-3.06382600006e+13	0.00132143739378	0.99867943532
910.775411289	3.29170063535e+15	-3.06390089981e+13	0.00132135190512	0.998679520696
910.75314604	3.2917811078e+15	-3.06397580322e+13	0.00132126642017	0.998679606068
910.730880791	3.29186158418e+15	-3.0640507103e+13	0.00132118093893	0.998679691436
910.708615542	3.2919420645e+15	-3.06412562104e+13	0.00132109546141	0.998679776801
910.686350292	3.29202254875e+15	-3.06420053544e+13	0.00132100998759	0.998679862162
910.664085043	3.29210303694e+15	-3.0642754535e+13	0.00132092451749	0.998679947519
910.641819794	3.29218352906e+15	-3.06435037523e+13	0.0013208390511	0.998680032873
910.619554544	3.29226402512e+15	-3.06442530062e+13	0.00132075358842	0.998680118223
910.597289295	3.29234452512e+15	-3.06450022967e+13	0.00132066812944	0.998680203569
910.575024046	3.29242502905e+15	-3.06457516239e+13	0.00132058267418	0.998680288911
910.552758797	3.29250553692e+15	-3.06465009877e+13	0.00132049722263	0.99868037425
910.530493547	3.29258604873e+15	-3.06472503882e+13	0.00132041177479	0.998680459585
910.508228298	3.29266656448e+15	-3.06479998253e+13	0.00132032633066	0.998680544917
910.485963049	3.29274708416e+15	-3.06487492991e+13	0.00132024089024	0.998680630244
910.4636978	3.29282760778e+15	-3.06494988096e+13	0.00132015545353	0.998680715568
910.44143255	3.29290813535e+15	-3.06502483567e+13	0.00132007002053	0.998680800889
910.419167301	3.29298866684e+15	-3.06509979404e+13	0.00131998459124	0.998680886205
910.396902052	3.29306920228e+15	-3.06517475609e+13	0.00131989916566	0.998680971518
910.374636802	3.29314974166e+15	-3.0652497218e+13	0.00131981374379	0.998681056827
910.352371553	3.29323028498e+15	-3.06532469117e+13	0.00131972832563	0.998681142133
910.330106304	3.29331083224e+15	-3.06539966422e+13	0.00131964291118	0.998681227435
910.307841055	3.29339138343e+15	-3.06547464093e+13	0.00131955750044	0.998681312733
910.285575805	3.29347193857e+15	-3.06554962131e+13	0.00131947209341	0.998681398027
910.263310556	3.29355249765e+15	-3.06562460536e+13	0.00131938669008	0.998681483318
910.241045307	3.29363306067e+15	-3.06569959307e+13	0.00131930129047	0.998681568605
910.218780057	3.29371362763e+15	-3.06577458446e+13	0.00131921589456	0.998681653888
910.196514808	3.29379419853e+15	-3.06584957951e+13	0.00131913050237	0.998681739168
910.174249559	3.29387477338e+15	-3.06592457823e+13	0.00131904511388	0.998681824444
910.15198431	3.29395535216e+15	-3.06599958062e+13	0.0013189597291	0.998681909716
910.12971906	3.29403593489e+15	-3.06607458668e+13	0.00131887434803	0.998681994985
910.107453811	3.29411652157e+15	-3.06614959642e+13	0.00131878897067	0.998682080249
910.085188562	3.29419711218e+15	-3.06622460982e+13	0.00131870359701	0.998682165511
910.062923312	3.29427770674e+15	-3.06629962689e+13	0.00131861822707	0.998682250768
910.040658063	3.29435830524e+15	-3.06637464763e+13	0.00131853286083	0.998682336022
910.018392814	3.29443890769e+15	-3.06644967205e+13	0.0013184474983	0.998682421272
909.996127565	3.29451951408e+15	-3.06652470013e+13	0.00131836213948	0.998682506518
909.973862315	3.29460012442e+15	-3.06659973189e+13	0.00131827678437	0.998682591761
909.951597066	3.2946807387e+15	-3.06667476732e+13	0.00131819143297	0.998682677
909.929331817	3.29476135692e+15	-3.06674980642e+13	0.00131810608527	0.998682762235
909.907066567	3.29484197909e+15	-3.06682484919e+13	0.00131802074128	0.998682847467
909.884801318	3.29492260521e+15	-3.06689989564e+13	0.001317935401	0.998682932694
909.862536069	3.29500323527e+15	-3.06697494576e+13	0.00131785006443	0.998683017919
909.84027082	3.29508386928e+15	-3.06704999955e+13	0.00131776473156	0.998683103139
909.81800557	3.29516450724e+15	-3.06712505701e+13	0.0013176794024	0.998683188356
909.795740321	3.29524514914e+15	-3.06720011815e+13	0.00131759407695	0.998683273569
910.795740321	3.29162716433e+15	-3.06383251331e+13	0.00132142995941	0.998679442745
911.098770624	3.29053237329e+15	-3.06281348646e+13	0.00132259382569	0.998678280416
911.401800927	3.28943831025e+15	-3.06179513725e+13	0.00132375837966	0.998677117402
911.70483123	3.2883449745e+15	-3.06077746499e+13	0.00132492362155	0.998675953702
912.007861533	3.2872523653e+15	-3.059760469e+13	0.00132608955159	0.998674789317
912.310891836	3.28616048194e+15	-3.05874414863e+13	0.00132725617002	0.998673624245
912.613922139	3.2850693237e+15	-3.05772850318e+13	0.00132842347708	0.998672458487
912.916952442	3.28397888984e+15	-3.05671353199e+13	0.00132959147299	0.998671292042
913.219982745	3.28288917966e+15	-3.05569923439e+13	0.00133076015798	0.998670124911
913.523013048	3.28180019242e+15	-3.05468560971e+13	0.00133192953229	0.998668957092
913.826043351	3.28071192741e+15	-3.05367265727e+13	0.00133309959616	0.998667788586
914.129073654	3.27962438391e+15	-3.05266037642e+13	0.00133427034981	0.998666619393
914.432103957	3.27853756121e+15	-3.05164876648e+13	0.00133544179349	0.998665449512
914.73513426	3.27745145858e+15	-3.05063782678e+13	0.00133661392741	0.998664278943
915.038164563	3.27636607532e+15	-3.04962755666e+13	0.00133778675182	0.998663107686
915.341194866	3.27528141071e+15	-3.04861795546e+13	0.00133896026694	0.99866193574
915.64422517	3.27419746403e+15	-3.04760902251e+13	0.00134013451745	0.998660763062
915.947255473	3.27311423457e+15	-3.04660075714e+13	0.00134130947593	0.998659589678
916.250285776	3.27203172162e+15	-3.0455931587e+13	0.0013424851571	0.998658415573
916.553316079	3.27094992447e+15	-3.04458622652e+13	0.0013436615651	0.998657240744
916.856346382	3.26986884241e+15	-3.04357995994e+13	0.0013448387058	0.998656065185
917.159376685	3.26878847473e+15	-3.04257435831e+13	0.00134601640346	0.99865488907
917.462406988	3.26770882073e+15	-3.04156942096e+13	0.00134719499313	0.998653712067
917.765437291	3.26662987969e+15	-3.04056514724e+13	0.00134837433799	0.99865253431
918.068467594	3.26555165091e+15	-3.03956153649e+13	0.00134955416792	0.998651356071
918.371497897	3.26447413369e+15	-3.03855858804e+13	0.00135073501411	0.998650176818
918.6745282	3.26339732732e+15	-3.03755630126e+13	0.00135191630528	0.998648997122
918.977558503	3.26232123109e+15	-3.03655467548e+13	0.00135309872595	0.998647816299
919.280588806	3.26124584431e+15	-3.03555371005e+13	0.00135428156683	0.998646635059
919.583619109	3.26017116628e+15	-3.03455340431e+13	0.00135546573	0.998645452499
919.886649412	3.25909719629e+15	-3.03355375762e+13	0.00135665038098	0.998644269453
920.189679715	3.25802393364e+15	-3.03255476932e+13	0.00135783683306	0.99864308461
920.492710018	3.25695137764e+15	-3.03155643876e+13	0.0013590243579	0.998641898698
920.795740321	3.25587952759e+15	-3.0305587653e+13	0.00136021521937	0.998640709454
921.098770624	3.25480838278e+15	-3.02956174828e+13	0.00136140903954	0.998639517257
921.401800927	3.25373794254e+15	-3.02856538706e+13	0.00136260851959	0.99863831941
921.70483123	3.25266820615e+15	-3.02756968099e+13	0.00136381131967	0.998637118248
922.007861533	3.25159917293e+15	-3.02657462942e+13	0.00136501792744	0.998635913286
922.310891836	3.25053084219e+15	-3.02558023171e+13	0.00136622289887	0.998634709959
922.613922139	3.24946321322e+15	-3.02458648722e+13	0.00136742766913	0.998633506834
922.916952442	3.24839628535e+15	-3.0235933953e+13	0.00136863004018	0.998632306107
923.219982745	3.24733005788e+15	-3.02260095531e+13	0.00136983285224	0.998631104941
923.523013048	3.24626453011e+15	-3.0216091666e+13	0.001371037358	0.998629902084
923.826043351	3.24519970137e+15	-3.02061802854e+13	0.00137224656337	0.998628694536
924.129073654	3.24413557096e+15	-3.01962754049e+13	0.00137346883418	0.998627473942
924.432103957	3.2430721382e+15	-3.01863770181e+13	0.00137477215283	0.998626172413
924.73513426	3.2420094024e+15	-3.01764851185e+13	0.00141495682219	0.998586043757
925.038164563	3.24094736287e+15	-3.01665996999e+13	0.00141843934748	0.998582566162
925.341194866	3.23988601894e+15	-3.01567207558e+13	0.00142221387419	0.998578796993
925.64422517	3.23882536992e+15	-3.01468482799e+13	0.00142638331192	0.998574633489
925.947255473	3.23776541513e+15	-3.01369822658e+13	0.0014310975156	0.998569926016
926.250285776	3.23670615388e+15	-3.01271227072e+13	0.00143658639815	0.998564444998
926.553316079	3.23564758549e+15	-3.01172695978e+13	0.00144320761999	0.998557833303
926.856346382	3.23458970929e+15	-3.01074229312e+13	0.00145150862777	0.998549544301
927.159376685	3.2335325246e+15	-3.00975827011e+13	0.00146233830099	0.998538730395
927.462406988	3.23247603074e+15	-3.00877489012e+13	0.0014770273084	0.99852406296
927.765437291	3.23142022703e+15	-3.00779215253e+13	0.00149768737123	0.998503433603
928.068467594	3.2303651128e+15	-3.00681005669e+13	0.00152782736346	0.998473339171
928.371497897	3.22931068736e+15	-3.00582860199e+13	0.00157374736992	0.998427490321
928.6745282	3.22825695005e+15	-3.00484778779e+13	0.0016482473904	0.998353110223
928.977558503	3.2272039002e+15	-3.00386761347e+13	0.00178040885388	0.998221175134
929.280588806	3.22615153713e+15	-3.00288807841e+13	0.00203667540944	0.997965397207
929.583619109	3.22509986017e+15	-3.00190918197e+13	0.00254760593744	0.997455636457
929.886649412	3.22404886864e+15	-3.00093092354e+13	0.00349493138585	0.996511168778
930.189679715	3.22299856188e+15	-2.99995330248e+13	0.00497440377954	0.995037948077
930.492710018	3.22194893923e+15	-2.99897631818e+13	0.00673734323472	0.993285301778
930.795740321	3.2209e+15	-2.99799997002e+13	0.00807373135042	0.991958773681
931.098770624	3.21985174354e+15	-2.99702425737e+13	0.00817631259666	0.991857022532
931.401800927	3.21880416917e+15	-2.99604917961e+13	0.00681829588945	0.99320489595
931.70483123	3.21775727624e+15	-2.99507473613e+13	0.00461490539709	0.995395726917
932.007861533	3.21671106408e+15	-2.99410092631e+13	0.00251462505217	0.997488533969
932.310891836	3.21566553202e+15	-2.99312774952e+13	0.00109820412028	0.998902398685
932.613922139	3.21462067939e+15	-2.99215520515e+13	0.000383998350953	0.999616075367
932.916952442	3.21357650555e+15	-2.99118329258e+13	0.000108160603809	0.999891845245
933.219982745	3.21253300983e+15	-2.99021201121e+13	2.53836646128e-05	0.999974616658
933.523013048	3.21149019156e+15	-2.98924136041e+13	5.76703156262e-06	0.999994232985
933.826043351	3.21044805009e+15	-2.98827133957e+13	1.92019019586e-06	0.999998079812
934.129073654	3.20940658476e+15	-2.98730194807e+13	1.16297961552e-06	0.999998837021
934.432103957	3.20836579491e+15	-2.98633318531e+13	9.19699225349e-07	0.999999080301
934.73513426	3.20732567988e+15	-2.98536505068e+13	7.76289634602e-07	0.999999223711
935.038164563	3.20628623902e+15	-2.98439754355e+13	6.7041390753e-07	0.999999329586
935.341194866	3.20524747168e+15	-2.98343066333e+13	5.87354819007e-07	0.999999412645
935.64422517	3.20420937719e+15	-2.9824644094e+13	5.20660839939e-07	0.999999479339
935.947255473	3.20317195491e+15	-2.98149878116e+13	4.66085782811e-07	0.999999533914
936.250285776	3.20213520417e+15	-2.980533778e+13	4.20719490992e-07	0.999999579281
936.553316079	3.20109912434e+15	-2.9795693993e+13	3.82509759463e-07	0.99999961749
936.856346382	3.20006371476e+15	-2.97860564448e+13	3.49953459337e-07	0.999999650047
937.159376685	3.19902897478e+15	-2.97764251291e+13	3.22275853965e-07	0.999999677724
937.462406988	3.19799490375e+15	-2.976680004e+13	2.97976531035e-07	0.999999702024
937.765437291	3.19696150101e+15	-2.97571811713e+13	2.76718928986e-07	0.999999723281
938.068467594	3.19592876594e+15	-2.97475685172e+13	2.57992102075e-07	0.999999742008
938.371497897	3.19489669786e+15	-2.97379620716e+13	2.41319531495e-07	0.99999975868
938.6745282	3.19386529615e+15	-2.97283618284e+13	2.26728722191e-07	0.999999773271
938.977558503	3.19283456016e+15	-2.97187677816e+13	2.13469033107e-07	0.999999786531
939.280588806	3.19180448923e+15	-2.97091799254e+13	2.0152828857e-07	0.999999798472
939.583619109	3.19077508274e+15	-2.96995982535e+13	1.90733373555e-07	0.999999809267
939.886649412	3.18974634002e+15	-2.96900227602e+13	1.80943571685e-07	0.999999819056
940.189679715	3.18871826046e+15	-2.96804534394e+13	1.72017183707e-07	0.999999827983
940.492710018	3.18769084339e+15	-2.96708902851e+13	1.63785539541e-07	0.999999836214
940.795740321	3.18666408819e+15	-2.96613332914e+13	1.56344769881e-07	0.999999843655
