912.0	3.28728070175e+15	-3.01836618969e+13	0.000232025185928	0.99976800173
911.850459203	3.28781980613e+15	-3.01886119289e+13	0.000230188535954	0.999769837955
911.700918406	3.28835908737e+15	-3.01935635847e+13	0.000230098162293	0.999769928308
911.551377609	3.28889854554e+15	-3.01985168651e+13	0.000230010326659	0.999770016124
911.401836812	3.28943818073e+15	-3.0203471771e+13	0.000229923307602	0.999770103123
911.252296015	3.28997799305e+15	-3.02084283032e+13	0.000229836624855	0.999770189786
911.102755217	3.29051798256e+15	-3.02133864623e+13	0.000229750171954	0.999770276219
910.95321442	3.29105814936e+15	-3.02183462494e+13	0.000229663896743	0.999770362474
910.803673623	3.29159849353e+15	-3.0223307665e+13	0.000229577611153	0.99977044874
910.654132826	3.29213901517e+15	-3.02282707102e+13	0.000229491660372	0.999770534671
910.504592029	3.29267971435e+15	-3.02332353856e+13	0.000229405428618	0.999770620883
910.355051232	3.29322059118e+15	-3.0238201692e+13	0.000229319460107	0.999770706832
910.205510435	3.29376164573e+15	-3.02431696303e+13	0.000229233225952	0.999770793046
910.055969638	3.29430287809e+15	-3.02481392013e+13	0.0002291471788	0.999770879073
909.906428841	3.29484428835e+15	-3.02531104058e+13	0.000229061068001	0.999770965164
909.756888044	3.2953858766e+15	-3.02580832445e+13	0.000228974712868	0.9997710515
909.607347247	3.29592764293e+15	-3.02630577183e+13	0.000228888492557	0.9997711377
909.45780645	3.29646958742e+15	-3.0268033828e+13	0.000228802245963	0.999771223927
909.308265652	3.29701171016e+15	-3.02730115744e+13	0.000228715867364	0.999771310286
909.158724855	3.29755401124e+15	-3.02779909583e+13	0.00022862967507	0.999771396459
909.009184058	3.29809649075e+15	-3.02829719806e+13	0.000228543560792	0.999771482553
908.859643261	3.29863914877e+15	-3.02879546419e+13	0.00022845755055	0.999771568544
908.710102464	3.2991819854e+15	-3.02929389432e+13	0.000228371555072	0.99977165452
908.560561667	3.29972500072e+15	-3.02979248852e+13	0.000228285789507	0.999771740266
908.41102087	3.30026819482e+15	-3.03029124688e+13	0.000228200140259	0.999771825895
908.261480073	3.30081156779e+15	-3.03079016947e+13	0.000228114513031	0.999771911503
908.111939276	3.30135511971e+15	-3.03128925638e+13	0.000228029057406	0.999771996939
907.962398479	3.30189885068e+15	-3.03178850769e+13	0.00022794367377	0.999772082303
907.812857682	3.30244276079e+15	-3.03228792348e+13	0.00022785834818	0.99977216761
907.663316885	3.30298685011e+15	-3.03278750383e+13	0.000227773006499	0.999772252932
907.513776087	3.30353111875e+15	-3.03328724882e+13	0.000227687767741	0.999772338151
907.36423529	3.30407556679e+15	-3.03378715854e+13	0.000227602561236	0.999772423338
907.214694493	3.30462019431e+15	-3.03428723306e+13	0.000227517382821	0.999772508497
907.065153696	3.30516500142e+15	-3.03478747247e+13	0.000227432180607	0.99977259368
906.915612899	3.30570998818e+15	-3.03528787684e+13	0.000227347052067	0.999772678789
906.766072102	3.30625515471e+15	-3.03578844627e+13	0.000227261945468	0.999772763877
906.616531305	3.30680050107e+15	-3.03628918083e+13	0.000227176859873	0.999772848943
906.466990508	3.30734602737e+15	-3.0367900806e+13	0.000227091756081	0.999772934027
906.317449711	3.30789173369e+15	-3.03729114567e+13	0.000227006711627	0.999773019052
906.167908914	3.30843762013e+15	-3.03779237611e+13	0.000226921686545	0.999773104058
906.018368117	3.30898368676e+15	-3.03829377202e+13	0.000226836680535	0.999773189045
905.868827319	3.30952993368e+15	-3.03879533346e+13	0.000226751663032	0.999773274043
905.719286522	3.31007636098e+15	-3.03929706053e+13	0.000226666695304	0.999773358992
905.569745725	3.31062296875e+15	-3.0397989533e+13	0.00022658174604	0.999773443922
905.420204928	3.31116975707e+15	-3.04030101186e+13	0.000226496815124	0.999773528833
905.270664131	3.31171672604e+15	-3.04080323628e+13	0.000226411878636	0.999773613751
905.121123334	3.31226387575e+15	-3.04130562666e+13	0.000226326984776	0.999773698625
904.971582537	3.31281120629e+15	-3.04180818308e+13	0.000226242109006	0.999773783482
904.82204174	3.31335871774e+15	-3.0423109056e+13	0.00022615725128	0.99977386832
904.672500943	3.31390641019e+15	-3.04281379433e+13	0.000226072393046	0.999773953159
904.522960146	3.31445428374e+15	-3.04331684934e+13	0.000225987571781	0.999774037961
904.373419349	3.31500233848e+15	-3.04382007071e+13	0.000225902768446	0.999774122746
904.223878552	3.31555057449e+15	-3.04432345853e+13	0.000225817968533	0.999774207526
904.074337754	3.31609899187e+15	-3.04482701287e+13	0.000225733201382	0.999774292274
903.924796957	3.3166475907e+15	-3.04533073383e+13	0.000225648452098	0.999774377005
903.77525616	3.31719637107e+15	-3.04583462148e+13	0.000225563709644	0.999774461728
903.625715363	3.31774533308e+15	-3.0463386759e+13	0.000225478996354	0.999774546422
903.476174566	3.31829447682e+15	-3.04684289719e+13	0.000225394292661	0.999774631107
903.326633769	3.31884380237e+15	-3.04734728542e+13	0.000225309615247	0.999774715765
903.177092972	3.31939330983e+15	-3.04785184067e+13	0.000225224950036	0.999774800411
903.027552175	3.31994299928e+15	-3.04835656303e+13	0.000225140304026	0.999774885038
902.878011378	3.32049287082e+15	-3.04886145258e+13	0.000225055680303	0.999774969643
902.728470581	3.32104292454e+15	-3.04936650941e+13	0.000224971074379	0.99977505423
902.578929784	3.32159316052e+15	-3.04987173359e+13	0.000224886486253	0.999775138799
902.429388986	3.32214357886e+15	-3.05037712522e+13	0.000224801915923	0.99977522335
902.279848189	3.32269417966e+15	-3.05088268437e+13	0.000224717363389	0.999775307884
902.130307392	3.32324496299e+15	-3.05138841112e+13	0.000224632828651	0.999775392399
901.980766595	3.32379592895e+15	-3.05189430557e+13	0.000224548311707	0.999775476897
901.831225798	3.32434707763e+15	-3.05240036779e+13	0.000224463812557	0.999775561378
901.681685001	3.32489840913e+15	-3.05290659786e+13	0.000224379331199	0.99977564584
901.532144204	3.32544992353e+15	-3.05341299588e+13	0.000224294867633	0.999775730285
901.382603407	3.32600162092e+15	-3.05391956192e+13	0.000224210421859	0.999775814711
901.23306261	3.3265535014e+15	-3.05442629607e+13	0.000224125993875	0.99977589912
901.083521813	3.32710556505e+15	-3.05493319841e+13	0.000224041583681	0.999775983512
900.933981016	3.32765781197e+15	-3.05544026903e+13	0.000223957191276	0.999776067885
900.784440219	3.32821024226e+15	-3.05594750801e+13	0.000223872816658	0.999776152241
900.634899421	3.32876285599e+15	-3.05645491543e+13	0.000223788459828	0.999776236579
900.485358624	3.32931565326e+15	-3.05696249137e+13	0.000223704120784	0.999776320899
900.335817827	3.32986863417e+15	-3.05747023593e+13	0.000223619799526	0.999776405202
900.18627703	3.3304217988e+15	-3.05797814919e+13	0.000223535496053	0.999776489486
900.036736233	3.33097514724e+15	-3.05848623122e+13	0.000223451210364	0.999776573753
899.887195436	3.3315286796e+15	-3.05899448211e+13	0.000223366942458	0.999776658002
899.737654639	3.33208239595e+15	-3.05950290196e+13	0.000223282692334	0.999776742233
899.588113842	3.3326362964e+15	-3.06001149083e+13	0.000223198459993	0.999776826447
899.438573045	3.33319038103e+15	-3.06052024883e+13	0.000223114245432	0.999776910643
899.289032248	3.33374464993e+15	-3.06102917602e+13	0.000223030048651	0.999776994821
899.139491451	3.33429910321e+15	-3.06153827249e+13	0.000222945869649	0.999777078981
898.989950654	3.33485374094e+15	-3.06204753834e+13	0.000222861708426	0.999777163123
898.840409856	3.33540856322e+15	-3.06255697364e+13	0.00022277756498	0.999777247248
898.690869059	3.33596357014e+15	-3.06306657848e+13	0.000222693439312	0.999777331355
898.541328262	3.3365187618e+15	-3.06357635294e+13	0.000222609331419	0.999777415444
898.391787465	3.33707413829e+15	-3.06408629711e+13	0.000222525241302	0.999777499516
898.242246668	3.33762969969e+15	-3.06459641107e+13	0.000222441168959	0.999777583569
898.092705871	3.33818544611e+15	-3.06510669491e+13	0.00022235711439	0.999777667605
897.943165074	3.33874137764e+15	-3.06561714872e+13	0.000222273077594	0.999777751623
897.793624277	3.33929749436e+15	-3.06612777257e+13	0.00022218905857	0.999777835624
897.64408348	3.33985379637e+15	-3.06663856655e+13	0.000222105057317	0.999777919606
897.494542683	3.34041028376e+15	-3.06714953075e+13	0.000222021073834	0.999778003571
897.345001886	3.34096695663e+15	-3.06766066525e+13	0.000221937108121	0.999778087518
897.195461088	3.34152381507e+15	-3.06817197014e+13	0.000221853160178	0.999778171447
898.195461088	3.33780355154e+15	-3.06475604105e+13	0.000222414869598	0.999777609863
898.498491392	3.33667783388e+15	-3.0637224122e+13	0.000222585241477	0.999777439529
898.801521695	3.33555287529e+15	-3.06268948033e+13	0.000222755686346	0.999777269122
899.104551998	3.334428675e+15	-3.06165724472e+13	0.000222926204212	0.999777098642
899.407582301	3.33330523224e+15	-3.06062570469e+13	0.000223096795081	0.999776928089
899.710612604	3.33218254626e+15	-3.05959485951e+13	0.00022326745896	0.999776757463
900.013642907	3.33106061628e+15	-3.0585647085e+13	0.000223438195856	0.999776586765
900.31667321	3.32993944154e+15	-3.05753525094e+13	0.000223609005775	0.999776415993
900.619703513	3.32881902129e+15	-3.05650648615e+13	0.000223779888723	0.999776245148
900.922733816	3.32769935475e+15	-3.05547841342e+13	0.000223950844708	0.99977607423
901.225764119	3.32658044117e+15	-3.05445103205e+13	0.000224121873737	0.99977590324
901.528794422	3.3254622798e+15	-3.05342434135e+13	0.000224292975815	0.999775732176
901.831824725	3.32434486986e+15	-3.05239834062e+13	0.000224464150949	0.999775561039
902.134855028	3.32322821061e+15	-3.05137302916e+13	0.000224635399147	0.999775389829
902.437885331	3.32211230128e+15	-3.05034840628e+13	0.000224806720414	0.999775218547
902.740915634	3.32099714113e+15	-3.04932447129e+13	0.000224978114757	0.999775047191
903.043945937	3.31988272939e+15	-3.0483012235e+13	0.000225149582183	0.999774875762
903.34697624	3.31876906532e+15	-3.0472786622e+13	0.000225321133115	0.99977470425
903.650006543	3.31765614817e+15	-3.04625678672e+13	0.000225492755839	0.999774532666
903.953036846	3.31654397717e+15	-3.04523559636e+13	0.000225664455128	0.999774361005
904.256067149	3.31543255159e+15	-3.04421509044e+13	0.000225836216967	0.999774189282
904.559097452	3.31432187067e+15	-3.04319526826e+13	0.000226008067634	0.99977401747
904.862127755	3.31321193367e+15	-3.04217612914e+13	0.000226179996536	0.99977384558
905.165158058	3.31210273983e+15	-3.04115767239e+13	0.000226351981275	0.999773673634
905.468188361	3.31099428841e+15	-3.04013989733e+13	0.000226524065071	0.99977350159
905.771218664	3.30988657867e+15	-3.03912280327e+13	0.000226696200578	0.999773329493
906.074248967	3.30877960986e+15	-3.03810638953e+13	0.000226868443618	0.999773157289
906.37727927	3.30767338124e+15	-3.03709065543e+13	0.000227040734594	0.999772985037
906.680309573	3.30656789206e+15	-3.03607560029e+13	0.000227213145857	0.999772812665
906.983339876	3.30546314159e+15	-3.03506122343e+13	0.000227385603967	0.999772640246
907.286370179	3.30435912909e+15	-3.03404752416e+13	0.00022755820598	0.999772467683
907.589400482	3.30325585381e+15	-3.0330345018e+13	0.00022773086954	0.999772295059
907.892430785	3.30215331502e+15	-3.03202215569e+13	0.000227903744845	0.999772122223
908.195461088	3.30105151198e+15	-3.03101048514e+13	0.000228076776391	0.999771949231
908.498491392	3.29995044396e+15	-3.02999948948e+13	0.000228250225361	0.999771775822
908.801521695	3.29885011021e+15	-3.02898916802e+13	0.000228424046819	0.99977160204
909.104551998	3.29775051001e+15	-3.02797952011e+13	0.000228598468654	0.999771427658
909.407582301	3.29665164262e+15	-3.02697054506e+13	0.000228773279278	0.999771252887
909.710612604	3.29555350731e+15	-3.0259622422e+13	0.000228948036504	0.99977107817
910.013642907	3.29445610334e+15	-3.02495461087e+13	0.000229122812288	0.999770903434
910.31667321	3.29335943e+15	-3.02394765038e+13	0.000229297393608	0.999770728893
910.619703513	3.29226348654e+15	-3.02294136007e+13	0.000229471872058	0.999770554455
910.922733816	3.29116827224e+15	-3.02193573927e+13	0.000229646370273	0.999770379996
911.225764119	3.29007378638e+15	-3.02093078732e+13	0.000229821276003	0.999770205131
911.528794422	3.28898002822e+15	-3.01992650354e+13	0.000229997192139	0.999770029255
911.831824725	3.28788699704e+15	-3.01892288727e+13	0.000230176923212	0.999769849565
912.134855028	3.28679469212e+15	-3.01791993785e+13	0.000236054343181	0.999763973515
912.437885331	3.28570311273e+15	-3.01691765461e+13	0.000237355181512	0.999762672985
912.740915634	3.28461225814e+15	-3.01591603688e+13	0.000237951866392	0.999762076442
913.043945937	3.28352212765e+15	-3.01491508401e+13	0.000238611197876	0.999761417268
913.34697624	3.28243272052e+15	-3.01391479533e+13	0.000239357611194	0.999760671033
913.650006543	3.28134403604e+15	-3.01291517018e+13	0.000240227327134	0.999759801525
913.953036846	3.28025607349e+15	-3.01191620791e+13	0.000241277626685	0.999758751478
914.256067149	3.27916883215e+15	-3.01091790784e+13	0.00024259674345	0.999757432681
914.559097452	3.2780823113e+15	-3.00992026933e+13	0.000244322676632	0.999755707168
914.862127755	3.27699651024e+15	-3.00892329172e+13	0.000246671084015	0.999753359337
915.165158058	3.27591142823e+15	-3.00792697435e+13	0.00024998671588	0.999750044528
915.468188361	3.27482706457e+15	-3.00693131656e+13	0.000254842097213	0.999745190372
915.771218664	3.27374341855e+15	-3.0059363177e+13	0.000262259280468	0.999737775106
916.074248967	3.27266048945e+15	-3.00494197712e+13	0.000274322018792	0.999725715604
916.37727927	3.27157827657e+15	-3.00394829416e+13	0.000295770475087	0.999704273261
916.680309573	3.27049677918e+15	-3.00295526817e+13	0.000337609467081	0.999662447517
916.983339876	3.26941599659e+15	-3.0019628985e+13	0.000421917422343	0.999578171572
917.286370179	3.26833592809e+15	-3.0009711845e+13	0.000580143998917	0.999420024252
917.589400482	3.26725657295e+15	-2.99998012552e+13	0.000829622016356	0.999170722025
917.892430785	3.2661779305e+15	-2.99898972091e+13	0.00112788436469	0.998872751458
918.195461088	3.2651e+15	-2.99799997002e+13	0.00135157115301	0.998649341808
918.498491392	3.26402278076e+15	-2.99701087221e+13	0.00136152676299	0.998639399694
918.801521695	3.26294627209e+15	-2.99602242682e+13	0.00112279386191	0.998877836235
919.104551998	3.26187047326e+15	-2.99503463323e+13	0.000746942086628	0.999253336805
919.407582301	3.26079538359e+15	-2.99404749077e+13	0.00039753551791	0.999602543489
919.710612604	3.25972100236e+15	-2.9930609988e+13	0.000168477929371	0.999831536262
920.013642907	3.25864732889e+15	-2.99207515669e+13	5.67588846092e-05	0.999943242726
920.31667321	3.25757436247e+15	-2.9910899638e+13	1.52608207512e-05	0.999984739296
920.619703513	3.2565021024e+15	-2.99010541947e+13	3.36160627372e-06	0.999996638399
920.922733816	3.25543054799e+15	-2.98912152307e+13	6.90015823042e-07	0.999999309984
921.225764119	3.25435969853e+15	-2.98813827396e+13	2.03272425746e-07	0.999999796728
921.528794422	3.25328955335e+15	-2.98715567151e+13	1.16751956761e-07	0.999999883248
921.831824725	3.25222011173e+15	-2.98617371507e+13	9.18309052194e-08	0.999999908169
922.134855028	3.25115137298e+15	-2.98519240401e+13	7.75684186631e-08	0.999999922432
922.437885331	3.25008333642e+15	-2.98421173768e+13	6.70492610581e-08	0.999999932951
922.740915634	3.24901600136e+15	-2.98323171547e+13	5.87852065463e-08	0.999999941215
923.043945937	3.24794936709e+15	-2.98225233673e+13	5.21414679205e-08	0.999999947859
923.34697624	3.24688343293e+15	-2.98127360082e+13	4.66991588255e-08	0.999999953301
923.650006543	3.24581819819e+15	-2.98029550712e+13	4.18116571676e-08	0.999999958188
923.953036846	3.24475366219e+15	-2.979318055e+13	3.80286545886e-08	0.999999961971
924.256067149	3.24368982424e+15	-2.97834124381e+13	3.48370226116e-08	0.999999965163
924.559097452	3.24262668364e+15	-2.97736507294e+13	3.20622557109e-08	0.999999967938
924.862127755	3.24156423972e+15	-2.97638954176e+13	2.96531627859e-08	0.999999970347
925.165158058	3.24050249178e+15	-2.97541464962e+13	2.75447631081e-08	0.999999972455
925.468188361	3.23944143916e+15	-2.97444039592e+13	2.56867699567e-08	0.999999974313
925.771218664	3.23838108115e+15	-2.97346678001e+13	2.4031687573e-08	0.999999975968
926.074248967	3.23732141709e+15	-2.97249380128e+13	2.25841134753e-08	0.999999977416
926.37727927	3.23626244629e+15	-2.9715214591e+13	2.12672960247e-08	0.999999978733
926.680309573	3.23520416807e+15	-2.97054975284e+13	2.00814293487e-08	0.999999979919
926.983339876	3.23414658175e+15	-2.96957868188e+13	1.90093558373e-08	0.999999980991
927.286370179	3.23308968665e+15	-2.9686082456e+13	1.80370165619e-08	0.999999981963
927.589400482	3.2320334821e+15	-2.96763844337e+13	1.71477984218e-08	0.999999982852
927.892430785	3.23097796742e+15	-2.96666927458e+13	1.63226220266e-08	0.999999983677
928.195461088	3.22992314193e+15	-2.9657007386e+13	1.55876483579e-08	0.999999984412
