912.0	3.28728070175e+15	-3.00072083713e+13	0.00274463414658	0.997259128918
911.796239347	3.28801531595e+15	-3.00139141332e+13	0.00217421195944	0.997828149927
911.592478695	3.28875025855e+15	-3.00206228928e+13	0.00178458512092	0.998217006304
911.388718042	3.28948552977e+15	-3.00273346521e+13	0.00153506319833	0.998466114409
911.18495739	3.29022112984e+15	-3.00340494133e+13	0.00138012620226	0.998620825734
910.981196737	3.29095705898e+15	-3.00407671783e+13	0.00128358212768	0.998717241312
910.777436085	3.2916933174e+15	-3.0047487949e+13	0.00122149068184	0.998779255034
910.573675432	3.29242990533e+15	-3.00542117277e+13	0.00117969868099	0.99882099689
910.36991478	3.29316682299e+15	-3.00609385161e+13	0.00115027989487	0.998850381423
910.166154127	3.2939040706e+15	-3.00676683165e+13	0.00112881239047	0.998871824479
909.962393475	3.29464164838e+15	-3.00744011308e+13	0.00111271951339	0.998887899329
909.758632822	3.29537955655e+15	-3.00811369609e+13	0.00110040365134	0.998900201571
909.55487217	3.29611779534e+15	-3.00878758091e+13	0.00109081113546	0.998909783583
909.351111517	3.29685636497e+15	-3.00946176772e+13	0.00108321447277	0.998917371992
909.147350865	3.29759526566e+15	-3.01013625673e+13	0.00107709590367	0.998923483956
908.943590212	3.29833449763e+15	-3.01081104815e+13	0.00107208016105	0.998928494312
908.739829559	3.29907406111e+15	-3.01148614218e+13	0.00106789221604	0.998932677778
908.536068907	3.29981395632e+15	-3.01216153901e+13	0.00106432915946	0.998936237038
908.332308254	3.30055418348e+15	-3.01283723887e+13	0.00106124073922	0.998939322178
908.128547602	3.30129474282e+15	-3.01351324194e+13	0.00105851538903	0.998942044641
907.924786949	3.30203563455e+15	-3.01418954843e+13	0.00105607016677	0.998944487279
907.721026297	3.30277685891e+15	-3.01486615856e+13	0.00105384329365	0.998946711804
907.517265644	3.30351841612e+15	-3.01554307251e+13	0.0010517886897	0.998948764246
907.313504992	3.30426030639e+15	-3.01622029051e+13	0.00104987190191	0.998950679021
907.109744339	3.30500252997e+15	-3.01689781274e+13	0.00104806708373	0.998952481947
906.905983687	3.30574508706e+15	-3.01757563942e+13	0.00104635476752	0.998954192471
906.702223034	3.3064879779e+15	-3.01825377075e+13	0.00102503177471	0.998975493391
906.498462382	3.30723120271e+15	-3.01893220695e+13	0.00101620326016	0.9989843129
906.294701729	3.30797476172e+15	-3.0196109482e+13	0.00101562685714	0.998984888717
906.090941077	3.30871865515e+15	-3.02028999472e+13	0.00101505066671	0.998985464323
905.887180424	3.30946288322e+15	-3.02096934672e+13	0.00101447468622	0.998986039719
905.683419772	3.31020744617e+15	-3.0216490044e+13	0.00101389891476	0.998986614907
905.479659119	3.31095234422e+15	-3.02232896797e+13	0.00101332335228	0.998987189886
905.275898466	3.31169757759e+15	-3.02300923763e+13	0.00101274798952	0.998987764667
905.072137814	3.31244314651e+15	-3.02368981359e+13	0.00101217284463	0.99898833923
904.868377161	3.31318905121e+15	-3.02437069606e+13	0.00101159790778	0.998988913585
904.664616509	3.31393529192e+15	-3.02505188525e+13	0.00101102317957	0.998989487732
904.460855856	3.31468186886e+15	-3.02573338135e+13	0.00101044865932	0.998990061672
904.257095204	3.31542878226e+15	-3.02641518459e+13	0.00100987434757	0.998990635404
904.053334551	3.31617603234e+15	-3.02709729516e+13	0.00100930024388	0.998991208928
903.849573899	3.31692361935e+15	-3.02777971328e+13	0.00100872634877	0.998991782245
903.645813246	3.31767154349e+15	-3.02846243916e+13	0.00100815266211	0.998992355353
903.442052594	3.318419805e+15	-3.02914547299e+13	0.0010075791838	0.998992928254
903.238291941	3.31916840412e+15	-3.02982881499e+13	0.00100700591414	0.998993500946
903.034531289	3.31991734106e+15	-3.03051246538e+13	0.00100643285294	0.998994073431
902.830770636	3.32066661606e+15	-3.03119642434e+13	0.00100585999997	0.998994645708
902.627009984	3.32141622934e+15	-3.03188069211e+13	0.00100528735539	0.998995217777
902.423249331	3.32216618114e+15	-3.03256526888e+13	0.00100471491898	0.998995789638
902.219488678	3.32291647168e+15	-3.03325015487e+13	0.00100414269059	0.998996361292
902.015728026	3.32366710119e+15	-3.03393535028e+13	0.00100357067032	0.998996932738
901.811967373	3.32441806991e+15	-3.03462085532e+13	0.00100299885804	0.998997503977
901.608206721	3.32516937806e+15	-3.03530667021e+13	0.00100242725364	0.998998075009
901.404446068	3.32592102588e+15	-3.03599279515e+13	0.00100185585721	0.998998645833
901.200685416	3.32667301359e+15	-3.03667923036e+13	0.00100128466863	0.99899921645
900.996924763	3.32742534142e+15	-3.03736597604e+13	0.00100071368782	0.998999786859
900.793164111	3.32817800961e+15	-3.03805303241e+13	0.00100014291484	0.999000357061
900.589403458	3.32893101838e+15	-3.03874039967e+13	0.000999572349567	0.999000927056
900.385642806	3.32968436798e+15	-3.03942807805e+13	0.00099900199204	0.999001496844
900.181882153	3.33043805862e+15	-3.04011606774e+13	0.00099843184218	0.999002066425
899.978121501	3.33119209054e+15	-3.04080436896e+13	0.000997861899914	0.999002635799
899.774360848	3.33194646397e+15	-3.04149298192e+13	0.000997292165276	0.999003204965
899.570600196	3.33270117915e+15	-3.04218190684e+13	0.000996722638192	0.999003773925
899.366839543	3.3334562363e+15	-3.04287114392e+13	0.000996153318599	0.999004342677
899.16307889	3.33421163567e+15	-3.04356069338e+13	0.000995584206513	0.999004911223
898.959318238	3.33496737747e+15	-3.04425055543e+13	0.000995015301849	0.999005479562
898.755557585	3.33572346195e+15	-3.04494073029e+13	0.000994446604611	0.999006047694
898.551796933	3.33647988934e+15	-3.04563121816e+13	0.000993878114726	0.999006615619
898.34803628	3.33723665987e+15	-3.04632201925e+13	0.000993309832189	0.999007183337
898.144275628	3.33799377378e+15	-3.0470131338e+13	0.000992741756934	0.999007750848
897.940514975	3.33875123129e+15	-3.04770456199e+13	0.000992173888939	0.999008318153
897.736754323	3.33950903265e+15	-3.04839630406e+13	0.000991606228167	0.999008885251
897.53299367	3.34026717808e+15	-3.0490883602e+13	0.000991038774584	0.999009452142
897.329233018	3.34102566782e+15	-3.04978073065e+13	0.000990471528146	0.999010018827
897.125472365	3.34178450211e+15	-3.0504734156e+13	0.000989904488817	0.999010585305
896.921711713	3.34254368118e+15	-3.05116641528e+13	0.000989337656559	0.999011151577
896.71795106	3.34330320527e+15	-3.05185972991e+13	0.000988771031335	0.999011717642
896.514190408	3.3440630746e+15	-3.05255335968e+13	0.000988204613109	0.9990122835
896.310429755	3.34482328943e+15	-3.05324730482e+13	0.000987638401842	0.999012849152
896.106669102	3.34558384997e+15	-3.05394156555e+13	0.000987072397499	0.999013414598
895.90290845	3.34634475647e+15	-3.05463614208e+13	0.000986506600042	0.999013979838
895.699147797	3.34710600917e+15	-3.05533103463e+13	0.000985941009433	0.999014544871
895.495387145	3.34786760829e+15	-3.0560262434e+13	0.000985375625637	0.999015109698
895.291626492	3.34862955409e+15	-3.05672176862e+13	0.000984810448615	0.999015674318
895.08786584	3.34939184678e+15	-3.05741761051e+13	0.000984245478331	0.999016238732
894.884105187	3.35015448662e+15	-3.05811376927e+13	0.000983680714748	0.999016802941
894.680344535	3.35091747384e+15	-3.05881024514e+13	0.000983116157828	0.999017366943
894.476583882	3.35168080867e+15	-3.05950703831e+13	0.000982551807535	0.999017930738
894.27282323	3.35244449135e+15	-3.06020414901e+13	0.000981987663831	0.999018494328
894.069062577	3.35320852212e+15	-3.06090157746e+13	0.00098142372668	0.999019057712
893.865301925	3.35397290122e+15	-3.06159932388e+13	0.000980859996044	0.99901962089
893.661541272	3.35473762889e+15	-3.06229738847e+13	0.000980296471886	0.999020183862
893.45778062	3.35550270537e+15	-3.06299577147e+13	0.00097973315417	0.999020746628
893.254019967	3.35626813088e+15	-3.06369447308e+13	0.000979170042858	0.999021309188
893.050259315	3.35703390569e+15	-3.06439349352e+13	0.000978607137913	0.999021871542
892.846498662	3.35780003001e+15	-3.06509283302e+13	0.000978044439299	0.99902243369
892.642738009	3.35856650409e+15	-3.0657924918e+13	0.000977481946978	0.999022995633
892.438977357	3.35933332818e+15	-3.06649247006e+13	0.000976919660913	0.99902355737
892.235216704	3.3601005025e+15	-3.06719276803e+13	0.000976357581067	0.999024118901
892.031456052	3.36086802731e+15	-3.06789338593e+13	0.000975795707403	0.999024680226
891.827695399	3.36163590284e+15	-3.06859432398e+13	0.000975234039884	0.999025241346
892.827695399	3.35787074645e+15	-3.06515738495e+13	0.000977992523234	0.999022485556
893.130725702	3.35673145456e+15	-3.06411740776e+13	0.000978829408031	0.999021649489
893.433756005	3.35559293551e+15	-3.06307813604e+13	0.000979666749205	0.999020812968
893.736786308	3.35445518852e+15	-3.06203956907e+13	0.00098050454688	0.999019975991
894.039816611	3.35331821279e+15	-3.06100170614e+13	0.000981342801178	0.999019138558
894.342846914	3.35218200754e+15	-3.05996454652e+13	0.000982181512218	0.99901830067
894.645877218	3.351046572e+15	-3.05892808951e+13	0.000983020680125	0.999017462326
894.948907521	3.34991190537e+15	-3.05789233439e+13	0.00098386030502	0.999016623527
895.251937824	3.34877800688e+15	-3.05685728044e+13	0.000984700387023	0.999015784271
895.554968127	3.34764487575e+15	-3.05582292696e+13	0.000985540926259	0.99901494456
895.85799843	3.3465125112e+15	-3.05478927324e+13	0.000986381922847	0.999014104392
896.161028733	3.34538091245e+15	-3.05375631856e+13	0.000987223376911	0.999013263768
896.464059036	3.34425007872e+15	-3.05272406222e+13	0.000988065288572	0.999012422687
896.767089339	3.34312000924e+15	-3.0516925035e+13	0.000988907657952	0.99901158115
897.070119642	3.34199070324e+15	-3.05066164171e+13	0.000989750485173	0.999010739156
897.373149945	3.34086215994e+15	-3.04963147613e+13	0.000990593770357	0.999009896706
897.676180248	3.33973437857e+15	-3.04860200606e+13	0.000991437513626	0.999009053798
897.979210551	3.33860735836e+15	-3.0475732308e+13	0.000992281715108	0.999008210434
898.282240854	3.33748109854e+15	-3.04654514964e+13	0.000993126374922	0.999007366612
898.585271157	3.33635559833e+15	-3.04551776187e+13	0.000993971493191	0.999006522333
898.88830146	3.33523085697e+15	-3.04449106681e+13	0.000994817070039	0.999005677596
899.191331763	3.3341068737e+15	-3.04346506375e+13	0.000995663105587	0.999004832402
899.494362066	3.33298364774e+15	-3.04243975199e+13	0.000996509599933	0.999003986751
899.797392369	3.33186117833e+15	-3.04141513083e+13	0.000997356553248	0.999003140641
900.100422672	3.33073946471e+15	-3.04039119957e+13	0.000998203965633	0.999002294074
900.403452975	3.32961850612e+15	-3.03936795752e+13	0.000999051837171	0.999001447049
900.706483278	3.32849830179e+15	-3.03834540398e+13	0.000999900168062	0.999000599566
901.009513581	3.32737885096e+15	-3.03732353826e+13	0.00100074895835	0.998999751624
901.312543884	3.32626015287e+15	-3.03630235966e+13	0.00100159820824	0.998998903224
901.615574187	3.32514220676e+15	-3.03528186749e+13	0.00100244791778	0.998998054365
901.91860449	3.32402501187e+15	-3.03426206106e+13	0.0010032980872	0.998997205048
902.221634793	3.32290856746e+15	-3.03324293967e+13	0.00100414871651	0.998996355272
902.524665096	3.32179287275e+15	-3.03222450265e+13	0.00100499980605	0.998995505037
902.827695399	3.320677927e+15	-3.03120674929e+13	0.00100585135584	0.998994654343
903.130725702	3.31956372946e+15	-3.03018967891e+13	0.00100670336638	0.998993803189
903.433756005	3.31845027936e+15	-3.02917329083e+13	0.00100755583772	0.998992951576
903.736786308	3.31733757596e+15	-3.02815758435e+13	0.00100840877035	0.998992099503
904.039816611	3.31622561851e+15	-3.02714255879e+13	0.00100926216394	0.99899124697
904.342846914	3.31511440626e+15	-3.02612821347e+13	0.00101011601859	0.998990393977
904.645877218	3.31400393845e+15	-3.0251145477e+13	0.0010109703339	0.998989540524
904.948907521	3.31289421434e+15	-3.0241015608e+13	0.00101182510983	0.998988686613
905.251937824	3.31178523319e+15	-3.02308925209e+13	0.00101268034621	0.998987832241
905.554968127	3.31067699424e+15	-3.02207762089e+13	0.00101353605352	0.998986977401
905.85799843	3.30956949676e+15	-3.02106666651e+13	0.00101439221311	0.998986122109
906.161028733	3.30846274e+15	-3.02005638829e+13	0.00101524883557	0.998985266355
906.464059036	3.30735672321e+15	-3.01904678553e+13	0.00101610592386	0.998984410137
906.767089339	3.30625144566e+15	-3.01803785757e+13	0.00103669658543	0.998963840599
907.070119642	3.3051469066e+15	-3.01702960372e+13	0.00104772736838	0.998952821306
907.373149945	3.30404310529e+15	-3.01602202332e+13	0.00105042037947	0.998950131119
907.676180248	3.302940041e+15	-3.01501511569e+13	0.00105337766633	0.998947176941
907.979210551	3.30183771298e+15	-3.01400888014e+13	0.00105669967006	0.99894385844
908.282240854	3.30073612051e+15	-3.01300331602e+13	0.00106054103899	0.998940021136
908.585271157	3.29963526283e+15	-3.01199842265e+13	0.00106514110525	0.998935425956
908.88830146	3.29853513923e+15	-3.01099419936e+13	0.00107087158424	0.998929701594
909.191331763	3.29743574896e+15	-3.00999064547e+13	0.00107831213915	0.99892226903
909.494362066	3.29633709129e+15	-3.00898776032e+13	0.00108837350337	0.99891221856
909.797392369	3.2952391655e+15	-3.00798554325e+13	0.00110250986753	0.998898097673
910.100422672	3.29414197084e+15	-3.00698399358e+13	0.00112312509287	0.998877505376
910.403452975	3.29304550659e+15	-3.00598311064e+13	0.0011544863268	0.998846179836
910.706483278	3.29194977202e+15	-3.00498289378e+13	0.00120513836755	0.99879558752
911.009513581	3.2908547664e+15	-3.00398334232e+13	0.00129451364139	0.99870632388
911.312543884	3.289760489e+15	-3.00298445561e+13	0.00146828356021	0.998532793841
911.615574187	3.2886669391e+15	-3.00198623298e+13	0.00182082650888	0.99818083019
911.91860449	3.28757411598e+15	-3.00098867376e+13	0.00249343760365	0.99750966843
912.221634793	3.2864820189e+15	-2.9999917773e+13	0.00357811934591	0.996428274495
912.524665096	3.28539064715e+15	-2.99899554294e+13	0.00491111881569	0.995100921011
912.827695399	3.2843e+15	-2.99799997002e+13	0.00595466608549	0.994063027801
913.130725702	3.28321007673e+15	-2.99700505788e+13	0.00606525244207	0.99395310407
913.433756005	3.28212087663e+15	-2.99601080585e+13	0.00504580661887	0.994966902079
913.736786308	3.28103239896e+15	-2.99501721329e+13	0.00337574346392	0.996629947952
914.039816611	3.27994464302e+15	-2.99402427954e+13	0.00180020392831	0.998201415467
914.342846914	3.27885760808e+15	-2.99303200395e+13	0.000761162356386	0.999239127254
914.645877218	3.27777129343e+15	-2.99204038585e+13	0.000254314466729	0.999745717868
914.948907521	3.27668569836e+15	-2.9910494246e+13	6.69916076618e-05	0.999933010636
915.251937824	3.27560082214e+15	-2.99005911954e+13	1.38912764049e-05	0.99998610882
915.554968127	3.27451666407e+15	-2.98906947003e+13	2.26502072686e-06	0.999997734982
915.85799843	3.27343322343e+15	-2.9880804754e+13	2.89892383242e-07	0.999999710108
916.161028733	3.2723504995e+15	-2.98709213502e+13	2.92861579114e-08	0.999999970714
916.464059036	3.27126849159e+15	-2.98610444823e+13	2.42640838164e-09	0.999999997574
916.767089339	3.27018719898e+15	-2.98511741439e+13	2.60026747645e-10	0.99999999974
917.070119642	3.26910662095e+15	-2.98413103284e+13	1.01302695703e-10	0.999999999899
917.373149945	3.26802675681e+15	-2.98314530294e+13	8.26384946096e-11	0.999999999917
917.676180248	3.26694760584e+15	-2.98216022405e+13	7.30746660456e-11	0.999999999927
917.979210551	3.26586916734e+15	-2.98117579552e+13	6.54547889342e-11	0.999999999935
918.282240854	3.26479144061e+15	-2.98019201671e+13	5.91202856501e-11	0.999999999941
918.585271157	3.26371442493e+15	-2.97920888697e+13	5.37804467662e-11	0.999999999946
918.88830146	3.2626381196e+15	-2.97822640566e+13	4.9274847198e-11	0.999999999951
919.191331763	3.26156252393e+15	-2.97724457214e+13	4.53567430653e-11	0.999999999955
919.494362066	3.26048763721e+15	-2.97626338577e+13	4.19537742795e-11	0.999999999958
919.797392369	3.25941345874e+15	-2.97528284591e+13	3.89754968364e-11	0.999999999961
920.100422672	3.25833998782e+15	-2.97430295193e+13	3.63503393351e-11	0.999999999964
920.403452975	3.25726722375e+15	-2.97332370317e+13	3.40112228992e-11	0.999999999966
920.706483278	3.25619516583e+15	-2.97234509902e+13	3.19660940656e-11	0.999999999968
921.009513581	3.25512381337e+15	-2.97136713882e+13	3.01049360307e-11	0.99999999997
921.312543884	3.25405316567e+15	-2.97038982195e+13	2.84287216196e-11	0.999999999972
921.615574187	3.25298322204e+15	-2.96941314777e+13	2.69135277818e-11	0.999999999973
921.91860449	3.25191398177e+15	-2.96843711564e+13	2.55388411387e-11	0.999999999974
922.221634793	3.25084544419e+15	-2.96746172494e+13	2.42794282123e-11	0.999999999976
922.524665096	3.24977760859e+15	-2.96648697503e+13	2.31122668855e-11	0.999999999977
922.827695399	3.24871047428e+15	-2.96551286528e+13	2.20766765416e-11	0.999999999978
