912.0	3.28728070175e+15	-3.37197367374e+13	0.0019738905613	0.99802805628
912.937008571	3.28390674478e+15	-3.36851279064e+13	0.00197896031724	0.998022996534
913.874017141	3.28053970653e+15	-3.36505900454e+13	0.00198399972264	0.998017967104
914.811025712	3.27717956577e+15	-3.36161229361e+13	0.00198903183018	0.998012944983
915.748034283	3.2738263013e+15	-3.35817263615e+13	0.0019941209245	0.998007866014
916.685042853	3.27047989206e+15	-3.35474001052e+13	0.00199916361057	0.998002833386
917.622051424	3.26714031703e+15	-3.35131439519e+13	0.00200418796192	0.997997819082
918.559059995	3.2638075553e+15	-3.3478957687e+13	0.0020092653087	0.997992751914
919.496068565	3.26048158605e+15	-3.34448410967e+13	0.0020143531127	0.997987674335
920.433077136	3.25716238852e+15	-3.34107939685e+13	0.00201944856803	0.997982589146
921.370085707	3.25384994207e+15	-3.33768160903e+13	0.00202444264993	0.997977605152
922.307094277	3.25054422611e+15	-3.3342907251e+13	0.00202966242438	0.997972395948
923.244102848	3.24724522014e+15	-3.33090672405e+13	0.00203478361839	0.99796728515
924.181111419	3.24395290377e+15	-3.32752958494e+13	0.0020399148116	0.997962164401
925.118119989	3.24066725667e+15	-3.32415928692e+13	0.00204505704026	0.997957032664
926.05512856	3.23738825858e+15	-3.32079580922e+13	0.00205018813104	0.997951912069
926.992137131	3.23411588935e+15	-3.31743913117e+13	0.00205531626376	0.997946794452
927.929145701	3.2308501289e+15	-3.31408923216e+13	0.00206047187206	0.997941649443
928.866154272	3.22759095722e+15	-3.31074609167e+13	0.00206554437666	0.997936587392
929.803162843	3.2243383544e+15	-3.30740968929e+13	0.00207074679691	0.99793139572
930.740171413	3.2210923006e+15	-3.30408000465e+13	0.00207600299566	0.997926150408
931.677179984	3.21785277606e+15	-3.30075701748e+13	0.00208119680525	0.997920967383
932.614188555	3.21461976109e+15	-3.29744070761e+13	0.00208632302615	0.997915851833
933.551197125	3.2113932361e+15	-3.29413105492e+13	0.00209143076099	0.997910754756
934.488205696	3.20817318156e+15	-3.29082803938e+13	0.00209665125937	0.997905545179
935.425214267	3.20495957804e+15	-3.28753164106e+13	0.00210188593767	0.997900321478
936.362222837	3.20175240615e+15	-3.28424184009e+13	0.002107128936	0.997895089502
937.299231408	3.19855164662e+15	-3.28095861668e+13	0.00211238022955	0.997889849275
938.236239979	3.19535728024e+15	-3.27768195112e+13	0.00211763982479	0.997884600793
939.173248549	3.19216928786e+15	-3.27441182379e+13	0.00212290772819	0.997879344047
940.11025712	3.18898765043e+15	-3.27114821513e+13	0.00212818394623	0.997874079032
941.047265691	3.18581234897e+15	-3.26789110568e+13	0.00213346848541	0.997868805741
941.984274261	3.18264336456e+15	-3.26464047604e+13	0.0021387613522	0.997863524168
942.921282832	3.17948067838e+15	-3.2613963069e+13	0.00214406255311	0.997858234307
943.858291403	3.17632427167e+15	-3.258158579e+13	0.00214937209462	0.997852936152
944.795299973	3.17317412574e+15	-3.25492727319e+13	0.00215468998323	0.997847629695
945.732308544	3.17003022199e+15	-3.25170237038e+13	0.00216001622544	0.997842314931
946.669317115	3.16689254188e+15	-3.24848385156e+13	0.00216535082775	0.997836991853
947.606325685	3.16376106695e+15	-3.24527169778e+13	0.00217069379666	0.997831660455
948.543334256	3.16063577881e+15	-3.24206589019e+13	0.00217604513868	0.997826320731
949.480342827	3.15751665914e+15	-3.23886640999e+13	0.00218140486031	0.997820972674
950.417351397	3.1544036897e+15	-3.23567323847e+13	0.00218677296807	0.997815616278
951.354359968	3.15129685231e+15	-3.232486357e+13	0.00219214946846	0.997810251536
952.291368539	3.14819612888e+15	-3.229305747e+13	0.00219753436802	0.997804878443
953.228377109	3.14510150137e+15	-3.22613138998e+13	0.00220292767324	0.997799496991
954.16538568	3.14201295184e+15	-3.22296326752e+13	0.00220832939065	0.997794107175
955.102394251	3.13893046237e+15	-3.21980136127e+13	0.00221373952678	0.997788708987
956.039402821	3.13585401517e+15	-3.21664565294e+13	0.00221915808815	0.997783302423
956.976411392	3.13278359248e+15	-3.21349612435e+13	0.00222458508128	0.997777887474
957.913419963	3.12971917662e+15	-3.21035275734e+13	0.00223002051272	0.997772464136
958.850428533	3.12666074998e+15	-3.20721553386e+13	0.00223546438898	0.997767032401
959.787437104	3.12360829503e+15	-3.20408443592e+13	0.00224091671661	0.997761592263
960.724445675	3.12056179428e+15	-3.20095944559e+13	0.00224637750214	0.997756143716
961.661454245	3.11752123033e+15	-3.19784054501e+13	0.00225184675211	0.997750686753
962.598462816	3.11448658585e+15	-3.19472771641e+13	0.00225732447306	0.997745221368
963.535471387	3.11145784357e+15	-3.19162094207e+13	0.00226281067155	0.997739747555
964.472479957	3.10843498628e+15	-3.18852020434e+13	0.00226830535411	0.997734265306
965.409488528	3.10541799684e+15	-3.18542548565e+13	0.0022738085273	0.997728774617
966.346497099	3.1024068582e+15	-3.18233676849e+13	0.00227932019767	0.99772327548
967.283505669	3.09940155335e+15	-3.17925403542e+13	0.00228484037177	0.997717767889
968.22051424	3.09640206534e+15	-3.17617726906e+13	0.00229036905469	0.997712251839
969.157522811	3.09340837731e+15	-3.1731064521e+13	0.00229590625591	0.997706727321
970.094531381	3.09042047246e+15	-3.17004156732e+13	0.00230145198054	0.99770119433
971.031539952	3.08743833403e+15	-3.16698259753e+13	0.00230700623515	0.997695652858
971.968548523	3.08446194535e+15	-3.16392952563e+13	0.0023125690263	0.997690102901
972.905557093	3.08149128982e+15	-3.16088233457e+13	0.00231814036057	0.997684544452
973.842565664	3.07852635087e+15	-3.15784100739e+13	0.00232372024453	0.997678977503
974.779574235	3.07556711203e+15	-3.15480552717e+13	0.00232930868475	0.99767340205
975.716582806	3.07261355688e+15	-3.15177587707e+13	0.00233490568781	0.997667818084
976.653591376	3.06966566905e+15	-3.1487520403e+13	0.00234051126028	0.997662225601
977.590599947	3.06672343225e+15	-3.14573400015e+13	0.00234612540876	0.997656624592
978.527608518	3.06378683024e+15	-3.14272173998e+13	0.00235174813982	0.997651015053
979.464617088	3.06085584685e+15	-3.13971524318e+13	0.00235737946005	0.997645396977
980.401625659	3.05793046598e+15	-3.13671449324e+13	0.00236301937605	0.997639770356
981.33863423	3.05501067157e+15	-3.13371947369e+13	0.0023686678944	0.997634135186
982.2756428	3.05209644765e+15	-3.13073016814e+13	0.00237432502169	0.997628491458
983.212651371	3.04918777827e+15	-3.12774656025e+13	0.00237999076454	0.997622839168
984.149659942	3.04628464758e+15	-3.12476863374e+13	0.00238566512952	0.997617178308
985.086668512	3.04338703977e+15	-3.1217963724e+13	0.00239134812326	0.997611508872
986.023677083	3.0404949391e+15	-3.11882976008e+13	0.00239703975235	0.997605830853
986.960685654	3.03760832987e+15	-3.1158687807e+13	0.0024027400234	0.997600144246
987.897694224	3.03472719648e+15	-3.11291341822e+13	0.00240844894301	0.997594449043
988.834702795	3.03185152334e+15	-3.10996365667e+13	0.00241416651781	0.997588745239
989.771711366	3.02898129495e+15	-3.10701948015e+13	0.0024198927544	0.997583032826
990.708719936	3.02611649587e+15	-3.10408087282e+13	0.00242562765941	0.997577311798
991.645728507	3.0232571107e+15	-3.10114781888e+13	0.00243137123945	0.99757158215
992.582737078	3.0204031241e+15	-3.09822030261e+13	0.00243712350114	0.997565843873
993.519745648	3.01755452082e+15	-3.09529830834e+13	0.00244288445111	0.997560096963
994.456754219	3.01471128562e+15	-3.09238182046e+13	0.00244865409599	0.997554341412
995.39376279	3.01187340334e+15	-3.08947082342e+13	0.00245443244241	0.997548577214
996.33077136	3.0090408589e+15	-3.08656530173e+13	0.00246021949699	0.997542804363
997.267779931	3.00621363723e+15	-3.08366523995e+13	0.00246601526638	0.997537022851
998.204788502	3.00339172336e+15	-3.08077062271e+13	0.00247181975721	0.997531232674
999.141797072	3.00057510234e+15	-3.0778814347e+13	0.00247763297612	0.997525433823
1000.07880564	2.9977637593e+15	-3.07499766064e+13	0.00248345492975	0.997519626293
1001.01581421	2.99495767942e+15	-3.07211928535e+13	0.00248928562475	0.997513810077
1001.95282278	2.99215684793e+15	-3.06924629366e+13	0.00249512506777	0.997507985169
1002.88983135	2.98936125013e+15	-3.0663786705e+13	0.00250097326545	0.997502151563
1003.82683993	2.98657087135e+15	-3.06351640082e+13	0.00250683022445	0.997496309251
1004.7638485	2.98378569699e+15	-3.06065946966e+13	0.00251269595142	0.997490458227
1005.7638485	2.98081901083e+15	-3.05761635024e+13	0.00251896571594	0.997484204216
1006.0668788	2.97992117937e+15	-3.05669538719e+13	0.00252086761035	0.997482307108
1006.3699091	2.97902388862e+15	-3.05577497877e+13	0.00252277042345	0.997480409088
1006.67293941	2.97812713807e+15	-3.05485512447e+13	0.00252467415547	0.997478510154
1006.97596971	2.97723092724e+15	-3.0539358238e+13	0.00252657880664	0.997476610307
1007.27900001	2.97633525564e+15	-3.05301707626e+13	0.00252848437719	0.997474709547
1007.58203031	2.97544012279e+15	-3.05209888134e+13	0.00253039086733	0.997472807873
1007.88506062	2.9745455282e+15	-3.05118123855e+13	0.00253229827729	0.997470905285
1008.18809092	2.97365147139e+15	-3.0502641474e+13	0.00253420660731	0.997469001783
1008.49112122	2.97275795186e+15	-3.04934760737e+13	0.00253611585759	0.997467097367
1008.79415153	2.97186496914e+15	-3.04843161798e+13	0.00253802602838	0.997465192037
1009.09718183	2.97097252275e+15	-3.04751617873e+13	0.00253994917155	0.99746327377
1009.40021213	2.97008061219e+15	-3.04660128913e+13	0.00254188519165	0.997461342663
1009.70324244	2.969189237e+15	-3.04568694867e+13	0.00254381727833	0.997459415483
1010.00627274	2.96829839667e+15	-3.04477315688e+13	0.002545761258	0.997457476444
1010.30930304	2.96740809074e+15	-3.04385991324e+13	0.00254770914285	0.997455533514
1010.61233334	2.96651831873e+15	-3.04294721727e+13	0.00254965197153	0.99745359563
1010.91536365	2.96562908015e+15	-3.04203506848e+13	0.00255160702046	0.997451645562
1011.21839395	2.96474037452e+15	-3.04112346638e+13	0.00255356534383	0.997449692231
1011.52142425	2.96385220136e+15	-3.04021241046e+13	0.00255553450458	0.997447728094
1011.82445456	2.9629645602e+15	-3.03930190025e+13	0.00255750920978	0.997445758431
1012.12748486	2.96207745056e+15	-3.03839193525e+13	0.00255949913865	0.997443773586
1012.43051516	2.96119087197e+15	-3.03748251498e+13	0.00256150040163	0.997441777441
1012.73354547	2.96030482393e+15	-3.03657363894e+13	0.00256352425044	0.997439758772
1013.03657577	2.95941930599e+15	-3.03566530664e+13	0.00256557308897	0.997437715181
1013.33960607	2.95853431765e+15	-3.0347575176e+13	0.00256765923499	0.997435634382
1013.64263638	2.95764985846e+15	-3.03385027133e+13	0.00256980519768	0.997433493925
1013.94566668	2.95676592792e+15	-3.03294356735e+13	0.00257205210275	0.997431252789
1014.24869698	2.95588252558e+15	-3.03203740516e+13	0.00257447839916	0.997428832728
1014.55172728	2.95499965095e+15	-3.03113178429e+13	0.002577216444	0.997426101727
1014.85475759	2.95411730357e+15	-3.03022670424e+13	0.00258049276572	0.997422833844
1015.15778789	2.95323548296e+15	-3.02932216454e+13	0.00258454262087	0.997418794434
1015.46081819	2.95235418865e+15	-3.02841816469e+13	0.00258951714308	0.997413832764
1015.7638485	2.95147342016e+15	-3.02751470422e+13	0.00259529253577	0.997408072324
1016.0668788	2.95059317704e+15	-3.02661178265e+13	0.0026014562185	0.997401924636
1016.3699091	2.9497134588e+15	-3.02570939948e+13	0.00260748770065	0.997395908843
1016.67293941	2.94883426498e+15	-3.02480755425e+13	0.00261298289747	0.997390427971
1016.97596971	2.94795559512e+15	-3.02390624646e+13	0.00261790758345	0.997385516148
1017.27900001	2.94707744873e+15	-3.02300547565e+13	0.00262248968052	0.997380946042
1017.58203031	2.94619982536e+15	-3.02210524132e+13	0.00262715337601	0.997376294571
1017.88506062	2.94532272453e+15	-3.021205543e+13	0.00263235785849	0.997371103757
1018.18809092	2.94444614579e+15	-3.02030638022e+13	0.00263883103913	0.997364647615
1018.49112122	2.94357008866e+15	-3.01940775248e+13	0.00264843016565	0.997355073831
1018.79415153	2.94269455268e+15	-3.01850965933e+13	0.00267039119371	0.997333171129
1019.09718183	2.94181953738e+15	-3.01761210027e+13	0.00271559237059	0.997288091515
1019.40021213	2.94094504231e+15	-3.01671507483e+13	0.00272498241605	0.997278726978
1019.70324244	2.94007106699e+15	-3.01581858255e+13	0.00273551197549	0.997268226128
1020.00627274	2.93919761096e+15	-3.01492262293e+13	0.00274786416095	0.997255907762
1020.30930304	2.93832467377e+15	-3.01402719551e+13	0.00276289344593	0.997240919831
1020.61233334	2.93745225494e+15	-3.01313229982e+13	0.00278003418998	0.997223826527
1020.91536365	2.93658035401e+15	-3.01223793537e+13	0.00280029136045	0.997203625798
1021.21839395	2.93570897054e+15	-3.0113441017e+13	0.00282484941161	0.997179136721
1021.52142425	2.93483810405e+15	-3.01045079834e+13	0.00285534340218	0.997148729214
1021.82445456	2.93396775408e+15	-3.00955802481e+13	0.00289428747534	0.997109896937
1022.12748486	2.93309792018e+15	-3.00866578064e+13	0.0029450860295	0.997059246482
1022.43051516	2.93222860188e+15	-3.00777406536e+13	0.003013017305	0.996991517276
1022.73354547	2.93135979874e+15	-3.0068828785e+13	0.00310626802868	0.99689855143
1023.03657577	2.93049151028e+15	-3.00599221959e+13	0.00323824396579	0.996766993491
1023.33960607	2.92962373606e+15	-3.00510208817e+13	0.00343240211158	0.996573481847
1023.64263638	2.92875647562e+15	-3.00421248376e+13	0.00373118999162	0.996275762248
1023.94566668	2.92788972849e+15	-3.00332340589e+13	0.0042105597143	0.995798292264
1024.24869698	2.92702349423e+15	-3.0024348541e+13	0.00499287573285	0.995019567953
1024.55172728	2.92615777238e+15	-3.00154682793e+13	0.00623021223449	0.993789155296
1024.85475759	2.92529256249e+15	-3.00065932689e+13	0.00801210837748	0.992019903013
1025.15778789	2.92442786409e+15	-2.99977235054e+13	0.0101879794193	0.989863742248
1025.46081819	2.92356367675e+15	-2.99888589841e+13	0.0122192595457	0.987855092456
1025.7638485	2.9227e+15	-2.99799997002e+13	0.0132881854386	0.986799712731
1026.0668788	2.92183683339e+15	-2.99711456492e+13	0.0127512141352	0.98732973815
1026.3699091	2.92097417648e+15	-2.99622968264e+13	0.0106348587595	0.989421491415
1026.67293941	2.9201120288e+15	-2.99534532272e+13	0.00768684313114	0.992342625093
1026.97596971	2.91925038991e+15	-2.9944614847e+13	0.00488276492973	0.995129136389
1027.27900001	2.91838925936e+15	-2.99357816811e+13	0.0028433559279	0.99716068258
1027.58203031	2.9175286367e+15	-2.9926953725e+13	0.0016450728902	0.998356279501
1027.88506062	2.91666852148e+15	-2.9918130974e+13	0.0010371202734	0.99896341735
1028.18809092	2.91580891325e+15	-2.99093134235e+13	0.000735741255141	0.999264529336
1028.49112122	2.91494981156e+15	-2.9900501069e+13	0.000564898484574	0.999435261041
1028.79415153	2.91409121597e+15	-2.98916939058e+13	0.000449628458296	0.999550472609
1029.09718183	2.91323312602e+15	-2.98828919293e+13	0.000365075848521	0.999634990784
1029.40021213	2.91237554128e+15	-2.98740951351e+13	0.000302036788642	0.99969800882
1029.70324244	2.91151846129e+15	-2.98653035184e+13	0.00025478158676	0.999745250867
1030.00627274	2.91066188561e+15	-2.98565170747e+13	0.000218762262575	0.999781261664
1030.30930304	2.9098058138e+15	-2.98477357996e+13	0.000190709694127	0.99980930849
1030.61233334	2.9089502454e+15	-2.98389596883e+13	0.000168368149933	0.999831646023
1030.91536365	2.90809517999e+15	-2.98301887364e+13	0.000150172845331	0.99984983843
1031.21839395	2.90724061711e+15	-2.98214229393e+13	0.000135141175532	0.999864867956
1031.52142425	2.90638655631e+15	-2.98126622924e+13	0.000122537107718	0.9998774704
1031.82445456	2.90553299717e+15	-2.98039067913e+13	0.000111859053085	0.999888147203
1032.12748486	2.90467993923e+15	-2.97951564313e+13	0.000102691328343	0.999897313944
1032.43051516	2.90382738206e+15	-2.97864112081e+13	9.47602788706e-05	0.999905244211
1032.73354547	2.90297532521e+15	-2.97776711169e+13	8.78367582402e-05	0.999912167099
1033.03657577	2.90212376824e+15	-2.97689361534e+13	8.17678542896e-05	0.999918235489
1033.33960607	2.90127271072e+15	-2.9760206313e+13	7.63874942976e-05	0.999923615423
1033.64263638	2.9004221522e+15	-2.97514815912e+13	7.16070498183e-05	0.999928395514
1033.94566668	2.89957209225e+15	-2.97427619836e+13	6.73275629517e-05	0.999932674703
1034.24869698	2.89872253042e+15	-2.97340474855e+13	6.34773189367e-05	0.999936524696
1034.55172728	2.89787346629e+15	-2.97253380926e+13	6.00115924949e-05	0.999939990208
1034.85475759	2.89702489941e+15	-2.97166338003e+13	5.68646538841e-05	0.999943136963
1035.15778789	2.89617682934e+15	-2.97079346041e+13	5.4001159038e-05	0.999946000299
1035.46081819	2.89532925566e+15	-2.96992404997e+13	5.13866731018e-05	0.999948614647
1035.7638485	2.89448217791e+15	-2.96905514824e+13	4.89925567181e-05	0.999951008643
