912.0	3.28728070175e+15	-3.00181762524e+13	0.000406502448951	0.999593580162
911.799609509	3.2880031629e+15	-3.00247734883e+13	0.000343620571943	0.999656438459
911.599219018	3.28872594168e+15	-3.00313736247e+13	0.000303885318152	0.99969616085
911.398828528	3.28944903829e+15	-3.00379766634e+13	0.000279059762143	0.999720979171
911.198438037	3.29017245295e+15	-3.00445826064e+13	0.000263255578029	0.999736779071
910.998047546	3.29089618586e+15	-3.00511914556e+13	0.000252791729383	0.99974724022
910.797657055	3.29162023725e+15	-3.00578032129e+13	0.000245542305121	0.999754487838
910.597266565	3.2923446073e+15	-3.00644178803e+13	0.000240318928912	0.999759709945
910.396876074	3.29306929625e+15	-3.00710354596e+13	0.00023643945979	0.99976358849
910.196485583	3.29379430429e+15	-3.00776559527e+13	0.000233491889313	0.999766535368
909.996095092	3.29451963164e+15	-3.00842793617e+13	0.000231211307013	0.99976881542
909.795704602	3.29524527851e+15	-3.00909056884e+13	0.000229417972536	0.999770608342
909.595314111	3.29597124511e+15	-3.00975349347e+13	0.000227985268919	0.999772040718
909.39492362	3.29669753166e+15	-3.01041671027e+13	0.000226821834597	0.999773203888
909.194533129	3.29742413835e+15	-3.01108021941e+13	0.000225860753697	0.999774164751
908.994142639	3.29815106542e+15	-3.0117440211e+13	0.000225052603651	0.999774972719
908.793752148	3.29887831305e+15	-3.01240811553e+13	0.000224360670041	0.999775664497
908.593361657	3.29960588148e+15	-3.0130725029e+13	0.00022375760791	0.999776267424
908.392971166	3.30033377091e+15	-3.01373718338e+13	0.000223222991684	0.999776801921
908.192580676	3.30106198156e+15	-3.01440215719e+13	0.000222741556969	0.999777283248
907.992190185	3.30179051363e+15	-3.01506742452e+13	0.000222301872568	0.999777722835
907.791799694	3.30251936734e+15	-3.01573298555e+13	0.000221895367645	0.999778129249
907.591409203	3.3032485429e+15	-3.01639884048e+13	0.000221515591869	0.999778508941
907.391018713	3.30397804053e+15	-3.01706498952e+13	0.000221157681606	0.999778866772
907.190628222	3.30470786044e+15	-3.01773143284e+13	0.000220817951416	0.999779206427
906.990237731	3.30543800284e+15	-3.01839817066e+13	0.000215687172738	0.999784336086
906.78984724	3.30616846795e+15	-3.01906520315e+13	0.000214522676972	0.999785500331
906.58945675	3.30689925598e+15	-3.01973253053e+13	0.000214415040781	0.999785607944
906.389066259	3.30763036714e+15	-3.02040015298e+13	0.000214307452983	0.999785715509
906.188675768	3.30836180165e+15	-3.0210680707e+13	0.000214199902074	0.999785823037
905.988285277	3.30909355973e+15	-3.02173628389e+13	0.000214092384222	0.999785930532
905.787894787	3.30982564158e+15	-3.02240479274e+13	0.000213984897921	0.999786037995
905.587504296	3.31055804743e+15	-3.02307359745e+13	0.000213877442068	0.999786145428
905.387113805	3.31129077749e+15	-3.02374269821e+13	0.000213770018773	0.999786252828
905.186723314	3.31202383197e+15	-3.02441209522e+13	0.000213662622584	0.999786360202
904.986332824	3.31275721109e+15	-3.02508178868e+13	0.000213555257599	0.999786467544
904.785942333	3.31349091507e+15	-3.02575177879e+13	0.000213447919697	0.999786574859
904.585551842	3.31422494411e+15	-3.02642206574e+13	0.000213340612553	0.999786682143
904.385161351	3.31495929845e+15	-3.02709264973e+13	0.000213233333651	0.999786789399
904.184770861	3.31569397829e+15	-3.02776353095e+13	0.000213126086474	0.999786896623
903.98438037	3.31642898384e+15	-3.02843470961e+13	0.000213018870452	0.999787003816
903.783989879	3.31716431534e+15	-3.02910618591e+13	0.000212911685166	0.999787110979
903.583599388	3.31789997299e+15	-3.02977796003e+13	0.000212804532855	0.999787218108
903.383208897	3.318635957e+15	-3.03045003219e+13	0.000212697412393	0.999787325206
903.182818407	3.31937226761e+15	-3.03112240257e+13	0.000212590322729	0.999787432273
902.982427916	3.32010890502e+15	-3.03179507137e+13	0.000212483265026	0.999787539308
902.782037425	3.32084586945e+15	-3.0324680388e+13	0.000212376238178	0.999787646312
902.581646934	3.32158316113e+15	-3.03314130506e+13	0.000212269241357	0.999787753286
902.381256444	3.32232078026e+15	-3.03381487033e+13	0.000212162275576	0.999787860229
902.180865953	3.32305872707e+15	-3.03448873483e+13	0.000212055340131	0.999787967142
901.980475462	3.32379700177e+15	-3.03516289875e+13	0.000211948434509	0.999788074025
901.780084971	3.32453560459e+15	-3.03583736229e+13	0.00021184155959	0.999788180877
901.579694481	3.32527453574e+15	-3.03651212565e+13	0.000211734714881	0.999788287699
901.37930399	3.32601379545e+15	-3.03718718903e+13	0.000211627900012	0.999788394492
901.178913499	3.32675338392e+15	-3.03786255264e+13	0.000211521115692	0.999788501253
900.978523008	3.32749330138e+15	-3.03853821666e+13	0.000211414361545	0.999788607985
900.778132518	3.32823354806e+15	-3.03921418131e+13	0.000211307637285	0.999788714687
900.577742027	3.32897412416e+15	-3.03989044677e+13	0.000211200943474	0.999788821358
900.377351536	3.32971502991e+15	-3.04056701326e+13	0.000211094279818	0.999788927999
900.176961045	3.33045626553e+15	-3.04124388098e+13	0.000210987646095	0.99978903461
899.976570555	3.33119783124e+15	-3.04192105012e+13	0.000210881042747	0.999789141191
899.776180064	3.33193972726e+15	-3.04259852088e+13	0.000210774469367	0.999789247742
899.575789573	3.33268195382e+15	-3.04327629348e+13	0.000210667926312	0.999789354263
899.375399082	3.33342451112e+15	-3.0439543681e+13	0.000210561413397	0.999789460753
899.175008592	3.3341673994e+15	-3.04463274496e+13	0.000210454930485	0.999789567214
898.974618101	3.33491061887e+15	-3.04531142425e+13	0.000210348477846	0.999789673644
898.77422761	3.33565416976e+15	-3.04599040617e+13	0.000210242055238	0.999789780044
898.573837119	3.33639805229e+15	-3.04666969094e+13	0.00021013566279	0.999789886414
898.373446629	3.33714226667e+15	-3.04734927875e+13	0.00021002930055	0.999789992754
898.173056138	3.33788681314e+15	-3.0480291698e+13	0.000209922968355	0.999790099064
897.972665647	3.33863169191e+15	-3.0487093643e+13	0.00020981666636	0.999790205344
897.772275156	3.33937690321e+15	-3.04938986245e+13	0.000209710394499	0.999790311593
897.571884666	3.34012244726e+15	-3.05007066445e+13	0.000209604152759	0.999790417813
897.371494175	3.34086832428e+15	-3.05075177051e+13	0.000209497941138	0.999790524002
897.171103684	3.3416145345e+15	-3.05143318083e+13	0.000209391759635	0.999790630161
896.970713193	3.34236107813e+15	-3.05211489562e+13	0.000209285608248	0.99979073629
896.770322703	3.34310795541e+15	-3.05279691508e+13	0.000209179486974	0.99979084239
896.569932212	3.34385516655e+15	-3.05347923941e+13	0.000209073395812	0.999790948459
896.369541721	3.34460271178e+15	-3.05416186881e+13	0.000208967334761	0.999791054497
896.16915123	3.34535059133e+15	-3.0548448035e+13	0.000208861303818	0.999791160506
895.968760739	3.34609880542e+15	-3.05552804368e+13	0.000208755302982	0.999791266485
895.768370249	3.34684735426e+15	-3.05621158955e+13	0.00020864933225	0.999791372434
895.567979758	3.3475962381e+15	-3.05689544132e+13	0.000208543391622	0.999791478352
895.367589267	3.34834545715e+15	-3.05757959919e+13	0.000208437481094	0.99979158424
895.167198776	3.34909501163e+15	-3.05826406337e+13	0.000208331600666	0.999791690099
894.966808286	3.34984490178e+15	-3.05894883406e+13	0.000208225750336	0.999791795927
894.766417795	3.35059512782e+15	-3.05963391148e+13	0.000208119930101	0.999791901725
894.566027304	3.35134568997e+15	-3.06031929582e+13	0.00020801413996	0.999792007493
894.365636813	3.35209658846e+15	-3.06100498729e+13	0.000207908379911	0.999792113232
894.165246323	3.35284782352e+15	-3.06169098611e+13	0.000207802649953	0.99979221894
893.964855832	3.35359939537e+15	-3.06237729247e+13	0.000207696950082	0.999792324617
893.764465341	3.35435130424e+15	-3.06306390658e+13	0.000207591280299	0.999792430265
893.56407485	3.35510355035e+15	-3.06375082865e+13	0.0002074856406	0.999792535883
893.36368436	3.35585613394e+15	-3.06443805889e+13	0.000207380030984	0.999792641471
893.163293869	3.35660905523e+15	-3.0651255975e+13	0.000207274451449	0.999792747028
892.962903378	3.35736231445e+15	-3.0658134447e+13	0.000207168901993	0.999792852556
892.762512887	3.35811591182e+15	-3.06650160068e+13	0.000207063382615	0.999792958054
892.562122397	3.35886984757e+15	-3.06719006566e+13	0.000206957893313	0.999793063521
892.361731906	3.35962412193e+15	-3.06787883985e+13	0.000206852434085	0.999793168958
892.161341415	3.36037873513e+15	-3.06856792346e+13	0.000206747004928	0.999793274366
893.161341415	3.35661639279e+15	-3.06513229788e+13	0.00020727342291	0.999792748057
893.464371718	3.35547795178e+15	-3.06409271756e+13	0.000207433091385	0.999792588421
893.767402021	3.35434028274e+15	-3.06305384217e+13	0.00020759282865	0.999792428717
894.070432324	3.35320338489e+15	-3.062015671e+13	0.000207752634711	0.999792268944
894.373462627	3.35206725744e+15	-3.06097820334e+13	0.000207912509575	0.999792109103
894.67649293	3.35093189962e+15	-3.05994143847e+13	0.000208072453248	0.999791949192
894.979523233	3.34979731063e+15	-3.05890537567e+13	0.000208232465735	0.999791789213
895.282553536	3.34866348971e+15	-3.05787001423e+13	0.000208392547045	0.999791629165
895.585583839	3.34753043606e+15	-3.05683535344e+13	0.000208552697182	0.999791469048
895.888614142	3.34639814891e+15	-3.05580139259e+13	0.000208712916153	0.999791308863
896.191644445	3.34526662749e+15	-3.05476813097e+13	0.000208873203965	0.999791148609
896.494674748	3.34413587101e+15	-3.05373556787e+13	0.000209033560623	0.999790988285
896.797705051	3.34300587871e+15	-3.05270370258e+13	0.000209193986134	0.999790827893
897.100735355	3.3418766498e+15	-3.0516725344e+13	0.000209354480504	0.999790667433
897.403765658	3.34074818352e+15	-3.05064206261e+13	0.00020951504374	0.999790506903
897.706795961	3.33962047908e+15	-3.04961228651e+13	0.000209675675848	0.999790346305
898.009826264	3.33849353573e+15	-3.04858320541e+13	0.000209836376833	0.999790185637
898.312856567	3.33736735268e+15	-3.04755481859e+13	0.000209997146746	0.999790024901
898.61588687	3.33624192918e+15	-3.04652712535e+13	0.000210157985565	0.999789864096
898.918917173	3.33511726445e+15	-3.045500125e+13	0.000210318893312	0.999789703222
899.221947476	3.33399335772e+15	-3.04447381682e+13	0.000210479869996	0.999789542279
899.524977779	3.33287020823e+15	-3.04344820013e+13	0.00021064091563	0.999789381268
899.828008082	3.33174781522e+15	-3.04242327422e+13	0.000210802030049	0.999789220187
900.131038385	3.33062617792e+15	-3.0413990384e+13	0.000210963213584	0.999789059038
900.434068688	3.32950529556e+15	-3.04037549196e+13	0.000211124466109	0.999788897819
900.737098991	3.32838516739e+15	-3.03935263422e+13	0.000211285787369	0.999788736532
901.040129294	3.32726579264e+15	-3.03833046448e+13	0.000211447177887	0.999788575175
901.343159597	3.32614717056e+15	-3.03730898204e+13	0.000211608637115	0.99978841375
901.6461899	3.32502930039e+15	-3.03628818621e+13	0.000211770165729	0.999788252256
901.949220203	3.32391218136e+15	-3.0352680763e+13	0.00021193176305	0.999788090693
902.252250506	3.32279581272e+15	-3.03424865161e+13	0.000212093429977	0.99978792906
902.555280809	3.32168019372e+15	-3.03322991147e+13	0.000212255165734	0.999787767359
902.858311112	3.3205653236e+15	-3.03221185517e+13	0.000212416971683	0.999787605587
903.161341415	3.3194512016e+15	-3.03119448204e+13	0.000212578847259	0.999787443746
903.464371718	3.31833782698e+15	-3.03017779137e+13	0.000212740794856	0.999787281833
903.767402021	3.31722519898e+15	-3.0291617825e+13	0.000212902814134	0.999787119848
904.070432324	3.31611331685e+15	-3.02814645472e+13	0.00021306490744	0.999786957789
904.373462627	3.31500217984e+15	-3.02713180736e+13	0.000213227071757	0.99978679566
904.67649293	3.31389178721e+15	-3.02611783973e+13	0.000213389306993	0.999786633459
904.979523233	3.3127821382e+15	-3.02510455115e+13	0.000213551609669	0.999786471191
905.282553536	3.31167323206e+15	-3.02409194094e+13	0.000213713978827	0.999786308856
905.585583839	3.31056506806e+15	-3.02308000841e+13	0.000213876412428	0.999786146458
905.888614142	3.30945764545e+15	-3.0220687529e+13	0.000214038919878	0.999785983985
906.191644445	3.30835096348e+15	-3.0210581737e+13	0.000214201495444	0.999785821444
906.494674748	3.30724502141e+15	-3.02004827016e+13	0.000214364148398	0.999785658826
906.797705051	3.30613981851e+15	-3.01903904159e+13	0.000214526900266	0.999785496109
907.100735355	3.30503535402e+15	-3.01803048732e+13	0.000218971456101	0.999781052516
907.403765658	3.3039316272e+15	-3.01702260666e+13	0.000221179873064	0.999778844585
907.706795961	3.30282863733e+15	-3.01601539895e+13	0.000221731319175	0.999778293261
908.009826264	3.30172638366e+15	-3.01500886351e+13	0.000222339129518	0.999777685586
908.312856567	3.30062486546e+15	-3.01400299967e+13	0.00022302485232	0.999777000016
908.61588687	3.29952408198e+15	-3.01299780676e+13	0.000223821654765	0.999776203391
908.918917173	3.2984240325e+15	-3.0119932841e+13	0.000224780877073	0.999775244384
909.221947476	3.29732471628e+15	-3.01098943102e+13	0.0002259822475	0.999774043285
909.524977779	3.29622613259e+15	-3.00998624687e+13	0.000227550106418	0.999772475781
909.828008082	3.2951282807e+15	-3.00898373096e+13	0.000229679862685	0.999770346512
910.131038385	3.29403115987e+15	-3.00798188263e+13	0.000232683797133	0.999767343272
910.434068688	3.29293476937e+15	-3.00698070121e+13	0.000237079250301	0.999762948851
910.737098991	3.29183910848e+15	-3.00598018604e+13	0.000243788535303	0.999756241179
911.040129294	3.29074417647e+15	-3.00498033645e+13	0.000254669360725	0.999745363065
911.343159597	3.2896499726e+15	-3.00398115179e+13	0.000273958895378	0.999726078628
911.6461899	3.28855649617e+15	-3.00298263138e+13	0.000311592183955	0.999688456356
911.949220203	3.28746374643e+15	-3.00198477456e+13	0.000387862046084	0.999612213163
912.252250506	3.28637172266e+15	-3.00098758068e+13	0.000532527844224	0.999467613924
912.555280809	3.28528042415e+15	-2.99999104906e+13	0.000763599602862	0.999236691865
912.858311112	3.28418985017e+15	-2.99899517907e+13	0.00104382179645	0.998956722796
913.161341415	3.2831e+15	-2.99799997002e+13	0.00125812526599	0.998742665842
913.464371718	3.28201087292e+15	-2.99700542127e+13	0.00127307776701	0.998727732253
913.767402021	3.2809224682e+15	-2.99601153216e+13	0.00105223504614	0.998948318359
914.070432324	3.27983478513e+15	-2.99501830203e+13	0.000699718904368	0.999300525842
914.373462627	3.278747823e+15	-2.99402573023e+13	0.000371132545425	0.999628936316
914.67649293	3.27766158109e+15	-2.99303381611e+13	0.000156194221615	0.999843817976
914.979523233	3.27657605867e+15	-2.992042559e+13	5.19847224712e-05	0.999948016629
915.282553536	3.27549125504e+15	-2.99105195827e+13	1.3652972255e-05	0.999986347121
915.585583839	3.27440716948e+15	-2.99006201325e+13	2.82636906286e-06	0.999997173635
915.888614142	3.27332380129e+15	-2.98907272329e+13	4.61602384179e-07	0.999999538398
916.191644445	3.27224114974e+15	-2.98808408775e+13	6.00366776264e-08	0.999999939963
916.494674748	3.27115921413e+15	-2.98709610597e+13	6.92222440228e-09	0.999999993078
916.797705051	3.27007799374e+15	-2.98610877732e+13	1.30715874655e-09	0.999999998693
917.100735355	3.26899748787e+15	-2.98512210113e+13	7.44533812028e-10	0.999999999255
917.403765658	3.26791769582e+15	-2.98413607677e+13	6.18945727529e-10	0.999999999381
917.706795961	3.26683861686e+15	-2.98315070358e+13	5.41563078343e-10	0.999999999458
918.009826264	3.2657602503e+15	-2.98216598093e+13	4.80421987721e-10	0.99999999952
918.312856567	3.26468259544e+15	-2.98118190816e+13	4.30364446525e-10	0.99999999957
918.61588687	3.26360565156e+15	-2.98019848465e+13	3.88711039192e-10	0.999999999611
918.918917173	3.26252941796e+15	-2.97921570973e+13	3.53595396485e-10	0.999999999646
919.221947476	3.26145389395e+15	-2.97823358278e+13	3.239661079e-10	0.999999999676
919.524977779	3.26037907882e+15	-2.97725210315e+13	2.98203327227e-10	0.999999999702
919.828008082	3.25930497186e+15	-2.97627127021e+13	2.75826824152e-10	0.999999999724
920.131038385	3.25823157239e+15	-2.9752910833e+13	2.56242964787e-10	0.999999999744
920.434068688	3.25715887969e+15	-2.9743115418e+13	2.38980277948e-10	0.999999999761
920.737098991	3.25608689308e+15	-2.97333264507e+13	2.23601157668e-10	0.999999999776
921.040129294	3.25501561186e+15	-2.97235439247e+13	2.10152525931e-10	0.99999999979
921.343159597	3.25394503532e+15	-2.97137678337e+13	1.97915958511e-10	0.999999999802
921.6461899	3.25287516278e+15	-2.97039981712e+13	1.86893150664e-10	0.999999999813
921.949220203	3.25180599354e+15	-2.96942349311e+13	1.76931009512e-10	0.999999999823
922.252250506	3.25073752691e+15	-2.96844781068e+13	1.67891611176e-10	0.999999999832
922.555280809	3.2496697622e+15	-2.96747276922e+13	1.5961232251e-10	0.99999999984
922.858311112	3.2486026987e+15	-2.96649836809e+13	1.51937601666e-10	0.999999999848
923.161341415	3.24753633574e+15	-2.96552460666e+13	1.45127939336e-10	0.999999999855
