912.0	3.28728070175e+15	-3.04494452414e+13	0.00937271606013	0.990671070935
911.932127928	3.28752536311e+15	-3.04517114922e+13	0.00936992625904	0.990673834714
911.864255856	3.28777006089e+15	-3.04539780804e+13	0.00936713708065	0.990676597884
911.796383785	3.2880147951e+15	-3.04562450061e+13	0.00936434852514	0.990679360445
911.728511713	3.28825956574e+15	-3.04585122692e+13	0.00936156059229	0.990682122396
911.660639641	3.28850437283e+15	-3.046077987e+13	0.009358773282	0.990684883738
911.592767569	3.28874921638e+15	-3.04630478084e+13	0.00935598659418	0.990687644472
911.524895498	3.28899409639e+15	-3.04653160846e+13	0.00935320052862	0.990690404596
911.457023426	3.28923901286e+15	-3.04675846985e+13	0.00935041508545	0.990693164112
911.389151354	3.28948396582e+15	-3.04698536504e+13	0.00934763026447	0.990695923019
911.321279282	3.28972895526e+15	-3.04721229402e+13	0.00934484606558	0.990698681317
911.253407211	3.2899739812e+15	-3.04743925681e+13	0.00934206248863	0.990701439007
911.185535139	3.29021904364e+15	-3.04766625341e+13	0.00933927953366	0.990704196089
911.117663067	3.29046414259e+15	-3.04789328383e+13	0.00933649720051	0.990706952561
911.049790995	3.29070927806e+15	-3.04812034808e+13	0.00933371548904	0.990709708426
910.981918924	3.29095445005e+15	-3.04834744616e+13	0.00933093439923	0.990712463683
910.914046852	3.29119965859e+15	-3.04857457808e+13	0.00932815393098	0.990715218331
910.84617478	3.29144490366e+15	-3.04880174385e+13	0.00932537408417	0.990717972371
910.778302708	3.29169018529e+15	-3.04902894348e+13	0.00932259485872	0.990720725804
910.710430636	3.29193550348e+15	-3.04925617697e+13	0.00931981625453	0.990723478628
910.642558565	3.29218085823e+15	-3.04948344434e+13	0.00931703827151	0.990726230845
910.574686493	3.29242624957e+15	-3.04971074559e+13	0.00931426090957	0.990728982454
910.506814421	3.29267167748e+15	-3.04993808072e+13	0.00931148416861	0.990731733456
910.438942349	3.29291714199e+15	-3.05016544975e+13	0.00930870804855	0.99073448385
910.371070278	3.2931626431e+15	-3.05039285268e+13	0.00930593254928	0.990737233637
910.303198206	3.29340818082e+15	-3.05062028952e+13	0.00930315767072	0.990739982816
910.235326134	3.29365375516e+15	-3.05084776028e+13	0.00930038341277	0.990742731388
910.167454062	3.29389936612e+15	-3.05107526497e+13	0.00929760977535	0.990745479353
910.099581991	3.29414501372e+15	-3.05130280359e+13	0.00929483675835	0.990748226711
910.031709919	3.29439069795e+15	-3.05153037615e+13	0.0092920643617	0.990750973462
909.963837847	3.29463641884e+15	-3.05175798265e+13	0.00928929258528	0.990753719606
909.895965775	3.29488217639e+15	-3.05198562312e+13	0.00928652142902	0.990756465143
909.828093704	3.2951279706e+15	-3.05221329754e+13	0.00928375089281	0.990759210073
909.760221632	3.29537380149e+15	-3.05244100594e+13	0.00928098097658	0.990761954397
909.69234956	3.29561966906e+15	-3.05266874832e+13	0.00927821168021	0.990764698115
909.624477488	3.29586557332e+15	-3.05289652468e+13	0.00927544300363	0.990767441225
909.556605416	3.29611151428e+15	-3.05312433503e+13	0.00927267494674	0.99077018373
909.488733345	3.29635749194e+15	-3.05335217939e+13	0.00926990750944	0.990772925628
909.420861273	3.29660350633e+15	-3.05358005776e+13	0.00926714069165	0.99077566692
909.352989201	3.29684955743e+15	-3.05380797014e+13	0.00926437449327	0.990778407606
909.285117129	3.29709564527e+15	-3.05403591655e+13	0.00926160891421	0.990781147686
909.217245058	3.29734176985e+15	-3.05426389699e+13	0.00925884395438	0.990783887159
909.149372986	3.29758793118e+15	-3.05449191147e+13	0.00925607961368	0.990786626027
909.081500914	3.29783412927e+15	-3.05471995999e+13	0.00925331589202	0.99078936429
909.013628842	3.29808036412e+15	-3.05494804257e+13	0.00925055278931	0.990792101946
908.945756771	3.29832663574e+15	-3.05517615922e+13	0.00924779030546	0.990794838997
908.877884699	3.29857294415e+15	-3.05540430993e+13	0.00924502844037	0.990797575443
908.810012627	3.29881928934e+15	-3.05563249472e+13	0.00924226719396	0.990800311283
908.742140555	3.29906567133e+15	-3.0558607136e+13	0.00923950656612	0.990803046517
908.674268484	3.29931209013e+15	-3.05608896656e+13	0.00923674655678	0.990805781147
908.606396412	3.29955854575e+15	-3.05631725363e+13	0.00923398716582	0.990808515171
908.53852434	3.29980503818e+15	-3.05654557481e+13	0.00923122839317	0.99081124859
908.470652268	3.30005156745e+15	-3.05677393011e+13	0.00922847023873	0.990813981404
908.402780196	3.30029813356e+15	-3.05700231952e+13	0.00922571270241	0.990816713614
908.334908125	3.30054473651e+15	-3.05723074307e+13	0.00922295578412	0.990819445218
908.267036053	3.30079137632e+15	-3.05745920076e+13	0.00922019948376	0.990822176218
908.199163981	3.30103805299e+15	-3.05768769259e+13	0.00921744380123	0.990824906613
908.131291909	3.30128476654e+15	-3.05791621858e+13	0.00921468873646	0.990827636404
908.063419838	3.30153151697e+15	-3.05814477873e+13	0.00921193428935	0.99083036559
907.995547766	3.30177830428e+15	-3.05837337305e+13	0.00920918045979	0.990833094171
907.927675694	3.3020251285e+15	-3.05860200155e+13	0.00920642724771	0.990835822149
907.859803622	3.30227198962e+15	-3.05883066423e+13	0.00920367465301	0.990838549522
907.791931551	3.30251888765e+15	-3.0590593611e+13	0.0092009226756	0.990841276291
907.724059479	3.3027658226e+15	-3.05928809217e+13	0.00919817131538	0.990844002456
907.656187407	3.30301279449e+15	-3.05951685745e+13	0.00919542057226	0.990846728017
907.588315335	3.30325980331e+15	-3.05974565695e+13	0.00919267044615	0.990849452974
907.520443264	3.30350684908e+15	-3.05997449067e+13	0.00918992093696	0.990852177328
907.452571192	3.3037539318e+15	-3.06020335862e+13	0.0091871720446	0.990854901078
907.38469912	3.30400105149e+15	-3.06043226081e+13	0.00918442376897	0.990857624224
907.316827048	3.30424820815e+15	-3.06066119725e+13	0.00918167610998	0.990860346766
907.248954976	3.30449540179e+15	-3.06089016793e+13	0.00917892906754	0.990863068705
907.181082905	3.30474263242e+15	-3.06111917289e+13	0.00917618264155	0.990865790041
907.113210833	3.30498990004e+15	-3.06134821211e+13	0.00917343683194	0.990868510774
907.045338761	3.30523720467e+15	-3.0615772856e+13	0.00917069163859	0.990871230903
906.977466689	3.30548454632e+15	-3.06180639338e+13	0.00916794706142	0.990873950429
906.909594618	3.30573192498e+15	-3.06203553546e+13	0.00916520310034	0.990876669353
906.841722546	3.30597934068e+15	-3.06226471183e+13	0.00916245975526	0.990879387673
906.773850474	3.30622679341e+15	-3.06249392251e+13	0.00915971702608	0.990882105391
906.705978402	3.30647428319e+15	-3.06272316751e+13	0.00915697491271	0.990884822505
906.638106331	3.30672181002e+15	-3.06295244683e+13	0.00915423341506	0.990887539018
906.570234259	3.30696937392e+15	-3.06318176048e+13	0.00915149253303	0.990890254927
906.502362187	3.30721697489e+15	-3.06341110847e+13	0.00914875226654	0.990892970234
906.434490115	3.30746461293e+15	-3.06364049081e+13	0.0091460126155	0.990895684939
906.366618044	3.30771228807e+15	-3.0638699075e+13	0.0091432735798	0.990898399041
906.298745972	3.3079600003e+15	-3.06409935855e+13	0.00914053515936	0.990901112541
906.2308739	3.30820774964e+15	-3.06432884397e+13	0.00913779735409	0.990903825439
906.163001828	3.30845553609e+15	-3.06455836377e+13	0.00913506016389	0.990906537735
906.095129756	3.30870335966e+15	-3.06478791795e+13	0.00913232358867	0.990909249429
906.027257685	3.30895122037e+15	-3.06501750653e+13	0.00912958762835	0.990911960521
905.959385613	3.30919911821e+15	-3.0652471295e+13	0.00912685228282	0.990914671012
905.891513541	3.30944705319e+15	-3.06547678689e+13	0.00912411755199	0.9909173809
905.823641469	3.30969502533e+15	-3.06570647869e+13	0.00912138343578	0.990920090187
905.755769398	3.30994303464e+15	-3.06593620491e+13	0.00911864993409	0.990922798873
905.687897326	3.31019108111e+15	-3.06616596556e+13	0.00911591704683	0.990925506957
905.620025254	3.31043916477e+15	-3.06639576066e+13	0.00911318477391	0.990928214439
905.552153182	3.31068728561e+15	-3.0666255902e+13	0.00911045311523	0.990930921321
905.484281111	3.31093544365e+15	-3.06685545419e+13	0.0091077220707	0.990933627601
905.416409039	3.3111836389e+15	-3.06708535265e+13	0.00910499164024	0.99093633328
905.348536967	3.31143187136e+15	-3.06731528558e+13	0.00910226182374	0.990939038358
905.280664895	3.31168014104e+15	-3.06754525298e+13	0.00909953262112	0.990941742835
906.280664895	3.30802599694e+15	-3.06416048996e+13	0.00913980574968	0.990901835315
906.583695198	3.30692027209e+15	-3.06313627841e+13	0.00915203607804	0.990889716334
906.886725501	3.30581528618e+15	-3.06211275133e+13	0.0091642786767	0.990877585343
907.189755804	3.30471103848e+15	-3.06108990803e+13	0.00917653355387	0.990865442334
907.492786107	3.30360752823e+15	-3.06006774782e+13	0.00918880071775	0.9908532873
907.79581641	3.30250475471e+15	-3.05904627003e+13	0.00920108017655	0.990841120233
908.098846713	3.30140271717e+15	-3.05802547397e+13	0.0092133719385	0.990828941124
908.401877016	3.30030141488e+15	-3.05700535895e+13	0.00922567601179	0.990816749967
908.70490732	3.29920084711e+15	-3.0559859243e+13	0.00923799240465	0.990804546754
909.007937623	3.29810101311e+15	-3.05496716934e+13	0.0092503211253	0.990792331477
909.310967926	3.29700191216e+15	-3.05394909338e+13	0.00926266218197	0.990780104128
909.613998229	3.29590354352e+15	-3.05293169575e+13	0.00927501558287	0.9907678647
909.917028532	3.29480590647e+15	-3.05191497576e+13	0.00928738133625	0.990755613185
910.220058835	3.29370900026e+15	-3.05089893275e+13	0.00929975945032	0.990743349575
910.523089138	3.29261282417e+15	-3.04988356604e+13	0.00931214993333	0.990731073862
910.826119441	3.29151737748e+15	-3.04886887494e+13	0.00932455279351	0.990718786039
911.129149744	3.29042265945e+15	-3.0478548588e+13	0.00933696803916	0.990706486098
911.432180047	3.28932866935e+15	-3.04684151693e+13	0.00934939567848	0.990694174032
911.73521035	3.28823540647e+15	-3.04582884866e+13	0.00936183571975	0.990681849832
912.038240653	3.28714287008e+15	-3.04481685332e+13	0.0093742881712	0.990669513491
912.341270956	3.28605105945e+15	-3.04380553024e+13	0.00938675304111	0.990657165002
912.644301259	3.28495997385e+15	-3.04279487875e+13	0.00939923033749	0.990644804356
912.947331562	3.28386961258e+15	-3.04178489819e+13	0.00941172006904	0.990632431546
913.250361865	3.2827799749e+15	-3.04077558787e+13	0.00942422224354	0.990620046563
913.553392168	3.2816910601e+15	-3.03976694715e+13	0.0094367368698	0.990607649401
913.856422471	3.28060286745e+15	-3.03875897534e+13	0.00944926395548	0.990595240052
914.159452774	3.27951539625e+15	-3.03775167179e+13	0.00946180350957	0.990582818507
914.462483077	3.27842864577e+15	-3.03674503583e+13	0.00947435554007	0.99057038476
914.76551338	3.27734261529e+15	-3.0357390668e+13	0.0094869200547	0.990557938802
915.068543683	3.27625730411e+15	-3.03473376404e+13	0.00949949706293	0.990545480625
915.371573986	3.2751727115e+15	-3.03372912687e+13	0.00951208657191	0.990533010222
915.674604289	3.27408883675e+15	-3.03272515465e+13	0.0095246885908	0.990520527585
915.977634592	3.27300567916e+15	-3.03172184671e+13	0.00953730312932	0.990508032704
916.280664895	3.271923238e+15	-3.0307192024e+13	0.00954993019621	0.990495525572
916.583695198	3.27084151257e+15	-3.02971722105e+13	0.00956256980005	0.99048300618
916.886725501	3.26976050216e+15	-3.02871590201e+13	0.00957522195289	0.990470474517
917.189755804	3.26868020606e+15	-3.02771524462e+13	0.00958788666025	0.990457930578
917.492786107	3.26760062356e+15	-3.02671524823e+13	0.00960056393132	0.990445374354
917.79581641	3.26652175396e+15	-3.02571591217e+13	0.00961325376721	0.990432805844
918.098846713	3.26544359655e+15	-3.02471723581e+13	0.00962595617769	0.99042022504
918.401877016	3.26436615062e+15	-3.02371921848e+13	0.00963867116889	0.990407631936
918.70490732	3.26328941547e+15	-3.02272185953e+13	0.00965139875061	0.990395026522
919.007937623	3.2622133904e+15	-3.02172515831e+13	0.00966413893276	0.990382408789
919.310967926	3.26113807471e+15	-3.02072911418e+13	0.00967689173047	0.990369778723
919.613998229	3.26006346769e+15	-3.01973372647e+13	0.00968965715936	0.990357136309
919.917028532	3.25898956864e+15	-3.01873899455e+13	0.00970243528222	0.990344481485
920.220058835	3.25791637687e+15	-3.01774491776e+13	0.00998944648851	0.990060282307
920.523089138	3.25684389167e+15	-3.01675149546e+13	0.0100182525368	0.990031762993
920.826119441	3.25577211235e+15	-3.015758727e+13	0.0100490618833	0.990001261231
921.129149744	3.25470103821e+15	-3.01476661173e+13	0.0100825472132	0.989968111267
921.432180047	3.25363066856e+15	-3.01377514902e+13	0.0101197319131	0.989931300285
921.73521035	3.2525610027e+15	-3.01278433821e+13	0.0101621842526	0.989889276277
922.038240653	3.25149203994e+15	-3.01179417867e+13	0.0102123184269	0.98983965024
922.341270956	3.25042377958e+15	-3.01080466976e+13	0.010273863768	0.989778732095
922.644301259	3.24935622093e+15	-3.00981581082e+13	0.0103526058336	0.989700797942
922.947331562	3.2482893633e+15	-3.00882760123e+13	0.0104575950738	0.989596895462
923.250361865	3.247223206e+15	-3.00784004034e+13	0.0106032387693	0.989452777408
923.553392168	3.24615774835e+15	-3.00685312752e+13	0.0108133438207	0.989244910219
923.856422471	3.24509298965e+15	-3.00586686212e+13	0.0111303095601	0.988931403163
924.159452774	3.24402892921e+15	-3.00488124351e+13	0.0116393527409	0.988428122482
924.462483077	3.24296556635e+15	-3.00389627105e+13	0.0125338715877	0.987544350232
924.76551338	3.24190290038e+15	-3.00291194411e+13	0.0142622728511	0.985838951561
925.068543683	3.24084093062e+15	-3.00192826206e+13	0.0177321946845	0.982424095527
925.371573986	3.23977965639e+15	-3.00094522425e+13	0.0242690848805	0.976023041376
925.674604289	3.23871907699e+15	-2.99996283007e+13	0.0346953835906	0.965899600317
925.977634592	3.23765919176e+15	-2.99898107887e+13	0.0474323136195	0.953675021758
926.280664895	3.2366e+15	-2.99799997002e+13	0.0574503023816	0.944168812162
926.583695198	3.23554150104e+15	-2.9970195029e+13	0.0587286862854	0.942962573132
926.886725501	3.2344836942e+15	-2.99603967687e+13	0.0493024134583	0.951893220846
927.189755804	3.23342657879e+15	-2.99506049131e+13	0.0334773601223	0.967076805484
927.492786107	3.23237015415e+15	-2.99408194559e+13	0.0182271076681	0.981938001384
927.79581641	3.23131441959e+15	-2.99310403908e+13	0.00791568509071	0.992115561444
928.098846713	3.23025937444e+15	-2.99212677116e+13	0.00273282470181	0.997270906064
928.401877016	3.22920501802e+15	-2.99115014119e+13	0.000748381424597	0.999251898543
928.70490732	3.22815134966e+15	-2.99017414857e+13	0.000162309576188	0.999837703595
929.007937623	3.22709836869e+15	-2.98919879265e+13	2.78485287438e-05	0.999972151859
929.310967926	3.22604607443e+15	-2.98822407282e+13	3.77807069892e-06	0.999996221936
929.613998229	3.22499446621e+15	-2.98724998847e+13	4.05999556004e-07	0.999999594001
929.917028532	3.22394354337e+15	-2.98627653895e+13	3.54218834907e-08	0.999999964578
930.220058835	3.22289330522e+15	-2.98530372367e+13	3.46802859265e-09	0.999999996532
930.523089138	3.22184375111e+15	-2.98433154198e+13	1.0275233506e-09	0.999999998972
930.826119441	3.22079488036e+15	-2.98335999329e+13	7.93441257511e-10	0.999999999207
931.129149744	3.21974669231e+15	-2.98238907697e+13	6.99283481541e-10	0.999999999301
931.432180047	3.21869918629e+15	-2.98141879239e+13	6.26284303476e-10	0.999999999374
931.73521035	3.21765236163e+15	-2.98044913896e+13	5.65718101868e-10	0.999999999434
932.038240653	3.21660621768e+15	-2.97948011604e+13	5.14685309438e-10	0.999999999485
932.341270956	3.21556075376e+15	-2.97851172303e+13	4.71195032813e-10	0.999999999529
932.644301259	3.21451596922e+15	-2.97754395931e+13	4.34217112885e-10	0.999999999566
932.947331562	3.21347186339e+15	-2.97657682426e+13	4.01731649474e-10	0.999999999598
933.250361865	3.21242843561e+15	-2.97561031729e+13	3.73307258942e-10	0.999999999627
933.553392168	3.21138568522e+15	-2.97464443776e+13	3.48263703891e-10	0.999999999652
933.856422471	3.21034361157e+15	-2.97367918508e+13	3.25956019406e-10	0.999999999674
934.159452774	3.20930221398e+15	-2.97271455864e+13	3.06440655764e-10	0.999999999694
934.462483077	3.20826149181e+15	-2.97175055781e+13	2.88694115318e-10	0.999999999711
934.76551338	3.2072214444e+15	-2.97078718201e+13	2.72710945733e-10	0.999999999727
935.068543683	3.20618207109e+15	-2.96982443061e+13	2.58259137158e-10	0.999999999742
935.371573986	3.20514337123e+15	-2.96886230301e+13	2.45152143469e-10	0.999999999755
935.674604289	3.20410534416e+15	-2.96790079861e+13	2.33189664379e-10	0.999999999767
935.977634592	3.20306798923e+15	-2.96693991679e+13	2.22130720213e-10	0.999999999778
936.280664895	3.20203130579e+15	-2.96597965696e+13	2.12161253633e-10	0.999999999788
