912.0	3.28728070175e+15	-3.0035558471e+13	0.000926344685911	0.999074084239
911.80495064	3.28798390258e+15	-3.00419835474e+13	0.000869100897898	0.999131276661
911.60990128	3.28868740433e+15	-3.00484113733e+13	0.000831178775066	0.999169166558
911.41485192	3.28939120718e+15	-3.00548419504e+13	0.000804942123081	0.999195381756
911.219802561	3.29009531133e+15	-3.00612752804e+13	0.000786033931192	0.999214274913
911.024753201	3.29079971699e+15	-3.00677113652e+13	0.000771953446789	0.999228344433
910.829703841	3.29150442433e+15	-3.00741502065e+13	0.000761202905447	0.999239086736
910.634654481	3.29220943355e+15	-3.00805918061e+13	0.000752830644826	0.999247452661
910.439605121	3.29291474485e+15	-3.00870361657e+13	0.000746197212268	0.999254081124
910.244555761	3.29362035842e+15	-3.00934832872e+13	0.000740854383253	0.999259419982
910.049506401	3.29432627446e+15	-3.00999331722e+13	0.000736479024856	0.999263792109
909.854457041	3.29503249316e+15	-3.01063858227e+13	0.000732834044132	0.999267434413
909.659407682	3.29573901472e+15	-3.01128412402e+13	0.000729743587578	0.999270522611
909.464358322	3.29644583932e+15	-3.01192994268e+13	0.000727076358561	0.999273187897
909.269308962	3.29715296717e+15	-3.0125760384e+13	0.00072473393504	0.999275528621
909.074259602	3.29786039846e+15	-3.01322241138e+13	0.000722642352764	0.99927761869
908.879210242	3.29856813338e+15	-3.01386906178e+13	0.000720745935556	0.999279513739
908.684160882	3.29927617214e+15	-3.01451598979e+13	0.000719002716132	0.999281255704
908.489111522	3.29998451492e+15	-3.01516319559e+13	0.000717381014677	0.999282876242
908.294062163	3.30069316193e+15	-3.01581067935e+13	0.000715856872729	0.999284399292
908.099012803	3.30140211335e+15	-3.01645844126e+13	0.000714412125464	0.999285843006
907.903963443	3.30211136939e+15	-3.01710648149e+13	0.000713032953094	0.999287221194
907.708914083	3.30282093024e+15	-3.01775480022e+13	0.000711708792922	0.999288544412
907.513864723	3.3035307961e+15	-3.01840339764e+13	0.000691624453686	0.999308614663
907.318815363	3.30424096716e+15	-3.01905227392e+13	0.00069099288455	0.999309245796
907.123766003	3.30495144363e+15	-3.01970142924e+13	0.000690398895812	0.999309839375
906.928716643	3.30566222569e+15	-3.02035086378e+13	0.000689805290157	0.999310432571
906.733667284	3.30637331355e+15	-3.02100057773e+13	0.00068921206739	0.999311025385
906.538617924	3.3070847074e+15	-3.02165057126e+13	0.000688619227336	0.999311617816
906.343568564	3.30779640744e+15	-3.02230084455e+13	0.000688026769828	0.999312209866
906.148519204	3.30850841387e+15	-3.02295139778e+13	0.000687434694704	0.999312801534
905.953469844	3.30922072688e+15	-3.02360223114e+13	0.000686843001782	0.999313392821
905.758420484	3.30993334668e+15	-3.02425334481e+13	0.000686251690906	0.999313983726
905.563371124	3.31064627347e+15	-3.02490473896e+13	0.000685660761916	0.99931457425
905.368321765	3.31135950743e+15	-3.02555641378e+13	0.000685070214634	0.999315164392
905.173272405	3.31207304877e+15	-3.02620836945e+13	0.000684480048906	0.999315754154
904.978223045	3.31278689769e+15	-3.02686060615e+13	0.000683890264565	0.999316343535
904.783173685	3.31350105439e+15	-3.02751312407e+13	0.000683300861443	0.999316932535
904.588124325	3.31421551907e+15	-3.02816592338e+13	0.000682711839388	0.999317521155
904.393074965	3.31493029191e+15	-3.02881900426e+13	0.000682123198232	0.999318109395
904.198025605	3.31564537314e+15	-3.02947236691e+13	0.000681534937809	0.999318697254
904.002976245	3.31636076294e+15	-3.0301260115e+13	0.000680947057962	0.999319284734
903.807926886	3.31707646151e+15	-3.03077993821e+13	0.000680359558519	0.999319871834
903.612877526	3.31779246906e+15	-3.03143414722e+13	0.000679772439321	0.999320458554
903.417828166	3.31850878578e+15	-3.03208863873e+13	0.0006791857002	0.999321044894
903.222778806	3.31922541188e+15	-3.03274341291e+13	0.00067859934099	0.999321630855
903.027729446	3.31994234755e+15	-3.03339846995e+13	0.000678013361529	0.999322216438
902.832680086	3.320659593e+15	-3.03405381002e+13	0.000677427761651	0.999322801641
902.637630726	3.32137714842e+15	-3.03470943332e+13	0.000676842541193	0.999323386465
902.442581367	3.32209501402e+15	-3.03536534002e+13	0.000676257699988	0.999323970911
902.247532007	3.32281319e+15	-3.03602153031e+13	0.000675673237876	0.999324554978
902.052482647	3.32353167656e+15	-3.03667800438e+13	0.00067508915469	0.999325138667
901.857433287	3.32425047391e+15	-3.0373347624e+13	0.000674505450268	0.999325721977
901.662383927	3.32496958223e+15	-3.03799180457e+13	0.000673922124445	0.99932630491
901.467334567	3.32568900174e+15	-3.03864913107e+13	0.000673339177059	0.999326887465
901.272285207	3.32640873264e+15	-3.03930674207e+13	0.000672756607944	0.999327469642
901.077235847	3.32712877513e+15	-3.03996463777e+13	0.000672174416938	0.999328051442
900.882186488	3.32784912941e+15	-3.04062281836e+13	0.000671592603876	0.999328632864
900.687137128	3.32856979568e+15	-3.041281284e+13	0.000671011168596	0.999329213909
900.492087768	3.32929077415e+15	-3.0419400349e+13	0.000670430110933	0.999329794577
900.297038408	3.33001206502e+15	-3.04259907124e+13	0.000669849430724	0.999330374868
900.101989048	3.33073366849e+15	-3.0432583932e+13	0.000669269127806	0.999330954783
899.906939688	3.33145558477e+15	-3.04391800097e+13	0.000668689202015	0.999331534321
899.711890328	3.33217781406e+15	-3.04457789473e+13	0.000668109653187	0.999332113482
899.516840969	3.33290035656e+15	-3.04523807467e+13	0.00066753048116	0.999332692268
899.321791609	3.33362321248e+15	-3.04589854098e+13	0.00066695168577	0.999333270677
899.126742249	3.33434638203e+15	-3.04655929384e+13	0.000666373266853	0.999333848711
898.931692889	3.33506986539e+15	-3.04722033344e+13	0.000665795224246	0.999334426368
898.736643529	3.33579366279e+15	-3.04788165996e+13	0.000665217557786	0.99933500365
898.541594169	3.33651777442e+15	-3.0485432736e+13	0.00066464026731	0.999335580557
898.346544809	3.33724220049e+15	-3.04920517454e+13	0.000664063352655	0.999336157089
898.151495449	3.3379669412e+15	-3.04986736296e+13	0.000663486813658	0.999336733245
897.95644609	3.33869199676e+15	-3.05052983906e+13	0.000662910650154	0.999337309027
897.76139673	3.33941736738e+15	-3.05119260302e+13	0.000662334861982	0.999337884433
897.56634737	3.34014305325e+15	-3.05185565503e+13	0.000661759448978	0.999338459466
897.37129801	3.34086905459e+15	-3.05251899527e+13	0.00066118441098	0.999339034123
897.17624865	3.3415953716e+15	-3.05318262395e+13	0.000660609747824	0.999339608407
896.98119929	3.34232200449e+15	-3.05384654123e+13	0.000660035459347	0.999340182316
896.78614993	3.34304895346e+15	-3.05451074732e+13	0.000659461545386	0.999340755852
896.59110057	3.34377621872e+15	-3.05517524239e+13	0.000658888005779	0.999341329013
896.396051211	3.34450380047e+15	-3.05584002665e+13	0.000658314840363	0.999341901801
896.201001851	3.34523169893e+15	-3.05650510027e+13	0.000657742048975	0.999342474216
896.005952491	3.34595991429e+15	-3.05717046345e+13	0.000657169631452	0.999343046257
895.810903131	3.34668844677e+15	-3.05783611637e+13	0.000656597587631	0.999343617925
895.615853771	3.34741729657e+15	-3.05850205923e+13	0.000656025917351	0.999344189221
895.420804411	3.34814646391e+15	-3.05916829222e+13	0.000655454620447	0.999344760143
895.225755051	3.34887594898e+15	-3.05983481552e+13	0.000654883696758	0.999345330693
895.030705692	3.349605752e+15	-3.06050162932e+13	0.000654313146121	0.99934590087
894.835656332	3.35033587317e+15	-3.06116873382e+13	0.000653742968374	0.999346470675
894.640606972	3.3510663127e+15	-3.0618361292e+13	0.000653173163353	0.999347040108
894.445557612	3.35179707081e+15	-3.06250381565e+13	0.000652603730897	0.999347609169
894.250508252	3.35252814769e+15	-3.06317179337e+13	0.000652034670843	0.999348177858
894.055458892	3.35325954356e+15	-3.06384006254e+13	0.000651465983029	0.999348746175
893.860409532	3.35399125862e+15	-3.06450862336e+13	0.000650897667292	0.999349314121
893.665360172	3.35472329309e+15	-3.06517747602e+13	0.000650329723469	0.999349881695
893.470310813	3.35545564718e+15	-3.06584662071e+13	0.0006497621514	0.999350448898
893.275261453	3.35618832108e+15	-3.06651605761e+13	0.000649194950921	0.999351015731
893.080212093	3.35692131502e+15	-3.06718578693e+13	0.000648628121869	0.999351582192
892.885162733	3.35765462921e+15	-3.06785580885e+13	0.000648061664084	0.999352148283
892.690113373	3.35838826384e+15	-3.06852612356e+13	0.000647495577403	0.999352714003
893.690113373	3.35463037482e+15	-3.06509257752e+13	0.000650401779126	0.999349809686
893.993143676	3.35349328035e+15	-3.06405362554e+13	0.000651284374611	0.999348927665
894.296173979	3.35235695649e+15	-3.06301537766e+13	0.000652167868053	0.999348044747
894.599204282	3.35122140244e+15	-3.06197783316e+13	0.000653052260062	0.999347160932
894.902234585	3.35008661744e+15	-3.06094099132e+13	0.000653937551246	0.999346276219
895.205264888	3.34895260069e+15	-3.05990485143e+13	0.000654823742214	0.999345390608
895.508295191	3.34781935142e+15	-3.05886941277e+13	0.000655710833576	0.999344504098
895.811325494	3.34668686885e+15	-3.05783467464e+13	0.000656598825942	0.999343616688
896.114355797	3.3455551522e+15	-3.05680063633e+13	0.000657487719921	0.999342728378
896.4173861	3.3444242007e+15	-3.05576729712e+13	0.000658377516123	0.999341839167
896.720416403	3.34329401356e+15	-3.05473465631e+13	0.00065926821516	0.999340949054
897.023446706	3.34216459002e+15	-3.05370271319e+13	0.00066015981764	0.99934005804
897.32647701	3.3410359293e+15	-3.05267146704e+13	0.000661052324176	0.999339166123
897.629507313	3.33990803063e+15	-3.05164091718e+13	0.000661945735378	0.999338273302
897.932537616	3.33878089323e+15	-3.05061106288e+13	0.000662840051857	0.999337379578
898.235567919	3.33765451634e+15	-3.04958190345e+13	0.000663735274224	0.999336484949
898.538598222	3.33652889919e+15	-3.04855343819e+13	0.000664631403091	0.999335589415
898.841628525	3.335404041e+15	-3.04752566639e+13	0.00066552843907	0.999334692976
899.144658828	3.33427994102e+15	-3.04649858734e+13	0.000666426382773	0.99933379563
899.447689131	3.33315659846e+15	-3.04547220036e+13	0.000667325234811	0.999332897377
899.750719434	3.33203401258e+15	-3.04444650474e+13	0.000668224995798	0.999331998217
900.053749737	3.33091218261e+15	-3.04342149978e+13	0.000669125666346	0.999331098148
900.35678004	3.32979110777e+15	-3.04239718479e+13	0.000670027247066	0.999330197171
900.659810343	3.32867078732e+15	-3.04137355907e+13	0.000670929738574	0.999329295284
900.962840646	3.32755122048e+15	-3.04035062192e+13	0.000671833141481	0.999328392488
901.265870949	3.3264324065e+15	-3.03932837265e+13	0.000672737456401	0.999327488781
901.568901252	3.32531434462e+15	-3.03830681056e+13	0.000673642683949	0.999326584162
901.871931555	3.32419703409e+15	-3.03728593497e+13	0.000674548824736	0.999325678632
902.174961858	3.32308047413e+15	-3.03626574518e+13	0.000675455879379	0.99932477219
902.477992161	3.321964664e+15	-3.0352462405e+13	0.00067636384849	0.999323864834
902.781022464	3.32084960295e+15	-3.03422742023e+13	0.000677272732685	0.999322956565
903.084052767	3.31973529021e+15	-3.0332092837e+13	0.000678182532578	0.999322047381
903.38708307	3.31862172504e+15	-3.03219183022e+13	0.000679093248788	0.999321137283
903.690113373	3.31750890669e+15	-3.03117505909e+13	0.000680004881926	0.999320226269
903.993143676	3.31639683439e+15	-3.03015896963e+13	0.000680917432617	0.999319314339
904.296173979	3.31528550741e+15	-3.02914356115e+13	0.000681830901473	0.999318401492
904.599204282	3.31417492499e+15	-3.02812883297e+13	0.000682745289119	0.999317487728
904.902234585	3.31306508639e+15	-3.02711478442e+13	0.00068366059616	0.999316573046
905.205264888	3.31195599085e+15	-3.02610141479e+13	0.000684576823212	0.999315657446
905.508295191	3.31084763764e+15	-3.02508872342e+13	0.000685493970882	0.999314740926
905.811325494	3.30974002601e+15	-3.02407670962e+13	0.000686412039783	0.999313823487
906.114355797	3.30863315521e+15	-3.02306537271e+13	0.000687331030526	0.999312905127
906.4173861	3.3075270245e+15	-3.02205471202e+13	0.000688250943756	0.999311985847
906.720416403	3.30642163313e+15	-3.02104472686e+13	0.000689171780073	0.999311065644
907.023446706	3.30531698038e+15	-3.02003541656e+13	0.00069009354012	0.99931014452
907.32647701	3.30421306549e+15	-3.01902678044e+13	0.000691016224573	0.999309222472
907.629507313	3.30310988773e+15	-3.01801881782e+13	0.000709150775917	0.999291100612
907.932537616	3.30200744636e+15	-3.01701152804e+13	0.000713231336733	0.999287022952
908.235567919	3.30090574064e+15	-3.01600491042e+13	0.000715415967339	0.999284839882
908.538598222	3.29980476984e+15	-3.01499896429e+13	0.000717782391567	0.999282475153
908.841628525	3.29870453323e+15	-3.01399368897e+13	0.000720399244494	0.999279860181
909.144658828	3.29760503006e+15	-3.01298908379e+13	0.000723372182889	0.999276889388
909.447689131	3.2965062596e+15	-3.01198514809e+13	0.000726864670686	0.999273399431
909.750719434	3.29540822113e+15	-3.01098188119e+13	0.000731130575349	0.999269136635
910.053749737	3.29431091391e+15	-3.00997928243e+13	0.000736565707042	0.999263705491
910.35678004	3.29321433721e+15	-3.00897735114e+13	0.000743791877204	0.999256484667
910.659810343	3.2921184903e+15	-3.00797608666e+13	0.000753801488546	0.999246482548
910.962840646	3.29102337245e+15	-3.00697548831e+13	0.000768233657582	0.999232061358
911.265870949	3.28992898294e+15	-3.00597555543e+13	0.000789992376319	0.999210319586
911.568901252	3.28883532104e+15	-3.00497628737e+13	0.000824877338518	0.999175462779
911.871931555	3.28774238603e+15	-3.00397768345e+13	0.000886060865563	0.99911433157
912.174961858	3.28665017717e+15	-3.00297974302e+13	0.00100455403187	0.998995950364
912.477992161	3.28555869375e+15	-3.00198246541e+13	0.00124479137537	0.998755983056
912.781022464	3.28446793504e+15	-3.00098584996e+13	0.00170415733761	0.998297293914
913.084052767	3.28337790033e+15	-2.99998989602e+13	0.00244799297635	0.997555000915
913.38708307	3.28228858889e+15	-2.99899460293e+13	0.00336725910561	0.996638403753
913.690113373	3.2812e+15	-2.99799997002e+13	0.00409363184547	0.995914735644
913.993143676	3.28011213294e+15	-2.99700599665e+13	0.0041806002236	0.995828126321
914.296173979	3.279024987e+15	-2.99601268215e+13	0.00348590816646	0.996520160558
914.599204282	3.27793856146e+15	-2.99502002587e+13	0.00233635409451	0.997666373056
914.902234585	3.2768528556e+15	-2.99402802716e+13	0.00124747560272	0.998753302172
915.205264888	3.27576786872e+15	-2.99303668537e+13	0.000527803595183	0.999472335669
915.508295191	3.27468360008e+15	-2.99204599984e+13	0.000176354005086	0.999823661544
915.811325494	3.27360004899e+15	-2.99105596992e+13	4.64290024737e-05	0.999953572075
916.114355797	3.27251721472e+15	-2.99006659495e+13	9.61608634357e-06	0.99999038396
916.4173861	3.27143509657e+15	-2.9890778743e+13	1.56506510647e-06	0.999998434936
916.720416403	3.27035369384e+15	-2.98808980731e+13	1.9997677814e-07	0.999999800023
917.023446706	3.2692730058e+15	-2.98710239333e+13	2.00494005402e-08	0.999999979951
917.32647701	3.26819303175e+15	-2.98611563172e+13	1.57868356711e-09	0.999999998421
917.629507313	3.26711377098e+15	-2.98512952183e+13	1.056675734e-10	0.999999999894
917.932537616	3.26603522279e+15	-2.98414406301e+13	6.90419360759e-12	0.999999999993
918.235567919	3.26495738648e+15	-2.98315925463e+13	1.83035739216e-12	0.999999999998
918.538598222	3.26388026132e+15	-2.98217509603e+13	1.45855146714e-12	0.999999999999
918.841628525	3.26280384664e+15	-2.98119158657e+13	1.30116377273e-12	0.999999999999
919.144658828	3.26172814171e+15	-2.98020872561e+13	1.17447585643e-12	0.999999999999
919.447689131	3.26065314584e+15	-2.97922651251e+13	1.06785271852e-12	0.999999999999
919.750719434	3.25957885833e+15	-2.97824494664e+13	9.77843863927e-13	0.999999999999
920.053749737	3.25850527848e+15	-2.97726402734e+13	8.99701125525e-13	0.999999999999
920.35678004	3.25743240558e+15	-2.97628375398e+13	8.31707558131e-13	0.999999999999
920.659810343	3.25636023895e+15	-2.97530412593e+13	7.723636742e-13	0.999999999999
920.962840646	3.25528877788e+15	-2.97432514254e+13	7.20028942047e-13	0.999999999999
921.265870949	3.25421802168e+15	-2.97334680319e+13	6.73380399755e-13	0.999999999999
921.568901252	3.25314796965e+15	-2.97236910723e+13	6.3246977378e-13	0.999999999999
921.871931555	3.2520786211e+15	-2.97139205403e+13	5.95198920902e-13	0.999999999999
922.174961858	3.25100997533e+15	-2.97041564296e+13	5.61669474185e-13	0.999999999999
922.477992161	3.24994203165e+15	-2.96943987338e+13	5.31488987871e-13	0.999999999999
922.781022464	3.24887478938e+15	-2.96846474466e+13	5.04184974813e-13	0.999999999999
923.084052767	3.24780824781e+15	-2.96749025618e+13	4.79229000267e-13	1.0
923.38708307	3.24674240626e+15	-2.96651640729e+13	4.56114711851e-13	1.0
923.690113373	3.24567726405e+15	-2.96554319738e+13	4.35164909014e-13	1.0
