912.0	3.28728070175e+15	-3.01836618969e+13	0.00354707433849	0.996459209098
911.850459203	3.28781980613e+15	-3.01886119289e+13	0.00354407721097	0.996462195618
911.700918406	3.28835908737e+15	-3.01935635847e+13	0.00354175290485	0.996464511704
911.551377609	3.28889854554e+15	-3.01985168651e+13	0.00353942974472	0.996466826653
911.401836812	3.28943818073e+15	-3.0203471771e+13	0.00353710772857	0.996469140468
911.252296015	3.28997799305e+15	-3.02084283032e+13	0.00353478685547	0.996471453149
911.102755217	3.29051798256e+15	-3.02133864623e+13	0.00353246712491	0.996473764697
910.95321442	3.29105814936e+15	-3.02183462494e+13	0.00353014853647	0.996476075112
910.803673623	3.29159849353e+15	-3.0223307665e+13	0.00352783108956	0.996478384395
910.654132826	3.29213901517e+15	-3.02282707102e+13	0.0035255147842	0.996480692546
910.504592029	3.29267971435e+15	-3.02332353856e+13	0.00352319961931	0.996482999566
910.355051232	3.29322059118e+15	-3.0238201692e+13	0.00352088559516	0.996485305454
910.205510435	3.29376164573e+15	-3.02431696303e+13	0.00351857271075	0.996487610212
910.055969638	3.29430287809e+15	-3.02481392013e+13	0.00351626096623	0.99648991384
909.906428841	3.29484428835e+15	-3.02531104058e+13	0.00351395036093	0.996492216337
909.756888044	3.2953858766e+15	-3.02580832445e+13	0.0035116408943	0.996494517706
909.607347247	3.29592764293e+15	-3.02630577183e+13	0.00350933256637	0.996496817944
909.45780645	3.29646958742e+15	-3.0268033828e+13	0.00350702537658	0.996499117054
909.308265652	3.29701171016e+15	-3.02730115744e+13	0.00350471932446	0.996501415036
909.158724855	3.29755401124e+15	-3.02779909583e+13	0.00350241440996	0.996503711889
909.009184058	3.29809649075e+15	-3.02829719806e+13	0.00350011063261	0.996506007614
908.859643261	3.29863914877e+15	-3.02879546419e+13	0.00349780799205	0.996508302212
908.710102464	3.2991819854e+15	-3.02929389432e+13	0.00349550648781	0.996510595683
908.560561667	3.29972500072e+15	-3.02979248852e+13	0.00349320611976	0.996512888027
908.41102087	3.30026819482e+15	-3.03029124688e+13	0.00349090688739	0.996515179244
908.261480073	3.30081156779e+15	-3.03079016947e+13	0.00348860879022	0.996517469335
908.111939276	3.30135511971e+15	-3.03128925638e+13	0.00348631182806	0.996519758301
907.962398479	3.30189885068e+15	-3.03178850769e+13	0.00348401600041	0.996522046141
907.812857682	3.30244276079e+15	-3.03228792348e+13	0.00348172130689	0.996524332856
907.663316885	3.30298685011e+15	-3.03278750383e+13	0.00347942774704	0.996526618447
907.513776087	3.30353111875e+15	-3.03328724882e+13	0.00347713532062	0.996528902914
907.36423529	3.30407556679e+15	-3.03378715854e+13	0.00347484402718	0.996531186257
907.214694493	3.30462019431e+15	-3.03428723306e+13	0.00347255386633	0.996533468476
907.065153696	3.30516500142e+15	-3.03478747247e+13	0.00347026483767	0.996535749572
906.915612899	3.30570998818e+15	-3.03528787684e+13	0.0034679769409	0.996538029546
906.766072102	3.30625515471e+15	-3.03578844627e+13	0.00346569017561	0.996540308397
906.616531305	3.30680050107e+15	-3.03628918083e+13	0.00346340454142	0.996542586126
906.466990508	3.30734602737e+15	-3.0367900806e+13	0.00346112003791	0.996544862734
906.317449711	3.30789173369e+15	-3.03729114567e+13	0.0034588366648	0.99654713822
906.167908914	3.30843762013e+15	-3.03779237611e+13	0.00345655442167	0.996549412585
906.018368117	3.30898368676e+15	-3.03829377202e+13	0.00345427330815	0.99655168583
905.868827319	3.30952993368e+15	-3.03879533346e+13	0.00345199332382	0.996553957955
905.719286522	3.31007636098e+15	-3.03929706053e+13	0.0034497144684	0.99655622896
905.569745725	3.31062296875e+15	-3.0397989533e+13	0.00344743674145	0.996558498846
905.420204928	3.31116975707e+15	-3.04030101186e+13	0.00344516014263	0.996560767612
905.270664131	3.31171672604e+15	-3.04080323628e+13	0.00344288467152	0.99656303526
905.121123334	3.31226387575e+15	-3.04130562666e+13	0.0034406103278	0.99656530179
904.971582537	3.31281120629e+15	-3.04180818308e+13	0.00343833711109	0.996567567201
904.82204174	3.31335871774e+15	-3.0423109056e+13	0.003436065021	0.996569831495
904.672500943	3.31390641019e+15	-3.04281379433e+13	0.00343379405714	0.996572094672
904.522960146	3.31445428374e+15	-3.04331684934e+13	0.00343152421918	0.996574356731
904.373419349	3.31500233848e+15	-3.04382007071e+13	0.00342925550673	0.996576617674
904.223878552	3.31555057449e+15	-3.04432345853e+13	0.0034269879194	0.996578877502
904.074337754	3.31609899187e+15	-3.04482701287e+13	0.00342472145685	0.996581136213
903.924796957	3.3166475907e+15	-3.04533073383e+13	0.00342245611869	0.996583393809
903.77525616	3.31719637107e+15	-3.04583462148e+13	0.00342019190454	0.996585650289
903.625715363	3.31774533308e+15	-3.0463386759e+13	0.00341792881404	0.996587905655
903.476174566	3.31829447682e+15	-3.04684289719e+13	0.00341566684682	0.996590159907
903.326633769	3.31884380237e+15	-3.04734728542e+13	0.00341340600251	0.996592413045
903.177092972	3.31939330983e+15	-3.04785184067e+13	0.00341114628073	0.996594665069
903.027552175	3.31994299928e+15	-3.04835656303e+13	0.0034088876811	0.99659691598
902.878011378	3.32049287082e+15	-3.04886145258e+13	0.00340663020328	0.996599165778
902.728470581	3.32104292454e+15	-3.04936650941e+13	0.00340437384687	0.996601414463
902.578929784	3.32159316052e+15	-3.04987173359e+13	0.0034021186115	0.996603662037
902.429388986	3.32214357886e+15	-3.05037712522e+13	0.00339986449682	0.996605908498
902.279848189	3.32269417966e+15	-3.05088268437e+13	0.00339761150243	0.996608153848
902.130307392	3.32324496299e+15	-3.05138841112e+13	0.00339535962798	0.996610398087
901.980766595	3.32379592895e+15	-3.05189430557e+13	0.00339310887309	0.996612641215
901.831225798	3.32434707763e+15	-3.05240036779e+13	0.00339085923739	0.996614883233
901.681685001	3.32489840913e+15	-3.05290659786e+13	0.00338861072051	0.996617124141
901.532144204	3.32544992353e+15	-3.05341299588e+13	0.00338636332207	0.99661936394
901.382603407	3.32600162092e+15	-3.05391956192e+13	0.00338411704172	0.996621602629
901.23306261	3.3265535014e+15	-3.05442629607e+13	0.00338187187907	0.996623840209
901.083521813	3.32710556505e+15	-3.05493319841e+13	0.00337962783375	0.99662607668
900.933981016	3.32765781197e+15	-3.05544026903e+13	0.0033773849054	0.996628312044
900.784440219	3.32821024226e+15	-3.05594750801e+13	0.00337514309365	0.996630546299
900.634899421	3.32876285599e+15	-3.05645491543e+13	0.00337290239811	0.996632779447
900.485358624	3.32931565326e+15	-3.05696249137e+13	0.00337066281843	0.996635011488
900.335817827	3.32986863417e+15	-3.05747023593e+13	0.00336842435423	0.996637242423
900.18627703	3.3304217988e+15	-3.05797814919e+13	0.00336618700515	0.996639472251
900.036736233	3.33097514724e+15	-3.05848623122e+13	0.0033639507708	0.996641700972
899.887195436	3.3315286796e+15	-3.05899448211e+13	0.00336171565083	0.996643928589
899.737654639	3.33208239595e+15	-3.05950290196e+13	0.00335948164486	0.9966461551
899.588113842	3.3326362964e+15	-3.06001149083e+13	0.00335724875251	0.996648380506
899.438573045	3.33319038103e+15	-3.06052024883e+13	0.00335501697343	0.996650604807
899.289032248	3.33374464993e+15	-3.06102917602e+13	0.00335278630724	0.996652828004
899.139491451	3.33429910321e+15	-3.06153827249e+13	0.00335055675357	0.996655050098
898.989950654	3.33485374094e+15	-3.06204753834e+13	0.00334832831204	0.996657271088
898.840409856	3.33540856322e+15	-3.06255697364e+13	0.0033461009823	0.996659490975
898.690869059	3.33596357014e+15	-3.06306657848e+13	0.00334387476397	0.996661709759
898.541328262	3.3365187618e+15	-3.06357635294e+13	0.00334164965668	0.996663927441
898.391787465	3.33707413829e+15	-3.06408629711e+13	0.00333942566006	0.99666614402
898.242246668	3.33762969969e+15	-3.06459641107e+13	0.00333720277374	0.996668359498
898.092705871	3.33818544611e+15	-3.06510669491e+13	0.00333498099736	0.996670573875
897.943165074	3.33874137764e+15	-3.06561714872e+13	0.00333276033053	0.996672787151
897.793624277	3.33929749436e+15	-3.06612777257e+13	0.0033305407729	0.996674999326
897.64408348	3.33985379637e+15	-3.06663856655e+13	0.00332832232409	0.996677210401
897.494542683	3.34041028376e+15	-3.06714953075e+13	0.00332610498374	0.996679420376
897.345001886	3.34096695663e+15	-3.06766066525e+13	0.00332388875147	0.996681629251
897.195461088	3.34152381507e+15	-3.06817197014e+13	0.00332167362692	0.996683837028
898.195461088	3.33780355154e+15	-3.06475604105e+13	0.00333650754584	0.99666905241
898.498491392	3.33667783388e+15	-3.0637224122e+13	0.00334101246583	0.996664562506
898.801521695	3.33555287529e+15	-3.06268948033e+13	0.00334552194615	0.996660068077
899.104551998	3.334428675e+15	-3.06165724472e+13	0.00335003598989	0.99665556912
899.407582301	3.33330523224e+15	-3.06062570469e+13	0.00335455460011	0.996651065632
899.710612604	3.33218254626e+15	-3.05959485951e+13	0.00335907777991	0.99664655761
900.013642907	3.33106061628e+15	-3.0585647085e+13	0.00336360553235	0.996642045052
900.31667321	3.32993944154e+15	-3.05753525094e+13	0.00336813786052	0.996637527953
900.619703513	3.32881902129e+15	-3.05650648615e+13	0.00337267476749	0.996633006311
900.922733816	3.32769935475e+15	-3.05547841342e+13	0.00337721625637	0.996628480124
901.225764119	3.32658044117e+15	-3.05445103205e+13	0.00338176233022	0.996623949388
901.528794422	3.3254622798e+15	-3.05342434135e+13	0.00338631299213	0.996619414099
901.831824725	3.32434486986e+15	-3.05239834062e+13	0.00339086824519	0.996614874256
902.134855028	3.32322821061e+15	-3.05137302916e+13	0.00339542809248	0.996610329855
902.437885331	3.32211230128e+15	-3.05034840628e+13	0.0033999925371	0.996605780892
902.740915634	3.32099714113e+15	-3.04932447129e+13	0.00340456158212	0.996601227366
903.043945937	3.31988272939e+15	-3.0483012235e+13	0.00340913523065	0.996596669273
903.34697624	3.31876906532e+15	-3.0472786622e+13	0.00341371348579	0.996592106609
903.650006543	3.31765614817e+15	-3.04625678672e+13	0.0034182963506	0.996587539373
903.953036846	3.31654397717e+15	-3.04523559636e+13	0.0034228838282	0.996582967561
904.256067149	3.31543255159e+15	-3.04421509044e+13	0.00342747592166	0.996578391169
904.559097452	3.31432187067e+15	-3.04319526826e+13	0.00343207263411	0.996573810195
904.862127755	3.31321193367e+15	-3.04217612914e+13	0.00343667396862	0.996569224636
905.165158058	3.31210273983e+15	-3.04115767239e+13	0.00344127992828	0.996564634489
905.468188361	3.31099428841e+15	-3.04013989733e+13	0.00344589051622	0.996560039751
905.771218664	3.30988657867e+15	-3.03912280327e+13	0.0034505057355	0.996555440418
906.074248967	3.30877960986e+15	-3.03810638953e+13	0.00345512558928	0.996550836489
906.37727927	3.30767338124e+15	-3.03709065543e+13	0.00345975008059	0.996546227959
906.680309573	3.30656789206e+15	-3.03607560029e+13	0.00346437921262	0.996541614825
906.983339876	3.30546314159e+15	-3.03506122343e+13	0.00346901298838	0.996536997085
907.286370179	3.30435912909e+15	-3.03404752416e+13	0.00347365141109	0.996532374736
907.589400482	3.30325585381e+15	-3.0330345018e+13	0.00347829448377	0.996527747775
907.892430785	3.30215331502e+15	-3.03202215569e+13	0.00348294220968	0.996523116198
908.195461088	3.30105151198e+15	-3.03101048514e+13	0.00348759459187	0.996518480002
908.498491392	3.29995044396e+15	-3.02999948948e+13	0.00349225163374	0.996513839185
908.801521695	3.29885011021e+15	-3.02898916802e+13	0.00349691333834	0.996509193742
909.104551998	3.29775051001e+15	-3.02797952011e+13	0.00350157970903	0.996504543672
909.407582301	3.29665164262e+15	-3.02697054506e+13	0.00350625074869	0.996499888971
909.710612604	3.29555350731e+15	-3.0259622422e+13	0.00351092645997	0.996495229636
910.013642907	3.29445610334e+15	-3.02495461087e+13	0.00351560684605	0.996490565664
910.31667321	3.29335943e+15	-3.02394765038e+13	0.00352029190982	0.996485897053
910.619703513	3.29226348654e+15	-3.02294136007e+13	0.00352498165449	0.9964812238
910.922733816	3.29116827224e+15	-3.02193573927e+13	0.00352967608331	0.996476545901
911.225764119	3.29007378638e+15	-3.02093078732e+13	0.00353437519982	0.996471863352
911.528794422	3.28898002822e+15	-3.01992650354e+13	0.00353907900779	0.996467176151
911.831824725	3.28788699704e+15	-3.01892288727e+13	0.003543787513	0.996462484291
912.134855028	3.28679469212e+15	-3.01791993785e+13	0.00364661097984	0.996360029831
912.437885331	3.28570311273e+15	-3.01691765461e+13	0.00365822365025	0.996348459498
912.740915634	3.28461225814e+15	-3.01591603688e+13	0.0036694440497	0.996337280133
913.043945937	3.28352212765e+15	-3.01491508401e+13	0.003681612599	0.996325156227
913.34697624	3.28243272052e+15	-3.01391479533e+13	0.00369508903059	0.99631172941
913.650006543	3.28134403604e+15	-3.01291517018e+13	0.00371042617537	0.99629644895
913.953036846	3.28025607349e+15	-3.01191620791e+13	0.00372847788539	0.996278464258
914.256067149	3.27916883215e+15	-3.01091790784e+13	0.00375056753167	0.996256457062
914.559097452	3.2780823113e+15	-3.00992026933e+13	0.00377875485359	0.996228375656
914.862127755	3.27699651024e+15	-3.00892329172e+13	0.00381627042874	0.996191002277
915.165158058	3.27591142823e+15	-3.00792697435e+13	0.00386826547936	0.996139206622
915.468188361	3.27482706457e+15	-3.00693131656e+13	0.00394324866172	0.996064515734
915.771218664	3.27374341855e+15	-3.0059363177e+13	0.00405632169399	0.995951894067
916.074248967	3.27266048945e+15	-3.00494197712e+13	0.0042377195937	0.99577124687
916.37727927	3.27157827657e+15	-3.00394829416e+13	0.00455609858958	0.995454264683
916.680309573	3.27049677918e+15	-3.00295526817e+13	0.00517222707557	0.99484112586
916.983339876	3.26941599659e+15	-3.0019628985e+13	0.00641701555454	0.99360352952
917.286370179	3.26833592809e+15	-3.0009711845e+13	0.00878442811663	0.991254042243
917.589400482	3.26725657295e+15	-2.99998012552e+13	0.0125969215719	0.987482087539
917.892430785	3.2661779305e+15	-2.99898972091e+13	0.0172887084219	0.982859883743
918.195461088	3.2651e+15	-2.99799997002e+13	0.0209896707531	0.979229079216
918.498491392	3.26402278076e+15	-2.99701087221e+13	0.0214432438447	0.978785027968
918.801521695	3.26294627209e+15	-2.99602242682e+13	0.0179240986448	0.982235582541
919.104551998	3.26187047326e+15	-2.99503463323e+13	0.0120704095545	0.988002145622
919.407582301	3.26079538359e+15	-2.99404749077e+13	0.00649086342663	0.993530156723
919.710612604	3.25972100236e+15	-2.9930609988e+13	0.00277249965249	0.997231340175
920.013642907	3.25864732889e+15	-2.99207515669e+13	0.000937475198334	0.999062964094
920.31667321	3.25757436247e+15	-2.9910899638e+13	0.000250379250562	0.999749652092
920.619703513	3.2565021024e+15	-2.99010541947e+13	5.2735285007e-05	0.999947266105
920.922733816	3.25543054799e+15	-2.98912152307e+13	8.74953629957e-06	0.999991250502
921.225764119	3.25435969853e+15	-2.98813827396e+13	1.14259265141e-06	0.999998857408
921.528794422	3.25328955335e+15	-2.98715567151e+13	1.17453823785e-07	0.999999882546
921.831824725	3.25222011173e+15	-2.98617371507e+13	9.5729258925e-09	0.999999990427
922.134855028	3.25115137298e+15	-2.98519240401e+13	7.25545111384e-10	0.999999999274
922.437885331	3.25008333642e+15	-2.98421173768e+13	1.06121648718e-10	0.999999999894
922.740915634	3.24901600136e+15	-2.98323171547e+13	6.61709343194e-11	0.999999999934
923.043945937	3.24794936709e+15	-2.98225233673e+13	5.76372996571e-11	0.999999999942
923.34697624	3.24688343293e+15	-2.98127360082e+13	5.1611779183e-11	0.999999999948
923.650006543	3.24581819819e+15	-2.98029550712e+13	4.66286922009e-11	0.999999999953
923.953036846	3.24475366219e+15	-2.979318055e+13	4.24309458993e-11	0.999999999958
924.256067149	3.24368982424e+15	-2.97834124381e+13	3.88865903127e-11	0.999999999961
924.559097452	3.24262668364e+15	-2.97736507294e+13	3.58052284406e-11	0.999999999964
924.862127755	3.24156423972e+15	-2.97638954176e+13	3.31306115729e-11	0.999999999967
925.165158058	3.24050249178e+15	-2.97541464962e+13	3.07888844647e-11	0.999999999969
925.468188361	3.23944143916e+15	-2.97444039592e+13	2.87249560548e-11	0.999999999971
925.771218664	3.23838108115e+15	-2.97346678001e+13	2.68867351435e-11	0.999999999973
926.074248967	3.23732141709e+15	-2.97249380128e+13	2.52802173538e-11	0.999999999975
926.37727927	3.23626244629e+15	-2.9715214591e+13	2.38158863893e-11	0.999999999976
926.680309573	3.23520416807e+15	-2.97054975284e+13	2.2497936404e-11	0.999999999978
926.983339876	3.23414658175e+15	-2.96957868188e+13	2.13063477491e-11	0.999999999979
927.286370179	3.23308968665e+15	-2.9686082456e+13	2.02255208497e-11	0.99999999998
927.589400482	3.2320334821e+15	-2.96763844337e+13	1.92368039562e-11	0.999999999981
927.892430785	3.23097796742e+15	-2.96666927458e+13	1.83180068963e-11	0.999999999982
928.195461088	3.22992314193e+15	-2.9657007386e+13	1.75017218982e-11	0.999999999982
