912.0	3.28728070175e+15	-3.00777252201e+13	0.00129920200861	0.998701641589
911.817907451	3.28793718077e+15	-3.00837318248e+13	0.00128760803941	0.998713220572
911.635814903	3.28859392204e+15	-3.0089740829e+13	0.00127827476938	0.998722541876
911.453722354	3.28925092571e+15	-3.00957522342e+13	0.00127066110196	0.998730145846
911.271629806	3.28990819196e+15	-3.01017660418e+13	0.00126436522618	0.998736433747
911.089537257	3.29056572093e+15	-3.01077822533e+13	0.00125908492686	0.998741707388
910.907444709	3.29122351279e+15	-3.01138008701e+13	0.00125459099309	0.998746195677
910.72535216	3.29188156768e+15	-3.01198218937e+13	0.00125070871175	0.998750073098
910.543259612	3.29253988578e+15	-3.01258453254e+13	0.00124730444295	0.998753473118
910.361167063	3.29319846723e+15	-3.01318711668e+13	0.001244275807	0.998756497983
910.179074515	3.2938573122e+15	-3.01378994193e+13	0.00124154417548	0.998759226222
909.996981966	3.29451642084e+15	-3.01439300843e+13	0.00123904916545	0.998761718139
909.814889418	3.29517579331e+15	-3.01499631633e+13	0.00123674431767	0.998764020135
909.632796869	3.29583542977e+15	-3.01559986578e+13	0.00123459384531	0.998766167952
909.450704321	3.29649533037e+15	-3.01620365691e+13	0.00123257010911	0.998768189193
909.268611772	3.29715549529e+15	-3.01680768988e+13	0.00123065171632	0.998770105225
909.086519224	3.29781592467e+15	-3.01741196482e+13	0.0012288220499	0.998771932643
908.904426675	3.29847661868e+15	-3.01801648189e+13	0.00121813716573	0.998782604462
908.722334127	3.29913757747e+15	-3.01862124123e+13	0.00119320326444	0.99880750832
908.540241578	3.2997988012e+15	-3.01922624298e+13	0.00119258009596	0.998808130745
908.35814903	3.30046029003e+15	-3.0198314873e+13	0.00119195818743	0.998808751913
908.176056481	3.30112204413e+15	-3.02043697432e+13	0.00119133654471	0.998809372815
907.993963933	3.30178406365e+15	-3.0210427042e+13	0.00119071513803	0.998809993482
907.811871384	3.30244634874e+15	-3.02164867707e+13	0.00119009395448	0.998810613926
907.629778836	3.30310889958e+15	-3.0222548931e+13	0.0011894729927	0.99881123415
907.447686287	3.30377171632e+15	-3.02286135241e+13	0.00118885225896	0.998811854146
907.265593739	3.30443479913e+15	-3.02346805516e+13	0.00118823172537	0.998812473942
907.08350119	3.30509814815e+15	-3.0240750015e+13	0.00118761141558	0.998813093516
906.901408642	3.30576176355e+15	-3.02468219157e+13	0.00118699130533	0.99881371289
906.719316093	3.3064256455e+15	-3.02528962552e+13	0.00118637141391	0.998814332046
906.537223545	3.30708979415e+15	-3.02589730349e+13	0.00118575172303	0.998814951003
906.355130996	3.30775420966e+15	-3.02650522564e+13	0.00118513224961	0.998815569742
906.173038448	3.3084188922e+15	-3.02711339211e+13	0.00118451298159	0.998816188277
905.990945899	3.30908384192e+15	-3.02772180304e+13	0.00118389393415	0.998816806592
905.808853351	3.30974905899e+15	-3.02833045859e+13	0.00118327510372	0.99881742469
905.626760802	3.31041454356e+15	-3.0289393589e+13	0.00118265648773	0.998818042575
905.444668254	3.31108029581e+15	-3.02954850412e+13	0.00118203809658	0.998818660235
905.262575705	3.31174631588e+15	-3.0301578944e+13	0.0011814199254	0.998819277676
905.080483157	3.31241260395e+15	-3.03076752988e+13	0.00118080196978	0.998819894903
904.898390608	3.31307916018e+15	-3.03137741072e+13	0.00118018423566	0.998820511908
904.71629806	3.31374598471e+15	-3.03198753706e+13	0.0011795667181	0.998821128697
904.534205511	3.31441307773e+15	-3.03259790905e+13	0.00117894941602	0.998821745272
904.352112963	3.31508043939e+15	-3.03320852684e+13	0.00117833232592	0.998822361635
904.170020414	3.31574806985e+15	-3.03381939058e+13	0.00117771545268	0.998822977782
903.987927866	3.31641596927e+15	-3.03443050041e+13	0.00117709879314	0.998823593716
903.805835317	3.31708413782e+15	-3.03504185648e+13	0.00117648234496	0.998824209439
903.623742769	3.31775257566e+15	-3.03565345895e+13	0.00117586611223	0.998824824947
903.44165022	3.31842128296e+15	-3.03626530796e+13	0.00117525009265	0.998825440243
903.259557672	3.31909025987e+15	-3.03687740367e+13	0.00117463428446	0.998826055328
903.077465123	3.31975950656e+15	-3.03748974621e+13	0.00117401869096	0.998826670199
902.895372575	3.32042902319e+15	-3.03810233574e+13	0.00117340331037	0.998827284858
902.713280026	3.32109880993e+15	-3.03871517241e+13	0.00117278814262	0.998827899305
902.531187478	3.32176886693e+15	-3.03932825637e+13	0.00117217318637	0.99882851354
902.349094929	3.32243919437e+15	-3.03994158777e+13	0.00117155844418	0.998829127562
902.167002381	3.32310979241e+15	-3.04055516676e+13	0.00117094391467	0.998829741373
901.984909832	3.32378066121e+15	-3.04116899349e+13	0.00117032959678	0.998830354972
901.802817283	3.32445180093e+15	-3.0417830681e+13	0.00116971549253	0.998830968358
901.620724735	3.32512321174e+15	-3.04239739076e+13	0.00116910159999	0.998831581533
901.438632186	3.3257948938e+15	-3.0430119616e+13	0.00116848792081	0.998832194495
901.256539638	3.32646684728e+15	-3.04362678078e+13	0.00116787445409	0.998832807246
901.074447089	3.32713907234e+15	-3.04424184846e+13	0.00116726119914	0.998833419785
900.892354541	3.32781156915e+15	-3.04485716477e+13	0.00116664815723	0.998834032112
900.710261992	3.32848433787e+15	-3.04547272987e+13	0.00116603532715	0.998834644228
900.528169444	3.32915737867e+15	-3.04608854392e+13	0.00116542270988	0.998835256131
900.346076895	3.3298306917e+15	-3.04670460706e+13	0.00116481030449	0.998835867824
900.163984347	3.33050427715e+15	-3.04732091944e+13	0.00116419811167	0.998836479304
899.981891798	3.33117813516e+15	-3.04793748122e+13	0.00116358613079	0.998837090573
899.79979925	3.33185226591e+15	-3.04855429255e+13	0.00116297436209	0.998837701631
899.617706701	3.33252666957e+15	-3.04917135358e+13	0.00116236280568	0.998838312476
899.435614153	3.33320134629e+15	-3.04978866446e+13	0.00116175146131	0.998838923111
899.253521604	3.33387629625e+15	-3.05040622534e+13	0.00116114032894	0.998839533534
899.071429056	3.33455151961e+15	-3.05102403637e+13	0.00116052940855	0.998840143745
898.889336507	3.33522701654e+15	-3.05164209771e+13	0.00115991870007	0.998840753746
898.707243959	3.3359027872e+15	-3.05226040951e+13	0.00115930820348	0.998841363535
898.52515141	3.33657883176e+15	-3.05287897192e+13	0.00115869791874	0.998841973112
898.343058862	3.33725515039e+15	-3.05349778509e+13	0.0011580878458	0.998842582479
898.160966313	3.33793174324e+15	-3.05411684918e+13	0.00115747798463	0.998843191635
897.978873765	3.3386086105e+15	-3.05473616433e+13	0.00115686833518	0.998843800579
897.796781216	3.33928575233e+15	-3.05535573071e+13	0.00115625889742	0.998844409312
897.614688668	3.33996316888e+15	-3.05597554846e+13	0.00115564967129	0.998845017835
897.432596119	3.34064086034e+15	-3.05659561774e+13	0.00115504065678	0.998845626146
897.250503571	3.34131882687e+15	-3.05721593869e+13	0.00115443185382	0.998846234246
897.068411022	3.34199706863e+15	-3.05783651148e+13	0.0011538232624	0.998846842136
896.886318474	3.3426755858e+15	-3.05845733626e+13	0.00115321488245	0.998847449814
896.704225925	3.34335437854e+15	-3.05907841318e+13	0.00115260671395	0.998848057282
896.522133377	3.34403344701e+15	-3.05969974239e+13	0.00115199875685	0.998848664539
896.340040828	3.3447127914e+15	-3.06032132405e+13	0.00115139101111	0.998849271585
896.15794828	3.34539241186e+15	-3.06094315831e+13	0.0011507834767	0.998849878421
895.975855731	3.34607230856e+15	-3.06156524532e+13	0.00115017615357	0.998850485046
895.793763183	3.34675248167e+15	-3.06218758525e+13	0.00114956904168	0.99885109146
895.611670634	3.34743293137e+15	-3.06281017824e+13	0.001148962141	0.998851697663
895.429578086	3.34811365781e+15	-3.06343302444e+13	0.00114835545148	0.998852303656
895.247485537	3.34879466118e+15	-3.06405612402e+13	0.00114774897308	0.998852909439
895.065392989	3.34947594163e+15	-3.06467947713e+13	0.00114714270576	0.998853515011
894.88330044	3.35015749934e+15	-3.06530308392e+13	0.00114653664948	0.998854120373
894.701207892	3.35083933447e+15	-3.06592694455e+13	0.00114593080421	0.998854725524
894.519115343	3.3515214472e+15	-3.06655105917e+13	0.0011453251699	0.998855330465
894.337022795	3.35220383769e+15	-3.06717542793e+13	0.00114471974651	0.998855935195
894.154930246	3.35288650612e+15	-3.067800051e+13	0.001144114534	0.998856539715
893.972837698	3.35356945265e+15	-3.06842492853e+13	0.00114350953234	0.998857144026
894.972837698	3.34982233395e+15	-3.0649964167e+13	0.00114683462881	0.998853822735
895.275868001	3.34868849609e+15	-3.06395898585e+13	0.00114784348997	0.99885281503
895.578898304	3.34755542552e+15	-3.06292225706e+13	0.00114885293572	0.998851806743
895.881928607	3.34642312147e+15	-3.06188622961e+13	0.00114986296625	0.998850797873
896.18495891	3.34529158317e+15	-3.06085090279e+13	0.00115087358174	0.998849788419
896.487989213	3.34416080982e+15	-3.0598162759e+13	0.00115188478238	0.998848778382
896.791019516	3.34303080066e+15	-3.05878234821e+13	0.00115289656835	0.998847767762
897.094049819	3.34190155492e+15	-3.05774911903e+13	0.00115390893983	0.998846756557
897.397080122	3.34077307182e+15	-3.05671658765e+13	0.00115492189701	0.998845744769
897.700110425	3.33964535058e+15	-3.05568475335e+13	0.00115593544008	0.998844732396
898.003140728	3.33851839045e+15	-3.05465361543e+13	0.00115694956923	0.998843719439
898.306171031	3.33739219064e+15	-3.0536231732e+13	0.00115796428462	0.998842705897
898.609201334	3.33626675038e+15	-3.05259342594e+13	0.00115897958646	0.998841691771
898.912231637	3.33514206892e+15	-3.05156437295e+13	0.00115999547493	0.99884067706
899.21526194	3.33401814548e+15	-3.05053601352e+13	0.0011610119502	0.998839661763
899.518292243	3.33289497929e+15	-3.04950834697e+13	0.00116202901248	0.998838645882
899.821322546	3.3317725696e+15	-3.04848137259e+13	0.00116304666193	0.998837629415
900.124352849	3.33065091563e+15	-3.04745508968e+13	0.00116406489895	0.998836612362
900.427383152	3.32953001663e+15	-3.04642949753e+13	0.00116508372397	0.998835594723
900.730413455	3.32840987183e+15	-3.04540459547e+13	0.00116610313613	0.998834576498
901.033443758	3.32729048047e+15	-3.04438038278e+13	0.00116712313675	0.998833557687
901.336474061	3.32617184179e+15	-3.04335685877e+13	0.00116814372565	0.998832538289
901.639504364	3.32505395503e+15	-3.04233402275e+13	0.00116916490307	0.998831518304
901.942534667	3.32393681944e+15	-3.04131187403e+13	0.00117018666823	0.998830497733
902.24556497	3.32282043426e+15	-3.04029041191e+13	0.00117120902316	0.998829476574
902.548595273	3.32170479872e+15	-3.0392696357e+13	0.00117223196601	0.998828454829
902.851625576	3.32058991209e+15	-3.03824954471e+13	0.00117325549938	0.998827432496
903.154655879	3.31947577359e+15	-3.03723013825e+13	0.00117427962088	0.998826409576
903.457686182	3.31836238249e+15	-3.03621141564e+13	0.00117530433379	0.998825386066
903.760716485	3.31724973803e+15	-3.03519337617e+13	0.00117632963515	0.998824361969
904.063746789	3.31613783945e+15	-3.03417601918e+13	0.00117735552928	0.998823337282
904.366777092	3.31502668601e+15	-3.03315934396e+13	0.00117838201277	0.998822312007
904.669807395	3.31391627696e+15	-3.03214334984e+13	0.00117940909217	0.998821286137
904.972837698	3.31280661155e+15	-3.03112803614e+13	0.00118043676509	0.998820259676
905.275868001	3.31169768904e+15	-3.03011340216e+13	0.00118146504291	0.998819232612
905.578898304	3.31058950867e+15	-3.02909944722e+13	0.00118249392408	0.998818204946
905.881928607	3.30948206971e+15	-3.02808617065e+13	0.0011835234193	0.998817176668
906.18495891	3.30837537141e+15	-3.02707357177e+13	0.00118455352038	0.998816147786
906.487989213	3.30726941303e+15	-3.02606164989e+13	0.00118558420858	0.998815118319
906.791019516	3.30616419382e+15	-3.02505040433e+13	0.00118661548656	0.998814088263
907.094049819	3.30505971305e+15	-3.02403983443e+13	0.00118764734442	0.99881305763
907.397080122	3.30395596997e+15	-3.02302993949e+13	0.00118867977317	0.998812026427
907.700110425	3.30285296385e+15	-3.02202071885e+13	0.00118971281658	0.998810994611
908.003140728	3.30175069394e+15	-3.02101217183e+13	0.00119074644809	0.998809962209
908.306171031	3.30064915952e+15	-3.02000429775e+13	0.001191780717	0.998808929172
908.609201334	3.29954835984e+15	-3.01899709595e+13	0.00119281571363	0.998807895408
908.912231637	3.29844829418e+15	-3.01799056574e+13	0.00121958503978	0.998781158352
909.21526194	3.29734896179e+15	-3.01698470647e+13	0.00123010710662	0.998770649165
909.518292243	3.29625036194e+15	-3.01597951745e+13	0.00123330794925	0.998767452262
909.821322546	3.29515249391e+15	-3.01497499802e+13	0.00123682293057	0.99876394162
910.124352849	3.29405535696e+15	-3.01397114751e+13	0.00124077187576	0.998759997563
910.427383152	3.29295895036e+15	-3.01296796525e+13	0.00124533908265	0.99875543603
910.730413455	3.29186327338e+15	-3.01196545057e+13	0.00125080962568	0.998749972311
911.033443758	3.29076832529e+15	-3.01096360282e+13	0.00125762580906	0.998743164671
911.336474061	3.28967410537e+15	-3.00996242131e+13	0.00126647690752	0.998734324736
911.639504364	3.28858061289e+15	-3.0089619054e+13	0.00127844527136	0.998722371592
911.942534667	3.28748784713e+15	-3.00796205441e+13	0.00129525883946	0.998705579646
912.24556497	3.28639580736e+15	-3.00696286768e+13	0.00131977609976	0.998681094422
912.548595273	3.28530449285e+15	-3.00596434455e+13	0.0013570847634	0.99864383566
912.851625576	3.2842139029e+15	-3.00496648436e+13	0.00141740224735	0.998583601793
913.154655879	3.28312403676e+15	-3.00396928645e+13	0.0015239946467	0.998477166043
913.457686182	3.28203489373e+15	-3.00297275016e+13	0.00173133079925	0.998270167089
913.760716485	3.28094647309e+15	-3.00197687484e+13	0.00215108014123	0.997851231774
914.063746789	3.27985877411e+15	-3.00098165981e+13	0.00294829972935	0.997056042238
914.366777092	3.27877179608e+15	-2.99998710444e+13	0.00422656256909	0.995782356776
914.669807395	3.27768553828e+15	-2.99899320806e+13	0.00578751085602	0.994229204523
914.972837698	3.2766e+15	-2.99799997002e+13	0.00699928494226	0.993025153003
915.275868001	3.27551518052e+15	-2.99700738966e+13	0.0071151460498	0.992910106674
915.578898304	3.27443107913e+15	-2.99601546634e+13	0.00591342158558	0.994104028279
915.881928607	3.27334769511e+15	-2.99502419939e+13	0.00395723205998	0.996050587465
916.18495891	3.27226502776e+15	-2.99403358817e+13	0.0021136094752	0.997888622624
916.487989213	3.27118307636e+15	-2.99304363203e+13	0.000896302931067	0.999104098628
916.791019516	3.2701018402e+15	-2.99205433031e+13	0.000300768500798	0.999699276726
917.094049819	3.26902131858e+15	-2.99106568237e+13	7.96894319415e-05	0.999920313743
917.397080122	3.26794151078e+15	-2.99007768757e+13	1.66488870001e-05	0.999983351252
917.700110425	3.2668624161e+15	-2.98909034525e+13	2.74330690715e-06	0.999997256697
918.003140728	3.26578403384e+15	-2.98810365477e+13	3.59773552113e-07	0.999999640227
918.306171031	3.26470636328e+15	-2.98711761548e+13	4.06643639209e-08	0.999999959336
918.609201334	3.26362940372e+15	-2.98613222673e+13	6.79722779033e-09	0.999999993203
918.912231637	3.26255315446e+15	-2.9851474879e+13	3.52697788594e-09	0.999999996473
919.21526194	3.2614776148e+15	-2.98416339832e+13	2.89430349859e-09	0.999999997106
919.518292243	3.26040278403e+15	-2.98317995737e+13	2.53015087214e-09	0.99999999747
919.821322546	3.25932866146e+15	-2.98219716439e+13	2.24421347832e-09	0.999999997756
920.124352849	3.25825524639e+15	-2.98121501875e+13	2.0102460173e-09	0.99999999799
920.427383152	3.25718253811e+15	-2.98023351981e+13	1.81557154531e-09	0.999999998184
920.730413455	3.25611053593e+15	-2.97925266693e+13	1.65147530662e-09	0.999999998349
921.033443758	3.25503923915e+15	-2.97827245948e+13	1.51301557572e-09	0.999999998487
921.336474061	3.25396864707e+15	-2.97729289681e+13	1.39263920303e-09	0.999999998607
921.639504364	3.25289875901e+15	-2.97631397829e+13	1.28809222534e-09	0.999999998712
921.942534667	3.25182957426e+15	-2.97533570329e+13	1.19659579984e-09	0.999999998803
922.24556497	3.25076109214e+15	-2.97435807117e+13	1.11595029977e-09	0.999999998884
922.548595273	3.24969331194e+15	-2.97338108129e+13	1.04411550559e-09	0.999999998956
922.851625576	3.24862623298e+15	-2.97240473303e+13	9.81284358041e-10	0.999999999019
923.154655879	3.24755985458e+15	-2.97142902576e+13	9.2412061562e-10	0.999999999076
923.457686182	3.24649417603e+15	-2.97045395883e+13	8.72634054918e-10	0.999999999127
923.760716485	3.24542919665e+15	-2.96947953163e+13	8.26099018713e-10	0.999999999174
924.063746789	3.24436491575e+15	-2.96850574351e+13	7.83881782964e-10	0.999999999216
924.366777092	3.24330133265e+15	-2.96753259386e+13	7.45228580987e-10	0.999999999255
924.669807395	3.24223844666e+15	-2.96656008205e+13	7.09421659775e-10	0.999999999291
924.972837698	3.24117625709e+15	-2.96558820745e+13	6.77535379796e-10	0.999999999322
