912.0	3.28728070175e+15	-3.02763891932e+13	0.000233240744888	0.999766786454
911.878952035	3.28771707397e+15	-3.02804082522e+13	0.000233168547356	0.999766858634
911.757904069	3.28815356206e+15	-3.02844283784e+13	0.000233096508635	0.999766930656
911.636856104	3.28859016606e+15	-3.02884495722e+13	0.000233024664182	0.999767002484
911.515808138	3.28902688602e+15	-3.02924718341e+13	0.000232952716576	0.999767074415
911.394760173	3.28946372199e+15	-3.02964951643e+13	0.000232881313435	0.999767145801
911.273712207	3.28990067401e+15	-3.03005195635e+13	0.000232810122478	0.999767216976
911.152664242	3.29033774213e+15	-3.03045450319e+13	0.000232739126443	0.999767287955
911.031616276	3.2907749264e+15	-3.030857157e+13	0.000232668055336	0.99976735901
910.910568311	3.29121222686e+15	-3.03125991783e+13	0.000232597382195	0.999767429666
910.789520346	3.29164964356e+15	-3.03166278572e+13	0.000232526829618	0.999767500203
910.66847238	3.29208717654e+15	-3.03206576071e+13	0.000232456374715	0.999767570641
910.547424415	3.29252482585e+15	-3.03246884284e+13	0.000232385997974	0.999767641002
910.426376449	3.29296259154e+15	-3.03287203215e+13	0.000232315493483	0.99976771149
910.305328484	3.29340047366e+15	-3.03327532869e+13	0.000232245233098	0.999767781734
910.184280518	3.29383847224e+15	-3.03367873251e+13	0.00023217501321	0.999767851937
910.063232553	3.29427658734e+15	-3.03408224364e+13	0.000232104826902	0.999767922107
909.942184587	3.29471481901e+15	-3.03448586212e+13	0.000232034669107	0.999767992249
909.821136622	3.29515316728e+15	-3.03488958801e+13	0.000231964388018	0.999768062514
909.700088657	3.29559163221e+15	-3.03529342133e+13	0.000231894280249	0.999768132605
909.579040691	3.29603021385e+15	-3.03569736215e+13	0.000231824192418	0.999768202677
909.457992726	3.29646891223e+15	-3.03610141049e+13	0.000231754122996	0.99976827273
909.33694476	3.29690772741e+15	-3.0365055664e+13	0.000231684070804	0.999768342766
909.215896795	3.29734665943e+15	-3.03690982993e+13	0.000231613918743	0.999768412902
909.094848829	3.29778570835e+15	-3.03731420111e+13	0.000231543900879	0.999768482903
908.973800864	3.29822487419e+15	-3.03771867999e+13	0.000231473897889	0.99976855289
908.852752898	3.29866415703e+15	-3.03812326662e+13	0.000231403909292	0.999768622863
908.731704933	3.29910355689e+15	-3.03852796103e+13	0.000231333934691	0.999768692821
908.610656968	3.29954307382e+15	-3.03893276328e+13	0.000231263882361	0.999768762857
908.489609002	3.29998270788e+15	-3.03933767339e+13	0.000231193936756	0.999768832787
908.368561037	3.30042245912e+15	-3.03974269142e+13	0.000231124004247	0.999768902703
908.247513071	3.30086232756e+15	-3.04014781741e+13	0.000231054084649	0.999768972606
908.126465106	3.30130231328e+15	-3.0405530514e+13	0.000230984177808	0.999769042497
908.00541714	3.3017424163e+15	-3.04095839344e+13	0.000230914211864	0.999769112447
907.884369175	3.30218263668e+15	-3.04136384356e+13	0.000230844331679	0.999769182311
907.763321209	3.30262297446e+15	-3.04176940182e+13	0.000230774463866	0.999769252163
907.642273244	3.3030634297e+15	-3.04217506825e+13	0.000230704608352	0.999769322002
907.521225278	3.30350400243e+15	-3.04258084289e+13	0.000230634708174	0.999769391886
907.400177313	3.30394469271e+15	-3.0429867258e+13	0.000230564878289	0.9997694617
907.279129348	3.30438550059e+15	-3.04339271702e+13	0.000230495060503	0.999769531501
907.158081382	3.3048264261e+15	-3.04379881658e+13	0.000230425254781	0.999769601291
907.037033417	3.3052674693e+15	-3.04420502454e+13	0.000230355416834	0.999769671113
906.915985451	3.30570863023e+15	-3.04461134092e+13	0.000230285636098	0.999769740878
906.794937486	3.30614990894e+15	-3.04501776579e+13	0.00023021586732	0.99976981063
906.67388952	3.30659130549e+15	-3.04542429918e+13	0.000230146076271	0.999769880405
906.552841555	3.3070328199e+15	-3.04583094113e+13	0.000230076332096	0.999769950133
906.431793589	3.30747445225e+15	-3.0462376917e+13	0.000230006599814	0.99977001985
906.310745624	3.30791620256e+15	-3.04664455091e+13	0.000229936854154	0.999770089579
906.189697659	3.30835807088e+15	-3.04705151882e+13	0.000229867146175	0.999770159271
906.068649693	3.30880005728e+15	-3.04745859547e+13	0.00022979743266	0.999770228969
905.947601728	3.30924216178e+15	-3.04786578091e+13	0.000229727748759	0.999770298637
905.826553762	3.30968438444e+15	-3.04827307517e+13	0.000229658063371	0.999770368306
905.705505797	3.31012672531e+15	-3.04868047829e+13	0.000229588403423	0.99977043795
905.584457831	3.31056918444e+15	-3.04908799034e+13	0.000229518755298	0.999770507582
905.463409866	3.31101176186e+15	-3.04949561134e+13	0.000229449118994	0.999770577202
905.3423619	3.31145445763e+15	-3.04990334134e+13	0.000229379494513	0.999770646811
905.221313935	3.3118972718e+15	-3.05031118039e+13	0.000229309881853	0.999770716408
905.10026597	3.31234020442e+15	-3.05071912852e+13	0.000229240281015	0.999770785993
904.979218004	3.31278325552e+15	-3.05112718579e+13	0.000229170691997	0.999770855566
904.858170039	3.31322642517e+15	-3.05153535224e+13	0.000229101114799	0.999770925127
904.737122073	3.3136697134e+15	-3.0519436279e+13	0.000229031549421	0.999770994676
904.616074108	3.31411312026e+15	-3.05235201283e+13	0.000228961995863	0.999771064214
904.495026142	3.31455664581e+15	-3.05276050706e+13	0.000228892454123	0.99977113374
904.373978177	3.31500029008e+15	-3.05316911065e+13	0.000228822924202	0.999771203254
904.252930211	3.31544405314e+15	-3.05357782363e+13	0.000228753406099	0.999771272756
904.131882246	3.31588793501e+15	-3.05398664606e+13	0.000228683899814	0.999771342246
904.010834281	3.31633193576e+15	-3.05439557796e+13	0.000228614405346	0.999771411725
903.889786315	3.31677605543e+15	-3.0548046194e+13	0.000228544922695	0.999771481192
903.76873835	3.31722029407e+15	-3.0552137704e+13	0.00022847545186	0.999771550647
903.647690384	3.31766465172e+15	-3.05562303102e+13	0.000228405992842	0.99977162009
903.526642419	3.31810912844e+15	-3.0560324013e+13	0.000228336545639	0.999771689521
903.405594453	3.31855372427e+15	-3.05644188129e+13	0.00022826711025	0.999771758941
903.284546488	3.31899843926e+15	-3.05685147102e+13	0.000228197686677	0.999771828348
903.163498522	3.31944327345e+15	-3.05726117054e+13	0.000228128274918	0.999771897744
903.042450557	3.31988822691e+15	-3.0576709799e+13	0.000228058874973	0.999771967128
902.921402592	3.32033329966e+15	-3.05808089914e+13	0.000227989486841	0.999772036501
902.800354626	3.32077849176e+15	-3.0584909283e+13	0.000227920110522	0.999772105861
902.679306661	3.32122380327e+15	-3.05890106744e+13	0.000227850746015	0.99977217521
902.558258695	3.32166923422e+15	-3.05931131658e+13	0.000227781393321	0.999772244547
902.43721073	3.32211478467e+15	-3.05972167578e+13	0.000227712052439	0.999772313872
902.316162764	3.32256045466e+15	-3.06013214509e+13	0.000227642723367	0.999772383185
902.195114799	3.32300624424e+15	-3.06054272454e+13	0.000227573406107	0.999772452487
902.074066833	3.32345215346e+15	-3.06095341418e+13	0.000227504100657	0.999772521776
901.953018868	3.32389818237e+15	-3.06136421405e+13	0.000227434807017	0.999772591054
901.831970903	3.32434433102e+15	-3.06177512421e+13	0.000227365525187	0.99977266032
901.710922937	3.32479059945e+15	-3.06218614468e+13	0.000227296255165	0.999772729575
901.589874972	3.32523698771e+15	-3.06259727553e+13	0.000227226996953	0.999772798817
901.468827006	3.32568349585e+15	-3.06300851678e+13	0.000227157750548	0.999772868048
901.347779041	3.32613012392e+15	-3.0634198685e+13	0.000227088515952	0.999772937267
901.226731075	3.32657687197e+15	-3.06383133071e+13	0.000227019293163	0.999773006474
901.10568311	3.32702374005e+15	-3.06424290347e+13	0.000226950082181	0.999773075669
900.984635144	3.3274707282e+15	-3.06465458682e+13	0.000226880883005	0.999773144853
900.863587179	3.32791783647e+15	-3.0650663808e+13	0.000226811695636	0.999773214024
900.742539214	3.32836506491e+15	-3.06547828547e+13	0.000226742520072	0.999773283184
900.621491248	3.32881241358e+15	-3.06589030086e+13	0.000226673356314	0.999773352332
900.500443283	3.32925988251e+15	-3.06630242701e+13	0.00022660420436	0.999773421468
900.379395317	3.32970747175e+15	-3.06671466398e+13	0.000226535064211	0.999773490593
900.258347352	3.33015518136e+15	-3.06712701181e+13	0.000226465935866	0.999773559706
900.137299386	3.33060301139e+15	-3.06753947054e+13	0.000226396819324	0.999773628807
900.016251421	3.33105096188e+15	-3.06795204022e+13	0.000226327714586	0.999773697896
901.016251421	3.32735396867e+15	-3.06454704939e+13	0.00022689895586	0.999773126784
901.319281724	3.32623528731e+15	-3.06351672568e+13	0.000227072218343	0.999772953561
901.622312027	3.32511735791e+15	-3.06248709454e+13	0.000227245554822	0.999772780263
901.92534233	3.32400017972e+15	-3.06145815527e+13	0.000227418965303	0.999772606892
902.228372633	3.32288375198e+15	-3.06042990718e+13	0.000227592449794	0.999772433447
902.531402936	3.32176807394e+15	-3.05940234957e+13	0.000227766008301	0.999772259928
902.834433239	3.32065314483e+15	-3.05837548174e+13	0.00022793964083	0.999772086335
903.137463542	3.31953896392e+15	-3.05734930301e+13	0.00022811334739	0.999771912668
903.440493845	3.31842553043e+15	-3.05632381268e+13	0.000228287127985	0.999771738928
903.743524148	3.31731284363e+15	-3.05529901005e+13	0.000228460982624	0.999771565113
904.046554451	3.31620090275e+15	-3.05427489443e+13	0.000228634911312	0.999771391224
904.349584754	3.31508970706e+15	-3.05325146514e+13	0.000228808914057	0.999771217261
904.652615057	3.31397925579e+15	-3.05222872148e+13	0.000228982990865	0.999771043224
904.95564536	3.31286954822e+15	-3.05120666276e+13	0.000229157141743	0.999770869113
905.258675663	3.31176058357e+15	-3.05018528831e+13	0.000229331366697	0.999770694928
905.561705966	3.31065236112e+15	-3.04916459742e+13	0.000229505665734	0.999770520669
905.864736269	3.30954488012e+15	-3.04814458942e+13	0.000229680042396	0.999770346332
906.167766572	3.30843813982e+15	-3.04712526361e+13	0.000229854517973	0.999770171897
906.470796875	3.30733213947e+15	-3.04610661932e+13	0.000230029067197	0.999769997387
906.773827178	3.30622687835e+15	-3.04508865586e+13	0.000230203701133	0.999769822794
907.076857481	3.3051223557e+15	-3.04407137255e+13	0.000230378376901	0.999769648158
907.379887784	3.30401857079e+15	-3.04305476871e+13	0.000230553174895	0.9997694734
907.682918088	3.30291552288e+15	-3.04203884366e+13	0.000230728062698	0.999769298553
907.985948391	3.30181321122e+15	-3.04102359671e+13	0.000230902971846	0.999769123684
908.288978694	3.30071163509e+15	-3.04000902719e+13	0.000231078034534	0.999768948662
908.592008997	3.29961079375e+15	-3.03899513443e+13	0.000231253106072	0.999768773631
908.8950393	3.29851068646e+15	-3.03798191773e+13	0.000231428357214	0.99976859842
909.198069603	3.29741131249e+15	-3.03696937644e+13	0.000231603605991	0.999768423212
909.501099906	3.2963126711e+15	-3.03595750987e+13	0.000231779073843	0.999768247785
909.804130209	3.29521476157e+15	-3.03494631735e+13	0.000231954537081	0.999768072362
910.107160512	3.29411758316e+15	-3.0339357982e+13	0.000232130293786	0.999767896646
910.410190815	3.29302113514e+15	-3.03292595176e+13	0.000232306096138	0.999767720885
910.713221118	3.29192541679e+15	-3.03191677734e+13	0.000232482410252	0.999767544612
911.016251421	3.29083042737e+15	-3.03090827429e+13	0.000232659077097	0.999767367986
911.319281724	3.28973616615e+15	-3.02990044193e+13	0.000232836898889	0.999767190206
911.622312027	3.28864263242e+15	-3.0288932796e+13	0.000233015722306	0.999767011424
911.92534233	3.28754982545e+15	-3.02788678661e+13	0.000233196199996	0.999766830988
912.228372633	3.28645774451e+15	-3.02688096232e+13	0.000233377635228	0.999766649595
912.531402936	3.28536638888e+15	-3.02587580605e+13	0.000233558734926	0.999766468538
912.834433239	3.28427575783e+15	-3.02487131713e+13	0.000233739631962	0.999766287683
913.137463542	3.28318585065e+15	-3.0238674949e+13	0.000233919746333	0.999766107611
913.440493845	3.28209666661e+15	-3.02286433871e+13	0.000234099422722	0.999765927976
913.743524148	3.281008205e+15	-3.02186184787e+13	0.00023427927962	0.999765748162
914.046554451	3.2799204651e+15	-3.02086002175e+13	0.000234460131377	0.999765567352
914.349584754	3.27883344619e+15	-3.01985885966e+13	0.000234644249447	0.999765383277
914.652615057	3.27774714755e+15	-3.01885836096e+13	0.000234841825363	0.999765185748
914.95564536	3.27666156846e+15	-3.01785852498e+13	0.000241380544277	0.999758648586
915.258675663	3.27557670822e+15	-3.01685935107e+13	0.000242170700975	0.99975785862
915.561705966	3.27449256611e+15	-3.01586083856e+13	0.000242784488765	0.999757244981
915.864736269	3.27340914141e+15	-3.01486298681e+13	0.000243464148854	0.999756565486
916.167766572	3.27232643342e+15	-3.01386579515e+13	0.000244235722277	0.999755794101
916.470796875	3.27124444142e+15	-3.01286926294e+13	0.000245135910113	0.999754894133
916.773827178	3.2701631647e+15	-3.01187338951e+13	0.000246224638066	0.999753805673
917.076857481	3.26908260256e+15	-3.01087817421e+13	0.000247593592894	0.999752437056
917.379887784	3.26800275428e+15	-3.0098836164e+13	0.000249386628427	0.999750644466
917.682918088	3.26692361916e+15	-3.00888971542e+13	0.000251827304943	0.999748204401
917.985948391	3.26584519649e+15	-3.00789647062e+13	0.000255270038623	0.99974476254
918.288978694	3.26476748557e+15	-3.00690388134e+13	0.000260314869375	0.99973971901
918.592008997	3.2636904857e+15	-3.00591194696e+13	0.000268023478851	0.999732012436
918.8950393	3.26261419616e+15	-3.0049206668e+13	0.000280557855948	0.999719481497
919.198069603	3.26153861626e+15	-3.00393004023e+13	0.000302844365212	0.999697201488
919.501099906	3.26046374529e+15	-3.0029400666e+13	0.000346237349868	0.999653822583
919.804130209	3.25938958256e+15	-3.00195074527e+13	0.000433292750884	0.999566801107
920.107160512	3.25831612737e+15	-3.00096207559e+13	0.000595698087647	0.999404479305
920.410190815	3.257243379e+15	-2.99997405692e+13	0.000850153726033	0.999150207552
920.713221118	3.25617133678e+15	-2.99898668861e+13	0.00115251186399	0.998848152023
921.016251421	3.2551e+15	-2.99799997002e+13	0.00137765454149	0.998623293989
921.319281724	3.25402936796e+15	-2.99701390051e+13	0.00138585315216	0.998615106699
921.622312027	3.25295943998e+15	-2.99602847945e+13	0.00114289335087	0.998857759503
921.92534233	3.25189021534e+15	-2.99504370619e+13	0.000761610878231	0.999238679074
922.228372633	3.25082169337e+15	-2.99405958009e+13	0.000406853501205	0.999593229252
922.531402936	3.24975387337e+15	-2.99307610051e+13	0.000173577093411	0.99982643797
922.834433239	3.24868675465e+15	-2.99209326683e+13	5.92175443746e-05	0.999940784209
923.137463542	3.24762033652e+15	-2.9911110784e+13	1.64015351131e-05	0.999983598599
923.440493845	3.24655461828e+15	-2.99012953458e+13	3.95533537497e-06	0.999996044672
923.743524148	3.24548959925e+15	-2.98914863475e+13	1.06981621743e-06	0.999998930184
924.046554451	3.24442527875e+15	-2.98816837827e+13	4.86013738056e-07	0.999999513986
924.349584754	3.24336165607e+15	-2.9871887645e+13	3.42949282974e-07	0.999999657051
924.652615057	3.24229873055e+15	-2.98620979282e+13	2.79429656057e-07	0.99999972057
924.95564536	3.24123650149e+15	-2.98523146259e+13	2.36838922192e-07	0.999999763161
925.258675663	3.24017496821e+15	-2.98425377319e+13	2.04740538945e-07	0.999999795259
925.561705966	3.23911413002e+15	-2.98327672397e+13	1.79479662546e-07	0.99999982052
925.864736269	3.23805398624e+15	-2.98230031433e+13	1.59174278547e-07	0.999999840826
926.167766572	3.2369945362e+15	-2.98132454362e+13	1.42544130365e-07	0.999999857456
926.470796875	3.23593577921e+15	-2.98034941122e+13	1.28713592029e-07	0.999999871286
926.773827178	3.23487771458e+15	-2.97937491651e+13	1.1705825429e-07	0.999999882942
927.076857481	3.23382034165e+15	-2.97840105886e+13	1.0722368171e-07	0.999999892776
927.379887784	3.23276365974e+15	-2.97742783764e+13	9.86780906787e-08	0.999999901322
927.682918088	3.23170766816e+15	-2.97645525223e+13	9.12569687477e-08	0.999999908743
927.985948391	3.23065236623e+15	-2.97548330201e+13	8.47633700682e-08	0.999999915237
928.288978694	3.2295977533e+15	-2.97451198636e+13	7.90399428064e-08	0.99999992096
928.592008997	3.22854382867e+15	-2.97354130465e+13	7.39455980254e-08	0.999999926054
928.8950393	3.22749059168e+15	-2.97257125627e+13	6.9487352389e-08	0.999999930513
929.198069603	3.22643804166e+15	-2.97160184059e+13	6.54324018584e-08	0.999999934568
929.501099906	3.22538617792e+15	-2.970633057e+13	6.17808646154e-08	0.999999938219
929.804130209	3.22433499981e+15	-2.96966490487e+13	5.84793401411e-08	0.999999941521
930.107160512	3.22328450665e+15	-2.9686973836e+13	5.54902300086e-08	0.99999994451
930.410190815	3.22223469777e+15	-2.96773049256e+13	5.27564113983e-08	0.999999947244
930.713221118	3.2211855725e+15	-2.96676423114e+13	5.01915139145e-08	0.999999949808
931.016251421	3.22013713018e+15	-2.96579859872e+13	4.79604719604e-08	0.99999995204
