912.0	3.28728070175e+15	-3.00181762524e+13	0.000808311968963	0.999192014627
911.799609509	3.2880031629e+15	-3.00247734883e+13	0.000685365318614	0.999314869491
911.599219018	3.28872594168e+15	-3.00313736247e+13	0.000607926274653	0.999392258475
911.398828528	3.28944903829e+15	-3.00379766634e+13	0.000559519655207	0.999440636847
911.198438037	3.29017245295e+15	-3.00445826064e+13	0.000528569752362	0.999471569916
910.998047546	3.29089618586e+15	-3.00511914556e+13	0.000507940649041	0.999492188331
910.797657055	3.29162023725e+15	-3.00578032129e+13	0.000493545632741	0.999506576141
910.597266565	3.2923446073e+15	-3.00644178803e+13	0.000483094793852	0.999517021878
910.396876074	3.29306929625e+15	-3.00710354596e+13	0.000475272681705	0.999524840242
910.196485583	3.29379430429e+15	-3.00776559527e+13	0.000469280142118	0.999530829953
909.996095092	3.29451963164e+15	-3.00842793617e+13	0.000464600162127	0.999535507748
909.795704602	3.29524527851e+15	-3.00909056884e+13	0.000460880422712	0.999539225766
909.595314111	3.29597124511e+15	-3.00975349347e+13	0.000457872031498	0.999542232776
909.39492362	3.29669753166e+15	-3.01041671027e+13	0.000455395073184	0.999544708603
909.194533129	3.29742413835e+15	-3.01108021941e+13	0.000453317686932	0.999546785046
908.994142639	3.29815106542e+15	-3.0117440211e+13	0.00045154242874	0.999548559501
908.793752148	3.29887831305e+15	-3.01240811553e+13	0.000449996920697	0.999550104313
908.593361657	3.29960588148e+15	-3.0130725029e+13	0.000448627231796	0.999551473386
908.392971166	3.30033377091e+15	-3.01373718338e+13	0.000447393107204	0.999552706958
908.192580676	3.30106198156e+15	-3.01440215719e+13	0.000446264454808	0.999553835106
907.992190185	3.30179051363e+15	-3.01506742452e+13	0.000445218740966	0.999554880354
907.791799694	3.30251936734e+15	-3.01573298555e+13	0.000444239064431	0.999555859595
907.591409203	3.3032485429e+15	-3.01639884048e+13	0.000443312716298	0.999556785532
907.391018713	3.30397804053e+15	-3.01706498952e+13	0.000442430105501	0.999557667752
907.190628222	3.30470786044e+15	-3.01773143284e+13	0.000441583959202	0.999558513525
906.990237731	3.30543800284e+15	-3.01839817066e+13	0.000429096660306	0.999570995388
906.78984724	3.30616846795e+15	-3.01906520315e+13	0.000428695086472	0.99957139679
906.58945675	3.30689925598e+15	-3.01973253053e+13	0.000428316264605	0.99957177545
906.389066259	3.30763036714e+15	-3.02040015298e+13	0.000427937693877	0.999572153858
906.188675768	3.30836180165e+15	-3.0210680707e+13	0.000427559374164	0.999572532016
905.988285277	3.30909355973e+15	-3.02173628389e+13	0.000427181305351	0.999572909924
905.787894787	3.30982564158e+15	-3.02240479274e+13	0.000426803487324	0.99957328758
905.587504296	3.31055804743e+15	-3.02307359745e+13	0.000426425919973	0.999573664987
905.387113805	3.31129077749e+15	-3.02374269821e+13	0.000426048603187	0.999574042143
905.186723314	3.31202383197e+15	-3.02441209522e+13	0.000425671536852	0.999574419048
904.986332824	3.31275721109e+15	-3.02508178868e+13	0.000425294720859	0.999574795704
904.785942333	3.31349091507e+15	-3.02575177879e+13	0.000424918155094	0.99957517211
904.585551842	3.31422494411e+15	-3.02642206574e+13	0.000424541839451	0.999575548266
904.385161351	3.31495929845e+15	-3.02709264973e+13	0.000424165773815	0.999575924172
904.184770861	3.31569397829e+15	-3.02776353095e+13	0.000423789958079	0.999576299828
903.98438037	3.31642898384e+15	-3.02843470961e+13	0.000423414392132	0.999576675235
903.783989879	3.31716431534e+15	-3.02910618591e+13	0.000423039075864	0.999577050393
903.583599388	3.31789997299e+15	-3.02977796003e+13	0.000422664009165	0.999577425301
903.383208897	3.318635957e+15	-3.03045003219e+13	0.000422289191924	0.99957779996
903.182818407	3.31937226761e+15	-3.03112240257e+13	0.00042191462403	0.999578174369
902.982427916	3.32010890502e+15	-3.03179507137e+13	0.000421540305371	0.99957854853
902.782037425	3.32084586945e+15	-3.0324680388e+13	0.000421166235838	0.999578922442
902.581646934	3.32158316113e+15	-3.03314130506e+13	0.000420792415319	0.999579296105
902.381256444	3.32232078026e+15	-3.03381487033e+13	0.000420418843703	0.99957966952
902.180865953	3.32305872707e+15	-3.03448873483e+13	0.000420045520881	0.999580042686
901.980475462	3.32379700177e+15	-3.03516289875e+13	0.00041967244674	0.999580415603
901.780084971	3.32453560459e+15	-3.03583736229e+13	0.000419299621171	0.999580788273
901.579694481	3.32527453574e+15	-3.03651212565e+13	0.000418927044064	0.999581160694
901.37930399	3.32601379545e+15	-3.03718718903e+13	0.000418554715307	0.999581532866
901.178913499	3.32675338392e+15	-3.03786255264e+13	0.000418182634791	0.999581904791
900.978523008	3.32749330138e+15	-3.03853821666e+13	0.000417810802405	0.999582276468
900.778132518	3.32823354806e+15	-3.03921418131e+13	0.000417439218038	0.999582647898
900.577742027	3.32897412416e+15	-3.03989044677e+13	0.000417067881582	0.999583019079
900.377351536	3.32971502991e+15	-3.04056701326e+13	0.000416696792924	0.999583390013
900.176961045	3.33045626553e+15	-3.04124388098e+13	0.000416325951955	0.9995837607
899.976570555	3.33119783124e+15	-3.04192105012e+13	0.000415955358565	0.999584131139
899.776180064	3.33193972726e+15	-3.04259852088e+13	0.000415585012644	0.999584501331
899.575789573	3.33268195382e+15	-3.04327629348e+13	0.00041521491408	0.999584871276
899.375399082	3.33342451112e+15	-3.0439543681e+13	0.000414845062765	0.999585240974
899.175008592	3.3341673994e+15	-3.04463274496e+13	0.000414475458588	0.999585610424
898.974618101	3.33491061887e+15	-3.04531142425e+13	0.000414106101438	0.999585979629
898.77422761	3.33565416976e+15	-3.04599040617e+13	0.000413736991206	0.999586348586
898.573837119	3.33639805229e+15	-3.04666969094e+13	0.000413368127782	0.999586717297
898.373446629	3.33714226667e+15	-3.04734927875e+13	0.000412999511055	0.999587085762
898.173056138	3.33788681314e+15	-3.0480291698e+13	0.000412631140916	0.99958745398
897.972665647	3.33863169191e+15	-3.0487093643e+13	0.000412263017255	0.999587821951
897.772275156	3.33937690321e+15	-3.04938986245e+13	0.000411895139961	0.999588189677
897.571884666	3.34012244726e+15	-3.05007066445e+13	0.000411527508925	0.999588557157
897.371494175	3.34086832428e+15	-3.05075177051e+13	0.000411160124036	0.999588924391
897.171103684	3.3416145345e+15	-3.05143318083e+13	0.000410792985186	0.999589291379
896.970713193	3.34236107813e+15	-3.05211489562e+13	0.000410426092263	0.999589658121
896.770322703	3.34310795541e+15	-3.05279691508e+13	0.000410059445159	0.999590024618
896.569932212	3.34385516655e+15	-3.05347923941e+13	0.000409693043763	0.999590390869
896.369541721	3.34460271178e+15	-3.05416186881e+13	0.000409326887965	0.999590756875
896.16915123	3.34535059133e+15	-3.0548448035e+13	0.000408960977656	0.999591122635
895.968760739	3.34609880542e+15	-3.05552804368e+13	0.000408595312726	0.999591488151
895.768370249	3.34684735426e+15	-3.05621158955e+13	0.000408229893065	0.999591853421
895.567979758	3.3475962381e+15	-3.05689544132e+13	0.000407864718564	0.999592218447
895.367589267	3.34834545715e+15	-3.05757959919e+13	0.000407499789113	0.999592583228
895.167198776	3.34909501163e+15	-3.05826406337e+13	0.000407135104602	0.999592947764
894.966808286	3.34984490178e+15	-3.05894883406e+13	0.000406770664921	0.999593312055
894.766417795	3.35059512782e+15	-3.05963391148e+13	0.000406406469962	0.999593676102
894.566027304	3.35134568997e+15	-3.06031929582e+13	0.000406042519614	0.999594039904
894.365636813	3.35209658846e+15	-3.06100498729e+13	0.000405678813768	0.999594403463
894.165246323	3.35284782352e+15	-3.06169098611e+13	0.000405315352314	0.999594766777
893.964855832	3.35359939537e+15	-3.06237729247e+13	0.000404952135143	0.999595129847
893.764465341	3.35435130424e+15	-3.06306390658e+13	0.000404589162145	0.999595492673
893.56407485	3.35510355035e+15	-3.06375082865e+13	0.000404226433212	0.999595855255
893.36368436	3.35585613394e+15	-3.06443805889e+13	0.000403863948232	0.999596217594
893.163293869	3.35660905523e+15	-3.0651255975e+13	0.000403501707098	0.999596579689
892.962903378	3.35736231445e+15	-3.0658134447e+13	0.0004031397097	0.99959694154
892.762512887	3.35811591182e+15	-3.06650160068e+13	0.000402777955928	0.999597303148
892.562122397	3.35886984757e+15	-3.06719006566e+13	0.000402416445672	0.999597664513
892.361731906	3.35962412193e+15	-3.06787883985e+13	0.000402055178825	0.999598025635
892.161341415	3.36037873513e+15	-3.06856792346e+13	0.000401694155276	0.999598386513
893.161341415	3.35661639279e+15	-3.06513229788e+13	0.000403498178893	0.999596583216
893.464371718	3.35547795178e+15	-3.06409271756e+13	0.000404046050415	0.999596035565
893.767402021	3.35434028274e+15	-3.06305384217e+13	0.000404594479675	0.999595487358
894.070432324	3.35320338489e+15	-3.062015671e+13	0.000405143467051	0.999594938592
894.373462627	3.35206725744e+15	-3.06097820334e+13	0.00040569301292	0.999594389269
894.67649293	3.35093189962e+15	-3.05994143847e+13	0.000406243117663	0.999593839388
894.979523233	3.34979731063e+15	-3.05890537567e+13	0.000406793781658	0.999593288948
895.282553536	3.34866348971e+15	-3.05787001423e+13	0.000407345005283	0.999592737948
895.585583839	3.34753043606e+15	-3.05683535344e+13	0.000407896788918	0.99959218639
895.888614142	3.34639814891e+15	-3.05580139259e+13	0.000408449132941	0.999591634271
896.191644445	3.34526662749e+15	-3.05476813097e+13	0.000409002037733	0.999591081592
896.494674748	3.34413587101e+15	-3.05373556787e+13	0.000409555503672	0.999590528353
896.797705051	3.34300587871e+15	-3.05270370258e+13	0.000410109531139	0.999589974552
897.100735355	3.3418766498e+15	-3.0516725344e+13	0.000410664120512	0.99958942019
897.403765658	3.34074818352e+15	-3.05064206261e+13	0.000411219272172	0.999588865267
897.706795961	3.33962047908e+15	-3.04961228651e+13	0.000411774986498	0.999588309781
898.009826264	3.33849353573e+15	-3.04858320541e+13	0.000412331263871	0.999587753733
898.312856567	3.33736735268e+15	-3.04755481859e+13	0.00041288810467	0.999587197122
898.61588687	3.33624192918e+15	-3.04652712535e+13	0.000413445509277	0.999586639948
898.918917173	3.33511726445e+15	-3.045500125e+13	0.000414003478071	0.99958608221
899.221947476	3.33399335772e+15	-3.04447381682e+13	0.000414562011433	0.999585523908
899.524977779	3.33287020823e+15	-3.04344820013e+13	0.000415121109745	0.999584965041
899.828008082	3.33174781522e+15	-3.04242327422e+13	0.000415680773385	0.99958440561
900.131038385	3.33062617792e+15	-3.0413990384e+13	0.000416241002737	0.999583845614
900.434068688	3.32950529556e+15	-3.04037549196e+13	0.00041680179818	0.999583285052
900.737098991	3.32838516739e+15	-3.03935263422e+13	0.000417363160096	0.999582723924
901.040129294	3.32726579264e+15	-3.03833046448e+13	0.000417925088866	0.99958216223
901.343159597	3.32614717056e+15	-3.03730898204e+13	0.000418487584872	0.999581599969
901.6461899	3.32502930039e+15	-3.03628818621e+13	0.000419050648495	0.999581037141
901.949220203	3.32391218136e+15	-3.0352680763e+13	0.000419614280118	0.999580473746
902.252250506	3.32279581272e+15	-3.03424865161e+13	0.000420178480122	0.999579909782
902.555280809	3.32168019372e+15	-3.03322991147e+13	0.000420743248888	0.999579345251
902.858311112	3.3205653236e+15	-3.03221185517e+13	0.000421308586801	0.999578780151
903.161341415	3.3194512016e+15	-3.03119448204e+13	0.000421874494242	0.999578214482
903.464371718	3.31833782698e+15	-3.03017779137e+13	0.000422440971595	0.999577648244
903.767402021	3.31722519898e+15	-3.0291617825e+13	0.000423008019244	0.999577081436
904.070432324	3.31611331685e+15	-3.02814645472e+13	0.000423575637573	0.999576514058
904.373462627	3.31500217984e+15	-3.02713180736e+13	0.000424143826961	0.999575946109
904.67649293	3.31389178721e+15	-3.02611783973e+13	0.000424712587792	0.99957537759
904.979523233	3.3127821382e+15	-3.02510455115e+13	0.000425281920444	0.999574808499
905.282553536	3.31167323206e+15	-3.02409194094e+13	0.0004258518253	0.999574238837
905.585583839	3.31056506806e+15	-3.02308000841e+13	0.000426422302742	0.999573668602
905.888614142	3.30945764545e+15	-3.0220687529e+13	0.000426993353161	0.999573097796
906.191644445	3.30835096348e+15	-3.0210581737e+13	0.000427564976936	0.999572526416
906.494674748	3.30724502141e+15	-3.02004827016e+13	0.000428137174461	0.999571954463
906.797705051	3.30613981851e+15	-3.01903904159e+13	0.000428709946139	0.999571381937
907.100735355	3.30503535402e+15	-3.01803048732e+13	0.000439601787277	0.999560494823
907.403765658	3.3039316272e+15	-3.01702260666e+13	0.000442485095915	0.999557612786
907.706795961	3.30282863733e+15	-3.01601539895e+13	0.00044384022127	0.999556258261
908.009826264	3.30172638366e+15	-3.01500886351e+13	0.000445307909132	0.999554791226
908.312856567	3.30062486546e+15	-3.01400299967e+13	0.00044693063402	0.999553169225
908.61588687	3.29952408198e+15	-3.01299780676e+13	0.000448773784554	0.999551326899
908.918917173	3.2984240325e+15	-3.0119932841e+13	0.000450938565399	0.999549163092
909.221947476	3.29732471628e+15	-3.01098943102e+13	0.000453582159403	0.999546520693
909.524977779	3.29622613259e+15	-3.00998624687e+13	0.000456949718886	0.999543154667
909.828008082	3.2951282807e+15	-3.00898373096e+13	0.000461426407683	0.999538680033
910.131038385	3.29403115987e+15	-3.00798188263e+13	0.000467627079294	0.999532482241
910.434068688	3.29293476937e+15	-3.00698070121e+13	0.000476567118137	0.999523546422
910.737098991	3.29183910848e+15	-3.00598018604e+13	0.00049004535342	0.999510074699
911.040129294	3.29074417647e+15	-3.00498033645e+13	0.000511652853133	0.999488478019
911.343159597	3.2896499726e+15	-3.00398115179e+13	0.00054954622959	0.999450604743
911.6461899	3.28855649617e+15	-3.00298263138e+13	0.000622939929873	0.999377254057
911.949220203	3.28746374643e+15	-3.00198477456e+13	0.000771802495637	0.999228495267
912.252250506	3.28637172266e+15	-3.00098758068e+13	0.00105662787323	0.998943930161
912.555280809	3.28528042415e+15	-2.99999104906e+13	0.00151813704637	0.998483014741
912.858311112	3.28418985017e+15	-2.99899517907e+13	0.00208877767145	0.997913402307
913.161341415	3.2831e+15	-2.99799997002e+13	0.00253977086826	0.997463451621
913.464371718	3.28201087292e+15	-2.99700542127e+13	0.00259361875931	0.997409741764
913.767402021	3.2809224682e+15	-2.99601153216e+13	0.00216200342956	0.997840332016
914.070432324	3.27983478513e+15	-2.99501830203e+13	0.00144821914057	0.998552829023
914.373462627	3.278747823e+15	-2.99402573023e+13	0.000772611753696	0.999227686634
914.67649293	3.27766158109e+15	-2.99303381611e+13	0.00032652062622	0.999673532676
914.979523233	3.27657605867e+15	-2.992042559e+13	0.00010894442548	0.999891061509
915.282553536	3.27549125504e+15	-2.99105195827e+13	2.86331300522e-05	0.99997136728
915.585583839	3.27440716948e+15	-2.99006201325e+13	5.91862326911e-06	0.999994081394
915.888614142	3.27332380129e+15	-2.98907272329e+13	9.61050477151e-07	0.99999903895
916.191644445	3.27224114974e+15	-2.98808408775e+13	1.22478799968e-07	0.999999877521
916.494674748	3.27115921413e+15	-2.98709610597e+13	1.22443685825e-08	0.999999987756
916.797705051	3.27007799374e+15	-2.98610877732e+13	9.60499209234e-10	0.99999999904
917.100735355	3.26899748787e+15	-2.98512210113e+13	6.35889954189e-11	0.999999999936
917.403765658	3.26791769582e+15	-2.98413607677e+13	3.72282348262e-12	0.999999999996
917.706795961	3.26683861686e+15	-2.98315070358e+13	7.10346286482e-13	0.999999999999
918.009826264	3.2657602503e+15	-2.98216598093e+13	5.30569761874e-13	0.999999999999
918.312856567	3.26468259544e+15	-2.98118190816e+13	4.71753272561e-13	1.0
918.61588687	3.26360565156e+15	-2.98019848465e+13	4.25646026056e-13	1.0
918.918917173	3.26252941796e+15	-2.97921570973e+13	3.86662673685e-13	1.0
919.221947476	3.26145389395e+15	-2.97823358278e+13	3.53732101126e-13	1.0
919.524977779	3.26037907882e+15	-2.97725210315e+13	3.25222615881e-13	1.0
919.828008082	3.25930497186e+15	-2.97627127021e+13	3.00468150819e-13	1.0
920.131038385	3.25823157239e+15	-2.9752910833e+13	2.78875693471e-13	1.0
920.434068688	3.25715887969e+15	-2.9743115418e+13	2.5985133068e-13	1.0
920.737098991	3.25608689308e+15	-2.97333264507e+13	2.42951668987e-13	1.0
921.040129294	3.25501561186e+15	-2.97235439247e+13	2.28019944219e-13	1.0
921.343159597	3.25394503532e+15	-2.97137678337e+13	2.14512248504e-13	1.0
921.6461899	3.25287516278e+15	-2.97039981712e+13	2.02325009307e-13	1.0
921.949220203	3.25180599354e+15	-2.96942349311e+13	1.9130282756e-13	1.0
922.252250506	3.25073752691e+15	-2.96844781068e+13	1.8133335905e-13	1.0
922.555280809	3.2496697622e+15	-2.96747276922e+13	1.72242791115e-13	1.0
922.858311112	3.2486026987e+15	-2.96649836809e+13	1.63812594289e-13	1.0
923.161341415	3.24753633574e+15	-2.96552460666e+13	1.5630852317e-13	1.0
