912.0	3.28728070175e+15	-3.00419675218e+13	0.000274290301566	0.999725747313
911.806919985	3.28797680111e+15	-3.00483290699e+13	0.00026211340008	0.999737920949
911.61383997	3.28867319533e+15	-3.00546933128e+13	0.000253726480823	0.999746305705
911.420759954	3.28936988461e+15	-3.00610602521e+13	0.000247711350692	0.999752319327
911.227679939	3.29006686913e+15	-3.00674298896e+13	0.000243256779804	0.999756772805
911.034599924	3.29076414908e+15	-3.00738022271e+13	0.00023987608997	0.999760152678
910.841519909	3.29146172465e+15	-3.00801772661e+13	0.000237261460733	0.999762766684
910.648439894	3.29215959602e+15	-3.00865550085e+13	0.000235206942624	0.999764820716
910.455359878	3.2928577634e+15	-3.00929354559e+13	0.000233568545639	0.999766458729
910.262279863	3.29355622695e+15	-3.00993186101e+13	0.000232242567085	0.999767784399
910.069199848	3.29425498687e+15	-3.01057044728e+13	0.000231152850031	0.999768873864
909.876119833	3.29495404336e+15	-3.01120930457e+13	0.000230242828812	0.999769783675
909.683039817	3.2956533966e+15	-3.01184843306e+13	0.000229470194798	0.999770556131
909.489959802	3.29635304677e+15	-3.01248783291e+13	0.000228803125552	0.999771223048
909.296879787	3.29705299407e+15	-3.0131275043e+13	0.000228217674509	0.999771808365
909.103799772	3.29775323869e+15	-3.01376744741e+13	0.000227695730502	0.99977233019
908.910719757	3.29845378081e+15	-3.0144076624e+13	0.000227223626334	0.999772802187
908.717639741	3.29915462063e+15	-3.01504814946e+13	0.000226791015094	0.9997732347
908.524559726	3.29985575833e+15	-3.01568890874e+13	0.000226390051639	0.999773635573
908.331479711	3.30055719411e+15	-3.01632994044e+13	0.000226014770943	0.999774010768
908.138399696	3.30125892816e+15	-3.01697124471e+13	0.000225660624964	0.999774364834
907.945319681	3.30196096066e+15	-3.01761282174e+13	0.000225324135127	0.999774701248
907.752239665	3.30266329181e+15	-3.01825467169e+13	0.000221397305473	0.999778627201
907.55915965	3.30336592179e+15	-3.01889679475e+13	0.000218867322077	0.999781156628
907.366079635	3.30406885081e+15	-3.01953919109e+13	0.000218761470925	0.999781262456
907.17299962	3.30477207904e+15	-3.02018186088e+13	0.000218655734638	0.999781368169
906.979919605	3.30547560668e+15	-3.02082480429e+13	0.00021855006151	0.999781473819
906.786839589	3.30617943392e+15	-3.0214680215e+13	0.000218444430019	0.999781579427
906.593759574	3.30688356096e+15	-3.02211151269e+13	0.000218338822341	0.999781685012
906.400679559	3.30758798797e+15	-3.02275527804e+13	0.000218233263615	0.999781790548
906.207599544	3.30829271517e+15	-3.0233993177e+13	0.000218127722837	0.999781896065
906.014519528	3.30899774273e+15	-3.02404363187e+13	0.000218022218403	0.999782001547
905.821439513	3.30970307085e+15	-3.02468822072e+13	0.0002179167311	0.999782107011
905.628359498	3.31040869972e+15	-3.02533308442e+13	0.000217811275895	0.999782212443
905.435279483	3.31111462954e+15	-3.02597822314e+13	0.000217705838559	0.999782317858
905.242199468	3.3118208605e+15	-3.02662363707e+13	0.000217600432581	0.999782423241
905.049119452	3.31252739278e+15	-3.02726932639e+13	0.000217495049085	0.999782528601
904.856039437	3.31323422659e+15	-3.02791529126e+13	0.000217389700355	0.999782633927
904.662959422	3.31394136211e+15	-3.02856153186e+13	0.000217284383962	0.999782739221
904.469879407	3.31464879954e+15	-3.02920804837e+13	0.000217179097974	0.999782844484
904.276799392	3.31535653908e+15	-3.02985484097e+13	0.000217073850169	0.999782949709
904.083719376	3.31606458091e+15	-3.03050190984e+13	0.000216968636429	0.9997830549
903.890639361	3.31677292523e+15	-3.03114925514e+13	0.000216863453027	0.99978316006
903.697559346	3.31748157223e+15	-3.03179687706e+13	0.000216758304312	0.999783265186
903.504479331	3.31819052211e+15	-3.03244477578e+13	0.000216653186417	0.999783370281
903.311399316	3.31889977506e+15	-3.03309295147e+13	0.000216548096442	0.999783475348
903.1183193	3.31960933128e+15	-3.03374140431e+13	0.000216443038116	0.999783580384
902.925239285	3.32031919096e+15	-3.03439013448e+13	0.00021633800892	0.99978368539
902.73215927	3.32102935429e+15	-3.03503914215e+13	0.000216233007	0.99978379037
902.539079255	3.32173982148e+15	-3.03568842751e+13	0.000216128035572	0.999783895318
902.345999239	3.32245059271e+15	-3.03633799073e+13	0.000216023092851	0.999784000238
902.152919224	3.32316166818e+15	-3.03698783199e+13	0.00021591817749	0.999784105131
901.959839209	3.32387304808e+15	-3.03763795147e+13	0.000215813292084	0.999784209994
901.766759194	3.32458473262e+15	-3.03828834935e+13	0.000215708435266	0.999784314828
901.573679179	3.32529672198e+15	-3.03893902581e+13	0.000215603605993	0.999784419635
901.380599163	3.32600901637e+15	-3.03958998102e+13	0.000215498806329	0.999784524412
901.187519148	3.32672161598e+15	-3.04024121517e+13	0.000215394035204	0.99978462916
900.994439133	3.327434521e+15	-3.04089272843e+13	0.000215289291804	0.999784733881
900.801359118	3.32814773163e+15	-3.04154452098e+13	0.000215184577759	0.999784838573
900.608279103	3.32886124807e+15	-3.04219659301e+13	0.000215079892229	0.999784943236
900.415199087	3.32957507052e+15	-3.0428489447e+13	0.000214975234583	0.999785047871
900.222119072	3.33028919917e+15	-3.04350157621e+13	0.000214870606093	0.999785152477
900.029039057	3.33100363422e+15	-3.04415448774e+13	0.000214766005608	0.999785257055
899.835959042	3.33171837586e+15	-3.04480767946e+13	0.000214661434136	0.999785361604
899.642879027	3.3324334243e+15	-3.04546115156e+13	0.000214556890779	0.999785466125
899.449799011	3.33314877973e+15	-3.04611490421e+13	0.00021445237631	0.999785570617
899.256718996	3.33386444234e+15	-3.0467689376e+13	0.000214347890052	0.999785675081
899.063638981	3.33458041235e+15	-3.0474232519e+13	0.000214243432378	0.999785779516
898.870558966	3.33529668994e+15	-3.0480778473e+13	0.000214139003281	0.999785883923
898.67747895	3.33601327531e+15	-3.04873272398e+13	0.000214034602746	0.999785988301
898.484398935	3.33673016866e+15	-3.04938788212e+13	0.000213930230732	0.999786092651
898.29131892	3.3374473702e+15	-3.0500433219e+13	0.0002138258872	0.999786196972
898.098238905	3.33816488011e+15	-3.0506990435e+13	0.000213721572147	0.999786301265
897.90515889	3.3388826986e+15	-3.05135504711e+13	0.000213617285572	0.999786405529
897.712078874	3.33960082587e+15	-3.05201133291e+13	0.000213513027473	0.999786509765
897.518998859	3.34031926211e+15	-3.05266790107e+13	0.000213408797848	0.999786613972
897.325918844	3.34103800753e+15	-3.05332475178e+13	0.000213304596696	0.999786718151
897.132838829	3.34175706233e+15	-3.05398188523e+13	0.000213200424015	0.999786822302
896.939758814	3.3424764267e+15	-3.0546393016e+13	0.000213096279803	0.999786926424
896.746678798	3.34319610084e+15	-3.05529700106e+13	0.00021299216406	0.999787030517
896.553598783	3.34391608496e+15	-3.0559549838e+13	0.000212888076782	0.999787134582
896.360518768	3.34463637926e+15	-3.05661325001e+13	0.000212784017969	0.999787238619
896.167438753	3.34535698393e+15	-3.05727179987e+13	0.000212679987618	0.999787342627
895.974358738	3.34607789918e+15	-3.05793063356e+13	0.000212575985729	0.999787446607
895.781278722	3.3467991252e+15	-3.05858975126e+13	0.000212472012299	0.999787550558
895.588198707	3.34752066221e+15	-3.05924915316e+13	0.000212368067328	0.999787654481
895.395118692	3.34824251039e+15	-3.05990883945e+13	0.000212264150812	0.999787758376
895.202038677	3.34896466996e+15	-3.0605688103e+13	0.000212160262751	0.999787862242
895.008958661	3.3496871411e+15	-3.0612290659e+13	0.000212056403143	0.999787966079
894.815878646	3.35040992403e+15	-3.06188960643e+13	0.000211952571985	0.999788069888
894.622798631	3.35113301895e+15	-3.06255043209e+13	0.000211848769278	0.999788173669
894.429718616	3.35185642606e+15	-3.06321154305e+13	0.000211744995018	0.999788277421
894.236638601	3.35258014555e+15	-3.0638729395e+13	0.000211641249205	0.999788381145
894.043558585	3.35330417764e+15	-3.06453462162e+13	0.000211537531836	0.999788484841
893.85047857	3.35402852253e+15	-3.0651965896e+13	0.00021143384291	0.999788588508
893.657398555	3.35475318041e+15	-3.06585884363e+13	0.000211330182426	0.999788692146
893.46431854	3.35547815149e+15	-3.06652138388e+13	0.000211226550381	0.999788795756
893.271238525	3.35620343598e+15	-3.06718421055e+13	0.000211122946774	0.999788899338
893.078158509	3.35692903408e+15	-3.06784732383e+13	0.000211019371603	0.999789002891
892.885078494	3.35765494598e+15	-3.06851072389e+13	0.000210915824867	0.999789106416
893.885078494	3.35389869697e+15	-3.06507794396e+13	0.000211452421866	0.999788569933
894.188108797	3.35276209838e+15	-3.06403922347e+13	0.000211615177629	0.999788407211
894.4911391	3.3516262699e+15	-3.06300120677e+13	0.000211778003456	0.99978824442
894.794169403	3.35049121073e+15	-3.06196389313e+13	0.000211940899352	0.999788081559
895.097199706	3.3493569201e+15	-3.06092728185e+13	0.000212103865324	0.999787918627
895.400230009	3.34822339723e+15	-3.05989137221e+13	0.000212266901379	0.999787755626
895.703260312	3.34709064133e+15	-3.0588561635e+13	0.000212430007523	0.999787592554
896.006290615	3.34595865163e+15	-3.057821655e+13	0.000212593183762	0.999787429413
896.309320918	3.34482742735e+15	-3.05678784602e+13	0.000212756430103	0.999787266201
896.612351221	3.34369696772e+15	-3.05575473583e+13	0.000212919746552	0.999787102919
896.915381524	3.34256727196e+15	-3.05472232373e+13	0.000213083133115	0.999786939567
897.218411827	3.34143833929e+15	-3.05369060901e+13	0.0002132465898	0.999786776146
897.52144213	3.34031016895e+15	-3.05265959097e+13	0.000213410116611	0.999786612654
897.824472434	3.33918276016e+15	-3.0516292689e+13	0.000213573713557	0.999786449092
898.127502737	3.33805611215e+15	-3.05059964209e+13	0.000213737380643	0.99978628546
898.43053304	3.33693022415e+15	-3.04957070985e+13	0.000213901117875	0.999786121757
898.733563343	3.33580509539e+15	-3.04854247147e+13	0.00021406492526	0.999785957985
899.036593646	3.33468072511e+15	-3.04751492624e+13	0.00021422880296	0.999785794142
899.339623949	3.33355711254e+15	-3.04648807348e+13	0.000214392750885	0.99978563023
899.642654252	3.3324342569e+15	-3.04546191247e+13	0.000214556769091	0.999785466247
899.945684555	3.33131215745e+15	-3.04443644252e+13	0.000214720857601	0.999785302193
900.248714858	3.33019081341e+15	-3.04341166293e+13	0.00021488501644	0.99978513807
900.551745161	3.32907022402e+15	-3.04238757301e+13	0.000215049244998	0.999784973876
900.854775464	3.32795038851e+15	-3.04136417205e+13	0.000215213544458	0.999784809612
901.157805767	3.32683130614e+15	-3.04034145937e+13	0.000215377914347	0.999784645278
901.46083607	3.32571297614e+15	-3.03931943427e+13	0.000215542353723	0.999784480874
901.763866373	3.32459539775e+15	-3.03829809605e+13	0.000215706864466	0.999784316399
902.066896676	3.32347857021e+15	-3.03727744403e+13	0.000215871444575	0.999784151854
902.369926979	3.32236249277e+15	-3.03625747751e+13	0.000216036096484	0.999783987238
902.672957282	3.32124716467e+15	-3.03523819581e+13	0.000216200817717	0.999783822552
902.975987585	3.32013258516e+15	-3.03421959822e+13	0.000216365611522	0.999783657794
903.279017888	3.31901875348e+15	-3.03320168407e+13	0.000216530475076	0.999783492966
903.582048191	3.31790566889e+15	-3.03218445267e+13	0.000216695413321	0.999783328063
903.885078494	3.31679333062e+15	-3.03116790333e+13	0.000216860424216	0.999783163088
904.188108797	3.31568173794e+15	-3.03015203536e+13	0.000217025516448	0.999782998032
904.4911391	3.31457089008e+15	-3.02913684808e+13	0.000217190688729	0.999782832895
904.794169403	3.31346078631e+15	-3.0281223408e+13	0.000217355949437	0.999782667671
905.097199706	3.31235142587e+15	-3.02710851285e+13	0.000217521287488	0.999782502369
905.400230009	3.31124280802e+15	-3.02609536354e+13	0.000217686702486	0.99978233699
905.703260312	3.31013493202e+15	-3.02508289219e+13	0.00021785218192	0.999782171546
906.006290615	3.30902779711e+15	-3.02407109812e+13	0.000218017722452	0.999782006042
906.309320918	3.30792140255e+15	-3.02305998065e+13	0.000218183316785	0.999781840483
906.612351221	3.30681574761e+15	-3.02204953909e+13	0.000218348998958	0.999781674837
906.915381524	3.30571083154e+15	-3.02103977279e+13	0.000218514748156	0.999781509124
907.218411827	3.30460665361e+15	-3.02003068104e+13	0.000218680597891	0.999781343311
907.52144213	3.30350321306e+15	-3.01902226319e+13	0.000218846626057	0.999781177319
907.824472434	3.30240050917e+15	-3.01801451856e+13	0.000223552881985	0.999776472104
908.127502737	3.30129854119e+15	-3.01700744647e+13	0.000225641192503	0.999774384263
908.43053304	3.30019730839e+15	-3.01600104625e+13	0.000226204398583	0.999773821184
908.733563343	3.29909681004e+15	-3.01499531722e+13	0.000226825401788	0.999773200321
909.036593646	3.2979970454e+15	-3.01399025872e+13	0.00022752634085	0.999772499541
909.339623949	3.29689801373e+15	-3.01298587008e+13	0.000228341250478	0.999771684817
909.642654252	3.2957997143e+15	-3.01198215063e+13	0.000229322837769	0.999770703455
909.945684555	3.29470214639e+15	-3.01097909969e+13	0.000230552913419	0.999769473662
910.248714858	3.29360530926e+15	-3.0099767166e+13	0.000232159044327	0.999767867902
910.551745161	3.29250920218e+15	-3.00897500069e+13	0.000234341665253	0.999765685791
910.854775464	3.29141382442e+15	-3.00797395131e+13	0.000237421117878	0.999762607064
911.157805767	3.29031917526e+15	-3.00697356777e+13	0.000241928301074	0.999758100961
911.46083607	3.28922525396e+15	-3.00597384942e+13	0.000248810755921	0.999751220195
911.763866373	3.28813205981e+15	-3.0049747956e+13	0.000259979911744	0.99974005388
912.066896676	3.28703959208e+15	-3.00397640564e+13	0.000279797682819	0.999720241457
912.369926979	3.28594785004e+15	-3.00297867888e+13	0.000318476392216	0.999681574316
912.672957282	3.28485683298e+15	-3.00198161467e+13	0.000396804394714	0.999603274322
912.975987585	3.28376654016e+15	-3.00098521233e+13	0.000545087853632	0.99945506068
913.279017888	3.28267697087e+15	-2.99998947121e+13	0.000781315557511	0.99921898959
913.582048191	3.28158812439e+15	-2.99899439066e+13	0.0010668704804	0.998933698424
913.885078494	3.2805e+15	-2.99799997002e+13	0.00128416464027	0.998716659546
914.188108797	3.27941259698e+15	-2.99700620863e+13	0.00129777912183	0.998703062629
914.4911391	3.27832591462e+15	-2.99601310583e+13	0.00107158733526	0.998928986609
914.794169403	3.27723995219e+15	-2.99502066097e+13	0.000712145795239	0.99928810772
915.097199706	3.27615470899e+15	-2.9940288734e+13	0.000377648935594	0.999622422365
915.400230009	3.27507018429e+15	-2.99303774247e+13	0.000158978420436	0.999841034216
915.703260312	3.2739863774e+15	-2.99204726752e+13	5.29523094118e-05	0.999947049093
916.006290615	3.27290328758e+15	-2.99105744789e+13	1.39273218586e-05	0.999986072775
916.309320918	3.27182091414e+15	-2.99006828296e+13	2.8911516803e-06	0.999997108852
916.612351221	3.27073925636e+15	-2.98907977205e+13	4.76477375717e-07	0.999999523523
916.915381524	3.26965831352e+15	-2.98809191452e+13	6.4819621668e-08	0.99999993518
917.218411827	3.26857808494e+15	-2.98710470974e+13	9.74116845054e-09	0.999999990259
917.52144213	3.26749856988e+15	-2.98611815704e+13	3.52505504894e-09	0.999999996475
917.824472434	3.26641976766e+15	-2.98513225578e+13	2.61755134917e-09	0.999999997382
918.127502737	3.26534167756e+15	-2.98414700533e+13	2.23828655014e-09	0.999999997762
918.43053304	3.26426429888e+15	-2.98316240503e+13	1.96162353294e-09	0.999999998038
918.733563343	3.26318763091e+15	-2.98217845423e+13	1.74022796059e-09	0.99999999826
919.036593646	3.26211167295e+15	-2.98119515231e+13	1.55885742741e-09	0.999999998441
919.339623949	3.2610364243e+15	-2.98021249861e+13	1.4079562589e-09	0.999999998592
919.642654252	3.25996188426e+15	-2.9792304925e+13	1.28073293768e-09	0.999999998719
919.945684555	3.25888805213e+15	-2.97824913334e+13	1.17339003486e-09	0.999999998827
920.248714858	3.2578149272e+15	-2.97726842048e+13	1.08005314264e-09	0.99999999892
920.551745161	3.25674250878e+15	-2.97628835329e+13	9.98993121171e-10	0.999999999001
920.854775464	3.25567079618e+15	-2.97530893114e+13	9.28043133954e-10	0.999999999072
921.157805767	3.25459978869e+15	-2.97433015337e+13	8.65527447275e-10	0.999999999134
921.46083607	3.25352948562e+15	-2.97335201937e+13	8.0980762814e-10	0.99999999919
921.763866373	3.25245988628e+15	-2.97237452849e+13	7.61094299349e-10	0.999999999239
922.066896676	3.25139098997e+15	-2.9713976801e+13	7.16763856569e-10	0.999999999283
922.369926979	3.25032279599e+15	-2.97042147357e+13	6.76843429503e-10	0.999999999323
922.672957282	3.24925530367e+15	-2.96944590826e+13	6.40755050841e-10	0.999999999359
922.975987585	3.2481885123e+15	-2.96847098354e+13	6.08015740684e-10	0.999999999392
923.279017888	3.24712242119e+15	-2.96749669879e+13	5.78029504609e-10	0.999999999422
923.582048191	3.24605702966e+15	-2.96652305337e+13	5.50246569372e-10	0.99999999945
923.885078494	3.24499233702e+15	-2.96555004665e+13	5.25549572251e-10	0.999999999474
