912.0	3.28728070175e+15	-3.00667137885e+13	0.00135387674491	0.998647039333
911.814523908	3.28794938158e+15	-3.00728297874e+13	0.00133515755318	0.998665733373
911.629047815	3.2886183335e+15	-3.0078948275e+13	0.00132044786791	0.99868042354
911.443571723	3.28928755768e+15	-3.00850692528e+13	0.00130870388327	0.998692152096
911.258095631	3.28995705429e+15	-3.00911927222e+13	0.00129918680572	0.998701656772
911.072619538	3.29062682349e+15	-3.00973186849e+13	0.00129135896634	0.998709474479
910.887143446	3.29129686545e+15	-3.01034471424e+13	0.00128482145981	0.99871600357
910.701667354	3.29196718033e+15	-3.01095780962e+13	0.0012792750598	0.998721542864
910.516191262	3.2926377683e+15	-3.01157115477e+13	0.00127449358053	0.998726318241
910.330715169	3.29330862954e+15	-3.01218474986e+13	0.0012703052908	0.998730501205
910.145239077	3.2939797642e+15	-3.01279859503e+13	0.00126657943154	0.998734222342
909.959762985	3.29465117245e+15	-3.01341269044e+13	0.00126321624085	0.998737581281
909.774286892	3.29532285446e+15	-3.01402703625e+13	0.00126013952227	0.99874065412
909.5888108	3.29599481041e+15	-3.0146416326e+13	0.0012572909919	0.998743499067
909.403334708	3.29666704044e+15	-3.01525647964e+13	0.00125462601978	0.998746160694
909.217858615	3.29733954474e+15	-3.01587157754e+13	0.00125211035295	0.99874867321
909.032382523	3.29801232348e+15	-3.01648692645e+13	0.0012497176608	0.998751062911
908.846906431	3.29868537681e+15	-3.01710252651e+13	0.00124742761698	0.998753350097
908.661430339	3.29935870491e+15	-3.01771837789e+13	0.00124522447759	0.998755550493
908.475954246	3.30003230794e+15	-3.01833448073e+13	0.00121056732851	0.998790165113
908.290478154	3.30070618608e+15	-3.01895083519e+13	0.00120901772437	0.998791712843
908.105002062	3.30138033949e+15	-3.01956744143e+13	0.00120803048383	0.998792698891
907.919525969	3.30205476834e+15	-3.0201842996e+13	0.00120704384821	0.998793684336
907.734049877	3.30272947281e+15	-3.02080140985e+13	0.00120605781716	0.998794669178
907.548573785	3.30340445305e+15	-3.02141877234e+13	0.00120507239038	0.998795653418
907.363097692	3.30407970924e+15	-3.02203638722e+13	0.00120408756761	0.998796637055
907.1776216	3.30475524155e+15	-3.02265425465e+13	0.00120310334858	0.99879762009
906.992145508	3.30543105015e+15	-3.02327237478e+13	0.00120211973306	0.998798602523
906.806669415	3.3061071352e+15	-3.02389074777e+13	0.0012011367208	0.998799584355
906.621193323	3.30678349688e+15	-3.02450937378e+13	0.00120015431152	0.998800565586
906.435717231	3.30746013535e+15	-3.02512825295e+13	0.00119917250501	0.998801546215
906.250241139	3.30813705079e+15	-3.02574738544e+13	0.00119819130098	0.998802526244
906.064765046	3.30881424337e+15	-3.02636677142e+13	0.00119721069922	0.998803505672
905.879288954	3.30949171325e+15	-3.02698641103e+13	0.00119623069947	0.998804484499
905.693812862	3.31016946061e+15	-3.02760630443e+13	0.00119525130148	0.998805462727
905.508336769	3.31084748562e+15	-3.02822645177e+13	0.00119427250504	0.998806440355
905.322860677	3.31152578844e+15	-3.02884685322e+13	0.00119329430989	0.998807417383
905.137384585	3.31220436926e+15	-3.02946750893e+13	0.00119231671577	0.998808393811
904.951908492	3.31288322823e+15	-3.03008841905e+13	0.00119133972247	0.998809369641
904.7664324	3.31356236553e+15	-3.03070958375e+13	0.00119036332971	0.998810344872
904.580956308	3.31424178134e+15	-3.03133100317e+13	0.00118938753726	0.998811319504
904.395480216	3.31492147582e+15	-3.03195267748e+13	0.00118841234487	0.998812293537
904.210004123	3.31560144914e+15	-3.03257460683e+13	0.00118743775228	0.998813266973
904.024528031	3.31628170148e+15	-3.03319679138e+13	0.00118646375925	0.998814239811
903.839051939	3.31696223301e+15	-3.03381923128e+13	0.00118549036553	0.998815212051
903.653575846	3.3176430439e+15	-3.0344419267e+13	0.00118451757088	0.998816183693
903.468099754	3.31832413432e+15	-3.03506487779e+13	0.00118354537505	0.998817154739
903.282623662	3.31900550444e+15	-3.03568808471e+13	0.00118257377779	0.998818125187
903.097147569	3.31968715444e+15	-3.03631154761e+13	0.00118160277886	0.998819095039
902.911671477	3.32036908449e+15	-3.03693526665e+13	0.001180632378	0.998820064294
902.726195385	3.32105129476e+15	-3.037559242e+13	0.00117966257499	0.998821032953
902.540719293	3.32173378543e+15	-3.03818347381e+13	0.00117869336956	0.998822001017
902.3552432	3.32241655666e+15	-3.03880796223e+13	0.00117772476148	0.998822968484
902.169767108	3.32309960864e+15	-3.03943270743e+13	0.00117675675049	0.998823935356
901.984291016	3.32378294152e+15	-3.04005770957e+13	0.00117578933636	0.998824901633
901.798814923	3.3244665555e+15	-3.04068296879e+13	0.00117482251884	0.998825867315
901.613338831	3.32515045073e+15	-3.04130848527e+13	0.00117385629768	0.998826832402
901.427862739	3.3258346274e+15	-3.04193425916e+13	0.00117289067263	0.998827796895
901.242386646	3.32651908568e+15	-3.04256029062e+13	0.00117192564346	0.998828760793
901.056910554	3.32720382573e+15	-3.0431865798e+13	0.00117096120991	0.998829724098
900.871434462	3.32788884775e+15	-3.04381312688e+13	0.00116999737175	0.998830686808
900.685958369	3.32857415189e+15	-3.044439932e+13	0.00116903412872	0.998831648925
900.500482277	3.32925973834e+15	-3.04506699532e+13	0.00116807148058	0.998832610449
900.315006185	3.32994560726e+15	-3.04569431702e+13	0.00116710942709	0.99883357138
900.129530093	3.33063175884e+15	-3.04632189723e+13	0.001166147968	0.998834531718
899.944054	3.33131819325e+15	-3.04694973613e+13	0.00116518710307	0.998835491464
899.758577908	3.33200491066e+15	-3.04757783388e+13	0.00116422683205	0.998836450617
899.573101816	3.33269191125e+15	-3.04820619063e+13	0.00116326715469	0.998837409178
899.387625723	3.33337919519e+15	-3.04883480655e+13	0.00116230807076	0.998838367148
899.202149631	3.33406676266e+15	-3.0494636818e+13	0.00116134958	0.998839324525
899.016673539	3.33475461384e+15	-3.05009281653e+13	0.00116039168218	0.998840281312
898.831197446	3.33544274889e+15	-3.05072221091e+13	0.00115943437705	0.998841237507
898.645721354	3.336131168e+15	-3.05135186509e+13	0.00115847766436	0.998842193112
898.460245262	3.33681987134e+15	-3.05198177925e+13	0.00115752154387	0.998843148126
898.27476917	3.33750885909e+15	-3.05261195353e+13	0.00115656601533	0.998844102549
898.089293077	3.33819813142e+15	-3.05324238811e+13	0.0011556110785	0.998845056383
897.903816985	3.33888768851e+15	-3.05387308313e+13	0.00115465673314	0.998846009626
897.718340893	3.33957753054e+15	-3.05450403877e+13	0.001153702979	0.99884696228
897.5328648	3.34026765768e+15	-3.05513525519e+13	0.00115274981584	0.998847914345
897.347388708	3.34095807011e+15	-3.05576673254e+13	0.00115179724341	0.99884886582
897.161912616	3.34164876801e+15	-3.056398471e+13	0.00115084526147	0.998849816707
896.976436523	3.34233975155e+15	-3.05703047071e+13	0.00114989386978	0.998850767005
896.790960431	3.34303102092e+15	-3.05766273185e+13	0.00114894306809	0.998851716714
896.605484339	3.34372257628e+15	-3.05829525457e+13	0.00114799285615	0.998852665836
896.420008246	3.34441441782e+15	-3.05892803904e+13	0.00114704323373	0.998853614369
896.234532154	3.34510654571e+15	-3.05956108541e+13	0.00114609420058	0.998854562315
896.049056062	3.34579896013e+15	-3.06019439386e+13	0.00114514575645	0.998855509673
895.86357997	3.34649166127e+15	-3.06082796455e+13	0.0011441979011	0.998856456444
895.678103877	3.34718464929e+15	-3.06146179764e+13	0.0011432506343	0.998857402628
895.492627785	3.34787792437e+15	-3.06209589328e+13	0.00114230395578	0.998858348225
895.307151693	3.3485714867e+15	-3.06273025165e+13	0.00114135786532	0.998859293236
895.1216756	3.34926533646e+15	-3.06336487291e+13	0.00114041236266	0.99886023766
894.936199508	3.34995947381e+15	-3.06399975722e+13	0.00113946744757	0.998861181499
894.750723416	3.35065389895e+15	-3.06463490475e+13	0.0011385231198	0.998862124752
894.565247323	3.35134861204e+15	-3.06527031565e+13	0.00113757937911	0.998863067419
894.379771231	3.35204361328e+15	-3.0659059901e+13	0.00113663622524	0.998864009501
894.194295139	3.35273890283e+15	-3.06654192825e+13	0.00113569365797	0.998864950998
894.008819047	3.35343448088e+15	-3.06717813027e+13	0.00113475167705	0.99886589191
893.823342954	3.3541303476e+15	-3.06781459633e+13	0.00113381028223	0.998866832238
893.637866862	3.35482650319e+15	-3.06845132659e+13	0.00113286947326	0.998867771981
894.637866862	3.3510765764e+15	-3.06502150155e+13	0.00113794881241	0.998862698406
894.940897165	3.34994188946e+15	-3.0639836739e+13	0.00113949137272	0.998861157601
895.243927468	3.34880797067e+15	-3.06294654885e+13	0.00114103550077	0.998859615233
895.546957771	3.34767481927e+15	-3.06191012566e+13	0.00114258119762	0.9988580713
895.849988074	3.34654243446e+15	-3.06087440364e+13	0.00114412846435	0.998856525801
896.153018377	3.34541081548e+15	-3.05983938206e+13	0.00114567730201	0.998854978736
896.45604868	3.34427996154e+15	-3.05880506023e+13	0.00114722771167	0.998853430102
896.759078983	3.34314987187e+15	-3.05777143743e+13	0.00114877969438	0.9988518799
897.062109286	3.3420205457e+15	-3.05673851294e+13	0.00115033325122	0.998850328128
897.365139589	3.34089198225e+15	-3.05570628608e+13	0.00115188838325	0.998848774786
897.668169892	3.33976418074e+15	-3.05467475612e+13	0.00115344509152	0.998847219871
897.971200195	3.33863714042e+15	-3.05364392236e+13	0.00115500337711	0.998845663383
898.274230498	3.33751086051e+15	-3.0526137841e+13	0.00115656324108	0.99884410532
898.577260801	3.33638534023e+15	-3.05158434064e+13	0.0011581246845	0.998842545683
898.880291104	3.33526057882e+15	-3.05055559126e+13	0.00115968770843	0.998840984469
899.183321407	3.33413657552e+15	-3.04952753528e+13	0.00116125231394	0.998839421679
899.48635171	3.33301332955e+15	-3.04850017198e+13	0.0011628185021	0.998837857309
899.789382013	3.33189084016e+15	-3.04747350068e+13	0.00116438627396	0.998836291361
900.092412316	3.33076910657e+15	-3.04644752066e+13	0.00116595563061	0.998834723832
900.395442619	3.32964812802e+15	-3.04542223124e+13	0.0011675265731	0.998833154721
900.698472923	3.32852790376e+15	-3.04439763171e+13	0.00116909910251	0.998831584028
901.001503226	3.32740843302e+15	-3.04337372138e+13	0.0011706732199	0.998830011751
901.304533529	3.32628971505e+15	-3.04235049955e+13	0.00117224892634	0.998828437889
901.607563832	3.32517174907e+15	-3.04132796554e+13	0.0011738262229	0.998826862442
901.910594135	3.32405453434e+15	-3.04030611864e+13	0.00117540511066	0.998825285407
902.213624438	3.32293807009e+15	-3.03928495816e+13	0.00117698559067	0.998823706785
902.516654741	3.32182235558e+15	-3.03826448342e+13	0.00117856766402	0.998822126574
902.819685044	3.32070739004e+15	-3.03724469372e+13	0.00118015133176	0.998820544773
903.122715347	3.31959317273e+15	-3.03622558837e+13	0.00118173659498	0.998818961381
903.42574565	3.31847970288e+15	-3.03520716669e+13	0.00118332345474	0.998817376396
903.728775953	3.31736697975e+15	-3.03418942798e+13	0.00118491191212	0.998815789819
904.031806256	3.31625500259e+15	-3.03317237156e+13	0.00118650196819	0.998814201647
904.334836559	3.31514377065e+15	-3.03215599675e+13	0.00118809362402	0.99881261188
904.637866862	3.31403328317e+15	-3.03114030285e+13	0.0011896868807	0.998811020516
904.940897165	3.31292353942e+15	-3.03012528919e+13	0.0011912817393	0.998809427555
905.243927468	3.31181453864e+15	-3.02911095508e+13	0.00119287820092	0.998807832995
905.546957771	3.31070628008e+15	-3.02809729984e+13	0.00119447626663	0.998806236836
905.849988074	3.30959876301e+15	-3.02708432279e+13	0.0011960759375	0.998804639076
906.153018377	3.30849198667e+15	-3.02607202324e+13	0.00119767721457	0.998803039715
906.45604868	3.30738595033e+15	-3.02506040052e+13	0.0011992800989	0.99880143875
906.759078983	3.30628065325e+15	-3.02404945395e+13	0.00120088459156	0.998799836182
907.062109286	3.30517609468e+15	-3.02303918286e+13	0.0012024906936	0.998798232009
907.365139589	3.30407227388e+15	-3.02202958656e+13	0.00120409840619	0.998796626229
907.668169892	3.30296919011e+15	-3.02102066438e+13	0.00120570773035	0.998795018843
907.971200195	3.30186684264e+15	-3.02001241564e+13	0.00120731866724	0.998793409849
908.274230498	3.30076523073e+15	-3.01900483967e+13	0.00120893121822	0.998791799245
908.577260801	3.29966435365e+15	-3.0179979358e+13	0.00124183949249	0.998758931271
908.880291104	3.29856421065e+15	-3.01699170335e+13	0.00124783299269	0.998752945227
909.183321407	3.297464801e+15	-3.01598614166e+13	0.00125165617867	0.998749126816
909.48635171	3.29636612398e+15	-3.01498125005e+13	0.00125579853678	0.998744989648
909.789382013	3.29526817885e+15	-3.01397702786e+13	0.00126038070637	0.99874041324
910.092412316	3.29417096487e+15	-3.01297347441e+13	0.00126558830893	0.99873521221
910.395442619	3.29307448132e+15	-3.01197058903e+13	0.00127170844588	0.998729099833
910.698472923	3.29197872747e+15	-3.01096837107e+13	0.00127918679905	0.998721631012
911.001503226	3.29088370259e+15	-3.00996681985e+13	0.00128871796053	0.99871211208
911.304533529	3.28978940595e+15	-3.00896593471e+13	0.00130139282282	0.998699453622
911.607563832	3.28869583683e+15	-3.00796571498e+13	0.00131895200891	0.998681917426
911.910594135	3.28760299451e+15	-3.00696616001e+13	0.00134427041236	0.998656632714
912.213624438	3.28651087825e+15	-3.00596726912e+13	0.00138244379755	0.998618511338
912.516654741	3.28541948733e+15	-3.00496904166e+13	0.0014436532393	0.998557388327
912.819685044	3.28432882104e+15	-3.00397147697e+13	0.00155102397951	0.998450178237
913.122715347	3.28323887864e+15	-3.00297457438e+13	0.00175893416222	0.998242611856
913.42574565	3.28214965943e+15	-3.00197833324e+13	0.00218014998272	0.997822224818
913.728775953	3.28106116268e+15	-3.0009827529e+13	0.00298465030991	0.997019799331
914.031806256	3.27997338767e+15	-2.99998783268e+13	0.00428583774775	0.995723333348
914.334836559	3.27888633368e+15	-2.99899357194e+13	0.00589245949906	0.994124866992
914.637866862	3.2778e+15	-2.99799997002e+13	0.00716149488184	0.992864087517
914.940897165	3.27671438591e+15	-2.99700702627e+13	0.00731418823978	0.992712495339
915.243927468	3.2756294907e+15	-2.99601474003e+13	0.0061019734431	0.993916605788
915.546957771	3.27454531365e+15	-2.99502311064e+13	0.00409383756349	0.995914530766
915.849988074	3.27346185406e+15	-2.99403213747e+13	0.00218917114035	0.997813223347
916.153018377	3.2723791112e+15	-2.99304181985e+13	0.000928103280478	0.999072327274
916.45604868	3.27129708437e+15	-2.99205215714e+13	0.000310890899868	0.999689157422
916.759078983	3.27021577286e+15	-2.99106314868e+13	8.20986822989e-05	0.999917904688
917.062109286	3.26913517595e+15	-2.99007479384e+13	1.70645970594e-05	0.999982935549
917.365139589	3.26805529295e+15	-2.98908709195e+13	2.78865464821e-06	0.999997211349
917.668169892	3.26697612314e+15	-2.98810004237e+13	3.57979472495e-07	0.999999642021
917.971200195	3.26589766581e+15	-2.98711364447e+13	3.60791840892e-08	0.999999963921
918.274230498	3.26481992027e+15	-2.98612789758e+13	2.86032793958e-09	0.99999999714
918.577260801	3.2637428858e+15	-2.98514280108e+13	1.95708155888e-10	0.999999999804
918.880291104	3.26266656171e+15	-2.9841583543e+13	1.55287681927e-11	0.999999999984
919.183321407	3.26159094729e+15	-2.98317455662e+13	5.88147468083e-12	0.999999999994
919.48635171	3.26051604183e+15	-2.98219140739e+13	4.91462166303e-12	0.999999999995
919.789382013	3.25944184465e+15	-2.98120890597e+13	4.39326762148e-12	0.999999999996
920.092412316	3.25836835504e+15	-2.98022705172e+13	3.96773697176e-12	0.999999999996
920.395442619	3.25729557229e+15	-2.979245844e+13	3.6091476885e-12	0.999999999996
920.698472923	3.25622349572e+15	-2.97826528217e+13	3.30674042781e-12	0.999999999997
921.001503226	3.25515212462e+15	-2.97728536559e+13	3.04372438813e-12	0.999999999997
921.304533529	3.2540814583e+15	-2.97630609363e+13	2.81514786404e-12	0.999999999997
921.607563832	3.25301149606e+15	-2.97532746565e+13	2.6151189454e-12	0.999999999997
921.910594135	3.25194223721e+15	-2.97434948102e+13	2.43897308638e-12	0.999999999998
922.213624438	3.25087368106e+15	-2.9733721391e+13	2.28222675684e-12	0.999999999998
922.516654741	3.24980582691e+15	-2.97239543926e+13	2.14476650517e-12	0.999999999998
922.819685044	3.24873867408e+15	-2.97141938087e+13	2.02023235474e-12	0.999999999998
923.122715347	3.24767222186e+15	-2.97044396329e+13	1.90726208104e-12	0.999999999998
923.42574565	3.24660646958e+15	-2.96946918589e+13	1.80515103427e-12	0.999999999998
923.728775953	3.24554141653e+15	-2.96849504805e+13	1.71307408301e-12	0.999999999998
924.031806256	3.24447706205e+15	-2.96752154913e+13	1.62849877765e-12	0.999999999998
924.334836559	3.24341340543e+15	-2.96654868851e+13	1.55018340761e-12	0.999999999998
924.637866862	3.24235044599e+15	-2.96557646556e+13	1.48065936305e-12	0.999999999999
