912.0	3.28728070175e+15	-3.00300671749e+13	0.00159493605424	0.99840633518
911.803263299	3.28798998717e+15	-3.00365466609e+13	0.00145935130307	0.998541713032
911.606526598	3.28869957874e+15	-3.00430289435e+13	0.00137270722074	0.998628234511
911.409789897	3.28940947665e+15	-3.00495140246e+13	0.00131532430472	0.998685540355
911.213053196	3.2901196811e+15	-3.00560019062e+13	0.00127562991418	0.998725183356
911.016316495	3.2908301923e+15	-3.00624925898e+13	0.00124705494546	0.998753722304
910.819579795	3.29154101043e+15	-3.00689860774e+13	0.00122582920135	0.99877492182
910.622843094	3.29225213571e+15	-3.00754823709e+13	0.00120968622892	0.998791045147
910.426106393	3.29296356832e+15	-3.00819814719e+13	0.00119717854433	0.998803537788
910.229369692	3.29367530847e+15	-3.00884833823e+13	0.00118732950643	0.99881337509
910.032632991	3.29438735636e+15	-3.0094988104e+13	0.00117945281739	0.998821242464
909.83589629	3.29509971218e+15	-3.01014956388e+13	0.00117305321619	0.998827634542
909.639159589	3.29581237615e+15	-3.01080059885e+13	0.00116776715117	0.998832914424
909.442422888	3.29652534844e+15	-3.01145191549e+13	0.00116332567482	0.998837350726
909.245686187	3.29723862928e+15	-3.01210351398e+13	0.00115952786211	0.998841144131
909.048949486	3.29795221885e+15	-3.01275539451e+13	0.0011562234662	0.998844444703
908.852212785	3.29866611736e+15	-3.01340755727e+13	0.00115329978173	0.998847365013
908.655476085	3.299380325e+15	-3.01406000243e+13	0.00115067214658	0.998849989623
908.458739384	3.30009484199e+15	-3.01471273018e+13	0.00114827686593	0.998852382152
908.262002683	3.30080966852e+15	-3.0153657407e+13	0.00114606595447	0.998854590528
908.065265982	3.30152480478e+15	-3.01601903417e+13	0.00114400318192	0.99885665094
907.868529281	3.30224025099e+15	-3.01667261079e+13	0.00114206112319	0.99885859078
907.67179258	3.30295600735e+15	-3.01732647073e+13	0.00114021893961	0.998860430863
907.475055879	3.30367207404e+15	-3.01798061417e+13	0.00113205573283	0.998868584801
907.278319178	3.30438845129e+15	-3.01863504131e+13	0.00110695410513	0.998893658343
907.081582477	3.30510513929e+15	-3.01928975233e+13	0.00110633821929	0.998894273547
906.884845776	3.30582213824e+15	-3.01994474741e+13	0.00110572266695	0.998894888419
906.688109075	3.30653944834e+15	-3.02060002674e+13	0.00110510734721	0.998895503059
906.491372374	3.3072570698e+15	-3.02125559049e+13	0.00110449225342	0.998896117474
906.294635674	3.30797500282e+15	-3.02191143887e+13	0.00110387738499	0.998896731664
906.097898973	3.30869324761e+15	-3.02256757204e+13	0.001103262739	0.998897345632
905.901162272	3.30941180435e+15	-3.02322399021e+13	0.00110264831573	0.998897959378
905.704425571	3.31013067327e+15	-3.02388069355e+13	0.00110203411672	0.9988985729
905.50768887	3.31084985456e+15	-3.02453768224e+13	0.00110142013788	0.998899186203
905.310952169	3.31156934843e+15	-3.02519495649e+13	0.00110080638225	0.998899799283
905.114215468	3.31228915508e+15	-3.02585251646e+13	0.00110019284679	0.998900412143
904.917478767	3.31300927471e+15	-3.02651036236e+13	0.00109957953421	0.998901024782
904.720742066	3.31372970753e+15	-3.02716849436e+13	0.00109896644261	0.9989016372
904.524005365	3.31445045374e+15	-3.02782691264e+13	0.00109835357453	0.998902249395
904.327268664	3.31517151355e+15	-3.02848561741e+13	0.00109774092945	0.998902861368
904.130531964	3.31589288716e+15	-3.02914460885e+13	0.001097128507	0.998903473118
903.933795263	3.31661457478e+15	-3.02980388713e+13	0.00109651630876	0.998904084646
903.737058562	3.3173365766e+15	-3.03046345246e+13	0.00109590433386	0.99890469595
903.540321861	3.31805889285e+15	-3.03112330501e+13	0.00109529258148	0.998905307033
903.34358516	3.31878152372e+15	-3.03178344498e+13	0.00109468105245	0.998905917892
903.146848459	3.31950446942e+15	-3.03244387255e+13	0.00109406974593	0.99890652853
902.950111758	3.32022773015e+15	-3.03310458791e+13	0.00109345866126	0.998907138947
902.753375057	3.32095130612e+15	-3.03376559125e+13	0.00109284779916	0.998907749142
902.556638356	3.32167519754e+15	-3.03442688276e+13	0.00109223715907	0.998908359115
902.359901655	3.32239940461e+15	-3.03508846262e+13	0.00109162674056	0.998908968867
902.163164954	3.32312392753e+15	-3.03575033103e+13	0.00109101654425	0.998909578398
901.966428254	3.32384876653e+15	-3.03641248817e+13	0.00109040656974	0.998910187707
901.769691553	3.32457392179e+15	-3.03707493423e+13	0.0010897968167	0.998910796796
901.572954852	3.32529939354e+15	-3.0377376694e+13	0.00108918728562	0.998911405664
901.376218151	3.32602518197e+15	-3.03840069388e+13	0.00108857797619	0.99891201431
901.17948145	3.3267512873e+15	-3.03906400784e+13	0.00108796888814	0.998912622735
900.982744749	3.32747770973e+15	-3.03972761148e+13	0.00108736002185	0.99891323094
900.786008048	3.32820444946e+15	-3.040391505e+13	0.00108675137708	0.998913838923
900.589271347	3.32893150672e+15	-3.04105568857e+13	0.0010861429536	0.998914446686
900.392534646	3.3296588817e+15	-3.04172016239e+13	0.0010855347517	0.998915054228
900.195797945	3.33038657461e+15	-3.04238492666e+13	0.00108492677106	0.998915661549
899.999061244	3.33111458567e+15	-3.04304998155e+13	0.00108431901188	0.99891626865
899.802324544	3.33184291508e+15	-3.04371532726e+13	0.00108371147399	0.998916875529
899.605587843	3.33257156304e+15	-3.04438096399e+13	0.00108310415724	0.998917482188
899.408851142	3.33330052978e+15	-3.04504689192e+13	0.00108249706181	0.998918088627
899.212114441	3.3340298155e+15	-3.04571311124e+13	0.00108189018746	0.998918694845
899.01537774	3.3347594204e+15	-3.04637962215e+13	0.00108128353431	0.998919300842
898.818641039	3.3354893447e+15	-3.04704642483e+13	0.00108067710218	0.998919906619
898.621904338	3.3362195886e+15	-3.04771351948e+13	0.00108007089111	0.998920512176
898.425167637	3.33695015233e+15	-3.0483809063e+13	0.00107946490104	0.998921117512
898.228430936	3.33768103608e+15	-3.04904858546e+13	0.00107885913195	0.998921722627
898.031694235	3.33841224006e+15	-3.04971655717e+13	0.00107825358377	0.998922327523
897.834957534	3.3391437645e+15	-3.05038482162e+13	0.00107764825645	0.998922932198
897.638220833	3.33987560959e+15	-3.05105337899e+13	0.00107704314996	0.998923536653
897.441484133	3.34060777556e+15	-3.05172222949e+13	0.00107643826426	0.998924140888
897.244747432	3.3413402626e+15	-3.0523913733e+13	0.00107583359929	0.998924744902
897.048010731	3.34207307094e+15	-3.05306081062e+13	0.00107522915502	0.998925348697
896.85127403	3.34280620078e+15	-3.05373054163e+13	0.00107462493141	0.998925952271
896.654537329	3.34353965233e+15	-3.05440056655e+13	0.00107402092841	0.998926555626
896.457800628	3.34427342581e+15	-3.05507088555e+13	0.00107341714598	0.99892715876
896.261063927	3.34500752143e+15	-3.05574149883e+13	0.00107281358408	0.998927761675
896.064327226	3.3457419394e+15	-3.05641240658e+13	0.00107221024267	0.998928364369
895.867590525	3.34647667993e+15	-3.05708360901e+13	0.0010716071217	0.998928966844
895.670853824	3.34721174324e+15	-3.0577551063e+13	0.00107100422114	0.998929569099
895.474117123	3.34794712954e+15	-3.05842689864e+13	0.00107040154093	0.998930171134
895.277380423	3.34868283904e+15	-3.05909898624e+13	0.00106979908105	0.99893077295
895.080643722	3.34941887195e+15	-3.05977136929e+13	0.00106919684144	0.998931374546
894.883907021	3.35015522849e+15	-3.06044404797e+13	0.00106859482207	0.998931975922
894.68717032	3.35089190888e+15	-3.06111702249e+13	0.00106799302289	0.998932577079
894.490433619	3.35162891331e+15	-3.06179029305e+13	0.00106739144386	0.998933178016
894.293696918	3.35236624202e+15	-3.06246385983e+13	0.00106679008494	0.998933778733
894.096960217	3.35310389521e+15	-3.06313772303e+13	0.00106618894609	0.998934379231
893.900223516	3.3538418731e+15	-3.06381188286e+13	0.00106558802726	0.99893497951
893.703486815	3.3545801759e+15	-3.06448633949e+13	0.00106498732841	0.998935579569
893.506750114	3.35531880382e+15	-3.06516109314e+13	0.00106438684951	0.998936179409
893.310013413	3.35605775709e+15	-3.06583614399e+13	0.0010637865905	0.99893677903
893.113276713	3.35679703591e+15	-3.06651149225e+13	0.00106318655135	0.998937378431
892.916540012	3.3575366405e+15	-3.06718713811e+13	0.00106258673201	0.998937977613
892.719803311	3.35827657108e+15	-3.06786308176e+13	0.00106198713245	0.998938576576
892.52306661	3.35901682787e+15	-3.06853932341e+13	0.00106138775261	0.99893917532
893.52306661	3.35525753283e+15	-3.06510512068e+13	0.00106443664228	0.998936129669
893.826096913	3.35412001323e+15	-3.06406597028e+13	0.00106536166967	0.998935205627
894.129127216	3.35298326466e+15	-3.06302752424e+13	0.00106628721892	0.998934281063
894.432157519	3.35184728635e+15	-3.06198978185e+13	0.00106721329019	0.998933355979
894.735187822	3.3507120775e+15	-3.06095274239e+13	0.00106813988363	0.998932430375
895.038218125	3.34957763734e+15	-3.05991640513e+13	0.0010690669994	0.998931504249
895.341248428	3.3484439651e+15	-3.05888076939e+13	0.00106999463765	0.998930577602
895.644278731	3.34731105998e+15	-3.05784583443e+13	0.00107092279853	0.998929650435
895.947309034	3.3461789212e+15	-3.05681159954e+13	0.0010718514822	0.998928722745
896.250339337	3.34504754801e+15	-3.05577806403e+13	0.00107278068881	0.998927794535
896.55336964	3.34391693961e+15	-3.05474522718e+13	0.00107371041851	0.998926865802
896.856399943	3.34278709523e+15	-3.05371308827e+13	0.00107464067146	0.998925936548
897.159430246	3.34165801409e+15	-3.05268164661e+13	0.00107557144782	0.998925006772
897.462460549	3.34052969543e+15	-3.05165090149e+13	0.00107650274773	0.998924076473
897.765490852	3.33940213847e+15	-3.0506208522e+13	0.00107743457135	0.998923145653
898.068521155	3.33827534245e+15	-3.04959149804e+13	0.00107836691884	0.99892221431
898.371551458	3.33714930658e+15	-3.0485628383e+13	0.00107929979035	0.998921282444
898.674581761	3.3360240301e+15	-3.04753487229e+13	0.00108023318605	0.998920350056
898.977612064	3.33489951225e+15	-3.04650759929e+13	0.0010811671061	0.998919417144
899.280642367	3.33377575226e+15	-3.04548101861e+13	0.00108210155065	0.99891848371
899.58367267	3.33265274936e+15	-3.04445512956e+13	0.00108303651987	0.998917549753
899.886702973	3.33153050278e+15	-3.04342993142e+13	0.00108397201389	0.998916615272
900.189733276	3.33040901176e+15	-3.04240542351e+13	0.00108490803277	0.998915680267
900.492763579	3.32928827555e+15	-3.04138160513e+13	0.00108584457689	0.998914744739
900.795793883	3.32816829337e+15	-3.04035847557e+13	0.0010867816463	0.998913808687
901.098824186	3.32704906447e+15	-3.03933603415e+13	0.00108771924097	0.998912872111
901.401854489	3.32593058808e+15	-3.03831428018e+13	0.00108865736143	0.998911935011
901.704884792	3.32481286346e+15	-3.03729321295e+13	0.00108959600744	0.998910997387
902.007915095	3.32369588984e+15	-3.03627283178e+13	0.00109053517963	0.998910059238
902.310945398	3.32257966646e+15	-3.03525313598e+13	0.00109147487766	0.998909120564
902.613975701	3.32146419257e+15	-3.03423412485e+13	0.00109241510234	0.998908181366
902.917006004	3.32034946741e+15	-3.0332157977e+13	0.00109335585325	0.998907241642
903.220036307	3.31923549023e+15	-3.03219815386e+13	0.00109429713156	0.998906301393
903.52306661	3.31812226029e+15	-3.03118119262e+13	0.00109523893699	0.998905360618
903.826096913	3.31700977681e+15	-3.03016491331e+13	0.00109618127149	0.998904419316
904.129127216	3.31589803907e+15	-3.02914931524e+13	0.00109712413496	0.998903477486
904.432157519	3.3147870463e+15	-3.02813439771e+13	0.00109806752929	0.998902535126
904.735187822	3.31367679776e+15	-3.02712016006e+13	0.00109901145236	0.99890159224
905.038218125	3.3125672927e+15	-3.02610660159e+13	0.00109995590423	0.998900648826
905.341248428	3.31145853037e+15	-3.02509372163e+13	0.00110090088247	0.998899704887
905.644278731	3.31035051003e+15	-3.02408151949e+13	0.00110184638653	0.998898760423
905.947309034	3.30924323093e+15	-3.0230699945e+13	0.00110279241504	0.998897815437
906.250339337	3.30813669233e+15	-3.02205914596e+13	0.00110373897518	0.998896869921
906.55336964	3.30703089349e+15	-3.02104897322e+13	0.00110468606282	0.998895923878
906.856399943	3.30592583367e+15	-3.02003947558e+13	0.00110563368504	0.998894977303
907.159430246	3.30482151212e+15	-3.01903065237e+13	0.00110658185813	0.998894030178
907.462460549	3.30371792811e+15	-3.01802250292e+13	0.00112979250452	0.998870845471
907.765490852	3.30261508089e+15	-3.01701502655e+13	0.00114108495286	0.998859565837
908.068521155	3.30151296973e+15	-3.01600822258e+13	0.00114403626373	0.998856617896
908.371551458	3.3004115939e+15	-3.01500209035e+13	0.0011472766919	0.998853381178
908.674581761	3.29931095265e+15	-3.01399662918e+13	0.00115091624999	0.9988497458
908.977612064	3.29821104525e+15	-3.01299183841e+13	0.00115512429574	0.998845542604
909.280642367	3.29711187098e+15	-3.01198771735e+13	0.00116016286049	0.998840509868
909.58367267	3.29601342909e+15	-3.01098426535e+13	0.00116643877936	0.998834241246
909.886702973	3.29491571885e+15	-3.00998148172e+13	0.00117458651383	0.998826103043
910.189733276	3.29381873954e+15	-3.00897936582e+13	0.00118560221329	0.998815100335
910.492763579	3.29272249042e+15	-3.00797791696e+13	0.00120107700693	0.998799643997
910.795793883	3.29162697076e+15	-3.00697713449e+13	0.00122364192187	0.998777106423
911.098824186	3.29053217984e+15	-3.00597701773e+13	0.00125797164577	0.998742819269
911.401854489	3.28943811694e+15	-3.00497756603e+13	0.00131343771692	0.998687424465
911.704884792	3.28834478131e+15	-3.00397877871e+13	0.00141136752588	0.998589627985
912.007915095	3.28725217225e+15	-3.00298065513e+13	0.00160181113482	0.99839947108
912.310945398	3.28616028902e+15	-3.00198319461e+13	0.00198789367099	0.998014080881
912.613975701	3.2850691309e+15	-3.0009863965e+13	0.00272326203194	0.997280442682
912.917006004	3.28397869717e+15	-2.99999026014e+13	0.00390654092907	0.996101079675
913.220036307	3.28288898711e+15	-2.99899478486e+13	0.00535708054362	0.994657243023
913.52306661	3.2818e+15	-2.99799997002e+13	0.00648872621481	0.99353228011
913.826096913	3.28071173512e+15	-2.99700581495e+13	0.00660360653827	0.993418149356
914.129127216	3.27962419175e+15	-2.99601231899e+13	0.00549091062336	0.994524136872
914.432157519	3.27853736917e+15	-2.9950194815e+13	0.00367322620772	0.996333511835
914.735187822	3.27745126668e+15	-2.99402730182e+13	0.0019595900392	0.998042328704
915.038218125	3.27636588354e+15	-2.99303577929e+13	0.00082927019327	0.999171073556
915.341248428	3.27528121905e+15	-2.99204491326e+13	0.000277444588962	0.999722593895
915.644278731	3.2741972725e+15	-2.99105470308e+13	7.32202304289e-05	0.99992678245
915.947309034	3.27311404317e+15	-2.9900651481e+13	1.52191329989e-05	0.999984780983
916.250339337	3.27203153034e+15	-2.98907624766e+13	2.4892642503e-06	0.999997510739
916.55336964	3.27094973332e+15	-2.98808800113e+13	3.20714647597e-07	0.999999679285
916.856399943	3.26986865139e+15	-2.98710040785e+13	3.29937116028e-08	0.999999967006
917.159430246	3.26878828384e+15	-2.98611346717e+13	3.18693508646e-09	0.999999996813
917.462460549	3.26770862996e+15	-2.98512717845e+13	7.06672470642e-10	0.999999999293
917.765490852	3.26662968905e+15	-2.98414154104e+13	4.73325908992e-10	0.999999999527
918.068521155	3.26555146039e+15	-2.98315655429e+13	4.08144437254e-10	0.999999999592
918.371551458	3.2644739433e+15	-2.98217221757e+13	3.61825772767e-10	0.999999999638
918.674581761	3.26339713705e+15	-2.98118853022e+13	3.2411482276e-10	0.999999999676
918.977612064	3.26232104095e+15	-2.98020549161e+13	2.92743250274e-10	0.999999999707
919.280642367	3.2612456543e+15	-2.9792231011e+13	2.66295703322e-10	0.999999999734
919.58367267	3.26017097639e+15	-2.97824135804e+13	2.43979165368e-10	0.999999999756
919.886702973	3.25909700652e+15	-2.9772602618e+13	2.24576268365e-10	0.999999999775
920.189733276	3.258023744e+15	-2.97627981173e+13	2.07724138854e-10	0.999999999792
920.492763579	3.25695118812e+15	-2.97530000719e+13	1.92974367667e-10	0.999999999807
920.795793883	3.2558793382e+15	-2.97432084756e+13	1.799746993e-10	0.99999999982
921.098824186	3.25480819352e+15	-2.97334233219e+13	1.68393226629e-10	0.999999999832
921.401854489	3.2537377534e+15	-2.97236446045e+13	1.58264372237e-10	0.999999999842
921.704884792	3.25266801714e+15	-2.9713872317e+13	1.49048302035e-10	0.999999999851
922.007915095	3.25159898404e+15	-2.97041064531e+13	1.40746889746e-10	0.999999999859
922.310945398	3.25053065342e+15	-2.96943470064e+13	1.33244810369e-10	0.999999999867
922.613975701	3.24946302458e+15	-2.96845939707e+13	1.2643776786e-10	0.999999999874
922.917006004	3.24839609683e+15	-2.96748473396e+13	1.20202769121e-10	0.99999999988
923.220036307	3.24732986948e+15	-2.96651071068e+13	1.14425257901e-10	0.999999999886
923.52306661	3.24626434184e+15	-2.9655373266e+13	1.09292989626e-10	0.999999999891
