912.0	3.28728070175e+15	-3.00145194013e+13	0.000452929809343	0.999547172748
911.798485848	3.2880072149e+15	-3.00211528303e+13	0.000373180473357	0.99962688915
911.596971697	3.28873404924e+15	-3.00277891919e+13	0.000321884529571	0.99967816727
911.395457545	3.28946120499e+15	-3.00344284883e+13	0.000289856900388	0.999710185104
911.193943393	3.29018868237e+15	-3.00410707212e+13	0.00026979129258	0.999730245098
910.992429241	3.2909164816e+15	-3.00477158928e+13	0.000256833747815	0.999743199231
910.79091509	3.29164460287e+15	-3.00543640048e+13	0.000248084383097	0.999751946387
910.589400938	3.29237304642e+15	-3.00610150593e+13	0.000241913711503	0.999758115547
910.387886786	3.29310181244e+15	-3.00676690582e+13	0.000237403140798	0.999762625037
910.186372635	3.29383090116e+15	-3.00743260035e+13	0.000234019271108	0.999766008109
909.984858483	3.29456031279e+15	-3.00809858971e+13	0.00023142778311	0.999768598994
909.783344331	3.29529004755e+15	-3.0087648741e+13	0.00022940896421	0.999770617348
909.581830179	3.29602010564e+15	-3.00943145372e+13	0.00022781068314	0.999772215264
909.380316028	3.29675048729e+15	-3.01009832876e+13	0.000226524715297	0.999773500939
909.178801876	3.29748119271e+15	-3.01076549941e+13	0.000225472374052	0.999774553043
908.977287724	3.29821222212e+15	-3.01143296588e+13	0.00022459585159	0.999775429368
908.775773572	3.29894357572e+15	-3.01210072836e+13	0.000223852374879	0.999776172678
908.574259421	3.29967525374e+15	-3.01276878705e+13	0.000223210172823	0.999776814737
908.372745269	3.3004072564e+15	-3.01343714215e+13	0.0002226455867	0.999777379197
908.171231117	3.3011395839e+15	-3.01410579385e+13	0.00022214097026	0.999777883701
907.969716966	3.30187223647e+15	-3.01477474234e+13	0.00022168313388	0.999778341436
907.768202814	3.30260521431e+15	-3.01544398784e+13	0.000221262220565	0.999778762256
907.566688662	3.30333851766e+15	-3.01611353053e+13	0.000220870832006	0.999779153558
907.36517451	3.30407214672e+15	-3.01678337062e+13	0.000220503405241	0.999779520904
907.163660359	3.30480610171e+15	-3.01745350829e+13	0.0002201557412	0.999779868491
906.962146207	3.30554038285e+15	-3.01812394376e+13	0.000217326895644	0.999782696718
906.760632055	3.30627499035e+15	-3.01879467721e+13	0.000213788081868	0.999786234769
906.559117904	3.30700992444e+15	-3.01946570886e+13	0.000213680198628	0.999786342629
906.357603752	3.30774518533e+15	-3.02013703889e+13	0.000213572375418	0.99978645043
906.1560896	3.30848077324e+15	-3.0208086675e+13	0.000213464589517	0.999786558192
905.954575448	3.30921668839e+15	-3.0214805949e+13	0.000213356838099	0.999786665921
905.753061297	3.309952931e+15	-3.02215282129e+13	0.000213249116101	0.99978677362
905.551547145	3.31068950128e+15	-3.02282534685e+13	0.000213141429015	0.999786881284
905.350032993	3.31142639945e+15	-3.02349817181e+13	0.000213033769979	0.99978698892
905.148518842	3.31216362574e+15	-3.02417129634e+13	0.000212926141214	0.999787096526
904.94700469	3.31290118036e+15	-3.02484472066e+13	0.000212818543788	0.9997872041
904.745490538	3.31363906353e+15	-3.02551844496e+13	0.000212710974293	0.999787311647
904.543976386	3.31437727547e+15	-3.02619246945e+13	0.000212603435592	0.999787419163
904.342462235	3.3151158164e+15	-3.02686679432e+13	0.000212495926622	0.999787526649
904.140948083	3.31585468655e+15	-3.02754141977e+13	0.000212388446961	0.999787634106
903.939433931	3.31659388612e+15	-3.02821634602e+13	0.000212280999366	0.999787741531
903.737919779	3.31733341535e+15	-3.02889157325e+13	0.000212173582512	0.999787848925
903.536405628	3.31807327444e+15	-3.02956710167e+13	0.0002120661983	0.999787956286
903.334891476	3.31881346363e+15	-3.03024293149e+13	0.000211958845897	0.999788063616
903.133377324	3.31955398314e+15	-3.03091906289e+13	0.00021185152449	0.999788170914
902.931863173	3.32029483317e+15	-3.03159549609e+13	0.000211744235024	0.999788278181
902.730349021	3.32103601397e+15	-3.03227223129e+13	0.000211636976587	0.999788385417
902.528834869	3.32177752574e+15	-3.03294926868e+13	0.000211529748492	0.999788492622
902.327320717	3.32251936871e+15	-3.03362660848e+13	0.000211422551535	0.999788599797
902.125806566	3.3232615431e+15	-3.03430425089e+13	0.000211315385136	0.99978870694
901.924292414	3.32400404914e+15	-3.03498219609e+13	0.000211208248873	0.999788814054
901.722778262	3.32474688704e+15	-3.03566044431e+13	0.00021110114345	0.999788921137
901.521264111	3.32549005703e+15	-3.03633899575e+13	0.000210994068468	0.999789028189
901.319749959	3.32623355933e+15	-3.0370178506e+13	0.000210887023627	0.999789135211
901.118235807	3.32697739416e+15	-3.03769700907e+13	0.000210780009495	0.999789242203
900.916721655	3.32772156176e+15	-3.03837647136e+13	0.00021067302577	0.999789349164
900.715207504	3.32846606233e+15	-3.03905623768e+13	0.000210566072221	0.999789456095
900.513693352	3.32921089611e+15	-3.03973630823e+13	0.000210459149299	0.999789562996
900.3121792	3.32995606331e+15	-3.04041668322e+13	0.000210352256767	0.999789669866
900.110665049	3.33070156417e+15	-3.04109736285e+13	0.000210245394446	0.999789776706
899.909150897	3.3314473989e+15	-3.04177834733e+13	0.000210138562691	0.999789883515
899.707636745	3.33219356773e+15	-3.04245963686e+13	0.000210031761175	0.999789990294
899.506122593	3.33294007089e+15	-3.04314123164e+13	0.000209924990183	0.999790097043
899.304608442	3.33368690859e+15	-3.04382313188e+13	0.000209818249567	0.999790203761
899.10309429	3.33443408107e+15	-3.04450533779e+13	0.000209711539216	0.999790310449
898.901580138	3.33518158856e+15	-3.04518784957e+13	0.000209604859348	0.999790417106
898.700065986	3.33592943126e+15	-3.04587066742e+13	0.000209498209766	0.999790523733
898.498551835	3.33667760942e+15	-3.04655379156e+13	0.000209391590574	0.99979063033
898.297037683	3.33742612325e+15	-3.04723722219e+13	0.000209285001811	0.999790736897
898.095523531	3.33817497298e+15	-3.04792095951e+13	0.00020917844337	0.999790843433
897.89400938	3.33892415885e+15	-3.04860500374e+13	0.0002090719153	0.999790949939
897.692495228	3.33967368106e+15	-3.04928935507e+13	0.000208965417623	0.999791056414
897.490981076	3.34042353986e+15	-3.04997401372e+13	0.000208858950303	0.999791162859
897.289466924	3.34117373547e+15	-3.0506589799e+13	0.000208752513338	0.999791269274
897.087952773	3.34192426811e+15	-3.0513442538e+13	0.000208646106726	0.999791375658
896.886438621	3.34267513801e+15	-3.05202983564e+13	0.000208539730466	0.999791482012
896.684924469	3.34342634541e+15	-3.05271572563e+13	0.000208433384556	0.999791588336
896.483410318	3.34417789052e+15	-3.05340192396e+13	0.000208327068993	0.99979169463
896.281896166	3.34492977357e+15	-3.05408843086e+13	0.000208220783777	0.999791800893
896.080382014	3.3456819948e+15	-3.05477524653e+13	0.000208114528905	0.999791907125
895.878867862	3.34643455443e+15	-3.05546237117e+13	0.000208008304375	0.999792013328
895.677353711	3.34718745269e+15	-3.056149805e+13	0.000207902110185	0.9997921195
895.475839559	3.34794068981e+15	-3.05683754823e+13	0.000207795946334	0.999792225642
895.274325407	3.34869426601e+15	-3.05752560106e+13	0.000207689812821	0.999792331753
895.072811256	3.34944818153e+15	-3.0582139637e+13	0.000207583709642	0.999792437834
894.871297104	3.3502024366e+15	-3.05890263636e+13	0.000207477636796	0.999792543885
894.669782952	3.35095703144e+15	-3.05959161925e+13	0.000207371594281	0.999792649906
894.4682688	3.35171196628e+15	-3.06028091259e+13	0.000207265582096	0.999792755896
894.266754649	3.35246724136e+15	-3.06097051657e+13	0.000207159600239	0.999792861856
894.065240497	3.35322285691e+15	-3.06166043142e+13	0.000207053648707	0.999792967785
893.863726345	3.35397881314e+15	-3.06235065734e+13	0.000206947727499	0.999793073685
893.662212194	3.35473511031e+15	-3.06304119454e+13	0.000206841836613	0.999793179554
893.460698042	3.35549174863e+15	-3.06373204323e+13	0.000206735976048	0.999793285392
893.25918389	3.35624872833e+15	-3.06442320362e+13	0.000206630145801	0.999793391201
893.057669738	3.35700604965e+15	-3.06511467593e+13	0.00020652434587	0.999793496979
892.856155587	3.35776371282e+15	-3.06580646036e+13	0.000206418576254	0.999793602727
892.654641435	3.35852171808e+15	-3.06649855713e+13	0.000206312836951	0.999793708444
892.453127283	3.35928006564e+15	-3.06719096645e+13	0.000206207127959	0.999793814131
892.251613131	3.36003875575e+15	-3.06788368853e+13	0.000206101449275	0.999793919788
892.05009898	3.36079778863e+15	-3.06857672358e+13	0.0002059958009	0.999794025415
893.05009898	3.35703450839e+15	-3.06514066019e+13	0.000206520371625	0.999793500952
893.353129283	3.35589578379e+15	-3.06410094758e+13	0.000206679479824	0.999793341877
893.656159586	3.35475783146e+15	-3.06306194008e+13	0.000206838656581	0.999793182733
893.959189889	3.35362065059e+15	-3.06202363699e+13	0.000206997901901	0.999793023521
894.262220192	3.35248424042e+15	-3.06098603757e+13	0.000207157215791	0.99979286424
894.565250495	3.35134860016e+15	-3.05994914111e+13	0.000207316598257	0.99979270489
894.868280798	3.35021372903e+15	-3.05891294691e+13	0.000207476049306	0.999792545472
895.171311101	3.34907962624e+15	-3.05787745425e+13	0.000207635568942	0.999792385986
895.474341404	3.34794629101e+15	-3.05684266241e+13	0.000207795157174	0.999792226431
895.777371707	3.34681372257e+15	-3.05580857068e+13	0.000207954814007	0.999792066807
896.08040201	3.34568192014e+15	-3.05477517836e+13	0.000208114539447	0.999791907115
896.383432313	3.34455088295e+15	-3.05374248474e+13	0.0002082743335	0.999791747354
896.686462616	3.3434206102e+15	-3.0527104891e+13	0.000208434196173	0.999791587525
896.989492919	3.34229110114e+15	-3.05167919074e+13	0.000208594127473	0.999791427627
897.292523222	3.34116235499e+15	-3.05064858895e+13	0.000208754127405	0.99979126766
897.595553525	3.34003437097e+15	-3.04961868303e+13	0.000208914195975	0.999791107625
897.898583828	3.33890714831e+15	-3.04858947227e+13	0.000209074333191	0.999790947521
898.201614131	3.33778068624e+15	-3.04756095597e+13	0.000209234539091	0.999790787349
898.504644434	3.336654984e+15	-3.04653313342e+13	0.000209394813662	0.999790627108
898.807674737	3.33553004081e+15	-3.04550600393e+13	0.000209555156921	0.999790466798
899.11070504	3.33440585591e+15	-3.0444795668e+13	0.000209715568878	0.99979030642
899.413735343	3.33328242853e+15	-3.04345382132e+13	0.000209876049542	0.999790145973
899.716765646	3.33215975791e+15	-3.04242876679e+13	0.000210036598784	0.999789985457
900.019795949	3.33103784327e+15	-3.04140440252e+13	0.000210197216871	0.999789824873
900.322826252	3.32991668386e+15	-3.04038072781e+13	0.000210357903701	0.99978966422
900.625856556	3.32879627892e+15	-3.03935774197e+13	0.000210518659073	0.999789503498
900.928886859	3.32767662768e+15	-3.03833544429e+13	0.000210679483406	0.999789342708
901.231917162	3.32655772938e+15	-3.03731383409e+13	0.000210840376263	0.999789181849
901.534947465	3.32543958327e+15	-3.03629291068e+13	0.000211001338185	0.999789020921
901.837977768	3.32432218858e+15	-3.03527267335e+13	0.000211162368632	0.999788859925
902.141008071	3.32320554457e+15	-3.03425312142e+13	0.000211323468321	0.999788698859
902.444038374	3.32208965046e+15	-3.03323425419e+13	0.000211484636634	0.999788537725
902.747068677	3.32097450551e+15	-3.03221607099e+13	0.000211645874659	0.999788376521
903.05009898	3.31986010897e+15	-3.03119857111e+13	0.000211807181943	0.999788215248
903.353129283	3.31874646007e+15	-3.03018175388e+13	0.000211968560398	0.999788053903
903.656159586	3.31763355807e+15	-3.0291656186e+13	0.000212130009751	0.999787892488
903.959189889	3.31652140222e+15	-3.02815016459e+13	0.000212291531879	0.999787731
904.262220192	3.31540999177e+15	-3.02713539116e+13	0.000212453124385	0.999787569442
904.565250495	3.31429932596e+15	-3.02612129763e+13	0.000212614787196	0.999787407814
904.868280798	3.31318940405e+15	-3.02510788333e+13	0.000212776517541	0.999787246118
905.171311101	3.31208022529e+15	-3.02409514755e+13	0.000212938314651	0.999787084355
905.474341404	3.31097178894e+15	-3.02308308963e+13	0.0002131001769	0.999786922527
905.777371707	3.30986409425e+15	-3.02207170889e+13	0.000213262111782	0.999786760627
906.08040201	3.30875714048e+15	-3.02106100464e+13	0.000213424114433	0.999786598659
906.383432313	3.30765092688e+15	-3.0200509762e+13	0.000213586193147	0.999786436615
906.686462616	3.30654545271e+15	-3.0190416229e+13	0.000213748362831	0.99978627448
906.989492919	3.30544071724e+15	-3.01803294406e+13	0.000218147699964	0.999781876093
907.292523222	3.30433671971e+15	-3.01702493901e+13	0.0002203759701	0.999779648311
907.595553525	3.30323345939e+15	-3.01601760707e+13	0.000220925310728	0.999779099091
907.898583828	3.30213093555e+15	-3.01501094757e+13	0.000221530764591	0.999778493772
908.201614131	3.30102914744e+15	-3.01400495983e+13	0.000222213776844	0.999777810911
908.504644434	3.29992809433e+15	-3.01299964318e+13	0.000223007361179	0.999777017503
908.807674737	3.29882777549e+15	-3.01199499695e+13	0.00022396261685	0.999776062461
909.11070504	3.29772819017e+15	-3.01099102047e+13	0.000225158906774	0.99977486644
909.413735343	3.29662933766e+15	-3.00998771307e+13	0.000226720002771	0.999773305696
909.716765646	3.2955312172e+15	-3.00898507408e+13	0.000228840421743	0.99977118576
910.019795949	3.29443382808e+15	-3.00798310283e+13	0.00023183093484	0.999768195936
910.322826252	3.29333716956e+15	-3.00698179866e+13	0.00023620666225	0.999763821232
910.625856556	3.29224124092e+15	-3.00598116091e+13	0.000242886668439	0.999757142826
910.928886859	3.29114604142e+15	-3.0049811889e+13	0.000253716699916	0.999746315483
911.231917162	3.29005157034e+15	-3.00398188197e+13	0.000272913200172	0.999727124037
911.534947465	3.28895782695e+15	-3.00298323945e+13	0.000310362226591	0.999689685931
911.837977768	3.28786481052e+15	-3.0019852607e+13	0.000386267847468	0.999613806744
912.141008071	3.28677252034e+15	-3.00098794504e+13	0.000530288140727	0.999469852437
912.444038374	3.28568095567e+15	-2.99999129181e+13	0.000760432377218	0.999239856678
912.747068677	3.2845901158e+15	-2.99899530036e+13	0.00103968581129	0.998960854475
913.05009898	3.2835e+15	-2.99799997002e+13	0.00125343778129	0.998747347444
913.353129283	3.28241060755e+15	-2.99700530014e+13	0.00126862593648	0.998732178429
913.656159586	3.28132193774e+15	-2.99601129006e+13	0.00104875391822	0.998951795832
913.959189889	3.28023398984e+15	-2.99501793912e+13	0.000697496177694	0.999302747016
914.262220192	3.27914676314e+15	-2.99402524667e+13	0.000369978408289	0.999630090025
914.565250495	3.27806025691e+15	-2.99303321205e+13	0.000155707904507	0.999844304217
914.868280798	3.27697447045e+15	-2.99204183462e+13	5.18190584311e-05	0.999948182284
915.171311101	3.27588940304e+15	-2.99105111371e+13	1.36070971333e-05	0.999986392995
915.474341404	3.27480505396e+15	-2.99006104868e+13	2.81596618662e-06	0.999997184038
915.777371707	3.2737214225e+15	-2.98907163887e+13	4.5952270864e-07	0.999999540477
916.08040201	3.27263850795e+15	-2.98808288363e+13	5.95372067548e-08	0.999999940463
916.383432313	3.2715563096e+15	-2.98709478232e+13	6.68967519845e-09	0.99999999331
916.686462616	3.27047482674e+15	-2.98610733429e+13	1.13403489249e-09	0.999999998866
916.989492919	3.26939405866e+15	-2.98512053888e+13	5.9926103376e-10	0.999999999401
917.292523222	3.26831400464e+15	-2.98413439545e+13	4.93415669854e-10	0.999999999507
917.595553525	3.26723466399e+15	-2.98314890337e+13	4.31481338658e-10	0.999999999569
917.898583828	3.26615603599e+15	-2.98216406197e+13	3.82760462846e-10	0.999999999617
918.201614131	3.26507811995e+15	-2.98117987061e+13	3.42880079511e-10	0.999999999657
918.504644434	3.26400091515e+15	-2.98019632866e+13	3.0969483382e-10	0.99999999969
918.807674737	3.26292442089e+15	-2.97921343548e+13	2.81718729451e-10	0.999999999718
919.11070504	3.26184863647e+15	-2.97823119041e+13	2.58113411713e-10	0.999999999742
919.413735343	3.26077356119e+15	-2.97724959281e+13	2.37587728365e-10	0.999999999762
919.716765646	3.25969919434e+15	-2.97626864206e+13	2.19760201411e-10	0.99999999978
920.019795949	3.25862553523e+15	-2.9752883375e+13	2.04157874601e-10	0.999999999796
920.322826252	3.25755258316e+15	-2.97430867851e+13	1.90404394468e-10	0.99999999981
920.625856556	3.25648033743e+15	-2.97332966443e+13	1.78151130845e-10	0.999999999822
920.928886859	3.25540879734e+15	-2.97235129465e+13	1.6743706422e-10	0.999999999833
921.231917162	3.25433796219e+15	-2.97137356851e+13	1.57687782663e-10	0.999999999842
921.534947465	3.25326783129e+15	-2.97039648539e+13	1.48905696412e-10	0.999999999851
921.837977768	3.25219840395e+15	-2.96942004465e+13	1.40968282624e-10	0.999999999859
922.141008071	3.25112967948e+15	-2.96844424566e+13	1.33766609044e-10	0.999999999866
922.444038374	3.25006165717e+15	-2.96746908779e+13	1.27170146289e-10	0.999999999873
922.747068677	3.24899433633e+15	-2.96649457039e+13	1.21055488099e-10	0.999999999879
923.05009898	3.24792771629e+15	-2.96552069286e+13	1.15630278772e-10	0.999999999884
