912.0	3.28728070175e+15	-3.03481783781e+13	0.00713595044225	0.992889449997
911.901011096	3.28763754346e+15	-3.03514727411e+13	0.00713285278903	0.992892525629
911.802022193	3.28799446265e+15	-3.03547678194e+13	0.00712975614442	0.992895600269
911.703033289	3.28835145934e+15	-3.03580636132e+13	0.00712666050821	0.992898673918
911.604044385	3.28870853356e+15	-3.03613601227e+13	0.00712356588018	0.992901746575
911.505055482	3.28906568534e+15	-3.03646573483e+13	0.00712047226011	0.99290481824
911.406066578	3.2894229147e+15	-3.03679552901e+13	0.00711737964754	0.992907888915
911.307077675	3.28978022167e+15	-3.03712539484e+13	0.00711428804272	0.992910958598
911.208088771	3.29013760627e+15	-3.03745533234e+13	0.00711119744521	0.992914027291
911.109099867	3.29049506852e+15	-3.03778534153e+13	0.00710810785478	0.992917094994
911.010110964	3.29085260846e+15	-3.03811542243e+13	0.0071050192712	0.992920161706
910.91112206	3.29121022611e+15	-3.03844557508e+13	0.00710193169427	0.992923227428
910.812133156	3.29156792149e+15	-3.03877579949e+13	0.00709884512357	0.99292629216
910.713144253	3.29192569463e+15	-3.03910609569e+13	0.00709575955926	0.992929355903
910.614155349	3.29228354555e+15	-3.03943646369e+13	0.00709267500094	0.992932418656
910.515166446	3.29264147428e+15	-3.03976690353e+13	0.00708959144838	0.99293548042
910.416177542	3.29299948085e+15	-3.04009741523e+13	0.00708650890136	0.992938541195
910.317188638	3.29335756527e+15	-3.04042799881e+13	0.00708342735968	0.992941600982
910.218199735	3.29371572759e+15	-3.04075865429e+13	0.00708034682295	0.992944659779
910.119210831	3.29407396781e+15	-3.0410893817e+13	0.00707726729126	0.992947717589
910.020221927	3.29443228597e+15	-3.04142018106e+13	0.00707418876424	0.99295077441
909.921233024	3.29479068209e+15	-3.04175105239e+13	0.00707111124168	0.992953830243
909.82224412	3.2951491562e+15	-3.04208199572e+13	0.00706803472335	0.992956885088
909.723255216	3.29550770832e+15	-3.04241301108e+13	0.00706495920891	0.992959938946
909.624266313	3.29586633847e+15	-3.04274409848e+13	0.0070618846984	0.992962991817
909.525277409	3.2962250467e+15	-3.04307525794e+13	0.00705881119146	0.9929660437
909.426288506	3.29658383301e+15	-3.0434064895e+13	0.00705573868787	0.992969094596
909.327299602	3.29694269743e+15	-3.04373779317e+13	0.00705266718743	0.992972144506
909.228310698	3.29730164e+15	-3.04406916899e+13	0.00704959668982	0.992975193429
909.129321795	3.29766066073e+15	-3.04440061696e+13	0.00704652719501	0.992978241366
909.030332891	3.29801975965e+15	-3.04473213712e+13	0.00704345870268	0.992981288317
908.931343987	3.29837893679e+15	-3.04506372949e+13	0.00704039121262	0.992984334282
908.832355084	3.29873819218e+15	-3.0453953941e+13	0.00703732472454	0.992987379261
908.73336618	3.29909752583e+15	-3.04572713096e+13	0.00703425923837	0.992990423255
908.634377276	3.29945693777e+15	-3.0460589401e+13	0.0070311947538	0.992993466263
908.535388373	3.29981642803e+15	-3.04639082154e+13	0.00702813127063	0.992996508287
908.436399469	3.30017599664e+15	-3.04672277532e+13	0.00702506878858	0.992999549325
908.337410566	3.30053564361e+15	-3.04705480144e+13	0.00702200730754	0.993002589379
908.238421662	3.30089536899e+15	-3.04738689994e+13	0.00701894682721	0.993005628449
908.139432758	3.30125517278e+15	-3.04771907084e+13	0.00701588734744	0.993008666534
908.040443855	3.30161505502e+15	-3.04805131416e+13	0.00701282886795	0.993011703636
907.941454951	3.30197501574e+15	-3.04838362993e+13	0.00700977138855	0.993014739753
907.842466047	3.30233505495e+15	-3.04871601816e+13	0.00700671490904	0.993017774887
907.743477144	3.30269517269e+15	-3.04904847889e+13	0.00700365942917	0.993020809037
907.64448824	3.30305536897e+15	-3.04938101214e+13	0.00700060494873	0.993023842205
907.545499337	3.30341564383e+15	-3.04971361793e+13	0.00699755146751	0.993026874389
907.446510433	3.3037759973e+15	-3.05004629628e+13	0.00699449898528	0.99302990559
907.347521529	3.30413642939e+15	-3.05037904722e+13	0.00699144750183	0.993032935809
907.248532626	3.30449694013e+15	-3.05071187078e+13	0.00698839701694	0.993035965046
907.149543722	3.30485752955e+15	-3.05104476696e+13	0.00698534753039	0.9930389933
907.050554818	3.30521819768e+15	-3.05137773581e+13	0.00698229904197	0.993042020573
906.951565915	3.30557894453e+15	-3.05171077735e+13	0.00697925155145	0.993045046864
906.852577011	3.30593977015e+15	-3.05204389159e+13	0.00697620505862	0.993048072173
906.753588107	3.30630067454e+15	-3.05237707856e+13	0.00697315956326	0.993051096501
906.654599204	3.30666165774e+15	-3.05271033828e+13	0.00697011506515	0.993054119847
906.5556103	3.30702271977e+15	-3.05304367079e+13	0.00696707156408	0.993057142213
906.456621397	3.30738386067e+15	-3.0533770761e+13	0.00696402905983	0.993060163599
906.357632493	3.30774508044e+15	-3.05371055423e+13	0.00696098755218	0.993063184003
906.258643589	3.30810637913e+15	-3.05404410522e+13	0.0069579470409	0.993066203428
906.159654686	3.30846775676e+15	-3.05437772907e+13	0.0069549075258	0.993069221872
906.060665782	3.30882921334e+15	-3.05471142583e+13	0.00695186900664	0.993072239336
905.961676878	3.30919074892e+15	-3.05504519551e+13	0.00694883148321	0.993075255821
905.862687975	3.30955236351e+15	-3.05537903813e+13	0.00694579495529	0.993078271326
905.763699071	3.30991405714e+15	-3.05571295373e+13	0.00694275942266	0.993081285853
905.664710168	3.31027582983e+15	-3.05604694232e+13	0.00693972488512	0.9930842994
905.565721264	3.31063768162e+15	-3.05638100392e+13	0.00693669134243	0.993087311968
905.46673236	3.31099961253e+15	-3.05671513857e+13	0.00693365879438	0.993090323557
905.367743457	3.31136162258e+15	-3.05704934628e+13	0.00693062724076	0.993093334168
905.268754553	3.31172371179e+15	-3.05738362709e+13	0.00692759668134	0.993096343801
905.169765649	3.31208588021e+15	-3.057717981e+13	0.00692456711592	0.993099352456
905.070776746	3.31244812785e+15	-3.05805240806e+13	0.00692153854426	0.993102360133
904.971787842	3.31281045473e+15	-3.05838690827e+13	0.00691851096616	0.993105366833
904.872798938	3.31317286089e+15	-3.05872148167e+13	0.0069154843814	0.993108372555
904.773810035	3.31353534635e+15	-3.05905612829e+13	0.00691245878976	0.9931113773
904.674821131	3.31389791113e+15	-3.05939084813e+13	0.00690943419102	0.993114381068
904.575832228	3.31426055527e+15	-3.05972564123e+13	0.00690641058497	0.993117383859
904.476843324	3.31462327878e+15	-3.06006050762e+13	0.00690338797138	0.993120385674
904.37785442	3.3149860817e+15	-3.0603954473e+13	0.00690036635005	0.993123386512
904.278865517	3.31534896405e+15	-3.06073046032e+13	0.00689734572075	0.993126386374
904.179876613	3.31571192585e+15	-3.0610655467e+13	0.00689432608327	0.99312938526
904.080887709	3.31607496714e+15	-3.06140070645e+13	0.00689130743739	0.993132383171
903.981898806	3.31643808793e+15	-3.0617359396e+13	0.00688828978289	0.993135380106
903.882909902	3.31680128826e+15	-3.06207124618e+13	0.00688527311955	0.993138376065
903.783920998	3.31716456815e+15	-3.06240662621e+13	0.00688225744717	0.99314137105
903.684932095	3.31752792763e+15	-3.06274207972e+13	0.00687924276551	0.993144365059
903.585943191	3.31789136672e+15	-3.06307760672e+13	0.00687622907437	0.993147358094
903.486954288	3.31825488544e+15	-3.06341320724e+13	0.00687321637353	0.993150350155
903.387965384	3.31861848384e+15	-3.06374888132e+13	0.00687020466277	0.993153341241
903.28897648	3.31898216192e+15	-3.06408462896e+13	0.00686719394187	0.993156331353
903.189987577	3.31934591973e+15	-3.0644204502e+13	0.00686418421062	0.993159320491
903.090998673	3.31970975727e+15	-3.06475634506e+13	0.0068611754688	0.993162308655
902.992009769	3.32007367459e+15	-3.06509231356e+13	0.00685816771619	0.993165295846
902.893020866	3.3204376717e+15	-3.06542835573e+13	0.00685516095258	0.993168282064
902.794031962	3.32080174864e+15	-3.0657644716e+13	0.00685215517774	0.993171267309
902.695043059	3.32116590542e+15	-3.06610066118e+13	0.00684915039147	0.993174251581
902.596054155	3.32153014208e+15	-3.0664369245e+13	0.00684614659355	0.99317723488
902.497065251	3.32189445864e+15	-3.06677326158e+13	0.00684314378375	0.993180217207
902.398076348	3.32225885513e+15	-3.06710967245e+13	0.00684014196187	0.993183198561
902.299087444	3.32262333157e+15	-3.06744615714e+13	0.00683714112768	0.993186178944
902.20009854	3.322987888e+15	-3.06778271567e+13	0.00683414128097	0.993189158355
903.20009854	3.31930876098e+15	-3.06438614524e+13	0.0068644915864	0.993159015218
903.503128843	3.31819548189e+15	-3.06335836588e+13	0.00687370857414	0.993149861326
903.806159146	3.31708294933e+15	-3.0623312757e+13	0.00688293484053	0.993140698303
904.109189449	3.31597116254e+15	-3.06130487403e+13	0.00689217039181	0.993131526143
904.412219752	3.31486012078e+15	-3.06027916017e+13	0.0069014152342	0.993122344841
904.715250056	3.31374982329e+15	-3.05925413342e+13	0.00691066937392	0.993113154391
905.018280359	3.31264026933e+15	-3.0582297931e+13	0.00691993281722	0.993103954786
905.321310662	3.31153145816e+15	-3.05720613851e+13	0.00692920557032	0.993094746021
905.624340965	3.31042338903e+15	-3.05618316898e+13	0.00693848763946	0.99308552809
905.927371268	3.30931606118e+15	-3.0551608838e+13	0.00694777903088	0.993076300986
906.230401571	3.30820947389e+15	-3.0541392823e+13	0.00695707975082	0.993067064704
906.533431874	3.3071036264e+15	-3.05311836379e+13	0.00696638980551	0.993057819239
906.836462177	3.30599851797e+15	-3.05209812759e+13	0.00697570920121	0.993048564583
907.13949248	3.30489414787e+15	-3.051078573e+13	0.00698503794415	0.993039300732
907.442522783	3.30379051536e+15	-3.05005969935e+13	0.0069943760406	0.993030027678
907.745553086	3.30268761968e+15	-3.04904150596e+13	0.00700372349679	0.993020745417
908.048583389	3.30158546012e+15	-3.04802399214e+13	0.00701308031898	0.993011453942
908.351613692	3.30048403593e+15	-3.04700715722e+13	0.00702244651348	0.993002153247
908.654643995	3.29938334637e+15	-3.04599100051e+13	0.00703182208649	0.992992843326
908.957674298	3.29828339072e+15	-3.04497552134e+13	0.00704120704429	0.992983524174
909.260704601	3.29718416823e+15	-3.04396071903e+13	0.00705060139314	0.992974195784
909.563734904	3.29608567817e+15	-3.0429465929e+13	0.0070600051392	0.992964858151
909.866765207	3.29498791982e+15	-3.04193314228e+13	0.00706941828894	0.992955511268
910.16979551	3.29389089243e+15	-3.0409203665e+13	0.00707884084839	0.99294615513
910.472825813	3.29279459529e+15	-3.03990826487e+13	0.0070882728241	0.99293678973
910.775856116	3.29169902767e+15	-3.03889683673e+13	0.00709771422204	0.992927415063
911.078886419	3.29060418882e+15	-3.0378860814e+13	0.00710716504883	0.992918031122
911.381916722	3.28951007804e+15	-3.03687599822e+13	0.00711662531038	0.992908637902
911.684947025	3.28841669459e+15	-3.0358665865e+13	0.00712609501342	0.992899235397
911.987977328	3.28732403774e+15	-3.03485784559e+13	0.00713557416376	0.9928898236
912.291007631	3.28623210677e+15	-3.03384977482e+13	0.00714506276831	0.992880402506
912.594037934	3.28514090097e+15	-3.03284237352e+13	0.00715456083285	0.992870972109
912.897068237	3.2840504196e+15	-3.03183564101e+13	0.00716406836463	0.992861532401
913.20009854	3.28296066195e+15	-3.03082957664e+13	0.00717358536964	0.992852083378
913.503128843	3.2818716273e+15	-3.02982417974e+13	0.00718311185582	0.992842625032
913.806159146	3.28078331492e+15	-3.02881944965e+13	0.00719264782981	0.992833157355
914.109189449	3.2796957241e+15	-3.02781538569e+13	0.00720219329715	0.992823680344
914.412219752	3.27860885412e+15	-3.02681198722e+13	0.00721174826467	0.992814193991
914.715250056	3.27752270427e+15	-3.02580925357e+13	0.0072213127352	0.992804698295
915.018280359	3.27643727383e+15	-3.02480718408e+13	0.00723088671564	0.992795193247
915.321310662	3.27535256208e+15	-3.02380577808e+13	0.00724047021115	0.992785678845
915.624340965	3.27426856831e+15	-3.02280503493e+13	0.00725006322867	0.99277615508
915.927371268	3.27318529181e+15	-3.02180495396e+13	0.00725966577533	0.992766621946
916.230401571	3.27210273187e+15	-3.02080553451e+13	0.00726927786019	0.992757079435
916.533431874	3.27102088777e+15	-3.01980677594e+13	0.00727889949359	0.992747527537
916.836462177	3.26993975881e+15	-3.01880867758e+13	0.00728853070929	0.992737966217
917.13949248	3.26885934428e+15	-3.01781123877e+13	0.00750342830222	0.992524652139
917.442522783	3.26777964347e+15	-3.01681445888e+13	0.00752505668609	0.992503185667
917.745553086	3.26670065567e+15	-3.01581833723e+13	0.0075481745041	0.992480241424
918.048583389	3.26562238017e+15	-3.01482287319e+13	0.00757327937649	0.992455325647
918.351613692	3.26454481628e+15	-3.0138280661e+13	0.00760112898408	0.99242768654
918.654643995	3.26346796328e+15	-3.01283391531e+13	0.00763288569397	0.992396170803
918.957674298	3.26239182048e+15	-3.01184042017e+13	0.00767034116449	0.992359000833
919.260704601	3.26131638717e+15	-3.01084758003e+13	0.00771626646885	0.992313427491
919.563734904	3.26024166265e+15	-3.00985539425e+13	0.00777496583499	0.992255181031
919.866765207	3.25916764622e+15	-3.00886386217e+13	0.00785317911195	0.992177576537
920.16979551	3.25809433718e+15	-3.00787298316e+13	0.00796164231564	0.992069967614
920.472825813	3.25702173484e+15	-3.00688275657e+13	0.00811809177158	0.991914770948
920.775856116	3.25594983848e+15	-3.00589318175e+13	0.00835407033116	0.991680727945
921.078886419	3.25487864743e+15	-3.00490425806e+13	0.00873289884717	0.991305122156
921.381916722	3.25380816097e+15	-3.00391598486e+13	0.00939830457009	0.990645721463
921.684947025	3.25273837842e+15	-3.0029283615e+13	0.0106847882946	0.989372091293
921.987977328	3.25166929908e+15	-3.00194138735e+13	0.0132737809871	0.986813927142
922.291007631	3.25060092226e+15	-3.00095506177e+13	0.01816872042	0.981995335715
922.594037934	3.24953324727e+15	-2.99996938411e+13	0.02600455156	0.974330654874
922.897068237	3.24846627341e+15	-2.99898435374e+13	0.0356035249159	0.965022825152
923.20009854	3.2474e+15	-2.99799997002e+13	0.0431616278694	0.957756577401
923.503128843	3.24633442634e+15	-2.99701623232e+13	0.0441115667307	0.956847199204
923.806159146	3.24526955175e+15	-2.99603313999e+13	0.0369713004574	0.96370379281
924.109189449	3.24420537554e+15	-2.99505069241e+13	0.0250259138679	0.975284638304
924.412219752	3.24314189702e+15	-2.99406888893e+13	0.0135620187538	0.986529531088
924.715250056	3.24207911551e+15	-2.99308772894e+13	0.00585299575306	0.994164099657
925.018280359	3.24101703032e+15	-2.99210721178e+13	0.0020049146282	0.997997093871
925.321310662	3.23995564077e+15	-2.99112733684e+13	0.000543878991866	0.999456268884
925.624340965	3.23889494617e+15	-2.99014810348e+13	0.000116660230062	0.999883346574
925.927371268	3.23783494584e+15	-2.98916951108e+13	1.97639597401e-05	0.999980236236
926.230401571	3.2367756391e+15	-2.98819155899e+13	2.64300255749e-06	0.999997357001
926.533431874	3.23571702527e+15	-2.9872142466e+13	2.79285037772e-07	0.999999720715
926.836462177	3.23465910368e+15	-2.98623757328e+13	2.37329296362e-08	0.999999976267
927.13949248	3.23360187363e+15	-2.9852615384e+13	2.11336990043e-09	0.999999997887
927.442522783	3.23254533446e+15	-2.98428614133e+13	5.16495477644e-10	0.999999999484
927.745553086	3.23148948548e+15	-2.98331138145e+13	3.82911488437e-10	0.999999999617
928.048583389	3.23043432603e+15	-2.98233725814e+13	3.36809686804e-10	0.999999999663
928.351613692	3.22937985542e+15	-2.98136377076e+13	3.01657538401e-10	0.999999999698
928.654643995	3.22832607298e+15	-2.98039091871e+13	2.72513017368e-10	0.999999999727
928.957674298	3.22727297803e+15	-2.97941870136e+13	2.47951956289e-10	0.999999999752
929.260704601	3.22622056992e+15	-2.97844711808e+13	2.27227597217e-10	0.999999999773
929.563734904	3.22516884795e+15	-2.97747616826e+13	2.09216030011e-10	0.999999999791
929.866765207	3.22411781147e+15	-2.97650585128e+13	1.93576757329e-10	0.999999999806
930.16979551	3.2230674598e+15	-2.97553616651e+13	1.7989193397e-10	0.99999999982
930.472825813	3.22201779228e+15	-2.97456711335e+13	1.67829112785e-10	0.999999999832
930.775856116	3.22096880823e+15	-2.97359869117e+13	1.57084117043e-10	0.999999999843
931.078886419	3.21992050698e+15	-2.97263089936e+13	1.47688321112e-10	0.999999999852
931.381916722	3.21887288788e+15	-2.9716637373e+13	1.39141737481e-10	0.999999999861
931.684947025	3.21782595026e+15	-2.97069720438e+13	1.31441693663e-10	0.999999999869
931.987977328	3.21677969344e+15	-2.96973129999e+13	1.24479570585e-10	0.999999999876
932.291007631	3.21573411677e+15	-2.9687660235e+13	1.18166183219e-10	0.999999999882
932.594037934	3.21468921959e+15	-2.96780137432e+13	1.12399489501e-10	0.999999999888
932.897068237	3.21364500123e+15	-2.96683735183e+13	1.0706563222e-10	0.999999999893
933.20009854	3.21260146103e+15	-2.96587395541e+13	1.02266349393e-10	0.999999999898
