912.0	3.28728070175e+15	-3.00419675218e+13	0.00141978446464	0.998581222952
911.806919985	3.28797680111e+15	-3.00483290699e+13	0.00135792022842	0.998643001328
911.61383997	3.28867319533e+15	-3.00546933128e+13	0.00131516289198	0.998685701556
911.420759954	3.28936988461e+15	-3.00610602521e+13	0.00128441623205	0.998716408277
911.227679939	3.29006686913e+15	-3.00674298896e+13	0.00126158721126	0.998739208255
911.034599924	3.29076414908e+15	-3.00738022271e+13	0.00124422167336	0.99875655205
910.841519909	3.29146172465e+15	-3.00801772661e+13	0.00123076029646	0.998769996778
910.648439894	3.29215959602e+15	-3.00865550085e+13	0.00122015736378	0.998780586726
910.455359878	3.2928577634e+15	-3.00929354559e+13	0.00121167975453	0.998789054033
910.262279863	3.29355622695e+15	-3.00993186101e+13	0.00120479860343	0.998795926875
910.069199848	3.29425498687e+15	-3.01057044728e+13	0.00119912521228	0.998801593451
909.876119833	3.29495404336e+15	-3.01120930457e+13	0.00119437073441	0.998806342242
909.683039817	3.2956533966e+15	-3.01184843306e+13	0.00119031897131	0.998810389177
909.489959802	3.29635304677e+15	-3.01248783291e+13	0.00118680740411	0.998813896573
909.296879787	3.29705299407e+15	-3.0131275043e+13	0.00118371358904	0.998816986724
909.103799772	3.29775323869e+15	-3.01376744741e+13	0.0011809450657	0.998819751976
908.910719757	3.29845378081e+15	-3.0144076624e+13	0.0011784319465	0.998822262132
908.717639741	3.29915462063e+15	-3.01504814946e+13	0.00117612134186	0.998824570018
908.524559726	3.29985575833e+15	-3.01568890874e+13	0.00117397314084	0.998826715696
908.331479711	3.30055719411e+15	-3.01632994044e+13	0.00117195686109	0.998828729612
908.138399696	3.30125892816e+15	-3.01697124471e+13	0.0011700492698	0.998830634971
907.945319681	3.30196096066e+15	-3.01761282174e+13	0.00116823257805	0.99883244954
907.752239665	3.30266329181e+15	-3.01825467169e+13	0.00114518773904	0.998855467738
907.55915965	3.30336592179e+15	-3.01889679475e+13	0.00113466445588	0.998865979032
907.366079635	3.30406885081e+15	-3.01953919109e+13	0.00113404217214	0.998866600611
907.17299962	3.30477207904e+15	-3.02018186088e+13	0.0011334201425	0.998867221936
906.979919605	3.30547560668e+15	-3.02082480429e+13	0.0011327983483	0.998867843026
906.786839589	3.30617943392e+15	-3.0214680215e+13	0.00113217678181	0.998868463889
906.593759574	3.30688356096e+15	-3.02211151269e+13	0.00113155543661	0.998869084531
906.400679559	3.30758798797e+15	-3.02275527804e+13	0.00113093432164	0.998869704944
906.207599544	3.30829271517e+15	-3.0233993177e+13	0.00113031342577	0.998870325138
906.014519528	3.30899774273e+15	-3.02404363187e+13	0.00112969275555	0.998870945107
905.821439513	3.30970307085e+15	-3.02468822072e+13	0.00112907230404	0.998871564858
905.628359498	3.31040869972e+15	-3.02533308442e+13	0.00112845207658	0.998872184386
905.435279483	3.31111462954e+15	-3.02597822314e+13	0.00112783206802	0.998872803696
905.242199468	3.3118208605e+15	-3.02662363707e+13	0.00112721228315	0.998873422782
905.049119452	3.31252739278e+15	-3.02726932639e+13	0.00112659271875	0.998874041649
904.856039437	3.31323422659e+15	-3.02791529126e+13	0.00112597337917	0.998874660291
904.662959422	3.31394136211e+15	-3.02856153186e+13	0.00112535426351	0.99887527871
904.469879407	3.31464879954e+15	-3.02920804837e+13	0.00112473537103	0.998875896907
904.276799392	3.31535653908e+15	-3.02985484097e+13	0.00112411670447	0.998876514878
904.083719376	3.31606458091e+15	-3.03050190984e+13	0.00112349826231	0.998877132626
903.890639361	3.31677292523e+15	-3.03114925514e+13	0.00112288004319	0.998877750151
903.697559346	3.31748157223e+15	-3.03179687706e+13	0.00112226204736	0.998878367453
903.504479331	3.31819052211e+15	-3.03244477578e+13	0.00112164427591	0.998878984532
903.311399316	3.31889977506e+15	-3.03309295147e+13	0.00112102672649	0.998879601389
903.1183193	3.31960933128e+15	-3.03374140431e+13	0.0011204094004	0.998880218024
902.925239285	3.32031919096e+15	-3.03439013448e+13	0.00111979229669	0.998880834437
902.73215927	3.32102935429e+15	-3.03503914215e+13	0.00111917541468	0.998881450629
902.539079255	3.32173982148e+15	-3.03568842751e+13	0.00111855875545	0.998882066598
902.345999239	3.32245059271e+15	-3.03633799073e+13	0.00111794231833	0.998882682346
902.152919224	3.32316166818e+15	-3.03698783199e+13	0.0011173261028	0.998883297874
901.959839209	3.32387304808e+15	-3.03763795147e+13	0.00111671010974	0.998883913179
901.766759194	3.32458473262e+15	-3.03828834935e+13	0.00111609433862	0.998884528263
901.573679179	3.32529672198e+15	-3.03893902581e+13	0.00111547878903	0.998885143126
901.380599163	3.32600901637e+15	-3.03958998102e+13	0.00111486346167	0.998885757768
901.187519148	3.32672161598e+15	-3.04024121517e+13	0.0011142483561	0.998886372188
900.994439133	3.327434521e+15	-3.04089272843e+13	0.001113633472	0.998886986388
900.801359118	3.32814773163e+15	-3.04154452098e+13	0.0011130188099	0.998887600366
900.608279103	3.32886124807e+15	-3.04219659301e+13	0.00111240436947	0.998888214123
900.415199087	3.32957507052e+15	-3.0428489447e+13	0.00111179015043	0.998888827659
900.222119072	3.33028919917e+15	-3.04350157621e+13	0.0011111761532	0.998889440974
900.029039057	3.33100363422e+15	-3.04415448774e+13	0.00111056237733	0.998890054069
899.835959042	3.33171837586e+15	-3.04480767946e+13	0.00110994882314	0.998890666942
899.642879027	3.3324334243e+15	-3.04546115156e+13	0.00110933549025	0.998891279595
899.449799011	3.33314877973e+15	-3.04611490421e+13	0.00110872237891	0.998891892027
899.256718996	3.33386444234e+15	-3.0467689376e+13	0.00110810948883	0.998892504238
899.063638981	3.33458041235e+15	-3.0474232519e+13	0.00110749682011	0.998893116228
898.870558966	3.33529668994e+15	-3.0480778473e+13	0.00110688437269	0.998893727998
898.67747895	3.33601327531e+15	-3.04873272398e+13	0.00110627214654	0.998894339547
898.484398935	3.33673016866e+15	-3.04938788212e+13	0.00110566014159	0.998894950875
898.29131892	3.3374473702e+15	-3.0500433219e+13	0.00110504835779	0.998895561983
898.098238905	3.33816488011e+15	-3.0506990435e+13	0.0011044367951	0.998896172871
897.90515889	3.3388826986e+15	-3.05135504711e+13	0.00110382545347	0.998896783538
897.712078874	3.33960082587e+15	-3.05201133291e+13	0.00110321447543	0.998897393842
897.518998859	3.34031926211e+15	-3.05266790107e+13	0.00110260357557	0.998898004068
897.325918844	3.34103800753e+15	-3.05332475178e+13	0.00110199289664	0.998898614075
897.132838829	3.34175706233e+15	-3.05398188523e+13	0.00110138243861	0.99889922386
896.939758814	3.3424764267e+15	-3.0546393016e+13	0.00110077220143	0.998899833426
896.746678798	3.34319610084e+15	-3.05529700106e+13	0.00110016218506	0.998900442771
896.553598783	3.34391608496e+15	-3.0559549838e+13	0.00109955238946	0.998901051897
896.360518768	3.34463637926e+15	-3.05661325001e+13	0.00109894281459	0.998901660802
896.167438753	3.34535698393e+15	-3.05727179987e+13	0.0010983334604	0.998902269487
895.974358738	3.34607789918e+15	-3.05793063356e+13	0.00109772432684	0.998902877952
895.781278722	3.3467991252e+15	-3.05858975126e+13	0.00109711541389	0.998903486197
895.588198707	3.34752066221e+15	-3.05924915316e+13	0.00109650672149	0.998904094222
895.395118692	3.34824251039e+15	-3.05990883945e+13	0.0010958982496	0.998904702028
895.202038677	3.34896466996e+15	-3.0605688103e+13	0.00109528999819	0.998905309613
895.008958661	3.3496871411e+15	-3.0612290659e+13	0.0010946819672	0.998905916979
894.815878646	3.35040992403e+15	-3.06188960643e+13	0.0010940741566	0.998906524124
894.622798631	3.35113301895e+15	-3.06255043209e+13	0.00109346656634	0.99890713105
894.429718616	3.35185642606e+15	-3.06321154305e+13	0.00109285919638	0.998907737757
894.236638601	3.35258014555e+15	-3.0638729395e+13	0.00109225204668	0.998908344243
894.043558585	3.35330417764e+15	-3.06453462162e+13	0.0010916451172	0.998908950511
893.85047857	3.35402852253e+15	-3.0651965896e+13	0.00109103840789	0.998909556558
893.657398555	3.35475318041e+15	-3.06585884363e+13	0.00109043191871	0.998910162386
893.46431854	3.35547815149e+15	-3.06652138388e+13	0.00108982564962	0.998910767995
893.271238525	3.35620343598e+15	-3.06718421055e+13	0.00108921960057	0.998911373384
893.078158509	3.35692903408e+15	-3.06784732383e+13	0.00108861377153	0.998911978553
892.885078494	3.35765494598e+15	-3.06851072389e+13	0.00108800816246	0.998912583504
893.885078494	3.35389869697e+15	-3.06507794396e+13	0.00109114711396	0.998909447971
894.188108797	3.35276209838e+15	-3.06403922347e+13	0.00109209947694	0.998908496647
894.4911391	3.3516262699e+15	-3.06300120677e+13	0.00109305238232	0.998907544782
894.794169403	3.35049121073e+15	-3.06196389313e+13	0.00109400583028	0.998906592376
895.097199706	3.3493569201e+15	-3.06092728185e+13	0.00109495982097	0.998905639429
895.400230009	3.34822339723e+15	-3.05989137221e+13	0.00109591435456	0.99890468594
895.703260312	3.34709064133e+15	-3.0588561635e+13	0.00109686943121	0.99890373191
896.006290615	3.34595865163e+15	-3.057821655e+13	0.00109782505109	0.998902777338
896.309320918	3.34482742735e+15	-3.05678784602e+13	0.00109878121436	0.998901822225
896.612351221	3.34369696772e+15	-3.05575473583e+13	0.00109973792118	0.998900866569
896.915381524	3.34256727196e+15	-3.05472232373e+13	0.00110069517173	0.998899910371
897.218411827	3.34143833929e+15	-3.05369060901e+13	0.00110165296615	0.998898953631
897.52144213	3.34031016895e+15	-3.05265959097e+13	0.00110261130463	0.998897996348
897.824472434	3.33918276016e+15	-3.0516292689e+13	0.00110357018732	0.998897038522
898.127502737	3.33805611215e+15	-3.05059964209e+13	0.0011045294713	0.998896080297
898.43053304	3.33693022415e+15	-3.04957070985e+13	0.00110548944253	0.998895121386
898.733563343	3.33580509539e+15	-3.04854247147e+13	0.00110644995847	0.998894161932
899.036593646	3.33468072511e+15	-3.04751492624e+13	0.00110741101932	0.998893201934
899.339623949	3.33355711254e+15	-3.04648807348e+13	0.00110837262523	0.998892241393
899.642654252	3.3324342569e+15	-3.04546191247e+13	0.00110933477637	0.998891280308
899.945684555	3.33131215745e+15	-3.04443644252e+13	0.00111029747291	0.998890318679
900.248714858	3.33019081341e+15	-3.04341166293e+13	0.00111126071503	0.998889356507
900.551745161	3.32907022402e+15	-3.04238757301e+13	0.00111222450266	0.99888839379
900.854775464	3.32795038851e+15	-3.04136417205e+13	0.00111318883641	0.998887430528
901.157805767	3.32683130614e+15	-3.04034145937e+13	0.00111415371624	0.998886466723
901.46083607	3.32571297614e+15	-3.03931943427e+13	0.001115119142	0.998885502372
901.763866373	3.32459539775e+15	-3.03829809605e+13	0.00111608511452	0.998884537477
902.066896676	3.32347857021e+15	-3.03727744403e+13	0.00111705163324	0.998883572037
902.369926979	3.32236249277e+15	-3.03625747751e+13	0.0011180186992	0.998882606051
902.672957282	3.32124716467e+15	-3.03523819581e+13	0.00111898631167	0.99888163952
902.975987585	3.32013258516e+15	-3.03421959822e+13	0.00111995447197	0.998880672443
903.279017888	3.31901875348e+15	-3.03320168407e+13	0.00112092317927	0.99887970482
903.582048191	3.31790566889e+15	-3.03218445267e+13	0.00112189243549	0.998878736651
903.885078494	3.31679333062e+15	-3.03116790333e+13	0.0011228622413	0.998877767933
904.188108797	3.31568173794e+15	-3.03015203536e+13	0.0011238325975	0.998876798666
904.4911391	3.31457089008e+15	-3.02913684808e+13	0.00112480350502	0.998875828849
904.794169403	3.31346078631e+15	-3.0281223408e+13	0.00112577496702	0.99887485848
905.097199706	3.31235142587e+15	-3.02710851285e+13	0.00112674697971	0.998873887561
905.400230009	3.31124280802e+15	-3.02609536354e+13	0.0011277195431	0.998872916094
905.703260312	3.31013493202e+15	-3.02508289219e+13	0.00112869265288	0.998871944081
906.006290615	3.30902779711e+15	-3.02407109812e+13	0.00112966630801	0.998870971525
906.309320918	3.30792140255e+15	-3.02305998065e+13	0.00113064050605	0.998869998427
906.612351221	3.30681574761e+15	-3.02204953909e+13	0.00113161525934	0.998869024776
906.915381524	3.30571083154e+15	-3.02103977279e+13	0.00113259056059	0.998868050578
907.218411827	3.30460665361e+15	-3.02003068104e+13	0.00113356642196	0.998867075822
907.52144213	3.30350321306e+15	-3.01902226319e+13	0.00113454287155	0.998866100479
907.824472434	3.30240050917e+15	-3.01801451856e+13	0.00115873777025	0.998841933307
908.127502737	3.30129854119e+15	-3.01700744647e+13	0.00116994446475	0.998830739653
908.43053304	3.30019730839e+15	-3.01600104625e+13	0.00117297635231	0.998827711316
908.733563343	3.29909681004e+15	-3.01499531722e+13	0.00117630527834	0.998824386298
909.036593646	3.2979970454e+15	-3.01399025872e+13	0.0011800443456	0.998820651633
909.339623949	3.29689801373e+15	-3.01298587008e+13	0.00118436761705	0.998816333469
909.642654252	3.2957997143e+15	-3.01198215063e+13	0.00118954439762	0.99881116283
909.945684555	3.29470214639e+15	-3.01097909969e+13	0.00119599276587	0.998804722148
910.248714858	3.29360530926e+15	-3.0099767166e+13	0.00120436441064	0.998796360545
910.551745161	3.29250920218e+15	-3.00897500069e+13	0.00121568304485	0.998785055598
910.854775464	3.29141382442e+15	-3.00797395131e+13	0.00123158321439	0.998769174873
911.157805767	3.29031917526e+15	-3.00697356777e+13	0.0012547676945	0.998746019197
911.46083607	3.28922525396e+15	-3.00597384942e+13	0.00129004236413	0.998710789383
911.763866373	3.28813205981e+15	-3.0049747956e+13	0.00134704506907	0.998653861789
912.066896676	3.28703959208e+15	-3.00397640564e+13	0.00144771226127	0.998553335169
912.369926979	3.28594785004e+15	-3.00297867888e+13	0.00164349110633	0.998357858686
912.672957282	3.28485683298e+15	-3.00198161467e+13	0.0020402574338	0.997961822477
912.975987585	3.28376654016e+15	-3.00098521233e+13	0.00279540222833	0.99720850127
913.279017888	3.28267697087e+15	-2.99998947121e+13	0.00400934800658	0.995998678698
913.582048191	3.28158812439e+15	-2.99899439066e+13	0.00549591598307	0.994519158934
913.885078494	3.2805e+15	-2.99799997002e+13	0.00665408048128	0.99336800889
914.188108797	3.27941259698e+15	-2.99700620863e+13	0.00676970341395	0.993253159408
914.4911391	3.27832591462e+15	-2.99601310583e+13	0.00562815501472	0.994387653378
914.794169403	3.27723995219e+15	-2.99502066097e+13	0.00376522536043	0.996241854212
915.097199706	3.27615470899e+15	-2.9940288734e+13	0.00200921266324	0.997992804453
915.400230009	3.27507018429e+15	-2.99303774247e+13	0.000850692853968	0.999149668883
915.703260312	3.2739863774e+15	-2.99204726752e+13	0.000284820434073	0.999715220123
916.006290615	3.27290328758e+15	-2.99105744789e+13	7.52401573066e-05	0.999924762673
916.309320918	3.27182091414e+15	-2.99006828296e+13	1.56583349548e-05	0.999984341788
916.612351221	3.27073925636e+15	-2.98907977205e+13	2.56546733397e-06	0.999997434536
916.915381524	3.26965831352e+15	-2.98809191452e+13	3.31643175396e-07	0.999999668357
917.218411827	3.26857808494e+15	-2.98710470974e+13	3.46426089436e-08	0.999999965357
917.52144213	3.26749856988e+15	-2.98611815704e+13	3.74154791276e-09	0.999999996258
917.824472434	3.26641976766e+15	-2.98513225578e+13	1.10608532791e-09	0.999999998894
918.127502737	3.26534167756e+15	-2.98414700533e+13	8.13542276449e-10	0.999999999186
918.43053304	3.26426429888e+15	-2.98316240503e+13	7.06215677711e-10	0.999999999294
918.733563343	3.26318763091e+15	-2.98217845423e+13	6.2624530933e-10	0.999999999374
919.036593646	3.26211167295e+15	-2.98119515231e+13	5.60971166353e-10	0.999999999439
919.339623949	3.2610364243e+15	-2.98021249861e+13	5.06670152081e-10	0.999999999493
919.642654252	3.25996188426e+15	-2.9792304925e+13	4.60889611516e-10	0.999999999539
919.945684555	3.25888805213e+15	-2.97824913334e+13	4.2226289671e-10	0.999999999578
920.248714858	3.2578149272e+15	-2.97726842048e+13	3.88676102129e-10	0.999999999611
920.551745161	3.25674250878e+15	-2.97628835329e+13	3.59507039377e-10	0.99999999964
920.854775464	3.25567079618e+15	-2.97530893114e+13	3.33975993167e-10	0.999999999666
921.157805767	3.25459978869e+15	-2.97433015337e+13	3.11479966845e-10	0.999999999689
921.46083607	3.25352948562e+15	-2.97335201937e+13	2.91429374824e-10	0.999999999709
921.763866373	3.25245988628e+15	-2.97237452849e+13	2.73900053595e-10	0.999999999726
922.066896676	3.25139098997e+15	-2.9713976801e+13	2.57947861919e-10	0.999999999742
922.369926979	3.25032279599e+15	-2.97042147357e+13	2.43582587108e-10	0.999999999756
922.672957282	3.24925530367e+15	-2.96944590826e+13	2.30596253121e-10	0.999999999769
922.975987585	3.2481885123e+15	-2.96847098354e+13	2.18815064135e-10	0.999999999781
923.279017888	3.24712242119e+15	-2.96749669879e+13	2.08024548468e-10	0.999999999792
923.582048191	3.24605702966e+15	-2.96652305337e+13	1.9802686451e-10	0.999999999802
923.885078494	3.24499233702e+15	-2.96555004665e+13	1.89139675911e-10	0.999999999811
