912.0	3.28728070175e+15	-3.00090357949e+13	0.000793200163723	0.999207114336
911.79680087	3.28801329105e+15	-3.00157234802e+13	0.000633536483287	0.999366664159
911.59360174	3.28874620695e+15	-3.00224141469e+13	0.000526877839417	0.999473260936
911.39040261	3.28947944966e+15	-3.0029107797e+13	0.000459392926182	0.999540712579
911.18720348	3.2902130194e+15	-3.00358044326e+13	0.000417535606852	0.999582551549
910.98400435	3.29094691639e+15	-3.00425040556e+13	0.000391217884879	0.999608858631
910.78080522	3.29168114086e+15	-3.0049206668e+13	0.000374028147125	0.999626041793
910.57760609	3.29241569301e+15	-3.00559122719e+13	0.000362256880073	0.999637808727
910.374406961	3.29315057308e+15	-3.00626208692e+13	0.000353839696599	0.999646222897
910.171207831	3.29388578128e+15	-3.00693324619e+13	0.000347613223872	0.999652447187
909.968008701	3.29462131782e+15	-3.00760470521e+13	0.000342887723887	0.999657171055
909.764809571	3.29535718293e+15	-3.00827646417e+13	0.000339226906015	0.999660830625
909.561610441	3.29609337684e+15	-3.00894852328e+13	0.000336338453038	0.999663718102
909.358411311	3.29682989975e+15	-3.00962088274e+13	0.000334018335309	0.999666037443
909.155212181	3.2975667519e+15	-3.01029354274e+13	0.000332120383037	0.999667934763
908.952013051	3.29830393349e+15	-3.0109665035e+13	0.000330538183544	0.999669516438
908.748813921	3.29904144476e+15	-3.01163976521e+13	0.000329193536432	0.999670860642
908.545614791	3.29977928592e+15	-3.01231332807e+13	0.00032802864964	0.999672025146
908.342415661	3.30051745719e+15	-3.01298719229e+13	0.000327000660611	0.999673052798
908.139216531	3.30125595881e+15	-3.01366135807e+13	0.000326077715485	0.999673975442
907.936017401	3.30199479098e+15	-3.01433582561e+13	0.000325236105421	0.999674816778
907.732818271	3.30273395393e+15	-3.01501059512e+13	0.000324458154421	0.999675594476
907.529619141	3.30347344788e+15	-3.01568566679e+13	0.000323730661632	0.999676321733
907.326420011	3.30421327306e+15	-3.01636104083e+13	0.000323043743611	0.999677008429
907.123220882	3.30495342969e+15	-3.01703671744e+13	0.000322389973368	0.999677661989
906.920021752	3.30569391798e+15	-3.01771269683e+13	0.000321763744024	0.999678288016
906.716822622	3.30643473817e+15	-3.0183889792e+13	0.000312662522547	0.999687386351
906.513623492	3.30717589048e+15	-3.01906556475e+13	0.000312355506271	0.999687693272
906.310424362	3.30791737512e+15	-3.01974245369e+13	0.000312075536803	0.999687973154
906.107225232	3.30865919233e+15	-3.02041964622e+13	0.000311795755593	0.999688252848
905.904026102	3.30940134233e+15	-3.02109714255e+13	0.00031151616255	0.999688532354
905.700826972	3.31014382533e+15	-3.02177494287e+13	0.000311236757589	0.999688811672
905.497627842	3.31088664158e+15	-3.02245304741e+13	0.000310957540623	0.999689090802
905.294428712	3.31162979128e+15	-3.02313145635e+13	0.000310678511569	0.999689369744
905.091229582	3.31237327466e+15	-3.0238101699e+13	0.000310399670342	0.999689648499
904.888030452	3.31311709196e+15	-3.02448918828e+13	0.000310121016855	0.999689927066
904.684831322	3.31386124339e+15	-3.02516851168e+13	0.000309842551026	0.999690205445
904.481632192	3.31460572918e+15	-3.02584814032e+13	0.000309564272769	0.999690483637
904.278433062	3.31535054955e+15	-3.02652807439e+13	0.000309286182002	0.999690761642
904.075233932	3.31609570473e+15	-3.0272083141e+13	0.000309008278638	0.99969103946
903.872034803	3.31684119495e+15	-3.02788885966e+13	0.000308730562597	0.99969131709
903.668835673	3.31758702044e+15	-3.02856971128e+13	0.000308453033792	0.999691594533
903.465636543	3.31833318141e+15	-3.02925086916e+13	0.000308175692141	0.999691871789
903.262437413	3.31907967809e+15	-3.0299323335e+13	0.000307898537559	0.999692148858
903.059238283	3.31982651072e+15	-3.03061410453e+13	0.000307621569962	0.999692425741
902.856039153	3.32057367951e+15	-3.03129618243e+13	0.000307344789265	0.999692702436
902.652840023	3.3213211847e+15	-3.03197856743e+13	0.000307068195386	0.999692978945
902.449640893	3.32206902651e+15	-3.03266125972e+13	0.000306791788238	0.999693255268
902.246441763	3.32281720518e+15	-3.03334425951e+13	0.000306515567738	0.999693531403
902.043242633	3.32356572092e+15	-3.03402756702e+13	0.000306239533802	0.999693807353
901.840043503	3.32431457396e+15	-3.03471118245e+13	0.000305963686346	0.999694083116
901.636844373	3.32506376454e+15	-3.03539510601e+13	0.000305688025285	0.999694358693
901.433645243	3.32581329288e+15	-3.0360793379e+13	0.000305412550537	0.999694634083
901.230446113	3.32656315921e+15	-3.03676387834e+13	0.000305137262016	0.999694909288
901.027246983	3.32731336376e+15	-3.03744872753e+13	0.000304862159638	0.999695184306
900.824047853	3.32806390676e+15	-3.03813388569e+13	0.000304587243321	0.999695459139
900.620848724	3.32881478843e+15	-3.03881935302e+13	0.00030431251298	0.999695733785
900.417649594	3.32956600901e+15	-3.03950512973e+13	0.00030403796853	0.999696008246
900.214450464	3.33031756873e+15	-3.04019121604e+13	0.000303763609889	0.999696282522
900.011251334	3.33106946781e+15	-3.04087761214e+13	0.000303489436972	0.999696556611
899.808052204	3.33182170648e+15	-3.04156431825e+13	0.000303215449696	0.999696830515
899.604853074	3.33257428498e+15	-3.04225133459e+13	0.000302941647976	0.999697104234
899.401653944	3.33332720354e+15	-3.04293866135e+13	0.000302668031729	0.999697377768
899.198454814	3.33408046238e+15	-3.04362629876e+13	0.000302394600871	0.999697651116
898.995255684	3.33483406174e+15	-3.04431424702e+13	0.000302121355318	0.999697924279
898.792056554	3.33558800185e+15	-3.04500250635e+13	0.000301848294988	0.999698197257
898.588857424	3.33634228294e+15	-3.04569107694e+13	0.000301575419794	0.99969847005
898.385658294	3.33709690523e+15	-3.04637995902e+13	0.000301302729655	0.999698742657
898.182459164	3.33785186897e+15	-3.0470691528e+13	0.000301030224487	0.999699015081
897.979260034	3.33860717439e+15	-3.04775865849e+13	0.000300757904205	0.999699287319
897.776060904	3.3393628217e+15	-3.0484484763e+13	0.000300485768727	0.999699559373
897.572861774	3.34011881116e+15	-3.04913860644e+13	0.000300213817968	0.999699831242
897.369662645	3.34087514299e+15	-3.04982904912e+13	0.000299942051844	0.999700102926
897.166463515	3.34163181742e+15	-3.05051980456e+13	0.000299670470274	0.999700374426
896.963264385	3.34238883468e+15	-3.05121087297e+13	0.000299399073172	0.999700645742
896.760065255	3.34314619502e+15	-3.05190225456e+13	0.000299127860455	0.999700916874
896.556866125	3.34390389865e+15	-3.05259394955e+13	0.00029885683204	0.999701187821
896.353666995	3.34466194583e+15	-3.05328595814e+13	0.000298585987843	0.999701458585
896.150467865	3.34542033677e+15	-3.05397828056e+13	0.000298315327781	0.999701729164
895.947268735	3.34617907171e+15	-3.05467091701e+13	0.000298044851769	0.999701999559
895.744069605	3.3469381509e+15	-3.0553638677e+13	0.000297774559726	0.999702269771
895.540870475	3.34769757455e+15	-3.05605713287e+13	0.000297504451567	0.999702539798
895.337671345	3.34845734291e+15	-3.0567507127e+13	0.000297234527209	0.999702809643
895.134472215	3.34921745621e+15	-3.05744460743e+13	0.000296964786568	0.999703079303
894.931273085	3.34997791469e+15	-3.05813881726e+13	0.000296695262685	0.999703348747
894.728073955	3.35073871858e+15	-3.05883334242e+13	0.000296425889199	0.999703618041
894.524874825	3.35149986811e+15	-3.05952818311e+13	0.000296156699181	0.999703887151
894.321675695	3.35226136353e+15	-3.06022333955e+13	0.000295887692546	0.999704156078
894.118476566	3.35302320506e+15	-3.06091881195e+13	0.000295618869212	0.999704424822
893.915277436	3.35378539295e+15	-3.06161460053e+13	0.000295350229096	0.999704693382
893.712078306	3.35454792743e+15	-3.06231070551e+13	0.000295081772114	0.99970496176
893.508879176	3.35531080874e+15	-3.06300712711e+13	0.000294813498183	0.999705229955
893.305680046	3.3560740371e+15	-3.06370386553e+13	0.00029454540722	0.999705497967
893.102480916	3.35683761277e+15	-3.06440092099e+13	0.000294277499142	0.999705765796
892.899281786	3.35760153598e+15	-3.06509829372e+13	0.000294009773864	0.999706033443
892.696082656	3.35836580696e+15	-3.06579598393e+13	0.000293742231305	0.999706300907
892.492883526	3.35913042595e+15	-3.06649399183e+13	0.000293474871381	0.999706568188
892.289684396	3.3598953932e+15	-3.06719231764e+13	0.000293207694009	0.999706835287
892.086485266	3.36066070893e+15	-3.06789096158e+13	0.000292940699105	0.999707102204
891.883286136	3.36142637339e+15	-3.06858992386e+13	0.000292673886588	0.999707368938
892.883286136	3.35766168608e+15	-3.06515320374e+13	0.000293988706534	0.999706054504
893.186316439	3.35652253603e+15	-3.0641132927e+13	0.000294388010008	0.999705655318
893.489346742	3.35538415867e+15	-3.06307408704e+13	0.000294787720102	0.999705255726
893.792377045	3.35424655322e+15	-3.06203558604e+13	0.000295187837092	0.999704855727
894.095407348	3.3531097189e+15	-3.06099778898e+13	0.000295588361256	0.999704455321
894.398437651	3.35197365491e+15	-3.05996069516e+13	0.000295989292868	0.999704054508
894.701467954	3.35083836048e+15	-3.05892430385e+13	0.000296390632205	0.999703653287
895.004498257	3.34970383483e+15	-3.05788861434e+13	0.000296792379543	0.999703251659
895.30752856	3.34857007717e+15	-3.05685362592e+13	0.000297194501979	0.999702849656
895.610558864	3.34743708672e+15	-3.05581933788e+13	0.000297597066105	0.999702447212
895.913589167	3.34630486271e+15	-3.05478574951e+13	0.000298000039061	0.999702044359
896.21661947	3.34517340437e+15	-3.05375286009e+13	0.000298403421124	0.999701641097
896.519649773	3.3440427109e+15	-3.05272066893e+13	0.000298807212572	0.999701237426
896.822680076	3.34291278154e+15	-3.0516891753e+13	0.000299211413681	0.999700833346
897.125710379	3.34178361551e+15	-3.05065837851e+13	0.000299616024728	0.999700428856
897.428740682	3.34065521205e+15	-3.04962827784e+13	0.000300021045991	0.999700023956
897.731770985	3.33952757037e+15	-3.0485988726e+13	0.000300426477746	0.999699618646
898.034801288	3.33840068971e+15	-3.04757016208e+13	0.000300832320271	0.999699212925
898.337831591	3.33727456929e+15	-3.04654214557e+13	0.000301238573842	0.999698806794
898.640861894	3.33614920835e+15	-3.04551482238e+13	0.000301645238738	0.999698400252
898.943892197	3.33502460612e+15	-3.0444881918e+13	0.000302052315237	0.999697993298
899.2469225	3.33390076183e+15	-3.04346225314e+13	0.000302459803615	0.999697585933
899.549952803	3.33277767472e+15	-3.04243700568e+13	0.00030286770415	0.999697178156
899.852983106	3.33165534402e+15	-3.04141244875e+13	0.000303276017121	0.999696769966
900.156013409	3.33053376897e+15	-3.04038858163e+13	0.000303684742804	0.999696361365
900.459043712	3.3294129488e+15	-3.03936540363e+13	0.000304093881479	0.99969595235
900.762074015	3.32829288276e+15	-3.03834291405e+13	0.000304503433424	0.999695542923
901.065104318	3.32717357007e+15	-3.03732111221e+13	0.000304913398916	0.999695133082
901.368134621	3.32605500999e+15	-3.03629999741e+13	0.000305323778233	0.999694722828
901.671164924	3.32493720175e+15	-3.03527956895e+13	0.000305734571655	0.99969431216
901.974195227	3.32382014459e+15	-3.03425982614e+13	0.00030614577946	0.999693901078
902.27722553	3.32270383777e+15	-3.0332407683e+13	0.000306557401926	0.999693489582
902.580255833	3.32158828052e+15	-3.03222239473e+13	0.000306969439332	0.999693077671
902.883286136	3.32047347208e+15	-3.03120470474e+13	0.000307381891958	0.999692665345
903.186316439	3.31935941171e+15	-3.03018769765e+13	0.000307794760082	0.999692252604
903.489346742	3.31824609865e+15	-3.02917137276e+13	0.000308208043985	0.999691839447
903.792377045	3.31713353215e+15	-3.0281557294e+13	0.000308621743946	0.999691425875
904.095407348	3.31602171146e+15	-3.02714076688e+13	0.000309035860243	0.999691011886
904.398437651	3.31491063583e+15	-3.02612648451e+13	0.000309450393154	0.999690597482
904.701467954	3.31380030451e+15	-3.0251128816e+13	0.000309865342958	0.99969018266
905.004498257	3.31269071676e+15	-3.02409995749e+13	0.000310280709933	0.999689767422
905.30752856	3.31158187182e+15	-3.02308771147e+13	0.000310696494358	0.999689351767
905.610558864	3.31047376895e+15	-3.02207614289e+13	0.000311112696517	0.999688935694
905.913589167	3.30936640741e+15	-3.02106525104e+13	0.000311529316687	0.999688519204
906.21661947	3.30825978645e+15	-3.02005503526e+13	0.000311946355154	0.999688102295
906.519649773	3.30715390533e+15	-3.01904549487e+13	0.000312363812206	0.999687684968
906.822680076	3.3060487633e+15	-3.01803662919e+13	0.000320224282274	0.999679826984
907.125710379	3.30494435964e+15	-3.01702843755e+13	0.000322397806426	0.999677654158
907.428740682	3.30384069359e+15	-3.01602091926e+13	0.000323385080914	0.999676667202
907.731770985	3.30273776443e+15	-3.01501407365e+13	0.000324454285296	0.999675598344
908.034801288	3.3016355714e+15	-3.01400790006e+13	0.000325636323585	0.99967441669
908.337831591	3.30053411378e+15	-3.01300239781e+13	0.00032697878355	0.999673074668
908.640861894	3.29943339082e+15	-3.01199756622e+13	0.000328555313771	0.999671498655
908.943892197	3.29833340181e+15	-3.01099340463e+13	0.000330480328674	0.999669574274
909.2469225	3.29723414599e+15	-3.00998991237e+13	0.000332932283	0.999667123133
909.549952803	3.29613562264e+15	-3.00898708876e+13	0.00033619159457	0.999663864911
909.852983106	3.29503783102e+15	-3.00798493314e+13	0.000340705904198	0.999659352129
910.156013409	3.29394077041e+15	-3.00698344485e+13	0.00034721448104	0.999652845791
910.459043712	3.29284444007e+15	-3.00598262321e+13	0.000357026877373	0.999643036849
910.762074015	3.29174883928e+15	-3.00498246756e+13	0.000372756893561	0.999627312572
911.065104318	3.29065396731e+15	-3.00398297723e+13	0.000400341609468	0.999599738517
911.368134621	3.28955982343e+15	-3.00298415157e+13	0.000453771226874	0.999546331712
911.671164924	3.28846640691e+15	-3.00198598991e+13	0.000562165164064	0.999437992821
911.974195227	3.28737371703e+15	-3.00098849158e+13	0.000769628380154	0.999230667708
912.27722553	3.28628175307e+15	-2.99999165593e+13	0.00110590134101	0.998894709943
912.580255833	3.2851905143e+15	-2.9989954823e+13	0.00152180135073	0.998479356002
912.883286136	3.2841e+15	-2.99799997002e+13	0.00185053385747	0.998151177325
913.186316439	3.28301020945e+15	-2.99700511844e+13	0.00188972642157	0.998112057987
913.489346742	3.28192114193e+15	-2.9960109269e+13	0.00157500640583	0.998426233266
913.792377045	3.28083279672e+15	-2.99501739475e+13	0.00105470596189	0.998945850045
914.095407348	3.2797451731e+15	-2.99402452133e+13	0.000562426815679	0.999437731317
914.398437651	3.27865827035e+15	-2.99303230597e+13	0.000237550688832	0.999762477524
914.701467954	3.27757208776e+15	-2.99204074804e+13	7.9200352187e-05	0.999920802784
915.004498257	3.27648662461e+15	-2.99104984688e+13	2.07970164955e-05	0.9999792032
915.30752856	3.27540188019e+15	-2.99005960183e+13	4.29437121364e-06	0.999995705638
915.610558864	3.27431785378e+15	-2.98907001224e+13	6.96463390647e-07	0.999999303537
915.913589167	3.27323454468e+15	-2.98808107746e+13	8.86394797507e-08	0.999999911361
916.21661947	3.27215195216e+15	-2.98709279685e+13	8.84816682453e-09	0.999999991152
916.519649773	3.27107007552e+15	-2.98610516975e+13	6.92748057184e-10	0.999999999307
916.822680076	3.26998891405e+15	-2.98511819551e+13	4.56323707159e-11	0.999999999954
917.125710379	3.26890846704e+15	-2.98413187349e+13	2.53761413477e-12	0.999999999997
917.428740682	3.26782873379e+15	-2.98314620305e+13	3.89300218217e-13	1.0
917.731770985	3.26674971357e+15	-2.98216118353e+13	2.73897099308e-13	1.0
918.034801288	3.2656714057e+15	-2.98117681429e+13	2.42726078716e-13	1.0
918.337831591	3.26459380946e+15	-2.9801930947e+13	2.18700611468e-13	1.0
918.640861894	3.26351692414e+15	-2.97921002409e+13	1.98342453163e-13	1.0
918.943892197	3.26244074906e+15	-2.97822760184e+13	1.81543793876e-13	1.0
919.2469225	3.26136528349e+15	-2.97724582731e+13	1.66975172696e-13	1.0
919.549952803	3.26029052675e+15	-2.97626469984e+13	1.54113349911e-13	1.0
919.852983106	3.25921647813e+15	-2.97528421881e+13	1.43040149537e-13	1.0
920.156013409	3.25814313694e+15	-2.97430438357e+13	1.32949196451e-13	1.0
920.459043712	3.25707050246e+15	-2.97332519349e+13	1.24089003683e-13	1.0
920.762074015	3.25599857402e+15	-2.97234664792e+13	1.16681532483e-13	1.0
921.065104318	3.2549273509e+15	-2.97136874624e+13	1.0972444655e-13	1.0
921.368134621	3.25385683241e+15	-2.97039148781e+13	1.0343433217e-13	1.0
921.671164924	3.25278701786e+15	-2.96941487198e+13	9.7763141621e-14	1.0
921.974195227	3.25171790655e+15	-2.96843889814e+13	9.26112064715e-14	1.0
922.27722553	3.2506494978e+15	-2.96746356565e+13	8.78890296778e-14	1.0
922.580255833	3.2495817909e+15	-2.96648887387e+13	8.34970644554e-14	1.0
922.883286136	3.24851478517e+15	-2.96551482217e+13	7.95238962549e-14	1.0
