912.0	3.28728070175e+15	-3.03481783781e+13	0.00130866648815	0.998692189442
911.901011096	3.28763754346e+15	-3.03514727411e+13	0.001308291251	0.998692564189
911.802022193	3.28799446265e+15	-3.03547678194e+13	0.00130791608987	0.99869293886
911.703033289	3.28835145934e+15	-3.03580636132e+13	0.00130754100413	0.998693313455
911.604044385	3.28870853356e+15	-3.03613601227e+13	0.00130716599324	0.998693687976
911.505055482	3.28906568534e+15	-3.03646573483e+13	0.00130679105679	0.998694062423
911.406066578	3.2894229147e+15	-3.03679552901e+13	0.00130641611471	0.998694436875
911.307077675	3.28978022167e+15	-3.03712539484e+13	0.00130604132752	0.998694811173
911.208088771	3.29013760627e+15	-3.03745533234e+13	0.00130566661384	0.998695185398
911.109099867	3.29049506852e+15	-3.03778534153e+13	0.00130529197345	0.99869555955
911.010110964	3.29085260846e+15	-3.03811542243e+13	0.00130491740618	0.998695933628
910.91112206	3.29121022611e+15	-3.03844557508e+13	0.00130454291188	0.998696307634
910.812133156	3.29156792149e+15	-3.03877579949e+13	0.00130416842755	0.998696681631
910.713144253	3.29192569463e+15	-3.03910609569e+13	0.0013037940799	0.99869705549
910.614155349	3.29228354555e+15	-3.03943646369e+13	0.00130341980483	0.998697429278
910.515166446	3.29264147428e+15	-3.03976690353e+13	0.00130304560227	0.998697802993
910.416177542	3.29299948085e+15	-3.04009741523e+13	0.00130267147213	0.998698176636
910.317188638	3.29335756527e+15	-3.04042799881e+13	0.00130229741436	0.998698550207
910.218199735	3.29371572759e+15	-3.04075865429e+13	0.00130192337945	0.998698923755
910.119210831	3.29407396781e+15	-3.0410893817e+13	0.0013015494671	0.998699297181
910.020221927	3.29443228597e+15	-3.04142018106e+13	0.00130117562692	0.998699670535
909.921233024	3.29479068209e+15	-3.04175105239e+13	0.0013008018589	0.998700043817
909.82224412	3.2951491562e+15	-3.04208199572e+13	0.00130042816298	0.998700417027
909.723255216	3.29550770832e+15	-3.04241301108e+13	0.00130005449999	0.998700790205
909.624266313	3.29586633847e+15	-3.04274409848e+13	0.00129968094888	0.998701163271
909.525277409	3.2962250467e+15	-3.04307525794e+13	0.00129930746978	0.998701536265
909.426288506	3.29658383301e+15	-3.0434064895e+13	0.00129893406267	0.998701909187
909.327299602	3.29694269743e+15	-3.04373779317e+13	0.00129856072751	0.998702282038
909.228310698	3.29730164e+15	-3.04406916899e+13	0.0012981874339	0.998702654847
909.129321795	3.29766066073e+15	-3.04440061696e+13	0.00129781424315	0.998703027554
909.030332891	3.29801975965e+15	-3.04473213712e+13	0.00129744112429	0.998703400189
908.931343987	3.29837893679e+15	-3.04506372949e+13	0.00129706807732	0.998703772752
908.832355084	3.29873819218e+15	-3.0453953941e+13	0.00129669507885	0.998704145267
908.73336618	3.29909752583e+15	-3.04572713096e+13	0.00129632217601	0.998704517687
908.634377276	3.29945693777e+15	-3.0460589401e+13	0.001295949345	0.998704890035
908.535388373	3.29981642803e+15	-3.04639082154e+13	0.00129557658582	0.998705262311
908.436399469	3.30017599664e+15	-3.04672277532e+13	0.00129520388129	0.998705634533
908.337410566	3.30053564361e+15	-3.04705480144e+13	0.00129483126602	0.998706006666
908.238421662	3.30089536899e+15	-3.04738689994e+13	0.00129445871062	0.99870637874
908.139432758	3.30125517278e+15	-3.04771907084e+13	0.00129408623912	0.998706750729
908.040443855	3.30161505502e+15	-3.04805131416e+13	0.0012937138326	0.998707122654
907.941454951	3.30197501574e+15	-3.04838362993e+13	0.00129334150234	0.998707494503
907.842466047	3.30233505495e+15	-3.04871601816e+13	0.00129296924625	0.998707866278
907.743477144	3.30269517269e+15	-3.04904847889e+13	0.00129259706188	0.998708237982
907.64448824	3.30305536897e+15	-3.04938101214e+13	0.00129222494924	0.998708609614
907.545499337	3.30341564383e+15	-3.04971361793e+13	0.00129185290831	0.998708981174
907.446510433	3.3037759973e+15	-3.05004629628e+13	0.00129148093909	0.998709352664
907.347521529	3.30413642939e+15	-3.05037904722e+13	0.00129110904157	0.998709724081
907.248532626	3.30449694013e+15	-3.05071187078e+13	0.00129073721574	0.998710095427
907.149543722	3.30485752955e+15	-3.05104476696e+13	0.00129036546159	0.998710466702
907.050554818	3.30521819768e+15	-3.05137773581e+13	0.00128999377912	0.998710837905
906.951565915	3.30557894453e+15	-3.05171077735e+13	0.00128962216831	0.998711209037
906.852577011	3.30593977015e+15	-3.05204389159e+13	0.00128925062916	0.998711580097
906.753588107	3.30630067454e+15	-3.05237707856e+13	0.00128887916167	0.998711951086
906.654599204	3.30666165774e+15	-3.05271033828e+13	0.00128850776582	0.998712322004
906.5556103	3.30702271977e+15	-3.05304367079e+13	0.0012881364416	0.99871269285
906.456621397	3.30738386067e+15	-3.0533770761e+13	0.00128776518902	0.998713063625
906.357632493	3.30774508044e+15	-3.05371055423e+13	0.00128739400805	0.998713434328
906.258643589	3.30810637913e+15	-3.05404410522e+13	0.00128702289869	0.99871380496
906.159654686	3.30846775676e+15	-3.05437772907e+13	0.00128665186094	0.998714175521
906.060665782	3.30882921334e+15	-3.05471142583e+13	0.00128628089479	0.99871454601
905.961676878	3.30919074892e+15	-3.05504519551e+13	0.00128591000023	0.998714916428
905.862687975	3.30955236351e+15	-3.05537903813e+13	0.00128553917724	0.998715286774
905.763699071	3.30991405714e+15	-3.05571295373e+13	0.00128516842583	0.998715657049
905.664710168	3.31027582983e+15	-3.05604694232e+13	0.00128479774599	0.998716027253
905.565721264	3.31063768162e+15	-3.05638100392e+13	0.0012844271377	0.998716397386
905.46673236	3.31099961253e+15	-3.05671513857e+13	0.00128405660096	0.998716767447
905.367743457	3.31136162258e+15	-3.05704934628e+13	0.00128368613576	0.998717137437
905.268754553	3.31172371179e+15	-3.05738362709e+13	0.0012833157421	0.998717507355
905.169765649	3.31208588021e+15	-3.057717981e+13	0.00128294541996	0.998717877203
905.070776746	3.31244812785e+15	-3.05805240806e+13	0.00128257516934	0.998718246979
904.971787842	3.31281045473e+15	-3.05838690827e+13	0.00128220499023	0.998718616683
904.872798938	3.31317286089e+15	-3.05872148167e+13	0.00128183488263	0.998718986317
904.773810035	3.31353534635e+15	-3.05905612829e+13	0.00128146484651	0.998719355879
904.674821131	3.31389791113e+15	-3.05939084813e+13	0.00128109488189	0.99871972537
904.575832228	3.31426055527e+15	-3.05972564123e+13	0.00128072498874	0.99872009479
904.476843324	3.31462327878e+15	-3.06006050762e+13	0.00128035516706	0.998720464138
904.37785442	3.3149860817e+15	-3.0603954473e+13	0.00127998541685	0.998720833415
904.278865517	3.31534896405e+15	-3.06073046032e+13	0.00127961573809	0.998721202621
904.179876613	3.31571192585e+15	-3.0610655467e+13	0.00127924613078	0.998721571756
904.080887709	3.31607496714e+15	-3.06140070645e+13	0.00127887659491	0.998721940819
903.981898806	3.31643808793e+15	-3.0617359396e+13	0.00127850713047	0.998722309812
903.882909902	3.31680128826e+15	-3.06207124618e+13	0.00127813773745	0.998722678733
903.783920998	3.31716456815e+15	-3.06240662621e+13	0.00127776841585	0.998723047583
903.684932095	3.31752792763e+15	-3.06274207972e+13	0.00127739916566	0.998723416361
903.585943191	3.31789136672e+15	-3.06307760672e+13	0.00127702998687	0.998723785069
903.486954288	3.31825488544e+15	-3.06341320724e+13	0.00127666087947	0.998724153705
903.387965384	3.31861848384e+15	-3.06374888132e+13	0.00127629184345	0.998724522271
903.28897648	3.31898216192e+15	-3.06408462896e+13	0.00127592287882	0.998724890765
903.189987577	3.31934591973e+15	-3.0644204502e+13	0.00127555398555	0.998725259188
903.090998673	3.31970975727e+15	-3.06475634506e+13	0.00127518516364	0.998725627539
902.992009769	3.32007367459e+15	-3.06509231356e+13	0.00127481641308	0.99872599582
902.893020866	3.3204376717e+15	-3.06542835573e+13	0.00127444773387	0.99872636403
902.794031962	3.32080174864e+15	-3.0657644716e+13	0.001274079126	0.998726732168
902.695043059	3.32116590542e+15	-3.06610066118e+13	0.00127371058946	0.998727100236
902.596054155	3.32153014208e+15	-3.0664369245e+13	0.00127334212423	0.998727468232
902.497065251	3.32189445864e+15	-3.06677326158e+13	0.00127297373033	0.998727836157
902.398076348	3.32225885513e+15	-3.06710967245e+13	0.00127260540772	0.998728204011
902.299087444	3.32262333157e+15	-3.06744615714e+13	0.00127223715642	0.998728571794
902.20009854	3.322987888e+15	-3.06778271567e+13	0.00127186897641	0.998728939506
903.20009854	3.31930876098e+15	-3.06438614524e+13	0.00127559166192	0.998725221559
903.503128843	3.31819548189e+15	-3.06335836588e+13	0.00127672118588	0.998724093476
903.806159146	3.31708294933e+15	-3.0623312757e+13	0.00127785137882	0.998722964726
904.109189449	3.31597116254e+15	-3.06130487403e+13	0.00127898224096	0.998721835308
904.412219752	3.31486012078e+15	-3.06027916017e+13	0.00128011377252	0.998720705224
904.715250056	3.31374982329e+15	-3.05925413342e+13	0.00128124597374	0.998719574471
905.018280359	3.31264026933e+15	-3.0582297931e+13	0.00128237884484	0.998718443052
905.321310662	3.31153145816e+15	-3.05720613851e+13	0.00128351238604	0.998717310964
905.624340965	3.31042338903e+15	-3.05618316898e+13	0.00128464659757	0.998716178208
905.927371268	3.30931606118e+15	-3.0551608838e+13	0.00128578147965	0.998715044783
906.230401571	3.30820947389e+15	-3.0541392823e+13	0.00128691703251	0.99871391069
906.533431874	3.3071036264e+15	-3.05311836379e+13	0.00128805325637	0.998712775928
906.836462177	3.30599851797e+15	-3.05209812759e+13	0.00128919015147	0.998711640497
907.13949248	3.30489414787e+15	-3.051078573e+13	0.00129032771802	0.998710504397
907.442522783	3.30379051536e+15	-3.05005969935e+13	0.00129146595626	0.998709367627
907.745553086	3.30268761968e+15	-3.04904150596e+13	0.0012926048664	0.998708230187
908.048583389	3.30158546012e+15	-3.04802399214e+13	0.0012937444511	0.998707092075
908.351613692	3.30048403593e+15	-3.04700715722e+13	0.00129488472519	0.998705953276
908.654643995	3.29938334637e+15	-3.04599100051e+13	0.00129602567156	0.998704813807
908.957674298	3.29828339072e+15	-3.04497552134e+13	0.00129716729802	0.99870367366
909.260704601	3.29718416823e+15	-3.04396071903e+13	0.00129830960596	0.998702532833
909.563734904	3.29608567817e+15	-3.0429465929e+13	0.00129945255901	0.998701391364
909.866765207	3.29498791982e+15	-3.04193314228e+13	0.00130059622692	0.998700249182
910.16979551	3.29389089243e+15	-3.0409203665e+13	0.00130174053238	0.998699106364
910.472825813	3.29279459529e+15	-3.03990826487e+13	0.00130288556631	0.998697962821
910.775856116	3.29169902767e+15	-3.03889683673e+13	0.00130403122975	0.99869681865
911.078886419	3.29060418882e+15	-3.0378860814e+13	0.00130517764007	0.998695673734
911.381916722	3.28951007804e+15	-3.03687599822e+13	0.00130632467285	0.998694528198
911.684947025	3.28841669459e+15	-3.0358665865e+13	0.00130747248031	0.998693381889
911.987977328	3.28732403774e+15	-3.03485784559e+13	0.00130862090974	0.998692234961
912.291007631	3.28623210677e+15	-3.03384977482e+13	0.00130977016657	0.998691087208
912.594037934	3.28514090097e+15	-3.03284237352e+13	0.00131092008331	0.998689938797
912.897068237	3.2840504196e+15	-3.03183564101e+13	0.00131207098366	0.998688789405
913.20009854	3.28296066195e+15	-3.03082957664e+13	0.00131322276434	0.998687639135
913.503128843	3.2818716273e+15	-3.02982417974e+13	0.00131437597706	0.998686487437
913.806159146	3.28078331492e+15	-3.02881944965e+13	0.00131553072907	0.998685334202
914.109189449	3.2796957241e+15	-3.02781538569e+13	0.00131668677892	0.998684179673
914.412219752	3.27860885412e+15	-3.02681198722e+13	0.00131784429703	0.998683023678
914.715250056	3.27752270427e+15	-3.02580925357e+13	0.00131900213353	0.998681867367
915.018280359	3.27643727383e+15	-3.02480718408e+13	0.00132016049032	0.998680710538
915.321310662	3.27535256208e+15	-3.02380577808e+13	0.00132131898585	0.998679553572
915.624340965	3.27426856831e+15	-3.02280503493e+13	0.00132247784106	0.998678396247
915.927371268	3.27318529181e+15	-3.02180495396e+13	0.00132363731775	0.998677238304
916.230401571	3.27210273187e+15	-3.02080553451e+13	0.00132479832961	0.998676078828
916.533431874	3.27102088777e+15	-3.01980677594e+13	0.00132596220493	0.998674916495
916.836462177	3.26993975881e+15	-3.01880867758e+13	0.0013271371015	0.998673743155
917.13949248	3.26885934428e+15	-3.01781123877e+13	0.00136570888734	0.998635223269
917.442522783	3.26777964347e+15	-3.01681445888e+13	0.00136904421945	0.998631892494
917.745553086	3.26670065567e+15	-3.01581833723e+13	0.0013726517268	0.998628289929
918.048583389	3.26562238017e+15	-3.01482287319e+13	0.00137662185508	0.998624325254
918.351613692	3.26454481628e+15	-3.0138280661e+13	0.00138109722418	0.998619856052
918.654643995	3.26346796328e+15	-3.01283391531e+13	0.00138629031497	0.998614670142
918.957674298	3.26239182048e+15	-3.01184042017e+13	0.00139253250851	0.998608436615
919.260704601	3.26131638717e+15	-3.01084758003e+13	0.0014003351112	0.998600644901
919.563734904	3.26024166265e+15	-3.00985539425e+13	0.0014104937061	0.998590500573
919.866765207	3.25916764622e+15	-3.00886386217e+13	0.0014242520695	0.998576761696
920.16979551	3.25809433718e+15	-3.00787298316e+13	0.0014435964804	0.998557445004
920.472825813	3.25702173484e+15	-3.00688275657e+13	0.00147181593272	0.998529266657
920.775856116	3.25594983848e+15	-3.00589318175e+13	0.00151479309552	0.998486353624
921.078886419	3.25487864743e+15	-3.00490425806e+13	0.00158443372468	0.998416820828
921.381916722	3.25380816097e+15	-3.00391598486e+13	0.00170784349861	0.998293614036
921.684947025	3.25273837842e+15	-3.0029283615e+13	0.00194771006749	0.998054185489
921.987977328	3.25166929908e+15	-3.00194138735e+13	0.00242966594767	0.997573283302
922.291007631	3.25060092226e+15	-3.00095506177e+13	0.00333340326881	0.996672146352
922.594037934	3.24953324727e+15	-2.99996938411e+13	0.004761571885	0.995249746427
922.897068237	3.24846627341e+15	-2.99898435374e+13	0.00648129805864	0.99353966025
923.20009854	3.2474e+15	-2.99799997002e+13	0.0077969013844	0.992233415607
923.503128843	3.24633442634e+15	-2.99701623232e+13	0.0079052642359	0.99212590019
923.806159146	3.24526955175e+15	-2.99603313999e+13	0.00657735419314	0.993444229254
924.109189449	3.24420537554e+15	-2.99505069241e+13	0.00442478069074	0.995584994229
924.412219752	3.24314189702e+15	-2.99406888893e+13	0.00238646344288	0.997616381897
924.715250056	3.24207911551e+15	-2.99308772894e+13	0.00102675158702	0.998973775342
925.018280359	3.24101703032e+15	-2.99210721178e+13	0.000351410075093	0.999648651662
925.321310662	3.23995564077e+15	-2.99112733684e+13	9.56562482129e-05	0.999904348327
925.624340965	3.23889494617e+15	-2.99014810348e+13	2.08666250132e-05	0.999979133593
925.927371268	3.23783494584e+15	-2.98916951108e+13	3.82260225381e-06	0.999996177405
926.230401571	3.2367756391e+15	-2.98819155899e+13	7.47748700999e-07	0.999999252252
926.533431874	3.23571702527e+15	-2.9872142466e+13	2.78423089043e-07	0.999999721577
926.836462177	3.23465910368e+15	-2.98623757328e+13	1.94605821403e-07	0.999999805394
927.13949248	3.23360187363e+15	-2.9852615384e+13	1.62044452171e-07	0.999999837956
927.442522783	3.23254533446e+15	-2.98428614133e+13	1.39849465121e-07	0.999999860151
927.745553086	3.23148948548e+15	-2.98331138145e+13	1.22568455895e-07	0.999999877432
928.048583389	3.23043432603e+15	-2.98233725814e+13	1.08690223091e-07	0.99999989131
928.351613692	3.22937985542e+15	-2.98136377076e+13	9.73260275739e-08	0.999999902674
928.654643995	3.22832607298e+15	-2.98039091871e+13	8.78767391028e-08	0.999999912123
928.957674298	3.22727297803e+15	-2.97941870136e+13	7.99142024977e-08	0.999999920086
929.260704601	3.22622056992e+15	-2.97844711808e+13	7.3196047486e-08	0.999999926804
929.563734904	3.22516884795e+15	-2.97747616826e+13	6.73585062062e-08	0.999999932641
929.866765207	3.22411781147e+15	-2.97650585128e+13	6.22901951136e-08	0.99999993771
930.16979551	3.2230674598e+15	-2.97553616651e+13	5.78557422095e-08	0.999999942144
930.472825813	3.22201779228e+15	-2.97456711335e+13	5.39485601049e-08	0.999999946051
930.775856116	3.22096880823e+15	-2.97359869117e+13	5.04680412057e-08	0.999999949532
931.078886419	3.21992050698e+15	-2.97263089936e+13	4.74238151909e-08	0.999999952576
931.381916722	3.21887288788e+15	-2.9716637373e+13	4.46555425962e-08	0.999999955344
931.684947025	3.21782595026e+15	-2.97069720438e+13	4.21624705951e-08	0.999999957838
931.987977328	3.21677969344e+15	-2.96973129999e+13	3.99084653236e-08	0.999999960092
932.291007631	3.21573411677e+15	-2.9687660235e+13	3.78646160208e-08	0.999999962135
932.594037934	3.21468921959e+15	-2.96780137432e+13	3.59979562685e-08	0.999999964002
932.897068237	3.21364500123e+15	-2.96683735183e+13	3.42713949184e-08	0.999999965729
933.20009854	3.21260146103e+15	-2.96587395541e+13	3.27185485401e-08	0.999999967281
