912.0	3.28728070175e+15	-3.19716705643e+13	0.00142464311593	0.998576371206
912.399870563	3.2858400102e+15	-3.19576585829e+13	0.00142626783737	0.998574748799
912.799741126	3.2844005809e+15	-3.1943658878e+13	0.00142789378496	0.99857312517
913.199611689	3.28296241219e+15	-3.19296714334e+13	0.00142952095922	0.998571500319
913.599482252	3.28152550241e+15	-3.1915696233e+13	0.00143114936067	0.998569874245
913.999352814	3.28008984992e+15	-3.19017332608e+13	0.00143277898981	0.998568246948
914.399223377	3.27865545306e+15	-3.18877825008e+13	0.00143440983034	0.998566618444
914.79909394	3.27722231019e+15	-3.18738439368e+13	0.00143604191645	0.998564988698
915.198964503	3.27579041966e+15	-3.1859917553e+13	0.0014376752318	0.998563357728
915.598835066	3.27435977983e+15	-3.18460033334e+13	0.00143930977692	0.998561725533
915.998705629	3.27293038907e+15	-3.1832101262e+13	0.00144094555231	0.998560092111
916.398576192	3.27150224574e+15	-3.1818211323e+13	0.00144258255849	0.998558457464
916.798446755	3.2700753482e+15	-3.18043335004e+13	0.00144422079597	0.998556821589
917.198317318	3.26864969483e+15	-3.17904677784e+13	0.00144586009522	0.998555184657
917.59818788	3.267225284e+15	-3.17766141412e+13	0.00144750079623	0.998553546328
917.998058443	3.2658021141e+15	-3.17627725731e+13	0.00144914273008	0.99855190677
918.397929006	3.26438018348e+15	-3.17489430581e+13	0.0014507858973	0.998550265984
918.797799569	3.26295949055e+15	-3.17351255807e+13	0.00145243029841	0.998548623968
919.197670132	3.26154003368e+15	-3.17213201251e+13	0.00145407593391	0.998546980722
919.597540695	3.26012181126e+15	-3.17075266756e+13	0.00145572321778	0.998545335833
919.997411258	3.25870482168e+15	-3.16937452165e+13	0.00145737132461	0.998543690125
920.397281821	3.25728906334e+15	-3.16799757323e+13	0.00145902093287	0.998542042921
920.797152384	3.25587453462e+15	-3.16662182073e+13	0.00146067151241	0.998540394749
921.197022946	3.25446123394e+15	-3.16524726259e+13	0.00146232332894	0.998538745345
921.596893509	3.25304915969e+15	-3.16387389727e+13	0.00146397638297	0.998537094708
921.996764072	3.25163831027e+15	-3.1625017232e+13	0.00146563067503	0.998535442837
922.396634635	3.25022868409e+15	-3.16113073885e+13	0.00146728620563	0.998533789732
922.796505198	3.24882027957e+15	-3.15976094265e+13	0.00146894297528	0.998532135393
923.196375761	3.24741309511e+15	-3.15839233308e+13	0.00147060098452	0.998530479819
923.596246324	3.24600712913e+15	-3.15702490858e+13	0.00147226023385	0.99852882301
923.996116887	3.24460238004e+15	-3.15565866762e+13	0.00147392072379	0.998527164964
924.39598745	3.24319884628e+15	-3.15429360867e+13	0.00147558245486	0.998525505682
924.795858012	3.24179652626e+15	-3.15292973019e+13	0.00147724542757	0.998523845162
925.195728575	3.2403954184e+15	-3.15156703064e+13	0.00147890964246	0.998522183406
925.595599138	3.23899552114e+15	-3.15020550851e+13	0.00148057510003	0.998520520411
925.995469701	3.23759683292e+15	-3.14884516226e+13	0.0014822418008	0.998518856177
926.395340264	3.23619935215e+15	-3.14748599038e+13	0.00148390974529	0.998517190704
926.795210827	3.23480307729e+15	-3.14612799134e+13	0.00148557894252	0.998515523984
927.19508139	3.23340800677e+15	-3.14477116362e+13	0.00148724937602	0.998513856031
927.594951953	3.23201413903e+15	-3.14341550572e+13	0.00148892105479	0.998512186838
927.994822516	3.23062147251e+15	-3.14206101612e+13	0.00149059397936	0.998510516404
928.394693078	3.22923000568e+15	-3.1407076933e+13	0.00149226815025	0.998508844728
928.794563641	3.22783973697e+15	-3.13935553577e+13	0.00149394356798	0.99850717181
929.194434204	3.22645066484e+15	-3.13800454202e+13	0.00149562023306	0.99850549765
929.594304767	3.22506278774e+15	-3.13665471054e+13	0.00149729814601	0.998503822246
929.99417533	3.22367610414e+15	-3.13530603984e+13	0.00149897730735	0.998502145598
930.394045893	3.22229061249e+15	-3.13395852842e+13	0.00150065771761	0.998500467706
930.793916456	3.22090631127e+15	-3.13261217478e+13	0.0015023393773	0.99849878857
931.193787019	3.21952319892e+15	-3.13126697744e+13	0.00150402228695	0.998497108188
931.593657581	3.21814127394e+15	-3.12992293491e+13	0.00150570644706	0.99849542656
931.993528144	3.21676053477e+15	-3.12858004569e+13	0.00150739185817	0.998493743686
932.393398707	3.21538097991e+15	-3.12723830831e+13	0.00150907852079	0.998492059566
932.79326927	3.21400260783e+15	-3.12589772128e+13	0.00151076643545	0.998490374198
933.193139833	3.212625417e+15	-3.12455828313e+13	0.00151245560266	0.998488687582
933.593010396	3.21124940591e+15	-3.12321999238e+13	0.00151414602294	0.998486999718
933.992880959	3.20987457305e+15	-3.12188284756e+13	0.00151583769682	0.998485310605
934.392751522	3.2085009169e+15	-3.12054684718e+13	0.00151753062482	0.998483620243
934.792622085	3.20712843595e+15	-3.1192119898e+13	0.00151922480745	0.99848192863
935.192492647	3.20575712869e+15	-3.11787827393e+13	0.00152092024524	0.998480235768
935.59236321	3.20438699362e+15	-3.11654569812e+13	0.0015226169387	0.998478541654
935.992233773	3.20301802924e+15	-3.1152142609e+13	0.00152431488837	0.998476846289
936.392104336	3.20165023404e+15	-3.11388396082e+13	0.00152601409476	0.998475149673
936.791974899	3.20028360653e+15	-3.11255479642e+13	0.00152771455839	0.998473451803
937.191845462	3.19891814522e+15	-3.11122676625e+13	0.00152941627979	0.998471752681
937.591716025	3.19755384861e+15	-3.10989986885e+13	0.00153111925947	0.998470052306
937.991586588	3.19619071521e+15	-3.10857410277e+13	0.00153282349796	0.998468350676
938.391457151	3.19482874354e+15	-3.10724946658e+13	0.00153452899578	0.998466647792
938.791327713	3.19346793211e+15	-3.10592595882e+13	0.00153623575345	0.998464943653
939.191198276	3.19210827945e+15	-3.10460357806e+13	0.0015379437715	0.998463238258
939.591068839	3.19074978406e+15	-3.10328232285e+13	0.00153965305044	0.998461531607
939.990939402	3.18939244447e+15	-3.10196219176e+13	0.0015413635908	0.9984598237
940.390809965	3.18803625921e+15	-3.10064318336e+13	0.0015430753931	0.998458114536
940.790680528	3.18668122681e+15	-3.09932529621e+13	0.00154478845787	0.998456404114
941.190551091	3.1853273458e+15	-3.09800852889e+13	0.00154650278562	0.998454692434
941.590421654	3.18397461471e+15	-3.09669287996e+13	0.00154821837688	0.998452979495
941.990292217	3.18262303208e+15	-3.09537834801e+13	0.00154993523218	0.998451265297
942.390162779	3.18127259643e+15	-3.09406493161e+13	0.00155165335202	0.99844954984
942.790033342	3.17992330633e+15	-3.09275262935e+13	0.00155337273695	0.998447833122
943.189903905	3.1785751603e+15	-3.0914414398e+13	0.00155509338748	0.998446115144
943.589774468	3.1772281569e+15	-3.09013136155e+13	0.00155681530413	0.998444395904
943.989645031	3.17588229466e+15	-3.08882239318e+13	0.00155853848743	0.998442675403
944.389515594	3.17453757215e+15	-3.0875145333e+13	0.00156026293791	0.99844095364
944.789386157	3.17319398792e+15	-3.08620778049e+13	0.00156198865607	0.998439230613
945.18925672	3.17185154051e+15	-3.08490213335e+13	0.00156371564246	0.998437506324
945.589127283	3.17051022849e+15	-3.08359759046e+13	0.00156544390209	0.998435780766
945.988997845	3.16917005042e+15	-3.08229415045e+13	0.00156717342649	0.998434053949
946.388868408	3.16783100486e+15	-3.08099181189e+13	0.0015689042266	0.99843232586
946.788738971	3.16649309038e+15	-3.07969057341e+13	0.00157063629112	0.998430596513
947.188609534	3.16515630554e+15	-3.07839043361e+13	0.00157236962648	0.998428865899
947.588480097	3.16382064891e+15	-3.07709139108e+13	0.0015741042332	0.998427134019
947.98835066	3.16248611907e+15	-3.07579344446e+13	0.00157584011181	0.998425400872
948.388221223	3.16115271459e+15	-3.07449659235e+13	0.00157757726284	0.998423666458
948.788091786	3.15982043404e+15	-3.07320083336e+13	0.0015793156868	0.998421930776
949.187962349	3.15848927601e+15	-3.07190616612e+13	0.00158105538423	0.998420193825
949.587832911	3.15715923909e+15	-3.07061258925e+13	0.00158279635565	0.998418455606
949.987703474	3.15583032184e+15	-3.06932010137e+13	0.00158453860158	0.998416716117
950.387574037	3.15450252287e+15	-3.0680287011e+13	0.00158628212255	0.998414975358
950.7874446	3.15317584075e+15	-3.06673838707e+13	0.00158802691909	0.998413233328
951.187315163	3.15185027408e+15	-3.06544915792e+13	0.00158977299171	0.998411490028
951.587185726	3.15052582146e+15	-3.06416101227e+13	0.00159152034096	0.998409745456
952.587185726	3.14721848553e+15	-3.06094433973e+13	0.00159589571984	0.998405377045
952.890216029	3.14621763302e+15	-3.0599709234e+13	0.0015972231704	0.998404051712
953.193246332	3.14521741686e+15	-3.05899812598e+13	0.0015985513554	0.998402725647
953.496276635	3.14421783647e+15	-3.0580259469e+13	0.00159988027507	0.998401398851
953.799306938	3.14321889122e+15	-3.05705438555e+13	0.00160120992963	0.998400071323
954.102337241	3.14222058052e+15	-3.05608344136e+13	0.00160254031931	0.998398743063
954.405367544	3.14122290376e+15	-3.05511311372e+13	0.00160387144435	0.99839741407
954.708397847	3.14022586034e+15	-3.05414340207e+13	0.00160520330497	0.998396084345
955.01142815	3.13922944965e+15	-3.0531743058e+13	0.00160653590141	0.998394753887
955.314458453	3.13823367109e+15	-3.05220582434e+13	0.00160786923388	0.998393422695
955.617488756	3.13723852407e+15	-3.0512379571e+13	0.00160920330263	0.998392090771
955.920519059	3.13624400798e+15	-3.05027070349e+13	0.00161053810787	0.998390758113
956.223549362	3.13525012221e+15	-3.04930406293e+13	0.00161187364985	0.998389424721
956.526579665	3.13425686618e+15	-3.04833803484e+13	0.00161320992878	0.998388090595
956.829609968	3.13326423928e+15	-3.04737261864e+13	0.00161454857729	0.998386754105
957.132640271	3.13227224092e+15	-3.04640781374e+13	0.00161589155815	0.998385413292
957.435670574	3.1312808705e+15	-3.04544361957e+13	0.00161723043838	0.998384076574
957.738700877	3.13029012742e+15	-3.04448003555e+13	0.00161857431794	0.998382734867
958.04173118	3.12930001108e+15	-3.04351706109e+13	0.00161992038178	0.998381390981
958.344761483	3.1283105209e+15	-3.04255469562e+13	0.00162126225132	0.998380051284
958.647791786	3.12732165628e+15	-3.04159293856e+13	0.00162261199998	0.998378703723
958.95082209	3.12633341663e+15	-3.04063178934e+13	0.00162395837731	0.99837735953
959.253852393	3.12534580135e+15	-3.03967124737e+13	0.00162531074516	0.998376009357
959.556882696	3.12435880985e+15	-3.03871131209e+13	0.00162666457582	0.998374657726
959.859912999	3.12337244154e+15	-3.03775198291e+13	0.00162801894941	0.998373305555
960.162943302	3.12238669584e+15	-3.03679325927e+13	0.0016293745943	0.998371952116
960.465973605	3.12140157214e+15	-3.03583514059e+13	0.00163074044828	0.998370588486
960.769003908	3.12041706987e+15	-3.0348776263e+13	0.00163210627143	0.99836922489
961.072034211	3.11943318844e+15	-3.03392071583e+13	0.00163348614273	0.99836784727
961.375064514	3.11844992726e+15	-3.0329644086e+13	0.00163487877786	0.998366456908
961.678094817	3.11746728574e+15	-3.03200870405e+13	0.00163629904624	0.998365038961
961.98112512	3.11648526329e+15	-3.0310536016e+13	0.00163776570157	0.998363574705
962.284155423	3.11550385934e+15	-3.03009910069e+13	0.00163931957314	0.998362023377
962.587185726	3.11452307329e+15	-3.02914520075e+13	0.00164099140885	0.998360354281
962.890216029	3.11354290457e+15	-3.02819190122e+13	0.00164280369858	0.998358544965
963.193246332	3.1125633526e+15	-3.02723920151e+13	0.00164472087165	0.998356630941
963.496276635	3.11158441678e+15	-3.02628710108e+13	0.00164667887962	0.998354676152
963.799306938	3.11060609654e+15	-3.02533559935e+13	0.00164858890457	0.998352769272
964.102337241	3.1096283913e+15	-3.02438469576e+13	0.00165041066411	0.998350950515
964.405367544	3.10865130047e+15	-3.02343438975e+13	0.00165216288977	0.99834920118
964.708397847	3.10767482349e+15	-3.02248468075e+13	0.00165389358122	0.998347473347
965.01142815	3.10669895977e+15	-3.0215355682e+13	0.00165565708996	0.998345712754
965.314458453	3.10572370873e+15	-3.02058705154e+13	0.0016576167322	0.998343756356
965.617488756	3.1047490698e+15	-3.0196391302e+13	0.00165995508209	0.998341421881
965.920519059	3.1037750424e+15	-3.01869180364e+13	0.00166434792456	0.998337036334
966.223549362	3.10280162596e+15	-3.01774507128e+13	0.00170834384961	0.998293114539
966.526579665	3.10182881989e+15	-3.01679893256e+13	0.00171279358089	0.998288672413
966.829609968	3.10085662364e+15	-3.01585338694e+13	0.00171765549965	0.998283818826
967.132640271	3.09988503662e+15	-3.01490843386e+13	0.00172310877816	0.998278374921
967.435670574	3.09891405825e+15	-3.01396407274e+13	0.00172941111177	0.998272083458
967.738700877	3.09794368798e+15	-3.01302030305e+13	0.00173664442106	0.998264862673
968.04173118	3.09697392523e+15	-3.01207712423e+13	0.00174524756462	0.998256274494
968.344761483	3.09600476942e+15	-3.01113453571e+13	0.00175581602594	0.998245724517
968.647791786	3.09503622e+15	-3.01019253695e+13	0.00176925577733	0.998232308433
968.95082209	3.09406827638e+15	-3.00925112739e+13	0.00178690782246	0.998214687747
969.253852393	3.093100938e+15	-3.00831030648e+13	0.00181085102634	0.998190787575
969.556882696	3.0921342043e+15	-3.00737007367e+13	0.00184435501433	0.998157344763
969.859912999	3.09116807471e+15	-3.00643042841e+13	0.00189287805874	0.998108912305
970.162943302	3.09020254865e+15	-3.00549137014e+13	0.0019663266612	0.998035605293
970.465973605	3.08923762558e+15	-3.00455289832e+13	0.00208460694609	0.997917564338
970.769003908	3.08827330491e+15	-3.00361501239e+13	0.00229030088497	0.997712319853
971.072034211	3.08730958609e+15	-3.00267771182e+13	0.00267041201133	0.997333150367
971.375064514	3.08634646855e+15	-3.00174099604e+13	0.00337257735999	0.996633103391
971.678094817	3.08538395173e+15	-3.00080486452e+13	0.00456438094256	0.995446020013
971.98112512	3.08442203508e+15	-2.99986931671e+13	0.0062733946137	0.993746242042
972.284155423	3.08346071802e+15	-2.99893435206e+13	0.00815880798939	0.991874384752
972.587185726	3.0825e+15	-2.99799997002e+13	0.00947328448097	0.99057144572
972.890216029	3.08153988046e+15	-2.99706617006e+13	0.00945636087837	0.990588209899
973.193246332	3.08058035883e+15	-2.99613295162e+13	0.00793949758548	0.992091936979
973.496276635	3.07962143457e+15	-2.99520031417e+13	0.00554391095533	0.99447142816
973.799306938	3.07866310711e+15	-2.99426825716e+13	0.00321126576666	0.996793884832
974.102337241	3.0777053759e+15	-2.99333678006e+13	0.00155830553523	0.998442907992
974.405367544	3.07674824037e+15	-2.99240588231e+13	0.000657849175526	0.99934236716
974.708397847	3.07579169998e+15	-2.99147556338e+13	0.000267274970434	0.999732760744
975.01142815	3.07483575417e+15	-2.99054582274e+13	0.000125032854236	0.999874974962
975.314458453	3.07388040238e+15	-2.98961665983e+13	7.57562171788e-05	0.999924246652
975.617488756	3.07292564407e+15	-2.98868807413e+13	5.54272746455e-05	0.999944574261
975.920519059	3.07197147867e+15	-2.98776006509e+13	4.40749505875e-05	0.999955926021
976.223549362	3.07101790564e+15	-2.98683263218e+13	3.63861542483e-05	0.999963614508
976.526579665	3.07006492443e+15	-2.98590577486e+13	3.07637913959e-05	0.999969236682
976.829609968	3.06911253447e+15	-2.9849794926e+13	2.64932961437e-05	0.999973507055
977.132640271	3.06816073524e+15	-2.98405378486e+13	2.31584961468e-05	0.999976841772
977.435670574	3.06720952617e+15	-2.98312865111e+13	2.04897130026e-05	0.999979510497
977.738700877	3.06625890671e+15	-2.9822040908e+13	1.8312481679e-05	0.999981687686
978.04173118	3.06530887632e+15	-2.98128010342e+13	1.6507449449e-05	0.999983492687
978.344761483	3.06435943445e+15	-2.98035668843e+13	1.49912823789e-05	0.99998500883
978.647791786	3.06341058056e+15	-2.97943384529e+13	1.37014107106e-05	0.999986298683
978.95082209	3.06246231409e+15	-2.97851157348e+13	1.25937887856e-05	0.999987406291
979.253852393	3.06151463451e+15	-2.97758987246e+13	1.16356591329e-05	0.999988364409
979.556882696	3.06056754126e+15	-2.9766687417e+13	1.07971636785e-05	0.999989202895
979.859912999	3.05962103381e+15	-2.97574818068e+13	1.00594887077e-05	0.999989940562
980.162943302	3.05867511161e+15	-2.97482818887e+13	9.4050658235e-06	0.999990594978
980.465973605	3.05772977412e+15	-2.97390876574e+13	8.82272581392e-06	0.999991177313
980.769003908	3.05678502079e+15	-2.97298991076e+13	8.30446678732e-06	0.999991695568
981.072034211	3.05584085109e+15	-2.9720716234e+13	7.83555817767e-06	0.999992164473
981.375064514	3.05489726447e+15	-2.97115390315e+13	7.41205592278e-06	0.999992587972
981.678094817	3.05395426039e+15	-2.97023674947e+13	7.0271673664e-06	0.999992972857
981.98112512	3.05301183832e+15	-2.96932016184e+13	6.67777639679e-06	0.999993322246
982.284155423	3.05206999772e+15	-2.96840413974e+13	6.35984138796e-06	0.999993640179
982.587185726	3.05112873804e+15	-2.96748868264e+13	6.06569435623e-06	0.999993934324
