912.0	3.28728070175e+15	-3.0002640786e+13	0.00316629844616	0.99683870899
911.79483584	3.28802037713e+15	-3.00093917199e+13	0.00247719697512	0.997525868745
911.58967168	3.28876038544e+15	-3.00161456925e+13	0.00197811536496	0.998023839816
911.38450752	3.28950072693e+15	-3.0022902706e+13	0.00164660437964	0.99835475053
911.179343361	3.29024140181e+15	-3.00296627623e+13	0.00143801928352	0.998563014171
910.974179201	3.29098241031e+15	-3.00364258635e+13	0.00130926858772	0.99869158813
910.769015041	3.29172375266e+15	-3.00431920117e+13	0.00122860875226	0.998772145678
910.563850881	3.29246542908e+15	-3.0049961209e+13	0.00117606880142	0.998824622496
910.358686721	3.2932074398e+15	-3.00567334573e+13	0.0011401864421	0.998860463323
910.153522561	3.29394978505e+15	-3.00635087588e+13	0.00111461512922	0.998886005823
909.948358401	3.29469246504e+15	-3.00702871155e+13	0.00109578430145	0.998904815851
909.743194241	3.29543548001e+15	-3.00770685296e+13	0.00108157428804	0.998919010403
909.538030082	3.29617883018e+15	-3.00838530029e+13	0.00107064126386	0.998929931668
909.332865922	3.29692251578e+15	-3.00906405378e+13	0.00106208330565	0.998938480505
909.127701762	3.29766653704e+15	-3.00974311361e+13	0.00105527050581	0.998945286096
908.922537602	3.29841089419e+15	-3.01042248e+13	0.00104975178569	0.998950799011
908.717373442	3.29915558744e+15	-3.01110215315e+13	0.00104519916089	0.998955346869
908.512209282	3.29990061704e+15	-3.01178213328e+13	0.0010413719916	0.998959170048
908.307045122	3.3006459832e+15	-3.01246242059e+13	0.00103809281887	0.998962445813
908.101880963	3.30139168616e+15	-3.0131430153e+13	0.00103523032064	0.998965305345
907.896716803	3.30213772615e+15	-3.01382391759e+13	0.00103268713053	0.998967845907
907.691552643	3.30288410338e+15	-3.0145051277e+13	0.00103039095657	0.998970139714
907.486388483	3.3036308181e+15	-3.01518664582e+13	0.00102828803224	0.998972240475
907.281224323	3.30437787053e+15	-3.01586847217e+13	0.00102633828822	0.998974188217
907.076060163	3.3051252609e+15	-3.01655060694e+13	0.00102451179192	0.998976012841
906.870896003	3.30587298943e+15	-3.01723305037e+13	0.00102278608887	0.998977736779
906.665731844	3.30662105637e+15	-3.01791580264e+13	0.00101853538333	0.998981983148
906.460567684	3.30736946193e+15	-3.01859886398e+13	0.000992785554651	0.999007707094
906.255403524	3.30811820635e+15	-3.01928223458e+13	0.000992221527423	0.999008270562
906.050239364	3.30886728986e+15	-3.01996591467e+13	0.000991657178749	0.999008834351
905.845075204	3.30961671269e+15	-3.02064990446e+13	0.000991093035322	0.999009397935
905.639911044	3.31036647506e+15	-3.02133420414e+13	0.000990529096191	0.999009961316
905.434746884	3.31111657722e+15	-3.02201881394e+13	0.000989965361244	0.999010524493
905.229582724	3.31186701939e+15	-3.02270373406e+13	0.000989401830047	0.999011087467
905.024418565	3.3126178018e+15	-3.02338896472e+13	0.000988838502602	0.999011650237
904.819254405	3.31336892468e+15	-3.02407450613e+13	0.00098827537908	0.999012212804
904.614090245	3.31412038827e+15	-3.02476035849e+13	0.000987712458893	0.999012775168
904.408926085	3.3148721928e+15	-3.02544652202e+13	0.000987149742425	0.99901333733
904.203761925	3.3156243385e+15	-3.02613299694e+13	0.000986587229244	0.999013899288
903.998597765	3.3163768256e+15	-3.02681978344e+13	0.00098602491971	0.999014461043
903.793433605	3.31712965433e+15	-3.02750688176e+13	0.000985462813557	0.999015022595
903.588269446	3.31788282493e+15	-3.02819429209e+13	0.000984900911111	0.999015583945
903.383105286	3.31863633763e+15	-3.02888201465e+13	0.00098433921217	0.999016145091
903.177941126	3.31939019266e+15	-3.02957004966e+13	0.000983777716948	0.999016706034
902.972776966	3.32014439026e+15	-3.03025839732e+13	0.000983216425301	0.999017266774
902.767612806	3.32089893066e+15	-3.03094705785e+13	0.000982655883402	0.999017826765
902.562448646	3.32165381409e+15	-3.03163603147e+13	0.000982094998287	0.999018387099
902.357284486	3.32240904079e+15	-3.03232531838e+13	0.000981534316535	0.999018947231
902.152120326	3.32316461099e+15	-3.0330149188e+13	0.000980973838023	0.99901950716
901.946956167	3.32392052493e+15	-3.03370483295e+13	0.000980413562817	0.999020066886
901.741792007	3.32467678284e+15	-3.03439506103e+13	0.000979853490808	0.999020626409
901.536627847	3.32543338495e+15	-3.03508560327e+13	0.000979293621905	0.99902118573
901.331463687	3.32619033151e+15	-3.03577645987e+13	0.000978733956165	0.999021744848
901.126299527	3.32694762274e+15	-3.03646763106e+13	0.000978174493499	0.999022303763
900.921135367	3.32770525888e+15	-3.03715911704e+13	0.000977615233836	0.999022862476
900.715971207	3.32846324017e+15	-3.03785091803e+13	0.000977056177213	0.999023420987
900.510807048	3.32922156685e+15	-3.03854303426e+13	0.000976497323555	0.999023979295
900.305642888	3.32998023914e+15	-3.03923546592e+13	0.000975938672798	0.9990245374
900.100478728	3.33073925729e+15	-3.03992821324e+13	0.000975380224963	0.999025095304
899.895314568	3.33149862152e+15	-3.04062127644e+13	0.000974821979964	0.999025653005
899.690150408	3.33225833209e+15	-3.04131465573e+13	0.000974263386424	0.999026211054
899.484986248	3.33301838923e+15	-3.04200835132e+13	0.000973705547484	0.99902676835
899.279822088	3.33377879317e+15	-3.04270236344e+13	0.000973147911277	0.999027325444
899.074657929	3.33453954414e+15	-3.0433966923e+13	0.000972590477803	0.999027882335
898.869493769	3.3353006424e+15	-3.04409133811e+13	0.000972033246994	0.999028439024
898.664329609	3.33606208817e+15	-3.0447863011e+13	0.000971476218844	0.999028995511
898.459165449	3.3368238817e+15	-3.04548158148e+13	0.000970919393292	0.999029551796
898.254001289	3.33758602322e+15	-3.04617717947e+13	0.000970362770324	0.999030107879
898.048837129	3.33834851296e+15	-3.04687309528e+13	0.000969806349885	0.99903066376
897.843672969	3.33911135118e+15	-3.04756932914e+13	0.000969250131951	0.999031219439
897.638508809	3.33987453811e+15	-3.04826588126e+13	0.000968694116485	0.999031774916
897.43334465	3.34063807398e+15	-3.04896275187e+13	0.000968138303455	0.999032330191
897.22818049	3.34140195905e+15	-3.04965994117e+13	0.00096758269282	0.999032885264
897.02301633	3.34216619353e+15	-3.05035744938e+13	0.000967027284545	0.999033440136
896.81785217	3.34293077769e+15	-3.05105527674e+13	0.000966472078596	0.999033994805
896.61268801	3.34369571175e+15	-3.05175342345e+13	0.000965917074935	0.999034549273
896.40752385	3.34446099596e+15	-3.05245188974e+13	0.000965362273528	0.999035103539
896.20235969	3.34522663055e+15	-3.05315067581e+13	0.00096480767434	0.999035657603
895.997195531	3.34599261577e+15	-3.05384978191e+13	0.000964253277334	0.999036211465
895.792031371	3.34675895187e+15	-3.05454920824e+13	0.000963699082477	0.999036765126
895.586867211	3.34752563907e+15	-3.05524895502e+13	0.000963145089731	0.999037318586
895.381703051	3.34829267762e+15	-3.05594902247e+13	0.000962591299062	0.999037871843
895.176538891	3.34906006776e+15	-3.05664941083e+13	0.000962037710435	0.999038424899
894.971374731	3.34982780974e+15	-3.05735012029e+13	0.000961484323813	0.999038977754
894.766210571	3.3505959038e+15	-3.0580511511e+13	0.000960931139162	0.999039530407
894.561046412	3.35136435018e+15	-3.05875250346e+13	0.000960378156446	0.999040082859
894.355882252	3.35213314911e+15	-3.05945417759e+13	0.000959825375629	0.999040635109
894.150718092	3.35290230085e+15	-3.06015617373e+13	0.000959272796677	0.999041187158
893.945553932	3.35367180564e+15	-3.0608584921e+13	0.0009587202782	0.999041739147
893.740389772	3.35444166372e+15	-3.0615611329e+13	0.000958168103728	0.999042290793
893.535225612	3.35521187533e+15	-3.06226409637e+13	0.000957616130244	0.999042842238
893.330061452	3.35598244072e+15	-3.06296738273e+13	0.000957064358483	0.999043393482
893.124897292	3.35675336013e+15	-3.0636709922e+13	0.00095651278841	0.999043944524
892.919733133	3.3575246338e+15	-3.06437492501e+13	0.000955961419988	0.999044495366
892.714568973	3.35829626198e+15	-3.06507918137e+13	0.000955410253182	0.999045046006
892.509404813	3.35906824492e+15	-3.06578376151e+13	0.000954859287957	0.999045596445
892.304240653	3.35984058286e+15	-3.06648866565e+13	0.000954308524278	0.999046146683
892.099076493	3.36061327603e+15	-3.06719389402e+13	0.000953757962109	0.99904669672
891.893912333	3.3613863247e+15	-3.06789944684e+13	0.000953207601415	0.999047246557
891.688748173	3.3621597291e+15	-3.06860532433e+13	0.00095265744216	0.999047796192
892.688748173	3.35839339987e+15	-3.06516783802e+13	0.000955340900731	0.999045115292
892.991778476	3.35725375335e+15	-3.06412769546e+13	0.000956155015276	0.999044301955
893.294808779	3.35611488003e+15	-3.0630882586e+13	0.000956969569689	0.99904348818
893.597839082	3.35497677913e+15	-3.06204952671e+13	0.000957784564083	0.999042673965
893.900869386	3.35383944985e+15	-3.06101149908e+13	0.000958599998573	0.999041859312
894.203899689	3.35270289141e+15	-3.05997417498e+13	0.000959416013967	0.999041044078
894.506929992	3.35156710304e+15	-3.05893755371e+13	0.000960232329121	0.999040228546
894.809960295	3.35043208394e+15	-3.05790163455e+13	0.000961049084712	0.999039412575
895.112990598	3.34929783334e+15	-3.05686641679e+13	0.000961866280856	0.999038596164
895.416020901	3.34816435045e+15	-3.05583189971e+13	0.000962683917665	0.999037779314
895.719051204	3.3470316345e+15	-3.05479808261e+13	0.000963501995255	0.999036962024
896.022081507	3.3458996847e+15	-3.05376496477e+13	0.000964320513738	0.999036144294
896.32511181	3.34476850029e+15	-3.05273254548e+13	0.000965139473231	0.999035326124
896.628142113	3.34363808048e+15	-3.05170082404e+13	0.000965958873845	0.999034507514
896.931172416	3.3425084245e+15	-3.05066979974e+13	0.000966778715697	0.999033688464
897.234202719	3.34137953158e+15	-3.04963947187e+13	0.000967598998899	0.999032868974
897.537233022	3.34025140094e+15	-3.04860983973e+13	0.000968419723567	0.999032049043
897.840263325	3.33912403182e+15	-3.04758090261e+13	0.000969240889818	0.999031228672
898.143293628	3.33799742343e+15	-3.04655265982e+13	0.000970062497765	0.999030407861
898.446323931	3.33687157501e+15	-3.04552511063e+13	0.000970884547523	0.999029586608
898.749354234	3.3357464858e+15	-3.04449825437e+13	0.000971707039206	0.999028764915
899.052384537	3.33462215502e+15	-3.04347209032e+13	0.000972529972929	0.999027942781
899.35541484	3.33349858191e+15	-3.04244661778e+13	0.00097335334879	0.999027120206
899.658445143	3.3323757657e+15	-3.04142183606e+13	0.000974177166935	0.99902629719
899.961475446	3.33125370563e+15	-3.04039774446e+13	0.000975001979417	0.999025473181
900.264505749	3.33013240093e+15	-3.03937434227e+13	0.000975826683052	0.999024649281
900.567536052	3.32901185084e+15	-3.03835162882e+13	0.000976651829327	0.99902382494
900.870566355	3.3278920546e+15	-3.03732960339e+13	0.000977477418301	0.999023000157
901.173596658	3.32677301146e+15	-3.0363082653e+13	0.000978303450156	0.999022174933
901.476626961	3.32565472064e+15	-3.03528761386e+13	0.000979129924936	0.999021349266
901.779657264	3.32453718139e+15	-3.03426764836e+13	0.000979956842847	0.999020523158
902.082687567	3.32342039296e+15	-3.03324836813e+13	0.000980784203923	0.999019696608
902.38571787	3.32230435459e+15	-3.03222977246e+13	0.000981612008417	0.999018869615
902.688748173	3.32118906552e+15	-3.03121186068e+13	0.000982440256383	0.99901804218
902.991778476	3.320074525e+15	-3.03019463208e+13	0.000983268401409	0.999017214849
903.294808779	3.31896073227e+15	-3.02917808599e+13	0.000984097536496	0.999016386529
903.597839082	3.31784768658e+15	-3.02816222172e+13	0.000984927115852	0.999015557766
903.900869386	3.31673538719e+15	-3.02714703857e+13	0.000985757139282	0.99901472856
904.203899689	3.31562383333e+15	-3.02613253588e+13	0.000986587606892	0.999013898911
904.506929992	3.31451302427e+15	-3.02511871295e+13	0.000987418518436	0.999013068819
904.809960295	3.31340295925e+15	-3.02410556909e+13	0.000988249873928	0.999012238284
905.112990598	3.31229363753e+15	-3.02309310364e+13	0.00098908167327	0.999011407307
905.416020901	3.31118505835e+15	-3.0220813159e+13	0.000989913917541	0.999010575886
905.719051204	3.31007722098e+15	-3.0210702052e+13	0.000990746606229	0.999009744021
906.022081507	3.30897012467e+15	-3.02005977085e+13	0.000991579740516	0.999008911712
906.32511181	3.30786376868e+15	-3.01905001218e+13	0.000992413322429	0.999008078957
906.628142113	3.30675815226e+15	-3.01804092852e+13	0.0010123305124	0.998988181721
906.931172416	3.30565327467e+15	-3.01703251918e+13	0.00102328372493	0.998977239651
907.234202719	3.30454913518e+15	-3.01602478348e+13	0.00102590970307	0.998974616362
907.537233022	3.30344573304e+15	-3.01501772077e+13	0.00102879355073	0.998971735476
907.840263325	3.30234306751e+15	-3.01401133035e+13	0.00103203325094	0.998968499112
908.143293628	3.30124113786e+15	-3.01300561156e+13	0.00103577966724	0.998964756567
908.446323931	3.30013994336e+15	-3.01200056372e+13	0.00104026630424	0.998960274585
908.749354234	3.29903948325e+15	-3.01099618617e+13	0.00104585582902	0.998954690888
909.052384537	3.29793975682e+15	-3.00999247823e+13	0.0010531138072	0.998947440523
909.35541484	3.29684076333e+15	-3.00898943923e+13	0.00106292890072	0.998937635808
909.658445143	3.29574250204e+15	-3.00798706851e+13	0.00107671997746	0.998923859478
909.961475446	3.29464497223e+15	-3.0069853654e+13	0.00109683242423	0.998903768877
910.264505749	3.29354817316e+15	-3.00598432923e+13	0.00112742858144	0.998873206727
910.567536052	3.2924521041e+15	-3.00498395933e+13	0.00117684063183	0.998823851574
910.870566355	3.29135676433e+15	-3.00398425505e+13	0.00126401871425	0.998736779821
911.173596658	3.29026215311e+15	-3.00298521571e+13	0.00143350350953	0.998567523466
911.476626961	3.28916826973e+15	-3.00198684065e+13	0.00177741832296	0.99822416035
911.779657264	3.28807511345e+15	-3.00098912921e+13	0.00243379625673	0.997569163024
912.082687567	3.28698268355e+15	-2.99999208074e+13	0.00349278956751	0.996513303126
912.38571787	3.28589097931e+15	-2.99899569456e+13	0.00479492465922	0.99521655264
912.688748173	3.2848e+15	-2.99799997002e+13	0.00581505048911	0.994201824192
912.991778476	3.2837097449e+15	-2.99700490646e+13	0.00592409959864	0.99409341328
913.294808779	3.2826202133e+15	-2.99601050322e+13	0.00492889514597	0.995083231925
913.597839082	3.28153140446e+15	-2.99501675965e+13	0.00329757396554	0.99670785706
913.900869386	3.28044331768e+15	-2.99402367509e+13	0.00175836890436	0.998243176121
914.203899689	3.27935595223e+15	-2.99303124888e+13	0.000743335759249	0.999256940446
914.506929992	3.2782693074e+15	-2.99203948037e+13	0.000248285160257	0.99975174566
914.809960295	3.27718338247e+15	-2.99104836891e+13	6.5377353896e-05	0.999934624783
915.112990598	3.27609817673e+15	-2.99005791383e+13	1.3549663947e-05	0.999986450428
915.416020901	3.27501368946e+15	-2.9890681145e+13	2.20792933053e-06	0.999997792073
915.719051204	3.27392991995e+15	-2.98807897026e+13	2.82334956647e-07	0.999999717665
916.022081507	3.27284686748e+15	-2.98709048046e+13	2.84600376362e-08	0.99999997154
916.32511181	3.27176453135e+15	-2.98610264445e+13	2.32197378465e-09	0.999999997678
916.628142113	3.27068291084e+15	-2.98511546158e+13	2.20785867987e-10	0.999999999779
916.931172416	3.26960200524e+15	-2.98412893121e+13	7.08717009643e-11	0.999999999929
917.234202719	3.26852181385e+15	-2.98314305268e+13	5.61332462213e-11	0.999999999944
917.537233022	3.26744233597e+15	-2.98215782536e+13	4.95665221585e-11	0.99999999995
917.840263325	3.26636357087e+15	-2.98117324859e+13	4.43961429284e-11	0.999999999956
918.143293628	3.26528551786e+15	-2.98018932174e+13	4.00997407239e-11	0.99999999996
918.446323931	3.26420817623e+15	-2.97920604416e+13	3.64780579842e-11	0.999999999964
918.749354234	3.26313154527e+15	-2.9782234152e+13	3.3422183237e-11	0.999999999967
919.052384537	3.26205562429e+15	-2.97724143423e+13	3.07646650672e-11	0.999999999969
919.35541484	3.26098041259e+15	-2.9762601006e+13	2.84565687034e-11	0.999999999972
919.658445143	3.25990590945e+15	-2.97527941368e+13	2.64364644401e-11	0.999999999974
919.961475446	3.25883211419e+15	-2.97429937283e+13	2.46560856513e-11	0.999999999975
920.264505749	3.2577590261e+15	-2.9733199774e+13	2.30694628028e-11	0.999999999977
920.567536052	3.25668664448e+15	-2.97234122676e+13	2.16823302896e-11	0.999999999978
920.870566355	3.25561496863e+15	-2.97136312028e+13	2.04199367208e-11	0.99999999998
921.173596658	3.25454399787e+15	-2.97038565731e+13	1.92830621739e-11	0.999999999981
921.476626961	3.25347373149e+15	-2.96940883723e+13	1.82553825001e-11	0.999999999982
921.779657264	3.2524041688e+15	-2.96843265939e+13	1.73229795434e-11	0.999999999983
922.082687567	3.2513353091e+15	-2.96745712318e+13	1.64686278605e-11	0.999999999984
922.38571787	3.25026715171e+15	-2.96648222794e+13	1.56770061309e-11	0.999999999984
922.688748173	3.24919969593e+15	-2.96550797306e+13	1.49746356713e-11	0.999999999985
