912.0	3.28728070175e+15	-3.00218339947e+13	0.00184051290175	0.998161179803
911.800733444	3.28799910993e+15	-3.00283950198e+13	0.00160061482589	0.998400665475
911.601466888	3.28871783218e+15	-3.00349589133e+13	0.00145029616212	0.998550755009
911.402200332	3.28943686871e+15	-3.0041525677e+13	0.00135536915368	0.998645548944
911.202933776	3.29015621973e+15	-3.00480953128e+13	0.00129343249203	0.998707403631
911.00366722	3.29087588544e+15	-3.00546678226e+13	0.0012512008462	0.998749581579
910.804400664	3.29159586604e+15	-3.00612432083e+13	0.00122115989354	0.998779585419
910.605134108	3.29231616175e+15	-3.00678214717e+13	0.00119905215514	0.998801666421
910.405867552	3.29303677277e+15	-3.00744026148e+13	0.00118236264639	0.998818336069
910.206600996	3.29375769932e+15	-3.00809866395e+13	0.00116951230608	0.998831171307
910.00733444	3.29447894158e+15	-3.00875735475e+13	0.00115944993486	0.998841221968
909.808067884	3.29520049978e+15	-3.0094163341e+13	0.00115144414927	0.998849218508
909.608801329	3.29592237413e+15	-3.01007560216e+13	0.00114497105574	0.998855684174
909.409534773	3.29664456482e+15	-3.01073515914e+13	0.00113964848196	0.998861000671
909.210268217	3.29736707206e+15	-3.01139500522e+13	0.00113519457977	0.99886544951
909.011001661	3.29808989608e+15	-3.01205514059e+13	0.00113140014354	0.998869239648
908.811735105	3.29881303706e+15	-3.01271556545e+13	0.00112810922715	0.998872526849
908.612468549	3.29953649523e+15	-3.01337627998e+13	0.00112520531263	0.998875427494
908.413201993	3.30026027079e+15	-3.01403728438e+13	0.0011226012178	0.998878028663
908.213935437	3.30098436395e+15	-3.01469857883e+13	0.00112023084831	0.998880396376
908.014668881	3.30170877492e+15	-3.01536016352e+13	0.00111804663959	0.998882578142
907.815402325	3.30243350391e+15	-3.01602203866e+13	0.00111601096477	0.998884611544
907.616135769	3.30315855112e+15	-3.01668420442e+13	0.00111409599775	0.998886524377
907.416869213	3.30388391677e+15	-3.017346661e+13	0.00111228066827	0.998888337687
907.217602657	3.30460960107e+15	-3.01800940859e+13	0.00110293337514	0.998897674632
907.018336101	3.30533560423e+15	-3.01867244739e+13	0.00107985756439	0.998920725272
906.819069545	3.30606192645e+15	-3.01933577758e+13	0.00107925186281	0.99892133032
906.619802989	3.30678856795e+15	-3.01999939936e+13	0.00107864641769	0.998921935112
906.420536433	3.30751552894e+15	-3.02066331292e+13	0.0010780411973	0.99892253968
906.221269877	3.30824280962e+15	-3.02132751846e+13	0.00107743619856	0.998923144027
906.022003321	3.30897041022e+15	-3.02199201615e+13	0.00107683142111	0.998923748154
905.822736765	3.30969833094e+15	-3.02265680621e+13	0.00107622686317	0.998924352061
905.623470209	3.31042657199e+15	-3.02332188882e+13	0.00107562252486	0.99892495575
905.424203653	3.31115513359e+15	-3.02398726417e+13	0.00107501840709	0.998925559218
905.224937098	3.31188401594e+15	-3.02465293245e+13	0.00107441450738	0.998926162469
905.025670542	3.31261321925e+15	-3.02531889387e+13	0.00107381082755	0.998926765501
904.826403986	3.31334274375e+15	-3.02598514861e+13	0.00107320736577	0.998927368315
904.62713743	3.31407258964e+15	-3.02665169687e+13	0.0010726041237	0.99892797091
904.427870874	3.31480275713e+15	-3.02731853885e+13	0.00107200110023	0.998928573288
904.228604318	3.31553324644e+15	-3.02798567472e+13	0.00107139829687	0.998929175445
904.029337762	3.31626405778e+15	-3.02865310471e+13	0.00107079571331	0.998929777384
903.830071206	3.31699519136e+15	-3.02932082898e+13	0.00107019334928	0.998930379103
903.63080465	3.3177266474e+15	-3.02998884775e+13	0.00106959120567	0.998930980603
903.431538094	3.31845842611e+15	-3.0306571612e+13	0.00106898928192	0.998931581884
903.232271538	3.3191905277e+15	-3.03132576953e+13	0.0010683875775	0.998932182945
903.033004982	3.31992295238e+15	-3.03199467293e+13	0.00106778609289	0.998932783788
902.833738426	3.32065570038e+15	-3.03266387161e+13	0.00106718482756	0.998933384412
902.63447187	3.3213887719e+15	-3.03333336575e+13	0.00106658378112	0.998933984817
902.435205314	3.32212216716e+15	-3.03400315555e+13	0.00106598295399	0.998934585004
902.235938758	3.32285588637e+15	-3.03467324121e+13	0.00106538234582	0.998935184972
902.036672202	3.32358992975e+15	-3.03534362293e+13	0.00106478195635	0.998935784723
901.837405646	3.32432429752e+15	-3.03601430089e+13	0.00106418178592	0.998936384255
901.63813909	3.32505898988e+15	-3.0366852753e+13	0.00106358183428	0.998936983568
901.438872534	3.32579400705e+15	-3.03735654636e+13	0.00106298210123	0.998937582664
901.239605978	3.32652934926e+15	-3.03802811425e+13	0.00106238258704	0.998938181542
901.040339422	3.3272650167e+15	-3.03869997918e+13	0.00106178329151	0.998938780201
900.841072867	3.32800100961e+15	-3.03937214135e+13	0.00106118421446	0.998939378642
900.641806311	3.3287373282e+15	-3.04004460094e+13	0.00106058535611	0.998939976866
900.442539755	3.32947397267e+15	-3.04071735817e+13	0.00105998671618	0.998940574871
900.243273199	3.33021094326e+15	-3.04139041322e+13	0.00105938829484	0.998941172659
900.044006643	3.33094824017e+15	-3.04206376629e+13	0.00105879009195	0.998941770229
899.844740087	3.33168586362e+15	-3.04273741759e+13	0.00105819210737	0.99894236758
899.645473531	3.33242381383e+15	-3.04341136731e+13	0.00105759434124	0.998942964715
899.446206975	3.33316209102e+15	-3.04408561564e+13	0.00105699679336	0.998943561631
899.246940419	3.3339006954e+15	-3.04476016279e+13	0.00105639946383	0.99894415833
899.047673863	3.33463962719e+15	-3.04543500896e+13	0.00105580235248	0.998944754811
898.848407307	3.33537888662e+15	-3.04611015434e+13	0.00105520545937	0.998945351074
898.649140751	3.33611847388e+15	-3.04678559914e+13	0.00105460878439	0.99894594712
898.449874195	3.33685838922e+15	-3.04746134355e+13	0.00105401232753	0.998946542948
898.250607639	3.33759863284e+15	-3.04813738777e+13	0.00105341608875	0.998947138559
898.051341083	3.33833920495e+15	-3.048813732e+13	0.00105282006801	0.998947733953
897.852074527	3.33908010579e+15	-3.04949037645e+13	0.00105222426526	0.998948329129
897.652807971	3.33982133557e+15	-3.0501673213e+13	0.00105162868047	0.998948924087
897.453541415	3.34056289451e+15	-3.05084456677e+13	0.00105103331358	0.998949518828
897.254274859	3.34130478283e+15	-3.05152211305e+13	0.00105043816455	0.998950113352
897.055008303	3.34204700074e+15	-3.05219996034e+13	0.00104984323336	0.998950707659
896.855741747	3.34278954847e+15	-3.05287810884e+13	0.00104924851994	0.998951301749
896.656475191	3.34353242624e+15	-3.05355655876e+13	0.00104865402427	0.998951895621
896.457208636	3.34427563426e+15	-3.0542353103e+13	0.0010480597463	0.998952489276
896.25794208	3.34501917277e+15	-3.05491436364e+13	0.001047465686	0.998953082715
896.058675524	3.34576304197e+15	-3.05559371901e+13	0.00104687184331	0.998953675936
895.859408968	3.34650724208e+15	-3.0562733766e+13	0.00104627821821	0.99895426894
895.660142412	3.34725177334e+15	-3.0569533366e+13	0.00104568481064	0.998954861727
895.460875856	3.34799663596e+15	-3.05763359923e+13	0.00104509162057	0.998955454297
895.2616093	3.34874183016e+15	-3.05831416468e+13	0.00104449864796	0.998956046651
895.062342744	3.34948735617e+15	-3.05899503316e+13	0.00104390589276	0.998956638787
894.863076188	3.35023321419e+15	-3.05967620487e+13	0.00104331335494	0.998957230707
894.663809632	3.35097940447e+15	-3.06035768001e+13	0.00104272103445	0.99895782241
894.464543076	3.35172592721e+15	-3.06103945879e+13	0.00104212893125	0.998958413897
894.26527652	3.35247278265e+15	-3.0617215414e+13	0.00104153704531	0.998959005166
894.066009964	3.353219971e+15	-3.06240392806e+13	0.00104094537657	0.998959596219
893.866743408	3.35396749248e+15	-3.06308661895e+13	0.00104035392501	0.998960187056
893.667476852	3.35471534732e+15	-3.0637696143e+13	0.00103976269058	0.998960777675
893.468210296	3.35546353575e+15	-3.0644529143e+13	0.00103917167323	0.998961368079
893.26894374	3.35621205798e+15	-3.06513651915e+13	0.00103858087294	0.998961958266
893.069677184	3.35696091424e+15	-3.06582042906e+13	0.00103799028965	0.998962548236
892.870410628	3.35771010475e+15	-3.06650464423e+13	0.00103739992332	0.99896313799
892.671144072	3.35845962974e+15	-3.06718916488e+13	0.00103680977392	0.998963727528
892.471877516	3.35920948943e+15	-3.06787399119e+13	0.00103621984141	0.998964316849
892.27261096	3.35995968404e+15	-3.06855912338e+13	0.00103563012573	0.998964905954
893.27261096	3.35619827947e+15	-3.06512393561e+13	0.00103859174382	0.998961947406
893.575641264	3.35506012201e+15	-3.06408448757e+13	0.0010394902826	0.9989610498
893.878671567	3.35392273623e+15	-3.0630457443e+13	0.00104038932338	0.998960151694
894.18170187	3.35278612136e+15	-3.06200770506e+13	0.0010412888663	0.998959253087
894.484732173	3.3516502766e+15	-3.06097036916e+13	0.0010421889115	0.998958353979
894.787762476	3.35051520117e+15	-3.05993373586e+13	0.00104308945913	0.99895745437
895.090792779	3.3493808943e+15	-3.05889780446e+13	0.00104399050934	0.998956554259
895.393823082	3.3482473552e+15	-3.05786257425e+13	0.00104489206227	0.998955653647
895.696853385	3.3471145831e+15	-3.05682804451e+13	0.00104579411805	0.998954752534
895.999883688	3.34598257721e+15	-3.05579421454e+13	0.00104669667685	0.998953850919
896.302913991	3.34485133676e+15	-3.05476108361e+13	0.00104759973879	0.998952948802
896.605944294	3.34372086096e+15	-3.05372865104e+13	0.00104850330403	0.998952046183
896.908974597	3.34259114906e+15	-3.0526969161e+13	0.0010494073727	0.998951143063
897.2120049	3.34146220027e+15	-3.05166587808e+13	0.00105031194496	0.99895023944
897.515035203	3.34033401382e+15	-3.0506355363e+13	0.00105121702094	0.998949335314
897.818065506	3.33920658893e+15	-3.04960589003e+13	0.00105212260079	0.998948430686
898.121095809	3.33807992485e+15	-3.04857693858e+13	0.00105302868466	0.998947525555
898.424126112	3.33695402079e+15	-3.04754868124e+13	0.0010539352727	0.998946619922
898.727156415	3.33582887598e+15	-3.04652111731e+13	0.00105484236505	0.998945713786
899.030186718	3.33470448967e+15	-3.04549424609e+13	0.00105574996187	0.998944807146
899.333217021	3.33358086109e+15	-3.04446806687e+13	0.00105665806329	0.998943900003
899.636247324	3.33245798946e+15	-3.04344257897e+13	0.00105756666946	0.998942992357
899.939277627	3.33133587402e+15	-3.04241778167e+13	0.00105847578045	0.998942084207
900.24230793	3.33021451402e+15	-3.04139367429e+13	0.00105938539656	0.998941175554
900.545338233	3.32909390868e+15	-3.04037025613e+13	0.00106029551786	0.998940266397
900.848368536	3.32797405724e+15	-3.03934752649e+13	0.00106120614438	0.998939356736
901.151398839	3.32685495896e+15	-3.03832548467e+13	0.0010621172765	0.99893844657
901.454429142	3.32573661306e+15	-3.03730412999e+13	0.00106302891411	0.998937535901
901.757459445	3.32461901878e+15	-3.03628346175e+13	0.00106394105766	0.998936624727
902.060489748	3.32350217538e+15	-3.03526347926e+13	0.00106485370699	0.998935713049
902.363520051	3.32238608209e+15	-3.03424418182e+13	0.00106576686265	0.998934800865
902.666550354	3.32127073815e+15	-3.03322556876e+13	0.00106668052441	0.998933888177
902.969580657	3.32015614282e+15	-3.03220763937e+13	0.00106759469305	0.998932974983
903.27261096	3.31904229534e+15	-3.03119039297e+13	0.00106850936845	0.998932061284
903.575641264	3.31792919496e+15	-3.03017382888e+13	0.00106942455184	0.998931147079
903.878671567	3.31681684092e+15	-3.0291579464e+13	0.00107034024319	0.998930232367
904.18170187	3.31570523248e+15	-3.02814274486e+13	0.00107125644373	0.998929317147
904.484732173	3.31459436888e+15	-3.02712822356e+13	0.00107217315221	0.99892840142
904.787762476	3.31348424939e+15	-3.02611438183e+13	0.00107309036874	0.998927485187
905.090792779	3.31237487324e+15	-3.02510121898e+13	0.00107400809188	0.998926568448
905.393823082	3.3112662397e+15	-3.02408873433e+13	0.00107492632135	0.998925651205
905.696853385	3.31015834801e+15	-3.0230769272e+13	0.00107584505636	0.998924733457
905.999883688	3.30905119744e+15	-3.02206579691e+13	0.00107676430132	0.998923815201
906.302913991	3.30794478724e+15	-3.02105534278e+13	0.00107768405377	0.998922896439
906.605944294	3.30683911667e+15	-3.02004556413e+13	0.00107860431805	0.998921977167
906.908974597	3.30573418499e+15	-3.01903646029e+13	0.0010795251041	0.998921057374
907.2120049	3.30462999145e+15	-3.01802803057e+13	0.00110186834065	0.998898738493
907.515035203	3.30352653533e+15	-3.01702027431e+13	0.00111316362081	0.998887455716
907.818065506	3.30242381587e+15	-3.01601319083e+13	0.00111603732301	0.998884585215
908.121095809	3.30132183234e+15	-3.01500677946e+13	0.00111919262685	0.998881433436
908.424126112	3.300220584e+15	-3.01400103952e+13	0.00112273738904	0.998877892645
908.727156415	3.29912007013e+15	-3.01299597034e+13	0.00112683502289	0.998873799617
909.030186718	3.29802028998e+15	-3.01199157125e+13	0.00113174142158	0.998868898756
909.333217021	3.29692124282e+15	-3.01098784158e+13	0.00113785278793	0.998862794321
909.636247324	3.29582292792e+15	-3.00998478067e+13	0.00114578690093	0.998854869262
909.939277627	3.29472534455e+15	-3.00898238784e+13	0.00115651430148	0.998844154203
910.24230793	3.29362849198e+15	-3.00798066242e+13	0.00117158462657	0.998829101411
910.545338233	3.29253236947e+15	-3.00697960375e+13	0.00119356015624	0.998807151853
910.848368536	3.2914369763e+15	-3.00597921117e+13	0.00122699218225	0.998773760265
911.151398839	3.29034231174e+15	-3.00497948401e+13	0.00128100074349	0.998719819388
911.454429142	3.28924837506e+15	-3.00398042161e+13	0.00137633760069	0.998624609118
911.757459445	3.28815516555e+15	-3.0029820233e+13	0.00156172475977	0.998439494098
912.060489748	3.28706268246e+15	-3.00198428842e+13	0.00193765715875	0.998064218887
912.363520051	3.28597092509e+15	-3.00098721632e+13	0.00265410325098	0.997349415767
912.666550354	3.2848798927e+15	-2.99999080632e+13	0.00380780109783	0.996199439384
912.969580657	3.28378958458e+15	-2.99899505777e+13	0.00522327658715	0.994790341002
913.27261096	3.2827e+15	-2.99799997002e+13	0.00632886236793	0.993691122698
913.575641264	3.28161113825e+15	-2.9970055424e+13	0.00644274438254	0.993577965595
913.878671567	3.2805229986e+15	-2.99601177426e+13	0.00535803316156	0.994656295496
914.18170187	3.27943558033e+15	-2.99501866495e+13	0.00358439352938	0.996422022741
914.484732173	3.27834888274e+15	-2.9940262138e+13	0.00191192350821	0.998089903053
914.787762476	3.2772629051e+15	-2.99303442016e+13	0.000808847763908	0.999191479265
915.090792779	3.2761776467e+15	-2.99204328339e+13	0.0002704816712	0.999729554906
915.393823082	3.27509310682e+15	-2.99105280282e+13	7.13357863081e-05	0.999928666758
915.696853385	3.27400928475e+15	-2.99006297781e+13	1.48149385452e-05	0.999985185171
915.999883688	3.27292617978e+15	-2.98907380771e+13	2.42045102326e-06	0.999997579552
916.302913991	3.2718437912e+15	-2.98808529186e+13	3.11193366009e-07	0.999999688807
916.605944294	3.27076211829e+15	-2.98709742963e+13	3.17292186133e-08	0.999999968271
916.908974597	3.26968116036e+15	-2.98611022035e+13	2.85692334759e-09	0.999999997143
917.2120049	3.26860091667e+15	-2.98512366338e+13	4.88833693932e-10	0.999999999511
917.515035203	3.26752138654e+15	-2.98413775808e+13	2.89414099692e-10	0.999999999711
917.818065506	3.26644256926e+15	-2.9831525038e+13	2.47097404464e-10	0.999999999753
918.121095809	3.26536446411e+15	-2.98216789989e+13	2.18959442149e-10	0.999999999781
918.424126112	3.26428707039e+15	-2.98118394572e+13	1.96137613974e-10	0.999999999804
918.727156415	3.2632103874e+15	-2.98020064063e+13	1.7715430319e-10	0.999999999823
919.030186718	3.26213441444e+15	-2.979217984e+13	1.61150721219e-10	0.999999999839
919.333217021	3.2610591508e+15	-2.97823597517e+13	1.47647087673e-10	0.999999999852
919.636247324	3.25998459578e+15	-2.9772546135e+13	1.35906237565e-10	0.999999999864
919.939277627	3.25891074869e+15	-2.97627389836e+13	1.25708479223e-10	0.999999999874
920.24230793	3.25783760882e+15	-2.97529382911e+13	1.16783381164e-10	0.999999999883
920.545338233	3.25676517547e+15	-2.97431440511e+13	1.0891619952e-10	0.999999999891
920.848368536	3.25569344795e+15	-2.97333562572e+13	1.01907626402e-10	0.999999999898
921.151398839	3.25462242556e+15	-2.9723574903e+13	9.57783042475e-11	0.999999999904
921.454429142	3.25355210761e+15	-2.97137999823e+13	9.0201784342e-11	0.99999999991
921.757459445	3.25248249339e+15	-2.97040314886e+13	8.51782293559e-11	0.999999999915
922.060489748	3.25141358222e+15	-2.96942694157e+13	8.06382967908e-11	0.999999999919
922.363520051	3.25034537341e+15	-2.96845137572e+13	7.65188406106e-11	0.999999999923
922.666550354	3.24927786625e+15	-2.96747645067e+13	7.27457881431e-11	0.999999999927
922.969580657	3.24821106007e+15	-2.9665021658e+13	6.92484304033e-11	0.999999999931
923.27261096	3.24714495417e+15	-2.96552852048e+13	6.61445505378e-11	0.999999999934
