912.0	3.28728070175e+15	-3.00008141412e+13	0.00334304592914	0.996662535827
911.794274557	3.28802240117e+15	-3.00075831361e+13	0.00261203775908	0.997391370643
911.588549114	3.28876443535e+15	-3.00143551863e+13	0.0020678322262	0.997934304266
911.38282367	3.28950680453e+15	-3.00211302938e+13	0.00169950507233	0.998301938269
911.177098227	3.29024950894e+15	-3.00279084606e+13	0.00146551719918	0.998535556147
910.971372784	3.2909925488e+15	-3.00346896889e+13	0.00132105787963	0.998679814333
910.765647341	3.29173592433e+15	-3.00414739807e+13	0.00123127568805	0.998769482021
910.559921898	3.29247963577e+15	-3.00482613381e+13	0.00117352251763	0.998827165791
910.354196455	3.29322368335e+15	-3.00550517631e+13	0.00113458556337	0.998866057835
910.148471011	3.29396806728e+15	-3.00618452579e+13	0.00110713185466	0.99889348079
909.942745568	3.29471278781e+15	-3.00686418246e+13	0.00108707642264	0.998913514231
909.737020125	3.29545784516e+15	-3.00754414651e+13	0.0010720339701	0.998928540453
909.531294682	3.29620323955e+15	-3.00822441817e+13	0.00106051978528	0.998940042367
909.325569239	3.29694897121e+15	-3.00890499763e+13	0.00105154980448	0.99894900288
909.119843796	3.29769504038e+15	-3.00958588511e+13	0.00104444214627	0.998956103094
908.914118352	3.29844144729e+15	-3.01026708082e+13	0.00103871171067	0.998961827564
908.708392909	3.29918819216e+15	-3.01094858496e+13	0.00103400715462	0.998966527247
908.502667466	3.29993527522e+15	-3.01163039775e+13	0.00103007133238	0.998970459009
908.296942023	3.3006826967e+15	-3.0123125194e+13	0.00102671494166	0.99897381195
908.09121658	3.30143045683e+15	-3.01299495011e+13	0.00102379809922	0.998976725803
907.885491137	3.30217855585e+15	-3.01367769009e+13	0.00102121723669	0.998979304028
907.679765693	3.30292699398e+15	-3.01436073957e+13	0.00101889552975	0.998981623368
907.47404025	3.30367577146e+15	-3.01504409873e+13	0.00101677591168	0.99898374083
907.268314807	3.3044248885e+15	-3.01572776781e+13	0.00101481591112	0.99898569884
907.062589364	3.30517434536e+15	-3.016411747e+13	0.00101298384393	0.998987529051
906.856863921	3.30592414225e+15	-3.01709603652e+13	0.00101125598428	0.998989255163
906.651138478	3.30667427941e+15	-3.01778063658e+13	0.00100961448027	0.998990895009
906.445413034	3.30742475707e+15	-3.0184655474e+13	0.000981587478991	0.99901889412
906.239687591	3.30817557546e+15	-3.01915076917e+13	0.000980822309834	0.999019658539
906.033962148	3.30892673481e+15	-3.01983630213e+13	0.000980264088585	0.999020216213
905.828236705	3.30967823536e+15	-3.02052214646e+13	0.000979706069977	0.999020773685
905.622511262	3.31043007734e+15	-3.0212083024e+13	0.000979148253178	0.999021330956
905.416785819	3.31118226098e+15	-3.02189477015e+13	0.000978590637825	0.999021888026
905.211060375	3.31193478652e+15	-3.02258154992e+13	0.000978033223733	0.999022444895
905.005334932	3.31268765418e+15	-3.02326864194e+13	0.000977476010809	0.999023001563
904.799609489	3.31344086421e+15	-3.0239560464e+13	0.000976918999192	0.999023558031
904.593884046	3.31419441683e+15	-3.02464376352e+13	0.000976362188384	0.999024114298
904.388158603	3.31494831227e+15	-3.02533179352e+13	0.000975805578698	0.999024670365
904.18243316	3.31570255078e+15	-3.02602013661e+13	0.000975249169762	0.999025226231
903.976707716	3.31645713259e+15	-3.026708793e+13	0.000974692961867	0.999025781897
903.770982273	3.31721205793e+15	-3.02739776292e+13	0.000974136954781	0.999026337363
903.56525683	3.31796732703e+15	-3.02808704656e+13	0.000973581148773	0.999026892628
903.359531387	3.31872294013e+15	-3.02877664415e+13	0.000973025543758	0.999027447692
903.153805944	3.31947889747e+15	-3.0294665559e+13	0.000972470139658	0.999028002556
902.948080501	3.32023519928e+15	-3.03015678203e+13	0.00097191493661	0.99902855722
902.742355057	3.3209918458e+15	-3.03084732274e+13	0.000971359934408	0.999029111683
902.536629614	3.32174883725e+15	-3.03153817827e+13	0.000970805133117	0.999029665946
902.330904171	3.32250617389e+15	-3.03222934881e+13	0.000970250532603	0.999030220008
902.125178728	3.32326385594e+15	-3.03292083459e+13	0.000969696132756	0.999030773871
901.919453285	3.32402188364e+15	-3.03361263582e+13	0.000969141933624	0.999031327533
901.713727842	3.32478025723e+15	-3.03430475272e+13	0.000968587935112	0.999031880995
901.508002398	3.32553897694e+15	-3.03499718551e+13	0.000968034137137	0.999032434257
901.302276955	3.32629804301e+15	-3.03568993439e+13	0.000967480539742	0.999032987319
901.096551512	3.32705745568e+15	-3.03638299959e+13	0.000966927142849	0.999033540181
900.890826069	3.32781721519e+15	-3.03707638133e+13	0.000966373946391	0.999034092843
900.685100626	3.32857732177e+15	-3.03777007981e+13	0.000965820950395	0.999034645305
900.479375183	3.32933777566e+15	-3.03846409527e+13	0.000965268154794	0.999035197567
900.273649739	3.3300985771e+15	-3.03915842791e+13	0.000964715559528	0.999035749629
900.067924296	3.33085972633e+15	-3.03985307795e+13	0.000964163164612	0.999036301491
899.862198853	3.33162122358e+15	-3.04054804561e+13	0.000963610969986	0.999036853154
899.65647341	3.3323830691e+15	-3.04124333111e+13	0.000963058975596	0.999037404617
899.450747967	3.33314526313e+15	-3.04193893466e+13	0.000962507181446	0.99903795588
899.245022524	3.33390780589e+15	-3.04263485649e+13	0.000961955587466	0.999038506943
899.03929708	3.33467069764e+15	-3.04333109682e+13	0.000961404193653	0.999039057807
898.833571637	3.33543393861e+15	-3.04402765585e+13	0.000960852999943	0.999039608471
898.627846194	3.33619752904e+15	-3.04472453381e+13	0.000960302006328	0.999040158936
898.422120751	3.33696146917e+15	-3.04542173093e+13	0.00095975121275	0.999040709201
898.216395308	3.33772575925e+15	-3.04611924741e+13	0.000959200619194	0.999041259267
898.010669865	3.33849039951e+15	-3.04681708348e+13	0.000958650225609	0.999041809133
897.804944421	3.33925539019e+15	-3.04751523936e+13	0.000958100031969	0.999042358799
897.599218978	3.34002073154e+15	-3.04821371527e+13	0.00095755003824	0.999042908267
897.393493535	3.34078642379e+15	-3.04891251143e+13	0.000957000244386	0.999043457534
897.187768092	3.34155246719e+15	-3.04961162805e+13	0.000956450650372	0.999044006603
896.982042649	3.34231886198e+15	-3.05031106537e+13	0.000955901256162	0.999044555472
896.776317206	3.3430856084e+15	-3.05101082359e+13	0.000955352061723	0.999045104142
896.570591762	3.34385270669e+15	-3.05171090294e+13	0.000954803067019	0.999045652612
896.364866319	3.34462015709e+15	-3.05241130365e+13	0.000954254272016	0.999046200884
896.159140876	3.34538795985e+15	-3.05311202592e+13	0.000953705676679	0.999046748956
895.953415433	3.34615611522e+15	-3.05381307e+13	0.000953157280974	0.999047296829
895.74768999	3.34692462342e+15	-3.05451443608e+13	0.000952609084865	0.999047844503
895.541964547	3.34769348471e+15	-3.05521612441e+13	0.000952061088319	0.999048391978
895.336239103	3.34846269933e+15	-3.0559181352e+13	0.000951513291301	0.999048939254
895.13051366	3.34923226753e+15	-3.05662046867e+13	0.000950965693777	0.999049486331
894.924788217	3.35000218954e+15	-3.05732312504e+13	0.000950418295711	0.999050033209
894.719062774	3.35077246561e+15	-3.05802610454e+13	0.000949871097069	0.999050579888
894.513337331	3.35154309599e+15	-3.05872940739e+13	0.000949324097817	0.999051126368
894.307611888	3.35231408091e+15	-3.05943303382e+13	0.00094877729792	0.999051672649
894.101886444	3.35308542064e+15	-3.06013698404e+13	0.000948230697344	0.999052218731
893.896161001	3.3538571154e+15	-3.06084125829e+13	0.000947684296053	0.999052764615
893.690435558	3.35462916544e+15	-3.06154585678e+13	0.000947138094014	0.9990533103
893.484710115	3.35540157102e+15	-3.06225077973e+13	0.000946592091192	0.999053855786
893.278984672	3.35617433237e+15	-3.06295602738e+13	0.000946046287552	0.999054401073
893.073259229	3.35694744974e+15	-3.06366159995e+13	0.000945500683059	0.999054946162
892.867533785	3.35772092338e+15	-3.06436749766e+13	0.00094495527768	0.999055491052
892.661808342	3.35849475354e+15	-3.06507372074e+13	0.00094441007138	0.999056035743
892.456082899	3.35926894045e+15	-3.0657802694e+13	0.000943865064123	0.999056580236
892.250357456	3.36004348437e+15	-3.06648714389e+13	0.000943320255876	0.999057124531
892.044632013	3.36081838555e+15	-3.06719434441e+13	0.000942775646604	0.999057668627
891.83890657	3.36159364423e+15	-3.06790187121e+13	0.000942231236273	0.999058212524
891.633181126	3.36236926066e+15	-3.06860972449e+13	0.000941687024847	0.999058756223
892.633181126	3.35860246223e+15	-3.06517201926e+13	0.00094433422032	0.999056111523
892.936211429	3.35746267385e+15	-3.06413181057e+13	0.000945137329066	0.999055309173
893.239241732	3.35632365881e+15	-3.06309230765e+13	0.000945940869775	0.999054506391
893.542272035	3.35518541632e+15	-3.06205350979e+13	0.000946744842556	0.999053703179
893.845302338	3.35404794561e+15	-3.06101541627e+13	0.00094754924752	0.999052899536
894.148332641	3.35291124588e+15	-3.05997802638e+13	0.000948354084779	0.999052095461
894.451362945	3.35177531636e+15	-3.05894133941e+13	0.000949159354441	0.999051290955
894.754393248	3.35064015625e+15	-3.05790535463e+13	0.000949965056617	0.999050486017
895.057423551	3.34950576479e+15	-3.05687007134e+13	0.000950771191419	0.999049680648
895.360453854	3.34837214118e+15	-3.05583548882e+13	0.000951577758956	0.999048874848
895.663484157	3.34723928465e+15	-3.05480160637e+13	0.000952384759339	0.999048068615
895.96651446	3.34610719443e+15	-3.05376842326e+13	0.000953192192678	0.999047261951
896.269544763	3.34497586972e+15	-3.0527359388e+13	0.000954000059085	0.999046454854
896.572575066	3.34384530977e+15	-3.05170415227e+13	0.000954808358668	0.999045647326
896.875605369	3.34271551378e+15	-3.05067306296e+13	0.00095561709154	0.999044839365
897.178635672	3.341586481e+15	-3.04964267018e+13	0.00095642625781	0.999044030972
897.481665975	3.34045821064e+15	-3.04861297321e+13	0.00095723585759	0.999043222147
897.784696278	3.33933070193e+15	-3.04758397135e+13	0.000958045890992	0.999042412888
898.087726581	3.3382039541e+15	-3.0465556639e+13	0.000958856358126	0.999041603198
898.390756884	3.33707796638e+15	-3.04552805015e+13	0.000959667259103	0.999040793074
898.693787187	3.33595273801e+15	-3.0445011294e+13	0.000960478594035	0.999039982518
898.99681749	3.33482826821e+15	-3.04347490095e+13	0.000961290363031	0.999039171529
899.299847793	3.33370455623e+15	-3.0424493641e+13	0.000962102566189	0.999038360106
899.602878096	3.33258160128e+15	-3.04142451816e+13	0.000962915203647	0.99903754825
899.905908399	3.33145940261e+15	-3.04040036242e+13	0.000963728275503	0.999036735961
900.208938702	3.33033795945e+15	-3.03937689618e+13	0.000964541781847	0.999035923239
900.511969005	3.32921727105e+15	-3.03835411876e+13	0.000965355722833	0.999035110083
900.814999308	3.32809733664e+15	-3.03733202945e+13	0.000966170098524	0.999034296494
901.118029611	3.32697815545e+15	-3.03631062757e+13	0.000966984909088	0.99903348247
901.421059914	3.32585972674e+15	-3.03528991241e+13	0.000967800154578	0.999032668013
901.724090217	3.32474204973e+15	-3.03426988329e+13	0.000968615835179	0.999031853122
902.02712052	3.32362512368e+15	-3.03325053951e+13	0.000969431950936	0.999031037796
902.330150823	3.32250894782e+15	-3.03223188039e+13	0.000970248502076	0.999030222037
902.633181126	3.32139352141e+15	-3.03121390523e+13	0.000971065488658	0.999029405843
902.936211429	3.32027884368e+15	-3.03019661335e+13	0.000971882910998	0.999028589214
903.239241732	3.31916491388e+15	-3.02918000406e+13	0.000972700769176	0.999027772151
903.542272035	3.31805173127e+15	-3.02816407667e+13	0.000973519063506	0.999026954652
903.845302338	3.31693929508e+15	-3.02714883049e+13	0.000974337793842	0.999026136719
904.148332641	3.31582760457e+15	-3.02613426485e+13	0.000975156960288	0.999025318351
904.451362945	3.31471665899e+15	-3.02512037905e+13	0.000975976562655	0.999024499548
904.754393248	3.31360645759e+15	-3.02410717241e+13	0.00097679660097	0.99902368031
905.057423551	3.31249699963e+15	-3.02309464426e+13	0.000977617075167	0.999022860637
905.360453854	3.31138828434e+15	-3.02208279391e+13	0.000978437986158	0.999022040528
905.663484157	3.31028031101e+15	-3.02107162067e+13	0.000979259333534	0.999021219984
905.96651446	3.30917307886e+15	-3.02006112388e+13	0.000980081118293	0.999020399004
906.269544763	3.30806658717e+15	-3.01905130285e+13	0.000980903342133	0.999019577586
906.572575066	3.30696083519e+15	-3.0180421569e+13	0.00100058583796	0.998999914581
906.875605369	3.30585582218e+15	-3.01703368536e+13	0.00101140958267	0.99898910172
907.178635672	3.30475154739e+15	-3.01602588755e+13	0.00101400310631	0.998986510821
907.481665975	3.3036480101e+15	-3.0150187628e+13	0.00101685140602	0.998983665412
907.784696278	3.30254520956e+15	-3.01401231043e+13	0.00102005127793	0.998980468798
908.087726581	3.30144314502e+15	-3.01300652977e+13	0.00102375176456	0.99897677209
908.390756884	3.30034181577e+15	-3.01200142015e+13	0.00102818355201	0.998972344848
908.693787187	3.29924122105e+15	-3.01099698089e+13	0.00103370494313	0.998966829146
908.99681749	3.29814136014e+15	-3.00999321133e+13	0.00104087469765	0.998959666825
909.299847793	3.2970422323e+15	-3.00899011079e+13	0.00105057079933	0.998949980857
909.602878096	3.2959438368e+15	-3.00798767862e+13	0.00106419570481	0.998936370351
909.905908399	3.29484617291e+15	-3.00698591413e+13	0.00108406630673	0.998916521081
910.208938702	3.2937492399e+15	-3.00598481666e+13	0.00111429282914	0.998886327765
910.511969005	3.29265303703e+15	-3.00498438555e+13	0.00116310665406	0.998837569492
910.814999308	3.29155756359e+15	-3.00398462014e+13	0.00124922442921	0.998751555527
911.118029611	3.29046281883e+15	-3.00298551975e+13	0.00141664531139	0.998584357657
911.421059914	3.28936880204e+15	-3.00198708372e+13	0.00175638868497	0.998245152863
911.724090217	3.28827551248e+15	-3.00098931139e+13	0.00240490772724	0.997597981747
912.02712052	3.28718294944e+15	-2.99999220211e+13	0.00345144962007	0.996554499786
912.330150823	3.28609111219e+15	-2.99899575521e+13	0.00473856375709	0.995272645524
912.633181126	3.285e+15	-2.99799997002e+13	0.00574726561534	0.994269218321
912.936211429	3.28390961216e+15	-2.9970048459e+13	0.00585550551186	0.994161604548
913.239241732	3.28281994794e+15	-2.99601038217e+13	0.00487208458557	0.995139764767
913.542272035	3.28173100662e+15	-2.9950165782e+13	0.00325960756359	0.99674569919
913.845302338	3.28064278749e+15	-2.99402343331e+13	0.00173807087949	0.998263438691
914.148332641	3.27955528983e+15	-2.99303094685e+13	0.000734699998137	0.999265569828
914.451362945	3.27846851291e+15	-2.99203911818e+13	0.000245372173785	0.999754657928
914.754393248	3.27738245602e+15	-2.99104794663e+13	6.45998230146e-05	0.999935402264
915.057423551	3.27629711846e+15	-2.99005743155e+13	1.33857316434e-05	0.999986614358
915.360453854	3.27521249949e+15	-2.98906757229e+13	2.18065033444e-06	0.999997819352
915.663484157	3.27412859841e+15	-2.98807836821e+13	2.78745702013e-07	0.999999721254
915.96651446	3.27304541451e+15	-2.98708981864e+13	2.80745987005e-08	0.999999971925
916.269544763	3.27196294708e+15	-2.98610192294e+13	2.27748238669e-09	0.999999997723
916.572575066	3.2708811954e+15	-2.98511468046e+13	2.06323808278e-10	0.999999999794
916.875605369	3.26980015876e+15	-2.98412809056e+13	6.00084500424e-11	0.99999999994
917.178635672	3.26871983646e+15	-2.98314215258e+13	4.66913816709e-11	0.999999999953
917.481665975	3.26764022779e+15	-2.98215686589e+13	4.11930864687e-11	0.999999999959
917.784696278	3.26656133204e+15	-2.98117222982e+13	3.68951400767e-11	0.999999999963
918.087726581	3.26548314851e+15	-2.98018824376e+13	3.33246941411e-11	0.999999999967
918.390756884	3.26440567648e+15	-2.97920490703e+13	3.03149678885e-11	0.99999999997
918.693787187	3.26332891526e+15	-2.97822221902e+13	2.77754311064e-11	0.999999999972
918.99681749	3.26225286415e+15	-2.97724017907e+13	2.55669032483e-11	0.999999999974
919.299847793	3.26117752243e+15	-2.97625878654e+13	2.36488294494e-11	0.999999999976
919.602878096	3.26010288942e+15	-2.97527804079e+13	2.19700199125e-11	0.999999999978
919.905908399	3.25902896441e+15	-2.97429794119e+13	2.04905188601e-11	0.99999999998
920.208938702	3.25795574669e+15	-2.97331848709e+13	1.91719271919e-11	0.999999999981
920.511969005	3.25688323558e+15	-2.97233967786e+13	1.80191655175e-11	0.999999999982
920.814999308	3.25581143037e+15	-2.97136151286e+13	1.69700574854e-11	0.999999999983
921.118029611	3.25474033036e+15	-2.97038399146e+13	1.60252779564e-11	0.999999999984
921.421059914	3.25366993487e+15	-2.96940711302e+13	1.51712291947e-11	0.999999999985
921.724090217	3.2526002432e+15	-2.9684308769e+13	1.43963561706e-11	0.999999999986
922.02712052	3.25153125464e+15	-2.96745528248e+13	1.36863300497e-11	0.999999999986
922.330150823	3.25046296852e+15	-2.96648032911e+13	1.30284663715e-11	0.999999999987
922.633181126	3.24939538413e+15	-2.96550601618e+13	1.24447876717e-11	0.999999999988
