912.0	3.28728070175e+15	-3.05978684445e+13	0.000247742649657	0.999752288036
911.977734751	3.28736095824e+15	-3.05986154684e+13	0.000247728920223	0.999752301762
911.955469501	3.28744121864e+15	-3.05993625288e+13	0.000247715191215	0.999752315488
911.933204252	3.28752148296e+15	-3.06001096257e+13	0.000247701462632	0.999752329213
911.910939003	3.2876017512e+15	-3.0600856759e+13	0.000247687734476	0.999752342938
911.888673754	3.28768202335e+15	-3.06016039289e+13	0.000247674006745	0.999752356662
911.866408504	3.28776229943e+15	-3.06023511352e+13	0.000247660279439	0.999752370386
911.844143255	3.28784257943e+15	-3.0603098378e+13	0.00024764655256	0.999752384109
911.821878006	3.28792286335e+15	-3.06038456573e+13	0.000247632826106	0.999752397832
911.799612756	3.28800315119e+15	-3.06045929731e+13	0.000247619100077	0.999752411555
911.777347507	3.28808344296e+15	-3.06053403254e+13	0.000247605374475	0.999752425277
911.755082258	3.28816373864e+15	-3.06060877142e+13	0.000247591649298	0.999752438999
911.732817009	3.28824403824e+15	-3.06068351395e+13	0.000247577924546	0.99975245272
911.710551759	3.28832434177e+15	-3.06075826013e+13	0.000247564200221	0.999752466441
911.68828651	3.28840464922e+15	-3.06083300997e+13	0.000247550476321	0.999752480162
911.666021261	3.28848496059e+15	-3.06090776345e+13	0.000247536752846	0.999752493882
911.643756011	3.28856527589e+15	-3.06098252058e+13	0.000247523029798	0.999752507602
911.621490762	3.28864559511e+15	-3.06105728137e+13	0.000247509307175	0.999752521321
911.599225513	3.28872591825e+15	-3.06113204581e+13	0.000247495584977	0.99975253504
911.576960264	3.28880624531e+15	-3.0612068139e+13	0.000247481863205	0.999752548758
911.554695014	3.2888865763e+15	-3.06128158564e+13	0.000247468141859	0.999752562476
911.532429765	3.28896691122e+15	-3.06135636104e+13	0.000247454420939	0.999752576193
911.510164516	3.28904725006e+15	-3.06143114009e+13	0.000247440700444	0.99975258991
911.487899267	3.28912759282e+15	-3.06150592279e+13	0.000247426980375	0.999752603627
911.465634017	3.28920793951e+15	-3.06158070915e+13	0.000247413260731	0.999752617343
911.443368768	3.28928829012e+15	-3.06165549916e+13	0.000247399541513	0.999752631059
911.421103519	3.28936864466e+15	-3.06173029282e+13	0.000247385822721	0.999752644775
911.398838269	3.28944900313e+15	-3.06180509014e+13	0.000247372104354	0.99975265849
911.37657302	3.28952936552e+15	-3.06187989111e+13	0.000247358386413	0.999752672204
911.354307771	3.28960973184e+15	-3.06195469574e+13	0.000247344668897	0.999752685918
911.332042522	3.28969010209e+15	-3.06202950402e+13	0.000247330951807	0.999752699632
911.309777272	3.28977047626e+15	-3.06210431596e+13	0.000247317235143	0.999752713345
911.287512023	3.28985085436e+15	-3.06217913155e+13	0.000247303518904	0.999752727058
911.265246774	3.28993123639e+15	-3.0622539508e+13	0.000247289803091	0.999752740771
911.242981524	3.29001162235e+15	-3.06232877371e+13	0.000247276087704	0.999752754483
911.220716275	3.29009201224e+15	-3.06240360027e+13	0.000247262372742	0.999752768194
911.198451026	3.29017240605e+15	-3.06247843049e+13	0.000247248658206	0.999752781905
911.176185777	3.29025280379e+15	-3.06255326437e+13	0.000247234944095	0.999752795616
911.153920527	3.29033320546e+15	-3.0626281019e+13	0.00024722123041	0.999752809326
911.131655278	3.29041361107e+15	-3.06270294309e+13	0.00024720751715	0.999752823036
911.109390029	3.2904940206e+15	-3.06277778794e+13	0.000247193804316	0.999752836746
911.087124779	3.29057443406e+15	-3.06285263645e+13	0.000247180091908	0.999752850455
911.06485953	3.29065485145e+15	-3.06292748862e+13	0.000247166379925	0.999752864163
911.042594281	3.29073527277e+15	-3.06300234444e+13	0.000247152668368	0.999752877871
911.020329032	3.29081569803e+15	-3.06307720393e+13	0.000247138957236	0.999752891579
910.998063782	3.29089612721e+15	-3.06315206707e+13	0.00024712524653	0.999752905286
910.975798533	3.29097656033e+15	-3.06322693387e+13	0.00024711153625	0.999752918993
910.953533284	3.29105699738e+15	-3.06330180433e+13	0.000247097826395	0.9997529327
910.931268034	3.29113743836e+15	-3.06337667846e+13	0.000247084116965	0.999752946406
910.909002785	3.29121788327e+15	-3.06345155624e+13	0.000247070407961	0.999752960111
910.886737536	3.29129833212e+15	-3.06352643768e+13	0.000247056699383	0.999752973817
910.864472287	3.2913787849e+15	-3.06360132278e+13	0.00024704299123	0.999752987521
910.842207037	3.29145924161e+15	-3.06367621155e+13	0.000247029283503	0.999753001226
910.819941788	3.29153970225e+15	-3.06375110398e+13	0.000247015576202	0.99975301493
910.797676539	3.29162016683e+15	-3.06382600006e+13	0.000247001869326	0.999753028633
910.775411289	3.29170063535e+15	-3.06390089981e+13	0.000246988162875	0.999753042336
910.75314604	3.2917811078e+15	-3.06397580322e+13	0.00024697445685	0.999753056039
910.730880791	3.29186158418e+15	-3.0640507103e+13	0.000246960751251	0.999753069741
910.708615542	3.2919420645e+15	-3.06412562104e+13	0.000246947046077	0.999753083443
910.686350292	3.29202254875e+15	-3.06420053544e+13	0.000246933341328	0.999753097144
910.664085043	3.29210303694e+15	-3.0642754535e+13	0.000246919637005	0.999753110845
910.641819794	3.29218352906e+15	-3.06435037523e+13	0.000246905933108	0.999753124546
910.619554544	3.29226402512e+15	-3.06442530062e+13	0.000246892229636	0.999753138246
910.597289295	3.29234452512e+15	-3.06450022967e+13	0.00024687852659	0.999753151945
910.575024046	3.29242502905e+15	-3.06457516239e+13	0.000246864823969	0.999753165645
910.552758797	3.29250553692e+15	-3.06465009877e+13	0.000246851121774	0.999753179343
910.530493547	3.29258604873e+15	-3.06472503882e+13	0.000246837420004	0.999753193042
910.508228298	3.29266656448e+15	-3.06479998253e+13	0.00024682371866	0.99975320674
910.485963049	3.29274708416e+15	-3.06487492991e+13	0.000246810017741	0.999753220437
910.4636978	3.29282760778e+15	-3.06494988096e+13	0.000246796317248	0.999753234134
910.44143255	3.29290813535e+15	-3.06502483567e+13	0.00024678261718	0.999753247831
910.419167301	3.29298866684e+15	-3.06509979404e+13	0.000246768917538	0.999753261527
910.396902052	3.29306920228e+15	-3.06517475609e+13	0.000246755218321	0.999753275223
910.374636802	3.29314974166e+15	-3.0652497218e+13	0.000246741519529	0.999753288919
910.352371553	3.29323028498e+15	-3.06532469117e+13	0.000246727821164	0.999753302614
910.330106304	3.29331083224e+15	-3.06539966422e+13	0.000246714123223	0.999753316308
910.307841055	3.29339138343e+15	-3.06547464093e+13	0.000246700425709	0.999753330002
910.285575805	3.29347193857e+15	-3.06554962131e+13	0.000246686728619	0.999753343696
910.263310556	3.29355249765e+15	-3.06562460536e+13	0.000246673031955	0.999753357389
910.241045307	3.29363306067e+15	-3.06569959307e+13	0.000246659335717	0.999753371082
910.218780057	3.29371362763e+15	-3.06577458446e+13	0.000246645639904	0.999753384775
910.196514808	3.29379419853e+15	-3.06584957951e+13	0.000246631944516	0.999753398467
910.174249559	3.29387477338e+15	-3.06592457823e+13	0.000246618249554	0.999753412158
910.15198431	3.29395535216e+15	-3.06599958062e+13	0.000246604555018	0.999753425849
910.12971906	3.29403593489e+15	-3.06607458668e+13	0.000246590860907	0.99975343954
910.107453811	3.29411652157e+15	-3.06614959642e+13	0.000246577167221	0.99975345323
910.085188562	3.29419711218e+15	-3.06622460982e+13	0.000246563473961	0.99975346692
910.062923312	3.29427770674e+15	-3.06629962689e+13	0.000246549781126	0.99975348061
910.040658063	3.29435830524e+15	-3.06637464763e+13	0.000246536088717	0.999753494299
910.018392814	3.29443890769e+15	-3.06644967205e+13	0.000246522396733	0.999753507987
909.996127565	3.29451951408e+15	-3.06652470013e+13	0.000246508705175	0.999753521676
909.973862315	3.29460012442e+15	-3.06659973189e+13	0.000246495014042	0.999753535363
909.951597066	3.2946807387e+15	-3.06667476732e+13	0.000246481323334	0.999753549051
909.929331817	3.29476135692e+15	-3.06674980642e+13	0.000246467633052	0.999753562738
909.907066567	3.29484197909e+15	-3.06682484919e+13	0.000246453943196	0.999753576424
909.884801318	3.29492260521e+15	-3.06689989564e+13	0.000246440253764	0.99975359011
909.862536069	3.29500323527e+15	-3.06697494576e+13	0.000246426564759	0.999753603796
909.84027082	3.29508386928e+15	-3.06704999955e+13	0.000246412876178	0.999753617481
909.81800557	3.29516450724e+15	-3.06712505701e+13	0.000246399188023	0.999753631166
909.795740321	3.29524514914e+15	-3.06720011815e+13	0.000246385500294	0.99975364485
910.795740321	3.29162716433e+15	-3.06383251331e+13	0.000247000677376	0.999753029825
911.098770624	3.29053237329e+15	-3.06281348646e+13	0.000247187264134	0.999752843284
911.401800927	3.28943831025e+15	-3.06179513725e+13	0.000247373929722	0.999752656665
911.70483123	3.2883449745e+15	-3.06077746499e+13	0.000247560674149	0.999752469966
912.007861533	3.2872523653e+15	-3.059760469e+13	0.00024774749742	0.999752283189
912.310891836	3.28616048194e+15	-3.05874414863e+13	0.000247934399544	0.999752096334
912.613922139	3.2850693237e+15	-3.05772850318e+13	0.000248121380527	0.999751909399
912.916952442	3.28397888984e+15	-3.05671353199e+13	0.000248308440376	0.999751722386
913.219982745	3.28288917966e+15	-3.05569923439e+13	0.000248495579099	0.999751535293
913.523013048	3.28180019242e+15	-3.05468560971e+13	0.000248682796702	0.999751348122
913.826043351	3.28071192741e+15	-3.05367265727e+13	0.000248870093193	0.999751160872
914.129073654	3.27962438391e+15	-3.05266037642e+13	0.000249057468579	0.999750973544
914.432103957	3.27853756121e+15	-3.05164876648e+13	0.000249244922866	0.999750786136
914.73513426	3.27745145858e+15	-3.05063782678e+13	0.000249432456062	0.99975059865
915.038164563	3.27636607532e+15	-3.04962755666e+13	0.000249620068173	0.999750411084
915.341194866	3.27528141071e+15	-3.04861795546e+13	0.000249807759208	0.99975022344
915.64422517	3.27419746403e+15	-3.04760902251e+13	0.000249995653313	0.999750035593
915.947255473	3.27311423457e+15	-3.04660075714e+13	0.000250183673267	0.99974984762
916.250285776	3.27203172162e+15	-3.0455931587e+13	0.000250371859508	0.999749659481
916.553316079	3.27094992447e+15	-3.04458622652e+13	0.000250560223002	0.999749471165
916.856346382	3.26986884241e+15	-3.04357995994e+13	0.000250748779498	0.999749282655
917.159376685	3.26878847473e+15	-3.04257435831e+13	0.000250937037336	0.999749094445
917.462406988	3.26770882073e+15	-3.04156942096e+13	0.000251125931972	0.999748905598
917.765437291	3.26662987969e+15	-3.04056514724e+13	0.000251315080471	0.999748716497
918.068467594	3.26555165091e+15	-3.03956153649e+13	0.000251503727533	0.999748527897
918.371497897	3.26447413369e+15	-3.03855858804e+13	0.000251693308606	0.999748338363
918.6745282	3.26339732732e+15	-3.03755630126e+13	0.000251882402639	0.999748149317
918.977558503	3.26232123109e+15	-3.03655467548e+13	0.000252072646174	0.999747959121
919.280588806	3.26124584431e+15	-3.03555371005e+13	0.000252262326256	0.999747769489
919.583619109	3.26017116628e+15	-3.03455340431e+13	0.000252453582871	0.999747578281
919.886649412	3.25909719629e+15	-3.03355375762e+13	0.0002526447838	0.999747387128
920.189679715	3.25802393364e+15	-3.03255476932e+13	0.000252838704896	0.999747193256
920.492710018	3.25695137764e+15	-3.03155643876e+13	0.00025303427379	0.999746997737
920.795740321	3.25587952759e+15	-3.0305587653e+13	0.000253236351819	0.99974679571
921.098770624	3.25480838278e+15	-3.02956174828e+13	0.000253446205299	0.999746585909
921.401800927	3.25373794254e+15	-3.02856538706e+13	0.000253668337794	0.999746363833
921.70483123	3.25266820615e+15	-3.02756968099e+13	0.0002539000874	0.999746132142
922.007861533	3.25159917293e+15	-3.02657462942e+13	0.000254138069298	0.999745894221
922.310891836	3.25053084219e+15	-3.02558023171e+13	0.000254373451392	0.999745658899
922.613922139	3.24946321322e+15	-3.02458648722e+13	0.000254602582143	0.999745429826
922.916952442	3.24839628535e+15	-3.0235933953e+13	0.000254824726525	0.999745207739
923.219982745	3.24733005788e+15	-3.02260095531e+13	0.000255045023956	0.999744987497
923.523013048	3.24626453011e+15	-3.0216091666e+13	0.000255269062731	0.999744763516
923.826043351	3.24519970137e+15	-3.02061802854e+13	0.000255504485122	0.999744528153
924.129073654	3.24413557096e+15	-3.01962754049e+13	0.000255773435402	0.999744259272
924.432103957	3.2430721382e+15	-3.01863770181e+13	0.000256258001967	0.999743774829
924.73513426	3.2420094024e+15	-3.01764851185e+13	0.00026334716199	0.999736687511
925.038164563	3.24094736287e+15	-3.01665996999e+13	0.000264001713333	0.999736033132
925.341194866	3.23988601894e+15	-3.01567207558e+13	0.000264719492978	0.999735315542
925.64422517	3.23882536992e+15	-3.01468482799e+13	0.000265529653263	0.999734505597
925.947255473	3.23776541513e+15	-3.01369822658e+13	0.000266461409834	0.999733574088
926.250285776	3.23670615388e+15	-3.01271227072e+13	0.000267553276999	0.999732482512
926.553316079	3.23564758549e+15	-3.01172695978e+13	0.000268881328857	0.999731154816
926.856346382	3.23458970929e+15	-3.01074229312e+13	0.000270559135643	0.999729477462
927.159376685	3.2335325246e+15	-3.00975827011e+13	0.000272758602488	0.999727278593
927.462406988	3.23247603074e+15	-3.00877489012e+13	0.000275750010034	0.999724288006
927.765437291	3.23142022703e+15	-3.00779215253e+13	0.000279959783696	0.999720079401
928.068467594	3.2303651128e+15	-3.00681005669e+13	0.000286100222734	0.9997139407
928.371497897	3.22931068736e+15	-3.00582860199e+13	0.000295445850911	0.999704597789
928.6745282	3.22825695005e+15	-3.00484778779e+13	0.000310577943712	0.999689470281
928.977558503	3.2272039002e+15	-3.00386761347e+13	0.000337249853467	0.999662807009
929.280588806	3.22615153713e+15	-3.00288807841e+13	0.00038822808685	0.999611847264
929.583619109	3.22509986017e+15	-3.00190918197e+13	0.000487700794038	0.999512418113
929.886649412	3.22404886864e+15	-3.00093092354e+13	0.000667465531214	0.999332757174
930.189679715	3.22299856188e+15	-2.99995330248e+13	0.000940570813534	0.999059871385
930.492710018	3.22194893923e+15	-2.99897631818e+13	0.00125570015632	0.998745087905
930.795740321	3.2209e+15	-2.99799997002e+13	0.00148175446369	0.998519342792
931.098770624	3.21985174354e+15	-2.99702425737e+13	0.00147895214426	0.998522140967
931.401800927	3.21880416917e+15	-2.99604917961e+13	0.00121793641347	0.99878280497
931.70483123	3.21775727624e+15	-2.99507473613e+13	0.000816771355113	0.999183562112
932.007861533	3.21671106408e+15	-2.99410092631e+13	0.000443877853341	0.999556220646
932.310891836	3.21566553202e+15	-2.99312774952e+13	0.000196514815955	0.999803504492
932.613922139	3.21462067939e+15	-2.99215520515e+13	7.29528354883e-05	0.999927049826
932.916952442	3.21357650555e+15	-2.99118329258e+13	2.49739335308e-05	0.999975026378
933.219982745	3.21253300983e+15	-2.99021201121e+13	9.81448103879e-06	0.999990185567
933.523013048	3.21149019156e+15	-2.98924136041e+13	5.41329478092e-06	0.99999458672
933.826043351	3.21044805009e+15	-2.98827133957e+13	3.87680246561e-06	0.999996123205
934.129073654	3.20940658476e+15	-2.98730194807e+13	3.0835263579e-06	0.999996916478
934.432103957	3.20836579491e+15	-2.98633318531e+13	2.5544079489e-06	0.999997445595
934.73513426	3.20732567988e+15	-2.98536505068e+13	2.16728206281e-06	0.99999783272
935.038164563	3.20628623902e+15	-2.98439754355e+13	1.87234933468e-06	0.999998127652
935.341194866	3.20524747168e+15	-2.98343066333e+13	1.6404509585e-06	0.99999835955
935.64422517	3.20420937719e+15	-2.9824644094e+13	1.45432042681e-06	0.999998545681
935.947255473	3.20317195491e+15	-2.98149878116e+13	1.30190003338e-06	0.999998698101
936.250285776	3.20213520417e+15	-2.980533778e+13	1.17521143415e-06	0.999998824789
936.553316079	3.20109912434e+15	-2.9795693993e+13	1.06857661067e-06	0.999998931424
936.856346382	3.20006371476e+15	-2.97860564448e+13	9.77766588063e-07	0.999999022234
937.159376685	3.19902897478e+15	-2.97764251291e+13	9.00083573102e-07	0.999999099917
937.462406988	3.19799490375e+15	-2.976680004e+13	8.32231615713e-07	0.999999167769
937.765437291	3.19696150101e+15	-2.97571811713e+13	7.72850095004e-07	0.99999922715
938.068467594	3.19592876594e+15	-2.97475685172e+13	7.20509893013e-07	0.99999927949
938.371497897	3.19489669786e+15	-2.97379620716e+13	6.74441819368e-07	0.999999325558
938.6745282	3.19386529615e+15	-2.97283618284e+13	6.33574409206e-07	0.999999366426
938.977558503	3.19283456016e+15	-2.97187677816e+13	5.96496632653e-07	0.999999403504
939.280588806	3.19180448923e+15	-2.97091799254e+13	5.63132718943e-07	0.999999436867
939.583619109	3.19077508274e+15	-2.96995982535e+13	5.32956754755e-07	0.999999467043
939.886649412	3.18974634002e+15	-2.96900227602e+13	5.05679926064e-07	0.99999949432
940.189679715	3.18871826046e+15	-2.96804534394e+13	4.8089153653e-07	0.999999519109
940.492710018	3.18769084339e+15	-2.96708902851e+13	4.59304436159e-07	0.999999540696
940.795740321	3.18666408819e+15	-2.96613332914e+13	4.38278077641e-07	0.999999561722
