912.0	3.28728070175e+15	-3.00008141412e+13	0.000720174884003	0.99928008438
911.794274557	3.28802240117e+15	-3.00075831361e+13	0.00056300287147	0.999437155585
911.588549114	3.28876443535e+15	-3.00143551863e+13	0.000445336365049	0.999554762782
911.38282367	3.28950680453e+15	-3.00211302938e+13	0.000365353491473	0.999634713242
911.177098227	3.29024950894e+15	-3.00279084606e+13	0.000314404353849	0.999685645066
910.971372784	3.2909925488e+15	-3.00346896889e+13	0.000282920109405	0.999717119909
910.765647341	3.29173592433e+15	-3.00414739807e+13	0.000263371116323	0.999736663563
910.559921898	3.29247963577e+15	-3.00482613381e+13	0.000250827666141	0.999749203788
910.354196455	3.29322368335e+15	-3.00550517631e+13	0.000242392530671	0.999757636844
910.148471011	3.29396806728e+15	-3.00618452579e+13	0.000236460552138	0.999763567402
909.942745568	3.29471278781e+15	-3.00686418246e+13	0.000232136852807	0.999767890089
909.737020125	3.29545784516e+15	-3.00754414651e+13	0.000228897483734	0.999771128711
909.531294682	3.29620323955e+15	-3.00822441817e+13	0.000226425102503	0.99977360053
909.325569239	3.29694897121e+15	-3.00890499763e+13	0.000224502918481	0.99977552228
909.119843796	3.29769504038e+15	-3.00958588511e+13	0.000222983318849	0.99977704154
908.914118352	3.29844144729e+15	-3.01026708082e+13	0.000221764292666	0.999778260295
908.708392909	3.29918819216e+15	-3.01094858496e+13	0.000220763890457	0.999779260476
908.502667466	3.29993527522e+15	-3.01163039775e+13	0.000219929508135	0.999780094675
908.296942023	3.3006826967e+15	-3.0123125194e+13	0.000219220227228	0.9997808038
908.09121658	3.30143045683e+15	-3.01299495011e+13	0.000218605814879	0.999781418078
907.885491137	3.30217855585e+15	-3.01367769009e+13	0.000218063886428	0.999781959888
907.679765693	3.30292699398e+15	-3.01436073957e+13	0.000217577840544	0.999782445828
907.47404025	3.30367577146e+15	-3.01504409873e+13	0.000217135344756	0.999782888227
907.268314807	3.3044248885e+15	-3.01572776781e+13	0.000216727221971	0.999783296262
907.062589364	3.30517434536e+15	-3.016411747e+13	0.000216346626359	0.999783676775
906.856863921	3.30592414225e+15	-3.01709603652e+13	0.000215988432334	0.999784034891
906.651138478	3.30667427941e+15	-3.01778063658e+13	0.000215648784546	0.999784374466
906.445413034	3.30742475707e+15	-3.0184655474e+13	0.000209943330352	0.999790078706
906.239687591	3.30817557546e+15	-3.01915076917e+13	0.000209513029939	0.999790508916
906.033962148	3.30892673481e+15	-3.01983630213e+13	0.000209405072739	0.999790616851
905.828236705	3.30967823536e+15	-3.02052214646e+13	0.000209297150427	0.999790724751
905.622511262	3.31043007734e+15	-3.0212083024e+13	0.000209189260775	0.999790832618
905.416785819	3.31118226098e+15	-3.02189477015e+13	0.000209081402866	0.999790940453
905.211060375	3.31193478652e+15	-3.02258154992e+13	0.000208973576272	0.999791048257
905.005334932	3.31268765418e+15	-3.02326864194e+13	0.000208865780832	0.99979115603
904.799609489	3.31344086421e+15	-3.0239560464e+13	0.000208758017027	0.999791263771
904.593884046	3.31419441683e+15	-3.02464376352e+13	0.000208650283562	0.999791371482
904.388158603	3.31494831227e+15	-3.02533179352e+13	0.000208542581408	0.999791479162
904.18243316	3.31570255078e+15	-3.02602013661e+13	0.000208434909619	0.999791586811
903.976707716	3.31645713259e+15	-3.026708793e+13	0.0002083272691	0.99979169443
903.770982273	3.31721205793e+15	-3.02739776292e+13	0.000208219659304	0.999791802017
903.56525683	3.31796732703e+15	-3.02808704656e+13	0.000208112081073	0.999791909573
903.359531387	3.31872294013e+15	-3.02877664415e+13	0.000208004534267	0.999792017097
903.153805944	3.31947889747e+15	-3.0294665559e+13	0.000207897018759	0.99979212459
902.948080501	3.32023519928e+15	-3.03015678203e+13	0.00020778953503	0.999792232052
902.742355057	3.3209918458e+15	-3.03084732274e+13	0.000207682082599	0.999792339482
902.536629614	3.32174883725e+15	-3.03153817827e+13	0.000207574661743	0.99979244688
902.330904171	3.32250617389e+15	-3.03222934881e+13	0.00020746727218	0.999792554248
902.125178728	3.32326385594e+15	-3.03292083459e+13	0.000207359913699	0.999792661584
901.919453285	3.32402188364e+15	-3.03361263582e+13	0.000207252586531	0.999792768889
901.713727842	3.32478025723e+15	-3.03430475272e+13	0.0002071452905	0.999792876163
901.508002398	3.32553897694e+15	-3.03499718551e+13	0.000207038025477	0.999792983405
901.302276955	3.32629804301e+15	-3.03568993439e+13	0.00020693079167	0.999793090617
901.096551512	3.32705745568e+15	-3.03638299959e+13	0.000206823588958	0.999793197798
900.890826069	3.32781721519e+15	-3.03707638133e+13	0.00020671641725	0.999793304947
900.685100626	3.32857732177e+15	-3.03777007981e+13	0.000206609276714	0.999793412066
900.479375183	3.32933777566e+15	-3.03846409527e+13	0.000206502167259	0.999793519153
900.273649739	3.3300985771e+15	-3.03915842791e+13	0.000206395088814	0.999793626209
900.067924296	3.33085972633e+15	-3.03985307795e+13	0.000206288041512	0.999793733234
899.862198853	3.33162122358e+15	-3.04054804561e+13	0.000206181025282	0.999793840229
899.65647341	3.3323830691e+15	-3.04124333111e+13	0.000206074040068	0.999793947192
899.450747967	3.33314526313e+15	-3.04193893466e+13	0.000205967085975	0.999794054124
899.245022524	3.33390780589e+15	-3.04263485649e+13	0.000205860162905	0.999794161025
899.03929708	3.33467069764e+15	-3.04333109682e+13	0.00020575327094	0.999794267895
898.833571637	3.33543393861e+15	-3.04402765585e+13	0.000205646410002	0.999794374734
898.627846194	3.33619752904e+15	-3.04472453381e+13	0.000205539580156	0.999794481542
898.422120751	3.33696146917e+15	-3.04542173093e+13	0.000205432781341	0.999794588319
898.216395308	3.33772575925e+15	-3.04611924741e+13	0.000205326013607	0.999794695064
898.010669865	3.33849039951e+15	-3.04681708348e+13	0.000205219276906	0.999794801779
897.804944421	3.33925539019e+15	-3.04751523936e+13	0.000205112571261	0.999794908463
897.599218978	3.34002073154e+15	-3.04821371527e+13	0.00020500589667	0.999795015116
897.393493535	3.34078642379e+15	-3.04891251143e+13	0.00020489925313	0.999795121737
897.187768092	3.34155246719e+15	-3.04961162805e+13	0.000204792640638	0.999795228328
896.982042649	3.34231886198e+15	-3.05031106537e+13	0.000204686059187	0.999795334888
896.776317206	3.3430856084e+15	-3.05101082359e+13	0.000204579508777	0.999795441416
896.570591762	3.34385270669e+15	-3.05171090294e+13	0.000204472989405	0.999795547914
896.364866319	3.34462015709e+15	-3.05241130365e+13	0.00020436650107	0.99979565438
896.159140876	3.34538795985e+15	-3.05311202592e+13	0.000204260043769	0.999795760816
895.953415433	3.34615611522e+15	-3.05381307e+13	0.000204153617501	0.99979586722
895.74768999	3.34692462342e+15	-3.05451443608e+13	0.000204047222263	0.999795973594
895.541964547	3.34769348471e+15	-3.05521612441e+13	0.000203940858055	0.999796079936
895.336239103	3.34846269933e+15	-3.0559181352e+13	0.000203834524873	0.999796186248
895.13051366	3.34923226753e+15	-3.05662046867e+13	0.000203728222716	0.999796292528
894.924788217	3.35000218954e+15	-3.05732312504e+13	0.000203621951582	0.999796398778
894.719062774	3.35077246561e+15	-3.05802610454e+13	0.00020351571147	0.999796504996
894.513337331	3.35154309599e+15	-3.05872940739e+13	0.000203409502376	0.999796611184
894.307611888	3.35231408091e+15	-3.05943303382e+13	0.0002033033243	0.99979671734
894.101886444	3.35308542064e+15	-3.06013698404e+13	0.000203197177239	0.999796823466
893.896161001	3.3538571154e+15	-3.06084125829e+13	0.000203091061191	0.99979692956
893.690435558	3.35462916544e+15	-3.06154585678e+13	0.000202984976155	0.999797035624
893.484710115	3.35540157102e+15	-3.06225077973e+13	0.000202878922129	0.999797141656
893.278984672	3.35617433237e+15	-3.06295602738e+13	0.00020277289911	0.999797247658
893.073259229	3.35694744974e+15	-3.06366159995e+13	0.000202666907096	0.999797353628
892.867533785	3.35772092338e+15	-3.06436749766e+13	0.000202560946087	0.999797459568
892.661808342	3.35849475354e+15	-3.06507372074e+13	0.000202455016079	0.999797565477
892.456082899	3.35926894045e+15	-3.0657802694e+13	0.000202349117071	0.999797671354
892.250357456	3.36004348437e+15	-3.06648714389e+13	0.000202243249061	0.999797777201
892.044632013	3.36081838555e+15	-3.06719434441e+13	0.000202137412048	0.999797883016
891.83890657	3.36159364423e+15	-3.06790187121e+13	0.000202031606028	0.999797988801
891.633181126	3.36236926066e+15	-3.06860972449e+13	0.000201925831	0.999798094555
892.633181126	3.35860246223e+15	-3.06517201926e+13	0.000202440278108	0.999797580212
892.936211429	3.35746267385e+15	-3.06413181057e+13	0.000202596315768	0.999797424205
893.239241732	3.35632365881e+15	-3.06309230765e+13	0.000202752420694	0.999797268132
893.542272035	3.35518541632e+15	-3.06205350979e+13	0.000202908592891	0.999797111992
893.845302338	3.35404794561e+15	-3.06101541627e+13	0.000203064832366	0.999796955784
894.148332641	3.35291124588e+15	-3.05997802638e+13	0.000203221139125	0.999796799509
894.451362945	3.35177531636e+15	-3.05894133941e+13	0.000203377513175	0.999796643167
894.754393248	3.35064015625e+15	-3.05790535463e+13	0.00020353395452	0.999796486757
895.057423551	3.34950576479e+15	-3.05687007134e+13	0.000203690463168	0.99979633028
895.360453854	3.34837214118e+15	-3.05583548882e+13	0.000203847039125	0.999796173736
895.663484157	3.34723928465e+15	-3.05480160637e+13	0.000204003682396	0.999796017125
895.96651446	3.34610719443e+15	-3.05376842326e+13	0.000204160392989	0.999795860446
896.269544763	3.34497586972e+15	-3.0527359388e+13	0.000204317170908	0.9997957037
896.572575066	3.34384530977e+15	-3.05170415227e+13	0.000204474016161	0.999795546887
896.875605369	3.34271551378e+15	-3.05067306296e+13	0.000204630928752	0.999795390007
897.178635672	3.341586481e+15	-3.04964267018e+13	0.00020478790869	0.999795233059
897.481665975	3.34045821064e+15	-3.04861297321e+13	0.000204944955979	0.999795076044
897.784696278	3.33933070193e+15	-3.04758397135e+13	0.000205102070636	0.999794918961
898.087726581	3.3382039541e+15	-3.0465556639e+13	0.000205259252661	0.999794761812
898.390756884	3.33707796638e+15	-3.04552805015e+13	0.000205416502063	0.999794604594
898.693787187	3.33595273801e+15	-3.0445011294e+13	0.00020557381885	0.99979444731
898.99681749	3.33482826821e+15	-3.04347490095e+13	0.000205731203028	0.999794289958
899.299847793	3.33370455623e+15	-3.0424493641e+13	0.000205888654564	0.999794132539
899.602878096	3.33258160128e+15	-3.04142451816e+13	0.00020604617354	0.999793975053
899.905908399	3.33145940261e+15	-3.04040036242e+13	0.000206203759932	0.999793817499
900.208938702	3.33033795945e+15	-3.03937689618e+13	0.000206361413684	0.999793659877
900.511969005	3.32921727105e+15	-3.03835411876e+13	0.000206519134923	0.999793502189
900.814999308	3.32809733664e+15	-3.03733202945e+13	0.000206676923526	0.999793344433
901.118029611	3.32697815545e+15	-3.03631062757e+13	0.000206834779656	0.999793186609
901.421059914	3.32585972674e+15	-3.03528991241e+13	0.000206992703158	0.999793028718
901.724090217	3.32474204973e+15	-3.03426988329e+13	0.000207150694249	0.99979287076
902.02712052	3.32362512368e+15	-3.03325053951e+13	0.00020730875275	0.999792712734
902.330150823	3.32250894782e+15	-3.03223188039e+13	0.000207466878987	0.999792554641
902.633181126	3.32139352141e+15	-3.03121390523e+13	0.00020762507283	0.99979239648
902.936211429	3.32027884368e+15	-3.03019661335e+13	0.000207783334853	0.999792238251
903.239241732	3.31916491388e+15	-3.02918000406e+13	0.00020794166498	0.999792079953
903.542272035	3.31805173127e+15	-3.02816407667e+13	0.000208100063781	0.999791921588
903.845302338	3.31693929508e+15	-3.02714883049e+13	0.000208258530548	0.999791763154
904.148332641	3.31582760457e+15	-3.02613426485e+13	0.000208417065267	0.999791604652
904.451362945	3.31471665899e+15	-3.02512037905e+13	0.000208575667109	0.999791446083
904.754393248	3.31360645759e+15	-3.02410717241e+13	0.000208734335841	0.999791287448
905.057423551	3.31249699963e+15	-3.02309464426e+13	0.000208893070978	0.999791128746
905.360453854	3.31138828434e+15	-3.02208279391e+13	0.000209051874766	0.999790969975
905.663484157	3.31028031101e+15	-3.02107162067e+13	0.000209210745757	0.999790811137
905.96651446	3.30917307886e+15	-3.02006112388e+13	0.000209369686435	0.99979065223
906.269544763	3.30806658717e+15	-3.01905130285e+13	0.00020952870127	0.999790493248
906.572575066	3.30696083519e+15	-3.0180421569e+13	0.000213723300201	0.999786299537
906.875605369	3.30585582218e+15	-3.01703368536e+13	0.00021602024535	0.999784003085
907.178635672	3.30475154739e+15	-3.01602588755e+13	0.00021655826507	0.999783465182
907.481665975	3.3036480101e+15	-3.0150187628e+13	0.000217151084801	0.999782872491
907.784696278	3.30254520956e+15	-3.01401231043e+13	0.000217819618192	0.999782204103
908.087726581	3.30144314502e+15	-3.01300652977e+13	0.000218596070815	0.99978142782
908.390756884	3.30034181577e+15	-3.01200142015e+13	0.000219530296473	0.999780493799
908.693787187	3.29924122105e+15	-3.01099698089e+13	0.000220699732298	0.99977932462
908.99681749	3.29814136014e+15	-3.00999321133e+13	0.000222222177239	0.999777802512
909.299847793	3.2970422323e+15	-3.00899011079e+13	0.000224293398075	0.999775731754
909.602878096	3.2959438368e+15	-3.00798767862e+13	0.000227213780521	0.999772812031
909.905908399	3.29484617291e+15	-3.00698591413e+13	0.000231485597576	0.999768541193
910.208938702	3.2937492399e+15	-3.00598481666e+13	0.000238006468218	0.999762021853
910.511969005	3.29265303703e+15	-3.00498438555e+13	0.000248568994742	0.999751461896
910.814999308	3.29155756359e+15	-3.00398462014e+13	0.00026727611383	0.999732759601
911.118029611	3.29046281883e+15	-3.00298551975e+13	0.000303753043141	0.999696293085
911.421059914	3.28936880204e+15	-3.00198708372e+13	0.000377725312663	0.999622346017
911.724090217	3.28827551248e+15	-3.00098931139e+13	0.000518287092633	0.999481847195
912.02712052	3.28718294944e+15	-2.99999220211e+13	0.000743399054211	0.999256877198
912.330150823	3.28609111219e+15	-2.99899575521e+13	0.00101732536519	0.998983191935
912.633181126	3.285e+15	-2.99799997002e+13	0.00122798982605	0.998772763845
912.936211429	3.28390961216e+15	-2.9970048459e+13	0.00124443691683	0.998756337074
913.239241732	3.28281994794e+15	-2.99601038217e+13	0.0010299188489	0.998970611335
913.542272035	3.28173100662e+15	-2.9950165782e+13	0.00068559618048	0.999314638787
913.845302338	3.28064278749e+15	-2.99402343331e+13	0.000363905165161	0.99963616104
914.148332641	3.27955528983e+15	-2.99303094685e+13	0.000153210245756	0.99984680149
914.451362945	3.27846851291e+15	-2.99203911818e+13	5.0991667588e-05	0.999949009632
914.754393248	3.27738245602e+15	-2.99104794663e+13	1.33863370686e-05	0.999986613753
915.057423551	3.27629711846e+15	-2.99005743155e+13	2.76809186699e-06	0.999997231912
915.360453854	3.27521249949e+15	-2.98906757229e+13	4.50674253048e-07	0.999999549326
915.663484157	3.27412859841e+15	-2.98807836821e+13	5.7761522887e-08	0.999999942238
915.96651446	3.27304541451e+15	-2.98708981864e+13	6.00947844379e-09	0.999999993991
916.269544763	3.27196294708e+15	-2.98610192294e+13	6.54996495513e-10	0.999999999345
916.572575066	3.2708811954e+15	-2.98511468046e+13	1.99941515218e-10	0.9999999998
916.875605369	3.26980015876e+15	-2.98412809056e+13	1.48542230433e-10	0.999999999851
917.178635672	3.26871983646e+15	-2.98314215258e+13	1.29053561818e-10	0.999999999871
917.481665975	3.26764022779e+15	-2.98215686589e+13	1.1444936069e-10	0.999999999886
917.784696278	3.26656133204e+15	-2.98117222982e+13	1.02525775506e-10	0.999999999897
918.087726581	3.26548314851e+15	-2.98018824376e+13	9.26040332857e-11	0.999999999907
918.390756884	3.26440567648e+15	-2.97920490703e+13	8.42400638752e-11	0.999999999916
918.693787187	3.26332891526e+15	-2.97822221902e+13	7.71827387991e-11	0.999999999923
918.99681749	3.26225286415e+15	-2.97724017907e+13	7.10452930321e-11	0.999999999929
919.299847793	3.26117752243e+15	-2.97625878654e+13	6.57150182651e-11	0.999999999934
919.602878096	3.26010288942e+15	-2.97527804079e+13	6.10496591021e-11	0.999999999939
919.905908399	3.25902896441e+15	-2.97429794119e+13	5.69381764773e-11	0.999999999943
920.208938702	3.25795574669e+15	-2.97331848709e+13	5.32738733656e-11	0.999999999947
920.511969005	3.25688323558e+15	-2.97233967786e+13	5.0070391561e-11	0.99999999995
920.814999308	3.25581143037e+15	-2.97136151286e+13	4.71549659809e-11	0.999999999953
921.118029611	3.25474033036e+15	-2.97038399146e+13	4.4529467585e-11	0.999999999955
921.421059914	3.25366993487e+15	-2.96940711302e+13	4.21561081946e-11	0.999999999958
921.724090217	3.2526002432e+15	-2.9684308769e+13	4.00027763773e-11	0.99999999996
922.02712052	3.25153125464e+15	-2.96745528248e+13	3.80296538615e-11	0.999999999962
922.330150823	3.25046296852e+15	-2.96648032911e+13	3.62014922884e-11	0.999999999964
922.633181126	3.24939538413e+15	-2.96550601618e+13	3.45794819522e-11	0.999999999965
