912.0	3.28728070175e+15	-3.00145194013e+13	0.000809779737635	0.999190548045
911.798485848	3.2880072149e+15	-3.00211528303e+13	0.000668893057589	0.999331330602
911.596971697	3.28873404924e+15	-3.00277891919e+13	0.000578728106637	0.999421439324
911.395457545	3.28946120499e+15	-3.00344284883e+13	0.000522516062675	0.999477620425
911.193943393	3.29018868237e+15	-3.00410707212e+13	0.000487217908844	0.999512900763
910.992429241	3.2909164816e+15	-3.00477158928e+13	0.000464294996961	0.999535812771
910.79091509	3.29164460287e+15	-3.00543640048e+13	0.00044871045558	0.9995513902
910.589400938	3.29237304642e+15	-3.00610150593e+13	0.000437636164336	0.999562459584
910.387886786	3.29310181244e+15	-3.00676690582e+13	0.000429481828271	0.999570610386
910.186372635	3.29383090116e+15	-3.00743260035e+13	0.000423313923725	0.999576775661
909.984858483	3.29456031279e+15	-3.00809858971e+13	0.000418548744476	0.999581538835
909.783344331	3.29529004755e+15	-3.0087648741e+13	0.000414799060459	0.999585286957
909.581830179	3.29602010564e+15	-3.00943145372e+13	0.000411796177393	0.999588288599
909.380316028	3.29675048729e+15	-3.01009832876e+13	0.000409348168386	0.999590735603
909.178801876	3.29748119271e+15	-3.01076549941e+13	0.000407315454758	0.999592767487
908.977287724	3.29821222212e+15	-3.01143296588e+13	0.000405595414244	0.999594486828
908.775773572	3.29894357572e+15	-3.01210072836e+13	0.000404112121387	0.999595969521
908.574259421	3.29967525374e+15	-3.01276878705e+13	0.000402809165273	0.999597271951
908.372745269	3.3004072564e+15	-3.01343714215e+13	0.000401644548042	0.9995984361
908.171231117	3.3011395839e+15	-3.01410579385e+13	0.000400586940766	0.999599493283
907.969716966	3.30187223647e+15	-3.01477474234e+13	0.000399612945026	0.99960046689
907.768202814	3.30260521431e+15	-3.01544398784e+13	0.000398705053556	0.999601374419
907.566688662	3.30333851766e+15	-3.01611353053e+13	0.000397850137734	0.999602228994
907.36517451	3.30407214672e+15	-3.01678337062e+13	0.000397038324467	0.999603040485
907.163660359	3.30480610171e+15	-3.01745350829e+13	0.000396262153879	0.999603816348
906.962146207	3.30554038285e+15	-3.01812394376e+13	0.000390655355892	0.99960942094
906.760632055	3.30627499035e+15	-3.01879467721e+13	0.000384530327949	0.999615543594
906.559117904	3.30700992444e+15	-3.01946570886e+13	0.000384188617093	0.999615885174
906.357603752	3.30774518533e+15	-3.02013703889e+13	0.000383847134065	0.999616226526
906.1560896	3.30848077324e+15	-3.0208086675e+13	0.00038350587874	0.99961656765
905.954575448	3.30921668839e+15	-3.0214805949e+13	0.000383164851012	0.999616908547
905.753061297	3.309952931e+15	-3.02215282129e+13	0.000382824050774	0.999617249217
905.551547145	3.31068950128e+15	-3.02282534685e+13	0.000382483477931	0.99961758966
905.350032993	3.31142639945e+15	-3.02349817181e+13	0.000382143132375	0.999617929875
905.148518842	3.31216362574e+15	-3.02417129634e+13	0.000381803008138	0.999618269869
904.94700469	3.31290118036e+15	-3.02484472066e+13	0.000381463116863	0.999618609631
904.745490538	3.31363906353e+15	-3.02551844496e+13	0.000381123452571	0.999618949166
904.543976386	3.31437727547e+15	-3.02619246945e+13	0.000380784015164	0.999619288474
904.342462235	3.3151158164e+15	-3.02686679432e+13	0.00038044480454	0.999619627555
904.140948083	3.31585468655e+15	-3.02754141977e+13	0.000380105820597	0.99961996641
903.939433931	3.31659388612e+15	-3.02821634602e+13	0.000379767063238	0.999620305039
903.737919779	3.31733341535e+15	-3.02889157325e+13	0.000379428532359	0.999620643442
903.536405628	3.31807327444e+15	-3.02956710167e+13	0.000379090227863	0.999620981618
903.334891476	3.31881346363e+15	-3.03024293149e+13	0.000378752149647	0.999621319568
903.133377324	3.31955398314e+15	-3.03091906289e+13	0.000378414297609	0.999621657292
902.931863173	3.32029483317e+15	-3.03159549609e+13	0.00037807667165	0.99962199479
902.730349021	3.32103601397e+15	-3.03227223129e+13	0.000377739271667	0.999622332063
902.528834869	3.32177752574e+15	-3.03294926868e+13	0.000377402097559	0.99962266911
902.327320717	3.32251936871e+15	-3.03362660848e+13	0.000377065149227	0.999623005931
902.125806566	3.3232615431e+15	-3.03430425089e+13	0.000376728426568	0.999623342527
901.924292414	3.32400404914e+15	-3.03498219609e+13	0.000376391929482	0.999623678897
901.722778262	3.32474688704e+15	-3.03566044431e+13	0.000376055657867	0.999624015042
901.521264111	3.32549005703e+15	-3.03633899575e+13	0.000375719611625	0.999624350962
901.319749959	3.32623355933e+15	-3.0370178506e+13	0.000375383790652	0.999624686657
901.118235807	3.32697739416e+15	-3.03769700907e+13	0.000375048194849	0.999625022127
900.916721655	3.32772156176e+15	-3.03837647136e+13	0.000374712824116	0.999625357372
900.715207504	3.32846606233e+15	-3.03905623768e+13	0.000374377678351	0.999625692392
900.513693352	3.32921089611e+15	-3.03973630823e+13	0.000374042757454	0.999626027188
900.3121792	3.32995606331e+15	-3.04041668322e+13	0.000373708061324	0.999626361759
900.110665049	3.33070156417e+15	-3.04109736285e+13	0.00037337358986	0.999626696105
899.909150897	3.3314473989e+15	-3.04177834733e+13	0.000373039342963	0.999627030228
899.707636745	3.33219356773e+15	-3.04245963686e+13	0.000372705320532	0.999627364125
899.506122593	3.33294007089e+15	-3.04314123164e+13	0.000372371522465	0.999627697799
899.304608442	3.33368690859e+15	-3.04382313188e+13	0.000372037948663	0.999628031249
899.10309429	3.33443408107e+15	-3.04450533779e+13	0.000371704599025	0.999628364475
898.901580138	3.33518158856e+15	-3.04518784957e+13	0.00037137147345	0.999628697476
898.700065986	3.33592943126e+15	-3.04587066742e+13	0.000371038571839	0.999629030254
898.498551835	3.33667760942e+15	-3.04655379156e+13	0.00037070589409	0.999629362809
898.297037683	3.33742612325e+15	-3.04723722219e+13	0.000370373440104	0.99962969514
898.095523531	3.33817497298e+15	-3.04792095951e+13	0.00037004120978	0.999630027247
897.89400938	3.33892415885e+15	-3.04860500374e+13	0.000369709203018	0.999630359131
897.692495228	3.33967368106e+15	-3.04928935507e+13	0.000369377419717	0.999630690792
897.490981076	3.34042353986e+15	-3.04997401372e+13	0.000369045859777	0.999631022229
897.289466924	3.34117373547e+15	-3.0506589799e+13	0.000368714523097	0.999631353444
897.087952773	3.34192426811e+15	-3.0513442538e+13	0.000368383409579	0.999631684435
896.886438621	3.34267513801e+15	-3.05202983564e+13	0.000368052519121	0.999632015204
896.684924469	3.34342634541e+15	-3.05271572563e+13	0.000367721851623	0.99963234575
896.483410318	3.34417789052e+15	-3.05340192396e+13	0.000367391406984	0.999632676073
896.281896166	3.34492977357e+15	-3.05408843086e+13	0.000367061185106	0.999633006174
896.080382014	3.3456819948e+15	-3.05477524653e+13	0.000366731185887	0.999633336052
895.878867862	3.34643455443e+15	-3.05546237117e+13	0.000366401409228	0.999633665708
895.677353711	3.34718745269e+15	-3.056149805e+13	0.000366071855029	0.999633995141
895.475839559	3.34794068981e+15	-3.05683754823e+13	0.000365742523189	0.999634324352
895.274325407	3.34869426601e+15	-3.05752560106e+13	0.000365413413608	0.999634653342
895.072811256	3.34944818153e+15	-3.0582139637e+13	0.000365084526186	0.999634982109
894.871297104	3.3502024366e+15	-3.05890263636e+13	0.000364755860824	0.999635310655
894.669782952	3.35095703144e+15	-3.05959161925e+13	0.000364427417386	0.999635638978
894.4682688	3.35171196628e+15	-3.06028091259e+13	0.000364099195842	0.99963596708
894.266754649	3.35246724136e+15	-3.06097051657e+13	0.000363771196058	0.999636294961
894.065240497	3.35322285691e+15	-3.06166043142e+13	0.000363443417934	0.99963662262
893.863726345	3.35397881314e+15	-3.06235065734e+13	0.000363115861369	0.999636950057
893.662212194	3.35473511031e+15	-3.06304119454e+13	0.000362788526265	0.999637277274
893.460698042	3.35549174863e+15	-3.06373204323e+13	0.00036246141252	0.999637604269
893.25918389	3.35624872833e+15	-3.06442320362e+13	0.000362134520035	0.999637931043
893.057669738	3.35700604965e+15	-3.06511467593e+13	0.000361807848711	0.999638257596
892.856155587	3.35776371282e+15	-3.06580646036e+13	0.000361481398447	0.999638583928
892.654641435	3.35852171808e+15	-3.06649855713e+13	0.000361155169144	0.99963891004
892.453127283	3.35928006564e+15	-3.06719096645e+13	0.000360829160703	0.99963923593
892.251613131	3.36003875575e+15	-3.06788368853e+13	0.000360503373022	0.999639561601
892.05009898	3.36079778863e+15	-3.06857672358e+13	0.000360177806004	0.99963988705
893.05009898	3.35703450839e+15	-3.06514066019e+13	0.000361795580186	0.99963826986
893.353129283	3.35589578379e+15	-3.06410094758e+13	0.000362286888968	0.999637778729
893.656159586	3.35475783146e+15	-3.06306194008e+13	0.000362778697968	0.999637287098
893.959189889	3.35362065059e+15	-3.06202363699e+13	0.000363271007526	0.999636794967
894.262220192	3.35248424042e+15	-3.06098603757e+13	0.000363763817981	0.999636302336
894.565250495	3.35134860016e+15	-3.05994914111e+13	0.000364257129674	0.999635809204
894.868280798	3.35021372903e+15	-3.05891294691e+13	0.000364750942979	0.999635315571
895.171311101	3.34907962624e+15	-3.05787745425e+13	0.000365245258164	0.999634821436
895.474341404	3.34794629101e+15	-3.05684266241e+13	0.000365740075607	0.999634326799
895.777371707	3.34681372257e+15	-3.05580857068e+13	0.000366235395646	0.99963383166
896.08040201	3.34568192014e+15	-3.05477517836e+13	0.000366731218622	0.999633336019
896.383432313	3.34455088295e+15	-3.05374248474e+13	0.000367227544875	0.999632839875
896.686462616	3.3434206102e+15	-3.0527104891e+13	0.000367724374746	0.999632343228
896.989492919	3.34229110114e+15	-3.05167919074e+13	0.000368221708575	0.999631846077
897.292523222	3.34116235499e+15	-3.05064858895e+13	0.000368719546703	0.999631348422
897.595553525	3.34003437097e+15	-3.04961868303e+13	0.000369217889471	0.999630850263
897.898583828	3.33890714831e+15	-3.04858947227e+13	0.000369716737219	0.9996303516
898.201614131	3.33778068624e+15	-3.04756095597e+13	0.00037021609029	0.999629852431
898.504644434	3.336654984e+15	-3.04653313342e+13	0.000370715949023	0.999629352758
898.807674737	3.33553004081e+15	-3.04550600393e+13	0.00037121631376	0.999628852578
899.11070504	3.33440585591e+15	-3.0444795668e+13	0.000371717184842	0.999628351893
899.413735343	3.33328242853e+15	-3.04345382132e+13	0.000372218562612	0.999627850702
899.716765646	3.33215975791e+15	-3.04242876679e+13	0.000372720447409	0.999627349004
900.019795949	3.33103784327e+15	-3.04140440252e+13	0.000373222839578	0.999626846799
900.322826252	3.32991668386e+15	-3.04038072781e+13	0.000373725739458	0.999626344087
900.625856556	3.32879627892e+15	-3.03935774197e+13	0.000374229147392	0.999625840868
900.928886859	3.32767662768e+15	-3.03833544429e+13	0.000374733063722	0.99962533714
901.231917162	3.32655772938e+15	-3.03731383409e+13	0.000375237488791	0.999624832904
901.534947465	3.32543958327e+15	-3.03629291068e+13	0.00037574242294	0.999624328159
901.837977768	3.32432218858e+15	-3.03527267335e+13	0.000376247866512	0.999623822906
902.141008071	3.32320554457e+15	-3.03425312142e+13	0.00037675381985	0.999623317143
902.444038374	3.32208965046e+15	-3.03323425419e+13	0.000377260283296	0.99962281087
902.747068677	3.32097450551e+15	-3.03221607099e+13	0.000377767257194	0.999622304088
903.05009898	3.31986010897e+15	-3.03119857111e+13	0.000378274741886	0.999621796795
903.353129283	3.31874646007e+15	-3.03018175388e+13	0.000378782737717	0.999621288991
903.656159586	3.31763355807e+15	-3.0291656186e+13	0.00037929124503	0.999620780677
903.959189889	3.31652140222e+15	-3.02815016459e+13	0.000379800264171	0.999620271851
904.262220192	3.31540999177e+15	-3.02713539116e+13	0.000380309795479	0.999619762513
904.565250495	3.31429932596e+15	-3.02612129763e+13	0.000380819839299	0.999619252663
904.868280798	3.31318940405e+15	-3.02510788333e+13	0.000381330395971	0.999618742301
905.171311101	3.31208022529e+15	-3.02409514755e+13	0.000381841465838	0.999618231426
905.474341404	3.31097178894e+15	-3.02308308963e+13	0.000382353055119	0.999617720032
905.777371707	3.30986409425e+15	-3.02207170889e+13	0.000382865152419	0.999617208131
906.08040201	3.30875714048e+15	-3.02106100464e+13	0.000383377763947	0.999616695716
906.383432313	3.30765092688e+15	-3.0200509762e+13	0.000383890890055	0.999616182787
906.686462616	3.30654545271e+15	-3.0190416229e+13	0.000384404531104	0.999615669343
906.989492919	3.30544071724e+15	-3.01803294406e+13	0.000394138448894	0.999605939213
907.292523222	3.30433671971e+15	-3.01702493901e+13	0.00039675471462	0.999603323982
907.595553525	3.30323345939e+15	-3.01601760707e+13	0.000397969749566	0.99960210943
907.898583828	3.30213093555e+15	-3.01501094757e+13	0.000399285673396	0.999600794031
908.201614131	3.30102914744e+15	-3.01400495983e+13	0.000400740547888	0.999599339738
908.504644434	3.29992809433e+15	-3.01299964318e+13	0.000402392978461	0.999597687971
908.807674737	3.29882777549e+15	-3.01199499695e+13	0.000404333664295	0.999595748068
909.11070504	3.29772819017e+15	-3.01099102047e+13	0.000406703491305	0.999593379201
909.413735343	3.29662933766e+15	-3.00998771307e+13	0.000409722193664	0.999590361731
909.716765646	3.2955312172e+15	-3.00898507408e+13	0.0004137350215	0.999586350555
910.019795949	3.29443382808e+15	-3.00798310283e+13	0.000419293116009	0.999580794775
910.322826252	3.29333716956e+15	-3.00698179866e+13	0.000427306653208	0.999572784629
910.625856556	3.29224124092e+15	-3.00598116091e+13	0.000439388030678	0.999560708486
910.928886859	3.29114604142e+15	-3.0049811889e+13	0.000458755843415	0.999541349369
911.231917162	3.29005157034e+15	-3.00398188197e+13	0.000492720830318	0.999507400537
911.534947465	3.28895782695e+15	-3.00298323945e+13	0.000558506962268	0.999441648974
911.837977768	3.28786481052e+15	-3.0019852607e+13	0.000691951096221	0.999308288247
912.141008071	3.28677252034e+15	-3.00098794504e+13	0.000947309313458	0.999053139242
912.444038374	3.28568095567e+15	-2.99999129181e+13	0.00136112881215	0.998639797104
912.747068677	3.2845901158e+15	-2.99899530036e+13	0.00187285682259	0.998128895879
913.05009898	3.2835e+15	-2.99799997002e+13	0.00227730695626	0.99772528414
913.353129283	3.28241060755e+15	-2.99700530014e+13	0.0023255692851	0.997677132756
913.656159586	3.28132193774e+15	-2.99601129006e+13	0.0019384419389	0.998063435626
913.959189889	3.28023398984e+15	-2.99501793912e+13	0.00129831240101	0.998702530042
914.262220192	3.27914676314e+15	-2.99402524667e+13	0.000692515308893	0.999307724424
914.565250495	3.27806025691e+15	-2.99303321205e+13	0.000292600600215	0.999707442203
914.868280798	3.27697447045e+15	-2.99204183462e+13	9.75978902656e-05	0.999902406872
915.171311101	3.27588940304e+15	-2.99105111371e+13	2.56418143014e-05	0.999974358514
915.474341404	3.27480505396e+15	-2.99006104868e+13	5.29809194142e-06	0.999994701922
915.777371707	3.2737214225e+15	-2.98907163887e+13	8.59868606429e-07	0.999999140132
916.08040201	3.27263850795e+15	-2.98808288363e+13	1.09525111259e-07	0.999999890475
916.383432313	3.2715563096e+15	-2.98709478232e+13	1.09427926187e-08	0.999999989057
916.686462616	3.27047482674e+15	-2.98610733429e+13	8.57750774005e-10	0.999999999142
916.989492919	3.26939405866e+15	-2.98512053888e+13	5.66757656793e-11	0.999999999943
917.292523222	3.26831400464e+15	-2.98413439545e+13	3.25458428569e-12	0.999999999997
917.595553525	3.26723466399e+15	-2.98314890337e+13	5.7608265576e-13	0.999999999999
917.898583828	3.26615603599e+15	-2.98216406197e+13	4.2222624453e-13	1.0
918.201614131	3.26507811995e+15	-2.98117987061e+13	3.74959957091e-13	1.0
918.504644434	3.26400091515e+15	-2.98019632866e+13	3.38025249748e-13	1.0
918.807674737	3.26292442089e+15	-2.97921343548e+13	3.07111537364e-13	1.0
919.11070504	3.26184863647e+15	-2.97823119041e+13	2.80936065756e-13	1.0
919.413735343	3.26077356119e+15	-2.97724959281e+13	2.58256487715e-13	1.0
919.716765646	3.25969919434e+15	-2.97626864206e+13	2.38599920791e-13	1.0
920.019795949	3.25862553523e+15	-2.9752883375e+13	2.21365252432e-13	1.0
920.322826252	3.25755258316e+15	-2.97430867851e+13	2.06175507395e-13	1.0
920.625856556	3.25648033743e+15	-2.97332966443e+13	1.92622117048e-13	1.0
920.928886859	3.25540879734e+15	-2.97235129465e+13	1.80785926787e-13	1.0
921.231917162	3.25433796219e+15	-2.97137356851e+13	1.70037160593e-13	1.0
921.534947465	3.25326783129e+15	-2.97039648539e+13	1.60374471632e-13	1.0
921.837977768	3.25219840395e+15	-2.96942004465e+13	1.51955941466e-13	1.0
922.141008071	3.25112967948e+15	-2.96844424566e+13	1.43656860966e-13	1.0
922.444038374	3.25006165717e+15	-2.96746908779e+13	1.36326358904e-13	1.0
922.747068677	3.24899433633e+15	-2.96649457039e+13	1.29563247347e-13	1.0
923.05009898	3.24792771629e+15	-2.96552069286e+13	1.23494337306e-13	1.0
