912.0	3.28728070175e+15	-3.00008141412e+13	0.000733613429078	0.999266655599
911.794274557	3.28802240117e+15	-3.00075831361e+13	0.000572638346141	0.99942752558
911.588549114	3.28876443535e+15	-3.00143551863e+13	0.00045320935485	0.999546893329
911.38282367	3.28950680453e+15	-3.00211302938e+13	0.000372604940463	0.999627464468
911.177098227	3.29024950894e+15	-3.00279084606e+13	0.000321491470512	0.999678560202
910.971372784	3.2909925488e+15	-3.00346896889e+13	0.000289946352554	0.999710095678
910.765647341	3.29173592433e+15	-3.00414739807e+13	0.000270314520749	0.999729722011
910.559921898	3.29247963577e+15	-3.00482613381e+13	0.000257649137446	0.999742384051
910.354196455	3.29322368335e+15	-3.00550517631e+13	0.000249076272618	0.999750954744
910.148471011	3.29396806728e+15	-3.00618452579e+13	0.00024300369345	0.99975702583
909.942745568	3.29471278781e+15	-3.00686418246e+13	0.000238544515766	0.999761483934
909.737020125	3.29545784516e+15	-3.00754414651e+13	0.000235180227067	0.999764847426
909.531294682	3.29620323955e+15	-3.00822441817e+13	0.000232586948803	0.999767440097
909.325569239	3.29694897121e+15	-3.00890499763e+13	0.000230549832182	0.999769476742
909.119843796	3.29769504038e+15	-3.00958588511e+13	0.000228920031063	0.999771106169
908.914118352	3.29844144729e+15	-3.01026708082e+13	0.000227591491102	0.999772434406
908.708392909	3.29918819216e+15	-3.01094858496e+13	0.000226487380384	0.999773538266
908.502667466	3.29993527522e+15	-3.01163039775e+13	0.000225551475633	0.999774473959
908.296942023	3.3006826967e+15	-3.0123125194e+13	0.00022474238558	0.999775282867
908.09121658	3.30143045683e+15	-3.01299495011e+13	0.000224029534372	0.999775995558
907.885491137	3.30217855585e+15	-3.01367769009e+13	0.000223390284606	0.999776634665
907.679765693	3.30292699398e+15	-3.01436073957e+13	0.000222807846956	0.999777216973
907.47404025	3.30367577146e+15	-3.01504409873e+13	0.000222269753884	0.999777754946
907.268314807	3.3044248885e+15	-3.01572776781e+13	0.000221766726353	0.999778257862
907.062589364	3.30517434536e+15	-3.016411747e+13	0.000221291841404	0.999778732642
906.856863921	3.30592414225e+15	-3.01709603652e+13	0.000220839915286	0.999779184468
906.651138478	3.30667427941e+15	-3.01778063658e+13	0.000220407046376	0.999779617241
906.445413034	3.30742475707e+15	-3.0184655474e+13	0.000214174397547	0.999785848536
906.239687591	3.30817557546e+15	-3.01915076917e+13	0.000213979234378	0.999786043658
906.033962148	3.30892673481e+15	-3.01983630213e+13	0.000213784998845	0.999786237852
905.828236705	3.30967823536e+15	-3.02052214646e+13	0.000213590895581	0.999786431913
905.622511262	3.31043007734e+15	-3.0212083024e+13	0.000213396924524	0.999786625843
905.416785819	3.31118226098e+15	-3.02189477015e+13	0.000213203085612	0.999786819641
905.211060375	3.31193478652e+15	-3.02258154992e+13	0.000213009378786	0.999787013306
905.005334932	3.31268765418e+15	-3.02326864194e+13	0.000212815803985	0.99978720684
904.799609489	3.31344086421e+15	-3.0239560464e+13	0.000212622361149	0.999787400241
904.593884046	3.31419441683e+15	-3.02464376352e+13	0.000212429050218	0.999787593511
904.388158603	3.31494831227e+15	-3.02533179352e+13	0.000212235871132	0.999787786649
904.18243316	3.31570255078e+15	-3.02602013661e+13	0.00021204282383	0.999787979656
903.976707716	3.31645713259e+15	-3.026708793e+13	0.000211849908254	0.99978817253
903.770982273	3.31721205793e+15	-3.02739776292e+13	0.000211657124342	0.999788365273
903.56525683	3.31796732703e+15	-3.02808704656e+13	0.000211464472036	0.999788557885
903.359531387	3.31872294013e+15	-3.02877664415e+13	0.000211271951276	0.999788750365
903.153805944	3.31947889747e+15	-3.0294665559e+13	0.000211079562002	0.999788942714
902.948080501	3.32023519928e+15	-3.03015678203e+13	0.000210887304154	0.999789134931
902.742355057	3.3209918458e+15	-3.03084732274e+13	0.000210695177672	0.999789327017
902.536629614	3.32174883725e+15	-3.03153817827e+13	0.000210503182496	0.999789518972
902.330904171	3.32250617389e+15	-3.03222934881e+13	0.000210311318567	0.999789710795
902.125178728	3.32326385594e+15	-3.03292083459e+13	0.000210119585823	0.999789902488
901.919453285	3.32402188364e+15	-3.03361263582e+13	0.000209927984207	0.999790094049
901.713727842	3.32478025723e+15	-3.03430475272e+13	0.000209736513657	0.99979028548
901.508002398	3.32553897694e+15	-3.03499718551e+13	0.000209545174114	0.999790476779
901.302276955	3.32629804301e+15	-3.03568993439e+13	0.000209353965518	0.999790667947
901.096551512	3.32705745568e+15	-3.03638299959e+13	0.000209162887809	0.999790858985
900.890826069	3.32781721519e+15	-3.03707638133e+13	0.000208971940928	0.999791049892
900.685100626	3.32857732177e+15	-3.03777007981e+13	0.000208781124815	0.999791240668
900.479375183	3.32933777566e+15	-3.03846409527e+13	0.00020859043941	0.999791431314
900.273649739	3.3300985771e+15	-3.03915842791e+13	0.000208399884653	0.999791621829
900.067924296	3.33085972633e+15	-3.03985307795e+13	0.000208209460485	0.999791812214
899.862198853	3.33162122358e+15	-3.04054804561e+13	0.000208019166846	0.999792002468
899.65647341	3.3323830691e+15	-3.04124333111e+13	0.000207829003677	0.999792192591
899.450747967	3.33314526313e+15	-3.04193893466e+13	0.000207638970917	0.999792382585
899.245022524	3.33390780589e+15	-3.04263485649e+13	0.000207449068507	0.999792572448
899.03929708	3.33467069764e+15	-3.04333109682e+13	0.000207259296388	0.99979276218
898.833571637	3.33543393861e+15	-3.04402765585e+13	0.000207069654499	0.999792951783
898.627846194	3.33619752904e+15	-3.04472453381e+13	0.000206880142782	0.999793141255
898.422120751	3.33696146917e+15	-3.04542173093e+13	0.000206690761177	0.999793330598
898.216395308	3.33772575925e+15	-3.04611924741e+13	0.000206501509624	0.99979351981
898.010669865	3.33849039951e+15	-3.04681708348e+13	0.000206312388063	0.999793708893
897.804944421	3.33925539019e+15	-3.04751523936e+13	0.000206123396435	0.999793897846
897.599218978	3.34002073154e+15	-3.04821371527e+13	0.000205934534681	0.999794086668
897.393493535	3.34078642379e+15	-3.04891251143e+13	0.000205745802741	0.999794275361
897.187768092	3.34155246719e+15	-3.04961162805e+13	0.000205557200555	0.999794463925
896.982042649	3.34231886198e+15	-3.05031106537e+13	0.000205368728065	0.999794652359
896.776317206	3.3430856084e+15	-3.05101082359e+13	0.00020518038521	0.999794840663
896.570591762	3.34385270669e+15	-3.05171090294e+13	0.000204992171931	0.999795028838
896.364866319	3.34462015709e+15	-3.05241130365e+13	0.000204804088168	0.999795216883
896.159140876	3.34538795985e+15	-3.05311202592e+13	0.000204616133863	0.999795404799
895.953415433	3.34615611522e+15	-3.05381307e+13	0.000204428308956	0.999795592585
895.74768999	3.34692462342e+15	-3.05451443608e+13	0.000204240613387	0.999795780242
895.541964547	3.34769348471e+15	-3.05521612441e+13	0.000204053047097	0.99979596777
895.336239103	3.34846269933e+15	-3.0559181352e+13	0.000203865610026	0.999796155169
895.13051366	3.34923226753e+15	-3.05662046867e+13	0.000203678302116	0.999796342439
894.924788217	3.35000218954e+15	-3.05732312504e+13	0.000203491123307	0.99979652958
894.719062774	3.35077246561e+15	-3.05802610454e+13	0.000203304073539	0.999796716591
894.513337331	3.35154309599e+15	-3.05872940739e+13	0.000203117152754	0.999796903474
894.307611888	3.35231408091e+15	-3.05943303382e+13	0.000202930360891	0.999797090228
894.101886444	3.35308542064e+15	-3.06013698404e+13	0.000202743697893	0.999797276853
893.896161001	3.3538571154e+15	-3.06084125829e+13	0.000202557163698	0.99979746335
893.690435558	3.35462916544e+15	-3.06154585678e+13	0.000202370758249	0.999797649717
893.484710115	3.35540157102e+15	-3.06225077973e+13	0.000202184481485	0.999797835956
893.278984672	3.35617433237e+15	-3.06295602738e+13	0.000201998333349	0.999798022067
893.073259229	3.35694744974e+15	-3.06366159995e+13	0.000201812313779	0.999798208049
892.867533785	3.35772092338e+15	-3.06436749766e+13	0.000201626422718	0.999798393903
892.661808342	3.35849475354e+15	-3.06507372074e+13	0.000201440660106	0.999798579628
892.456082899	3.35926894045e+15	-3.0657802694e+13	0.000201255025883	0.999798765225
892.250357456	3.36004348437e+15	-3.06648714389e+13	0.000201069519991	0.999798950693
892.044632013	3.36081838555e+15	-3.06719434441e+13	0.000200884142371	0.999799136033
891.83890657	3.36159364423e+15	-3.06790187121e+13	0.000200698892963	0.999799321246
891.633181126	3.36236926066e+15	-3.06860972449e+13	0.000200513771708	0.99979950633
892.633181126	3.35860246223e+15	-3.06517201926e+13	0.000201414820945	0.999798605462
892.936211429	3.35746267385e+15	-3.06413181057e+13	0.000201688464734	0.999798331873
893.239241732	3.35632365881e+15	-3.06309230765e+13	0.000201962387258	0.999798058006
893.542272035	3.35518541632e+15	-3.06205350979e+13	0.000202236588709	0.99979778386
893.845302338	3.35404794561e+15	-3.06101541627e+13	0.000202511069274	0.999797509435
894.148332641	3.35291124588e+15	-3.05997802638e+13	0.000202785829143	0.999797234731
894.451362945	3.35177531636e+15	-3.05894133941e+13	0.000203060868505	0.999796959747
894.754393248	3.35064015625e+15	-3.05790535463e+13	0.000203336187551	0.999796684484
895.057423551	3.34950576479e+15	-3.05687007134e+13	0.00020361178647	0.999796408941
895.360453854	3.34837214118e+15	-3.05583548882e+13	0.00020388766545	0.999796133118
895.663484157	3.34723928465e+15	-3.05480160637e+13	0.000204163824683	0.999795857015
895.96651446	3.34610719443e+15	-3.05376842326e+13	0.000204440264357	0.999795580632
896.269544763	3.34497586972e+15	-3.0527359388e+13	0.000204716984662	0.999795303968
896.572575066	3.34384530977e+15	-3.05170415227e+13	0.000204993985789	0.999795027024
896.875605369	3.34271551378e+15	-3.05067306296e+13	0.000205271267927	0.999794749799
897.178635672	3.341586481e+15	-3.04964267018e+13	0.000205548831266	0.999794472292
897.481665975	3.34045821064e+15	-3.04861297321e+13	0.000205826675996	0.999794194505
897.784696278	3.33933070193e+15	-3.04758397135e+13	0.000206104802308	0.999793916436
898.087726581	3.3382039541e+15	-3.0465556639e+13	0.000206383210391	0.999793638085
898.390756884	3.33707796638e+15	-3.04552805015e+13	0.000206661900436	0.999793359453
898.693787187	3.33595273801e+15	-3.0445011294e+13	0.000206940872633	0.999793080538
898.99681749	3.33482826821e+15	-3.04347490095e+13	0.000207220127172	0.999792801341
899.299847793	3.33370455623e+15	-3.0424493641e+13	0.000207499664244	0.999792521862
899.602878096	3.33258160128e+15	-3.04142451816e+13	0.00020777948404	0.999792242101
899.905908399	3.33145940261e+15	-3.04040036242e+13	0.00020805958675	0.999791962056
900.208938702	3.33033795945e+15	-3.03937689618e+13	0.000208339972564	0.999791681729
900.511969005	3.32921727105e+15	-3.03835411876e+13	0.000208620641674	0.999791401118
900.814999308	3.32809733664e+15	-3.03733202945e+13	0.000208901594269	0.999791120224
901.118029611	3.32697815545e+15	-3.03631062757e+13	0.000209182830542	0.999790839047
901.421059914	3.32585972674e+15	-3.03528991241e+13	0.000209464350682	0.999790557585
901.724090217	3.32474204973e+15	-3.03426988329e+13	0.000209746154881	0.99979027584
902.02712052	3.32362512368e+15	-3.03325053951e+13	0.00021002824333	0.999789993811
902.330150823	3.32250894782e+15	-3.03223188039e+13	0.000210310616219	0.999789711498
902.633181126	3.32139352141e+15	-3.03121390523e+13	0.000210593273741	0.999789428899
902.936211429	3.32027884368e+15	-3.03019661335e+13	0.000210876216087	0.999789146017
903.239241732	3.31916491388e+15	-3.02918000406e+13	0.000211159443448	0.999788862849
903.542272035	3.31805173127e+15	-3.02816407667e+13	0.000211442956016	0.999788579396
903.845302338	3.31693929508e+15	-3.02714883049e+13	0.000211726753982	0.999788295659
904.148332641	3.31582760457e+15	-3.02613426485e+13	0.000212010837536	0.999788011635
904.451362945	3.31471665899e+15	-3.02512037905e+13	0.000212295206871	0.999787727326
904.754393248	3.31360645759e+15	-3.02410717241e+13	0.000212579862177	0.999787442731
905.057423551	3.31249699963e+15	-3.02309464426e+13	0.000212864803645	0.99978715785
905.360453854	3.31138828434e+15	-3.02208279391e+13	0.000213150031469	0.999786872683
905.663484157	3.31028031101e+15	-3.02107162067e+13	0.00021343554584	0.99978658723
905.96651446	3.30917307886e+15	-3.02006112388e+13	0.000213721346952	0.99978630149
906.269544763	3.30806658717e+15	-3.01905130285e+13	0.000214007435001	0.999786015463
906.572575066	3.30696083519e+15	-3.0180421569e+13	0.000219361297853	0.99978066276
906.875605369	3.30585582218e+15	-3.01703368536e+13	0.000220880245366	0.999779144147
907.178635672	3.30475154739e+15	-3.01602588755e+13	0.000221556595458	0.999778467946
907.481665975	3.3036480101e+15	-3.0150187628e+13	0.000222289024352	0.99977773568
907.784696278	3.30254520956e+15	-3.01401231043e+13	0.000223098681644	0.999776926203
908.087726581	3.30144314502e+15	-3.01300652977e+13	0.000224018131122	0.999776006959
908.390756884	3.30034181577e+15	-3.01200142015e+13	0.000225097781818	0.999774927551
908.693787187	3.29924122105e+15	-3.01099698089e+13	0.000226415948826	0.999773609681
908.99681749	3.29814136014e+15	-3.00999321133e+13	0.000228094793818	0.999771931218
909.299847793	3.2970422323e+15	-3.00899011079e+13	0.000230326303146	0.99976970022
909.602878096	3.2959438368e+15	-3.00798767862e+13	0.000233416945777	0.999766610294
909.905908399	3.29484617291e+15	-3.00698591413e+13	0.000237872898125	0.999762155391
910.208938702	3.2937492399e+15	-3.00598481666e+13	0.000244590631156	0.999755439279
910.511969005	3.29265303703e+15	-3.00498438555e+13	0.000255359315679	0.999744673286
910.814999308	3.29155756359e+15	-3.00398462014e+13	0.000274243114056	0.999725794487
911.118029611	3.29046281883e+15	-3.00298551975e+13	0.00031082067333	0.999689227626
911.421059914	3.28936880204e+15	-3.00198708372e+13	0.000385040988481	0.99961503313
911.724090217	3.28827551248e+15	-3.00098931139e+13	0.00052713910777	0.999472999806
912.02712052	3.28718294944e+15	-2.99999220211e+13	0.00075753438601	0.999242752471
912.330150823	3.28609111219e+15	-2.99899575521e+13	0.00104255301944	0.99895799025
912.633181126	3.285e+15	-2.99799997002e+13	0.00126785698351	0.998732946408
912.936211429	3.28390961216e+15	-2.9970048459e+13	0.00129468290895	0.998706154831
913.239241732	3.28281994794e+15	-2.99601038217e+13	0.00107891343822	0.99892166838
913.542272035	3.28173100662e+15	-2.9950165782e+13	0.000722303590477	0.999277957208
913.845302338	3.28064278749e+15	-2.99402343331e+13	0.00038501799693	0.999615056113
914.148332641	3.27955528983e+15	-2.99303094685e+13	0.000162531884986	0.999837481323
914.451362945	3.27846851291e+15	-2.99203911818e+13	5.41524515015e-05	0.999945849015
914.754393248	3.27738245602e+15	-2.99104794663e+13	1.42083467048e-05	0.999985791754
915.057423551	3.27629711846e+15	-2.99005743155e+13	2.93109060005e-06	0.999997068914
915.360453854	3.27521249949e+15	-2.98906757229e+13	4.7485825802e-07	0.999999525142
915.663484157	3.27412859841e+15	-2.98807836821e+13	6.0351716132e-08	0.999999939648
915.96651446	3.27304541451e+15	-2.98708981864e+13	6.01719177567e-09	0.999999993983
916.269544763	3.27196294708e+15	-2.98610192294e+13	4.70298882786e-10	0.99999999953
916.572575066	3.2708811954e+15	-2.98511468046e+13	3.08466121934e-11	0.999999999969
916.875605369	3.26980015876e+15	-2.98412809056e+13	1.63994382841e-12	0.999999999998
917.178635672	3.26871983646e+15	-2.98314215258e+13	1.9542245377e-13	1.0
917.481665975	3.26764022779e+15	-2.98215686589e+13	1.2503626576e-13	1.0
917.784696278	3.26656133204e+15	-2.98117222982e+13	1.10234777634e-13	1.0
918.087726581	3.26548314851e+15	-2.98018824376e+13	9.93054066615e-14	1.0
918.390756884	3.26440567648e+15	-2.97920490703e+13	9.00439082771e-14	1.0
918.693787187	3.26332891526e+15	-2.97822221902e+13	8.23617507165e-14	1.0
918.99681749	3.26225286415e+15	-2.97724017907e+13	7.55945961172e-14	1.0
919.299847793	3.26117752243e+15	-2.97625878654e+13	6.96881195675e-14	1.0
919.602878096	3.26010288942e+15	-2.97527804079e+13	6.45804330781e-14	1.0
919.905908399	3.25902896441e+15	-2.97429794119e+13	6.00981130706e-14	1.0
920.208938702	3.25795574669e+15	-2.97331848709e+13	5.61048264956e-14	1.0
920.511969005	3.25688323558e+15	-2.97233967786e+13	5.26052250232e-14	1.0
920.814999308	3.25581143037e+15	-2.97136151286e+13	4.94216072015e-14	1.0
921.118029611	3.25474033036e+15	-2.97038399146e+13	4.65287284118e-14	1.0
921.421059914	3.25366993487e+15	-2.96940711302e+13	4.36849698163e-14	1.0
921.724090217	3.2526002432e+15	-2.9684308769e+13	4.13348481135e-14	1.0
922.02712052	3.25153125464e+15	-2.96745528248e+13	3.92218149429e-14	1.0
922.330150823	3.25046296852e+15	-2.96648032911e+13	3.71739634024e-14	1.0
922.633181126	3.24939538413e+15	-2.96550601618e+13	3.5581027189e-14	1.0
