912.0	3.28728070175e+15	-3.00483793083e+13	0.0013747302715	0.998626214237
911.80889017	3.28796969663e+15	-3.00546772735e+13	0.00133190224906	0.998668984339
911.61778034	3.28865898039e+15	-3.00609778794e+13	0.00130100184034	0.998699844096
911.42667051	3.28934855321e+15	-3.00672811275e+13	0.00127799586622	0.998722820423
911.23556068	3.29003841527e+15	-3.00735870195e+13	0.0012604540216	0.998740340017
911.04445085	3.29072856676e+15	-3.00798955571e+13	0.00124682794788	0.998753949019
910.85334102	3.29141900785e+15	-3.00862067419e+13	0.00123607566507	0.998764687962
910.66223119	3.29210973873e+15	-3.00925205756e+13	0.00122746542226	0.998773287605
910.471121361	3.29280075959e+15	-3.00988370599e+13	0.00122046816197	0.998780276306
910.280011531	3.2934920706e+15	-3.01051561965e+13	0.00121469421432	0.998786043228
910.088901701	3.29418367194e+15	-3.0111477987e+13	0.00120985323646	0.998790878341
909.897791871	3.29487556381e+15	-3.0117802433e+13	0.00120572739998	0.998794999197
909.706682041	3.29556774638e+15	-3.01241295363e+13	0.0012021525274	0.998798569768
909.515572211	3.29626021984e+15	-3.01304592986e+13	0.00119900455128	0.998801713967
909.324462381	3.29695298436e+15	-3.01367917214e+13	0.001196189562	0.998804525588
909.133352551	3.29764604014e+15	-3.01431268066e+13	0.00119363637509	0.998807075725
908.942242721	3.29833938736e+15	-3.01494645557e+13	0.00119129095631	0.998809418349
908.751132891	3.29903302619e+15	-3.01558049704e+13	0.00118911223695	0.998811594477
908.560023061	3.29972695684e+15	-3.01621480525e+13	0.00118706892802	0.99881363536
908.368913231	3.30042117947e+15	-3.01684938036e+13	0.00118513711911	0.998815564879
908.177803401	3.30111569427e+15	-3.01748422255e+13	0.00118329847476	0.998817401347
907.986693571	3.30181050144e+15	-3.01811933197e+13	0.00116737173373	0.99883330938
907.795583742	3.30250560114e+15	-3.01875470879e+13	0.00114908054955	0.998851579391
907.604473912	3.30320099358e+15	-3.0193903532e+13	0.00114845542463	0.998852203798
907.413364082	3.30389667892e+15	-3.02002626535e+13	0.00114783058833	0.998852827917
907.222254252	3.30459265737e+15	-3.02066244541e+13	0.00114720599281	0.998853451796
907.031144422	3.30528892909e+15	-3.02129889356e+13	0.00114658162504	0.998854075449
906.840034592	3.30598549429e+15	-3.02193560996e+13	0.00114595748614	0.998854698872
906.648924762	3.30668235314e+15	-3.02257259478e+13	0.0011453335694	0.998855322075
906.457814932	3.30737950582e+15	-3.0232098482e+13	0.00114470987559	0.998855945055
906.266705102	3.30807695254e+15	-3.02384737038e+13	0.00114408640837	0.998856567809
906.075595272	3.30877469346e+15	-3.02448516149e+13	0.00114346315839	0.998857190346
905.884485442	3.30947272878e+15	-3.02512322171e+13	0.00114284013281	0.99885781266
905.693375612	3.31017105869e+15	-3.0257615512e+13	0.00114221732453	0.998858434757
905.502265782	3.31086968337e+15	-3.02640015013e+13	0.00114159473985	0.998859056632
905.311155952	3.311568603e+15	-3.02703901868e+13	0.00114097237652	0.998859678285
905.120046123	3.31226781778e+15	-3.02767815702e+13	0.00114035023348	0.998860299719
904.928936293	3.31296732789e+15	-3.0283175653e+13	0.00113972831643	0.998860920927
904.737826463	3.31366713352e+15	-3.02895724372e+13	0.00113910662221	0.998861541913
904.546716633	3.31436723485e+15	-3.02959719244e+13	0.00113848515476	0.998862162674
904.355606803	3.31506763208e+15	-3.03023741162e+13	0.0011378639122	0.998862783209
904.164496973	3.31576832538e+15	-3.03087790145e+13	0.00113724289278	0.998863403523
903.973387143	3.31646931496e+15	-3.03151866209e+13	0.0011366220986	0.998864023612
903.782277313	3.31717060099e+15	-3.03215969371e+13	0.00113600152774	0.998864643478
903.591167483	3.31787218367e+15	-3.0328009965e+13	0.0011353811787	0.998865263123
903.400057653	3.31857406318e+15	-3.03344257061e+13	0.00113476105322	0.998865882545
903.208947823	3.31927623971e+15	-3.03408441622e+13	0.00113414115	0.998866501745
903.017837993	3.31997871345e+15	-3.0347265335e+13	0.00113352146887	0.998867120724
902.826728163	3.32068148458e+15	-3.03536892263e+13	0.00113290200893	0.998867739482
902.635618333	3.32138455331e+15	-3.03601158378e+13	0.00113228277169	0.998868358019
902.444508504	3.32208791981e+15	-3.03665451713e+13	0.00113166375625	0.998868976334
902.253398674	3.32279158428e+15	-3.03729772283e+13	0.00113104496196	0.998869594428
902.062288844	3.3234955469e+15	-3.03794120107e+13	0.00113042638999	0.998870212301
901.871179014	3.32419980787e+15	-3.03858495203e+13	0.00112980803966	0.998870829953
901.680069184	3.32490436737e+15	-3.03922897587e+13	0.00112918991044	0.998871447385
901.488959354	3.3256092256e+15	-3.03987327276e+13	0.00112857200326	0.998872064595
901.297849524	3.32631438274e+15	-3.04051784289e+13	0.00112795431757	0.998872681584
901.106739694	3.32701983898e+15	-3.04116268642e+13	0.00112733685295	0.998873298353
900.915629864	3.32772559452e+15	-3.04180780354e+13	0.00112671961013	0.9988739149
900.724520034	3.32843164954e+15	-3.0424531944e+13	0.00112610258836	0.998874531227
900.533410204	3.32913800424e+15	-3.04309885919e+13	0.00112548578822	0.998875147333
900.342300374	3.32984465881e+15	-3.04374479809e+13	0.00112486920935	0.998875763219
900.151190544	3.33055161343e+15	-3.04439101126e+13	0.00112425285148	0.998876378884
899.960080714	3.3312588683e+15	-3.04503749889e+13	0.00112363671503	0.998876994328
899.768970885	3.33196642362e+15	-3.04568426114e+13	0.00112302079954	0.998877609552
899.577861055	3.33267427956e+15	-3.04633129819e+13	0.00112240510534	0.998878224556
899.386751225	3.33338243633e+15	-3.04697861022e+13	0.00112178963206	0.998878839339
899.195641395	3.33409089411e+15	-3.0476261974e+13	0.00112117437984	0.998879453901
899.004531565	3.3347996531e+15	-3.0482740599e+13	0.00112055934862	0.998880068244
898.813421735	3.33550871349e+15	-3.04892219791e+13	0.00111994453839	0.998880682365
898.622311905	3.33621807547e+15	-3.0495706116e+13	0.00111932994905	0.998881296267
898.431202075	3.33692773924e+15	-3.05021930115e+13	0.00111871558056	0.998881909948
898.240092245	3.33763770498e+15	-3.05086826672e+13	0.00111810143286	0.99888252341
898.048982415	3.33834797289e+15	-3.0515175085e+13	0.00111748750592	0.998883136651
897.857872585	3.33905854316e+15	-3.05216702667e+13	0.00111687379969	0.998883749672
897.666762755	3.33976941599e+15	-3.05281682139e+13	0.00111626031414	0.998884362473
897.475652925	3.34048059157e+15	-3.05346689285e+13	0.00111564704921	0.998884975054
897.284543095	3.34119207008e+15	-3.05411724123e+13	0.00111503400487	0.998885587415
897.093433266	3.34190385174e+15	-3.05476786669e+13	0.00111442118108	0.998886199556
896.902323436	3.34261593672e+15	-3.05541876943e+13	0.00111380857779	0.998886811477
896.711213606	3.34332832523e+15	-3.0560699496e+13	0.00111319619496	0.998887423178
896.520103776	3.34404101746e+15	-3.0567214074e+13	0.00111258403255	0.99888803466
896.328993946	3.34475401359e+15	-3.057373143e+13	0.00111197209051	0.998888645921
896.137884116	3.34546731384e+15	-3.05802515658e+13	0.0011113603688	0.998889256963
895.946774286	3.34618091838e+15	-3.05867744831e+13	0.00111074886739	0.998889867786
895.755664456	3.34689482742e+15	-3.05933001838e+13	0.00111013758622	0.998890478389
895.564554626	3.34760904115e+15	-3.05998286696e+13	0.00110952652526	0.998891088772
895.373444796	3.34832355977e+15	-3.06063599422e+13	0.00110891568446	0.998891698935
895.182334966	3.34903838346e+15	-3.06128940036e+13	0.00110830506377	0.998892308879
894.991225136	3.34975351244e+15	-3.06194308554e+13	0.00110769466317	0.998892918604
894.800115306	3.35046894688e+15	-3.06259704995e+13	0.0011070844826	0.998893528109
894.609005476	3.35118468699e+15	-3.06325129376e+13	0.00110647452203	0.998894137395
894.417895647	3.35190073297e+15	-3.06390581716e+13	0.0011058647814	0.998894746462
894.226785817	3.35261708501e+15	-3.06456062032e+13	0.00110525526069	0.998895355309
894.035675987	3.3533337433e+15	-3.06521570342e+13	0.00110464595984	0.998895963937
893.844566157	3.35405070804e+15	-3.06587106665e+13	0.00110403687881	0.998896572346
893.653456327	3.35476797944e+15	-3.06652671017e+13	0.00110342801756	0.998897180535
893.462346497	3.35548555768e+15	-3.06718263418e+13	0.00110281937605	0.998897788506
893.271236667	3.35620344296e+15	-3.06783883885e+13	0.00110221095424	0.998898396257
893.080126837	3.35692163548e+15	-3.06849532437e+13	0.00110160275208	0.998899003789
894.080126837	3.3531670261e+15	-3.06506331054e+13	0.00110478765946	0.998895822394
894.38315714	3.35203092329e+15	-3.06402482154e+13	0.00110575397096	0.99889485715
894.686187443	3.35089559007e+15	-3.06298703601e+13	0.00110672083535	0.998893891354
894.989217746	3.34976102567e+15	-3.06194995324e+13	0.00110768825278	0.998892925007
895.292248049	3.3486272293e+15	-3.06091357251e+13	0.00110865622343	0.998891958109
895.595278352	3.34749420019e+15	-3.05987789311e+13	0.00110962474747	0.998890990658
895.898308655	3.34636193755e+15	-3.05884291434e+13	0.00111059382507	0.998890022656
896.201338958	3.34523044061e+15	-3.05780863547e+13	0.0011115634564	0.998889054101
896.504369261	3.34409970859e+15	-3.05677505581e+13	0.00111253364162	0.998888084994
896.807399564	3.34296974072e+15	-3.05574217463e+13	0.00111350438091	0.998887115335
897.110429867	3.34184053622e+15	-3.05470999124e+13	0.00111447567443	0.998886145123
897.41346017	3.34071209432e+15	-3.05367850493e+13	0.00111544752236	0.998885174358
897.716490473	3.33958441425e+15	-3.05264771498e+13	0.00111641992486	0.99888420304
898.019520776	3.33845749523e+15	-3.0516176207e+13	0.0011173928821	0.998883231169
898.322551079	3.3373313365e+15	-3.05058822138e+13	0.00111836639426	0.998882258744
898.625581382	3.33620593728e+15	-3.04955951632e+13	0.0011193404615	0.998881285766
898.928611685	3.33508129681e+15	-3.04853150482e+13	0.00112031508399	0.998880312235
899.231641989	3.33395741432e+15	-3.04750418617e+13	0.00112129026197	0.998879338149
899.534672292	3.33283428905e+15	-3.04647755968e+13	0.00112226599571	0.998878363509
899.837702595	3.33171192022e+15	-3.04545162464e+13	0.00112324228499	0.998877388315
900.140732898	3.33059030708e+15	-3.04442638036e+13	0.00112421913039	0.998876412567
900.443763201	3.32946944887e+15	-3.04340182614e+13	0.00112519653197	0.998875436264
900.746793504	3.32834934481e+15	-3.04237796128e+13	0.00112617448958	0.998874459407
901.049823807	3.32722999416e+15	-3.0413547851e+13	0.00112715300397	0.998873481994
901.35285411	3.32611139614e+15	-3.04033229688e+13	0.00112813207508	0.998872504027
901.655884413	3.32499355001e+15	-3.03931049594e+13	0.00112911170262	0.998871525504
901.958914716	3.323876455e+15	-3.0382893816e+13	0.00113009188766	0.998870546426
902.261945019	3.32276011036e+15	-3.03726895314e+13	0.0011310726294	0.998869566792
902.564975322	3.32164451532e+15	-3.03624920989e+13	0.00113205392918	0.998868586602
902.868005625	3.32052966915e+15	-3.03523015116e+13	0.00113303578598	0.998867605857
903.171035928	3.31941557107e+15	-3.03421177625e+13	0.00113401820153	0.998866624554
903.474066231	3.31830222035e+15	-3.03319408448e+13	0.00113500117464	0.998865642696
903.777096534	3.31718961622e+15	-3.03217707516e+13	0.00113598470785	0.998864660279
904.080126837	3.31607775794e+15	-3.0311607476e+13	0.00113696880035	0.998863677304
904.38315714	3.31496664476e+15	-3.03014510112e+13	0.00113795345648	0.998862693767
904.686187443	3.31385627592e+15	-3.02913013504e+13	0.0011389386758	0.998861709669
904.989217746	3.31274665069e+15	-3.02811584866e+13	0.00113992446247	0.998860725005
905.292248049	3.31163776831e+15	-3.02710224132e+13	0.00114091081132	0.99885973978
905.595278352	3.31052962804e+15	-3.02608931232e+13	0.00114189772232	0.998858753995
905.898308655	3.30942222914e+15	-3.02507706099e+13	0.00114288518964	0.998857767655
906.201338958	3.30831557085e+15	-3.02406548664e+13	0.00114387321187	0.998856780762
906.504369261	3.30720965244e+15	-3.0230545886e+13	0.00114486178568	0.998855793319
906.807399564	3.30610447317e+15	-3.02204436619e+13	0.00114585092758	0.998854805309
907.110429867	3.30500003229e+15	-3.02103481873e+13	0.00114684062774	0.998853816743
907.41346017	3.30389632906e+15	-3.02002594555e+13	0.00114783090242	0.998852827603
907.716490473	3.30279336276e+15	-3.01901774596e+13	0.00114882179043	0.998851837853
908.019520776	3.30169113263e+15	-3.01801021931e+13	0.00117357874786	0.998827109626
908.322551079	3.30058963794e+15	-3.01700336491e+13	0.00118468311414	0.998816018346
908.625581382	3.29948887796e+15	-3.01599718208e+13	0.00118775622781	0.998812948875
908.928611685	3.29838885195e+15	-3.01499167017e+13	0.00119113045597	0.998809578658
909.231641989	3.29728955917e+15	-3.01398682849e+13	0.00119492049442	0.998805793139
909.534672292	3.29619099891e+15	-3.01298265638e+13	0.00119930284403	0.998801416032
909.837702595	3.29509317041e+15	-3.01197915317e+13	0.00120455054774	0.998796174632
910.140732898	3.29399607295e+15	-3.01097631819e+13	0.00121108747173	0.998789645599
910.443763201	3.29289970581e+15	-3.00997415077e+13	0.00121957428849	0.99878116909
910.746793504	3.29180406825e+15	-3.00897265025e+13	0.00123104873631	0.998769708693
911.049823807	3.29070915954e+15	-3.00797181596e+13	0.00124716775511	0.998753609635
911.35285411	3.28961497896e+15	-3.00697164724e+13	0.00127067183331	0.998730135128
911.655884413	3.28852152579e+15	-3.00597214342e+13	0.00130643323803	0.998694419774
911.958914716	3.28742879928e+15	-3.00497330384e+13	0.00136422789647	0.998636702239
912.261945019	3.28633679873e+15	-3.00397512784e+13	0.00146630713405	0.998534767369
912.564975322	3.28524552341e+15	-3.00297761475e+13	0.00166484455685	0.998336540528
912.868005625	3.2841549726e+15	-3.00198076393e+13	0.00206711944435	0.997935015576
913.171035928	3.28306514557e+15	-3.0009845747e+13	0.00283243566788	0.997171571893
913.474066231	3.28197604161e+15	-2.99998904641e+13	0.0040620937113	0.995946145432
913.777096534	3.28088765999e+15	-2.9989941784e+13	0.00556702860322	0.994448438585
914.080126837	3.2798e+15	-2.99799997002e+13	0.00673859823719	0.993284055203
914.38315714	3.27871306092e+15	-2.99700642061e+13	0.00685444118875	0.993168996911
914.686187443	3.27762684203e+15	-2.99601352951e+13	0.00569808168286	0.994318121594
914.989217746	3.27654134262e+15	-2.99502129607e+13	0.00381207458654	0.996195182146
915.292248049	3.27545656198e+15	-2.99402971964e+13	0.00203448822644	0.997967579942
915.595278352	3.27437249938e+15	-2.99303879957e+13	0.000861616994457	0.999138754091
915.898308655	3.27328915412e+15	-2.99204853519e+13	0.000288588681955	0.999711452956
916.201338958	3.27220652549e+15	-2.99105892588e+13	7.62748961137e-05	0.999923728013
916.504369261	3.27112461277e+15	-2.99006997096e+13	1.58845861057e-05	0.99998411554
916.807399564	3.27004341525e+15	-2.9890816698e+13	2.60499761454e-06	0.999997395006
917.110429867	3.26896293223e+15	-2.98809402174e+13	3.37495097884e-07	0.999999662505
917.41346017	3.267883163e+15	-2.98710702614e+13	3.56626472844e-08	0.999999964337
917.716490473	3.26680410685e+15	-2.98612068236e+13	4.16450125751e-09	0.999999995835
918.019520776	3.26572576307e+15	-2.98513498974e+13	1.42795352598e-09	0.999999998572
918.322551079	3.26464813096e+15	-2.98414994765e+13	1.08919246426e-09	0.999999998911
918.625581382	3.26357120982e+15	-2.98316555543e+13	9.47795260173e-10	0.999999999052
918.928611685	3.26249499893e+15	-2.98218181245e+13	8.40550424083e-10	0.999999999159
919.231641989	3.26141949761e+15	-2.98119871806e+13	7.52935020051e-10	0.999999999247
919.534672292	3.26034470514e+15	-2.98021627163e+13	6.8004768757e-10	0.99999999932
919.837702595	3.25927062083e+15	-2.97923447251e+13	6.185997913e-10	0.999999999381
920.140732898	3.25819724398e+15	-2.97825332006e+13	5.66753808282e-10	0.999999999433
920.443763201	3.25712457389e+15	-2.97727281364e+13	5.21669360491e-10	0.999999999478
920.746793504	3.25605260985e+15	-2.97629295262e+13	4.8251897674e-10	0.999999999517
921.049823807	3.25498135118e+15	-2.97531373636e+13	4.48250373745e-10	0.999999999552
921.35285411	3.25391079718e+15	-2.97433516422e+13	4.18055241743e-10	0.999999999582
921.655884413	3.25284094715e+15	-2.97335723557e+13	3.91142490417e-10	0.999999999609
921.958914716	3.2517718004e+15	-2.97237994977e+13	3.67613737914e-10	0.999999999632
922.261945019	3.25070335623e+15	-2.9714033062e+13	3.46203032169e-10	0.999999999654
922.564975322	3.24963561396e+15	-2.9704273042e+13	3.26921059357e-10	0.999999999673
922.868005625	3.24856857289e+15	-2.96945194317e+13	3.09490391777e-10	0.999999999691
923.171035928	3.24750223233e+15	-2.96847722245e+13	2.93677387033e-10	0.999999999706
923.474066231	3.24643659159e+15	-2.96750314143e+13	2.79197030166e-10	0.999999999721
923.777096534	3.24537164999e+15	-2.96652969947e+13	2.65777413396e-10	0.999999999734
924.080126837	3.24430740683e+15	-2.96555689595e+13	2.53848662217e-10	0.999999999746
