912.0	3.28728070175e+15	-3.01522638699e+13	0.000236598789933	0.999763429197
911.840811357	3.28785459332e+15	-3.01575278348e+13	0.00023625839145	0.999763769515
911.681622713	3.28842868531e+15	-3.0162793638e+13	0.000235935847296	0.999764091983
911.52243407	3.28900297781e+15	-3.01680612804e+13	0.000235628518146	0.99976439924
911.363245427	3.28957747094e+15	-3.0173330763e+13	0.000235334285648	0.999764693403
911.204056783	3.2901521648e+15	-3.01786020868e+13	0.000234813587859	0.999765213979
911.04486814	3.29072705949e+15	-3.01838752528e+13	0.000230057303645	0.999769969158
910.885679497	3.29130215513e+15	-3.01891502618e+13	0.000228440536674	0.999771585554
910.726490853	3.2918774518e+15	-3.01944271149e+13	0.000228347228692	0.999771678841
910.56730221	3.29245294963e+15	-3.01997058131e+13	0.00022825527785	0.99977177077
910.408113566	3.29302864872e+15	-3.02049863573e+13	0.00022816383849	0.999771862189
910.248924923	3.29360454917e+15	-3.02102687484e+13	0.000228072669668	0.999771953337
910.08973628	3.29418065108e+15	-3.02155529875e+13	0.000227981566015	0.99977204442
909.930547636	3.29475695457e+15	-3.02208390754e+13	0.000227890786864	0.999772135178
909.771358993	3.29533345974e+15	-3.02261270133e+13	0.000227799841455	0.999772226103
909.61217035	3.29591016669e+15	-3.0231416802e+13	0.000227708926371	0.999772316997
909.452981706	3.29648707553e+15	-3.02367084426e+13	0.000227618194243	0.999772407709
909.293793063	3.29706418637e+15	-3.02420019359e+13	0.000227527302024	0.99977249858
909.13460442	3.29764149932e+15	-3.02472972831e+13	0.000227436531678	0.99977258933
908.975415776	3.29821901447e+15	-3.02525944849e+13	0.000227345725272	0.999772680116
908.816227133	3.29879673194e+15	-3.02578935425e+13	0.00022725477048	0.99977277105
908.65703849	3.29937465183e+15	-3.02631944568e+13	0.000227163902014	0.999772861898
908.497849846	3.29995277425e+15	-3.02684972287e+13	0.00022707302338	0.999772952756
908.338661203	3.3005310993e+15	-3.02738018593e+13	0.000226982074521	0.999773043684
908.179472559	3.3011096271e+15	-3.02791083496e+13	0.000226891255359	0.999773134483
908.020283916	3.30168835774e+15	-3.02844167004e+13	0.000226800502884	0.999773225214
907.861095273	3.30226729134e+15	-3.02897269128e+13	0.000226709769265	0.999773315927
907.701906629	3.302846428e+15	-3.02950389878e+13	0.00022661919543	0.999773406481
907.542717986	3.30342576783e+15	-3.03003529263e+13	0.000226528713675	0.999773496942
907.383529343	3.30400531093e+15	-3.03056687293e+13	0.000226438316877	0.999773587318
907.224340699	3.30458505742e+15	-3.03109863979e+13	0.000226347944759	0.99977367767
907.065152056	3.30516500739e+15	-3.03163059329e+13	0.000226257685492	0.999773767909
906.905963413	3.30574516096e+15	-3.03216273354e+13	0.000226167477329	0.999773858097
906.746774769	3.30632551824e+15	-3.03269506064e+13	0.00022607731131	0.999773948242
906.587586126	3.30690607932e+15	-3.03322757468e+13	0.000225987142901	0.99977403839
906.428397483	3.30748684433e+15	-3.03376027576e+13	0.000225897043996	0.999774128469
906.269208839	3.30806781336e+15	-3.03429316398e+13	0.000225806972491	0.99977421852
906.110020196	3.30864898652e+15	-3.03482623944e+13	0.000225716896137	0.999774308576
905.950831552	3.30923036393e+15	-3.03535950224e+13	0.000225626874592	0.999774398577
905.791642909	3.30981194568e+15	-3.03589295248e+13	0.000225536875905	0.999774488556
905.632454266	3.31039373189e+15	-3.03642659025e+13	0.000225446899416	0.999774578512
905.473265622	3.31097572267e+15	-3.03696041565e+13	0.000225356921167	0.99977466847
905.314076979	3.31155791811e+15	-3.03749442879e+13	0.000225266988424	0.999774758382
905.154888336	3.31214031834e+15	-3.03802862977e+13	0.000225177076756	0.999774848274
904.995699692	3.31272292346e+15	-3.03856301867e+13	0.000225087185963	0.999774938144
904.836511049	3.31330573357e+15	-3.03909759561e+13	0.000224997297526	0.999775028012
904.677322406	3.31388874878e+15	-3.03963236067e+13	0.000224907448552	0.999775117841
904.518133762	3.31447196921e+15	-3.04016731397e+13	0.000224817620053	0.99977520765
904.358945119	3.31505539496e+15	-3.04070245559e+13	0.000224727797217	0.999775297452
904.199756476	3.31563902614e+15	-3.04123778565e+13	0.000224638009869	0.999775387219
904.040567832	3.31622286286e+15	-3.04177330423e+13	0.000224548242795	0.999775476966
903.881379189	3.31680690523e+15	-3.04230901144e+13	0.000224458495959	0.999775566693
903.722190546	3.31739115335e+15	-3.04284490737e+13	0.000224368757959	0.999775656411
903.563001902	3.31797560733e+15	-3.04338099214e+13	0.000224279051831	0.999775746097
903.403813259	3.31856026729e+15	-3.04391726583e+13	0.000224189365856	0.999775835763
903.244624615	3.31914513333e+15	-3.04445372854e+13	0.000224099691166	0.999775925417
903.085435972	3.31973020556e+15	-3.04499038038e+13	0.000224010045702	0.999776015043
902.926247329	3.32031548409e+15	-3.04552722145e+13	0.000223920413449	0.999776104655
902.767058685	3.32090096903e+15	-3.04606425185e+13	0.000223830808385	0.99977619424
902.607870042	3.32148666049e+15	-3.04660147167e+13	0.000223741218276	0.99977628381
902.448681399	3.32207255858e+15	-3.04713888102e+13	0.000223651653525	0.999776373355
902.289492755	3.3226586634e+15	-3.04767648e+13	0.000223562105364	0.999776462883
902.130304112	3.32324497507e+15	-3.04821426871e+13	0.000223472578859	0.999776552389
901.971115469	3.3238314937e+15	-3.04875224724e+13	0.000223383073775	0.999776641874
901.811926825	3.32441821939e+15	-3.04929041571e+13	0.000223293589464	0.999776731339
901.652738182	3.32500515226e+15	-3.0498287742e+13	0.000223204125212	0.999776820783
901.493549539	3.32559229241e+15	-3.05036732282e+13	0.000223114681017	0.999776910207
901.334360895	3.32617963995e+15	-3.05090606168e+13	0.000223025256879	0.999776999611
901.175172252	3.326767195e+15	-3.05144499086e+13	0.000222935852796	0.999777088996
901.015983608	3.32735495767e+15	-3.05198411048e+13	0.000222846468768	0.99977717836
900.856794965	3.32794292806e+15	-3.05252342063e+13	0.000222757104794	0.999777267704
900.697606322	3.32853110629e+15	-3.05306292142e+13	0.000222667760872	0.999777357028
900.538417678	3.32911949246e+15	-3.05360261294e+13	0.000222578437003	0.999777446332
900.379229035	3.32970808668e+15	-3.0541424953e+13	0.000222489133184	0.999777535616
900.220040392	3.33029688908e+15	-3.0546825686e+13	0.000222399849415	0.99977762488
900.060851748	3.33088589974e+15	-3.05522283293e+13	0.000222310585694	0.999777714123
899.901663105	3.3314751188e+15	-3.05576328841e+13	0.000222221342022	0.999777803347
899.742474462	3.33206454635e+15	-3.05630393513e+13	0.000222132118397	0.999777892551
899.583285818	3.33265418251e+15	-3.05684477319e+13	0.000222042914818	0.999777981735
899.424097175	3.33324402739e+15	-3.0573858027e+13	0.000221953731284	0.999778070899
899.264908532	3.3338340811e+15	-3.05792702376e+13	0.000221864567794	0.999778160042
899.105719888	3.33442434375e+15	-3.05846843646e+13	0.000221775424347	0.999778249166
898.946531245	3.33501481545e+15	-3.05901004092e+13	0.000221686300943	0.99977833827
898.787342601	3.33560549632e+15	-3.05955183722e+13	0.00022159719758	0.999778427353
898.628153958	3.33619638645e+15	-3.06009382548e+13	0.000221508114257	0.999778516417
898.468965315	3.33678748598e+15	-3.0606360058e+13	0.000221419050973	0.99977860546
898.309776671	3.337378795e+15	-3.06117837828e+13	0.000221330007728	0.999778694484
898.150588028	3.33797031362e+15	-3.06172094302e+13	0.00022124098452	0.999778783487
897.991399385	3.33856204197e+15	-3.06226370012e+13	0.000221151981348	0.999778872471
897.832210741	3.33915398015e+15	-3.06280664968e+13	0.000221062998213	0.999778961434
897.673022098	3.33974612827e+15	-3.06334979182e+13	0.000220974035111	0.999779050378
897.513833455	3.34033848644e+15	-3.06389312662e+13	0.000220885092043	0.999779139301
897.354644811	3.34093105478e+15	-3.0644366542e+13	0.000220796169008	0.999779228205
897.195456168	3.3415238334e+15	-3.06498037465e+13	0.000220707266005	0.999779317088
897.036267525	3.3421168224e+15	-3.06552428808e+13	0.000220618383032	0.999779405951
896.877078881	3.34271002191e+15	-3.06606839459e+13	0.000220529520089	0.999779494795
896.717890238	3.34330343204e+15	-3.06661269428e+13	0.000220440677175	0.999779583618
896.558701594	3.34389705288e+15	-3.06715718726e+13	0.000220351854288	0.999779672421
896.399512951	3.34449088457e+15	-3.06770187363e+13	0.000220263051429	0.999779761205
896.240324308	3.34508492721e+15	-3.06824675349e+13	0.000220174268595	0.999779849968
897.240324308	3.3413567344e+15	-3.06482710471e+13	0.000220732321747	0.999779292038
897.543354611	3.34022861915e+15	-3.06379235191e+13	0.000220901584811	0.999779122812
897.846384914	3.3391012654e+15	-3.06275829759e+13	0.000221070920467	0.999778953514
898.149415217	3.33797467237e+15	-3.06172494104e+13	0.000221240328722	0.999778784143
898.45244552	3.3368488393e+15	-3.06069228155e+13	0.000221409809582	0.9997786147
898.755475823	3.33572376542e+15	-3.05966031841e+13	0.000221579363054	0.999778445184
899.058506126	3.33459944995e+15	-3.05862905093e+13	0.000221748989145	0.999778275595
899.361536429	3.33347589214e+15	-3.05759847839e+13	0.000221918687861	0.999778105934
899.664566732	3.33235309121e+15	-3.05656860011e+13	0.000222088459208	0.999777936201
899.967597035	3.3312310464e+15	-3.05553941537e+13	0.000222258303195	0.999777766394
900.270627338	3.33010975696e+15	-3.05451092347e+13	0.000222428219826	0.999777596515
900.573657641	3.32898922211e+15	-3.05348312372e+13	0.000222598209109	0.999777426564
900.876687944	3.32786944109e+15	-3.05245601542e+13	0.00022276827105	0.99977725654
901.179718247	3.32675041315e+15	-3.05142959787e+13	0.000222938405656	0.999777086443
901.48274855	3.32563213752e+15	-3.05040387037e+13	0.000223108612933	0.999776916274
901.785778853	3.32451461345e+15	-3.04937883223e+13	0.000223278892888	0.999776746032
902.088809156	3.32339784018e+15	-3.04835448275e+13	0.000223449245528	0.999776575717
902.391839459	3.32228181695e+15	-3.04733082124e+13	0.00022361967725	0.999776405324
902.694869762	3.32116654301e+15	-3.04630784701e+13	0.000223790180869	0.999776234858
902.997900065	3.3200520176e+15	-3.04528555936e+13	0.000223960759316	0.999776064318
903.300930368	3.31893823997e+15	-3.04426395761e+13	0.000224131403993	0.999775893712
903.603960671	3.31782520937e+15	-3.04324304106e+13	0.000224302131028	0.999775723023
903.906990974	3.31671292504e+15	-3.04222280902e+13	0.00022447293392	0.999775552258
904.210021277	3.31560138624e+15	-3.04120326081e+13	0.000224643798925	0.999775381432
904.513051581	3.31449059222e+15	-3.04018439574e+13	0.000224814752567	0.999775210516
904.816081884	3.31338054222e+15	-3.03916621312e+13	0.000224985765784	0.999775039542
905.119112187	3.3122712355e+15	-3.03814871227e+13	0.000225156872834	0.999774868473
905.42214249	3.31116267132e+15	-3.0371318925e+13	0.000225328037124	0.999774697347
905.725172793	3.31005484893e+15	-3.03611575313e+13	0.000225499303046	0.99977452612
906.028203096	3.30894776758e+15	-3.03510029347e+13	0.000225670625472	0.999774354836
906.331233399	3.30784142654e+15	-3.03408551285e+13	0.000225842063886	0.999774183437
906.634263702	3.30673582505e+15	-3.03307141059e+13	0.000226013567486	0.999774011972
906.937294005	3.30563096238e+15	-3.032057986e+13	0.000226185227998	0.99977384035
907.240324308	3.30452683779e+15	-3.0310452384e+13	0.000226357010626	0.999773668606
907.543354611	3.30342345054e+15	-3.03003316712e+13	0.000226529075351	0.99977349658
907.846384914	3.30232079988e+15	-3.02902177147e+13	0.000226701395574	0.999773324299
908.149415217	3.30121888509e+15	-3.02801105079e+13	0.000226874114115	0.99977315162
908.45244552	3.30011770543e+15	-3.0270010044e+13	0.000227047104187	0.999772978669
908.755475823	3.29901726015e+15	-3.02599163162e+13	0.000227220094812	0.999772805718
909.058506126	3.29791754854e+15	-3.02498293178e+13	0.000227393127477	0.999772632724
909.361536429	3.29681856984e+15	-3.02397490421e+13	0.000227566067675	0.999772459824
909.664566732	3.29572032334e+15	-3.02296754823e+13	0.000227738969748	0.999772286961
909.967597035	3.29462280829e+15	-3.02196086317e+13	0.000227911912703	0.999772114057
910.270627338	3.29352602398e+15	-3.02095484837e+13	0.00022808508611	0.999771940923
910.573657641	3.29242996966e+15	-3.01994950315e+13	0.000228258908942	0.99977176714
910.876687944	3.29133464461e+15	-3.01894482685e+13	0.000228435204553	0.999771590885
911.179718247	3.29024004811e+15	-3.0179408188e+13	0.000234076917479	0.999765950476
911.48274855	3.28914617942e+15	-3.01693747833e+13	0.00023555401343	0.999764473727
911.785778853	3.28805303782e+15	-3.01593480477e+13	0.000236145012565	0.999763882867
912.088809156	3.28696062259e+15	-3.01493279747e+13	0.000236797712677	0.999763230322
912.391839459	3.285868933e+15	-3.01393145576e+13	0.000237536045789	0.999762492164
912.694869762	3.28477796833e+15	-3.01293077897e+13	0.000238395971073	0.999761632443
912.997900065	3.28368772785e+15	-3.01193076644e+13	0.000239433902787	0.999760594759
913.300930368	3.28259821086e+15	-3.01093141752e+13	0.000240736948486	0.999759292026
913.603960671	3.28150941661e+15	-3.00993273153e+13	0.000242441165934	0.999757588221
913.906990974	3.28042134441e+15	-3.00893470783e+13	0.00024475956583	0.999755270385
914.210021277	3.27933399353e+15	-3.00793734576e+13	0.000248035898473	0.99975199486
914.513051581	3.27824736325e+15	-3.00694064465e+13	0.00025282892308	0.999747203035
914.816081884	3.27716145285e+15	-3.00594460385e+13	0.000260153228898	0.999739880608
915.119112187	3.27607626163e+15	-3.0049492227e+13	0.000272054372008	0.999727982631
915.42214249	3.27499178887e+15	-3.00395450055e+13	0.000293217442621	0.999706825541
915.725172793	3.27390803385e+15	-3.00296043674e+13	0.000334514085667	0.999665541858
916.028203096	3.27282499586e+15	-3.00196703062e+13	0.000417831440422	0.999582255839
916.331233399	3.27174267419e+15	-3.00097428154e+13	0.000574490595528	0.999425674393
916.634263702	3.27066106813e+15	-2.99998218885e+13	0.000822006239509	0.999178331515
916.937294005	3.26958017697e+15	-2.99899075189e+13	0.00111853150373	0.998882093819
917.240324308	3.2685e+15	-2.99799997002e+13	0.00134146334244	0.998659436017
917.543354611	3.26742053652e+15	-2.99700984258e+13	0.00135200986836	0.998648903685
917.846384914	3.26634178581e+15	-2.99602036894e+13	0.00111498639566	0.998885634971
918.149415217	3.26526374718e+15	-2.99503154843e+13	0.000741382695058	0.999258892061
918.45244552	3.26418641991e+15	-2.99404338042e+13	0.000394138335946	0.999605939326
918.755475823	3.26310980331e+15	-2.99305586426e+13	0.000166723474482	0.999833290423
919.058506126	3.26203389666e+15	-2.9920689993e+13	5.59835838862e-05	0.999944017983
919.361536429	3.26095869928e+15	-2.9910827849e+13	1.49475662636e-05	0.999985052545
919.664566732	3.25988421045e+15	-2.99009722042e+13	3.2254594005e-06	0.999996774546
919.967597035	3.25881042948e+15	-2.98911230521e+13	6.15338419678e-07	0.999999384662
920.270627338	3.25773735566e+15	-2.98812803864e+13	1.49431392387e-07	0.999999850569
920.573657641	3.25666498831e+15	-2.98714442006e+13	7.41740334175e-08	0.999999925826
920.876687944	3.25559332672e+15	-2.98616144883e+13	5.65745696216e-08	0.999999943425
921.179718247	3.25452237019e+15	-2.98517912432e+13	4.76361056982e-08	0.999999952364
921.48274855	3.25345211803e+15	-2.98419744588e+13	4.08163384793e-08	0.999999959184
921.785778853	3.25238256955e+15	-2.98321641289e+13	3.57869260976e-08	0.999999964213
922.088809156	3.25131372405e+15	-2.98223602469e+13	3.17434897121e-08	0.999999968257
922.391839459	3.25024558083e+15	-2.98125628066e+13	2.84315348896e-08	0.999999971568
922.694869762	3.24917813922e+15	-2.98027718017e+13	2.56760776749e-08	0.999999974324
922.997900065	3.24811139851e+15	-2.97929872257e+13	2.33536680024e-08	0.999999976646
923.300930368	3.24704535801e+15	-2.97832090724e+13	2.13940723564e-08	0.999999978606
923.603960671	3.24598001704e+15	-2.97734373355e+13	1.96908072529e-08	0.999999980309
923.906990974	3.24491537491e+15	-2.97636720085e+13	1.82114928863e-08	0.999999981789
924.210021277	3.24385143093e+15	-2.97539130853e+13	1.69170466601e-08	0.999999983083
924.513051581	3.24278818441e+15	-2.97441605595e+13	1.57763286453e-08	0.999999984224
924.816081884	3.24172563467e+15	-2.97344144248e+13	1.47598792678e-08	0.99999998524
925.119112187	3.24066378103e+15	-2.9724674675e+13	1.38711014547e-08	0.999999986129
925.42214249	3.23960262279e+15	-2.97149413038e+13	1.30625780818e-08	0.999999986937
925.725172793	3.23854215928e+15	-2.97052143049e+13	1.23342762198e-08	0.999999987666
926.028203096	3.23748238982e+15	-2.9695493672e+13	1.16760370722e-08	0.999999988324
926.331233399	3.23642331372e+15	-2.9685779399e+13	1.10789368274e-08	0.999999988921
926.634263702	3.23536493031e+15	-2.96760714795e+13	1.05326583901e-08	0.999999989467
926.937294005	3.23430723889e+15	-2.96663699073e+13	1.00267751025e-08	0.999999989973
927.240324308	3.23325023881e+15	-2.96566746763e+13	9.57479315745e-09	0.999999990425
