912.0	3.28728070175e+15	-3.19716705643e+13	0.00054715208989	0.999452997571
912.399870563	3.2858400102e+15	-3.19576585829e+13	0.000547696817539	0.999452453141
912.799741126	3.2844005809e+15	-3.1943658878e+13	0.000548241848463	0.999451908409
913.199611689	3.28296241219e+15	-3.19296714334e+13	0.000548787182699	0.999451363373
913.599482252	3.28152550241e+15	-3.1915696233e+13	0.000549332820284	0.999450818035
913.999352814	3.28008984992e+15	-3.19017332608e+13	0.000549878761252	0.999450272394
914.399223377	3.27865545306e+15	-3.18877825008e+13	0.000550425005639	0.99944972645
914.79909394	3.27722231019e+15	-3.18738439368e+13	0.000550971553482	0.999449180203
915.198964503	3.27579041966e+15	-3.1859917553e+13	0.000551518404816	0.999448633654
915.598835066	3.27435977983e+15	-3.18460033334e+13	0.000552065559678	0.9994480868
915.998705629	3.27293038907e+15	-3.1832101262e+13	0.000552613018102	0.999447539644
916.398576192	3.27150224574e+15	-3.1818211323e+13	0.000553160780125	0.999446992185
916.798446755	3.2700753482e+15	-3.18043335004e+13	0.000553708845782	0.999446444423
917.198317318	3.26864969483e+15	-3.17904677784e+13	0.000554257215109	0.999445896357
917.59818788	3.267225284e+15	-3.17766141412e+13	0.000554805888143	0.999445347988
917.998058443	3.2658021141e+15	-3.17627725731e+13	0.000555354864918	0.999444799316
918.397929006	3.26438018348e+15	-3.17489430581e+13	0.00055590414547	0.999444250341
918.797799569	3.26295949055e+15	-3.17351255807e+13	0.000556453729836	0.999443701062
919.197670132	3.26154003368e+15	-3.17213201251e+13	0.000557003618051	0.99944315148
919.597540695	3.26012181126e+15	-3.17075266756e+13	0.00055755381015	0.999442601594
919.997411258	3.25870482168e+15	-3.16937452165e+13	0.000558104306169	0.999442051405
920.397281821	3.25728906334e+15	-3.16799757323e+13	0.000558655106144	0.999441500913
920.797152384	3.25587453462e+15	-3.16662182073e+13	0.000559206210111	0.999440950117
921.197022946	3.25446123394e+15	-3.16524726259e+13	0.000559757618105	0.999440399017
921.596893509	3.25304915969e+15	-3.16387389727e+13	0.000560309330162	0.999439847614
921.996764072	3.25163831027e+15	-3.1625017232e+13	0.000560861346317	0.999439295907
922.396634635	3.25022868409e+15	-3.16113073885e+13	0.000561413666607	0.999438743897
922.796505198	3.24882027957e+15	-3.15976094265e+13	0.000561966291066	0.999438191582
923.196375761	3.24741309511e+15	-3.15839233308e+13	0.000562519219731	0.999437638965
923.596246324	3.24600712913e+15	-3.15702490858e+13	0.000563072452637	0.999437086043
923.996116887	3.24460238004e+15	-3.15565866762e+13	0.000563625989819	0.999436532817
924.39598745	3.24319884628e+15	-3.15429360867e+13	0.000564179831313	0.999435979288
924.795858012	3.24179652626e+15	-3.15292973019e+13	0.000564733977155	0.999435425455
925.195728575	3.2403954184e+15	-3.15156703064e+13	0.000565288427379	0.999434871318
925.595599138	3.23899552114e+15	-3.15020550851e+13	0.000565843182023	0.999434316877
925.995469701	3.23759683292e+15	-3.14884516226e+13	0.000566398241121	0.999433762132
926.395340264	3.23619935215e+15	-3.14748599038e+13	0.000566953604708	0.999433207083
926.795210827	3.23480307729e+15	-3.14612799134e+13	0.000567509272821	0.99943265173
927.19508139	3.23340800677e+15	-3.14477116362e+13	0.000568065245494	0.999432096073
927.594951953	3.23201413903e+15	-3.14341550572e+13	0.000568621522764	0.999431540112
927.994822516	3.23062147251e+15	-3.14206101612e+13	0.000569178104665	0.999430983846
928.394693078	3.22923000568e+15	-3.1407076933e+13	0.000569734991233	0.999430427277
928.794563641	3.22783973697e+15	-3.13935553577e+13	0.000570292182504	0.999429870403
929.194434204	3.22645066484e+15	-3.13800454202e+13	0.000570849678513	0.999429313225
929.594304767	3.22506278774e+15	-3.13665471054e+13	0.000571407479295	0.999428755743
929.99417533	3.22367610414e+15	-3.13530603984e+13	0.000571965584886	0.999428197956
930.394045893	3.22229061249e+15	-3.13395852842e+13	0.000572523995321	0.999427639865
930.793916456	3.22090631127e+15	-3.13261217478e+13	0.000573082710635	0.99942708147
931.193787019	3.21952319892e+15	-3.13126697744e+13	0.000573641730865	0.99942652277
931.593657581	3.21814127394e+15	-3.12992293491e+13	0.000574201056045	0.999425963766
931.993528144	3.21676053477e+15	-3.12858004569e+13	0.00057476068621	0.999425404457
932.393398707	3.21538097991e+15	-3.12723830831e+13	0.000575320621396	0.999424844844
932.79326927	3.21400260783e+15	-3.12589772128e+13	0.000575880861639	0.999424284926
933.193139833	3.212625417e+15	-3.12455828313e+13	0.000576441406973	0.999423724703
933.593010396	3.21124940591e+15	-3.12321999238e+13	0.000577002257435	0.999423164176
933.992880959	3.20987457305e+15	-3.12188284756e+13	0.000577563413058	0.999422603345
934.392751522	3.2085009169e+15	-3.12054684718e+13	0.000578124873879	0.999422042208
934.792622085	3.20712843595e+15	-3.1192119898e+13	0.000578686639933	0.999421480767
935.192492647	3.20575712869e+15	-3.11787827393e+13	0.000579248711255	0.999420919021
935.59236321	3.20438699362e+15	-3.11654569812e+13	0.00057981108788	0.99942035697
935.992233773	3.20301802924e+15	-3.1152142609e+13	0.000580373769843	0.999419794614
936.392104336	3.20165023404e+15	-3.11388396082e+13	0.000580936757181	0.999419231954
936.791974899	3.20028360653e+15	-3.11255479642e+13	0.000581500049927	0.999418668988
937.191845462	3.19891814522e+15	-3.11122676625e+13	0.000582063648118	0.999418105718
937.591716025	3.19755384861e+15	-3.10989986885e+13	0.000582627551788	0.999417542143
937.991586588	3.19619071521e+15	-3.10857410277e+13	0.000583191760972	0.999416978262
938.391457151	3.19482874354e+15	-3.10724946658e+13	0.000583756275707	0.999416414077
938.791327713	3.19346793211e+15	-3.10592595882e+13	0.000584321096026	0.999415849586
939.191198276	3.19210827945e+15	-3.10460357806e+13	0.000584886221965	0.999415284791
939.591068839	3.19074978406e+15	-3.10328232285e+13	0.00058545165356	0.99941471969
939.990939402	3.18939244447e+15	-3.10196219176e+13	0.000586017390845	0.999414154284
940.390809965	3.18803625921e+15	-3.10064318336e+13	0.000586583433855	0.999413588573
940.790680528	3.18668122681e+15	-3.09932529621e+13	0.000587149782626	0.999413022556
941.190551091	3.1853273458e+15	-3.09800852889e+13	0.000587716437192	0.999412456234
941.590421654	3.18397461471e+15	-3.09669287996e+13	0.00058828339759	0.999411889607
941.990292217	3.18262303208e+15	-3.09537834801e+13	0.000588850663853	0.999411322675
942.390162779	3.18127259643e+15	-3.09406493161e+13	0.000589418236017	0.999410755437
942.790033342	3.17992330633e+15	-3.09275262935e+13	0.000589986114117	0.999410187893
943.189903905	3.1785751603e+15	-3.0914414398e+13	0.000590554298188	0.999409620045
943.589774468	3.1772281569e+15	-3.09013136155e+13	0.000591122788265	0.99940905189
943.989645031	3.17588229466e+15	-3.08882239318e+13	0.000591691584383	0.999408483431
944.389515594	3.17453757215e+15	-3.0875145333e+13	0.000592260686577	0.999407914665
944.789386157	3.17319398792e+15	-3.08620778049e+13	0.000592830094883	0.999407345594
945.18925672	3.17185154051e+15	-3.08490213335e+13	0.000593399809334	0.999406776218
945.589127283	3.17051022849e+15	-3.08359759046e+13	0.000593969829966	0.999406206535
945.988997845	3.16917005042e+15	-3.08229415045e+13	0.000594540156815	0.999405636547
946.388868408	3.16783100486e+15	-3.08099181189e+13	0.000595110789914	0.999405066253
946.788738971	3.16649309038e+15	-3.07969057341e+13	0.000595681729299	0.999404495654
947.188609534	3.16515630554e+15	-3.07839043361e+13	0.000596252975006	0.999403924748
947.588480097	3.16382064891e+15	-3.07709139108e+13	0.000596824527068	0.999403353537
947.98835066	3.16248611907e+15	-3.07579344446e+13	0.00059739638552	0.99940278202
948.388221223	3.16115271459e+15	-3.07449659235e+13	0.000597968550398	0.999402210197
948.788091786	3.15982043404e+15	-3.07320083336e+13	0.000598541021737	0.999401638068
949.187962349	3.15848927601e+15	-3.07190616612e+13	0.000599113799571	0.999401065633
949.587832911	3.15715923909e+15	-3.07061258925e+13	0.000599686883935	0.999400492892
949.987703474	3.15583032184e+15	-3.06932010137e+13	0.000600260274865	0.999399919845
950.387574037	3.15450252287e+15	-3.0680287011e+13	0.000600833972394	0.999399346492
950.7874446	3.15317584075e+15	-3.06673838707e+13	0.000601407976558	0.999398772833
951.187315163	3.15185027408e+15	-3.06544915792e+13	0.000601982287392	0.999398198868
951.587185726	3.15052582146e+15	-3.06416101227e+13	0.00060255690493	0.999397624596
952.587185726	3.14721848553e+15	-3.06094433973e+13	0.000603995256586	0.999396187112
952.890216029	3.14621763302e+15	-3.0599709234e+13	0.000604431499547	0.999395751132
953.193246332	3.14521741686e+15	-3.05899812598e+13	0.000604867918731	0.999395314977
953.496276635	3.14421783647e+15	-3.0580259469e+13	0.000605304514153	0.999394878646
953.799306938	3.14321889122e+15	-3.05705438555e+13	0.000605741285828	0.999394442138
954.102337241	3.14222058052e+15	-3.05608344136e+13	0.000606178233772	0.999394005455
954.405367544	3.14122290376e+15	-3.05511311372e+13	0.000606615358	0.999393568596
954.708397847	3.14022586034e+15	-3.05414340207e+13	0.000607052658527	0.999393131561
955.01142815	3.13922944965e+15	-3.0531743058e+13	0.000607490135367	0.999392694349
955.314458453	3.13823367109e+15	-3.05220582434e+13	0.000607927788537	0.999392256962
955.617488756	3.13723852407e+15	-3.0512379571e+13	0.000608365618051	0.999391819399
955.920519059	3.13624400798e+15	-3.05027070349e+13	0.000608803623923	0.999391381659
956.223549362	3.13525012221e+15	-3.04930406293e+13	0.000609241806171	0.999390943744
956.526579665	3.13425686618e+15	-3.04833803484e+13	0.000609680164807	0.999390505652
956.829609968	3.13326423928e+15	-3.04737261864e+13	0.00061012375631	0.999390062331
957.132640271	3.13227224092e+15	-3.04640781374e+13	0.000610574891204	0.999389611472
957.435670574	3.1312808705e+15	-3.04544361957e+13	0.000611018624361	0.99938916801
957.738700877	3.13029012742e+15	-3.04448003555e+13	0.00061147042905	0.999388716481
958.04173118	3.12930001108e+15	-3.04351706109e+13	0.0006119221895	0.999388264997
958.344761483	3.1283105209e+15	-3.04255469562e+13	0.000612372890611	0.999387814571
958.647791786	3.12732165628e+15	-3.04159293856e+13	0.000612829833003	0.999387357909
958.95082209	3.12633341663e+15	-3.04063178934e+13	0.000613287461057	0.999386900561
959.253852393	3.12534580135e+15	-3.03967124737e+13	0.000613748307603	0.999386439997
959.556882696	3.12435880985e+15	-3.03871131209e+13	0.000614213746291	0.999385974844
959.859912999	3.12337244154e+15	-3.03775198291e+13	0.000614684889736	0.99938550399
960.162943302	3.12238669584e+15	-3.03679325927e+13	0.000615162286587	0.999385026887
960.465973605	3.12140157214e+15	-3.03583514059e+13	0.000615649567665	0.999384539906
960.769003908	3.12041706987e+15	-3.0348776263e+13	0.000616153162083	0.999384036621
961.072034211	3.11943318844e+15	-3.03392071583e+13	0.00061667827153	0.999383511835
961.375064514	3.11844992726e+15	-3.0329644086e+13	0.000617244972185	0.999382945484
961.678094817	3.11746728574e+15	-3.03200870405e+13	0.00061788308155	0.999382307769
961.98112512	3.11648526329e+15	-3.0310536016e+13	0.000618656449175	0.999381534879
962.284155423	3.11550385934e+15	-3.03009910069e+13	0.000619660439376	0.999380531511
962.587185726	3.11452307329e+15	-3.02914520075e+13	0.000621002562945	0.999379190219
962.890216029	3.11354290457e+15	-3.02819190122e+13	0.000622724388603	0.999377469464
963.193246332	3.1125633526e+15	-3.02723920151e+13	0.000624744861453	0.999375450251
963.496276635	3.11158441678e+15	-3.02628710108e+13	0.000626869066723	0.999373327375
963.799306938	3.11060609654e+15	-3.02533559935e+13	0.000628864437137	0.999371333257
964.102337241	3.1096283913e+15	-3.02438469576e+13	0.000630608549144	0.999369590243
964.405367544	3.10865130047e+15	-3.02343438975e+13	0.000632154990935	0.999368044777
964.708397847	3.10767482349e+15	-3.02248468075e+13	0.000633634997237	0.999366565707
965.01142815	3.10669895977e+15	-3.0215355682e+13	0.000635253129941	0.999364948601
965.314458453	3.10572370873e+15	-3.02058705154e+13	0.00063725070147	0.9993629523
965.617488756	3.1047490698e+15	-3.0196391302e+13	0.000640144563961	0.999360060285
965.920519059	3.1037750424e+15	-3.01869180364e+13	0.000645791906587	0.999354416572
966.223549362	3.10280162596e+15	-3.01774507128e+13	0.000655426534642	0.99934478821
966.526579665	3.10182881989e+15	-3.01679893256e+13	0.000658209568603	0.999342007004
966.829609968	3.10085662364e+15	-3.01585338694e+13	0.000661389378035	0.999338829292
967.132640271	3.09988503662e+15	-3.01490843386e+13	0.000665214705431	0.999335006501
967.435670574	3.09891405825e+15	-3.01396407274e+13	0.00067003315924	0.999330191263
967.738700877	3.09794368798e+15	-3.01302030305e+13	0.000675571669906	0.999324656477
968.04173118	3.09697392523e+15	-3.01207712423e+13	0.000682211904323	0.999318020749
968.344761483	3.09600476942e+15	-3.01113453571e+13	0.000690391661776	0.999309846604
968.647791786	3.09503622e+15	-3.01019253695e+13	0.000700745909289	0.999299499556
968.95082209	3.09406827638e+15	-3.00925112739e+13	0.000714166229406	0.999286088727
969.253852393	3.093100938e+15	-3.00831030648e+13	0.000731988747026	0.999268279091
969.556882696	3.0921342043e+15	-3.00737007367e+13	0.000756273168956	0.999244012734
969.859912999	3.09116807471e+15	-3.00643042841e+13	0.00079032765879	0.999209984568
970.162943302	3.09020254865e+15	-3.00549137014e+13	0.000839762488878	0.999160590013
970.465973605	3.08923762558e+15	-3.00455289832e+13	0.000914441545396	0.999085976429
970.769003908	3.08827330491e+15	-3.00361501239e+13	0.00103150767397	0.998969024147
971.072034211	3.08730958609e+15	-3.00267771182e+13	0.00121776397313	0.998782977201
971.375064514	3.08634646855e+15	-3.00174099604e+13	0.00150471467678	0.998496416839
971.678094817	3.08538395173e+15	-3.00080486452e+13	0.00190555774426	0.998096256678
971.98112512	3.08442203508e+15	-2.99986931671e+13	0.00237303859561	0.997629774835
972.284155423	3.08346071802e+15	-2.99893435206e+13	0.00277032969024	0.997233504132
972.587185726	3.0825e+15	-2.99799997002e+13	0.00291144043693	0.997092793696
972.890216029	3.08153988046e+15	-2.99706617006e+13	0.00268098508743	0.997322605544
973.193246332	3.08058035883e+15	-2.99613295162e+13	0.0021385466381	0.997863738424
973.496276635	3.07962143457e+15	-2.99520031417e+13	0.00149070282371	0.998510407722
973.799306938	3.07866310711e+15	-2.99426825716e+13	0.000945303323871	0.999055143335
974.102337241	3.0777053759e+15	-2.99333678006e+13	0.000591117104317	0.999409057571
974.405367544	3.07674824037e+15	-2.99240588231e+13	0.000398527746859	0.999601551655
974.708397847	3.07579169998e+15	-2.99147556338e+13	0.000296490921566	0.999703553028
975.01142815	3.07483575417e+15	-2.99054582274e+13	0.000232888183016	0.999767138933
975.314458453	3.07388040238e+15	-2.98961665983e+13	0.000185682265918	0.999814334972
975.617488756	3.07292564407e+15	-2.98868807413e+13	0.000149099215675	0.999850911899
975.920519059	3.07197147867e+15	-2.98776006509e+13	0.000121414319627	0.999878593051
976.223549362	3.07101790564e+15	-2.98683263218e+13	0.000100835825793	0.999899169258
976.526579665	3.07006492443e+15	-2.98590577486e+13	8.54393572841e-05	0.999914564293
976.829609968	3.06911253447e+15	-2.9849794926e+13	7.36697294227e-05	0.999926332984
977.132640271	3.06816073524e+15	-2.98405378486e+13	6.44532518493e-05	0.999935548825
977.435670574	3.06720952617e+15	-2.98312865111e+13	5.70525963894e-05	0.999942949031
977.738700877	3.06625890671e+15	-2.9822040908e+13	5.10133429538e-05	0.999948987958
978.04173118	3.06530887632e+15	-2.98128010342e+13	4.60023385898e-05	0.99995399872
978.344761483	3.06435943445e+15	-2.98035668843e+13	4.1792243408e-05	0.99995820863
978.647791786	3.06341058056e+15	-2.97943384529e+13	3.82066554903e-05	0.999961794074
978.95082209	3.06246231409e+15	-2.97851157348e+13	3.512914976e-05	0.999964871467
979.253852393	3.06151463451e+15	-2.97758987246e+13	3.24549355811e-05	0.999967545591
979.556882696	3.06056754126e+15	-2.9766687417e+13	3.01194384168e-05	0.999969881015
979.859912999	3.05962103381e+15	-2.97574818068e+13	2.806393375e-05	0.99997193646
980.162943302	3.05867511161e+15	-2.97482818887e+13	2.62449401043e-05	0.999973755404
980.465973605	3.05772977412e+15	-2.97390876574e+13	2.46288948244e-05	0.999975371408
980.769003908	3.05678502079e+15	-2.97298991076e+13	2.31731123324e-05	0.999976827156
981.072034211	3.05584085109e+15	-2.9720716234e+13	2.18680479499e-05	0.999978132191
981.375064514	3.05489726447e+15	-2.97115390315e+13	2.06878351143e-05	0.999979312379
981.678094817	3.05395426039e+15	-2.97023674947e+13	1.96168982766e-05	0.999980383294
981.98112512	3.05301183832e+15	-2.96932016184e+13	1.86418782278e-05	0.999981358296
982.284155423	3.05206999772e+15	-2.96840413974e+13	1.77508679996e-05	0.99998224929
982.587185726	3.05112873804e+15	-2.96748868264e+13	1.69327695443e-05	0.999983067374
