912.0	3.28728070175e+15	-3.00254926285e+13	0.00034110776069	0.99965895041
911.801857653	3.28799505598e+15	-3.00320174251e+13	0.000303339333741	0.999696706669
911.603715306	3.28870972075e+15	-3.00385450581e+13	0.000279603398457	0.999720435687
911.405572958	3.28942469626e+15	-3.00450755293e+13	0.000264372344555	0.999735662599
911.207430611	3.29013998271e+15	-3.00516088407e+13	0.000254209829113	0.999745822479
911.009288264	3.29085558031e+15	-3.0058144994e+13	0.000247121212075	0.99975290932
910.811145917	3.29157148926e+15	-3.00646839911e+13	0.00024198597926	0.999758043297
910.613003569	3.29228770976e+15	-3.00712258339e+13	0.000238155334067	0.999761873023
910.414861222	3.29300424202e+15	-3.00777705242e+13	0.000235234233076	0.999764793432
910.216718875	3.29372108623e+15	-3.00843180639e+13	0.000232966951218	0.999767060183
910.018576528	3.29443824261e+15	-3.00908684549e+13	0.000231179098859	0.999768847621
909.820434181	3.29515571136e+15	-3.00974216989e+13	0.000229747307816	0.999770279082
909.622291833	3.29587349267e+15	-3.0103977798e+13	0.000228582239605	0.999771443883
909.424149486	3.29659158677e+15	-3.01105367539e+13	0.000227618237352	0.999772407666
909.226007139	3.29730999384e+15	-3.01170985685e+13	0.000226806653844	0.999773219065
909.027864792	3.2980287141e+15	-3.01236632437e+13	0.000226111225721	0.999773914335
908.829722445	3.29874774775e+15	-3.01302307813e+13	0.00022550486464	0.99977452056
908.631580097	3.29946709499e+15	-3.01368011832e+13	0.000224967263145	0.99977505804
908.43343775	3.30018675603e+15	-3.01433744514e+13	0.000224483202401	0.999775541992
908.235295403	3.30090673108e+15	-3.01499505876e+13	0.000224041246387	0.999775983849
908.037153056	3.30162702034e+15	-3.01565295938e+13	0.000223632793652	0.99977639221
907.839010708	3.30234762401e+15	-3.01631114718e+13	0.000223251353851	0.999776773565
907.640868361	3.30306854231e+15	-3.01696962235e+13	0.000222892017323	0.999777132821
907.442726014	3.30378977544e+15	-3.01762838508e+13	0.000222551054159	0.999777473708
907.244583667	3.3045113236e+15	-3.01828743556e+13	0.000218343592753	0.999781680242
907.04644132	3.305233187e+15	-3.01894677398e+13	0.000216174454695	0.999783848909
906.848298972	3.30595536585e+15	-3.01960640052e+13	0.000216067202682	0.999783956138
906.650156625	3.30667786036e+15	-3.02026631537e+13	0.000215960020025	0.999784063298
906.452014278	3.30740067072e+15	-3.02092651873e+13	0.000215852876705	0.999784170418
906.253871931	3.30812379716e+15	-3.02158701078e+13	0.000215745767304	0.999784277504
906.055729584	3.30884723987e+15	-3.02224779171e+13	0.00021563869231	0.999784384556
905.857587236	3.30957099906e+15	-3.02290886171e+13	0.000215531652044	0.999784491573
905.659444889	3.31029507495e+15	-3.02357022097e+13	0.000215424636631	0.999784598566
905.461302542	3.31101946774e+15	-3.02423186969e+13	0.000215317650587	0.999784705529
905.263160195	3.31174417763e+15	-3.02489380804e+13	0.000215210696122	0.99978481246
905.065017847	3.31246920484e+15	-3.02555603623e+13	0.000215103766393	0.999784919367
904.8668755	3.31319454958e+15	-3.02621855444e+13	0.000214996867227	0.999785026243
904.668733153	3.31392021204e+15	-3.02688136286e+13	0.00021488999647	0.999785133091
904.470590806	3.31464619245e+15	-3.02754446168e+13	0.000214783153211	0.999785239911
904.272448459	3.31537249101e+15	-3.0282078511e+13	0.000214676342985	0.999785346698
904.074306111	3.31609910793e+15	-3.0288715313e+13	0.000214569563051	0.999785453455
903.876163764	3.31682604342e+15	-3.02953550247e+13	0.000214462817256	0.999785560178
903.678021417	3.31755329769e+15	-3.03019976482e+13	0.000214356103929	0.999785666869
903.47987907	3.31828087094e+15	-3.03086431852e+13	0.000214249421454	0.999785773528
903.281736723	3.3190087634e+15	-3.03152916378e+13	0.000214142771789	0.999785880155
903.083594375	3.31973697526e+15	-3.03219430077e+13	0.000214036153104	0.999785986751
902.885452028	3.32046550674e+15	-3.03285972971e+13	0.00021392956401	0.999786093317
902.687309681	3.32119435805e+15	-3.03352545076e+13	0.000213823006133	0.999786199852
902.489167334	3.32192352941e+15	-3.03419146414e+13	0.000213716478289	0.999786306357
902.291024986	3.32265302101e+15	-3.03485777003e+13	0.000213609979617	0.999786412833
902.092882639	3.32338283307e+15	-3.03552436863e+13	0.000213503511553	0.999786519279
901.894740292	3.32411296581e+15	-3.03619126012e+13	0.000213397073283	0.999786625694
901.696597945	3.32484341943e+15	-3.0368584447e+13	0.000213290664194	0.999786732081
901.498455598	3.32557419415e+15	-3.03752592257e+13	0.000213184285453	0.999786838437
901.30031325	3.32630529017e+15	-3.03819369392e+13	0.00021307793644	0.999786944763
901.102170903	3.32703670772e+15	-3.03886175893e+13	0.000212971616684	0.99978705106
900.904028556	3.327768447e+15	-3.03953011781e+13	0.000212865327112	0.999787157327
900.705886209	3.32850050822e+15	-3.04019877075e+13	0.000212759067241	0.999787263564
900.507743862	3.3292328916e+15	-3.04086771794e+13	0.000212652836704	0.999787369772
900.309601514	3.32996559734e+15	-3.04153695958e+13	0.000212546636231	0.99978747595
900.111459167	3.33069862567e+15	-3.04220649586e+13	0.000212440465445	0.999787582098
899.91331682	3.3314319768e+15	-3.04287632698e+13	0.000212334324061	0.999787688217
899.715174473	3.33216565093e+15	-3.04354645312e+13	0.000212228212648	0.999787794306
899.517032125	3.33289964829e+15	-3.0442168745e+13	0.00021212213069	0.999787900366
899.318889778	3.33363396908e+15	-3.04488759129e+13	0.000212016078636	0.999788006395
899.120747431	3.33436861352e+15	-3.0455586037e+13	0.000211910056085	0.999788112395
898.922605084	3.33510358183e+15	-3.04622991193e+13	0.000211804063379	0.999788218366
898.724462737	3.33583887421e+15	-3.04690151616e+13	0.000211698100217	0.999788324306
898.526320389	3.33657449088e+15	-3.04757341659e+13	0.000211592166763	0.999788430217
898.328178042	3.33731043207e+15	-3.04824561342e+13	0.000211486263013	0.999788536099
898.130035695	3.33804669797e+15	-3.04891810685e+13	0.000211380388959	0.99978864195
897.931893348	3.33878328881e+15	-3.04959089707e+13	0.000211274544583	0.999788747772
897.733751001	3.3395202048e+15	-3.05026398428e+13	0.000211168729864	0.999788853565
897.535608653	3.34025744616e+15	-3.05093736867e+13	0.000211062944803	0.999788959327
897.337466306	3.3409950131e+15	-3.05161105045e+13	0.000210957189395	0.999789065061
897.139323959	3.34173290584e+15	-3.0522850298e+13	0.000210851463641	0.999789170764
896.941181612	3.3424711246e+15	-3.05295930693e+13	0.000210745767538	0.999789276438
896.743039264	3.34320966958e+15	-3.05363388204e+13	0.000210640101084	0.999789382082
896.544896917	3.34394854101e+15	-3.05430875531e+13	0.000210534464278	0.999789487697
896.34675457	3.34468773911e+15	-3.05498392695e+13	0.000210428857117	0.999789593281
896.148612223	3.34542726408e+15	-3.05565939717e+13	0.000210323279601	0.999789698837
895.950469876	3.34616711615e+15	-3.05633516614e+13	0.000210217731727	0.999789804362
895.752327528	3.34690729554e+15	-3.05701123408e+13	0.000210112213493	0.999789909859
895.554185181	3.34764780245e+15	-3.05768760118e+13	0.000210006724898	0.999790015325
895.356042834	3.34838863712e+15	-3.05836426764e+13	0.00020990126594	0.999790120762
895.157900487	3.34912979975e+15	-3.05904123366e+13	0.000209795836617	0.999790226169
894.95975814	3.34987129056e+15	-3.05971849944e+13	0.000209690436928	0.999790331547
894.761615792	3.35061310978e+15	-3.06039606517e+13	0.00020958506687	0.999790436895
894.563473445	3.35135525761e+15	-3.06107393106e+13	0.000209479726442	0.999790542213
894.365331098	3.35209773429e+15	-3.06175209731e+13	0.000209374415643	0.999790647502
894.167188751	3.35284054002e+15	-3.06243056411e+13	0.000209269134469	0.999790752761
893.969046403	3.35358367503e+15	-3.06310933167e+13	0.00020916388292	0.99979085799
893.770904056	3.35432713953e+15	-3.06378840018e+13	0.000209058660994	0.99979096319
893.572761709	3.35507093375e+15	-3.06446776985e+13	0.000208953468689	0.999791068361
893.374619362	3.3558150579e+15	-3.06514744087e+13	0.000208848306004	0.999791173501
893.176477015	3.3565595122e+15	-3.06582741346e+13	0.000208743172935	0.999791278612
892.978334667	3.35730429688e+15	-3.06650768779e+13	0.000208638069483	0.999791383694
892.78019232	3.35804941215e+15	-3.06718826409e+13	0.000208532995644	0.999791488746
892.582049973	3.35879485823e+15	-3.06786914255e+13	0.000208427951417	0.999791593768
892.383907626	3.35954063535e+15	-3.06855032336e+13	0.000208322936801	0.999791698761
893.383907626	3.35578016842e+15	-3.06511557339e+13	0.000208853235024	0.999791168573
893.686937929	3.35464229448e+15	-3.06407625764e+13	0.000209014080383	0.999791007762
893.989968232	3.35350519193e+15	-3.06303764647e+13	0.000209174995021	0.999790846881
894.292998535	3.35236886e+15	-3.06199973917e+13	0.000209335978945	0.99979068593
894.596028838	3.35123329789e+15	-3.06096253501e+13	0.000209497032162	0.999790524911
894.899059141	3.35009850483e+15	-3.05992603329e+13	0.000209658154678	0.999790363822
895.202089444	3.34896448003e+15	-3.05889023329e+13	0.000209819346499	0.999790202664
895.505119747	3.34783122273e+15	-3.05785513431e+13	0.000209980607631	0.999790041437
895.80815005	3.34669873213e+15	-3.05682073561e+13	0.000210141938081	0.99978988014
896.111180353	3.34556700745e+15	-3.05578703651e+13	0.000210303337855	0.999789718774
896.414210656	3.34443604794e+15	-3.05475403629e+13	0.00021046480696	0.999789557339
896.717240959	3.34330585279e+15	-3.05372173423e+13	0.000210626345402	0.999789395835
897.020271262	3.34217642125e+15	-3.05269012964e+13	0.000210787953186	0.999789234261
897.323301565	3.34104775254e+15	-3.0516592218e+13	0.00021094963032	0.999789072618
897.626331868	3.33991984589e+15	-3.05062901002e+13	0.00021111137681	0.999788910906
897.929362171	3.33879270052e+15	-3.04959949357e+13	0.000211273192662	0.999788749124
898.232392474	3.33766631566e+15	-3.04857067177e+13	0.000211435077882	0.999788587273
898.535422777	3.33654069055e+15	-3.04754254391e+13	0.000211597032546	0.999788425353
898.83845308	3.33541582442e+15	-3.04651510928e+13	0.000211759056618	0.999788263363
899.141483383	3.33429171649e+15	-3.04548836719e+13	0.000211921150127	0.999788101304
899.444513686	3.33316836601e+15	-3.04446231694e+13	0.000212083313084	0.999787939175
899.747543989	3.3320457722e+15	-3.04343695782e+13	0.000212245545507	0.999787776977
900.050574292	3.33092393431e+15	-3.04241228914e+13	0.000212407847124	0.99978761471
900.353604595	3.32980285157e+15	-3.04138831021e+13	0.000212570218469	0.999787452373
900.656634898	3.32868252321e+15	-3.04036502032e+13	0.000212732659333	0.999787289967
900.959665202	3.32756294848e+15	-3.03934241877e+13	0.000212895169299	0.999787127491
901.262695505	3.32644412662e+15	-3.03832050489e+13	0.00021305774921	0.999786964946
901.565725808	3.32532605686e+15	-3.03729927796e+13	0.000213220398176	0.999786802332
901.868756111	3.32420873845e+15	-3.03627873731e+13	0.000213383117287	0.999786639647
902.171786414	3.32309217064e+15	-3.03525888224e+13	0.00021354590544	0.999786476894
902.474816717	3.32197635266e+15	-3.03423971205e+13	0.000213708764088	0.99978631407
902.77784702	3.32086128376e+15	-3.03322122606e+13	0.000213871691971	0.999786151177
903.080877323	3.31974696318e+15	-3.03220342358e+13	0.000214034691295	0.999785988212
903.383907626	3.31863339018e+15	-3.03118630392e+13	0.000214197761142	0.999785825178
903.686937929	3.317520564e+15	-3.0301698664e+13	0.000214360905393	0.999785662068
903.989968232	3.3164084839e+15	-3.02915411032e+13	0.000214524123485	0.999785498885
904.292998535	3.31529714911e+15	-3.02813903501e+13	0.0002146874192	0.999785335624
904.596028838	3.31418655889e+15	-3.02712463978e+13	0.000214850787631	0.999785172291
904.899059141	3.3130767125e+15	-3.02611092394e+13	0.000215014228618	0.999785008885
905.202089444	3.31196760918e+15	-3.02509788682e+13	0.000215177736538	0.999784845413
905.505119747	3.31085924819e+15	-3.02408552773e+13	0.000215341309857	0.999784681874
905.80815005	3.30975162879e+15	-3.023073846e+13	0.000215504945284	0.999784518274
906.111180353	3.30864475023e+15	-3.02206284093e+13	0.000215668658043	0.999784354597
906.414210656	3.30753861177e+15	-3.02105251186e+13	0.000215832438842	0.999784190851
906.717240959	3.30643321266e+15	-3.0200428581e+13	0.000215996302685	0.999784027023
907.020271262	3.30532855217e+15	-3.01903387899e+13	0.000216160284419	0.999783863077
907.323301565	3.30422462955e+15	-3.01802557384e+13	0.000220692098587	0.999779332252
907.626331868	3.30312144407e+15	-3.01701794197e+13	0.0002228664174	0.999777158415
907.929362171	3.30201899499e+15	-3.01601098272e+13	0.00022342228202	0.999776602675
908.232392474	3.30091728157e+15	-3.01500469541e+13	0.000224035038811	0.999775990055
908.535422777	3.29981630307e+15	-3.01399907937e+13	0.00022472644998	0.999775298799
908.83845308	3.29871605877e+15	-3.01299413392e+13	0.000225530005502	0.999774495424
909.141483383	3.29761654791e+15	-3.01198985841e+13	0.000226497548694	0.9997735281
909.444513686	3.29651776978e+15	-3.01098625214e+13	0.000227709573956	0.99977231635
909.747543989	3.29541972364e+15	-3.00998331447e+13	0.00022929161689	0.999770734668
910.050574292	3.29432240876e+15	-3.00898104472e+13	0.000231440954916	0.999768585825
910.353604595	3.29322582441e+15	-3.00797944222e+13	0.000234472848712	0.999765554638
910.656634898	3.29212996986e+15	-3.0069785063e+13	0.000238909682915	0.999761118854
910.959665202	3.29103484438e+15	-3.00597823631e+13	0.000245683103666	0.999754347074
911.262695505	3.28994044724e+15	-3.00497863157e+13	0.000256670498832	0.999743362438
911.565725808	3.28884677772e+15	-3.00397969143e+13	0.000276155540909	0.999723882587
911.868756111	3.28775383509e+15	-3.00298141522e+13	0.000314176553734	0.999685872795
912.171786414	3.28666161863e+15	-3.00198380229e+13	0.000391212964134	0.99960886355
912.474816717	3.28557012761e+15	-3.00098685195e+13	0.000537235494458	0.999462908791
912.77784702	3.28447936131e+15	-2.99999056357e+13	0.000770257699901	0.999230038872
913.080877323	3.28338931902e+15	-2.99899493648e+13	0.00105251571801	0.998948037982
913.383907626	3.2823e+15	-2.99799997002e+13	0.00126797417806	0.998732829362
913.686937929	3.28121140354e+15	-2.99700566353e+13	0.00128242282076	0.998718399132
913.989968232	3.28012352893e+15	-2.99601201637e+13	0.00105953103795	0.998941030067
914.292998535	3.27903637543e+15	-2.99501902786e+13	0.000704366754491	0.999295881254
914.596028838	3.27794994235e+15	-2.99402669736e+13	0.000373539111617	0.999626530645
914.899059141	3.27686422895e+15	-2.99303502422e+13	0.000157204959074	0.999842807397
915.202089444	3.27577923453e+15	-2.99204400778e+13	5.23288305845e-05	0.999947672539
915.505119747	3.27469495837e+15	-2.99105364738e+13	1.37478148172e-05	0.99998625228
915.80815005	3.27361139976e+15	-2.99006394238e+13	2.84809735725e-06	0.999997151907
916.111180353	3.27252855799e+15	-2.98907489213e+13	4.66177162679e-07	0.999999533823
916.414210656	3.27144643234e+15	-2.98808649598e+13	6.13102015471e-08	0.99999993869
916.717240959	3.27036502211e+15	-2.98709875328e+13	7.60320848951e-09	0.999999992397
917.020271262	3.26928432659e+15	-2.98611166338e+13	1.83225709037e-09	0.999999998168
917.323301565	3.26820434506e+15	-2.98512522563e+13	1.18699520515e-09	0.999999998813
917.626331868	3.26712507682e+15	-2.98413943939e+13	1.00141715459e-09	0.999999998999
917.929362171	3.26604652117e+15	-2.98315430401e+13	8.76969612118e-10	0.999999999123
918.232392474	3.2649686774e+15	-2.98216981886e+13	7.77986542713e-10	0.999999999222
918.535422777	3.2638915448e+15	-2.98118598327e+13	6.96918502494e-10	0.999999999303
918.83845308	3.26281512267e+15	-2.98020279662e+13	6.29462369567e-10	0.999999999371
919.141483383	3.26173941031e+15	-2.97922025826e+13	5.72593764923e-10	0.999999999427
919.444513686	3.26066440701e+15	-2.97823836755e+13	5.24608425484e-10	0.999999999475
919.747543989	3.25959011208e+15	-2.97725712385e+13	4.82887498907e-10	0.999999999517
920.050574292	3.25851652482e+15	-2.97627652652e+13	4.46651040075e-10	0.999999999553
920.353604595	3.25744364452e+15	-2.97529657492e+13	4.14935733061e-10	0.999999999585
920.656634898	3.25637147049e+15	-2.97431726842e+13	3.86981046674e-10	0.999999999613
920.959665202	3.25530000203e+15	-2.97333860637e+13	3.62077684123e-10	0.999999999638
921.262695505	3.25422923845e+15	-2.97236058814e+13	3.40297415634e-10	0.99999999966
921.565725808	3.25315917904e+15	-2.9713832131e+13	3.20481613521e-10	0.99999999968
921.868756111	3.25208982312e+15	-2.97040648061e+13	3.02630398921e-10	0.999999999697
922.171786414	3.25102116999e+15	-2.96943039004e+13	2.86499285563e-10	0.999999999714
922.474816717	3.24995321896e+15	-2.96845494076e+13	2.71861893414e-10	0.999999999728
922.77784702	3.24888596934e+15	-2.96748013213e+13	2.5845502587e-10	0.999999999742
923.080877323	3.24781942043e+15	-2.96650596352e+13	2.46029396617e-10	0.999999999754
923.383907626	3.24675357155e+15	-2.9655324343e+13	2.34997127764e-10	0.999999999765
