912.0	3.28728070175e+15	-3.00072083713e+13	0.000576916366349	0.999423250018
911.796239347	3.28801531595e+15	-3.00139141332e+13	0.000456649452718	0.999543454796
911.592478695	3.28875025855e+15	-3.00206228928e+13	0.000374126255002	0.999625943721
911.388718042	3.28948552977e+15	-3.00273346521e+13	0.000321120238035	0.999678931316
911.18495739	3.29022112984e+15	-3.00340494133e+13	0.000288171573365	0.999711869944
910.981196737	3.29095705898e+15	-3.00407671783e+13	0.000267657367944	0.999732378449
910.777436085	3.2916933174e+15	-3.0047487949e+13	0.000254497158741	0.999745535223
910.573675432	3.29242990533e+15	-3.00542117277e+13	0.000245662673812	0.999754367499
910.36991478	3.29316682299e+15	-3.00609385161e+13	0.000239461329924	0.999760567339
910.166154127	3.2939040706e+15	-3.00676683165e+13	0.000234946683431	0.999765080914
909.962393475	3.29464164838e+15	-3.00744011308e+13	0.00023156946377	0.999768457346
909.758632822	3.29537955655e+15	-3.00811369609e+13	0.000228990153691	0.999771036063
909.55487217	3.29611779534e+15	-3.00878758091e+13	0.000226985517746	0.999773040242
909.351111517	3.29685636497e+15	-3.00946176772e+13	0.000225401752836	0.999774623648
909.147350865	3.29759526566e+15	-3.01013625673e+13	0.000224129536541	0.999775895579
908.943590212	3.29833449763e+15	-3.01081104815e+13	0.000223089694946	0.999776935188
908.739829559	3.29907406111e+15	-3.01148614218e+13	0.000222224227145	0.999777800463
908.536068907	3.29981395632e+15	-3.01216153901e+13	0.000221490351929	0.999778534175
908.332308254	3.30055418348e+15	-3.01283723887e+13	0.000220856395424	0.999779167992
908.128547602	3.30129474282e+15	-3.01351324194e+13	0.000220298837953	0.999779725426
907.924786949	3.30203563455e+15	-3.01418954843e+13	0.00021980019743	0.999780223957
907.721026297	3.30277685891e+15	-3.01486615856e+13	0.000219347452196	0.999780676603
907.517265644	3.30351841612e+15	-3.01554307251e+13	0.000218930890661	0.999781093073
907.313504992	3.30426030639e+15	-3.01622029051e+13	0.000218543251726	0.999781480627
907.109744339	3.30500252997e+15	-3.01689781274e+13	0.000218179089139	0.99978184471
906.905983687	3.30574508706e+15	-3.01757563942e+13	0.000217834301785	0.999782189422
906.702223034	3.3064879779e+15	-3.01825377075e+13	0.000213910187809	0.999786112689
906.498462382	3.30723120271e+15	-3.01893220695e+13	0.00021157208139	0.999788450298
906.294701729	3.30797476172e+15	-3.0196109482e+13	0.000211464123372	0.999788558234
906.090941077	3.30871865515e+15	-3.02028999472e+13	0.000211356207059	0.999788666127
905.887180424	3.30946288322e+15	-3.02096934672e+13	0.000211248324977	0.999788773986
905.683419772	3.31020744617e+15	-3.0216490044e+13	0.000211140474748	0.999788881814
905.479659119	3.31095234422e+15	-3.02232896797e+13	0.000211032656291	0.99978898961
905.275898466	3.31169757759e+15	-3.02300923763e+13	0.000210924868767	0.999789097374
905.072137814	3.31244314651e+15	-3.02368981359e+13	0.000210817113067	0.999789205107
904.868377161	3.31318905121e+15	-3.02437069606e+13	0.000210709386865	0.999789312811
904.664616509	3.31393529192e+15	-3.02505188525e+13	0.000210601691887	0.999789420483
904.460855856	3.31468186886e+15	-3.02573338135e+13	0.000210494026377	0.999789528126
904.257095204	3.31542878226e+15	-3.02641518459e+13	0.000210386391887	0.999789635738
904.053334551	3.31617603234e+15	-3.02709729516e+13	0.000210278787361	0.99978974332
903.849573899	3.31692361935e+15	-3.02777971328e+13	0.000210171214289	0.99978985087
903.645813246	3.31767154349e+15	-3.02846243916e+13	0.000210063672444	0.999789958389
903.442052594	3.318419805e+15	-3.02914547299e+13	0.000209956161656	0.999790065878
903.238291941	3.31916840412e+15	-3.02982881499e+13	0.000209848682867	0.999790173334
903.034531289	3.31991734106e+15	-3.03051246538e+13	0.000209741235591	0.999790280759
902.830770636	3.32066661606e+15	-3.03119642434e+13	0.000209633819372	0.999790388152
902.627009984	3.32141622934e+15	-3.03188069211e+13	0.000209526434691	0.999790495514
902.423249331	3.32216618114e+15	-3.03256526888e+13	0.000209419081077	0.999790602846
902.219488678	3.32291647168e+15	-3.03325015487e+13	0.000209311758178	0.999790710146
902.015728026	3.32366710119e+15	-3.03393535028e+13	0.000209204466422	0.999790817415
901.811967373	3.32441806991e+15	-3.03462085532e+13	0.000209097205512	0.999790924654
901.608206721	3.32516937806e+15	-3.03530667021e+13	0.000208989975233	0.999791031862
901.404446068	3.32592102588e+15	-3.03599279515e+13	0.000208882775953	0.999791139039
901.200685416	3.32667301359e+15	-3.03667923036e+13	0.000208775607465	0.999791246185
900.996924763	3.32742534142e+15	-3.03736597604e+13	0.000208668469613	0.9997913533
900.793164111	3.32817800961e+15	-3.03805303241e+13	0.000208561362692	0.999791460385
900.589403458	3.32893101838e+15	-3.03874039967e+13	0.000208454286424	0.999791567439
900.385642806	3.32968436798e+15	-3.03942807805e+13	0.000208347241051	0.999791674462
900.181882153	3.33043805862e+15	-3.04011606774e+13	0.000208240226443	0.999791781454
899.978121501	3.33119209054e+15	-3.04080436896e+13	0.000208133242503	0.999791888416
899.774360848	3.33194646397e+15	-3.04149298192e+13	0.000208026289421	0.999791995347
899.570600196	3.33270117915e+15	-3.04218190684e+13	0.000207919367096	0.999792102247
899.366839543	3.3334562363e+15	-3.04287114392e+13	0.000207812475454	0.999792209116
899.16307889	3.33421163567e+15	-3.04356069338e+13	0.00020770561464	0.999792315955
898.959318238	3.33496737747e+15	-3.04425055543e+13	0.000207598784519	0.999792422763
898.755557585	3.33572346195e+15	-3.04494073029e+13	0.000207491985206	0.99979252954
898.551796933	3.33647988934e+15	-3.04563121816e+13	0.000207385216595	0.999792636286
898.34803628	3.33723665987e+15	-3.04632201925e+13	0.000207278478775	0.999792743002
898.144275628	3.33799377378e+15	-3.0470131338e+13	0.000207171771664	0.999792849687
897.940514975	3.33875123129e+15	-3.04770456199e+13	0.000207065095306	0.999792956341
897.736754323	3.33950903265e+15	-3.04839630406e+13	0.000206958449692	0.999793062965
897.53299367	3.34026717808e+15	-3.0490883602e+13	0.000206851834832	0.999793169558
897.329233018	3.34102566782e+15	-3.04978073065e+13	0.000206745250707	0.99979327612
897.125472365	3.34178450211e+15	-3.0504734156e+13	0.000206638697315	0.999793382651
896.921711713	3.34254368118e+15	-3.05116641528e+13	0.000206532174653	0.999793489152
896.71795106	3.34330320527e+15	-3.05185972991e+13	0.000206425682721	0.999793595622
896.514190408	3.3440630746e+15	-3.05255335968e+13	0.000206319221516	0.999793702061
896.310429755	3.34482328943e+15	-3.05324730482e+13	0.000206212791036	0.999793808469
896.106669102	3.34558384997e+15	-3.05394156555e+13	0.00020610639128	0.999793914847
895.90290845	3.34634475647e+15	-3.05463614208e+13	0.000206000022245	0.999794021194
895.699147797	3.34710600917e+15	-3.05533103463e+13	0.000205893683929	0.999794127511
895.495387145	3.34786760829e+15	-3.0560262434e+13	0.000205787376332	0.999794233796
895.291626492	3.34862955409e+15	-3.05672176862e+13	0.00020568109945	0.999794340051
895.08786584	3.34939184678e+15	-3.05741761051e+13	0.000205574853282	0.999794446276
894.884105187	3.35015448662e+15	-3.05811376927e+13	0.000205468637826	0.999794552469
894.680344535	3.35091747384e+15	-3.05881024514e+13	0.000205362453081	0.999794658632
894.476583882	3.35168080867e+15	-3.05950703831e+13	0.000205256299043	0.999794764765
894.27282323	3.35244449135e+15	-3.06020414901e+13	0.000205150175712	0.999794870866
894.069062577	3.35320852212e+15	-3.06090157746e+13	0.000205044083086	0.999794976937
893.865301925	3.35397290122e+15	-3.06159932388e+13	0.000204938021162	0.999795082977
893.661541272	3.35473762889e+15	-3.06229738847e+13	0.000204831989939	0.999795188987
893.45778062	3.35550270537e+15	-3.06299577147e+13	0.000204725989414	0.999795294966
893.254019967	3.35626813088e+15	-3.06369447308e+13	0.000204620019587	0.999795400914
893.050259315	3.35703390569e+15	-3.06439349352e+13	0.000204514080455	0.999795506831
892.846498662	3.35780003001e+15	-3.06509283302e+13	0.000204408172016	0.999795612718
892.642738009	3.35856650409e+15	-3.0657924918e+13	0.000204302294268	0.999795718574
892.438977357	3.35933332818e+15	-3.06649247006e+13	0.000204196447209	0.999795824399
892.235216704	3.3601005025e+15	-3.06719276803e+13	0.000204090630838	0.999795930194
892.031456052	3.36086802731e+15	-3.06789338593e+13	0.000203984845153	0.999796035958
891.827695399	3.36163590284e+15	-3.06859432398e+13	0.000203879090151	0.999796141692
892.827695399	3.35787074645e+15	-3.06515738495e+13	0.000204398400212	0.999795622488
893.130725702	3.35673145456e+15	-3.06411740776e+13	0.00020455591283	0.999795465007
893.433756005	3.35559293551e+15	-3.06307813604e+13	0.000204713493334	0.999795307459
893.736786308	3.35445518852e+15	-3.06203956907e+13	0.000204871141731	0.999795149843
894.039816611	3.35331821279e+15	-3.06100170614e+13	0.000205028858027	0.999794992159
894.342846914	3.35218200754e+15	-3.05996454652e+13	0.000205186642228	0.999794834407
894.645877218	3.351046572e+15	-3.05892808951e+13	0.000205344494341	0.999794676587
894.948907521	3.34991190537e+15	-3.05789233439e+13	0.000205502414371	0.9997945187
895.251937824	3.34877800688e+15	-3.05685728044e+13	0.000205660402325	0.999794360744
895.554968127	3.34764487575e+15	-3.05582292696e+13	0.000205818458209	0.999794202721
895.85799843	3.3465125112e+15	-3.05478927324e+13	0.000205976582029	0.99979404463
896.161028733	3.34538091245e+15	-3.05375631856e+13	0.000206134773792	0.999793886471
896.464059036	3.34425007872e+15	-3.05272406222e+13	0.000206293033503	0.999793728243
896.767089339	3.34312000924e+15	-3.0516925035e+13	0.000206451361169	0.999793569948
897.070119642	3.34199070324e+15	-3.05066164171e+13	0.000206609756797	0.999793411586
897.373149945	3.34086215994e+15	-3.04963147613e+13	0.000206768220391	0.999793253155
897.676180248	3.33973437857e+15	-3.04860200606e+13	0.000206926751959	0.999793094656
897.979210551	3.33860735836e+15	-3.0475732308e+13	0.000207085351525	0.999792936089
898.282240854	3.33748109854e+15	-3.04654514964e+13	0.000207244019083	0.999792777454
898.585271157	3.33635559833e+15	-3.04551776187e+13	0.000207402754647	0.999792618752
898.88830146	3.33523085697e+15	-3.04449106681e+13	0.000207561558223	0.999792459981
899.191331763	3.3341068737e+15	-3.04346506375e+13	0.00020772042982	0.999792301143
899.494362066	3.33298364774e+15	-3.04243975199e+13	0.000207879369373	0.999792142236
899.797392369	3.33186117833e+15	-3.04141513083e+13	0.000208038377024	0.999791983261
900.100422672	3.33073946471e+15	-3.04039119957e+13	0.000208197452725	0.999791824219
900.403452975	3.32961850612e+15	-3.03936795752e+13	0.000208356596371	0.999791665108
900.706483278	3.32849830179e+15	-3.03834540398e+13	0.000208515808186	0.99979150593
901.009513581	3.32737885096e+15	-3.03732353826e+13	0.000208675087942	0.999791346683
901.312543884	3.32626015287e+15	-3.03630235966e+13	0.000208834435929	0.999791187368
901.615574187	3.32514220676e+15	-3.03528186749e+13	0.000208993851863	0.999791027986
901.91860449	3.32402501187e+15	-3.03426206106e+13	0.000209153336127	0.999790868535
902.221634793	3.32290856746e+15	-3.03324293967e+13	0.000209312888396	0.999790709016
902.524665096	3.32179287275e+15	-3.03222450265e+13	0.000209472509249	0.999790549429
902.827695399	3.320677927e+15	-3.03120674929e+13	0.000209632198448	0.999790389773
903.130725702	3.31956372946e+15	-3.03018967891e+13	0.000209791957009	0.999790230048
903.433756005	3.31845027936e+15	-3.02917329083e+13	0.000209951784791	0.999790070254
903.736786308	3.31733757596e+15	-3.02815758435e+13	0.000210111682796	0.999789910389
904.039816611	3.31622561851e+15	-3.02714255879e+13	0.000210271649761	0.999789750456
904.342846914	3.31511440626e+15	-3.02612821347e+13	0.000210431685654	0.999789590454
904.645877218	3.31400393845e+15	-3.0251145477e+13	0.000210591789	0.999789430384
904.948907521	3.31289421434e+15	-3.0241015608e+13	0.000210751959391	0.999789270247
905.251937824	3.31178523319e+15	-3.02308925209e+13	0.000210912195963	0.999789110044
905.554968127	3.31067699424e+15	-3.02207762089e+13	0.000211072502695	0.999788949772
905.85799843	3.30956949676e+15	-3.02106666651e+13	0.000211232877011	0.999788789431
906.161028733	3.30846274e+15	-3.02005638829e+13	0.000211393323315	0.999788629019
906.464059036	3.30735672321e+15	-3.01904678553e+13	0.000211553849527	0.999788468526
906.767089339	3.30625144566e+15	-3.01803785757e+13	0.000215846231973	0.999784177061
907.070119642	3.3051469066e+15	-3.01702960372e+13	0.000218110631043	0.999781913153
907.373149945	3.30404310529e+15	-3.01602202332e+13	0.000218654077565	0.999781369825
907.676180248	3.302940041e+15	-3.01501511569e+13	0.00021925295158	0.999780771083
907.979210551	3.30183771298e+15	-3.01400888014e+13	0.00021992842027	0.999780095762
908.282240854	3.30073612051e+15	-3.01300331602e+13	0.000220713075305	0.99977931128
908.585271157	3.29963526283e+15	-3.01199842265e+13	0.000221657365772	0.999778367198
908.88830146	3.29853513923e+15	-3.01099419936e+13	0.000222839647674	0.999777185179
909.191331763	3.29743574896e+15	-3.00999064547e+13	0.000224382132017	0.99977564304
909.494362066	3.29633709129e+15	-3.00898776032e+13	0.000226476891335	0.999773548753
909.797392369	3.2952391655e+15	-3.00798554325e+13	0.000229430867381	0.99977059545
910.100422672	3.29414197084e+15	-3.00698399358e+13	0.000233752386631	0.999766274931
910.403452975	3.29304550659e+15	-3.00598311064e+13	0.000240347066682	0.999759681814
910.706483278	3.29194977202e+15	-3.00498289378e+13	0.000251037295268	0.999748994212
911.009513581	3.2908547664e+15	-3.00398334232e+13	0.000269978070327	0.99973005837
911.312543884	3.289760489e+15	-3.00298445561e+13	0.000306919171573	0.999693127923
911.615574187	3.2886669391e+15	-3.00198623298e+13	0.000381815254958	0.999618257627
911.91860449	3.28757411598e+15	-3.00098867376e+13	0.000524031852002	0.999476105429
912.221634793	3.2864820189e+15	-2.9999917773e+13	0.000751556106986	0.999248726241
912.524665096	3.28539064715e+15	-2.99899554294e+13	0.00102804237025	0.998972485884
912.827695399	3.2843e+15	-2.99799997002e+13	0.00124019792174	0.998760570806
913.130725702	3.28321007673e+15	-2.99700505788e+13	0.00125605005293	0.998744738448
913.433756005	3.28212087663e+15	-2.99601080585e+13	0.00103896554378	0.998961573994
913.736786308	3.28103239896e+15	-2.99501721329e+13	0.000691311717016	0.999308927184
914.039816611	3.27994464302e+15	-2.99402427954e+13	0.000366820460014	0.99963324681
914.342846914	3.27885760808e+15	-2.99303200395e+13	0.000154407408611	0.999845604512
914.645877218	3.27777129343e+15	-2.99204038585e+13	5.13875857494e-05	0.999948613735
914.948907521	3.27668569836e+15	-2.9910494246e+13	1.34915408274e-05	0.99998650855
915.251937824	3.27560082214e+15	-2.99005911954e+13	2.79073932339e-06	0.999997209265
915.554968127	3.27451666407e+15	-2.98906947003e+13	4.54749225633e-07	0.999999545251
915.85799843	3.27343322343e+15	-2.9880804754e+13	5.85029678341e-08	0.999999941497
916.161028733	3.2723504995e+15	-2.98709213502e+13	6.25067960063e-09	0.999999993749
916.464059036	3.27126849159e+15	-2.98610444823e+13	8.14575399588e-10	0.999999999185
916.767089339	3.27018719898e+15	-2.98511741439e+13	3.31887856343e-10	0.999999999668
917.070119642	3.26910662095e+15	-2.98413103284e+13	2.62419333998e-10	0.999999999738
917.373149945	3.26802675681e+15	-2.98314530294e+13	2.28911709502e-10	0.999999999771
917.676180248	3.26694760584e+15	-2.98216022405e+13	2.03043076324e-10	0.999999999797
917.979210551	3.26586916734e+15	-2.98117579552e+13	1.81888932148e-10	0.999999999818
918.282240854	3.26479144061e+15	-2.98019201671e+13	1.6428593745e-10	0.999999999836
918.585271157	3.26371442493e+15	-2.97920888697e+13	1.49446625097e-10	0.999999999851
918.88830146	3.2626381196e+15	-2.97822640566e+13	1.36925648891e-10	0.999999999863
919.191331763	3.26156252393e+15	-2.97724457214e+13	1.26037331335e-10	0.999999999874
919.494362066	3.26048763721e+15	-2.97626338577e+13	1.1658057406e-10	0.999999999883
919.797392369	3.25941345874e+15	-2.97528284591e+13	1.08304032745e-10	0.999999999892
920.100422672	3.25833998782e+15	-2.97430295193e+13	1.01008809637e-10	0.999999999899
920.403452975	3.25726722375e+15	-2.97332370317e+13	9.45084926176e-11	0.999999999905
920.706483278	3.25619516583e+15	-2.97234509902e+13	8.88251557285e-11	0.999999999911
921.009513581	3.25512381337e+15	-2.97136713882e+13	8.36530787335e-11	0.999999999916
921.312543884	3.25405316567e+15	-2.97038982195e+13	7.89949570992e-11	0.999999999921
921.615574187	3.25298322204e+15	-2.96941314777e+13	7.47843084024e-11	0.999999999925
921.91860449	3.25191398177e+15	-2.96843711564e+13	7.09641259023e-11	0.999999999929
922.221634793	3.25084544419e+15	-2.96746172494e+13	6.74642884133e-11	0.999999999933
922.524665096	3.24977760859e+15	-2.96648697503e+13	6.42208207318e-11	0.999999999936
922.827695399	3.24871047428e+15	-2.96551286528e+13	6.13429730161e-11	0.999999999939
