912.0	3.28728070175e+15	-3.0035558471e+13	0.000291582597044	0.999708459909
911.80495064	3.28798390258e+15	-3.00419835474e+13	0.000273050082659	0.999726987192
911.60990128	3.28868740433e+15	-3.00484113733e+13	0.000260848904968	0.999739185113
911.41485192	3.28939120718e+15	-3.00548419504e+13	0.000252467829378	0.999747564038
911.219802561	3.29009531133e+15	-3.00612752804e+13	0.000246474156557	0.999753556216
911.024753201	3.29079971699e+15	-3.00677113652e+13	0.00024204490603	0.999757984384
910.829703841	3.29150442433e+15	-3.00741502065e+13	0.000238689807766	0.999761338676
910.634654481	3.29220943355e+15	-3.00805918061e+13	0.000236099407933	0.999763928461
910.439605121	3.29291474485e+15	-3.00870361657e+13	0.000234066967887	0.999765960424
910.244555761	3.29362035842e+15	-3.00934832872e+13	0.000232448143162	0.999767578871
910.049506401	3.29432627446e+15	-3.00999331722e+13	0.000231139138415	0.999768887572
909.854457041	3.29503249316e+15	-3.01063858227e+13	0.000230063891096	0.999769962572
909.659407682	3.29573901472e+15	-3.01128412402e+13	0.000229166023297	0.999770860233
909.464358322	3.29644583932e+15	-3.01192994268e+13	0.000228403468242	0.999771622614
909.269308962	3.29715296717e+15	-3.0125760384e+13	0.000227744676572	0.999772281255
909.074259602	3.29786039846e+15	-3.01322241138e+13	0.000227165958236	0.999772859842
908.879210242	3.29856813338e+15	-3.01386906178e+13	0.000226649456146	0.999773376227
908.684160882	3.29927617214e+15	-3.01451598979e+13	0.000226181725853	0.999773843851
908.489111522	3.29998451492e+15	-3.01516319559e+13	0.000225752612343	0.999774272868
908.294062163	3.30069316193e+15	-3.01581067935e+13	0.000225354447675	0.999774670943
908.099012803	3.30140211335e+15	-3.01645844126e+13	0.000224981400924	0.999775043905
907.903963443	3.30211136939e+15	-3.01710648149e+13	0.000224629045039	0.999775396182
907.708914083	3.30282093024e+15	-3.01775480022e+13	0.000224293998249	0.999775731154
907.513864723	3.3035307961e+15	-3.01840339764e+13	0.000219114925903	0.999780909078
907.318815363	3.30424096716e+15	-3.01905227392e+13	0.000217911562539	0.999782112178
907.123766003	3.30495144363e+15	-3.01970142924e+13	0.00021780513591	0.999782218582
906.928716643	3.30566222569e+15	-3.02035086378e+13	0.000217698790831	0.999782324904
906.733667284	3.30637331355e+15	-3.02100057773e+13	0.000217592490593	0.999782431181
906.538617924	3.3070847074e+15	-3.02165057126e+13	0.000217486225919	0.999782537422
906.343568564	3.30779640744e+15	-3.02230084455e+13	0.000217379996404	0.999782643629
906.148519204	3.30850841387e+15	-3.02295139778e+13	0.000217273804249	0.999782749798
905.953469844	3.30922072688e+15	-3.02360223114e+13	0.000217167632868	0.999782855946
905.758420484	3.30993334668e+15	-3.02425334481e+13	0.000217061489899	0.999782962066
905.563371124	3.31064627347e+15	-3.02490473896e+13	0.000216955379142	0.999783068154
905.368321765	3.31135950743e+15	-3.02555641378e+13	0.000216849289093	0.999783174221
905.173272405	3.31207304877e+15	-3.02620836945e+13	0.000216743229585	0.999783280258
904.978223045	3.31278689769e+15	-3.02686060615e+13	0.000216637196916	0.999783386267
904.783173685	3.31350105439e+15	-3.02751312407e+13	0.000216531189448	0.999783492252
904.588124325	3.31421551907e+15	-3.02816592338e+13	0.000216425216437	0.999783598202
904.393074965	3.31493029191e+15	-3.02881900426e+13	0.00021631927595	0.999783704119
904.198025605	3.31564537314e+15	-3.02947236691e+13	0.000216213366272	0.999783810006
904.002976245	3.31636076294e+15	-3.0301260115e+13	0.000216107492886	0.999783915857
903.807926886	3.31707646151e+15	-3.03077993821e+13	0.000216001650388	0.999784021676
903.612877526	3.31779246906e+15	-3.03143414722e+13	0.00021589584216	0.999784127462
903.417828166	3.31850878578e+15	-3.03208863873e+13	0.000215790065136	0.999784233216
903.222778806	3.31922541188e+15	-3.03274341291e+13	0.000215684316961	0.999784338941
903.027729446	3.31994234755e+15	-3.03339846995e+13	0.000215578600395	0.999784444635
902.832680086	3.320659593e+15	-3.03405381002e+13	0.000215472913419	0.999784550299
902.637630726	3.32137714842e+15	-3.03470943332e+13	0.000215367255818	0.999784655934
902.442581367	3.32209501402e+15	-3.03536534002e+13	0.000215261626244	0.999784761541
902.247532007	3.32281319e+15	-3.03602153031e+13	0.0002151560271	0.999784867117
902.052482647	3.32353167656e+15	-3.03667800438e+13	0.000215050457069	0.999784972665
901.857433287	3.32425047391e+15	-3.0373347624e+13	0.000214944915157	0.999785078184
901.662383927	3.32496958223e+15	-3.03799180457e+13	0.000214839403292	0.999785183673
901.467334567	3.32568900174e+15	-3.03864913107e+13	0.000214733920461	0.999785289133
901.272285207	3.32640873264e+15	-3.03930674207e+13	0.000214628465893	0.999785394565
901.077235847	3.32712877513e+15	-3.03996463777e+13	0.000214523041118	0.999785499967
900.882186488	3.32784912941e+15	-3.04062281836e+13	0.000214417644725	0.999785605341
900.687137128	3.32856979568e+15	-3.041281284e+13	0.000214312277965	0.999785710685
900.492087768	3.32929077415e+15	-3.0419400349e+13	0.000214206940192	0.999785816
900.297038408	3.33001206502e+15	-3.04259907124e+13	0.000214101630921	0.999785921287
900.101989048	3.33073366849e+15	-3.0432583932e+13	0.000213996351126	0.999786026544
899.906939688	3.33145558477e+15	-3.04391800097e+13	0.000213891100307	0.999786131773
899.711890328	3.33217781406e+15	-3.04457789473e+13	0.000213785878092	0.999786236972
899.516840969	3.33290035656e+15	-3.04523807467e+13	0.000213680685227	0.999786342143
899.321791609	3.33362321248e+15	-3.04589854098e+13	0.000213575521047	0.999786447285
899.126742249	3.33434638203e+15	-3.04655929384e+13	0.000213470385908	0.999786552397
898.931692889	3.33506986539e+15	-3.04722033344e+13	0.000213365279954	0.999786657481
898.736643529	3.33579366279e+15	-3.04788165996e+13	0.000213260202816	0.999786762536
898.541594169	3.33651777442e+15	-3.0485432736e+13	0.000213155154673	0.999786867561
898.346544809	3.33724220049e+15	-3.04920517454e+13	0.000213050135602	0.999786972558
898.151495449	3.3379669412e+15	-3.04986736296e+13	0.000212945145485	0.999787077526
897.95644609	3.33869199676e+15	-3.05052983906e+13	0.00021284018432	0.999787182465
897.76139673	3.33941736738e+15	-3.05119260302e+13	0.000212735252107	0.999787287374
897.56634737	3.34014305325e+15	-3.05185565503e+13	0.000212630348842	0.999787392255
897.37129801	3.34086905459e+15	-3.05251899527e+13	0.000212525474525	0.999787497107
897.17624865	3.3415953716e+15	-3.05318262395e+13	0.000212420629154	0.999787601931
896.98119929	3.34232200449e+15	-3.05384654123e+13	0.000212315812727	0.999787706725
896.78614993	3.34304895346e+15	-3.05451074732e+13	0.000212211025243	0.99978781149
896.59110057	3.34377621872e+15	-3.05517524239e+13	0.000212106266699	0.999787916226
896.396051211	3.34450380047e+15	-3.05584002665e+13	0.000212001537093	0.999788020934
896.201001851	3.34523169893e+15	-3.05650510027e+13	0.000211896836426	0.999788125612
896.005952491	3.34595991429e+15	-3.05717046345e+13	0.000211792164694	0.999788230262
895.810903131	3.34668844677e+15	-3.05783611637e+13	0.000211687521895	0.999788334882
895.615853771	3.34741729657e+15	-3.05850205923e+13	0.000211582908029	0.999788439474
895.420804411	3.34814646391e+15	-3.05916829222e+13	0.000211478323094	0.999788544037
895.225755051	3.34887594898e+15	-3.05983481552e+13	0.000211373767087	0.999788648571
895.030705692	3.349605752e+15	-3.06050162932e+13	0.000211269240007	0.999788753076
894.835656332	3.35033587317e+15	-3.06116873382e+13	0.000211164741853	0.999788857552
894.640606972	3.3510663127e+15	-3.0618361292e+13	0.000211060272622	0.999788961999
894.445557612	3.35179707081e+15	-3.06250381565e+13	0.000210955832313	0.999789066417
894.250508252	3.35252814769e+15	-3.06317179337e+13	0.000210851420925	0.999789170807
894.055458892	3.35325954356e+15	-3.06384006254e+13	0.000210747038455	0.999789275167
893.860409532	3.35399125862e+15	-3.06450862336e+13	0.000210642684902	0.999789379499
893.665360172	3.35472329309e+15	-3.06517747602e+13	0.000210538360264	0.999789483801
893.470310813	3.35545564718e+15	-3.06584662071e+13	0.00021043406454	0.999789588075
893.275261453	3.35618832108e+15	-3.06651605761e+13	0.000210329797727	0.99978969232
893.080212093	3.35692131502e+15	-3.06718578693e+13	0.000210225559824	0.999789796536
892.885162733	3.35765462921e+15	-3.06785580885e+13	0.00021012135083	0.999789900723
892.690113373	3.35838826384e+15	-3.06852612356e+13	0.000210017170742	0.999790004881
893.690113373	3.35463037482e+15	-3.06509257752e+13	0.000210551598227	0.999789470566
893.993143676	3.35349328035e+15	-3.06405362554e+13	0.000210713695985	0.999789308503
894.296173979	3.35235695649e+15	-3.06301537766e+13	0.000210875863539	0.999789146369
894.599204282	3.35122140244e+15	-3.06197783316e+13	0.000211038100894	0.999788984166
894.902234585	3.35008661744e+15	-3.06094099132e+13	0.000211200408057	0.999788821893
895.205264888	3.34895260069e+15	-3.05990485143e+13	0.000211362785035	0.999788659551
895.508295191	3.34781935142e+15	-3.05886941277e+13	0.000211525231834	0.999788497138
895.811325494	3.34668686885e+15	-3.05783467464e+13	0.000211687748459	0.999788334656
896.114355797	3.3455551522e+15	-3.05680063633e+13	0.000211850334919	0.999788172104
896.4173861	3.3444242007e+15	-3.05576729712e+13	0.000212012991218	0.999788009482
896.720416403	3.34329401356e+15	-3.05473465631e+13	0.000212175717364	0.99978784679
897.023446706	3.34216459002e+15	-3.05370271319e+13	0.000212338513362	0.999787684029
897.32647701	3.3410359293e+15	-3.05267146704e+13	0.000212501379219	0.999787521198
897.629507313	3.33990803063e+15	-3.05164091718e+13	0.000212664314942	0.999787358297
897.932537616	3.33878089323e+15	-3.05061106288e+13	0.000212827320537	0.999787195326
898.235567919	3.33765451634e+15	-3.04958190345e+13	0.00021299039601	0.999787032285
898.538598222	3.33652889919e+15	-3.04855343819e+13	0.000213153541367	0.999786869174
898.841628525	3.335404041e+15	-3.04752566639e+13	0.000213316756733	0.999786705994
899.144658828	3.33427994102e+15	-3.04649858734e+13	0.00021348004204	0.999786542743
899.447689131	3.33315659846e+15	-3.04547220036e+13	0.000213643397335	0.999786379423
899.750719434	3.33203401258e+15	-3.04444650474e+13	0.000213806822633	0.999786216032
900.053749737	3.33091218261e+15	-3.04342149978e+13	0.000213970317957	0.999786052572
900.35678004	3.32979110777e+15	-3.04239718479e+13	0.000214133882847	0.999785889042
900.659810343	3.32867078732e+15	-3.04137355907e+13	0.000214297518197	0.999785725442
900.962840646	3.32755122048e+15	-3.04035062192e+13	0.000214461223654	0.999785561772
901.265870949	3.3264324065e+15	-3.03932837265e+13	0.000214624998505	0.999785398032
901.568901252	3.32531434462e+15	-3.03830681056e+13	0.000214788844173	0.999785234221
901.871931555	3.32419703409e+15	-3.03728593497e+13	0.000214952759148	0.999785070342
902.174961858	3.32308047413e+15	-3.03626574518e+13	0.00021511674527	0.999784906391
902.477992161	3.321964664e+15	-3.0352462405e+13	0.00021528080067	0.999784742371
902.781022464	3.32084960295e+15	-3.03422742023e+13	0.0002154449278	0.999784578279
903.084052767	3.31973529021e+15	-3.0332092837e+13	0.000215609124531	0.999784414117
903.38708307	3.31862172504e+15	-3.03219183022e+13	0.00021577339459	0.999784249883
903.690113373	3.31750890669e+15	-3.03117505909e+13	0.000215937736433	0.999784085576
903.993143676	3.31639683439e+15	-3.03015896963e+13	0.000216102156618	0.999783921192
904.296173979	3.31528550741e+15	-3.02914356115e+13	0.000216266654181	0.99978375673
904.599204282	3.31417492499e+15	-3.02812883297e+13	0.000216431235473	0.999783592184
904.902234585	3.31306508639e+15	-3.02711478442e+13	0.000216595892153	0.999783427563
905.205264888	3.31195599085e+15	-3.02610141479e+13	0.000216760623931	0.999783262867
905.508295191	3.31084763764e+15	-3.02508872342e+13	0.00021692542134	0.999783098105
905.811325494	3.30974002601e+15	-3.02407670962e+13	0.000217090281827	0.999782933281
906.114355797	3.30863315521e+15	-3.02306537271e+13	0.00021725519986	0.999782768398
906.4173861	3.3075270245e+15	-3.02205471202e+13	0.000217420201155	0.999782603433
906.720416403	3.30642163313e+15	-3.02104472686e+13	0.000217585269999	0.9997824384
907.023446706	3.30531698038e+15	-3.02003541656e+13	0.000217750431719	0.999782273274
907.32647701	3.30421306549e+15	-3.01902678044e+13	0.000217915745189	0.999782107997
907.629507313	3.30310988773e+15	-3.01801881782e+13	0.00022256047956	0.999777464285
907.932537616	3.30200744636e+15	-3.01701152804e+13	0.000224679511068	0.999775345727
908.235567919	3.30090574064e+15	-3.01600491042e+13	0.000225240160797	0.999774785204
908.538598222	3.29980476984e+15	-3.01499896429e+13	0.000225858288014	0.999774167216
908.841628525	3.29870453323e+15	-3.01399368897e+13	0.00022655589717	0.999773469765
909.144658828	3.29760503006e+15	-3.01298908379e+13	0.000227366831823	0.999772659014
909.447689131	3.2965062596e+15	-3.01198514809e+13	0.000228343493986	0.999771682574
909.750719434	3.29540822113e+15	-3.01098188119e+13	0.000229567230282	0.999770459118
910.053749737	3.29431091391e+15	-3.00997928243e+13	0.00023116489241	0.999768861824
910.35678004	3.29321433721e+15	-3.00897735114e+13	0.000233335805727	0.999766691415
910.659810343	3.2921184903e+15	-3.00797608666e+13	0.000236398526573	0.999763629413
910.962840646	3.29102337245e+15	-3.00697548831e+13	0.000240880961071	0.999759148048
911.265870949	3.28992898294e+15	-3.00597555543e+13	0.000247725071057	0.99975230561
911.568901252	3.28883532104e+15	-3.00497628737e+13	0.000258830337873	0.999741203156
911.871931555	3.28774238603e+15	-3.00397768345e+13	0.000278531079815	0.999721507706
912.174961858	3.28665017717e+15	-3.00297974302e+13	0.000316978595325	0.999683071637
912.477992161	3.28555869375e+15	-3.00198246541e+13	0.000394854173815	0.999605223771
912.781022464	3.28446793504e+15	-3.00098584996e+13	0.000542349725174	0.99945779732
913.084052767	3.28337790033e+15	-2.99998989602e+13	0.000777467275981	0.999222834873
913.38708307	3.28228858889e+15	-2.99899460293e+13	0.00106188803065	0.998938675573
913.690113373	3.2812e+15	-2.99799997002e+13	0.00127855608137	0.998722260923
913.993143676	3.28011213294e+15	-2.99700599665e+13	0.00129246009233	0.998708374775
914.296173979	3.279024987e+15	-2.99601268215e+13	0.00106740046214	0.998933169007
914.599204282	3.27793856146e+15	-2.99502002587e+13	0.000709428500742	0.999290823084
914.902234585	3.2768528556e+15	-2.99402802716e+13	0.000376200236953	0.999623870517
915.205264888	3.27576786872e+15	-2.99303668537e+13	0.000158346142899	0.999841666393
915.508295191	3.27468360008e+15	-2.99204599984e+13	5.27256412901e-05	0.999947275749
915.811325494	3.27360004899e+15	-2.99105596992e+13	1.38612014866e-05	0.999986138895
916.114355797	3.27251721472e+15	-2.99006659495e+13	2.87515621338e-06	0.999997124848
916.4173861	3.27143509657e+15	-2.9890778743e+13	4.72425502686e-07	0.999999527575
916.720416403	3.27035369384e+15	-2.98808980731e+13	6.33346812709e-08	0.999999936665
917.023446706	3.2692730058e+15	-2.98710239333e+13	8.80237931188e-09	0.999999991198
917.32647701	3.26819303175e+15	-2.98611563172e+13	2.77665914377e-09	0.999999997223
917.629507313	3.26711377098e+15	-2.98512952183e+13	1.98462046592e-09	0.999999998015
917.932537616	3.26603522279e+15	-2.98414406301e+13	1.69102073641e-09	0.999999998309
918.235567919	3.26495738648e+15	-2.98315925463e+13	1.48171090939e-09	0.999999998518
918.538598222	3.26388026132e+15	-2.98217509603e+13	1.31448162413e-09	0.999999998686
918.841628525	3.26280384664e+15	-2.98119158657e+13	1.17749589862e-09	0.999999998823
919.144658828	3.26172814171e+15	-2.98020872561e+13	1.06351547365e-09	0.999999998936
919.447689131	3.26065314584e+15	-2.97922651251e+13	9.67421986764e-10	0.999999999033
919.750719434	3.25957885833e+15	-2.97824494664e+13	8.86341000862e-10	0.999999999114
920.053749737	3.25850527848e+15	-2.97726402734e+13	8.15844525949e-10	0.999999999184
920.35678004	3.25743240558e+15	-2.97628375398e+13	7.54616830171e-10	0.999999999245
920.659810343	3.25636023895e+15	-2.97530412593e+13	7.01026822741e-10	0.999999999299
920.962840646	3.25528877788e+15	-2.97432514254e+13	6.53801558023e-10	0.999999999346
921.265870949	3.25421802168e+15	-2.97334680319e+13	6.11718984082e-10	0.999999999388
921.568901252	3.25314796965e+15	-2.97236910723e+13	5.74921996127e-10	0.999999999425
921.871931555	3.2520786211e+15	-2.97139205403e+13	5.41438401611e-10	0.999999999459
922.174961858	3.25100997533e+15	-2.97041564296e+13	5.11281025912e-10	0.999999999489
922.477992161	3.24994203165e+15	-2.96943987338e+13	4.84023150587e-10	0.999999999516
922.781022464	3.24887478938e+15	-2.96846474466e+13	4.59292860679e-10	0.999999999541
923.084052767	3.24780824781e+15	-2.96749025618e+13	4.36640055542e-10	0.999999999563
923.38708307	3.24674240626e+15	-2.96651640729e+13	4.15654743381e-10	0.999999999584
923.690113373	3.24567726405e+15	-2.96554319738e+13	3.97002107255e-10	0.999999999603
