912.0	3.28728070175e+15	-3.0091500857e+13	0.00178858666178	0.998213011906
911.822140368	3.28792191731e+15	-3.00973704922e+13	0.00177831612146	0.998223264146
911.644280736	3.28856338306e+15	-3.01032424177e+13	0.00176967249713	0.99823189245
911.466421104	3.28920509915e+15	-3.01091166348e+13	0.00176229226878	0.998239259656
911.288561472	3.28984706574e+15	-3.01149931449e+13	0.00175589754204	0.998245643144
911.11070184	3.29048928297e+15	-3.01208719494e+13	0.0017502749019	0.998251255936
910.932842208	3.29113175098e+15	-3.01267530495e+13	0.00174526000005	0.998256262081
910.754982576	3.29177446992e+15	-3.01326364467e+13	0.00174072608859	0.998260788096
910.577122944	3.29241743995e+15	-3.01385221422e+13	0.00173657526119	0.998264931713
910.399263312	3.2930606612e+15	-3.01444101374e+13	0.00173273180322	0.99826876851
910.22140368	3.29370413383e+15	-3.01503004337e+13	0.00172913711573	0.998272356981
910.043544048	3.29434785798e+15	-3.01561930324e+13	0.00172574575734	0.998275742486
909.865684416	3.29499183379e+15	-3.01620879348e+13	0.0017225224257	0.998278960265
909.687824784	3.29563606143e+15	-3.01679851424e+13	0.00171943962938	0.99828203776
909.509965152	3.29628054103e+15	-3.01738846564e+13	0.00171647587347	0.998284996429
909.33210552	3.29692527274e+15	-3.01797864782e+13	0.00171134477386	0.998290118742
909.154245888	3.29757025671e+15	-3.01856906092e+13	0.00166584473896	0.99833554201
908.976386256	3.29821549309e+15	-3.01915970507e+13	0.00166454147075	0.99833684311
908.798526624	3.29886098202e+15	-3.01975058042e+13	0.00166323904752	0.998338143368
908.620666992	3.29950672366e+15	-3.02034168708e+13	0.00166193738904	0.998339442864
908.44280736	3.30015271816e+15	-3.02093302521e+13	0.00166063649481	0.998340741599
908.264947728	3.30079896565e+15	-3.02152459493e+13	0.00165933636447	0.998342039573
908.087088096	3.3014454663e+15	-3.02211639638e+13	0.00165803699775	0.998343336786
907.909228464	3.30209222025e+15	-3.0227084297e+13	0.00165673839436	0.998344633239
907.731368832	3.30273922764e+15	-3.02330069503e+13	0.00165544055388	0.998345928932
907.5535092	3.30338648863e+15	-3.02389319249e+13	0.00165414347611	0.998347223865
907.375649568	3.30403400337e+15	-3.02448592223e+13	0.00165284716065	0.998348518039
907.197789936	3.304681772e+15	-3.02507888439e+13	0.00165155160728	0.998349811454
907.019930304	3.30532979468e+15	-3.0256720791e+13	0.00165025681563	0.998351104109
906.842070672	3.30597807155e+15	-3.02626550649e+13	0.00164896278546	0.998352396007
906.66421104	3.30662660277e+15	-3.02685916671e+13	0.00164766951646	0.998353687146
906.486351408	3.30727538848e+15	-3.0274530599e+13	0.0016463770083	0.998354977527
906.308491776	3.30792442883e+15	-3.02804718618e+13	0.00164508526076	0.99835626715
906.130632144	3.30857372398e+15	-3.02864154569e+13	0.00164379427351	0.998357556016
905.952772512	3.30922327407e+15	-3.02923613858e+13	0.00164250404625	0.998358844125
905.77491288	3.30987307925e+15	-3.02983096498e+13	0.00164121457872	0.998360131477
905.597053248	3.31052313968e+15	-3.03042602503e+13	0.0016399258706	0.998361418073
905.419193615	3.3111734555e+15	-3.03102131886e+13	0.00163863792157	0.998362703913
905.241333983	3.31182402687e+15	-3.03161684662e+13	0.00163735073137	0.998363988996
905.063474351	3.31247485393e+15	-3.03221260844e+13	0.00163606429966	0.998365273324
904.885614719	3.31312593684e+15	-3.03280860446e+13	0.00163477862613	0.998366556897
904.707755087	3.31377727575e+15	-3.03340483481e+13	0.00163349371052	0.998367839714
904.529895455	3.3144288708e+15	-3.03400129965e+13	0.00163220955251	0.998369121777
904.352035823	3.31508072216e+15	-3.03459799909e+13	0.00163092615179	0.998370403086
904.174176191	3.31573282996e+15	-3.03519493329e+13	0.00162964350807	0.99837168364
903.996316559	3.31638519437e+15	-3.03579210239e+13	0.00162836162106	0.99837296344
903.818456927	3.31703781553e+15	-3.03638950651e+13	0.00162708049045	0.998374242487
903.640597295	3.31769069359e+15	-3.0369871458e+13	0.00162580011594	0.998375520781
903.462737663	3.31834382872e+15	-3.0375850204e+13	0.00162452049725	0.998376798322
903.284878031	3.31899722105e+15	-3.03818313044e+13	0.00162324163407	0.99837807511
903.107018399	3.31965087074e+15	-3.03878147607e+13	0.0016219635261	0.998379351146
902.929158767	3.32030477794e+15	-3.03938005743e+13	0.00162068617305	0.99838062643
902.751299135	3.32095894281e+15	-3.03997887465e+13	0.00161940957462	0.998381900962
902.573439503	3.3216133655e+15	-3.04057792788e+13	0.00161813373051	0.998383174742
902.395579871	3.32226804616e+15	-3.04117721724e+13	0.00161685864042	0.998384447771
902.217720239	3.32292298494e+15	-3.04177674289e+13	0.00161558430406	0.99838572005
902.039860607	3.32357818199e+15	-3.04237650497e+13	0.00161431072113	0.998386991578
901.862000975	3.32423363747e+15	-3.0429765036e+13	0.00161303789133	0.998388262355
901.684141343	3.32488935153e+15	-3.04357673894e+13	0.00161176581438	0.998389532383
901.506281711	3.32554532433e+15	-3.04417721113e+13	0.00161049448995	0.99839080166
901.328422079	3.32620155601e+15	-3.04477792029e+13	0.00160922391778	0.998392070189
901.150562447	3.32685804674e+15	-3.04537886658e+13	0.00160795409754	0.998393337968
900.972702815	3.32751479666e+15	-3.04598005013e+13	0.00160668502896	0.998394604998
900.794843183	3.32817180592e+15	-3.04658147109e+13	0.00160541671173	0.99839587128
900.616983551	3.32882907468e+15	-3.04718312959e+13	0.00160414914556	0.998397136814
900.439123919	3.3294866031e+15	-3.04778502578e+13	0.00160288233014	0.9983984016
900.261264287	3.33014439133e+15	-3.04838715979e+13	0.00160161626519	0.998399665638
900.083404655	3.33080243952e+15	-3.04898953177e+13	0.0016003509504	0.998400928928
899.905545023	3.33146074783e+15	-3.04959214186e+13	0.00159908638548	0.998402191472
899.727685391	3.33211931641e+15	-3.0501949902e+13	0.00159782257014	0.998403453269
899.549825759	3.33277814541e+15	-3.05079807693e+13	0.00159655950407	0.998404714319
899.371966127	3.333437235e+15	-3.0514014022e+13	0.00159529718698	0.998405974623
899.194106495	3.33409658531e+15	-3.05200496613e+13	0.00159403561858	0.998407234181
899.016246863	3.33475619652e+15	-3.05260876889e+13	0.00159277479857	0.998408492994
898.838387231	3.33541606877e+15	-3.0532128106e+13	0.00159151472665	0.998409751061
898.660527599	3.33607620222e+15	-3.05381709141e+13	0.00159025540252	0.998411008384
898.482667967	3.33673659703e+15	-3.05442161146e+13	0.0015889968259	0.998412264961
898.304808335	3.33739725334e+15	-3.0550263709e+13	0.00158773899648	0.998413520794
898.126948703	3.33805817132e+15	-3.05563136986e+13	0.00158648191397	0.998414775883
897.949089071	3.33871935112e+15	-3.05623660849e+13	0.00158522557808	0.998416030228
897.771229439	3.33938079289e+15	-3.05684208693e+13	0.0015839699885	0.99841728383
897.593369807	3.3400424968e+15	-3.05744780532e+13	0.00158271514494	0.998418536688
897.415510175	3.34070446299e+15	-3.05805376381e+13	0.00158146104711	0.998419788803
897.237650543	3.34136669163e+15	-3.05865996254e+13	0.00158020769471	0.998421040176
897.059790911	3.34202918287e+15	-3.05926640165e+13	0.00157895508745	0.998422290806
896.881931279	3.34269193686e+15	-3.05987308128e+13	0.00157770322502	0.998423540694
896.704071647	3.34335495376e+15	-3.06048000159e+13	0.00157645210714	0.998424789841
896.526212015	3.34401823374e+15	-3.0610871627e+13	0.00157520173351	0.998426038246
896.348352383	3.34468177693e+15	-3.06169456477e+13	0.00157395210384	0.998427285909
896.170492751	3.34534558351e+15	-3.06230220793e+13	0.00157270321782	0.998428532832
895.992633119	3.34600965363e+15	-3.06291009233e+13	0.00157145507517	0.998429779014
895.814773487	3.34667398745e+15	-3.06351821813e+13	0.00157020767558	0.998431024456
895.636913855	3.34733858512e+15	-3.06412658544e+13	0.00156896101877	0.998432269157
895.459054223	3.34800344679e+15	-3.06473519444e+13	0.00156771510444	0.998433513119
895.281194591	3.34866857264e+15	-3.06534404525e+13	0.0015664699323	0.998434756341
895.103334959	3.34933396281e+15	-3.06595313801e+13	0.00156522550204	0.998435998825
894.925475327	3.34999961746e+15	-3.06656247289e+13	0.00156398181338	0.998437240569
894.747615695	3.35066553675e+15	-3.06717205001e+13	0.00156273886602	0.998438481575
894.569756063	3.35133172084e+15	-3.06778186953e+13	0.00156149665966	0.998439721842
894.391896431	3.35199816989e+15	-3.06839193159e+13	0.00156025519401	0.998440961371
895.391896431	3.34825455976e+15	-3.06496506122e+13	0.00156724485428	0.998433982633
895.694926734	3.34712178278e+15	-3.06392812635e+13	0.00156936756204	0.998431863251
895.997957037	3.34598977202e+15	-3.06289189287e+13	0.00157149242535	0.998429741722
896.30098734	3.34485852671e+15	-3.06185636008e+13	0.00157361944567	0.998427618044
896.604017643	3.34372804606e+15	-3.06082152725e+13	0.00157574862445	0.998425492216
896.907047946	3.3425983293e+15	-3.05978739368e+13	0.00157787996316	0.998423364235
897.210078249	3.34146937566e+15	-3.05875395867e+13	0.00158001346326	0.998421234101
897.513108552	3.34034118436e+15	-3.0577212215e+13	0.0015821491262	0.998419101812
897.816138855	3.33921375464e+15	-3.05668918147e+13	0.00158428695345	0.998416967367
898.119169158	3.33808708572e+15	-3.05565783786e+13	0.00158642694648	0.998414830764
898.422199461	3.33696117683e+15	-3.05462718999e+13	0.00158856910673	0.998412692001
898.725229764	3.3358360272e+15	-3.05359723714e+13	0.00159071343568	0.998410551078
899.028260067	3.33471163607e+15	-3.05256797861e+13	0.00159285993479	0.998408407993
899.33129037	3.33358800267e+15	-3.0515394137e+13	0.00159500860552	0.998406262745
899.634320673	3.33246512623e+15	-3.05051154171e+13	0.00159715944934	0.998404115331
899.937350976	3.33134300599e+15	-3.04948436193e+13	0.00159931246771	0.998401965751
900.240381279	3.33022164118e+15	-3.04845787367e+13	0.0016014676621	0.998399814003
900.543411582	3.32910103105e+15	-3.04743207624e+13	0.00160362503396	0.998397660086
900.846441885	3.32798117482e+15	-3.04640696893e+13	0.00160578458478	0.998395503997
901.149472188	3.32686207175e+15	-3.04538255104e+13	0.00160794631601	0.998393345737
901.452502491	3.32574372107e+15	-3.04435882189e+13	0.00161011022913	0.998391185303
901.755532794	3.32462612202e+15	-3.04333578077e+13	0.00161227632559	0.998389022694
902.058563097	3.32350927384e+15	-3.042313427e+13	0.00161444460688	0.998386857908
902.3615934	3.32239317578e+15	-3.04129175989e+13	0.00161661507444	0.998384690944
902.664623703	3.32127782708e+15	-3.04027077873e+13	0.00161878772977	0.9983825218
902.967654006	3.320163227e+15	-3.03925048284e+13	0.00162096257432	0.998380350476
903.270684309	3.31904937476e+15	-3.03823087153e+13	0.00162313960957	0.998378176969
903.573714612	3.31793626963e+15	-3.03721194412e+13	0.00162531883698	0.998376001278
903.876744915	3.31682391085e+15	-3.0361936999e+13	0.00162750025804	0.998373823402
904.179775219	3.31571229767e+15	-3.03517613821e+13	0.0016296838742	0.998371643339
904.482805522	3.31460142935e+15	-3.03415925834e+13	0.00163186968695	0.998369461088
904.785835825	3.31349130512e+15	-3.03314305962e+13	0.00163405769776	0.998367276648
905.088866128	3.31238192425e+15	-3.03212754136e+13	0.00163624790811	0.998365090016
905.391896431	3.31127328599e+15	-3.03111270288e+13	0.00163844031949	0.998362901191
905.694926734	3.31016538959e+15	-3.03009854349e+13	0.00164063493339	0.998360710172
905.997957037	3.30905823431e+15	-3.02908506252e+13	0.00164283175131	0.998358516958
906.30098734	3.30795181941e+15	-3.02807225929e+13	0.00164503077474	0.998356321547
906.604017643	3.30684614414e+15	-3.0270601331e+13	0.00164723200514	0.998354123937
906.907047946	3.30574120776e+15	-3.0260486833e+13	0.0016494354439	0.998351924127
907.210078249	3.30463700953e+15	-3.02503790919e+13	0.0016516410925	0.998349722116
907.513108552	3.30353354872e+15	-3.0240278101e+13	0.00165384895238	0.998347517902
907.816138855	3.30243082457e+15	-3.02301838536e+13	0.00165605902497	0.998345311484
908.119169158	3.30132883637e+15	-3.02200963428e+13	0.00165827131195	0.99834310286
908.422199461	3.30022758336e+15	-3.02100155621e+13	0.00166048581468	0.998340892029
908.725229764	3.29912706482e+15	-3.01999415045e+13	0.00166270253484	0.998338678989
909.028260067	3.29802728001e+15	-3.01898741635e+13	0.00166492147439	0.998336463739
909.33129037	3.29692822819e+15	-3.01798135322e+13	0.00171127750772	0.998290185893
909.634320673	3.29582990864e+15	-3.0169759604e+13	0.00171853639513	0.998282939443
909.937350976	3.29473232062e+15	-3.01597123722e+13	0.00172380293234	0.998277681963
910.240381279	3.2936354634e+15	-3.01496718301e+13	0.00172951027263	0.998271984468
910.543411582	3.29253933625e+15	-3.0139637971e+13	0.00173582516007	0.998265680513
910.846441885	3.29144393845e+15	-3.01296107883e+13	0.00174300410064	0.998258514049
911.149472188	3.29034926926e+15	-3.01195902753e+13	0.00175144369942	0.998250089183
911.452502491	3.28925532796e+15	-3.01095764252e+13	0.00176175942515	0.998239791562
911.755532794	3.28816211382e+15	-3.00995692316e+13	0.00177491024757	0.998226663974
912.058563097	3.28706962612e+15	-3.00895686877e+13	0.00179240170449	0.998209203688
912.3615934	3.28597786413e+15	-3.0079574787e+13	0.00181663600263	0.998185013082
912.664623703	3.28488682714e+15	-3.00695875228e+13	0.00185158030592	0.998150132811
912.967654006	3.28379651442e+15	-3.00596068884e+13	0.00190426862726	0.998097543342
913.270684309	3.28270692524e+15	-3.00496328774e+13	0.00198876169227	0.998013214584
913.573714612	3.28161805889e+15	-3.00396654831e+13	0.00213699216178	0.99786528958
913.876744915	3.28052991465e+15	-3.00297046989e+13	0.0024239885741	0.997578946914
914.179775219	3.2794424918e+15	-3.00197505183e+13	0.00300508609401	0.996999424658
914.482805522	3.27835578963e+15	-3.00098029347e+13	0.00411394813293	0.995894502559
914.785835825	3.27726980742e+15	-2.99998619415e+13	0.00590575830612	0.994111646405
915.088866128	3.27618454444e+15	-2.99899275322e+13	0.00811659043502	0.991916260147
915.391896431	3.2751e+15	-2.99799997002e+13	0.00986237451246	0.990186099217
915.694926734	3.27401617337e+15	-2.99700784391e+13	0.0100732551459	0.989977310161
915.997957037	3.27293306385e+15	-2.99601637422e+13	0.0084072454779	0.991627996578
916.30098734	3.27185067071e+15	-2.99502556032e+13	0.00564495922656	0.994370943618
916.604017643	3.27076899326e+15	-2.99403540154e+13	0.00302224175139	0.996982320624
916.907047946	3.26968803077e+15	-2.99304589725e+13	0.00128333545438	0.998717487668
917.210078249	3.26860778255e+15	-2.99205704678e+13	0.000430745017062	0.99956934774
917.513108552	3.26752824789e+15	-2.99106884949e+13	0.000114025024682	0.999885981476
917.816138855	3.26644942607e+15	-2.99008130474e+13	2.37671873468e-05	0.999976233095
918.119169158	3.26537131639e+15	-2.98909441188e+13	3.8966753188e-06	0.999996103332
918.422199461	3.26429391816e+15	-2.98810817027e+13	5.02045722836e-07	0.999999497954
918.725229764	3.26321723065e+15	-2.98712257925e+13	5.08080664994e-08	0.999999949192
919.028260067	3.26214125318e+15	-2.98613763819e+13	4.05132746711e-09	0.999999995949
919.33129037	3.26106598503e+15	-2.98515334644e+13	2.82649437522e-10	0.999999999717
919.634320673	3.25999142551e+15	-2.98416970337e+13	2.60471033494e-11	0.999999999974
919.937350976	3.25891757392e+15	-2.98318670832e+13	1.17928546798e-11	0.999999999988
920.240381279	3.25784442955e+15	-2.98220436066e+13	1.00279810859e-11	0.99999999999
920.543411582	3.25677199172e+15	-2.98122265976e+13	8.97194912208e-12	0.999999999991
920.846441885	3.25570025971e+15	-2.98024160497e+13	8.10501894217e-12	0.999999999992
921.149472188	3.25462923284e+15	-2.97926119565e+13	7.37441611264e-12	0.999999999993
921.452502491	3.25355891041e+15	-2.97828143117e+13	6.7574541827e-12	0.999999999993
921.755532794	3.25248929172e+15	-2.97730231089e+13	6.22117673991e-12	0.999999999994
922.058563097	3.25142037609e+15	-2.97632383418e+13	5.755322616e-12	0.999999999994
922.3615934	3.25035216281e+15	-2.9753460004e+13	5.34756151189e-12	0.999999999995
922.664623703	3.2492846512e+15	-2.97436880892e+13	4.98782109037e-12	0.999999999995
922.967654006	3.24821784056e+15	-2.97339225911e+13	4.66746480504e-12	0.999999999995
923.270684309	3.2471517302e+15	-2.97241635033e+13	4.38699222128e-12	0.999999999996
923.573714612	3.24608631944e+15	-2.97144108195e+13	4.13194556859e-12	0.999999999996
923.876744915	3.24502160759e+15	-2.97046645335e+13	3.90280000546e-12	0.999999999996
924.179775219	3.24395759396e+15	-2.96949246389e+13	3.69485435675e-12	0.999999999996
924.482805522	3.24289427785e+15	-2.96851911295e+13	3.50661645417e-12	0.999999999996
924.785835825	3.2418316586e+15	-2.96754639989e+13	3.33421689269e-12	0.999999999997
925.088866128	3.24076973551e+15	-2.9665743241e+13	3.17448553747e-12	0.999999999997
925.391896431	3.23970850789e+15	-2.96560288494e+13	3.03197027904e-12	0.999999999997
