912.0	3.28728070175e+15	-3.01071285077e+13	0.00129177381281	0.998709060168
911.826942363	3.28790460197e+15	-3.01128426058e+13	0.0012873006185	0.998713527598
911.653884726	3.28852873906e+15	-3.01185588733e+13	0.0012834162875	0.998717406939
911.480827089	3.28915311315e+15	-3.01242773113e+13	0.00127999749993	0.998720821347
911.307769452	3.28977772438e+15	-3.01299979213e+13	0.00127694857124	0.998723866381
911.134711815	3.29040257288e+15	-3.01357207044e+13	0.0012741949989	0.998726616443
910.961654178	3.29102765879e+15	-3.01414456618e+13	0.00127167890574	0.998729129335
910.788596542	3.29165298224e+15	-3.01471727947e+13	0.00126935507983	0.998731450211
910.615538905	3.29227854338e+15	-3.01529021045e+13	0.00126718831291	0.998733614231
910.442481268	3.29290434232e+15	-3.01586335924e+13	0.0012651511202	0.998735648846
910.269423631	3.29353037922e+15	-3.01643672596e+13	0.00126322191448	0.998737575614
910.096365994	3.2941566542e+15	-3.01701031073e+13	0.00126138376925	0.998739411441
909.923308357	3.2947831674e+15	-3.01758411368e+13	0.00125962334843	0.998741169644
909.75025072	3.29540991896e+15	-3.01815813494e+13	0.00124095511406	0.998759814552
909.577193083	3.29603690901e+15	-3.01873237462e+13	0.00122348796642	0.99877726019
909.404135446	3.2966641377e+15	-3.01930683286e+13	0.00122287920645	0.998777868206
909.231077809	3.29729160515e+15	-3.01988150977e+13	0.00122227100061	0.998778475668
909.058020172	3.2979193115e+15	-3.02045640549e+13	0.00122166309923	0.998779082827
908.884962535	3.29854725689e+15	-3.02103152014e+13	0.00122105543637	0.998779689748
908.711904899	3.29917544146e+15	-3.02160685384e+13	0.00122044799297	0.998780296451
908.538847262	3.29980386533e+15	-3.02218240671e+13	0.00121984076645	0.998780902937
908.365789625	3.30043252866e+15	-3.02275817889e+13	0.00121923377073	0.998781509193
908.192731988	3.30106143157e+15	-3.0233341705e+13	0.00121862694667	0.998782115278
908.019674351	3.30169057421e+15	-3.02391038166e+13	0.00121802034553	0.99878272114
907.846616714	3.3023199567e+15	-3.02448681251e+13	0.00121741391564	0.998783326832
907.673559077	3.3029495792e+15	-3.02506346315e+13	0.00121680769855	0.998783932312
907.50050144	3.30357944182e+15	-3.02564033373e+13	0.00121620165428	0.998784537619
907.327443803	3.30420954472e+15	-3.02621742437e+13	0.00121559581819	0.998785142719
907.154386166	3.30483988803e+15	-3.02679473519e+13	0.00121499017592	0.998785747626
906.981328529	3.30547047188e+15	-3.02737226632e+13	0.00121438471931	0.998786352347
906.808270892	3.30610129642e+15	-3.02795001788e+13	0.00121377947964	0.998786956853
906.635213256	3.30673236178e+15	-3.02852799e+13	0.00121317444836	0.99878756115
906.462155619	3.3073636681e+15	-3.02910618281e+13	0.00121256961887	0.998788165247
906.289097982	3.30799521552e+15	-3.02968459644e+13	0.00121196501222	0.998788769121
906.116040345	3.30862700417e+15	-3.03026323101e+13	0.00121136061778	0.998789372783
905.942982708	3.3092590342e+15	-3.03084208664e+13	0.00121075642627	0.998789976244
905.769925071	3.30989130575e+15	-3.03142116347e+13	0.00121015245069	0.998790579489
905.596867434	3.31052381894e+15	-3.03200046162e+13	0.00120954868098	0.998791182528
905.423809797	3.31115657393e+15	-3.03257998121e+13	0.00120894511522	0.998791785365
905.25075216	3.31178957084e+15	-3.03315972238e+13	0.00120834174625	0.998792388005
905.077694523	3.31242280982e+15	-3.03373968525e+13	0.00120773858464	0.998792990438
904.904636886	3.31305629101e+15	-3.03431986995e+13	0.00120713562381	0.998793592671
904.731579249	3.31369001454e+15	-3.03490027661e+13	0.0012065328588	0.998794194709
904.558521613	3.31432398056e+15	-3.03548090535e+13	0.00120593029848	0.998794796543
904.385463976	3.3149581892e+15	-3.0360617563e+13	0.00120532793796	0.998795398178
904.212406339	3.3155926406e+15	-3.03664282959e+13	0.00120472577711	0.998795999614
904.039348702	3.31622733491e+15	-3.03722412535e+13	0.00120412381232	0.998796600854
903.866291065	3.31686227226e+15	-3.0378056437e+13	0.00120352221279	0.99879720173
903.693233428	3.31749745279e+15	-3.03838738478e+13	0.00120292065032	0.998797802569
903.520175791	3.31813287664e+15	-3.0389693487e+13	0.00120231928435	0.998798403212
903.347118154	3.31876854395e+15	-3.0395515356e+13	0.00120171812047	0.998799003654
903.174060517	3.31940445487e+15	-3.04013394561e+13	0.00120111715576	0.998799603897
903.00100288	3.32004060952e+15	-3.04071657885e+13	0.00120051638795	0.998800203944
902.827945243	3.32067700806e+15	-3.04129943545e+13	0.00119991582149	0.99880080379
902.654887606	3.32131365061e+15	-3.04188251555e+13	0.00119931545405	0.998801403437
902.48182997	3.32195053733e+15	-3.04246581927e+13	0.00119871528384	0.998802002888
902.308772333	3.32258766835e+15	-3.04304934673e+13	0.00119811531436	0.998802602139
902.135714696	3.32322504382e+15	-3.04363309807e+13	0.00119751554378	0.998803201192
901.962657059	3.32386266387e+15	-3.04421707342e+13	0.0011969159707	0.998803800048
901.789599422	3.32450052864e+15	-3.0448012729e+13	0.00119631659782	0.998804398704
901.616541785	3.32513863828e+15	-3.04538569665e+13	0.00119571742266	0.998804997163
901.443484148	3.32577699292e+15	-3.04597034479e+13	0.00119511844732	0.998805595422
901.270426511	3.32641559272e+15	-3.04655521746e+13	0.0011945196699	0.998806193485
901.097368874	3.3270544378e+15	-3.04714031477e+13	0.00119392109194	0.998806791348
900.924311237	3.32769352831e+15	-3.04772563687e+13	0.00119332271208	0.998807389014
900.7512536	3.32833286439e+15	-3.04831118388e+13	0.00119272453093	0.998807986482
900.578195963	3.32897244619e+15	-3.04889695593e+13	0.00119212654875	0.998808583752
900.405138327	3.32961227384e+15	-3.04948295315e+13	0.00119152876508	0.998809180823
900.23208069	3.33025234749e+15	-3.05006917567e+13	0.00119093117988	0.998809777697
900.059023053	3.33089266727e+15	-3.05065562362e+13	0.00119033379312	0.998810374373
899.885965416	3.33153323334e+15	-3.05124229713e+13	0.00118973660476	0.998810970851
899.712907779	3.33217404583e+15	-3.05182919633e+13	0.00118913961477	0.998811567132
899.539850142	3.33281510489e+15	-3.05241632135e+13	0.0011885428231	0.998812163214
899.366792505	3.33345641065e+15	-3.05300367232e+13	0.00118794622972	0.998812759099
899.193734868	3.33409796326e+15	-3.05359124938e+13	0.0011873498346	0.998813354786
899.020677231	3.33473976286e+15	-3.05417905265e+13	0.00118675363769	0.998813950276
898.847619594	3.3353818096e+15	-3.05476708226e+13	0.00118615763897	0.998814545568
898.674561957	3.33602410362e+15	-3.05535533834e+13	0.00118556183839	0.998815140662
898.50150432	3.33666664506e+15	-3.05594382103e+13	0.00118496623592	0.998815735559
898.328446683	3.33730943406e+15	-3.05653253045e+13	0.00118437083153	0.998816330259
898.155389047	3.33795247077e+15	-3.05712146674e+13	0.00118377562517	0.998816924761
897.98233141	3.33859575532e+15	-3.05771063003e+13	0.00118318061681	0.998817519065
897.809273773	3.33923928787e+15	-3.05830002044e+13	0.00118258580641	0.998818113173
897.636216136	3.33988306856e+15	-3.05888963812e+13	0.00118199119395	0.998818707082
897.463158499	3.34052709753e+15	-3.05947948318e+13	0.00118139677937	0.998819300795
897.290100862	3.34117137492e+15	-3.06006955578e+13	0.00118080256264	0.99881989431
897.117043225	3.34181590088e+15	-3.06065985602e+13	0.00118020854374	0.998820487628
896.943985588	3.34246067555e+15	-3.06125038405e+13	0.00117961472261	0.998821080749
896.770927951	3.34310569908e+15	-3.06184114001e+13	0.00117902109923	0.998821673673
896.597870314	3.3437509716e+15	-3.06243212401e+13	0.00117842767356	0.9988222664
896.424812677	3.34439649327e+15	-3.06302333619e+13	0.00117783444556	0.998822858929
896.25175504	3.34504226423e+15	-3.06361477669e+13	0.0011772414152	0.998823451262
896.078697404	3.34568828462e+15	-3.06420644564e+13	0.00117664858244	0.998824043397
895.905639767	3.34633455459e+15	-3.06479834316e+13	0.00117605594724	0.998824635336
895.73258213	3.34698107428e+15	-3.0653904694e+13	0.00117546350957	0.998825227077
895.559524493	3.34762784383e+15	-3.06598282448e+13	0.00117487126938	0.998825818622
895.386466856	3.3482748634e+15	-3.06657540854e+13	0.00117427922665	0.998826409969
895.213409219	3.34892213312e+15	-3.06716822171e+13	0.00117368738134	0.99882700112
895.040351582	3.34956965315e+15	-3.06776126413e+13	0.00117309573342	0.998827592074
894.867293945	3.35021742362e+15	-3.06835453592e+13	0.00117250428283	0.998828182832
895.867293945	3.3464777878e+15	-3.06492952578e+13	0.00117592465886	0.99882476647
896.170324248	3.34534621252e+15	-3.06389315299e+13	0.0011769624382	0.99882372991
896.473354551	3.34421540225e+15	-3.06285748085e+13	0.00117800082335	0.998822692747
896.776384854	3.34308535621e+15	-3.06182250864e+13	0.00117903981452	0.99882165498
897.079415157	3.34195607362e+15	-3.06078823565e+13	0.00118007941188	0.998820616608
897.38244546	3.3408275537e+15	-3.05975466116e+13	0.00118111961565	0.998819577632
897.685475763	3.33969979569e+15	-3.05872178449e+13	0.00118216042601	0.99881853805
897.988506066	3.33857279881e+15	-3.05768960491e+13	0.00118320184317	0.998817497864
898.291536369	3.3374465623e+15	-3.05665812172e+13	0.0011842438673	0.998816457073
898.594566672	3.33632108538e+15	-3.05562733422e+13	0.00118528649862	0.998815415676
898.897596975	3.33519636729e+15	-3.05459724171e+13	0.00118632973732	0.998814373674
899.200627278	3.33407240726e+15	-3.05356784347e+13	0.00118737358359	0.998813331066
899.503657581	3.33294920452e+15	-3.05253913882e+13	0.00118841803762	0.998812287851
899.806687885	3.33182675831e+15	-3.05151112705e+13	0.00118946309962	0.998811244031
900.109718188	3.33070506786e+15	-3.05048380745e+13	0.00119050876978	0.998810199605
900.412748491	3.32958413242e+15	-3.04945717934e+13	0.00119155504829	0.998809154572
900.715778794	3.32846395121e+15	-3.04843124201e+13	0.00119260193535	0.998808108932
901.018809097	3.32734452348e+15	-3.04740599476e+13	0.00119364943158	0.998807062685
901.3218394	3.32622584847e+15	-3.04638143691e+13	0.0011946975377	0.998806015829
901.624869703	3.32510792542e+15	-3.04535756775e+13	0.0011957462517	0.998804968368
901.927900006	3.32399075356e+15	-3.04433438658e+13	0.00119679557615	0.998803920298
902.230930309	3.32287433216e+15	-3.04331189273e+13	0.00119784551052	0.99880287162
902.533960612	3.32175866044e+15	-3.04229008549e+13	0.00119889605509	0.998801822334
902.836990915	3.32064373765e+15	-3.04126896418e+13	0.00119994720799	0.998800772441
903.140021218	3.31952956304e+15	-3.0402485281e+13	0.00120099897339	0.998799721937
903.443051521	3.31841613586e+15	-3.03922877656e+13	0.00120205134712	0.998798670827
903.746081824	3.31730345536e+15	-3.03820970887e+13	0.00120310433452	0.998797619105
904.049112127	3.31619152078e+15	-3.03719132436e+13	0.00120415776797	0.998796566939
904.35214243	3.31508033137e+15	-3.03617362232e+13	0.00120521197882	0.998795513997
904.655172733	3.31396988639e+15	-3.03515660208e+13	0.00120626679831	0.998794460449
904.958203036	3.31286018508e+15	-3.03414026295e+13	0.00120732223553	0.998793406285
905.261233339	3.31175122671e+15	-3.03312460424e+13	0.001208378283	0.998792351512
905.564263642	3.31064301052e+15	-3.03210962528e+13	0.00120943495458	0.998791296117
905.867293945	3.30953553577e+15	-3.03109532538e+13	0.00121049224508	0.998790240105
906.170324248	3.30842880171e+15	-3.03008170385e+13	0.00121155017862	0.998789183452
906.473354551	3.30732280761e+15	-3.02906876003e+13	0.0012126087516	0.998788126161
906.776384854	3.30621755272e+15	-3.02805649323e+13	0.00121366798626	0.998787068211
907.079415157	3.3051130363e+15	-3.02704490276e+13	0.00121472786445	0.998786009619
907.38244546	3.30400925762e+15	-3.02603398796e+13	0.00121578834587	0.998784950425
907.685475763	3.30290621592e+15	-3.02502374815e+13	0.00121684943635	0.998783890625
907.988506066	3.30180391048e+15	-3.02401418265e+13	0.00121791111511	0.998782830238
908.291536369	3.30070234055e+15	-3.02300529078e+13	0.00121897336301	0.998781769283
908.594566672	3.29960150541e+15	-3.02199707188e+13	0.0012200362733	0.998780707668
908.897596975	3.29850140431e+15	-3.02098952526e+13	0.00122109979372	0.998779645445
909.200627278	3.29740203653e+15	-3.01998265026e+13	0.00122216401466	0.998778582524
909.503657581	3.29630340132e+15	-3.01897644621e+13	0.00122322916357	0.998777518676
909.806687885	3.29520549796e+15	-3.01797091243e+13	0.00125174369165	0.998749039413
910.109718188	3.29410832572e+15	-3.01696604826e+13	0.00126152267153	0.998739272714
910.412748491	3.29301188386e+15	-3.01596185302e+13	0.00126481250656	0.998735987032
910.715778794	3.29191617166e+15	-3.01495832606e+13	0.00126842595788	0.998732378154
911.018809097	3.29082118839e+15	-3.01395546669e+13	0.0012724866309	0.998728322637
911.3218394	3.28972693332e+15	-3.01295327426e+13	0.00127718453532	0.998723630718
911.624869703	3.28863340573e+15	-3.0119517481e+13	0.00128281351779	0.998718008936
911.927900006	3.28754060489e+15	-3.01095088755e+13	0.00128982932101	0.998711002151
912.230930309	3.28644853007e+15	-3.00995069195e+13	0.00129894196049	0.998701901299
912.533960612	3.28535718056e+15	-3.00895116062e+13	0.00131126594309	0.99868959339
912.836990915	3.28426655563e+15	-3.00795229292e+13	0.0013285806022	0.99867230157
913.140021218	3.28317665455e+15	-3.00695408817e+13	0.00135383031807	0.998647085697
913.443051521	3.28208747662e+15	-3.00595654572e+13	0.00139225832371	0.998608710418
913.746081824	3.2809990211e+15	-3.00495966491e+13	0.00145440577033	0.998546651365
914.049112127	3.27991128729e+15	-3.00396344509e+13	0.00156428158968	0.998436941261
914.35214243	3.27882427446e+15	-3.00296788559e+13	0.00177801700113	0.998223562735
914.655172733	3.27773798189e+15	-3.00197298576e+13	0.00221036292566	0.997792078128
914.958203036	3.27665240888e+15	-3.00097874494e+13	0.00303022528392	0.996974361215
915.261233339	3.2755675547e+15	-2.99998516248e+13	0.00434229589914	0.995667118236
915.564263642	3.27448341865e+15	-2.99899223772e+13	0.00594137003841	0.994076244997
915.867293945	3.2734e+15	-2.99799997002e+13	0.0071797983388	0.992845914838
916.170324248	3.27231729805e+15	-2.99700835872e+13	0.00729494359547	0.992731599922
916.473354551	3.27123531209e+15	-2.99601740316e+13	0.00606232725549	0.993956011573
916.776384854	3.27015404141e+15	-2.99502710271e+13	0.00405832336848	0.995949900497
917.079415157	3.26907348529e+15	-2.9940374567e+13	0.00216949444844	0.997832857204
917.38244546	3.26799364304e+15	-2.9930484645e+13	0.000921288574163	0.999079135682
917.685475763	3.26691451394e+15	-2.99206012545e+13	0.000309752461198	0.999690295507
917.988506066	3.26583609728e+15	-2.9910724389e+13	8.22777149818e-05	0.99991772567
918.291536369	3.26475839237e+15	-2.99008540422e+13	1.72480859206e-05	0.999982752063
918.594566672	3.26368139849e+15	-2.98909902075e+13	2.85828842006e-06	0.999997141716
918.897596975	3.26260511494e+15	-2.98811328785e+13	3.81644170871e-07	0.999999618356
919.200627278	3.26152954103e+15	-2.98712820488e+13	4.77422198623e-08	0.999999952258
919.503657581	3.26045467604e+15	-2.9861437712e+13	1.14035196836e-08	0.999999988596
919.806687885	3.25938051929e+15	-2.98515998616e+13	7.3218534793e-09	0.999999992678
920.109718188	3.25830707006e+15	-2.98417684912e+13	6.16731391765e-09	0.999999993833
920.412748491	3.25723432766e+15	-2.98319435944e+13	5.39954509871e-09	0.9999999946
920.715778794	3.25616229139e+15	-2.98221251649e+13	4.78953241922e-09	0.99999999521
921.018809097	3.25509096056e+15	-2.98123131962e+13	4.29004127956e-09	0.99999999571
921.3218394	3.25402033447e+15	-2.9802507682e+13	3.87449650932e-09	0.999999996126
921.624869703	3.25295041242e+15	-2.97927086158e+13	3.52419836256e-09	0.999999996476
921.927900006	3.25188119373e+15	-2.97829159915e+13	3.2286525428e-09	0.999999996771
922.230930309	3.25081267768e+15	-2.97731298025e+13	2.97168795151e-09	0.999999997028
922.533960612	3.24974486361e+15	-2.97633500426e+13	2.74855809225e-09	0.999999997251
922.836990915	3.2486777508e+15	-2.97535767054e+13	2.55326830285e-09	0.999999997447
923.140021218	3.24761133858e+15	-2.97438097847e+13	2.38116794863e-09	0.999999997619
923.443051521	3.24654562624e+15	-2.9734049274e+13	2.22782633851e-09	0.999999997772
923.746081824	3.24548061311e+15	-2.9724295167e+13	2.09374320823e-09	0.999999997906
924.049112127	3.2444162985e+15	-2.97145474576e+13	1.97175349596e-09	0.999999998028
924.35214243	3.24335268172e+15	-2.97048061393e+13	1.86186882073e-09	0.999999998138
924.655172733	3.24228976207e+15	-2.9695071206e+13	1.76255407625e-09	0.999999998237
924.958203036	3.24122753889e+15	-2.96853426512e+13	1.67245757436e-09	0.999999998328
925.261233339	3.24016601147e+15	-2.96756204688e+13	1.590001913e-09	0.99999999841
925.564263642	3.23910517915e+15	-2.96659046525e+13	1.51360884132e-09	0.999999998486
925.867293945	3.23804504123e+15	-2.96561951961e+13	1.44550395105e-09	0.999999998554
