912.0	3.28728070175e+15	-3.00145194013e+13	0.00221202048974	0.997790424225
911.798485848	3.2880072149e+15	-3.00211528303e+13	0.00182615515583	0.998175511251
911.596971697	3.28873404924e+15	-3.00277891919e+13	0.00157868633158	0.998422559138
911.395457545	3.28946120499e+15	-3.00344284883e+13	0.00142432369286	0.998576690175
911.193943393	3.29018868237e+15	-3.00410707212e+13	0.00132751889505	0.998673361868
910.992429241	3.2909164816e+15	-3.00477158928e+13	0.00126484459408	0.998735954985
910.79091509	3.29164460287e+15	-3.00543640048e+13	0.00122240390311	0.998778342928
910.589400938	3.29237304642e+15	-3.00610150593e+13	0.00119238590471	0.998808324705
910.387886786	3.29310181244e+15	-3.00676690582e+13	0.0011703953859	0.99883028926
910.186372635	3.29383090116e+15	-3.00743260035e+13	0.00115385680151	0.998846808635
909.984858483	3.29456031279e+15	-3.00809858971e+13	0.00114116385562	0.998859487024
909.783344331	3.29529004755e+15	-3.0087648741e+13	0.00113125303625	0.998869386589
909.581830179	3.29602010564e+15	-3.00943145372e+13	0.00112338748953	0.998877243274
909.380316028	3.29675048729e+15	-3.01009832876e+13	0.0011170412452	0.998883582413
909.178801876	3.29748119271e+15	-3.01076549941e+13	0.00111183192962	0.998888785926
908.977287724	3.29821222212e+15	-3.01143296588e+13	0.00110747845854	0.998893134569
908.775773572	3.29894357572e+15	-3.01210072836e+13	0.00110377282986	0.998896836103
908.574259421	3.29967525374e+15	-3.01276878705e+13	0.00110056051586	0.998900044879
908.372745269	3.3004072564e+15	-3.01343714215e+13	0.00109772642929	0.998902875852
908.171231117	3.3011395839e+15	-3.01410579385e+13	0.0010951847195	0.998905414776
907.969716966	3.30187223647e+15	-3.01477474234e+13	0.00109287125169	0.998907725715
907.768202814	3.30260521431e+15	-3.01544398784e+13	0.00109073803744	0.998909856601
907.566688662	3.30333851766e+15	-3.01611353053e+13	0.00108874909139	0.998911843381
907.36517451	3.30407214672e+15	-3.01678337062e+13	0.00108687734779	0.998913713089
907.163660359	3.30480610171e+15	-3.01745350829e+13	0.00108510236671	0.998915486144
906.962146207	3.30554038285e+15	-3.01812394376e+13	0.00106997231449	0.998930599902
906.760632055	3.30627499035e+15	-3.01879467721e+13	0.00105364002346	0.99894691486
906.559117904	3.30700992444e+15	-3.01946570886e+13	0.00105304505846	0.998947509199
906.357603752	3.30774518533e+15	-3.02013703889e+13	0.00105245032018	0.998948103311
906.1560896	3.30848077324e+15	-3.0208086675e+13	0.00105185580054	0.998948697206
905.954575448	3.30921668839e+15	-3.0214805949e+13	0.00105126149847	0.998949290883
905.753061297	3.309952931e+15	-3.02215282129e+13	0.00105066741212	0.998949884346
905.551547145	3.31068950128e+15	-3.02282534685e+13	0.00105007354343	0.998950477591
905.350032993	3.31142639945e+15	-3.02349817181e+13	0.0010494798899	0.998951070622
905.148518842	3.31216362574e+15	-3.02417129634e+13	0.00104888645228	0.998951663437
904.94700469	3.31290118036e+15	-3.02484472066e+13	0.00104829323092	0.998952256036
904.745490538	3.31363906353e+15	-3.02551844496e+13	0.00104770022456	0.998952848422
904.543976386	3.31437727547e+15	-3.02619246945e+13	0.00104710743418	0.998953440592
904.342462235	3.3151158164e+15	-3.02686679432e+13	0.00104651485936	0.998954032546
904.140948083	3.31585468655e+15	-3.02754141977e+13	0.00104592370422	0.998954623083
903.939433931	3.31659388612e+15	-3.02821634602e+13	0.00104533155936	0.998955214609
903.737919779	3.31733341535e+15	-3.02889157325e+13	0.00104473963031	0.99895580592
903.536405628	3.31807327444e+15	-3.02956710167e+13	0.00104414791771	0.998956397015
903.334891476	3.31881346363e+15	-3.03024293149e+13	0.00104355642123	0.998956987894
903.133377324	3.31955398314e+15	-3.03091906289e+13	0.00104296514053	0.998957578559
902.931863173	3.32029483317e+15	-3.03159549609e+13	0.00104237407592	0.998958169007
902.730349021	3.32103601397e+15	-3.03227223129e+13	0.00104178322703	0.998958759241
902.528834869	3.32177752574e+15	-3.03294926868e+13	0.00104119259357	0.998959349259
902.327320717	3.32251936871e+15	-3.03362660848e+13	0.00104060217579	0.998959939063
902.125806566	3.3232615431e+15	-3.03430425089e+13	0.00104001197344	0.998960528652
901.924292414	3.32400404914e+15	-3.03498219609e+13	0.00103942198634	0.998961118026
901.722778262	3.32474688704e+15	-3.03566044431e+13	0.00103883221469	0.998961707185
901.521264111	3.32549005703e+15	-3.03633899575e+13	0.00103824265832	0.998962296129
901.319749959	3.32623355933e+15	-3.0370178506e+13	0.00103765331707	0.998962884859
901.118235807	3.32697739416e+15	-3.03769700907e+13	0.00103706419111	0.998963473374
900.916721655	3.32772156176e+15	-3.03837647136e+13	0.0010364752803	0.998964061675
900.715207504	3.32846606233e+15	-3.03905623768e+13	0.00103588658452	0.998964649761
900.513693352	3.32921089611e+15	-3.03973630823e+13	0.00103529810387	0.998965237632
900.3121792	3.32995606331e+15	-3.04041668322e+13	0.00103470983825	0.998965825289
900.110665049	3.33070156417e+15	-3.04109736285e+13	0.00103412178755	0.998966412732
899.909150897	3.3314473989e+15	-3.04177834733e+13	0.00103353395185	0.99896699996
899.707636745	3.33219356773e+15	-3.04245963686e+13	0.00103294633101	0.998967586974
899.506122593	3.33294007089e+15	-3.04314123164e+13	0.00103235892508	0.998968173774
899.304608442	3.33368690859e+15	-3.04382313188e+13	0.00103177173397	0.998968760359
899.10309429	3.33443408107e+15	-3.04450533779e+13	0.0010311847576	0.998969346731
898.901580138	3.33518158856e+15	-3.04518784957e+13	0.00103059799601	0.998969932888
898.700065986	3.33592943126e+15	-3.04587066742e+13	0.0010300114491	0.998970518831
898.498551835	3.33667760942e+15	-3.04655379156e+13	0.00102942511685	0.998971104559
898.297037683	3.33742612325e+15	-3.04723722219e+13	0.00102883899925	0.998971690074
898.095523531	3.33817497298e+15	-3.04792095951e+13	0.00102825309622	0.998972275375
897.89400938	3.33892415885e+15	-3.04860500374e+13	0.00102766740774	0.998972860462
897.692495228	3.33967368106e+15	-3.04928935507e+13	0.00102708193377	0.998973445334
897.490981076	3.34042353986e+15	-3.04997401372e+13	0.00102649667426	0.998974029993
897.289466924	3.34117373547e+15	-3.0506589799e+13	0.00102591162918	0.998974614438
897.087952773	3.34192426811e+15	-3.0513442538e+13	0.00102532679848	0.998975198669
896.886438621	3.34267513801e+15	-3.05202983564e+13	0.00102474218213	0.998975782687
896.684924469	3.34342634541e+15	-3.05271572563e+13	0.00102415778008	0.998976366491
896.483410318	3.34417789052e+15	-3.05340192396e+13	0.0010235735923	0.99897695008
896.281896166	3.34492977357e+15	-3.05408843086e+13	0.00102298961874	0.998977533457
896.080382014	3.3456819948e+15	-3.05477524653e+13	0.00102240585937	0.998978116619
895.878867862	3.34643455443e+15	-3.05546237117e+13	0.00102182231415	0.998978699569
895.677353711	3.34718745269e+15	-3.056149805e+13	0.00102123898303	0.998979282304
895.475839559	3.34794068981e+15	-3.05683754823e+13	0.00102065586598	0.998979864826
895.274325407	3.34869426601e+15	-3.05752560106e+13	0.00102007296296	0.998980447135
895.072811256	3.34944818153e+15	-3.0582139637e+13	0.00101949027392	0.99898102923
894.871297104	3.3502024366e+15	-3.05890263636e+13	0.00101890779884	0.998981611111
894.669782952	3.35095703144e+15	-3.05959161925e+13	0.00101832553766	0.99898219278
894.4682688	3.35171196628e+15	-3.06028091259e+13	0.00101774349035	0.998982774235
894.266754649	3.35246724136e+15	-3.06097051657e+13	0.00101716165687	0.998983355477
894.065240497	3.35322285691e+15	-3.06166043142e+13	0.00101658003718	0.998983936505
893.863726345	3.35397881314e+15	-3.06235065734e+13	0.00101599863124	0.998984517321
893.662212194	3.35473511031e+15	-3.06304119454e+13	0.00101541743902	0.998985097923
893.460698042	3.35549174863e+15	-3.06373204323e+13	0.00101483646046	0.998985678312
893.25918389	3.35624872833e+15	-3.06442320362e+13	0.00101425569553	0.998986258488
893.057669738	3.35700604965e+15	-3.06511467593e+13	0.0010136751442	0.998986838451
892.856155587	3.35776371282e+15	-3.06580646036e+13	0.00101309480642	0.998987418201
892.654641435	3.35852171808e+15	-3.06649855713e+13	0.00101251468215	0.998987997738
892.453127283	3.35928006564e+15	-3.06719096645e+13	0.00101193477136	0.998988577062
892.251613131	3.36003875575e+15	-3.06788368853e+13	0.001011355074	0.998989156173
892.05009898	3.36079778863e+15	-3.06857672358e+13	0.00101077559003	0.998989735072
893.05009898	3.35703450839e+15	-3.06514066019e+13	0.00101365333742	0.998986860236
893.353129283	3.35589578379e+15	-3.06410094758e+13	0.00101452642011	0.998985988038
893.656159586	3.35475783146e+15	-3.06306194008e+13	0.00101539998584	0.998985115358
893.959189889	3.35362065059e+15	-3.06202363699e+13	0.00101627403474	0.998984242197
894.262220192	3.35248424042e+15	-3.06098603757e+13	0.00101714856696	0.998983368553
894.565250495	3.35134860016e+15	-3.05994914111e+13	0.00101802358261	0.998982494428
894.868280798	3.35021372903e+15	-3.05891294691e+13	0.00101889908185	0.99898161982
895.171311101	3.34907962624e+15	-3.05787745425e+13	0.0010197750648	0.998980744729
895.474341404	3.34794629101e+15	-3.05684266241e+13	0.0010206515316	0.998979869156
895.777371707	3.34681372257e+15	-3.05580857068e+13	0.00102152848239	0.9989789931
896.08040201	3.34568192014e+15	-3.05477517836e+13	0.00102240591729	0.998978116562
896.383432313	3.34455088295e+15	-3.05374248474e+13	0.00102328383644	0.99897723954
896.686462616	3.3434206102e+15	-3.0527104891e+13	0.00102416223998	0.998976362035
896.989492919	3.34229110114e+15	-3.05167919074e+13	0.00102504112804	0.998975484047
897.292523222	3.34116235499e+15	-3.05064858895e+13	0.00102592050076	0.998974605576
897.595553525	3.34003437097e+15	-3.04961868303e+13	0.00102680035827	0.998973726621
897.898583828	3.33890714831e+15	-3.04858947227e+13	0.00102768070071	0.998972847182
898.201614131	3.33778068624e+15	-3.04756095597e+13	0.00102856152822	0.99897196726
898.504644434	3.336654984e+15	-3.04653313342e+13	0.00102944284093	0.998971086854
898.807674737	3.33553004081e+15	-3.04550600393e+13	0.00103032463899	0.998970205963
899.11070504	3.33440585591e+15	-3.0444795668e+13	0.00103120692251	0.998969324589
899.413735343	3.33328242853e+15	-3.04345382132e+13	0.00103208969165	0.99896844273
899.716765646	3.33215975791e+15	-3.04242876679e+13	0.00103297294649	0.998967560386
900.019795949	3.33103784327e+15	-3.04140440252e+13	0.00103385668725	0.998966677558
900.322826252	3.32991668386e+15	-3.04038072781e+13	0.00103474091404	0.998965794246
900.625856556	3.32879627892e+15	-3.03935774197e+13	0.00103562562691	0.998964910448
900.928886859	3.32767662768e+15	-3.03833544429e+13	0.00103651082614	0.998964026166
901.231917162	3.32655772938e+15	-3.03731383409e+13	0.00103739651172	0.998963141398
901.534947465	3.32543958327e+15	-3.03629291068e+13	0.00103828268397	0.998962256145
901.837977768	3.32432218858e+15	-3.03527267335e+13	0.00103916934283	0.998961370407
902.141008071	3.32320554457e+15	-3.03425312142e+13	0.00104005648868	0.998960484183
902.444038374	3.32208965046e+15	-3.03323425419e+13	0.00104094412144	0.998959597473
902.747068677	3.32097450551e+15	-3.03221607099e+13	0.00104183224164	0.998958710277
903.05009898	3.31986010897e+15	-3.03119857111e+13	0.00104272084923	0.998957822595
903.353129283	3.31874646007e+15	-3.03018175388e+13	0.00104360994505	0.998956934426
903.656159586	3.31763355807e+15	-3.0291656186e+13	0.00104449952912	0.998956045771
903.959189889	3.31652140222e+15	-3.02815016459e+13	0.00104538960225	0.998955156627
904.262220192	3.31540999177e+15	-3.02713539116e+13	0.00104628016371	0.998954266997
904.565250495	3.31429932596e+15	-3.02612129763e+13	0.00104717000565	0.998953378086
904.868280798	3.31318940405e+15	-3.02510788333e+13	0.0010480615405	0.998952487484
905.171311101	3.31208022529e+15	-3.02409514755e+13	0.00104895356279	0.998951596397
905.474341404	3.31097178894e+15	-3.02308308963e+13	0.00104984607207	0.998950704824
905.777371707	3.30986409425e+15	-3.02207170889e+13	0.00105073907114	0.998949812762
906.08040201	3.30875714048e+15	-3.02106100464e+13	0.00105163255841	0.998948920213
906.383432313	3.30765092688e+15	-3.0200509762e+13	0.00105252653697	0.998948027175
906.686462616	3.30654545271e+15	-3.0190416229e+13	0.00105342101228	0.998947133641
906.989492919	3.30544071724e+15	-3.01803294406e+13	0.00107499607313	0.998925581528
907.292523222	3.30433671971e+15	-3.01702493901e+13	0.00108622716687	0.998914362564
907.595553525	3.30323345939e+15	-3.01601760707e+13	0.00108902624434	0.99891156653
907.898583828	3.30213093555e+15	-3.01501094757e+13	0.00109209973058	0.998908496393
908.201614131	3.30102914744e+15	-3.01400495983e+13	0.00109555196212	0.998905047936
908.504644434	3.29992809433e+15	-3.01299964318e+13	0.00109954357819	0.998901060698
908.807674737	3.29882777549e+15	-3.01199499695e+13	0.00110432314529	0.998896286395
909.11070504	3.29772819017e+15	-3.01099102047e+13	0.00111027671073	0.998890339418
909.413735343	3.29662933766e+15	-3.00998771307e+13	0.00111800623252	0.998882618504
909.716765646	3.2955312172e+15	-3.00898507408e+13	0.00112845742259	0.998872179046
910.019795949	3.29443382808e+15	-3.00798310283e+13	0.00114314034274	0.998857512793
910.322826252	3.29333716956e+15	-3.00698179866e+13	0.0011645515812	0.998836126246
910.625856556	3.29224124092e+15	-3.00598116091e+13	0.00119712436606	0.998803591901
910.928886859	3.29114604142e+15	-3.0049811889e+13	0.00124973905238	0.998751041546
911.231917162	3.29005157034e+15	-3.00398188197e+13	0.00134259880906	0.998658302074
911.534947465	3.28895782695e+15	-3.00298323945e+13	0.00152315227136	0.998478007136
911.837977768	3.28786481052e+15	-3.0019852607e+13	0.00188937821767	0.998112405534
912.141008071	3.28677252034e+15	-3.00098794504e+13	0.00258769224251	0.997415652947
912.444038374	3.28568095567e+15	-2.99999129181e+13	0.00371293435982	0.996293950058
912.747068677	3.2845901158e+15	-2.99899530036e+13	0.005094526435	0.994918428655
913.05009898	3.2835e+15	-2.99799997002e+13	0.0061747491463	0.99384427544
913.353129283	3.28241060755e+15	-2.99700530014e+13	0.00628740921108	0.993732315186
913.656159586	3.28132193774e+15	-2.99601129006e+13	0.00522956805296	0.994784082332
913.959189889	3.28023398984e+15	-2.99501793912e+13	0.00349847143708	0.996507641084
914.262220192	3.27914676314e+15	-2.99402524667e+13	0.00186583396448	0.998135905622
914.565250495	3.27806025691e+15	-2.99303321205e+13	0.000789118462401	0.99921119281
914.868280798	3.27697447045e+15	-2.99204183462e+13	0.00026376760394	0.99973626718
915.171311101	3.27588940304e+15	-2.99105111371e+13	6.95234528447e-05	0.999930478964
915.474341404	3.27480505396e+15	-2.99006104868e+13	1.4427501906e-05	0.999985572602
915.777371707	3.2737214225e+15	-2.98907163887e+13	2.35479315589e-06	0.99999764521
916.08040201	3.27263850795e+15	-2.98808288363e+13	3.01849687132e-07	0.99999969815
916.383432313	3.2715563096e+15	-2.98709478232e+13	3.06451422162e-08	0.999999969355
916.686462616	3.27047482674e+15	-2.98610733429e+13	2.63946143916e-09	0.999999997361
916.989492919	3.26939405866e+15	-2.98512053888e+13	3.6294698971e-10	0.999999999637
917.292523222	3.26831400464e+15	-2.98413439545e+13	1.84768090414e-10	0.999999999815
917.595553525	3.26723466399e+15	-2.98314890337e+13	1.55548099742e-10	0.999999999844
917.898583828	3.26615603599e+15	-2.98216406197e+13	1.37747931785e-10	0.999999999862
918.201614131	3.26507811995e+15	-2.98117987061e+13	1.23389136852e-10	0.999999999877
918.504644434	3.26400091515e+15	-2.98019632866e+13	1.11447452484e-10	0.999999999889
918.807674737	3.26292442089e+15	-2.97921343548e+13	1.01380419637e-10	0.999999999899
919.11070504	3.26184863647e+15	-2.97823119041e+13	9.28861846163e-11	0.999999999907
919.413735343	3.26077356119e+15	-2.97724959281e+13	8.55001251413e-11	0.999999999914
919.716765646	3.25969919434e+15	-2.97626864206e+13	7.90849744604e-11	0.999999999921
920.019795949	3.25862553523e+15	-2.9752883375e+13	7.3470545308e-11	0.999999999927
920.322826252	3.25755258316e+15	-2.97430867851e+13	6.85214091191e-11	0.999999999931
920.625856556	3.25648033743e+15	-2.97332966443e+13	6.41121151033e-11	0.999999999936
920.928886859	3.25540879734e+15	-2.97235129465e+13	6.02566956812e-11	0.99999999994
921.231917162	3.25433796219e+15	-2.97137356851e+13	5.67484427445e-11	0.999999999943
921.534947465	3.25326783129e+15	-2.97039648539e+13	5.35882289707e-11	0.999999999946
921.837977768	3.25219840395e+15	-2.96942004465e+13	5.07319658476e-11	0.999999999949
922.141008071	3.25112967948e+15	-2.96844424566e+13	4.81404549964e-11	0.999999999952
922.444038374	3.25006165717e+15	-2.96746908779e+13	4.57667247568e-11	0.999999999954
922.747068677	3.24899433633e+15	-2.96649457039e+13	4.35663660475e-11	0.999999999956
923.05009898	3.24792771629e+15	-2.96552069286e+13	4.16141104566e-11	0.999999999958
