912.0	3.28728070175e+15	-3.00483793083e+13	0.00108654477893	0.998914045297
911.80889017	3.28796969663e+15	-3.00546772735e+13	0.00105279068646	0.998947763303
911.61778034	3.28865898039e+15	-3.00609778794e+13	0.00102832116946	0.998972207372
911.42667051	3.28934855321e+15	-3.00672811275e+13	0.00101001112527	0.998990498764
911.23556068	3.29003841527e+15	-3.00735870195e+13	0.000995973086259	0.99900452273
911.04445085	3.29072856676e+15	-3.00798955571e+13	0.00098500099948	0.999015483955
910.85334102	3.29141900785e+15	-3.00862067419e+13	0.00097628112968	0.999024195278
910.66223119	3.29210973873e+15	-3.00925205756e+13	0.000969240908473	0.999031228654
910.471121361	3.29280075959e+15	-3.00988370599e+13	0.000963465867189	0.999036998117
910.280011531	3.2934920706e+15	-3.01051561965e+13	0.000958650596192	0.999041808762
910.088901701	3.29418367194e+15	-3.0111477987e+13	0.000954567478991	0.999045887976
909.897791871	3.29487556381e+15	-3.0117802433e+13	0.000951045695408	0.999049406405
909.706682041	3.29556774638e+15	-3.01241295363e+13	0.000947956532274	0.999052492637
909.515572211	3.29626021984e+15	-3.01304592986e+13	0.000945202730567	0.999055243833
909.324462381	3.29695298436e+15	-3.01367917214e+13	0.00094271067627	0.999057733536
909.133352551	3.29764604014e+15	-3.01431268066e+13	0.000940424574005	0.999060017487
908.942242721	3.29833938736e+15	-3.01494645557e+13	0.000938302076292	0.999062137991
908.751132891	3.29903302619e+15	-3.01558049704e+13	0.000936311007001	0.999064127195
908.560023061	3.29972695684e+15	-3.01621480525e+13	0.000934426838592	0.999066009602
908.368913231	3.30042117947e+15	-3.01684938036e+13	0.000932630835285	0.99906780393
908.177803401	3.30111569427e+15	-3.01748422255e+13	0.000930908623163	0.999069524538
907.986693571	3.30181050144e+15	-3.01811933197e+13	0.000918284090909	0.999082137403
907.795583742	3.30250560114e+15	-3.01875470879e+13	0.00090347511745	0.999096932893
907.604473912	3.30320099358e+15	-3.0193903532e+13	0.00090271455623	0.999097692768
907.413364082	3.30389667892e+15	-3.02002626535e+13	0.00090195447547	0.999098452163
907.222254252	3.30459265737e+15	-3.02066244541e+13	0.000901194874862	0.999099211079
907.031144422	3.30528892909e+15	-3.02129889356e+13	0.000900435754156	0.999099969516
906.840034592	3.30598549429e+15	-3.02193560996e+13	0.000899677113153	0.999100727475
906.648924762	3.30668235314e+15	-3.02257259478e+13	0.00089891895163	0.999101484955
906.457814932	3.30737950582e+15	-3.0232098482e+13	0.000898161269389	0.999102241957
906.266705102	3.30807695254e+15	-3.02384737038e+13	0.000897404066239	0.99910299848
906.075595272	3.30877469346e+15	-3.02448516149e+13	0.000896647341948	0.999103754526
905.884485442	3.30947272878e+15	-3.02512322171e+13	0.000895891096338	0.999104510094
905.693375612	3.31017105869e+15	-3.0257615512e+13	0.000895135329184	0.999105265185
905.502265782	3.31086968337e+15	-3.02640015013e+13	0.000894380040305	0.999106019798
905.311155952	3.311568603e+15	-3.02703901868e+13	0.000893625229491	0.999106773935
905.120046123	3.31226781778e+15	-3.02767815702e+13	0.000892870896538	0.999107527594
904.928936293	3.31296732789e+15	-3.0283175653e+13	0.000892117041262	0.999108280777
904.737826463	3.31366713352e+15	-3.02895724372e+13	0.000891363663451	0.999109033483
904.546716633	3.31436723485e+15	-3.02959719244e+13	0.000890610762915	0.999109785713
904.355606803	3.31506763208e+15	-3.03023741162e+13	0.000889858339448	0.999110537467
904.164496973	3.31576832538e+15	-3.03087790145e+13	0.000889106392843	0.999111288745
903.973387143	3.31646931496e+15	-3.03151866209e+13	0.000888354922905	0.999112039548
903.782277313	3.31717060099e+15	-3.03215969371e+13	0.000887603929426	0.999112789874
903.591167483	3.31787218367e+15	-3.0328009965e+13	0.0008868534122	0.999113539726
903.400057653	3.31857406318e+15	-3.03344257061e+13	0.000886103371033	0.999114289103
903.208947823	3.31927623971e+15	-3.03408441622e+13	0.000885353805718	0.999115038004
903.017837993	3.31997871345e+15	-3.0347265335e+13	0.000884604716054	0.999115786431
902.826728163	3.32068148458e+15	-3.03536892263e+13	0.000883856101837	0.999116534384
902.635618333	3.32138455331e+15	-3.03601158378e+13	0.00088310796287	0.999117281862
902.444508504	3.32208791981e+15	-3.03665451713e+13	0.00088236029895	0.999118028866
902.253398674	3.32279158428e+15	-3.03729772283e+13	0.000881613109874	0.999118775397
902.062288844	3.3234955469e+15	-3.03794120107e+13	0.000880866395445	0.999119521453
901.871179014	3.32419980787e+15	-3.03858495203e+13	0.000880120155458	0.999120267037
901.680069184	3.32490436737e+15	-3.03922897587e+13	0.000879374389713	0.999121012147
901.488959354	3.3256092256e+15	-3.03987327276e+13	0.00087862909801	0.999121756784
901.297849524	3.32631438274e+15	-3.04051784289e+13	0.000877884280148	0.999122500948
901.106739694	3.32701983898e+15	-3.04116268642e+13	0.000877139935924	0.999123244639
900.915629864	3.32772559452e+15	-3.04180780354e+13	0.000876396065141	0.999123987858
900.724520034	3.32843164954e+15	-3.0424531944e+13	0.000875652667594	0.999124730604
900.533410204	3.32913800424e+15	-3.04309885919e+13	0.000874909743085	0.999125472879
900.342300374	3.32984465881e+15	-3.04374479809e+13	0.000874167291412	0.999126214682
900.151190544	3.33055161343e+15	-3.04439101126e+13	0.000873425312375	0.999126956012
899.960080714	3.3312588683e+15	-3.04503749889e+13	0.000872683805773	0.999127696872
899.768970885	3.33196642362e+15	-3.04568426114e+13	0.000871942771405	0.99912843726
899.577861055	3.33267427956e+15	-3.04633129819e+13	0.000871202209072	0.999129177177
899.386751225	3.33338243633e+15	-3.04697861022e+13	0.000870462118572	0.999129916624
899.195641395	3.33409089411e+15	-3.0476261974e+13	0.000869722499705	0.999130655599
899.004531565	3.3347996531e+15	-3.0482740599e+13	0.000868983352271	0.999131394104
898.813421735	3.33550871349e+15	-3.04892219791e+13	0.00086824467607	0.999132132139
898.622311905	3.33621807547e+15	-3.0495706116e+13	0.0008675064709	0.999132869704
898.431202075	3.33692773924e+15	-3.05021930115e+13	0.000866768736562	0.999133606799
898.240092245	3.33763770498e+15	-3.05086826672e+13	0.000866031472855	0.999134343424
898.048982415	3.33834797289e+15	-3.0515175085e+13	0.000865294679579	0.99913507958
897.857872585	3.33905854316e+15	-3.05216702667e+13	0.000864558356534	0.999135815266
897.666762755	3.33976941599e+15	-3.05281682139e+13	0.000863822503521	0.999136550484
897.475652925	3.34048059157e+15	-3.05346689285e+13	0.000863087120338	0.999137285232
897.284543095	3.34119207008e+15	-3.05411724123e+13	0.000862352206786	0.999138019512
897.093433266	3.34190385174e+15	-3.05476786669e+13	0.000861617762665	0.999138753323
896.902323436	3.34261593672e+15	-3.05541876943e+13	0.000860883787775	0.999139486666
896.711213606	3.34332832523e+15	-3.0560699496e+13	0.000860150281915	0.999140219541
896.520103776	3.34404101746e+15	-3.0567214074e+13	0.000859417244887	0.999140951948
896.328993946	3.34475401359e+15	-3.057373143e+13	0.00085868467649	0.999141683888
896.137884116	3.34546731384e+15	-3.05802515658e+13	0.000857952576525	0.99914241536
895.946774286	3.34618091838e+15	-3.05867744831e+13	0.000857220944791	0.999143146364
895.755664456	3.34689482742e+15	-3.05933001838e+13	0.00085648978109	0.999143876902
895.564554626	3.34760904115e+15	-3.05998286696e+13	0.000855759085221	0.999144606972
895.373444796	3.34832355977e+15	-3.06063599422e+13	0.000855028856985	0.999145336576
895.182334966	3.34903838346e+15	-3.06128940036e+13	0.000854299096182	0.999146065713
894.991225136	3.34975351244e+15	-3.06194308554e+13	0.000853569802613	0.999146794384
894.800115306	3.35046894688e+15	-3.06259704995e+13	0.000852840976078	0.999147522589
894.609005476	3.35118468699e+15	-3.06325129376e+13	0.000852112616379	0.999148250328
894.417895647	3.35190073297e+15	-3.06390581716e+13	0.000851384723314	0.999148977602
894.226785817	3.35261708501e+15	-3.06456062032e+13	0.000850657296686	0.99914970441
894.035675987	3.3533337433e+15	-3.06521570342e+13	0.000849930336295	0.999150430752
893.844566157	3.35405070804e+15	-3.06587106665e+13	0.000849203841941	0.99915115663
893.653456327	3.35476797944e+15	-3.06652671017e+13	0.000848477813426	0.999151882042
893.462346497	3.35548555768e+15	-3.06718263418e+13	0.000847752250549	0.99915260699
893.271236667	3.35620344296e+15	-3.06783883885e+13	0.000847027153113	0.999153331473
893.080126837	3.35692163548e+15	-3.06849532437e+13	0.000846302520918	0.999154055492
894.080126837	3.3531670261e+15	-3.06506331054e+13	0.000850099380752	0.999150261851
894.38315714	3.35203092329e+15	-3.06402482154e+13	0.000851252462496	0.99914910975
894.686187443	3.35089559007e+15	-3.06298703601e+13	0.000852406716879	0.999147956479
894.989217746	3.34976102567e+15	-3.06194995324e+13	0.000853562144697	0.999146802036
895.292248049	3.3486272293e+15	-3.06091357251e+13	0.000854718746744	0.999145646421
895.595278352	3.34749420019e+15	-3.05987789311e+13	0.000855876523816	0.999144489634
895.898308655	3.34636193755e+15	-3.05884291434e+13	0.000857035476708	0.999143331673
896.201338958	3.34523044061e+15	-3.05780863547e+13	0.000858195606215	0.999142172538
896.504369261	3.34409970859e+15	-3.05677505581e+13	0.000859356913135	0.999141012228
896.807399564	3.34296974072e+15	-3.05574217463e+13	0.000860519398263	0.999139850742
897.110429867	3.34184053622e+15	-3.05470999124e+13	0.000861683062397	0.99913868808
897.41346017	3.34071209432e+15	-3.05367850493e+13	0.000862847906332	0.99913752424
897.716490473	3.33958441425e+15	-3.05264771498e+13	0.000864013930867	0.999136359222
898.019520776	3.33845749523e+15	-3.0516176207e+13	0.000865181136798	0.999135193024
898.322551079	3.3373313365e+15	-3.05058822138e+13	0.000866349524923	0.999134025647
898.625581382	3.33620593728e+15	-3.04955951632e+13	0.000867519096041	0.99913285709
898.928611685	3.33508129681e+15	-3.04853150482e+13	0.000868689850949	0.999131687351
899.231641989	3.33395741432e+15	-3.04750418617e+13	0.000869861790446	0.99913051643
899.534672292	3.33283428905e+15	-3.04647755968e+13	0.000871034915332	0.999129344325
899.837702595	3.33171192022e+15	-3.04545162464e+13	0.000872209226404	0.999128171037
900.140732898	3.33059030708e+15	-3.04442638036e+13	0.000873384724463	0.999126996565
900.443763201	3.32946944887e+15	-3.04340182614e+13	0.000874561410308	0.999125820907
900.746793504	3.32834934481e+15	-3.04237796128e+13	0.000875739284738	0.999124644063
901.049823807	3.32722999416e+15	-3.0413547851e+13	0.000876918348555	0.999123466032
901.35285411	3.32611139614e+15	-3.04033229688e+13	0.000878098602558	0.999122286813
901.655884413	3.32499355001e+15	-3.03931049594e+13	0.000879280047547	0.999121106406
901.958914716	3.323876455e+15	-3.0382893816e+13	0.000880462684326	0.999119924809
902.261945019	3.32276011036e+15	-3.03726895314e+13	0.000881646513692	0.999118742022
902.564975322	3.32164451532e+15	-3.03624920989e+13	0.000882831536451	0.999117558045
902.868005625	3.32052966915e+15	-3.03523015116e+13	0.000884017753402	0.999116372875
903.171035928	3.31941557107e+15	-3.03421177625e+13	0.00088520516535	0.999115186513
903.474066231	3.31830222035e+15	-3.03319408448e+13	0.000886393773093	0.999113998958
903.777096534	3.31718961622e+15	-3.03217707516e+13	0.000887583577443	0.999112810208
904.080126837	3.31607775794e+15	-3.0311607476e+13	0.000888774579197	0.999111620264
904.38315714	3.31496664476e+15	-3.03014510112e+13	0.000889966779173	0.999110429124
904.686187443	3.31385627592e+15	-3.02913013504e+13	0.000891160178172	0.999109236787
904.989217746	3.31274665069e+15	-3.02811584866e+13	0.000892354777009	0.999108043253
905.292248049	3.31163776831e+15	-3.02710224132e+13	0.000893550576471	0.999106848521
905.595278352	3.31052962804e+15	-3.02608931232e+13	0.000894747577364	0.99910565259
905.898308655	3.30942222914e+15	-3.02507706099e+13	0.000895945780473	0.999104455459
906.201338958	3.30831557085e+15	-3.02406548664e+13	0.000897145186598	0.999103257128
906.504369261	3.30720965244e+15	-3.0230545886e+13	0.000898345796534	0.999102057595
906.807399564	3.30610447317e+15	-3.02204436619e+13	0.000899547611135	0.999100856861
907.110429867	3.30500003229e+15	-3.02103481873e+13	0.000900750631176	0.999099654923
907.41346017	3.30389632906e+15	-3.02002594555e+13	0.000901954857512	0.999098451782
907.716490473	3.30279336276e+15	-3.01901774596e+13	0.000903160291048	0.999097247435
908.019520776	3.30169113263e+15	-3.01801021931e+13	0.000927110716536	0.999073318918
908.322551079	3.30058963794e+15	-3.01700336491e+13	0.00093220672664	0.999068227643
908.625581382	3.29948887796e+15	-3.01599718208e+13	0.000935062407521	0.999065374627
908.928611685	3.29838885195e+15	-3.01499167017e+13	0.000938156037494	0.999062283893
909.231641989	3.29728955917e+15	-3.01398682849e+13	0.000941577503732	0.999058865641
909.534672292	3.29619099891e+15	-3.01298265638e+13	0.000945465121062	0.99905498169
909.837702595	3.29509317041e+15	-3.01197915317e+13	0.000950032903123	0.999050418235
910.140732898	3.29399607295e+15	-3.01097631819e+13	0.000955613098349	0.999044843354
910.443763201	3.29289970581e+15	-3.00997415077e+13	0.000962723732353	0.999037739537
910.746793504	3.29180406825e+15	-3.00897265025e+13	0.000972178397241	0.999028294015
911.049823807	3.29070915954e+15	-3.00797181596e+13	0.000985275572096	0.999015209653
911.35285411	3.28961497896e+15	-3.00697164724e+13	0.00100415975867	0.998996344241
911.655884413	3.28852152579e+15	-3.00597214342e+13	0.00103263127194	0.998967901708
911.958914716	3.28742879928e+15	-3.00497330384e+13	0.00107828078964	0.998922300346
912.261945019	3.28633679873e+15	-3.00397512784e+13	0.00115834947851	0.998842321149
912.564975322	3.28524552341e+15	-3.00297761475e+13	0.00131340682076	0.99868745532
912.868005625	3.2841549726e+15	-3.00198076393e+13	0.00162768079068	0.998373643163
913.171035928	3.28306514557e+15	-3.0009845747e+13	0.00222833322549	0.997774147666
913.474066231	3.28197604161e+15	-2.99998904641e+13	0.00320048215962	0.996804633924
913.777096534	3.28088765999e+15	-2.9989941784e+13	0.00440146263146	0.995608209609
914.080126837	3.2798e+15	-2.99799997002e+13	0.0053502936429	0.994663993686
914.38315714	3.27871306092e+15	-2.99700642061e+13	0.00546412814231	0.994550773053
914.686187443	3.27762684203e+15	-2.99601352951e+13	0.00455713286812	0.995453235106
914.989217746	3.27654134262e+15	-2.99502129607e+13	0.00305558820887	0.99694907535
915.292248049	3.27545656198e+15	-2.99402971964e+13	0.00163251911478	0.99836881272
915.595278352	3.27437249938e+15	-2.99303879957e+13	0.00069128987627	0.99930894901
915.898308655	3.27328915412e+15	-2.99204853519e+13	0.000231220924424	0.999768805805
916.201338958	3.27220652549e+15	-2.99105892588e+13	6.09495401325e-05	0.999939052317
916.504369261	3.27112461277e+15	-2.99006997096e+13	1.26422481813e-05	0.999987357832
916.807399564	3.27004341525e+15	-2.9890816698e+13	2.06103773572e-06	0.999997938964
917.110429867	3.26896293223e+15	-2.98809402174e+13	2.6385471172e-07	0.999999736145
917.41346017	3.267883163e+15	-2.98710702614e+13	2.65111001123e-08	0.999999973489
917.716490473	3.26680410685e+15	-2.98612068236e+13	2.09336432605e-09	0.999999997907
918.019520776	3.26572576307e+15	-2.98513498974e+13	1.41358243084e-10	0.999999999859
918.322551079	3.26464813096e+15	-2.98414994765e+13	1.00376564848e-11	0.99999999999
918.625581382	3.26357120982e+15	-2.98316555543e+13	3.17547622648e-12	0.999999999997
918.928611685	3.26249499893e+15	-2.98218181245e+13	2.59686638268e-12	0.999999999997
919.231641989	3.26141949761e+15	-2.98119871806e+13	2.31917733273e-12	0.999999999998
919.534672292	3.26034470514e+15	-2.98021627163e+13	2.09361601202e-12	0.999999999998
919.837702595	3.25927062083e+15	-2.97923447251e+13	1.904171672e-12	0.999999999998
920.140732898	3.25819724398e+15	-2.97825332006e+13	1.74407721883e-12	0.999999999998
920.443763201	3.25712457389e+15	-2.97727281364e+13	1.60468380722e-12	0.999999999998
920.746793504	3.25605260985e+15	-2.97629295262e+13	1.48395297612e-12	0.999999999999
921.049823807	3.25498135118e+15	-2.97531373636e+13	1.37800043626e-12	0.999999999999
921.35285411	3.25391079718e+15	-2.97433516422e+13	1.28506181406e-12	0.999999999999
921.655884413	3.25284094715e+15	-2.97335723557e+13	1.20230614521e-12	0.999999999999
921.958914716	3.2517718004e+15	-2.97237994977e+13	1.12950117988e-12	0.999999999999
922.261945019	3.25070335623e+15	-2.9714033062e+13	1.06344545355e-12	0.999999999999
922.564975322	3.24963561396e+15	-2.9704273042e+13	1.00387415574e-12	0.999999999999
922.868005625	3.24856857289e+15	-2.96945194317e+13	9.50138233216e-13	0.999999999999
923.171035928	3.24750223233e+15	-2.96847722245e+13	9.0121120542e-13	0.999999999999
923.474066231	3.24643659159e+15	-2.96750314143e+13	8.56529066655e-13	0.999999999999
923.777096534	3.24537164999e+15	-2.96652969947e+13	8.15255018203e-13	0.999999999999
924.080126837	3.24430740683e+15	-2.96555689595e+13	7.78234531552e-13	0.999999999999
