lyn index =  26
input velocity PDF from ...  output/f_v12_01.out
computing the optical depth from Lya-absorbing clouds ...
0 912.0 -3.00117773476e+13 0.00239276154083
1 911.797643282 -3.00184379097e+13 0.00194054335244
2 911.595286564 -3.00251014288e+13 0.00164492433061
3 911.392929847 -3.0031767907e+13 0.00145956738749
4 911.190573129 -3.00384373461e+13 0.0013442410109
5 910.988216411 -3.00451097481e+13 0.00127082887222
6 910.785859693 -3.00517851151e+13 0.00122209266777
7 910.583502975 -3.0058463449e+13 0.001188225431
8 910.381146258 -3.00651447518e+13 0.00116375266576
9 910.17878954 -3.00718290254e+13 0.00114553645718
10 909.976432822 -3.00785162718e+13 0.0011316711093
11 909.774076104 -3.00852064931e+13 0.00112092344226
12 909.571719386 -3.00918996912e+13 0.00111245307485
13 909.369362669 -3.00985958681e+13 0.00110566661488
14 909.167005951 -3.01052950258e+13 0.00110013565478
15 908.964649233 -3.01119971663e+13 0.00109554674255
16 908.762292515 -3.01187022915e+13 0.00109166866936
17 908.559935797 -3.01254104035e+13 0.00108833008942
18 908.35757908 -3.01321215042e+13 0.00108540365659
19 908.155222362 -3.01388355957e+13 0.00108279452664
20 907.952865644 -3.014555268e+13 0.00108043197756
21 907.750508926 -3.0152272759e+13 0.00107826318093
22 907.548152208 -3.01589958348e+13 0.0010762486063
23 907.345795491 -3.01657219094e+13 0.00107435859224
24 907.143438773 -3.01724509847e+13 0.00107257079409
25 906.941082055 -3.01791830628e+13 0.00106789097629
26 906.738725337 -3.01859181457e+13 0.00104113354663
27 906.53636862 -3.01926562355e+13 0.00104054386694
28 906.334011902 -3.0199397334e+13 0.00103995508667
29 906.131655184 -3.02061414434e+13 0.0010393665227
30 905.929298466 -3.02128885656e+13 0.0010387781738
31 905.726941748 -3.02196387027e+13 0.00103819003948
32 905.524585031 -3.02263918567e+13 0.00103760211881
33 905.322228313 -3.02331480296e+13 0.00103701441184
34 905.119871595 -3.02399072234e+13 0.001036426919
35 904.917514877 -3.02466694402e+13 0.00103583963902
36 904.715158159 -3.0253434682e+13 0.0010352525728
37 904.512801442 -3.02602029509e+13 0.00103466571939
38 904.310444724 -3.02669742488e+13 0.00103407907962
39 904.108088006 -3.02737485777e+13 0.00103349265293
40 903.905731288 -3.02805259399e+13 0.00103290644007
41 903.70337457 -3.02873063371e+13 0.00103232044087
42 903.501017853 -3.02940897716e+13 0.00103173465516
43 903.298661135 -3.03008762454e+13 0.00103114908338
44 903.096304417 -3.03076657604e+13 0.00103056372503
45 902.893947699 -3.03144583187e+13 0.00102997858036
46 902.691590981 -3.03212539225e+13 0.00102939364905
47 902.489234264 -3.03280525736e+13 0.00102880893086
48 902.286877546 -3.03348542743e+13 0.00102822442599
49 902.084520828 -3.03416590265e+13 0.00102764013421
50 901.88216411 -3.03484668322e+13 0.00102705605538
51 901.679807392 -3.03552776936e+13 0.00102647218965
52 901.477450675 -3.03620916127e+13 0.00102588853686
53 901.275093957 -3.03689085916e+13 0.0010253050969
54 901.072737239 -3.03757286323e+13 0.00102472186989
55 900.870380521 -3.03825517368e+13 0.0010241388557
56 900.668023803 -3.03893779073e+13 0.00102355605422
57 900.465667086 -3.03962071459e+13 0.00102297346556
58 900.263310368 -3.04030394545e+13 0.00102239108959
59 900.06095365 -3.04098748353e+13 0.00102180892624
60 899.858596932 -3.04167132903e+13 0.00102122697557
61 899.656240214 -3.04235548216e+13 0.00102064523747
62 899.453883497 -3.04303994312e+13 0.00102006371189
63 899.251526779 -3.04372471214e+13 0.00101948239885
64 899.049170061 -3.04440978941e+13 0.00101890129824
65 898.846813343 -3.04509517514e+13 0.00101832041009
66 898.644456625 -3.04578086953e+13 0.00101773973431
67 898.442099908 -3.04646687281e+13 0.0010171592709
68 898.23974319 -3.04715318518e+13 0.00101657901978
69 898.037386472 -3.04783980684e+13 0.00101599898094
70 897.835029754 -3.04852673801e+13 0.00101541915433
71 897.632673036 -3.04921397889e+13 0.00101483953993
72 897.430316319 -3.0499015297e+13 0.00101426013768
73 897.227959601 -3.05058939064e+13 0.00101368094754
74 897.025602883 -3.05127756193e+13 0.00101310196948
75 896.823246165 -3.05196604377e+13 0.00101252320345
76 896.620889447 -3.05265483637e+13 0.00101194464943
77 896.41853273 -3.05334393995e+13 0.00101136630736
78 896.216176012 -3.05403335472e+13 0.0010107881772
79 896.013819294 -3.05472308088e+13 0.00101021025893
80 895.811462576 -3.05541311865e+13 0.0010096325525
81 895.609105859 -3.05610346823e+13 0.00100905505787
82 895.406749141 -3.05679412985e+13 0.00100847777501
83 895.204392423 -3.05748510371e+13 0.00100790070387
84 895.002035705 -3.05817639002e+13 0.00100732384441
85 894.799678987 -3.058867989e+13 0.00100674719659
86 894.59732227 -3.05955990085e+13 0.00100617076039
87 894.394965552 -3.0602521258e+13 0.00100559453575
88 894.192608834 -3.06094466404e+13 0.00100501852263
89 893.990252116 -3.06163751581e+13 0.00100444272101
90 893.787895398 -3.0623306813e+13 0.00100386713083
91 893.585538681 -3.06302416073e+13 0.00100329175207
92 893.383181963 -3.06371795431e+13 0.00100271658467
93 893.180825245 -3.06441206227e+13 0.00100214162861
94 892.978468527 -3.0651064848e+13 0.00100156688384
95 892.776111809 -3.06580122214e+13 0.00100099235032
96 892.573755092 -3.06649627448e+13 0.00100041802801
97 892.371398374 -3.06719164204e+13 0.000999843916881
98 892.169041656 -3.06788732505e+13 0.000999270016884
99 891.966684938 -3.06858332371e+13 0.000998696327981
100 892.966684938 -3.06514693195e+13 0.00100153342194
101 893.269715241 -3.06410712013e+13 0.0010023941657
102 893.572745544 -3.06306801355e+13 0.00100325538331
103 893.875775847 -3.0620296115e+13 0.00100411707493
104 894.17880615 -3.06099191326e+13 0.00100497924068
105 894.481836453 -3.05995491812e+13 0.00100584188068
106 894.784866756 -3.05891862537e+13 0.00100670499509
107 895.087897059 -3.05788303428e+13 0.00100756858401
108 895.390927362 -3.05684814415e+13 0.00100843264759
109 895.693957665 -3.05581395427e+13 0.00100929718596
110 895.996987968 -3.05478046393e+13 0.00101016219925
111 896.300018272 -3.05374767241e+13 0.00101102768759
112 896.603048575 -3.052715579e+13 0.00101189365111
113 896.906078878 -3.05168418301e+13 0.00101276008995
114 897.209109181 -3.05065348372e+13 0.00101362700422
115 897.512139484 -3.04962348043e+13 0.00101449439408
116 897.815169787 -3.04859417243e+13 0.00101536225964
117 898.11820009 -3.04756555902e+13 0.00101623060105
118 898.421230393 -3.04653763949e+13 0.00101709941843
119 898.724260696 -3.04551041315e+13 0.00101796871192
120 899.027290999 -3.04448387929e+13 0.00101883848164
121 899.330321302 -3.04345803722e+13 0.00101970872774
122 899.633351605 -3.04243288623e+13 0.0010205794503
123 899.936381908 -3.04140842563e+13 0.00102145064953
124 900.239412211 -3.04038465471e+13 0.00102232232553
125 900.542442514 -3.03936157279e+13 0.00102319447837
126 900.845472817 -3.03833917917e+13 0.00102406710829
127 901.14850312 -3.03731747315e+13 0.00102494021532
128 901.451533423 -3.03629645404e+13 0.00102581379972
129 901.754563726 -3.03527612114e+13 0.00102668786147
130 902.057594029 -3.03425647378e+13 0.00102756240091
131 902.360624332 -3.03323751124e+13 0.00102843741799
132 902.663654635 -3.03221923285e+13 0.00102931291314
133 902.966684938 -3.03120163792e+13 0.00103018888638
134 903.269715241 -3.03018472576e+13 0.00103106533838
135 903.572745544 -3.02916849568e+13 0.00103194226918
136 903.875775847 -3.02815294699e+13 0.00103281967946
137 904.17880615 -3.02713807902e+13 0.00103369756867
138 904.481836453 -3.02612389107e+13 0.0010345759369
139 904.784866756 -3.02511038246e+13 0.00103545478349
140 905.087897059 -3.02409755252e+13 0.00103633410834
141 905.390927362 -3.02308540055e+13 0.00103721391113
142 905.693957665 -3.02207392588e+13 0.00103809419412
143 905.996987968 -3.02106312784e+13 0.00103897495606
144 906.300018272 -3.02005300573e+13 0.00103985619945
145 906.603048575 -3.01904355889e+13 0.00104073792869
146 906.906078878 -3.01803478663e+13 0.001061968087
147 907.209109181 -3.01702668828e+13 0.00107314091049
148 907.512139484 -3.01601926316e+13 0.00107590386161
149 907.815169787 -3.01501251061e+13 0.00107893776306
150 908.11820009 -3.01400642994e+13 0.00108234562233
151 908.421230393 -3.01300102049e+13 0.00108628603009
152 908.724260696 -3.01199628158e+13 0.00109100440043
153 909.027290999 -3.01099221255e+13 0.00109688188645
154 909.330321302 -3.00998881272e+13 0.00110451284352
155 909.633351605 -3.00898608142e+13 0.00111483103865
156 909.936381908 -3.00798401799e+13 0.00112932748474
157 910.239412211 -3.00698262176e+13 0.00115046711394
158 910.542442514 -3.00598189206e+13 0.0011826264536
159 910.845472817 -3.00498182823e+13 0.00123457088806
160 911.14850312 -3.0039824296e+13 0.0013262389007
161 911.451533423 -3.00298369551e+13 0.00150447784826
162 911.754563726 -3.0019856253e+13 0.0018660401222
163 912.057594029 -3.00098821831e+13 0.00255559101089
164 912.360624332 -2.99999147387e+13 0.00366703186478
165 912.663654635 -2.99899539133e+13 0.00503212386915
166 912.966684938 -2.99799997002e+13 0.00609993144602
167 913.269715241 -2.99700520929e+13 0.0062119147064
168 913.572745544 -2.99601110848e+13 0.0051671423506
169 913.875775847 -2.99501766694e+13 0.00345677760811
170 914.17880615 -2.994024884e+13 0.00184352487488
171 914.481836453 -2.99303275901e+13 0.000779605001433
172 914.784866756 -2.99204129133e+13 0.000260546261843
173 915.087897059 -2.99105048029e+13 6.86590633448e-05
174 915.390927362 -2.99006032525e+13 1.42440041418e-05
175 915.693957665 -2.98907082555e+13 2.32398446952e-06
176 915.996987968 -2.98808198055e+13 2.97723446898e-07
177 916.300018272 -2.98709378958e+13 3.01662026034e-08
178 916.603048575 -2.98610625202e+13 2.55752909366e-09
179 916.906078878 -2.98511936719e+13 3.20343729093e-10
180 917.209109181 -2.98413313447e+13 1.49846548705e-10
181 917.512139484 -2.98314755321e+13 1.25022794804e-10
182 917.815169787 -2.98216262275e+13 1.10670350719e-10
183 918.11820009 -2.98117834245e+13 9.91330575559e-11
184 918.421230393 -2.98019471168e+13 8.95390584254e-11
185 918.724260696 -2.97921172978e+13 8.14512843402e-11
186 919.027290999 -2.97822939612e+13 7.46270747461e-11
187 919.330321302 -2.97724771006e+13 6.86929880709e-11
188 919.633351605 -2.97626667095e+13 6.35390174387e-11
189 919.936381908 -2.97528627815e+13 5.90283851253e-11
190 920.239412211 -2.97430653104e+13 5.5052189218e-11
191 920.542442514 -2.97332742896e+13 5.15095836452e-11
192 920.845472817 -2.97234897128e+13 4.84121392296e-11
193 921.14850312 -2.97137115737e+13 4.55935056738e-11
194 921.451533423 -2.9703939866e+13 4.3054631627e-11
195 921.754563726 -2.96941745832e+13 4.07597778066e-11
196 922.057594029 -2.9684415719e+13 3.86777659187e-11
197 922.360624332 -2.96746632671e+13 3.67705942429e-11
198 922.663654635 -2.96649172213e+13 3.50028127304e-11
199 922.966684938 -2.96551775751e+13 3.34343616596e-11
output effective Lya opacity from ...  output/IGM_attenuation_01_LLS_ly26.output
