lyn index =  6
input velocity PDF from ...  output/f_v12_01.out
computing the optical depth from Lya-absorbing clouds ...
0 912.0 -3.04494452414e+13 0.0013183685414
1 911.932127928 -3.04517114922e+13 0.00131810904654
2 911.864255856 -3.04539780804e+13 0.00131784953776
3 911.796383785 -3.04562450061e+13 0.00131759011208
4 911.728511713 -3.04585122692e+13 0.00131733072067
5 911.660639641 -3.046077987e+13 0.00131707136353
6 911.592767569 -3.04630478084e+13 0.00131681204067
7 911.524895498 -3.04653160846e+13 0.0013165527163
8 911.457023426 -3.04675846985e+13 0.00131629346239
9 911.389151354 -3.04698536504e+13 0.00131603424273
10 911.321279282 -3.04721229402e+13 0.00131577505731
11 911.253407211 -3.04743925681e+13 0.00131551588164
12 911.185535139 -3.04766625341e+13 0.001315256765
13 911.117663067 -3.04789328383e+13 0.00131499768258
14 911.049790995 -3.04812034808e+13 0.00131473862047
15 910.981918924 -3.04834744616e+13 0.00131447960175
16 910.914046852 -3.04857457808e+13 0.00131422062223
17 910.84617478 -3.04880174385e+13 0.00131396167692
18 910.778302708 -3.04902894348e+13 0.00131370276583
19 910.710430636 -3.04925617697e+13 0.00131344388894
20 910.642558565 -3.04948344434e+13 0.00131318504625
21 910.574686493 -3.04971074559e+13 0.00131292623777
22 910.506814421 -3.04993808072e+13 0.00131266746349
23 910.438942349 -3.05016544975e+13 0.0013124087234
24 910.371070278 -3.05039285268e+13 0.00131215001751
25 910.303198206 -3.05062028952e+13 0.00131189134582
26 910.235326134 -3.05084776028e+13 0.00131163270831
27 910.167454062 -3.05107526497e+13 0.00131137410499
28 910.099581991 -3.05130280359e+13 0.00131111553586
29 910.031709919 -3.05153037615e+13 0.00131085700091
30 909.963837847 -3.05175798265e+13 0.00131059850013
31 909.895965775 -3.05198562312e+13 0.00131034003354
32 909.828093704 -3.05221329754e+13 0.00131008160112
33 909.760221632 -3.05244100594e+13 0.00130982320287
34 909.69234956 -3.05266874832e+13 0.00130956483879
35 909.624477488 -3.05289652468e+13 0.00130930650888
36 909.556605416 -3.05312433503e+13 0.00130904821313
37 909.488733345 -3.05335217939e+13 0.00130878995154
38 909.420861273 -3.05358005776e+13 0.00130853172411
39 909.352989201 -3.05380797014e+13 0.00130827353084
40 909.285117129 -3.05403591655e+13 0.00130801537172
41 909.217245058 -3.05426389699e+13 0.00130775724675
42 909.149372986 -3.05449191147e+13 0.00130749915593
43 909.081500914 -3.05471995999e+13 0.00130724109926
44 909.013628842 -3.05494804257e+13 0.00130698307673
45 908.945756771 -3.05517615922e+13 0.00130672508834
46 908.877884699 -3.05540430993e+13 0.00130646713409
47 908.810012627 -3.05563249472e+13 0.00130620921398
48 908.742140555 -3.0558607136e+13 0.001305951328
49 908.674268484 -3.05608896656e+13 0.00130569347615
50 908.606396412 -3.05631725363e+13 0.00130543565843
51 908.53852434 -3.05654557481e+13 0.00130517787483
52 908.470652268 -3.05677393011e+13 0.00130492012535
53 908.402780196 -3.05700231952e+13 0.00130466241
54 908.334908125 -3.05723074307e+13 0.00130440472876
55 908.267036053 -3.05745920076e+13 0.00130414708164
56 908.199163981 -3.05768769259e+13 0.00130388946863
57 908.131291909 -3.05791621858e+13 0.00130363188973
58 908.063419838 -3.05814477873e+13 0.00130337434494
59 907.995547766 -3.05837337305e+13 0.00130311683426
60 907.927675694 -3.05860200155e+13 0.00130285935767
61 907.859803622 -3.05883066423e+13 0.00130260191519
62 907.791931551 -3.0590593611e+13 0.0013023445068
63 907.724059479 -3.05928809217e+13 0.0013020871325
64 907.656187407 -3.05951685745e+13 0.0013018297923
65 907.588315335 -3.05974565695e+13 0.00130157248619
66 907.520443264 -3.05997449067e+13 0.00130131521416
67 907.452571192 -3.06020335862e+13 0.00130105797622
68 907.38469912 -3.06043226081e+13 0.00130080077236
69 907.316827048 -3.06066119725e+13 0.00130054360258
70 907.248954976 -3.06089016793e+13 0.00130028646688
71 907.181082905 -3.06111917289e+13 0.00130002936525
72 907.113210833 -3.06134821211e+13 0.00129977229769
73 907.045338761 -3.0615772856e+13 0.0012995152642
74 906.977466689 -3.06180639338e+13 0.00129925826477
75 906.909594618 -3.06203553546e+13 0.00129900128616
76 906.841722546 -3.06226471183e+13 0.00129874435489
77 906.773850474 -3.06249392251e+13 0.00129848745767
78 906.705978402 -3.06272316751e+13 0.00129823059452
79 906.638106331 -3.06295244683e+13 0.00129797376541
80 906.570234259 -3.06318176048e+13 0.00129771697036
81 906.502362187 -3.06341110847e+13 0.00129746020935
82 906.434490115 -3.06364049081e+13 0.00129720348239
83 906.366618044 -3.0638699075e+13 0.00129694678947
84 906.298745972 -3.06409935855e+13 0.00129669013059
85 906.2308739 -3.06432884397e+13 0.00129643350575
86 906.163001828 -3.06455836377e+13 0.00129617691495
87 906.095129756 -3.06478791795e+13 0.00129592035818
88 906.027257685 -3.06501750653e+13 0.00129566383543
89 905.959385613 -3.0652471295e+13 0.00129540734672
90 905.891513541 -3.06547678689e+13 0.00129515089203
91 905.823641469 -3.06570647869e+13 0.00129489447136
92 905.755769398 -3.06593620491e+13 0.00129463808471
93 905.687897326 -3.06616596556e+13 0.00129438173208
94 905.620025254 -3.06639576066e+13 0.00129412541346
95 905.552153182 -3.0666255902e+13 0.00129386912885
96 905.484281111 -3.06685545419e+13 0.00129361287826
97 905.416409039 -3.06708535265e+13 0.00129335666167
98 905.348536967 -3.06731528558e+13 0.00129310047908
99 905.280664895 -3.06754525298e+13 0.0012928443305
100 906.280664895 -3.06416048996e+13 0.00129662176257
101 906.583695198 -3.06313627841e+13 0.00129776789733
102 906.886725501 -3.06211275133e+13 0.00129891471079
103 907.189755804 -3.06108990803e+13 0.00130006221658
104 907.492786107 -3.06006774782e+13 0.00130121038829
105 907.79581641 -3.05904627003e+13 0.00130235923941
106 908.098846713 -3.05802547397e+13 0.00130350877017
107 908.401877016 -3.05700535895e+13 0.00130465898079
108 908.70490732 -3.0559859243e+13 0.0013058098715
109 909.007937623 -3.05496716934e+13 0.00130696144254
110 909.310967926 -3.05394909338e+13 0.00130811369413
111 909.613998229 -3.05293169575e+13 0.0013092666265
112 909.917028532 -3.05191497576e+13 0.00131042023988
113 910.220058835 -3.05089893275e+13 0.00131157453451
114 910.523089138 -3.04988356604e+13 0.00131272951061
115 910.826119441 -3.04886887494e+13 0.00131388516841
116 911.129149744 -3.0478548588e+13 0.00131504152731
117 911.432180047 -3.04684151693e+13 0.00131619857561
118 911.73521035 -3.04582884866e+13 0.00131735631979
119 912.038240653 -3.04481685332e+13 0.00131851476176
120 912.341270956 -3.04380553024e+13 0.00131967390416
121 912.644301259 -3.04279487875e+13 0.00132083367116
122 912.947331562 -3.04178489819e+13 0.00132199420761
123 913.250361865 -3.04077558787e+13 0.00132315535254
124 913.553392168 -3.03976694715e+13 0.00132431729488
125 913.856422471 -3.03875897534e+13 0.00132547982873
126 914.159452774 -3.03775167179e+13 0.0013266431981
127 914.462483077 -3.03674503583e+13 0.00132780730938
128 914.76551338 -3.0357390668e+13 0.00132897198449
129 915.068543683 -3.03473376404e+13 0.00133013761212
130 915.371573986 -3.03372912687e+13 0.00133130382627
131 915.674604289 -3.03272515465e+13 0.00133247091585
132 915.977634592 -3.03172184671e+13 0.00133363935519
133 916.280664895 -3.0307192024e+13 0.00133480929504
134 916.583695198 -3.02971722105e+13 0.00133598083457
135 916.886725501 -3.02871590201e+13 0.00133715521308
136 917.189755804 -3.02771524462e+13 0.00133833151062
137 917.492786107 -3.02671524823e+13 0.00133951001989
138 917.79581641 -3.02571591217e+13 0.00134068835879
139 918.098846713 -3.02471723581e+13 0.00134186701588
140 918.401877016 -3.02371921848e+13 0.00134304527534
141 918.70490732 -3.02272185953e+13 0.00134422362535
142 919.007937623 -3.02172515831e+13 0.00134540259236
143 919.310967926 -3.02072911418e+13 0.00134658444548
144 919.613998229 -3.01973372647e+13 0.00134777148806
145 919.917028532 -3.01873899455e+13 0.00134898413415
146 920.220058835 -3.01774491776e+13 0.0013883042093
147 920.523089138 -3.01675149546e+13 0.00139170463197
148 920.826119441 -3.015758727e+13 0.00139538510466
149 921.129149744 -3.01476661173e+13 0.00139944134801
150 921.432180047 -3.01377514902e+13 0.0014040198651
151 921.73521035 -3.01278433821e+13 0.00140933930772
152 922.038240653 -3.01179417867e+13 0.00141574219245
153 922.341270956 -3.01080466976e+13 0.00142375509443
154 922.644301259 -3.00981581082e+13 0.00143419788105
155 922.947331562 -3.00882760123e+13 0.00144834955774
156 923.250361865 -3.00784004034e+13 0.00146825003695
157 923.553392168 -3.00685312752e+13 0.00149728258202
158 923.856422471 -3.00586686212e+13 0.00154150662148
159 924.159452774 -3.00488124351e+13 0.00161320867005
160 924.462483077 -3.00389627105e+13 0.00174034419515
161 924.76551338 -3.00291194411e+13 0.00198725726414
162 925.068543683 -3.00192826206e+13 0.00248188458973
163 925.371573986 -3.00094522425e+13 0.00340519915044
164 925.674604289 -2.99996283007e+13 0.004857319147
165 925.977634592 -2.99898107887e+13 0.00659837377551
166 926.280664895 -2.99799997002e+13 0.00792521598208
167 926.583695198 -2.9970195029e+13 0.00803128740088
168 926.886725501 -2.99603967687e+13 0.006688104699
169 927.189755804 -2.99506049131e+13 0.00451022705542
170 927.492786107 -2.99408194559e+13 0.00244251548663
171 927.79581641 -2.99310403908e+13 0.00105712064227
172 928.098846713 -2.99212677116e+13 0.000364819012201
173 928.401877016 -2.99115014119e+13 0.000100565274087
174 928.70490732 -2.99017414857e+13 2.24976137837e-05
175 929.007937623 -2.98919879265e+13 4.44441718668e-06
176 929.310967926 -2.98822407282e+13 1.09121513783e-06
177 929.613998229 -2.98724998847e+13 5.30483617006e-07
178 929.917028532 -2.98627653895e+13 4.00415222434e-07
179 930.220058835 -2.98530372367e+13 3.36349607438e-07
180 930.523089138 -2.98433154198e+13 2.90435200629e-07
181 930.826119441 -2.98335999329e+13 2.5451337241e-07
182 931.129149744 -2.98238907697e+13 2.25661953832e-07
183 931.432180047 -2.98141879239e+13 2.0204550125e-07
184 931.73521035 -2.98044913896e+13 1.82408338842e-07
185 932.038240653 -2.97948011604e+13 1.65863772041e-07
186 932.341270956 -2.97851172303e+13 1.51765853873e-07
187 932.644301259 -2.97754395931e+13 1.39781373814e-07
188 932.947331562 -2.97657682426e+13 1.29254249478e-07
189 933.250361865 -2.97561031729e+13 1.20044500331e-07
190 933.553392168 -2.97464443776e+13 1.11930918385e-07
191 933.856422471 -2.97367918508e+13 1.04704454959e-07
192 934.159452774 -2.97271455864e+13 9.83825138711e-08
193 934.462483077 -2.97175055781e+13 9.26354088071e-08
194 934.76551338 -2.97078718201e+13 8.74597006114e-08
195 935.068543683 -2.96982443061e+13 8.2780478114e-08
196 935.371573986 -2.96886230301e+13 7.85370568177e-08
197 935.674604289 -2.96790079861e+13 7.46646821273e-08
198 935.977634592 -2.96693991679e+13 7.10857393048e-08
199 936.280664895 -2.96597965696e+13 6.78588623253e-08
output effective Lya opacity from ...  output/IGM_attenuation_01_LLS_ly6.output
