lyn index =  0
input velocity PDF from ...  output/f_v12_01.out
computing the optical depth from Lya-absorbing clouds ...
0 912.0 -3.99645882803e+13 0.00653543268493
1 914.85589881 -3.98398311234e+13 0.0065832567692
2 917.711797619 -3.97158504495e+13 0.00663128628349
3 920.567696429 -3.95926390318e+13 0.00667948419996
4 923.423595239 -3.94701897333e+13 0.00672790274945
5 926.279494048 -3.93484955044e+13 0.0067765311525
6 929.135392858 -3.92275493827e+13 0.00682535061907
7 931.991291668 -3.91073444908e+13 0.00687436631856
8 934.847190477 -3.89878740355e+13 0.00692337210043
9 937.703089287 -3.88691313064e+13 0.0069730085749
10 940.558988097 -3.87511096745e+13 0.00702266989271
11 943.414886906 -3.86338025911e+13 0.007072478349
12 946.270785716 -3.85172035865e+13 0.00712253583081
13 949.126684526 -3.8401306269e+13 0.00717277465582
14 951.982583335 -3.82861043234e+13 0.0072232095991
15 954.838482145 -3.81715915104e+13 0.00727385323708
16 957.694380955 -3.80577616647e+13 0.00732471135582
17 960.550279764 -3.79446086946e+13 0.00737576144962
18 963.406178574 -3.78321265805e+13 0.00742699527396
19 966.262077384 -3.77203093741e+13 0.00747846761982
20 969.117976193 -3.76091511972e+13 0.00753011252065
21 971.973875003 -3.74986462404e+13 0.00758202013006
22 974.829773813 -3.73887887629e+13 0.00763403255275
23 977.685672622 -3.72795730904e+13 0.00768630801398
24 980.541571432 -3.71709936152e+13 0.00773876733439
25 983.397470242 -3.70630447944e+13 0.0077914525842
26 986.253369051 -3.69557211495e+13 0.00784433278486
27 989.109267861 -3.68490172652e+13 0.0078974094778
28 991.965166671 -3.67429277885e+13 0.00795068212629
29 994.82106548 -3.6637447428e+13 0.00800417897665
30 997.67696429 -3.65325709529e+13 0.00805788284225
31 1000.5328631 -3.64282931919e+13 0.00811171361114
32 1003.38876191 -3.63246090328e+13 0.00816586023597
33 1006.24466072 -3.62215134214e+13 0.00822010752771
34 1009.10055953 -3.61190013605e+13 0.00827467606337
35 1011.95645834 -3.60170679098e+13 0.008329279133
36 1014.81235715 -3.5915708184e+13 0.00838427909292
37 1017.66825596 -3.58149173531e+13 0.00843931607781
38 1020.52415477 -3.57146906409e+13 0.00849468789881
39 1023.38005358 -3.56150233248e+13 0.00855020925026
40 1026.23595239 -3.55159107344e+13 0.00860591997518
41 1029.0918512 -3.54173482515e+13 0.00866183534668
42 1031.94775001 -3.53193313087e+13 0.0087179507511
43 1034.80364882 -3.52218553892e+13 0.00877426474575
44 1037.65954763 -3.51249160261e+13 0.00883078360852
45 1040.51544644 -3.50285088011e+13 0.00888750605605
46 1043.37134524 -3.49326293447e+13 0.0089443646496
47 1046.22724405 -3.48372733348e+13 0.00900140462209
48 1049.08314286 -3.47424364966e+13 0.00905883131188
49 1051.93904167 -3.46481146015e+13 0.00911633651848
50 1054.79494048 -3.45543034669e+13 0.00917404084648
51 1057.65083929 -3.44609989553e+13 0.0092318837618
52 1060.5067381 -3.43681969738e+13 0.00929003245818
53 1063.36263691 -3.42758934733e+13 0.00934832451299
54 1066.21853572 -3.41840844483e+13 0.00940680722514
55 1069.07443453 -3.40927659359e+13 0.00946547552876
56 1071.93033334 -3.40019340157e+13 0.00952433563809
57 1074.78623215 -3.39115848087e+13 0.00958338622325
58 1077.64213096 -3.38217144772e+13 0.00964256190005
59 1080.49802977 -3.3732319224e+13 0.00970199554779
60 1083.35392858 -3.36433952919e+13 0.00976166884987
61 1086.20982739 -3.35549389633e+13 0.00982146555672
62 1089.0657262 -3.34669465596e+13 0.00988142110596
63 1091.92162501 -3.33794144405e+13 0.00994125649995
64 1094.77752382 -3.32923390039e+13 0.0100019343704
65 1097.63342263 -3.32057166852e+13 0.0100624149313
66 1100.48932144 -3.31195439566e+13 0.0101229905694
67 1103.34522025 -3.3033817327e+13 0.0101837108653
68 1106.20111906 -3.29485333413e+13 0.0102405614817
69 1109.05701787 -3.28636885799e+13 0.0103019370777
70 1111.91291668 -3.27792796586e+13 0.0103644162398
71 1114.76881549 -3.26953032275e+13 0.0104271181196
72 1117.6247143 -3.26117559712e+13 0.0104900429872
73 1120.48061311 -3.25286346081e+13 0.0105531911128
74 1123.33651192 -3.24459358898e+13 0.0106165627666
75 1126.19241073 -3.23636566011e+13 0.0106801582187
76 1129.04830953 -3.2281793559e+13 0.0107439777391
77 1131.90420834 -3.2200343613e+13 0.0108080215978
78 1134.76010715 -3.21193036441e+13 0.0108722900649
79 1137.61600596 -3.20386705645e+13 0.0109367834103
80 1140.47190477 -3.19584413177e+13 0.0110015019039
81 1143.32780358 -3.18786128773e+13 0.0110664458156
82 1146.18370239 -3.17991822475e+13 0.0111316154151
83 1149.0396012 -3.17201464618e+13 0.0111970109723
84 1151.89550001 -3.16415025837e+13 0.0112626327569
85 1154.75139882 -3.15632477051e+13 0.0113284810388
86 1157.60729763 -3.14853789472e+13 0.0113945560875
87 1160.46319644 -3.14078934592e+13 0.0114608581727
88 1163.31909525 -3.13307884183e+13 0.0115273875641
89 1166.17499406 -3.12540610295e+13 0.0115941445313
90 1169.03089287 -3.1177708525e+13 0.0116611293438
91 1171.88679168 -3.11017281639e+13 0.0117283422711
92 1174.74269049 -3.10261172323e+13 0.0117957835829
93 1177.5985893 -3.09508730422e+13 0.0118634535486
94 1180.45448811 -3.08759929318e+13 0.0119313524377
95 1183.31038692 -3.08014742651e+13 0.0119994805196
96 1186.16628573 -3.07273144314e+13 0.0120678380637
97 1189.02218454 -3.06535108449e+13 0.0121364253401
98 1191.87808335 -3.0580060945e+13 0.0122052426169
99 1194.73398216 -3.05069621951e+13 0.0122742901641
100 1195.73398216 -3.04814490267e+13 0.0122986052059
101 1196.03701246 -3.04737261864e+13 0.0123063893612
102 1196.34004276 -3.04660072585e+13 0.0123142325268
103 1196.64307307 -3.04582922399e+13 0.0123220878148
104 1196.94610337 -3.04505811278e+13 0.012330013456
105 1197.24913367 -3.04428739191e+13 0.0123380062196
106 1197.55216398 -3.04351706109e+13 0.0123460756438
107 1197.85519428 -3.04274712002e+13 0.0123541954311
108 1198.15822458 -3.04197756841e+13 0.0123624285846
109 1198.46125488 -3.04120840596e+13 0.0123707805772
110 1198.76428519 -3.04043963238e+13 0.0123792126652
111 1199.06731549 -3.03967124737e+13 0.0123878419913
112 1199.37034579 -3.03890325064e+13 0.0123966298653
113 1199.6733761 -3.03813564189e+13 0.0124056593238
114 1199.9764064 -3.03736842082e+13 0.0124149808431
115 1200.2794367 -3.03660158716e+13 0.0124246578222
116 1200.58246701 -3.03583514059e+13 0.0124348214545
117 1200.88549731 -3.03506908083e+13 0.012445683545
118 1201.18852761 -3.03430340759e+13 0.0124574988371
119 1201.49155791 -3.03353812058e+13 0.0124707249684
120 1201.79458822 -3.03277321949e+13 0.012486252881
121 1202.09761852 -3.03200870405e+13 0.0125055294108
122 1202.40064882 -3.03124457395e+13 0.0125310200252
123 1202.70367913 -3.03048082891e+13 0.0125661670324
124 1203.00670943 -3.02971746863e+13 0.0126150665527
125 1203.30973973 -3.02895449283e+13 0.012681091067
126 1203.61277004 -3.02819190122e+13 0.0127647701454
127 1203.91580034 -3.02742969349e+13 0.0128625019069
128 1204.21883064 -3.02666786938e+13 0.012966720551
129 1204.52186095 -3.02590642858e+13 0.0130681032573
130 1204.82489125 -3.0251453708e+13 0.0131597557799
131 1205.12792155 -3.02438469576e+13 0.0132387205823
132 1205.43095185 -3.02362440317e+13 0.0133068230112
133 1205.73398216 -3.02286449275e+13 0.0133684728698
134 1206.03701246 -3.02210496419e+13 0.0134292528516
135 1206.34004276 -3.02134581721e+13 0.0134932742754
136 1206.64307307 -3.02058705154e+13 0.0135643493424
137 1206.94610337 -3.01982866687e+13 0.01364527452
138 1207.24913367 -3.01907066293e+13 0.0137389789801
139 1207.55216398 -3.01831303942e+13 0.0138500762103
140 1207.85519428 -3.01755579606e+13 0.0139615107439
141 1208.15822458 -3.01679893256e+13 0.0140568808244
142 1208.46125488 -3.01604244865e+13 0.0141642558764
143 1208.76428519 -3.01528634402e+13 0.0142858433295
144 1209.06731549 -3.01453061841e+13 0.0144364612215
145 1209.37034579 -3.01377527151e+13 0.0146086587405
146 1209.6733761 -3.01302030305e+13 0.0148033400417
147 1209.9764064 -3.01226571275e+13 0.0150257881531
148 1210.2794367 -3.01151150031e+13 0.015282633273
149 1210.58246701 -3.01075766546e+13 0.0155818036143
150 1210.88549731 -3.01000420792e+13 0.0159332466312
151 1211.18852761 -3.00925112739e+13 0.0163489837284
152 1211.49155791 -3.0084984236e+13 0.0168442964336
153 1211.79458822 -3.00774609626e+13 0.017437706334
154 1212.09761852 -3.00699414509e+13 0.0181524854717
155 1212.40064882 -3.00624256981e+13 0.0190166943023
156 1212.70367913 -3.00549137014e+13 0.020063584248
157 1213.00670943 -3.00474054579e+13 0.0213312151909
158 1213.30973973 -3.00399009649e+13 0.0228583155284
159 1213.61277004 -3.00324002195e+13 0.0246759229423
160 1213.91580034 -3.0024903219e+13 0.0267868036946
161 1214.21883064 -3.00174099604e+13 0.0291285870537
162 1214.52186095 -3.00099204411e+13 0.03152343289
163 1214.82489125 -3.00024346582e+13 0.0336341715816
164 1215.12792155 -2.9994952609e+13 0.0349755002777
165 1215.43095185 -2.99874742906e+13 0.0350343418018
166 1215.73398216 -2.99799997002e+13 0.0334936982205
167 1216.03701246 -2.99725288351e+13 0.0304629238831
168 1216.34004276 -2.99650616925e+13 0.0265385581869
169 1216.64307307 -2.99575982695e+13 0.0225978965023
170 1216.94610337 -2.99501385635e+13 0.0194076815842
171 1217.24913367 -2.99426825716e+13 0.0172940387663
172 1217.55216398 -2.99352302911e+13 0.0160818899019
173 1217.85519428 -2.99277817192e+13 0.0153092337773
174 1218.15822458 -2.99203368531e+13 0.0145331617535
175 1218.46125488 -2.99128956901e+13 0.0135258539094
176 1218.76428519 -2.99054582274e+13 0.0122887363349
177 1219.06731549 -2.98980244622e+13 0.0109489983541
178 1219.37034579 -2.98905943918e+13 0.00964674940036
179 1219.6733761 -2.98831680134e+13 0.0084730222547
180 1219.9764064 -2.98757453244e+13 0.00746207813115
181 1220.2794367 -2.98683263218e+13 0.00661037851457
182 1220.58246701 -2.98609110031e+13 0.00589722233395
183 1220.88549731 -2.98534993653e+13 0.0052982597335
184 1221.18852761 -2.98460914059e+13 0.00479190433166
185 1221.49155791 -2.98386871221e+13 0.00436040813815
186 1221.79458822 -2.98312865111e+13 0.00398968154633
187 1222.09761852 -2.98238895701e+13 0.00366873321982
188 1222.40064882 -2.98164962966e+13 0.00338900166854
189 1222.70367913 -2.98091066877e+13 0.00314331883738
190 1223.00670943 -2.98017207407e+13 0.00292661181234
191 1223.30973973 -2.97943384529e+13 0.00273412965618
192 1223.61277004 -2.97869598216e+13 0.00256240418545
193 1223.91580034 -2.9779584844e+13 0.00240837295382
194 1224.21883064 -2.97722135175e+13 0.00226971441336
195 1224.52186095 -2.97648458394e+13 0.00214424686563
196 1224.82489125 -2.97574818068e+13 0.00203046336651
197 1225.12792155 -2.97501214172e+13 0.00192678545974
198 1225.43095185 -2.97427646678e+13 0.00183204529048
199 1225.73398216 -2.9735411556e+13 0.00174516908319
output effective Lya opacity from ...  output/IGM_attenuation_01_LLS_ly0.output
