-2000.0	3.82330107085e-18
-1995.995996	4.58410397457e-18
-1991.99199199	5.49410769393e-18
-1987.98798799	6.58213263221e-18
-1983.98398398	7.88247946731e-18
-1979.97997998	9.43595432606e-18
-1975.97597598	1.12910824876e-17
-1971.97197197	1.35055446729e-17
-1967.96796797	1.61478760147e-17
-1963.96396396	1.92994748916e-17
-1959.95995996	2.30569771239e-17
-1955.95595596	2.75350607839e-17
-1951.95195195	3.28697583036e-17
-1947.94794795	3.9222365962e-17
-1943.94394394	4.67840565205e-17
-1939.93993994	5.57813191426e-17
-1935.93593594	6.64823722266e-17
-1931.93193193	7.92047199146e-17
-1927.92792793	9.43240524276e-17
-1923.92392392	1.12284724715e-16
-1919.91991992	1.33612088016e-16
-1915.91591592	1.58926995747e-16
-1911.91191191	1.88962859786e-16
-1907.90790791	2.24585696939e-16
-1903.9039039	2.66817679695e-16
-1899.8998999	3.16864791969e-16
-1895.8958959	3.76149291378e-16
-1891.89189189	4.46347797049e-16
-1887.88788789	5.2943595863e-16
-1883.88388388	6.27740821105e-16
-1879.87987988	7.44002184895e-16
-1875.87587588	8.8144447551e-16
-1871.87187187	1.04386088653e-15
-1867.86786787	1.23571184941e-15
-1863.86386386	1.4622402199e-15
-1859.85985986	1.72960596074e-15
-1855.85585586	2.04504355277e-15
-1851.85185185	2.41704589049e-15
-1847.84784785	2.85557902547e-15
-1843.84384384	3.37233282373e-15
-1839.83983984	3.98101341736e-15
-1835.83583584	4.69768427119e-15
-1831.83183183	5.5411637744e-15
-1827.82782783	6.53348852406e-15
-1823.82382382	7.70045292129e-15
-1819.81981982	9.07223737808e-15
-1815.81581582	1.06841393694e-14
-1811.81181181	1.25774237992e-14
-1807.80780781	1.48003117246e-14
-1803.8038038	1.74091294508e-14
-1799.7997998	2.04696434306e-14
-1795.7957958	2.40586103373e-14
-1791.79179179	2.82655762167e-14
-1787.78778779	3.31949638312e-14
-1783.78378378	3.89684933109e-14
-1779.77977978	4.57279881097e-14
-1775.77577578	5.36386261858e-14
-1771.77177177	6.28927054083e-14
-1767.76776777	7.37140026267e-14
-1763.76376376	8.63628178014e-14
-1759.75975976	1.01141808316e-13
-1755.75575576	1.1840273431e-13
-1751.75175175	1.38554253891e-13
-1747.74774775	1.62070927699e-13
-1743.74374374	1.89503615895e-13
-1739.73973974	2.21491477659e-13
-1735.73573574	2.58775814134e-13
-1731.73173173	3.02216031036e-13
-1727.72772773	3.52808037442e-13
-1723.72372372	4.11705443282e-13
-1719.71971972	4.80243970551e-13
-1715.71571572	5.59969553153e-13
-1711.71171171	6.52670668559e-13
-1707.70770771	7.6041552226e-13
-1703.7037037	8.85594794624e-13
-1699.6996997	1.03097076066e-12
-1695.6956957	1.19973370794e-12
-1691.69169169	1.39556670865e-12
-1687.68768769	1.6227199499e-12
-1683.68368368	1.88609599547e-12
-1679.67967968	2.19134754337e-12
-1675.67567568	2.54498946122e-12
-1671.67167167	2.95452712825e-12
-1667.66766767	3.42860339227e-12
-1663.66366366	3.97716676744e-12
-1659.65965966	4.61166385776e-12
-1655.65565566	5.3452593983e-12
-1651.65165165	6.19308776661e-12
-1647.64764765	7.17254033808e-12
-1643.64364364	8.30359364786e-12
-1639.63963964	9.60918398838e-12
-1635.63563564	1.11156348232e-11
-1631.63163163	1.28531442481e-11
-1627.62762763	1.48563406874e-11
-1623.62362362	1.7164916098e-11
-1619.61961962	1.98243471674e-11
-1615.61561562	2.28867163719e-11
-1611.61161161	2.64116463036e-11
-1607.60760761	3.04673624187e-11
-1603.6036036	3.51319013205e-11
-1599.5995996	4.04944838913e-11
-1595.5955956	4.66570750706e-11
-1591.59159159	5.37361548542e-11
-1587.58758759	6.18647282208e-11
-1583.58358358	7.11946051976e-11
-1579.57957958	8.18989862144e-11
-1575.57557558	9.41753923073e-11
-1571.57157157	1.08248984682e-10
-1567.56756757	1.24376323683e-10
-1563.56356356	1.42849623426e-10
-1559.55955956	1.6400156527e-10
-1555.55555556	1.88210741111e-10
-1551.55155155	2.15907806098e-10
-1547.54754755	2.47582430124e-10
-1543.54354354	2.83791148234e-10
-1539.53953954	3.25166222188e-10
-1535.53553554	3.72425638911e-10
-1531.53153153	4.26384386564e-10
-1527.52752753	4.87967165745e-10
-1523.52352352	5.58222711982e-10
-1519.51951952	6.38339926445e-10
-1515.51551552	7.29666034905e-10
-1511.51151151	8.33727020705e-10
-1507.50750751	9.52250606028e-10
-1503.5035035	1.08719208753e-09
-1499.4994995	1.24076336758e-09
-1495.4954955	1.4154655616e-09
-1491.49149149	1.61412560512e-09
-1487.48748749	1.83993733251e-09
-1483.48348348	2.09650755253e-09
-1479.47947948	2.38790770479e-09
-1475.47547548	2.7187317465e-09
-1471.47147147	3.09416099138e-09
-1467.46746747	3.52003670205e-09
-1463.46346346	4.00294132591e-09
-1459.45945946	4.55028936168e-09
-1455.45545546	5.17042895159e-09
-1451.45145145	5.87275541266e-09
-1447.44744745	6.66783805181e-09
-1443.44344344	7.56756175329e-09
-1439.43943944	8.5852849862e-09
-1435.43543544	9.73601605454e-09
-1431.43143143	1.10366096048e-08
-1427.42742743	1.25059856172e-08
-1423.42342342	1.41653733404e-08
-1419.41941942	1.60385828835e-08
-1415.41541542	1.81523074593e-08
-1411.41141141	2.05364595836e-08
-1407.40740741	2.32245448674e-08
-1403.4034034	2.62540774127e-08
-1399.3993994	2.96670412261e-08
-1395.3953954	3.35104025061e-08
-1391.39139139	3.78366781478e-08
-1387.38738739	4.27045663352e-08
-1383.38338338	4.81796456729e-08
-1379.37937938	5.43351499419e-08
-1375.37537538	6.12528262514e-08
-1371.37137137	6.90238851156e-08
-1367.36736737	7.77500518022e-08
-1363.36336336	8.7544729196e-08
-1359.35935936	9.85342833931e-08
-1355.35535536	1.10859464303e-07
-1351.35135135	1.24676974685e-07
-1347.34734735	1.40161202306e-07
-1343.34334334	1.57506131255e-07
-1339.33933934	1.76927449938e-07
-1335.33533534	1.98664874876e-07
-1331.33133133	2.22984711166e-07
-1327.32732733	2.50182672344e-07
-1323.32332332	2.80586984439e-07
-1319.31931932	3.14561801196e-07
-1315.31531532	3.5251095985e-07
-1311.31131131	3.94882109405e-07
-1307.30730731	4.42171246147e-07
-1303.3033033	4.94927694146e-07
-1299.2992993	5.53759571729e-07
-1295.2952953	6.19339788414e-07
-1291.29129129	6.92412620551e-07
-1287.28728729	7.73800917978e-07
-1283.28328328	8.05666081208e-07
-1279.27927928	9.01939702782e-07
-1275.27527528	1.00619275958e-06
-1271.27127127	1.12271629289e-06
-1267.26726727	1.25264201367e-06
-1263.26326326	1.39705048054e-06
-1259.25925926	1.55749051889e-06
-1255.25525526	1.73566906274e-06
-1251.25125125	1.93346646018e-06
-1247.24724725	2.15295317104e-06
-1243.24324324	2.3964079745e-06
-1239.23923924	2.66633781307e-06
-1235.23523524	2.96549940903e-06
-1231.23123123	3.29692279981e-06
-1227.22722723	3.66393694953e-06
-1223.22322322	4.07019760569e-06
-1219.21921922	4.51971758236e-06
-1215.21521522	5.01689966425e-06
-1211.21121121	5.56657234027e-06
-1207.20720721	6.17402858982e-06
-1203.2032032	6.8450679607e-06
-1199.1991992	7.58604219468e-06
-1195.1951952	8.40390467366e-06
-1191.19119119	9.30626397883e-06
-1187.18718719	1.03014418743e-05
-1183.18318318	1.13985360478e-05
-1179.17917918	1.26074879632e-05
-1175.17517518	1.39391562026e-05
-1171.17117117	1.54053956991e-05
-1167.16716717	1.70191432898e-05
-1163.16316316	1.87945100421e-05
-1159.15915916	2.07468808368e-05
-1155.15515516	2.28930217208e-05
-1151.15115115	2.52511955735e-05
-1147.14714715	2.78412866622e-05
-1143.14314314	3.06613298353e-05
-1139.13913914	3.38056790333e-05
-1135.13513514	3.7229113699e-05
-1131.13113113	4.09778635679e-05
-1127.12712713	4.50920194036e-05
-1123.12312312	4.95996572095e-05
-1119.11911912	5.45363786357e-05
-1115.11511512	5.99408039446e-05
-1111.11111111	6.58548085982e-05
-1107.10710711	7.23237766201e-05
-1103.1031031	7.93968717694e-05
-1099.0990991	8.7127327611e-05
-1095.0950951	9.55727576224e-05
-1091.09109109	0.00010479548653
-1087.08708709	0.000114862904121
-1083.08308308	0.000125847842841
-1079.07907908	0.000137828980534
-1075.07507508	0.000150891269748
-1071.07107107	0.000165126395089
-1067.06706707	0.000180633260169
-1063.06306306	0.000197518505737
-1059.05905906	0.000215897060685
-1055.05505506	0.000235892727623
-1051.05105105	0.000257646819009
-1047.04704705	0.000281287469546
-1043.04304304	0.000306976353814
-1039.03903904	0.000334879385449
-1035.03503504	0.000365174863745
-1031.03103103	0.000398054306576
-1027.02702703	0.00043372333175
-1023.02302302	0.000472402589005
-1019.01901902	0.000514328744922
-1015.01501502	0.000559755523076
-1011.01101101	0.000608954801808
-1007.00700701	0.000662237222241
-1003.003003	0.000719877243615
-998.998998999	0.000782226350671
-994.994994995	0.000849641265714
-990.990990991	0.000922503305673
-986.986986987	0.00100121987782
-982.982982983	0.00108622605078
-978.978978979	0.00117798620351
-974.974974975	0.00127699575482
-970.970970971	0.00138378297601
-966.966966967	0.00149891088938
-962.962962963	0.00162297925503
-958.958958959	0.00175662664852
-954.954954955	0.00190053263202
-950.950950951	0.00205542002118
-946.946946947	0.00222205725032
-942.942942943	0.00240126083801
-938.938938939	0.00259389795541
-934.934934935	0.00280088909934
-930.930930931	0.00302321087214
-926.926926927	0.00326189886996
-922.922922923	0.00351805068134
-918.918918919	0.00379282899741
-914.914914915	0.00408746483504
-910.910910911	0.00440326087396
-906.906906907	0.00474159490878
-902.902902903	0.0051039234163
-898.898898899	0.00549178523861
-894.894894895	0.0059068053818
-890.890890891	0.00635069893
-886.886886887	0.00682527507411
-882.882882883	0.00733244125413
-878.878878879	0.00787420741364
-874.874874875	0.0084526903646
-870.870870871	0.00907011826012
-866.866866867	0.00972883517247
-862.862862863	0.010431305773
-858.858858859	0.0111801201104
-854.854854855	0.0119779984825
-850.850850851	0.012827673261
-846.846846847	0.013732378206
-842.842842843	0.0146951390956
-838.838838839	0.0157192476107
-834.834834835	0.0168081512553
-830.830830831	0.0179654586664
-826.826826827	0.0191949449714
-822.822822823	0.0205005571814
-818.818818819	0.021886419611
-814.814814815	0.0233568393141
-810.810810811	0.0249163115227
-806.806806807	0.0265695289317
-802.802802803	0.0283213719275
-798.798798799	0.0301769363796
-794.794794795	0.0321415242364
-790.790790791	0.0342206524028
-786.786786787	0.0364200579076
-782.782782783	0.0387457029686
-778.778778779	0.0412037799366
-774.774774775	0.0438007161011
-770.770770771	0.0465431783352
-766.766766767	0.0494380775603
-762.762762763	0.0524925730093
-758.758758759	0.0557140762641
-754.754754755	0.0591102550464
-750.750750751	0.0626890367368
-746.746746747	0.066458611597
-742.742742743	0.0704274356717
-738.738738739	0.0746042333432
-734.734734735	0.0789979995118
-730.730730731	0.08361800602
-726.726726727	0.0884737846864
-722.722722723	0.0935751553153
-718.718718719	0.0989322082738
-714.714714715	0.104555308797
-710.710710711	0.11045509635
-706.706706707	0.116642483425
-702.702702703	0.123128653734
-698.698698699	0.129925059784
-694.694694695	0.137043419794
-690.690690691	0.144495713929
-686.686686687	0.152294179827
-682.682682683	0.160451307389
-678.678678679	0.168979832801
-674.674674675	0.177892731772
-670.670670671	0.187203211956
-666.666666667	0.196924704532
-662.662662663	0.207070854927
-658.658658659	0.217655512651
-654.654654655	0.228692720231
-650.650650651	0.240196701219
-646.646646647	0.252181847261
-642.642642643	0.264662704209
-638.638638639	0.277653957261
-634.634634635	0.29117041512
-630.630630631	0.305226993159
-626.626626627	0.319838695589
-622.622622623	0.33502059662
-618.618618619	0.350787820611
-614.614614615	0.367155521217
-610.610610611	0.384138859533
-606.606606607	0.401752981228
-602.602602603	0.4200129927
-598.598598599	0.438933936247
-594.594594595	0.458530764269
-590.590590591	0.478818311109
-586.586586587	0.499811271035
-582.582582583	0.521524161286
-578.578578579	0.543971298178
-574.574574575	0.567166765462
-570.570570571	0.591124383246
-566.566566567	0.615857676159
-562.562562563	0.641379840791
-558.558558559	0.667703712461
-554.554554555	0.694841731363
-550.550550551	0.722805908141
-546.546546547	0.751607788957
-542.542542543	0.781258420106
-538.538538539	0.811768312254
-534.534534535	0.843147404351
-530.530530531	0.875405027314
-526.526526527	0.908549867529
-522.522522523	0.942589930276
-518.518518519	0.977532503142
-514.514514515	1.01338411951
-510.510510511	1.05015052222
-506.506506507	1.08783662749
-502.502502503	1.12644648917
-498.498498498	1.16598326343
-494.494494494	1.20644917405
-490.49049049	1.24784547827
-486.486486486	1.29017243344
-482.482482482	1.33342926447
-478.478478478	1.37761413224
-474.474474474	1.42272410305
-470.47047047	1.46875511928
-466.466466466	1.51570197116
-462.462462462	1.56355827006
-458.458458458	1.61231642314
-454.454454454	1.66196760957
-450.45045045	1.71250175849
-446.446446446	1.76390752859
-442.442442442	1.81617228971
-438.438438438	1.86928210625
-434.434434434	1.92322172275
-430.43043043	1.97797455149
-426.426426426	2.03352266239
-422.422422422	2.08984677522
-418.418418418	2.14692625408
-414.414414414	2.20473910449
-410.41041041	2.26326197289
-406.406406406	2.32247014875
-402.402402402	2.38233756935
-398.398398398	2.44283682726
-394.394394394	2.5039391805
-390.39039039	2.56561456556
-386.386386386	2.62783161319
-382.382382382	2.69055766704
-378.378378378	2.75375880519
-374.374374374	2.81739986452
-370.37037037	2.88144446793
-366.366366366	2.94585505455
-362.362362362	3.01059291268
-358.358358358	3.07561821566
-354.354354354	3.14089006051
-350.35035035	3.20636650943
-346.346346346	3.27200463391
-342.342342342	3.33776056167
-338.338338338	3.40358952614
-334.334334334	3.46944591851
-330.33033033	3.53528334231
-326.326326326	3.60105467035
-322.322322322	3.66671210399
-318.318318318	3.73220723458
-314.314314314	3.79749110709
-310.31031031	3.86251428565
-306.306306306	3.92722692096
-302.302302302	3.99157881952
-298.298298298	4.05551951437
-294.294294294	4.11899833736
-290.29029029	4.18196449269
-286.286286286	4.24436713167
-282.282282282	4.30615542846
-278.278278278	4.36727865664
-274.274274274	4.42768626651
-270.27027027	4.48732796287
-266.266266266	4.54615378316
-262.262262262	4.60411417573
-258.258258258	4.66116007817
-254.254254254	4.71724299535
-250.25025025	4.77231507719
-246.246246246	4.82632919584
-242.242242242	4.87923902207
-238.238238238	4.93099910083
-234.234234234	4.98156492571
-230.23023023	5.03089301204
-226.226226226	5.07894096869
-222.222222222	5.12566756809
-218.218218218	5.17103281464
-214.214214214	5.21499801095
-210.21021021	5.25752582222
-206.206206206	5.29858033809
-202.202202202	5.33812713228
-198.198198198	5.37613331954
-194.194194194	5.41256760992
-190.19019019	5.44740036021
-186.186186186	5.48060362245
-182.182182182	5.51215118925
-178.178178178	5.54201863607
-174.174174174	5.57018336008
-170.17017017	5.59662461571
-166.166166166	5.62132354668
-162.162162162	5.64426321456
-158.158158158	5.66542862362
-154.154154154	5.68480674213
-150.15015015	5.70238651988
-146.146146146	5.71815890193
-142.142142142	5.73211683874
-138.138138138	5.74425529228
-134.134134134	5.7545712386
-130.13013013	5.76306366642
-126.126126126	5.76973357205
-122.122122122	5.77458395056
-118.118118118	5.77761978317
-114.114114114	5.77884802107
-110.11011011	5.77827756558
-106.106106106	5.77591924471
-102.102102102	5.77178578635
-98.0980980981	5.76589178796
-94.0940940941	5.75825368306
-90.0900900901	5.74888970436
-86.0860860861	5.73781984396
-82.0820820821	5.72506581045
-78.0780780781	5.71065098313
-74.0740740741	5.69460036359
-70.0700700701	5.67694052455
-66.0660660661	5.65769955631
-62.0620620621	5.63690701088
-58.0580580581	5.61459384385
-54.0540540541	5.59079235432
-50.05005005	5.56553612293
-46.046046046	5.53885994815
-42.042042042	5.51079978105
-38.038038038	5.48139265872
-34.034034034	5.45067663639
-30.03003003	5.4186907186
-26.026026026	5.38547478941
-22.022022022	5.35106954194
-18.018018018	5.31551640736
-14.014014014	5.27885748351
-10.01001001	5.24113546327
-6.00600600601	5.20239356296
-2.002002002	5.16267545077
2.002002002	5.12202517555
6.00600600601	5.08048709592
10.01001001	5.03810581008
14.014014014	4.99492608628
18.018018018	4.95099279416
22.022022022	4.90635083713
26.026026026	4.86104508588
30.03003003	4.81512031317
34.034034034	4.76862113
38.038038038	4.72159192331
42.042042042	4.67407679527
46.046046046	4.62611950435
50.0500500501	4.57776340815
54.0540540541	4.52905140819
58.0580580581	4.48002589667
62.0620620621	4.4307287053
66.0660660661	4.38120105631
70.0700700701	4.3314835156
74.0740740741	4.28161594822
78.0780780781	4.23163747607
82.0820820821	4.18158643808
86.0860860861	4.13150035259
90.0900900901	4.08141588234
94.0940940941	4.03136880172
98.0980980981	3.98139396653
102.102102102	3.93152528623
106.106106106	3.88179569853
110.11011011	3.83223714652
114.114114114	3.78288055819
118.118118118	3.73375582833
122.122122122	3.68489180283
126.126126126	3.63631626539
130.13013013	3.58805592643
134.134134134	3.5401364144
138.138138138	3.49258226924
142.142142142	3.44541693805
146.146146146	3.39866277286
150.15015015	3.35234103056
154.154154154	3.30647187467
158.158158158	3.26107437927
162.162162162	3.21616653457
166.166166166	3.17176525451
170.17017017	3.1278863859
174.174174174	3.08454471932
178.178178178	3.04175400162
182.182182182	2.9995269498
186.186186186	2.95787526644
190.19019019	2.91680965638
194.194194194	2.8763398447
198.198198198	2.83647459583
202.202202202	2.79722173383
206.206206206	2.75858816358
210.21021021	2.72057989413
214.214214214	2.683202057
218.218218218	2.64645893706
222.222222222	2.61035399223
226.226226226	2.5748898797
230.23023023	2.54006848153
234.234234234	2.50589093072
238.238238238	2.47235763756
242.242242242	2.43946831641
246.246246246	2.40722201262
250.25025025	2.37561712964
254.254254254	2.34465145627
258.258258258	2.31432219388
262.262262262	2.28462598367
266.266266266	2.25555893381
270.27027027	2.22711664642
274.274274274	2.19929424442
278.278278278	2.17208639809
282.282282282	2.14548735136
286.286286286	2.11949094772
290.29029029	2.09409065584
294.294294294	2.06927959466
298.298298298	2.04505055813
302.302302302	2.0213960394
306.306306306	1.9983082545
310.31031031	1.97577916546
314.314314314	1.95380050292
318.318318318	1.93236378804
322.322322322	1.91146035388
326.326326326	1.89108136611
330.33033033	1.87121784302
334.334334334	1.85186067466
338.338338338	1.83300064286
342.342342342	1.8146284372
346.346346346	1.79673467375
350.35035035	1.77930991139
354.354354354	1.76234466773
358.358358358	1.74582943435
362.362362362	1.7297546914
366.366366366	1.71411092141
370.37037037	1.69888862247
374.374374374	1.68407832074
378.378378378	1.66967058224
382.382382382	1.65565602399
386.386386386	1.64202532449
390.39039039	1.62876923176
394.394394394	1.61587857997
398.398398398	1.60334428668
402.402402402	1.59115736849
406.406406406	1.57930894653
410.41041041	1.56779025321
414.414414414	1.55659263854
418.418418418	1.54570757578
422.422422422	1.53512666669
426.426426426	1.52484164615
430.43043043	1.51484438641
434.434434434	1.50512690078
438.438438438	1.49568134452
442.442442442	1.4865000273
446.446446446	1.47757540098
450.45045045	1.46890007155
454.454454454	1.46046679822
458.458458458	1.45226849474
462.462462462	1.44429823029
466.466466466	1.43654923014
470.47047047	1.42901492301
474.474474474	1.4216887497
478.478478478	1.41456445468
482.482482482	1.40763588769
486.486486486	1.40089705335
490.49049049	1.39434211019
494.494494494	1.38796536941
498.498498498	1.38176129355
502.502502503	1.37572449493
506.506506507	1.36984973394
510.510510511	1.36413191715
514.514514515	1.35856609529
518.518518519	1.3531474612
522.522522523	1.34787134751
526.526526527	1.34273322434
530.530530531	1.33772869685
534.534534535	1.33285350277
538.538538539	1.32810350979
542.542542543	1.32347471297
546.546546547	1.318963232
550.550550551	1.31456527315
554.554554555	1.31027727066
558.558558559	1.30609566367
562.562562563	1.30201704312
566.566566567	1.29803813693
570.570570571	1.29415570066
574.574574575	1.29036667758
578.578578579	1.28666808517
582.582582583	1.28305704057
586.586586587	1.2795307401
590.590590591	1.27608652885
594.594594595	1.27272200001
598.598598599	1.26943417238
602.602602603	1.26622088963
606.606606607	1.26307980592
610.610610611	1.26000865804
614.614614615	1.2570052621
618.618618619	1.25406751073
622.622622623	1.25119337041
626.626626627	1.248380879
630.630630631	1.24562814333
634.634634635	1.24293330424
638.638638639	1.24029467477
642.642642643	1.2377105163
646.646646647	1.2351792058
650.650650651	1.23269879418
654.654654655	1.23026863964
658.658658659	1.22788652789
662.662662663	1.2255512323
666.666666667	1.22326138937
670.670670671	1.22101568564
674.674674675	1.21881284137
678.678678679	1.21665162925
682.682682683	1.21453102036
686.686686687	1.2124495424
690.690690691	1.21040626305
694.694694695	1.20840011664
698.698698699	1.20643007475
702.702702703	1.20449514486
706.706706707	1.20259436896
710.710710711	1.20072682227
714.714714715	1.19889161198
718.718718719	1.19708787603
722.722722723	1.19531478197
726.726726727	1.19357152581
730.730730731	1.19185733092
734.734734735	1.19017144703
738.738738739	1.18851314921
742.742742743	1.18688173686
746.746746747	1.18527653283
750.750750751	1.1836968825
754.754754755	1.18214215293
758.758758759	1.18061173202
762.762762763	1.1791050277
766.766766767	1.1776214672
770.770770771	1.17616049628
774.774774775	1.17472157857
778.778778779	1.17330419481
782.782782783	1.1719078423
786.786786787	1.17053203419
790.790790791	1.16917629893
794.794794795	1.16784017966
798.798798799	1.1665232337
802.802802803	1.16522503196
806.806806807	1.1639451585
810.810810811	1.16268320998
814.814814815	1.16143879523
818.818818819	1.1602115348
822.822822823	1.15900106048
826.826826827	1.15780701496
830.830830831	1.1566290514
834.834834835	1.15546683301
838.838838839	1.15432003277
842.842842843	1.15318833299
846.846846847	1.15207142506
850.850850851	1.15096900906
854.854854855	1.14988079347
858.858858859	1.1488064949
862.862862863	1.14774583779
866.866866867	1.14669855412
870.870870871	1.14566438316
874.874874875	1.14464307124
878.878878879	1.14363437147
882.882882883	1.14263804355
886.886886887	1.14165385527
890.890890891	1.14068157511
894.894894895	1.13972098313
898.898898899	1.13877186316
902.902902903	1.13783400458
906.906906907	1.13690720113
910.910910911	1.13599125485
914.914914915	1.13508596957
918.918918919	1.1341911551
922.922922923	1.13330662596
926.926926927	1.13243220122
930.930930931	1.13156770436
934.934934935	1.13071296316
938.938938939	1.1298678095
942.942942943	1.12903207931
946.946946947	1.12820561239
950.950950951	1.12738825234
954.954954955	1.12657984638
958.958958959	1.12578024532
962.962962963	1.12498930338
966.966966967	1.12420687815
970.970970971	1.12343283045
974.974974975	1.12266702425
978.978978979	1.12190932658
982.982982983	1.12115960743
986.986986987	1.1204177397
990.990990991	1.11968359906
994.994994995	1.11895706393
998.998998999	1.11823801535
1003.003003	1.11752633697
1007.00700701	1.11682191491
1011.01101101	1.11612463773
1015.01501502	1.11543439637
1019.01901902	1.11475108405
1023.02302302	1.11407459625
1027.02702703	1.11340483061
1031.03103103	1.11274168691
1035.03503504	1.11208506701
1039.03903904	1.1114348747
1043.04304304	1.11079101581
1047.04704705	1.11015339806
1051.05105105	1.10952193101
1055.05505506	1.10889652604
1059.05905906	1.10827709628
1063.06306306	1.10766355659
1067.06706707	1.10705582351
1071.07107107	1.10645381518
1075.07507508	1.10585745139
1079.07907908	1.10526665342
1083.08308308	1.10468134409
1087.08708709	1.1041014477
1091.09109109	1.10352688999
1095.0950951	1.10295759809
1099.0990991	1.10239350051
1103.1031031	1.10183452709
1107.10710711	1.10128060899
1111.11111111	1.10073167863
1115.11511512	1.10018766968
1119.11911912	1.09964851703
1123.12312312	1.09911415674
1127.12712713	1.09858452604
1131.13113113	1.09805956329
1135.13513514	1.09753920795
1139.13913914	1.09702340056
1143.14314314	1.09651208273
1147.14714715	1.09600519707
1151.15115115	1.09550268723
1155.15515516	1.09500449782
1159.15915916	1.09451057443
1163.16316316	1.09402086359
1167.16716717	1.09353531272
1171.17117117	1.09305387018
1175.17517518	1.09257648519
1179.17917918	1.09210310783
1183.18318318	1.09163368903
1187.18718719	1.09116818053
1191.19119119	1.09070653488
1195.1951952	1.09024870544
1199.1991992	1.08979464631
1203.2032032	1.08934431236
1207.20720721	1.08889765919
1211.21121121	1.08845464315
1215.21521522	1.08801522126
1219.21921922	1.08757935125
1223.22322322	1.08714699155
1227.22722723	1.08671810122
1231.23123123	1.08629263999
1235.23523524	1.08587056822
1239.23923924	1.08545184691
1243.24324324	1.08503643764
1247.24724725	1.08462430264
1251.25125125	1.08421540467
1255.25525526	1.0838097071
1259.25925926	1.08340717387
1263.26326326	1.08300776945
1267.26726727	1.08261145887
1271.27127127	1.08221820767
1275.27527528	1.08182798193
1279.27927928	1.08144074824
1283.28328328	1.08105647368
1287.28728729	1.08067512584
1291.29129129	1.08029667276
1295.2952953	1.07992108298
1299.2992993	1.07954832549
1303.3033033	1.07917836975
1307.30730731	1.07881118564
1311.31131131	1.0784467435
1315.31531532	1.07808501409
1319.31931932	1.07772596859
1323.32332332	1.07736957861
1327.32732733	1.07701581613
1331.33133133	1.07666465356
1335.33533534	1.07631606369
1339.33933934	1.07597001969
1343.34334334	1.07562649512
1347.34734735	1.0752854639
1351.35135135	1.07494690031
1355.35535536	1.074610779
1359.35935936	1.07427707494
1363.36336336	1.07394576349
1367.36736737	1.07361682032
1371.37137137	1.07329022142
1375.37537538	1.07296594314
1379.37937938	1.07264396212
1383.38338338	1.07232425533
1387.38738739	1.07200680005
1391.39139139	1.07169157386
1395.3953954	1.07137855464
1399.3993994	1.07106772056
1403.4034034	1.07075905008
1407.40740741	1.07045252195
1411.41141141	1.07014811519
1415.41541542	1.06984580911
1419.41941942	1.06954558326
1423.42342342	1.06924741748
1427.42742743	1.06895129187
1431.43143143	1.06865718678
1435.43543544	1.0683650828
1439.43943944	1.06807496079
1443.44344344	1.06778680184
1447.44744745	1.06750058729
1451.45145145	1.0672162987
1455.45545546	1.06693391788
1459.45945946	1.06665342686
1463.46346346	1.06637480788
1467.46746747	1.06609804343
1471.47147147	1.06582311621
1475.47547548	1.06555000911
1479.47947948	1.06527870525
1483.48348348	1.06500918797
1487.48748749	1.06474144079
1491.49149149	1.06447544744
1495.4954955	1.06421119184
1499.4994995	1.06394865813
1503.5035035	1.06368783062
1507.50750751	1.06342869381
1511.51151151	1.06317123238
1515.51551552	1.06291543122
1519.51951952	1.06266127537
1523.52352352	1.06240875006
1527.52752753	1.0621578407
1531.53153153	1.06190853286
1535.53553554	1.0616608123
1539.53953954	1.06141466491
1543.54354354	1.06117007679
1547.54754755	1.06092703416
1551.55155155	1.06068552344
1555.55555556	1.06044553117
1559.55955956	1.06020704406
1563.56356356	1.05997004899
1567.56756757	1.05973453296
1571.57157157	1.05950048314
1575.57557558	1.05926788684
1579.57957958	1.05903673151
1583.58358358	1.05880700474
1587.58758759	1.05857869427
1591.59159159	1.05835178797
1595.5955956	1.05812627385
1599.5995996	1.05790214006
1603.6036036	1.05767937486
1607.60760761	1.05745796667
1611.61161161	1.05723790401
1615.61561562	1.05701917555
1619.61961962	1.05680177007
1623.62362362	1.05658567647
1627.62762763	1.0563708838
1631.63163163	1.05615738118
1635.63563564	1.05594515791
1639.63963964	1.05573420334
1643.64364364	1.05552450699
1647.64764765	1.05531605847
1651.65165165	1.0551088475
1655.65565566	1.05490286391
1659.65965966	1.05469809764
1663.66366366	1.05449453875
1667.66766767	1.05429217738
1671.67167167	1.05409100381
1675.67567568	1.05389100838
1679.67967968	1.05369218157
1683.68368368	1.05349451394
1687.68768769	1.05329799615
1691.69169169	1.05310261896
1695.6956957	1.05290837324
1699.6996997	1.05271524993
1703.7037037	1.05252324007
1707.70770771	1.05233233482
1711.71171171	1.0521425254
1715.71571572	1.05195380313
1719.71971972	1.05176615941
1723.72372372	1.05157958576
1727.72772773	1.05139407374
1731.73173173	1.05120961504
1735.73573574	1.0510262014
1739.73973974	1.05084382467
1743.74374374	1.05066247677
1747.74774775	1.05048214969
1751.75175175	1.05030283552
1755.75575576	1.05012452643
1759.75975976	1.04994721465
1763.76376376	1.0497708925
1767.76776777	1.04959555237
1771.77177177	1.04942118674
1775.77577578	1.04924778815
1779.77977978	1.04907534922
1783.78378378	1.04890386263
1787.78778779	1.04873332115
1791.79179179	1.04856371762
1795.7957958	1.04839504493
1799.7997998	1.04822729607
1803.8038038	1.04806046406
1807.80780781	1.04789454202
1811.81181181	1.04772952313
1815.81581582	1.04756540063
1819.81981982	1.04740216782
1823.82382382	1.04723981807
1827.82782783	1.04707834483
1831.83183183	1.04691774158
1835.83583584	1.04675800188
1839.83983984	1.04659911936
1843.84384384	1.0464410877
1847.84784785	1.04628390064
1851.85185185	1.04612755197
1855.85585586	1.04597203557
1859.85985986	1.04581734534
1863.86386386	1.04566347526
1867.86786787	1.04551041936
1871.87187187	1.04535817173
1875.87587588	1.0452067265
1879.87987988	1.04505607788
1883.88388388	1.04490622012
1887.88788789	1.04475714751
1891.89189189	1.04460885441
1895.8958959	1.04446133524
1899.8998999	1.04431458444
1903.9039039	1.04416859654
1907.90790791	1.04402336609
1911.91191191	1.0438788877
1915.91591592	1.04373515603
1919.91991992	1.0435921658
1923.92392392	1.04344991175
1927.92792793	1.04330838869
1931.93193193	1.04316759147
1935.93593594	1.04302751499
1939.93993994	1.04288815419
1943.94394394	1.04274950406
1947.94794795	1.04261155964
1951.95195195	1.04247431599
1955.95595596	1.04233776826
1959.95995996	1.04220191159
1963.96396396	1.0420667412
1967.96796797	1.04193225234
1971.97197197	1.04179844031
1975.97597598	1.04166530043
1979.97997998	1.04153282809
1983.98398398	1.04140101869
1987.98798799	1.04126986771
1991.99199199	1.04113937062
1995.995996	1.04100952298
2000.0	1.04088032035
