1000.0	2.998e+15	-64677.0478508	0.152805057748	0.858297023859
1002.22222222	2.99135254989e+15	-63868.8947513	0.153576962298	0.857634756117
1004.44444444	2.98473451327e+15	-63064.3175505	0.154351043567	0.856971133998
1006.66666667	2.97814569536e+15	-62263.292567	0.155127302859	0.856306160322
1008.88888889	2.97158590308e+15	-61465.7963279	0.155905741473	0.855639837921
1011.11111111	2.96505494505e+15	-60671.8055667	0.156686360706	0.854972169638
1013.33333333	2.95855263158e+15	-59881.2972212	0.157469161855	0.854303158327
1015.55555556	2.95207877462e+15	-59094.2484307	0.158254146213	0.853632806852
1017.77777778	2.94563318777e+15	-58310.6365346	0.159041315073	0.852961118091
1020.0	2.93921568627e+15	-57530.4390694	0.159830669723	0.852288094928
1022.22222222	2.93282608696e+15	-56753.6337671	0.16062221145	0.851613740262
1024.44444444	2.92646420824e+15	-55980.1985528	0.161415941542	0.850938057
1026.66666667	2.92012987013e+15	-55210.111543	0.162211861281	0.850261048062
1028.88888889	2.91382289417e+15	-54443.3510429	0.163009971948	0.849582716378
1031.11111111	2.90754310345e+15	-53679.8955449	0.163810274823	0.848903064887
1033.33333333	2.90129032258e+15	-52919.7237266	0.164612771182	0.848222096542
1035.55555556	2.89506437768e+15	-52162.8144482	0.165417462303	0.847539814303
1037.77777778	2.88886509636e+15	-51409.1467513	0.166224349458	0.846856221141
1040.0	2.88269230769e+15	-50658.6998565	0.167033433918	0.846171320042
1042.22222222	2.87654584222e+15	-49911.4531617	0.167844716953	0.845485113996
1044.44444444	2.87042553191e+15	-49167.3862401	0.16865819983	0.844797606009
1046.66666667	2.86433121019e+15	-48426.4788383	0.169473883815	0.844108799094
1048.88888889	2.85826271186e+15	-47688.7108747	0.170291770172	0.843418696275
1051.11111111	2.85221987315e+15	-46954.0624373	0.171111860161	0.842727300588
1053.33333333	2.84620253165e+15	-46222.5137824	0.171934155042	0.842034615077
1055.55555556	2.84021052632e+15	-45494.0453323	0.172758656084	0.841340642789
1057.77777778	2.83424369748e+15	-44768.637674	0.173585364521	0.840645386808
1060.0	2.82830188679e+15	-44046.2715573	0.174414281617	0.8399488502
1062.22222222	2.82238493724e+15	-43326.927893	0.175245408625	0.839251036052
1064.44444444	2.81649269311e+15	-42610.5877512	0.176078746793	0.83855194746
1066.66666667	2.810625e+15	-41897.2323601	0.176914297371	0.83785158753
1068.88888889	2.80478170478e+15	-41186.8431036	0.177752061604	0.837149959377
1071.11111111	2.7989626556e+15	-40479.4015204	0.178592040737	0.83644706613
1073.33333333	2.79316770186e+15	-39774.889302	0.179434236012	0.835742910923
1075.55555556	2.78739669421e+15	-39073.288291	0.180278648669	0.835037496903
1077.77777778	2.78164948454e+15	-38374.5804801	0.181125279947	0.834330827226
1080.0	2.77592592593e+15	-37678.74801	0.181974131083	0.833622905059
1082.22222222	2.77022587269e+15	-36985.7731681	0.182825203311	0.832913733576
1084.44444444	2.76454918033e+15	-36295.638387	0.183678497865	0.832203315964
1086.66666667	2.75889570552e+15	-35608.326243	0.184534015976	0.831491655418
1088.88888889	2.75326530612e+15	-34923.8194548	0.185391758873	0.830778755143
1091.11111111	2.74765784114e+15	-34242.1008816	0.186251727784	0.830064618354
1093.33333333	2.74207317073e+15	-33563.153522	0.187113923933	0.829349248275
1095.55555556	2.73651115619e+15	-32886.9605129	0.187978348546	0.82863264814
1097.77777778	2.73097165992e+15	-32213.5051272	0.188845002844	0.827914821193
1100.0	2.72545454545e+15	-31542.7707734	0.189713888048	0.827195770686
1102.22222222	2.71995967742e+15	-30874.7409936	0.190585005375	0.826475499883
1104.44444444	2.71448692153e+15	-30209.3994625	0.191458356042	0.825754012056
1106.66666667	2.70903614458e+15	-29546.7299856	0.192333941265	0.825031310484
1108.88888889	2.70360721443e+15	-28886.7164987	0.193211762256	0.824307398461
1111.11111111	2.6982e+15	-28229.3430657	0.194091820227	0.823582279285
1113.33333333	2.69281437126e+15	-27574.5938779	0.194974116387	0.822855956266
1115.55555556	2.6874501992e+15	-26922.4532527	0.195858651944	0.822128432722
1117.77777778	2.68210735586e+15	-26272.9056319	0.196745428103	0.821399711982
1120.0	2.67678571429e+15	-25625.935581	0.19763444607	0.820669797382
1122.22222222	2.67148514851e+15	-24981.5277878	0.198525707046	0.819938692268
1124.44444444	2.6662055336e+15	-24339.667061	0.199419212232	0.819206399996
1126.66666667	2.66094674556e+15	-23700.3383291	0.200314962828	0.81847292393
1128.88888889	2.65570866142e+15	-23063.5266395	0.20121296003	0.817738267443
1131.11111111	2.65049115914e+15	-22429.2171569	0.202113205034	0.817002433918
1133.33333333	2.64529411765e+15	-21797.3951624	0.203015699035	0.816265426746
1135.55555556	2.64011741683e+15	-21168.0460525	0.203920443223	0.815527249326
1137.77777778	2.6349609375e+15	-20541.1553376	0.20482743879	0.814787905068
1140.0	2.6298245614e+15	-19916.708641	0.205736686924	0.814047397389
1142.22222222	2.62470817121e+15	-19294.6916981	0.206648188812	0.813305729717
1144.44444444	2.61961165049e+15	-18675.090355	0.20756194564	0.812562905485
1146.66666667	2.61453488372e+15	-18057.8905675	0.208477958591	0.811818928138
1148.88888889	2.60947775629e+15	-17443.0784001	0.20939622885	0.811073801127
1151.11111111	2.60444015444e+15	-16830.6400248	0.210316757592	0.810327527917
1153.33333333	2.59942196532e+15	-16220.5617203	0.211239545998	0.809580111975
1155.55555556	2.59442307692e+15	-15612.8298709	0.212164595246	0.808831556781
1157.77777778	2.58944337812e+15	-15007.4309652	0.21309190651	0.80808186582
1160.0	2.58448275862e+15	-14404.3515955	0.214021480964	0.807331042587
1162.22222222	2.57954110899e+15	-13803.5784567	0.214953319781	0.806579090587
1164.44444444	2.57461832061e+15	-13205.0983451	0.21588742413	0.805826013332
1166.66666667	2.56971428571e+15	-12608.8981578	0.216823795181	0.805071814341
1168.88888889	2.56482889734e+15	-12014.9648913	0.2177624341	0.804316497144
1171.11111111	2.55996204934e+15	-11423.2856411	0.218703342053	0.803560065277
1173.33333333	2.55511363636e+15	-10833.8476001	0.219646520205	0.802802522285
1175.55555556	2.55028355388e+15	-10246.6380583	0.220591969713	0.802043871725
1177.77777778	2.54547169811e+15	-9661.6444016	0.221539691746	0.801284117151
1180.0	2.5406779661e+15	-9078.85411082	0.222489687459	0.800523262137
1182.22222222	2.53590225564e+15	-8498.25476099	0.223441958009	0.799761310259
1184.44444444	2.53114446529e+15	-7919.83402035	0.224396504553	0.798998265103
1186.66666667	2.52640449438e+15	-7343.57964953	0.225353328245	0.798234130263
1188.88888889	2.52168224299e+15	-6769.47950065	0.226312430237	0.79746890934
1191.11111111	2.51697761194e+15	-6197.52151651	0.227273811681	0.796702605942
1193.33333333	2.51229050279e+15	-5627.6937297	0.228237473727	0.795935223687
1195.55555556	2.50762081784e+15	-5059.9842618	0.229203417521	0.7951667662
1197.77777778	2.50296846011e+15	-4494.38132254	0.230171644212	0.794397237113
1200.0	2.49833333333e+15	-3930.87320898	0.231142154943	0.793626640066
1202.22222222	2.49371534196e+15	-3369.44830471	0.232114950858	0.792854978708
1204.44444444	2.48911439114e+15	-2810.09507905	0.233090033099	0.792082256693
1206.66666667	2.48453038674e+15	-2252.80208627	0.23406740296	0.791308477564
1208.88888889	2.47996323529e+15	-1697.55796479	0.235047061273	0.790533645234
1211.11111111	2.47541284404e+15	-1144.35143642	0.236029009328	0.789757763258
1213.33333333	2.47087912088e+15	-593.17130558	0.237013248261	0.788980835324
1215.55555556	2.46636197441e+15	-44.0064585864	0.237999779206	0.788202865124
1217.77777778	2.46186131387e+15	503.154137141	0.238988603296	0.787423856358
1220.0	2.45737704918e+15	1048.32143379	0.239979721661	0.786643812734
