912.0	3.28728070175e+15	-99845.8858013	6.90073356377e-54
915.111111111	3.27610490529e+15	-98487.2062478	2.66895641551e-54
918.222222222	3.26500484027e+15	-97137.7336226	1.0280224457e-54
921.333333333	3.25397973951e+15	-95797.3746571	1.64783128856e-46
924.444444444	3.24302884615e+15	-94466.0373386	9.00734327463e-44
927.555555556	3.23215141351e+15	-93143.6308885	4.54392680866e-40
930.666666667	3.22134670487e+15	-91830.0657422	2.27639020075e-40
933.777777778	3.21061399334e+15	-90525.2535289	2.97699380688e-35
936.888888889	3.19995256167e+15	-89229.1070513	1.62967591525e-35
940.0	3.18936170213e+15	-87941.5402668	8.89220992006e-36
943.111111111	3.17884071631e+15	-86662.4682678	4.84303851639e-36
946.222222222	3.16838891498e+15	-85391.8072636	2.63098431931e-36
949.333333333	3.15800561798e+15	-84129.4745619	1.42563953743e-36
952.444444444	3.14769015399e+15	-82875.3885507	0.880831034239
955.555555556	3.13744186047e+15	-81629.468681	0.880000963105
958.666666667	3.12726008345e+15	-80391.6354493	0.879168239036
961.777777778	3.11714417745e+15	-79161.8103809	0.878332869393
964.888888889	3.1070935053e+15	-77939.916013	0.87749485954
968.0	3.09710743802e+15	-76725.8758789	0.876654215558
971.111111111	3.08718535469e+15	-75519.6144916	0.87581094357
974.222222222	3.07732664234e+15	-74321.0573286	0.875537039599
977.333333333	3.06753069577e+15	-73130.1308159	0.874692127587
980.444444444	3.0577969175e+15	-71946.7623138	0.873844613212
983.555555556	3.04812471758e+15	-70770.8801013	0.87299450269
986.666666667	3.03851351351e+15	-69602.4133623	0.872141802278
989.777777778	3.02896273013e+15	-68441.2921707	0.871286518272
992.888888889	3.01947179946e+15	-67287.4474773	0.870428657008
996.0	3.01004016064e+15	-66140.8110952	0.869568224859
999.111111111	3.00066725979e+15	-65001.3156869	0.86870522824
1002.22222222	2.99135254989e+15	-63868.8947513	0.867839673603
1005.33333333	2.98209549072e+15	-62743.4826102	0.866971567441
1008.44444444	2.9728955487e+15	-61625.0143959	0.866100916283
1011.55555556	2.96375219684e+15	-60513.4260388	0.865227726699
1014.66666667	2.95466491459e+15	-59408.654255	0.864352005296
1017.77777778	2.94563318777e+15	-58310.6365346	0.86347375872
1020.88888889	2.93665650849e+15	-57219.3111294	0.862592993655
1024.0	2.927734375e+15	-56134.6170418	0.861709716822
1027.11111111	2.91886629165e+15	-55056.4940131	0.866085151968
1030.22222222	2.91005176877e+15	-53984.8825126	0.865227761409
1033.33333333	2.90129032258e+15	-52919.7237266	0.864367929948
1036.44444444	2.89258147513e+15	-51860.9595473	0.863505663877
1039.55555556	2.88392475417e+15	-50808.5325627	0.86264096952
1042.66666667	2.87531969309e+15	-49762.3860461	0.86177385324
1045.77777778	2.86676583085e+15	-48722.4639457	0.860904321433
1048.88888889	2.85826271186e+15	-47688.7108747	0.86003238053
1052.0	2.84980988593e+15	-46661.0721015	0.859158036998
1055.11111111	2.84140690817e+15	-45639.4935401	0.858281297338
1058.22222222	2.83305333893e+15	-44623.9217405	0.857402168084
1061.33333333	2.82474874372e+15	-43614.3038795	0.856520655808
1064.44444444	2.81649269311e+15	-42610.5877512	0.855636767112
1067.55555556	2.8082847627e+15	-41612.7217586	0.854750508637
1070.66666667	2.800124533e+15	-40620.6549042	0.853861887053
1073.77777778	2.7920115894e+15	-39634.3367816	0.852970909068
1076.88888889	2.78394552208e+15	-38653.7175667	0.852077581421
1080.0	2.77592592593e+15	-37678.74801	0.851181910886
1083.11111111	2.76795240049e+15	-36709.3794273	0.850283904269
1086.22222222	2.76002454992e+15	-35745.5636924	0.849383568411
1089.33333333	2.75214198286e+15	-34787.253229	0.848480910184
1092.44444444	2.74430431245e+15	-33834.4010025	0.847575936496
1095.55555556	2.73651115619e+15	-32886.9605129	0.846668654285
1098.66666667	2.72876213592e+15	-31944.8857865	0.845759070523
1101.77777778	2.72105687777e+15	-31008.1313692	0.844847192213
1104.88888889	2.71339501207e+15	-30076.6523187	0.843933026393
1108.0	2.70577617329e+15	-29150.4041974	0.843016580131
1111.11111111	2.6982e+15	-28229.3430657	0.842097860529
1114.22222222	2.69066613482e+15	-27313.4254744	0.841176874588
1117.33333333	2.68317422434e+15	-26402.6084583	0.840253629733
1120.44444444	2.67572391908e+15	-25496.8495296	0.83932813303
1123.55555556	2.66831487342e+15	-24596.106671	0.838400391707
1126.66666667	2.66094674556e+15	-23700.3383291	0.837470413023
1129.77777778	2.65361919748e+15	-22809.5034084	0.836538204267
1132.88888889	2.64633189486e+15	-21923.5612649	0.835603772762
1136.0	2.63908450704e+15	-21042.4716996	0.834667125858
1139.11111111	2.63187670698e+15	-20166.1949529	0.833728270938
1142.22222222	2.62470817121e+15	-19294.6916981	0.832787215415
1145.33333333	2.61757857974e+15	-18427.9230362	0.831843966733
1148.44444444	2.6104876161e+15	-17565.8504893	0.830898532365
1151.55555556	2.60343496719e+15	-16708.4359955	0.829950919814
1154.66666667	2.59642032333e+15	-15855.6419031	0.829001136615
1157.77777778	2.58944337812e+15	-15007.4309652	0.82804919033
1160.88888889	2.58250382848e+15	-14163.7663339	0.827095088553
1164.0	2.57560137457e+15	-13324.6115556	0.826138838905
1167.11111111	2.56873571973e+15	-12489.9305652	0.825180449039
1170.22222222	2.56190657045e+15	-11659.6876811	0.824219926634
1173.33333333	2.55511363636e+15	-10833.8476001	0.823257279401
1176.44444444	2.54835663015e+15	-10012.3753926	0.822292515078
1179.55555556	2.54163526752e+15	-9195.23649745	0.821325641431
1182.66666667	2.53494926719e+15	-8382.39671711	0.820356666257
1185.77777778	2.52829835082e+15	-7573.82221298	0.819385597379
1188.88888889	2.52168224299e+15	-6769.47950065	0.818412442648
1192.0	2.51510067114e+15	-5969.33544528	0.817437209945
1195.11111111	2.50855336556e+15	-5173.35725706	0.816459907177
1198.22222222	2.50204005935e+15	-4381.51248673	0.815480542279
1201.33333333	2.49556048835e+15	-3593.76902117	0.814499123215
1204.44444444	2.48911439114e+15	-2810.09507905	0.813515657974
1207.55555556	2.48270150902e+15	-2030.45920656	0.812530154573
1210.66666667	2.4763215859e+15	-1254.83027321	0.811542621057
1213.77777778	2.46997436836e+15	-483.17746768	0.810553065496
1216.88888889	2.46365960555e+15	284.52970627	1.0
1220.0	2.45737704918e+15	1048.32143379	1.0
