1200.0	2.49833333333e+15	-3930.87320898	0.221979278965	0.800931960302
1200.10050251	2.49812411021e+15	-3905.43724271	0.222180144572	0.800771096774
1200.20100503	2.49791492212e+15	-3880.00553636	0.222372980629	0.800616694121
1200.30150754	2.49770576907e+15	-3854.57808885	0.222558240203	0.800468385951
1200.40201005	2.49749665104e+15	-3829.15489913	0.222736298714	0.800325868431
1200.50251256	2.49728756802e+15	-3803.73596611	0.222907532148	0.800188837616
1200.60301508	2.49707852001e+15	-3778.32128873	0.223072303462	0.800057000312
1200.70351759	2.49686950699e+15	-3752.91086592	0.223230909121	0.799930116807
1200.8040201	2.49666052896e+15	-3727.50469662	0.223383675683	0.799807923567
1200.90452261	2.49645158591e+15	-3702.10277974	0.223530850205	0.799690220879
1201.00502513	2.49624267782e+15	-3676.70511424	0.223672700974	0.799576792252
1201.10552764	2.4960338047e+15	-3651.31169903	0.223809473606	0.799467439508
1201.20603015	2.49582496653e+15	-3625.92253306	0.223941395938	0.799361978855
1201.30653266	2.49561616331e+15	-3600.53761526	0.224068648943	0.799260264113
1201.40703518	2.49540739501e+15	-3575.15694455	0.224191458378	0.799162113439
1201.50753769	2.49519866165e+15	-3549.78051988	0.224310003188	0.799067382533
1201.6080402	2.4949899632e+15	-3524.40834018	0.224424457619	0.798975930965
1201.70854271	2.49478129966e+15	-3499.04040438	0.224534970466	0.798887638738
1201.80904523	2.49457267102e+15	-3473.67671142	0.224641705559	0.798802373942
1201.90954774	2.49436407726e+15	-3448.31726024	0.224744797935	0.798720027752
1202.01005025	2.49415551839e+15	-3422.96204976	0.224844382156	0.798640491801
1202.11055276	2.4939469944e+15	-3397.61107894	0.22494059087	0.798563659322
1202.21105528	2.49373850527e+15	-3372.2643467	0.225033530278	0.798489444738
1202.31155779	2.49353005099e+15	-3346.92185197	0.225123318115	0.798417753316
1202.4120603	2.49332163156e+15	-3321.58359371	0.22521005241	0.798348506118
1202.51256281	2.49311324697e+15	-3296.24957085	0.22529384693	0.798281611691
1202.61306533	2.49290489721e+15	-3270.91978231	0.225374768856	0.798217015819
1202.71356784	2.49269658227e+15	-3245.59422705	0.22545292182	0.798154635231
1202.81407035	2.49248830214e+15	-3220.27290401	0.225528384043	0.798094406981
1202.91457286	2.49228005681e+15	-3194.95581211	0.225601232564	0.798036269101
1203.01507538	2.49207184628e+15	-3169.64295031	0.225671547223	0.797980157425
1203.11557789	2.49186367054e+15	-3144.33431753	0.225739369025	0.797926038808
1203.2160804	2.49165552957e+15	-3119.02991273	0.225804757435	0.797873865399
1203.31658291	2.49144742337e+15	-3093.72973483	0.225867826732	0.797823545643
1203.41708543	2.49123935193e+15	-3068.43378279	0.225928587474	0.797775070765
1203.51758794	2.49103131524e+15	-3043.14205555	0.225987103222	0.797728389725
1203.61809045	2.49082331329e+15	-3017.85455203	0.226043416417	0.797683468356
1203.71859296	2.49061534608e+15	-2992.5712712	0.226097582007	0.797640262531
1203.81909548	2.49040741359e+15	-2967.29221199	0.226149642499	0.797598738066
1203.91959799	2.49019951582e+15	-2942.01737333	0.226199640477	0.797558860739
1204.0201005	2.48999165275e+15	-2916.74675419	0.226247576965	0.797520629485
1204.12060302	2.48978382439e+15	-2891.48035349	0.226293529683	0.797483982086
1204.22110553	2.48957603071e+15	-2866.21817019	0.226337514399	0.797448905751
1204.32160804	2.48936827172e+15	-2840.96020322	0.226379558856	0.79741537815
1204.42211055	2.4891605474e+15	-2815.70645153	0.226419716086	0.7973833568
1204.52261307	2.48895285774e+15	-2790.45691407	0.2264579424	0.797352876356
1204.62311558	2.48874520274e+15	-2765.21158979	0.226494313074	0.797323876622
1204.72361809	2.48853758238e+15	-2739.97047761	0.226528858049	0.797296333564
1204.8241206	2.48832999666e+15	-2714.73357651	0.226561567963	0.797270254496
1204.92462312	2.48812244558e+15	-2689.50088541	0.226592452965	0.797245631183
1205.02512563	2.48791492911e+15	-2664.27240327	0.226621540456	0.797222441645
1205.12562814	2.48770744725e+15	-2639.04812903	0.226648844933	0.7972006742
1205.22613065	2.4875e+15	-2613.82806164	0.22667436411	0.797180330555
1205.32663317	2.48729258734e+15	-2588.61220005	0.226698113202	0.797161398471
1205.42713568	2.48708520927e+15	-2563.4005432	0.226720097457	0.797143873664
1205.52763819	2.48687786578e+15	-2538.19309005	0.226740293058	0.797127775027
1205.6281407	2.48667055685e+15	-2512.98983954	0.226758759676	0.797113054909
1205.72864322	2.48646328249e+15	-2487.79079063	0.226775456459	0.797099745796
1205.82914573	2.48625604267e+15	-2462.59594225	0.226790389093	0.797087843086
1205.92964824	2.4860488374e+15	-2437.40529337	0.226803540543	0.797077360294
1206.03015075	2.48584166667e+15	-2412.21884293	0.226814921215	0.79706828907
1206.13065327	2.48563453046e+15	-2387.03658988	0.226824494851	0.797060658265
1206.23115578	2.48542742876e+15	-2361.85853317	0.226832327041	0.797054415559
1206.33165829	2.48522036158e+15	-2336.68467176	0.226838284713	0.797049666984
1206.4321608	2.48501332889e+15	-2311.5150046	0.226842481753	0.797046321742
1206.53266332	2.4848063307e+15	-2286.34953063	0.226844821932	0.797044456513
1206.63316583	2.48459936698e+15	-2261.18824881	0.226845299795	0.797044075635
1206.73366834	2.48439243774e+15	-2236.03115809	0.226843899055	0.797045192087
1206.83417085	2.48418554297e+15	-2210.87825743	0.226840596305	0.797047824533
1206.93467337	2.48397868265e+15	-2185.72954577	0.226835374813	0.797051986322
1207.03517588	2.48377185679e+15	-2160.58502208	0.226828213421	0.797057694345
1207.13567839	2.48356506536e+15	-2135.4446853	0.226819058263	0.797064991567
1207.2361809	2.48335830836e+15	-2110.3085344	0.226807887487	0.797073895452
1207.33668342	2.48315158578e+15	-2085.17656831	0.226794666917	0.797084433292
1207.43718593	2.48294489762e+15	-2060.04878601	0.226779355718	0.797096637704
1207.53768844	2.48273824386e+15	-2034.92518645	0.226761928002	0.797110529399
1207.63819095	2.4825316245e+15	-2009.80576857	0.226742312354	0.797126165392
1207.73869347	2.48232503953e+15	-1984.69053134	0.226720484509	0.797143565128
1207.83919598	2.48211848893e+15	-1959.57947372	0.226696387118	0.79716277444
1207.93969849	2.48191197271e+15	-1934.47259466	0.226669969852	0.797183833579
1208.04020101	2.48170549085e+15	-1909.36989311	0.22664117893	0.797206785567
1208.14070352	2.48149904334e+15	-1884.27136804	0.226609920785	0.797231705162
1208.24120603	2.48129263018e+15	-1859.1770184	0.226576194746	0.797258593082
1208.34170854	2.48108625135e+15	-1834.08684315	0.226539876661	0.797287548514
1208.44221106	2.48087990685e+15	-1809.00084125	0.226500917277	0.797318610951
1208.54271357	2.48067359667e+15	-1783.91901166	0.226459240541	0.79735184128
1208.64321608	2.4804673208e+15	-1758.84135333	0.226414751116	0.797387315794
1208.74371859	2.48026107924e+15	-1733.76786523	0.226367363162	0.797425103243
1208.84422111	2.48005487197e+15	-1708.69854632	0.226316994828	0.797465269229
1208.94472362	2.47984869898e+15	-1683.63339556	0.226263538899	0.797507899615
1209.04522613	2.47964256027e+15	-1658.5724119	0.226206860788	0.797553102137
1209.14572864	2.47943645582e+15	-1633.51559431	0.226146929513	0.797600901944
1209.24623116	2.47923038564e+15	-1608.46294175	0.22608351328	0.797651484392
1209.34673367	2.4790243497e+15	-1583.41445318	0.226016629442	0.797704836169
1209.44723618	2.47881834801e+15	-1558.37012757	0.22594601684	0.797761166172
1209.54773869	2.47861238056e+15	-1533.32996387	0.225871569675	0.79782055944
1209.64824121	2.47840644732e+15	-1508.29396105	0.225793144936	0.797883130763
1209.74874372	2.47820054831e+15	-1483.26211807	0.225710576527	0.797949013423
1209.84924623	2.4779946835e+15	-1458.23443389	0.22562369268	0.798018345315
1209.94974874	2.47778885289e+15	-1433.21090748	0.225532295405	0.798091285351
1210.05025126	2.47758305648e+15	-1408.1915378	0.225436200981	0.798167981158
1210.15075377	2.47737729424e+15	-1383.17632382	0.225335192799	0.798248606727
1210.25125628	2.47717156619e+15	-1358.1652645	0.225229039841	0.798333347675
1210.35175879	2.47696587229e+15	-1333.15835881	0.225117505788	0.798422393994
1210.45226131	2.47676021255e+15	-1308.15560571	0.225000328647	0.798515956329
1210.55276382	2.47655458697e+15	-1283.15700416	0.224877234017	0.798614255405
1210.65326633	2.47634899552e+15	-1258.16255314	0.224747906655	0.798717544759
1210.75376884	2.4761434382e+15	-1233.17225161	0.2246120645	0.798826051642
1210.85427136	2.47593791501e+15	-1208.18609854	0.224469321405	0.798940086683
1210.95477387	2.47573242593e+15	-1183.20409288	0.224319320879	0.799059937105
1211.05527638	2.47552697095e+15	-1158.22623362	0.224161655886	0.799185930816
1211.15577889	2.47532155008e+15	-1133.25251972	0.223995918238	0.799318396991
1211.25628141	2.47511616329e+15	-1108.28295015	0.22382161871	0.799457729952
1211.35678392	2.47491081059e+15	-1083.31752387	0.223638238475	0.799604348141
1211.45728643	2.47470549195e+15	-1058.35623985	0.223445246502	0.799758680254
1211.55778894	2.47450020738e+15	-1033.39909707	0.22324204703	0.799921207308
1211.65829146	2.47429495687e+15	-1008.44609449	0.223027976367	0.800092465301
1211.75879397	2.4740897404e+15	-983.497231083	0.222802340738	0.800273015036
1211.85929648	2.47388455797e+15	-958.552505819	0.222564332799	0.800463509036
1211.95979899	2.47367940957e+15	-933.611917669	0.222313166111	0.800664584055
1212.06030151	2.47347429519e+15	-908.675465602	0.222047858446	0.800877034687
1212.16080402	2.47326921482e+15	-883.743148592	0.221767401668	0.80110167758
1212.26130653	2.47306416846e+15	-858.814965608	0.221470655582	0.801339436642
1212.36180905	2.4728591561e+15	-833.890915624	0.221156400877	0.801591300903
1212.46231156	2.47265417772e+15	-808.97099761	0.220823214082	0.801858425039
1212.56281407	2.47244923332e+15	-784.05521054	0.220469636874	0.80214199403
1212.66331658	2.47224432289e+15	-759.143553387	0.220093874724	0.802443465268
1212.7638191	2.47203944642e+15	-734.236025124	0.219694048477	0.802764367375
1212.86432161	2.47183460391e+15	-709.332624724	0.21926801244	0.803106446789
1212.96482412	2.47162979534e+15	-684.433351161	0.218813333383	0.803471685498
1213.06532663	2.47142502071e+15	-659.538203411	0.218327277931	0.803862312217
1213.16582915	2.47122028001e+15	-634.647180446	0.217806746078	0.804280857079
1213.26633166	2.47101557323e+15	-609.760281243	0.217248162069	0.804730241002
1213.36683417	2.47081090036e+15	-584.877504776	0.21664750595	0.805213752343
1213.46733668	2.47060626139e+15	-559.998850022	0.216000048301	0.805735262956
1213.5678392	2.47040165631e+15	-535.124315956	0.215300356134	0.806299226886
1213.66834171	2.47019708513e+15	-510.253901554	0.214542107841	0.806910833744
1213.76884422	2.46999254782e+15	-485.387605793	0.21371785591	0.807576205736
1213.86934673	2.46978804438e+15	-460.525427651	0.212818816228	0.808302575259
1213.96984925	2.4695835748e+15	-435.667366104	0.211834532692	0.809098565852
1214.07035176	2.46937913907e+15	-410.81342013	0.210752401663	0.809974590417
1214.17085427	2.46917473719e+15	-385.963588707	0.209557131947	0.81094330734
1214.27135678	2.46897036914e+15	-361.117870813	0.208230135934	0.812020140194
1214.3718593	2.46876603493e+15	-336.276265428	0.206748113019	0.813224464847
1214.47236181	2.46856173452e+15	-311.43877153	0.205081976749	0.81458053701
1214.57286432	2.46835746794e+15	-286.605388098	0.203194594951	0.816119413256
1214.67336683	2.46815323515e+15	-261.776114113	0.201037928152	0.817881410235
1214.77386935	2.46794903615e+15	-236.950948554	0.19854849458	0.8199200081
1214.87437186	2.46774487095e+15	-212.129890401	0.195640812155	0.822307544514
1214.97487437	2.46754073952e+15	-187.312938636	0.192196859843	0.825144414702
1215.07537688	2.46733664185e+15	-162.500092239	0.1880493702	0.828573799369
1215.1758794	2.46713257795e+15	-137.691350192	0.182954378348	0.832806148863
1215.27638191	2.4669285478e+15	-112.886711476	0.176546240395	0.838160021409
1215.37688442	2.46672455139e+15	-88.0861750737	0.168268781347	0.845126649876
1215.47738693	2.46652058872e+15	-63.2897399674	0.15730424827	0.854444056141
1215.57788945	2.46631665978e+15	-38.4974051398	0.142585029259	0.867113821112
1215.67839196	2.46611276455e+15	-13.7091695739	0.125891705435	0.881710326049
1215.77889447	2.46590890303e+15	11.0749677468	0.109198287229	0.896552624937
1215.87939698	2.46570507522e+15	35.8550078388	0.0925047629425	0.911644868842
1215.9798995	2.4655012811e+15	60.6309517178	0.0773725264205	0.925544999411
1216.08040201	2.46529752066e+15	85.4028003995	0.0660571171344	0.936077396706
1216.18090452	2.4650937939e+15	110.170554899	0.0575275161821	0.944095912114
1216.28140704	2.46489010081e+15	134.934216232	0.0509387097909	0.950336915096
1216.38190955	2.46468644138e+15	159.693785411	0.0457100717487	0.95531889598
1216.48241206	2.4644828156e+15	184.449263453	0.0414597574106	0.95938794282
1216.58291457	2.46427922346e+15	209.20065137	0.037933634808	0.962776833641
1216.68341709	2.46407566496e+15	233.947950176	0.0349579985298	0.965645973956
1216.7839196	2.46387214008e+15	258.691160885	0.0324106621941	0.968108934696
1216.88442211	2.46366864883e+15	283.430284509	0.0302033348633	0.970248228199
1216.98492462	2.46346519118e+15	308.165322061	0.0282706615487	0.972125214274
1217.08542714	2.46326176713e+15	332.896274553	0.0265632221984	0.973786476968
1217.18592965	2.46305837668e+15	357.623142997	0.0250429379508	0.975268035118
1217.28643216	2.46285501982e+15	382.345928404	0.0236799776569	0.976598192996
1217.38693467	2.46265169652e+15	407.064631787	0.0224506254802	0.977799514383
1217.48743719	2.4624484068e+15	431.779254155	0.0213357788307	0.978890218767
1217.5879397	2.46224515064e+15	456.489796519	0.0203198696721	0.979885187618
1217.68844221	2.46204192803e+15	481.196259891	0.0193900761552	0.980796702208
1217.78894472	2.46183873896e+15	505.898645278	0.0185357371846	0.981634993094
1217.88944724	2.46163558343e+15	530.596953692	0.0177479113644	0.982408655203
1217.98994975	2.46143246142e+15	555.29118614	0.0170190403054	0.983124965457
1218.09045226	2.46122937294e+15	579.981343633	0.0163426884817	0.983790128737
1218.19095477	2.46102631796e+15	604.667427179	0.0157133400088	0.984409470423
1218.29145729	2.46082329649e+15	629.349437785	0.0151262382592	0.984987588636
1218.3919598	2.4606203085e+15	654.027376461	0.014577258102	0.985528475732
1218.49246231	2.46041735401e+15	678.701244213	0.0140628032459	0.986035616081
1218.59296482	2.46021443299e+15	703.371042048	0.0135797230929	0.98651206539
1218.69346734	2.46001154544e+15	728.036770974	0.0131252448945	0.986960515513
1218.79396985	2.45980869135e+15	752.698431998	0.0126969180124	0.987383347783
1218.89447236	2.45960587071e+15	777.356026124	0.0122925678301	0.987782677148
1218.99497487	2.45940308352e+15	802.00955436	0.0119102574145	0.988160388951
1219.09547739	2.45920032976e+15	826.659017711	0.0115482554462	0.988518169712
1219.1959799	2.45899760943e+15	851.304417182	0.0112050092497	0.988857533053
1219.29648241	2.45879492252e+15	875.945753778	0.0108791220002	0.98917984163
1219.39698492	2.45859226902e+15	900.583028504	0.0105693333682	0.98948632577
1219.49748744	2.45838964892e+15	925.216242363	0.010274503009	0.989778099388
1219.59798995	2.45818706222e+15	949.84539636	0.00999359642041	0.990056173632
1219.69849246	2.4579845089e+15	974.470491499	0.00972567277691	0.990321468627
1219.79899497	2.45778198896e+15	999.091528783	0.00946987442575	0.990574823629
1219.89949749	2.45757950239e+15	1023.70850921	0.00922541778257	0.990817005825
1220.0	2.45737704918e+15	1048.32143379	0.00899158541285	0.991048718004
