1015.7638485	2.95147342016e+15	-2951.47342016	0.0704937169376	0.931933594904
1015.86435101	2.95118142203e+15	-2921.52130724	0.0705061644948	0.93192199468
1015.96485352	2.95088948167e+15	-2891.57512023	0.0705186696051	0.931910340965
1016.06535603	2.95059759906e+15	-2861.63485738	0.0705312302273	0.931898635665
1016.16585855	2.95030577419e+15	-2831.70051693	0.0705438512027	0.93188687427
1016.26636106	2.95001400703e+15	-2801.77209713	0.0705565424013	0.931875047583
1016.36686357	2.94972229758e+15	-2771.84959622	0.070569351617	0.931863111071
1016.46736608	2.94943064582e+15	-2741.93301244	0.070582253895	0.931851087992
1016.5678686	2.94913905172e+15	-2712.02234404	0.0705952916949	0.931838938783
1016.66837111	2.94884751527e+15	-2682.11758927	0.070608480596	0.931826648933
1016.76887362	2.94855603646e+15	-2652.21874636	0.0706218550139	0.931814186377
1016.86937613	2.94826461526e+15	-2622.32581357	0.0706354209182	0.93180154556
1016.96987865	2.94797325166e+15	-2592.43878915	0.0706492127696	0.931788694381
1017.07038116	2.94768194565e+15	-2562.55767134	0.0706632450821	0.931775619322
1017.17088367	2.9473906972e+15	-2532.6824584	0.0706775970576	0.931762246597
1017.27138618	2.9470995063e+15	-2502.81314857	0.0706922791023	0.931748566523
1017.3718887	2.94680837293e+15	-2472.9497401	0.0707073854093	0.931734491349
1017.47239121	2.94651729708e+15	-2443.09223125	0.0707229311018	0.931720007004
1017.57289372	2.94622627872e+15	-2413.24062026	0.0707390473769	0.931704991269
1017.67339623	2.94593531785e+15	-2383.39490539	0.0707558152079	0.931689368728
1017.77389875	2.94564441443e+15	-2353.5550849	0.0707734017739	0.931672983656
1017.87440126	2.94535356846e+15	-2323.72115703	0.0707919595067	0.931655694078
1017.97490377	2.94506277993e+15	-2293.89312004	0.0708117693371	0.931637238319
1018.07540629	2.9447720488e+15	-2264.07097219	0.0708331722134	0.931617298816
1018.1759088	2.94448137507e+15	-2234.25471174	0.0708567082526	0.931595372493
1018.27641131	2.94419075872e+15	-2204.44433693	0.0708831452501	0.931570744234
1018.37691382	2.94390019973e+15	-2174.63984603	0.0709137823406	0.931542204054
1018.47741634	2.94360969808e+15	-2144.84123729	0.070950885692	0.931507641357
1018.57791885	2.94331925376e+15	-2115.04850898	0.0709988629864	0.931462951213
1018.67842136	2.94302886675e+15	-2085.26165936	0.0710681288429	0.931398434868
1018.77892387	2.94273853703e+15	-2055.48068667	0.0712151838507	0.931261478135
1018.87942639	2.94244826459e+15	-2025.70558919	0.0720296466817	0.930503309067
1018.9799289	2.94215804941e+15	-1995.93636518	0.0728915813751	0.929701621533
1019.08043141	2.94186789148e+15	-1966.1730129	0.0736510818163	0.928995780819
1019.18093392	2.94157779076e+15	-1936.4155306	0.0738256111363	0.928833657965
1019.28143644	2.94128774726e+15	-1906.66391657	0.0739593984113	0.928709400153
1019.38193895	2.94099776095e+15	-1876.91816905	0.0740797326313	0.928597651355
1019.48244146	2.94070783181e+15	-1847.17828631	0.0741950025681	0.928490618132
1019.58294397	2.94041795983e+15	-1817.44426663	0.0743089849882	0.928384792555
1019.68344649	2.940128145e+15	-1787.71610826	0.0744236600831	0.928278336045
1019.783949	2.93983838728e+15	-1757.99380948	0.0745403295714	0.928170040604
1019.88445151	2.93954868667e+15	-1728.27736855	0.0746598520576	0.928059110043
1019.98495402	2.93925904316e+15	-1698.56678373	0.0747828660577	0.927944952801
1020.08545654	2.93896945672e+15	-1668.86205331	0.0749099886351	0.927826997544
1020.18595905	2.93867992733e+15	-1639.16317555	0.0750417003843	0.927704799875
1020.28646156	2.93839045498e+15	-1609.47014871	0.0751784441381	0.927577950712
1020.38696407	2.93810103966e+15	-1579.78297107	0.075320740452	0.927445969179
1020.48746659	2.93781168134e+15	-1550.10164091	0.0754690136462	0.927308463997
1020.5879691	2.93752238001e+15	-1520.42615649	0.0756237570131	0.927164980265
1020.68847161	2.93723313566e+15	-1490.75651609	0.0757854975214	0.927015032256
1020.78897412	2.93694394825e+15	-1461.09271798	0.0759547869145	0.926858111727
1020.88947664	2.93665481779e+15	-1431.43476043	0.0761321935822	0.926693695503
1020.98997915	2.93636574425e+15	-1401.78264173	0.0763183678718	0.926521185021
1021.09048166	2.93607672762e+15	-1372.13636014	0.0765140099298	0.92633993624
1021.19098417	2.93578776787e+15	-1342.49591395	0.0767198897752	0.926149241148
1021.29148669	2.935498865e+15	-1312.86130143	0.0769368335154	0.925948340661
1021.3919892	2.93521001898e+15	-1283.23252086	0.077165804501	0.925736349627
1021.49249171	2.93492122979e+15	-1253.60957051	0.0774078164437	0.925512337483
1021.59299422	2.93463249743e+15	-1223.99244868	0.0776640265861	0.92527524221
1021.69349674	2.93434382187e+15	-1194.38115363	0.0779357376755	0.925023868818
1021.79399925	2.9340552031e+15	-1164.77568364	0.0782244043264	0.924756883812
1021.89450176	2.93376664111e+15	-1135.17603701	0.0785316651209	0.924472785926
1021.99500428	2.93347813586e+15	-1105.58221201	0.0788594110754	0.924169843357
1022.09550679	2.93318968735e+15	-1075.99420692	0.0792097265829	0.92384614903
1022.1960093	2.93290129557e+15	-1046.41202003	0.0795851092968	0.923499418238
1022.29651181	2.93261296048e+15	-1016.83564962	0.0799883203191	0.923127128154
1022.39701433	2.93232468209e+15	-987.26509397	0.0804226405643	0.922726282407
1022.49751684	2.93203646036e+15	-957.700351375	0.0808919063167	0.922293380145
1022.59801935	2.93174829529e+15	-928.141420118	0.0814005256839	0.921824403145
1022.69852186	2.93146018686e+15	-898.588298484	0.0819538362549	0.921314489042
1022.79902438	2.93117213504e+15	-869.040984762	0.0825581188096	0.920757922947
1022.89952689	2.93088413983e+15	-839.499477239	0.0832209325405	0.920147834163
1023.0000294	2.93059620121e+15	-809.963774204	0.0839515875492	0.919475769093
1023.10053191	2.93030831916e+15	-780.433873946	0.0847612843145	0.918731573864
1023.20103443	2.93002049366e+15	-750.909774757	0.0856640632331	0.917902536642
1023.30153694	2.9297327247e+15	-721.391474925	0.0866773945067	0.916972868406
1023.40203945	2.92944501225e+15	-691.878972743	0.0878233352107	0.915922673717
1023.50254196	2.92915735632e+15	-662.372266503	0.0891298195803	0.914726816415
1023.60304448	2.92886975686e+15	-632.871354498	0.0906324471116	0.913353354876
1023.70354699	2.92858221388e+15	-603.376235021	0.0923766185172	0.911761698535
1023.8040495	2.92829472736e+15	-573.886906366	0.0944201856863	0.9099003548
1023.90455201	2.92800729727e+15	-544.403366828	0.0968362009743	0.907704675098
1024.00505453	2.9277199236e+15	-514.925614703	0.09971629134	0.905094164666
1024.10555704	2.92743260633e+15	-485.453648286	0.103173603824	0.901970374383
1024.20605955	2.92714534545e+15	-455.987465874	0.107345228248	0.898215530085
1024.30656206	2.92685814094e+15	-426.527065766	0.112393530088	0.893692493404
1024.40706458	2.92657099279e+15	-397.072446258	0.118504897152	0.888247465763
1024.50756709	2.92628390097e+15	-367.62360565	0.125885678989	0.881715639646
1024.6080696	2.92599686548e+15	-338.180542241	0.134753458364	0.873931345594
1024.70857211	2.92570988629e+15	-308.743254332	0.145323004028	0.864742932545
1024.80907463	2.92542296339e+15	-279.311740223	0.157786736466	0.854031896409
1024.90957714	2.92513609675e+15	-249.885998215	0.172289144807	0.841735754456
1025.01007965	2.92484928638e+15	-220.466026611	0.188896613758	0.827872092855
1025.11058216	2.92456253224e+15	-191.051823714	0.207565248955	0.812560221338
1025.21108468	2.92427583432e+15	-161.643387827	0.22810973991	0.796036898025
1025.31158719	2.92398919261e+15	-132.240717254	0.250177531943	0.778662533328
1025.4120897	2.92370260709e+15	-102.8438103	0.273234198678	0.760914561575
1025.51259221	2.92341607773e+15	-73.4526652697	0.296563673552	0.743368292858
1025.61309473	2.92312960454e+15	-44.0672804705	0.319288052306	0.726666201281
1025.71359724	2.92284318748e+15	-14.6876542084	0.340408303558	0.711479763729
1025.81409975	2.92255682655e+15	14.6862152088	0.358864527015	0.698468968619
1025.91460227	2.92227052172e+15	44.0543294731	0.373612836619	0.688243322865
1026.01510478	2.92198427298e+15	73.4166902758	0.383710371522	0.681328730809
1026.11560729	2.92169808031e+15	102.773299308	0.388400370491	0.678140781347
1026.2161098	2.9214119437e+15	132.124158258	0.387186577474	0.678964403644
1026.31661232	2.92112586314e+15	161.469268817	0.379886583945	0.683938974474
1026.41711483	2.92083983859e+15	190.808632672	0.366657735026	0.693046810104
1026.51761734	2.92055387005e+15	220.142251511	0.347990414074	0.706105644859
1026.61811985	2.9202679575e+15	249.470127023	0.324669448165	0.722766225862
1026.71862237	2.91998210093e+15	278.792260893	0.297708259557	0.742517930662
1026.81912488	2.91969630032e+15	308.108654807	0.268263450158	0.764706292569
1026.91962739	2.91941055564e+15	337.419310451	0.237541183914	0.788564414144
1027.0201299	2.91912486689e+15	366.724229509	0.206704829728	0.81325966464
1027.12063242	2.91883923405e+15	396.023413665	0.176796041008	0.83795067467
1027.22113493	2.9185536571e+15	425.316864603	0.148674897318	0.861849258865
1027.32163744	2.91826813603e+15	454.604584005	0.122983833013	0.884277958556
1027.42213995	2.91798267082e+15	483.886573553	0.100136988509	0.904713474197
1027.52264247	2.91769726145e+15	513.162834928	0.0803303420622	0.922811452592
1027.62314498	2.91741190791e+15	542.433369812	0.063569684083	0.938408724871
1027.72364749	2.91712661017e+15	571.698179883	0.0497091849335	0.951506096577
1027.82415	2.91684136823e+15	600.957266822	0.038494374177	0.9622371181
1027.92465252	2.91655618207e+15	630.210632307	0.0296055937786	0.970828358794
1028.02515503	2.91627105167e+15	659.458278016	0.02269438054	0.97756119985
1028.12565754	2.91598597701e+15	688.700205627	0.0174146556129	0.982736103097
1028.22616005	2.91570095809e+15	717.936416815	0.0134439558258	0.986646010529
1028.32666257	2.91541599487e+15	747.166913259	0.0104968728854	0.989558027024
1028.42716508	2.91513108735e+15	776.391696632	0.00833176136875	0.991702851559
1028.52766759	2.91484623551e+15	805.610768609	0.0067513164288	0.993271422507
1028.6281701	2.91456143934e+15	834.824130865	0.00559976695584	0.994415882514
1028.72867262	2.91427669881e+15	864.031785073	0.00475795572777	0.995253345413
1028.82917513	2.91399201391e+15	893.233732906	0.00413693825864	0.995871607083
1028.92967764	2.91370738462e+15	922.429976035	0.00367205220821	0.996334681531
1029.03018015	2.91342281093e+15	951.620516134	0.00331723940422	0.996688256556
1029.13068267	2.91313829283e+15	980.805354871	0.00304029191377	0.996964325093
1029.23118518	2.91285383029e+15	1009.98449392	0.0	1.0
1029.33168769	2.91256942329e+15	1039.15793494	0.0	1.0
1029.4321902	2.91228507184e+15	1068.32567962	0.0	1.0
1029.53269272	2.91200077589e+15	1097.48772961	0.0	1.0
1029.63319523	2.91171653545e+15	1126.64408658	0.0	1.0
1029.73369774	2.91143235049e+15	1155.79475221	0.0	1.0
1029.83420026	2.911148221e+15	1184.93972815	0.0	1.0
1029.93470277	2.91086414696e+15	1214.07901607	0.0	1.0
1030.03520528	2.91058012836e+15	1243.21261764	0.0	1.0
1030.13570779	2.91029616518e+15	1272.34053452	0.0	1.0
1030.23621031	2.91001225739e+15	1301.46276838	0.0	1.0
1030.33671282	2.909728405e+15	1330.57932088	0.0	1.0
1030.43721533	2.90944460798e+15	1359.69019368	0.0	1.0
1030.53771784	2.9091608663e+15	1388.79538844	0.0	1.0
1030.63822036	2.90887717997e+15	1417.89490682	0.0	1.0
1030.73872287	2.90859354896e+15	1446.98875049	0.0	1.0
1030.83922538	2.90830997326e+15	1476.0769211	0.0	1.0
1030.93972789	2.90802645284e+15	1505.15942032	0.0	1.0
1031.04023041	2.9077429877e+15	1534.23624979	0.0	1.0
1031.14073292	2.90745957782e+15	1563.30741119	0.0	1.0
1031.24123543	2.90717622317e+15	1592.37290616	0.0	1.0
1031.34173794	2.90689292375e+15	1621.43273637	0.0	1.0
1031.44224046	2.90660967954e+15	1650.48690346	0.0	1.0
1031.54274297	2.90632649053e+15	1679.5354091	0.0	1.0
1031.64324548	2.90604335669e+15	1708.57825494	0.0	1.0
1031.74374799	2.905760278e+15	1737.61544263	0.0	1.0
1031.84425051	2.90547725447e+15	1766.64697382	0.0	1.0
1031.94475302	2.90519428606e+15	1795.67285018	0.0	1.0
1032.04525553	2.90491137276e+15	1824.69307334	0.0	1.0
1032.14575804	2.90462851456e+15	1853.70764497	0.0	1.0
1032.24626056	2.90434571144e+15	1882.71656671	0.0	1.0
1032.34676307	2.90406296339e+15	1911.71984022	0.0	1.0
1032.44726558	2.90378027038e+15	1940.71746714	0.0	1.0
1032.54776809	2.9034976324e+15	1969.70944911	0.0	1.0
1032.64827061	2.90321504944e+15	1998.6957878	0.0	1.0
1032.74877312	2.90293252147e+15	2027.67648485	0.0	1.0
1032.84927563	2.90265004849e+15	2056.6515419	0.0	1.0
1032.94977814	2.90236763048e+15	2085.6209606	0.0	1.0
1033.05028066	2.90208526742e+15	2114.58474259	0.0	1.0
1033.15078317	2.9018029593e+15	2143.54288953	0.0	1.0
1033.25128568	2.90152070609e+15	2172.49540305	0.0	1.0
1033.35178819	2.90123850779e+15	2201.4422848	0.0	1.0
1033.45229071	2.90095636437e+15	2230.38353643	0.0	1.0
1033.55279322	2.90067427583e+15	2259.31915956	0.0	1.0
1033.65329573	2.90039224214e+15	2288.24915586	0.0	1.0
1033.75379824	2.90011026328e+15	2317.17352695	0.0	1.0
1033.85430076	2.89982833926e+15	2346.09227447	0.0	1.0
1033.95480327	2.89954647004e+15	2375.00540008	0.0	1.0
1034.05530578	2.89926465561e+15	2403.9129054	0.0	1.0
1034.1558083	2.89898289595e+15	2432.81479208	0.0	1.0
1034.25631081	2.89870119106e+15	2461.71106175	0.0	1.0
1034.35681332	2.89841954091e+15	2490.60171606	0.0	1.0
1034.45731583	2.89813794549e+15	2519.48675663	0.0	1.0
1034.55781835	2.89785640477e+15	2548.3661851	0.0	1.0
1034.65832086	2.89757491876e+15	2577.24000311	0.0	1.0
1034.75882337	2.89729348742e+15	2606.1082123	0.0	1.0
1034.85932588	2.89701211074e+15	2634.97081429	0.0	1.0
1034.9598284	2.89673078872e+15	2663.82781073	0.0	1.0
1035.06033091	2.89644952132e+15	2692.67920324	0.0	1.0
1035.16083342	2.89616830854e+15	2721.52499346	0.0	1.0
1035.26133593	2.89588715037e+15	2750.36518301	0.0	1.0
1035.36183845	2.89560604677e+15	2779.19977353	0.0	1.0
1035.46234096	2.89532499774e+15	2808.02876666	0.0	1.0
1035.56284347	2.89504400327e+15	2836.85216401	0.0	1.0
1035.66334598	2.89476306333e+15	2865.66996722	0.0	1.0
1035.7638485	2.89448217791e+15	2894.48217791	0.0	1.0
