1200.0	2.49833333333e+15	-3930.87320898	0.22550766279	0.798110944668
1200.10050251	2.49812411021e+15	-3905.43724271	0.225747184875	0.797919802363
1200.20100503	2.49791492212e+15	-3880.00553636	0.225979302635	0.797734612499
1200.30150754	2.49770576907e+15	-3854.57808885	0.226204669863	0.797554849518
1200.40201005	2.49749665104e+15	-3829.15489913	0.226423492491	0.797380345563
1200.50251256	2.49728756802e+15	-3803.73596611	0.226636330346	0.7972106509
1200.60301508	2.49707852001e+15	-3778.32128873	0.226843441576	0.797045556719
1200.70351759	2.49686950699e+15	-3752.91086592	0.227045191401	0.796884769138
1200.8040201	2.49666052896e+15	-3727.50469662	0.227241964994	0.796727978685
1200.90452261	2.49645158591e+15	-3702.10277974	0.227433998246	0.79657499511
1201.00502513	2.49624267782e+15	-3676.70511424	0.227621580522	0.796425585772
1201.10552764	2.4960338047e+15	-3651.31169903	0.227805038587	0.796279488477
1201.20603015	2.49582496653e+15	-3625.92253306	0.227984534629	0.796136572288
1201.30653266	2.49561616331e+15	-3600.53761526	0.228160368917	0.795996596487
1201.40703518	2.49540739501e+15	-3575.15694455	0.228332781685	0.795859368341
1201.50753769	2.49519866165e+15	-3549.78051988	0.228501914694	0.795724773633
1201.6080402	2.4949899632e+15	-3524.40834018	0.228668033531	0.795592599738
1201.70854271	2.49478129966e+15	-3499.04040438	0.228831347171	0.795462679224
1201.80904523	2.49457267102e+15	-3473.67671142	0.228991978788	0.795334913029
1201.90954774	2.49436407726e+15	-3448.31726024	0.229150127288	0.795209141951
1202.01005025	2.49415551839e+15	-3422.96204976	0.229305980228	0.795085215926
1202.11055276	2.4939469944e+15	-3397.61107894	0.229459677878	0.794963022588
1202.21105528	2.49373850527e+15	-3372.2643467	0.229611482193	0.79484235293
1202.31155779	2.49353005099e+15	-3346.92185197	0.229761442549	0.794723167025
1202.4120603	2.49332163156e+15	-3321.58359371	0.229909793983	0.794605277448
1202.51256281	2.49311324697e+15	-3296.24957085	0.230056511601	0.794488703406
1202.61306533	2.49290489721e+15	-3270.91978231	0.230201926467	0.794373181337
1202.71356784	2.49269658227e+15	-3245.59422705	0.230346071817	0.794258684389
1202.81407035	2.49248830214e+15	-3220.27290401	0.230489080895	0.794145106309
1202.91457286	2.49228005681e+15	-3194.95581211	0.23063118328	0.794032264413
1203.01507538	2.49207184628e+15	-3169.64295031	0.230772403326	0.793920139058
1203.11557789	2.49186367054e+15	-3144.33431753	0.230912968625	0.793808549279
1203.2160804	2.49165552957e+15	-3119.02991273	0.231052898803	0.793697479278
1203.31658291	2.49144742337e+15	-3093.72973483	0.231192460536	0.793586717211
1203.41708543	2.49123935193e+15	-3068.43378279	0.231331657353	0.793476260155
1203.51758794	2.49103131524e+15	-3043.14205555	0.231470709303	0.793365933404
1203.61809045	2.49082331329e+15	-3017.85455203	0.231609684913	0.79325568255
1203.71859296	2.49061534608e+15	-2992.5712712	0.231748757117	0.793145370405
1203.81909548	2.49040741359e+15	-2967.29221199	0.231888087154	0.79303486913
1203.91959799	2.49019951582e+15	-2942.01737333	0.232027761332	0.792924110372
1204.0201005	2.48999165275e+15	-2916.74675419	0.232167924911	0.792812979079
1204.12060302	2.48978382439e+15	-2891.48035349	0.232308809133	0.792701292107
1204.22110553	2.48957603071e+15	-2866.21817019	0.232450482593	0.792588995327
1204.32160804	2.48936827172e+15	-2840.96020322	0.232593124322	0.792475947125
1204.42211055	2.4891605474e+15	-2815.70645153	0.232736916814	0.792362003227
1204.52261307	2.48895285774e+15	-2790.45691407	0.232882115945	0.792246961304
1204.62311558	2.48874520274e+15	-2765.21158979	0.233028792439	0.79213076582
1204.72361809	2.48853758238e+15	-2739.97047761	0.233177157865	0.792013249719
1204.8241206	2.48832999666e+15	-2714.73357651	0.233327493727	0.791894190674
1204.92462312	2.48812244558e+15	-2689.50088541	0.233479985987	0.791773442145
1205.02512563	2.48791492911e+15	-2664.27240327	0.233634932657	0.791650768991
1205.12562814	2.48770744725e+15	-2639.04812903	0.233792538277	0.791526010213
1205.22613065	2.4875e+15	-2613.82806164	0.233953129527	0.791398908267
1205.32663317	2.48729258734e+15	-2588.61220005	0.234117093081	0.791269158327
1205.42713568	2.48708520927e+15	-2563.4005432	0.234284640705	0.791136594166
1205.52763819	2.48687786578e+15	-2538.19309005	0.234456338511	0.791000769409
1205.6281407	2.48667055685e+15	-2512.98983954	0.234632481871	0.790861452146
1205.72864322	2.48646328249e+15	-2487.79079063	0.234813893934	0.790717993351
1205.82914573	2.48625604267e+15	-2462.59594225	0.235000870515	0.790570161425
1205.92964824	2.4860488374e+15	-2437.40529337	0.235194187358	0.790417345669
1206.03015075	2.48584166667e+15	-2412.21884293	0.235394718605	0.790258858184
1206.13065327	2.48563453046e+15	-2387.03658988	0.235603326925	0.790094020805
1206.23115578	2.48542742876e+15	-2361.85853317	0.23582119653	0.789921902084
1206.33165829	2.48522036158e+15	-2336.68467176	0.23604986794	0.789741290179
1206.4321608	2.48501332889e+15	-2311.5150046	0.236290798116	0.789551040591
1206.53266332	2.4848063307e+15	-2286.34953063	0.236546460993	0.789349207502
1206.63316583	2.48459936698e+15	-2261.18824881	0.236819546441	0.789133677151
1206.73366834	2.48439243774e+15	-2236.03115809	0.237113748607	0.788901546462
1206.83417085	2.48418554297e+15	-2210.87825743	0.237433728263	0.788649154398
1206.93467337	2.48397868265e+15	-2185.72954577	0.237787099118	0.788370518006
1207.03517588	2.48377185679e+15	-2160.58502208	0.23818256566	0.788058805484
1207.13567839	2.48356506536e+15	-2135.4446853	0.238635161134	0.787702214337
1207.2361809	2.48335830836e+15	-2110.3085344	0.239165928028	0.787284239013
1207.33668342	2.48315158578e+15	-2085.17656831	0.239807366929	0.786779406203
1207.43718593	2.48294489762e+15	-2060.04878601	0.240601897181	0.786154534436
1207.53768844	2.48273824386e+15	-2034.92518645	0.241545586782	0.785412998522
1207.63819095	2.4825316245e+15	-2009.80576857	0.2425144728	0.784652391379
1207.73869347	2.48232503953e+15	-1984.69053134	0.243504546382	0.783875912224
1207.83919598	2.48211848893e+15	-1959.57947372	0.244489411121	0.783104280518
1207.93969849	2.48191197271e+15	-1934.47259466	0.245342894238	0.782436199375
1208.04020101	2.48170549085e+15	-1909.36989311	0.246089205119	0.781852476571
1208.14070352	2.48149904334e+15	-1884.27136804	0.246764919238	0.781324346267
1208.24120603	2.48129263018e+15	-1859.1770184	0.247395585975	0.78083174634
1208.34170854	2.48108625135e+15	-1834.08684315	0.24799921278	0.780360557593
1208.44221106	2.48087990685e+15	-1809.00084125	0.248587063974	0.779901956515
1208.54271357	2.48067359667e+15	-1783.91901166	0.249167466407	0.779449430858
1208.64321608	2.4804673208e+15	-1758.84135333	0.249746342208	0.778998357015
1208.74371859	2.48026107924e+15	-1733.76786523	0.250328223212	0.778545204522
1208.84422111	2.48005487197e+15	-1708.69854632	0.25091657893	0.778087277725
1208.94472362	2.47984869898e+15	-1683.63339556	0.25151421951	0.777622400122
1209.04522613	2.47964256027e+15	-1658.5724119	0.252124176914	0.777148228209
1209.14572864	2.47943645582e+15	-1633.51559431	0.252747992357	0.776663582323
1209.24623116	2.47923038564e+15	-1608.46294175	0.253388023941	0.776166652142
1209.34673367	2.4790243497e+15	-1583.41445318	0.254046231865	0.775655941197
1209.44723618	2.47881834801e+15	-1558.37012757	0.254724444751	0.775130059692
1209.54773869	2.47861238056e+15	-1533.32996387	0.255424445277	0.774587658106
1209.64824121	2.47840644732e+15	-1508.29396105	0.256148240819	0.774027217858
1209.74874372	2.47820054831e+15	-1483.26211807	0.256897623443	0.773447392594
1209.84924623	2.4779946835e+15	-1458.23443389	0.257674552457	0.772846712246
1209.94974874	2.47778885289e+15	-1433.21090748	0.25848133384	0.772223445361
1210.05025126	2.47758305648e+15	-1408.1915378	0.259319851853	0.771576193496
1210.15075377	2.47737729424e+15	-1383.17632382	0.260192615116	0.770903083915
1210.25125628	2.47717156619e+15	-1358.1652645	0.261101914273	0.770202420995
1210.35175879	2.47696587229e+15	-1333.15835881	0.262050435393	0.769472214095
1210.45226131	2.47676021255e+15	-1308.15560571	0.263041059312	0.768710333945
1210.55276382	2.47655458697e+15	-1283.15700416	0.264076817636	0.76791454801
1210.65326633	2.47634899552e+15	-1258.16255314	0.265160952704	0.76708247604
1210.75376884	2.4761434382e+15	-1233.17225161	0.266297136906	0.766211423982
1210.85427136	2.47593791501e+15	-1208.18609854	0.267489297809	0.76529852095
1210.95477387	2.47573242593e+15	-1183.20409288	0.26874162091	0.764340719797
1211.05527638	2.47552697095e+15	-1158.22623362	0.270058788651	0.763334617605
1211.15577889	2.47532155008e+15	-1133.25251972	0.271446083918	0.762276381316
1211.25628141	2.47511616329e+15	-1108.28295015	0.272909139789	0.761161943822
1211.35678392	2.47491081059e+15	-1083.31752387	0.274454205607	0.759986806586
1211.45728643	2.47470549195e+15	-1058.35623985	0.276088240388	0.758745975768
1211.55778894	2.47450020738e+15	-1033.39909707	0.277819001495	0.757433903512
1211.65829146	2.47429495687e+15	-1008.44609449	0.279655138164	0.756044427372
1211.75879397	2.4740897404e+15	-983.497231083	0.281606220929	0.754570760211
1211.85929648	2.47388455797e+15	-958.552505819	0.283683151492	0.753005195485
1211.95979899	2.47367940957e+15	-933.611917669	0.285898107486	0.751339167884
1212.06030151	2.47347429519e+15	-908.675465602	0.288264867393	0.749563031138
1212.16080402	2.47326921482e+15	-883.743148592	0.290799027394	0.747665923289
1212.26130653	2.47306416846e+15	-858.814965608	0.293518310339	0.745635569899
1212.36180905	2.4728591561e+15	-833.890915624	0.296442995791	0.743458006292
1212.46231156	2.47265417772e+15	-808.97099761	0.299596307487	0.741117343824
1212.56281407	2.47244923332e+15	-784.05521054	0.303004786509	0.738595561068
1212.66331658	2.47224432289e+15	-759.143553387	0.306699214912	0.735871906919
1212.7638191	2.47203944642e+15	-734.236025124	0.310715068815	0.732922678648
1212.86432161	2.47183460391e+15	-709.332624724	0.315093315053	0.729720777159
1212.96482412	2.47162979534e+15	-684.433351161	0.3198814344	0.726235138474
1213.06532663	2.47142502071e+15	-659.538203411	0.325134602401	0.72243010627
1213.16582915	2.47122028001e+15	-634.647180446	0.330916689507	0.71826500556
1213.26633166	2.47101557323e+15	-609.760281243	0.337301288755	0.713693779597
1213.36683417	2.47081090036e+15	-584.877504776	0.344373191891	0.708664410883
1213.46733668	2.47060626139e+15	-559.998850022	0.35222940798	0.703118802409
1213.5678392	2.47040165631e+15	-535.124315956	0.360979918146	0.696992995238
1213.66834171	2.47019708513e+15	-510.253901554	0.370748504946	0.690217506021
1213.76884422	2.46999254782e+15	-485.387605793	0.381672235611	0.682718787444
1213.86934673	2.46978804438e+15	-460.525427651	0.393900756622	0.674420984736
1213.96984925	2.4695835748e+15	-435.667366104	0.407593972771	0.665248933175
1214.07035176	2.46937913907e+15	-410.81342013	0.422918321842	0.655132140913
1214.17085427	2.46917473719e+15	-385.963588707	0.440041380818	0.644009770881
1214.27135678	2.46897036914e+15	-361.117870813	0.459124315145	0.631836693147
1214.3718593	2.46876603493e+15	-336.276265428	0.480311254879	0.618590822427
1214.47236181	2.46856173452e+15	-311.43877153	0.50371802723	0.60427974927
1214.57286432	2.46835746794e+15	-286.605388098	0.529417824446	0.58894774087
1214.67336683	2.46815323515e+15	-261.776114113	0.557425062502	0.572681786757
1214.77386935	2.46794903615e+15	-236.950948554	0.587679023882	0.555615359341
1214.87437186	2.46774487095e+15	-212.129890401	0.62002704379	0.537929889735
1214.97487437	2.46754073952e+15	-187.312938636	0.654210389255	0.519852381596
1215.07537688	2.46733664185e+15	-162.500092239	0.689851922802	0.501650346544
1215.1758794	2.46713257795e+15	-137.691350192	0.726449359345	0.483623117066
1215.27638191	2.4669285478e+15	-112.886711476	0.763375419624	0.466090517749
1215.37688442	2.46672455139e+15	-88.0861750737	0.799884349062	0.449380932439
1215.47738693	2.46652058872e+15	-63.2897399674	0.835129196336	0.433818430061
1215.57788945	2.46631665978e+15	-38.4974051398	0.868185314088	0.419712504961
1215.67839196	2.46611276455e+15	-13.7091695739	0.898084911345	0.40734902272
1215.77889447	2.46590890303e+15	11.0749677468	0.923858071506	0.396984488238
1215.87939698	2.46570507522e+15	35.8550078388	0.944577793407	0.388843708627
1215.9798995	2.4655012811e+15	60.6309517178	0.959407349935	0.383119874725
1216.08040201	2.46529752066e+15	85.4028003995	0.967648253807	0.379975594317
1216.18090452	2.4650937939e+15	110.170554899	0.968781118225	0.379545377221
1216.28140704	2.46489010081e+15	134.934216232	0.962499797631	0.381936926596
1216.38190955	2.46468644138e+15	159.693785411	0.948733636756	0.387231088306
1216.48241206	2.4644828156e+15	184.449263453	0.92765643378	0.39547945747
1216.58291457	2.46427922346e+15	209.20065137	0.899681529814	0.406699160676
1216.68341709	2.46407566496e+15	233.947950176	0.8654429125	0.420865104925
1216.7839196	2.46387214008e+15	258.691160885	0.825762700159	0.437900877997
1216.88442211	2.46366864883e+15	283.430284509	0.781609886049	0.457668623577
1216.98492462	2.46346519118e+15	308.165322061	0.7340500178	0.479961197063
1217.08542714	2.46326176713e+15	332.896274553	0.684194261702	0.504496558054
1217.18592965	2.46305837668e+15	357.623142997	0.633146692588	0.530918532346
1217.28643216	2.46285501982e+15	382.345928404	0.58195705876	0.558803684091
1217.38693467	2.46265169652e+15	407.064631787	0.531580423789	0.587675459086
1217.48743719	2.4624484068e+15	431.779254155	0.482845369722	0.61702522678
1217.5879397	2.46224515064e+15	456.489796519	0.436433909612	0.646337213152
1217.68844221	2.46204192803e+15	481.196259891	0.392870435334	0.675116213126
1217.78894472	2.46183873896e+15	505.898645278	0.352522279687	0.702912908957
1217.88944724	2.46163558343e+15	530.596953692	0.315606382949	0.729346476884
1217.98994975	2.46143246142e+15	555.29118614	0.282207156124	0.754117448303
1218.09045226	2.46122937294e+15	579.981343633	0.252292296378	0.777017585447
1218.19095477	2.46102631796e+15	604.667427179	0.225737531793	0.797927504785
1218.29145729	2.46082329649e+15	629.349437785	0.202348981503	0.816809826677
1218.3919598	2.4606203085e+15	654.027376461	0.181884159863	0.833697910502
1218.49246231	2.46041735401e+15	678.701244213	0.164072062742	0.848680861407
1218.59296482	2.46021443299e+15	703.371042048	0.148632267563	0.86188600007
1218.69346734	2.46001154544e+15	728.036770974	0.135282830284	0.873468833311
1218.79396985	2.45980869135e+15	752.698431998	0.12375647981	0.883594987905
1218.89447236	2.45960587071e+15	777.356026124	0.113804625059	0.892432297759
1218.99497487	2.45940308352e+15	802.00955436	0.105202108947	0.900142577332
1219.09547739	2.45920032976e+15	826.659017711	0.0977489096238	0.906876583151
1219.1959799	2.45899760943e+15	851.304417182	0.091271119652	0.912770207408
1219.29648241	2.45879492252e+15	875.945753778	0.0856191136942	0.917943796865
1219.39698492	2.45859226902e+15	900.583028504	0.0806659494864	0.92250180218
1219.49748744	2.45838964892e+15	925.216242363	0.0763052685247	0.926533321923
1219.59798995	2.45818706222e+15	949.84539636	0.0724481125854	0.930114006619
1219.69849246	2.4579845089e+15	974.470491499	0.0690210891144	0.933306997253
1219.79899497	2.45778198896e+15	999.091528783	0.0659634951081	0.936165038271
1219.89949749	2.45757950239e+15	1023.70850921	0.0632253984383	0.938731861146
1220.0	2.45737704918e+15	1048.32143379	0.0607655195131	0.941043870333
