1200.0	2.49833333333e+15	-3930.87320898	0.225145012506	0.798400432317
1200.10050251	2.49812411021e+15	-3905.43724271	0.225383789874	0.798209815121
1200.20100503	2.49791492212e+15	-3880.00553636	0.22561518357	0.79802513577
1200.30150754	2.49770576907e+15	-3854.57808885	0.225839843006	0.79784587203
1200.40201005	2.49749665104e+15	-3829.15489913	0.226057978932	0.797671852163
1200.50251256	2.49728756802e+15	-3803.73596611	0.226270112028	0.797502657509
1200.60301508	2.49707852001e+15	-3778.32128873	0.226476602767	0.797337997598
1200.70351759	2.49686950699e+15	-3752.91086592	0.226677729661	0.797177647609
1200.8040201	2.49666052896e+15	-3727.50469662	0.226873878421	0.797021297536
1200.90452261	2.49645158591e+15	-3702.10277974	0.22706529473	0.796868749261
1201.00502513	2.49624267782e+15	-3676.70511424	0.227252300339	0.796719744269
1201.10552764	2.4960338047e+15	-3651.31169903	0.227435175672	0.796574057202
1201.20603015	2.49582496653e+15	-3625.92253306	0.22761413929	0.796431512182
1201.30653266	2.49561616331e+15	-3600.53761526	0.227789397826	0.796291942992
1201.40703518	2.49540739501e+15	-3575.15694455	0.227961261476	0.796155101112
1201.50753769	2.49519866165e+15	-3549.78051988	0.228129862848	0.796020879585
1201.6080402	2.4949899632e+15	-3524.40834018	0.228295440696	0.795889087072
1201.70854271	2.49478129966e+15	-3499.04040438	0.228458259049	0.79575951227
1201.80904523	2.49457267102e+15	-3473.67671142	0.228618375317	0.795632108427
1201.90954774	2.49436407726e+15	-3448.31726024	0.228776043324	0.795506672587
1202.01005025	2.49415551839e+15	-3422.96204976	0.228931392261	0.795383101069
1202.11055276	2.4939469944e+15	-3397.61107894	0.229084607292	0.795261245758
1202.21105528	2.49373850527e+15	-3372.2643467	0.229235940088	0.795140905756
1202.31155779	2.49353005099e+15	-3346.92185197	0.2293854145	0.795022061419
1202.4120603	2.49332163156e+15	-3321.58359371	0.229533288859	0.794904506733
1202.51256281	2.49311324697e+15	-3296.24957085	0.229679550182	0.794788251451
1202.61306533	2.49290489721e+15	-3270.91978231	0.22982448104	0.794673070454
1202.71356784	2.49269658227e+15	-3245.59422705	0.229968186948	0.794558879444
1202.81407035	2.49248830214e+15	-3220.27290401	0.230110722559	0.79444563458
1202.91457286	2.49228005681e+15	-3194.95581211	0.230252392576	0.794333093425
1203.01507538	2.49207184628e+15	-3169.64295031	0.230393185315	0.794221264966
1203.11557789	2.49186367054e+15	-3144.33431753	0.230533304452	0.794109987164
1203.2160804	2.49165552957e+15	-3119.02991273	0.230672799642	0.793999220366
1203.31658291	2.49144742337e+15	-3093.72973483	0.230811919714	0.793888766821
1203.41708543	2.49123935193e+15	-3068.43378279	0.230950688051	0.79377860784
1203.51758794	2.49103131524e+15	-3043.14205555	0.231089288472	0.793668597415
1203.61809045	2.49082331329e+15	-3017.85455203	0.231227831428	0.793558647838
1203.71859296	2.49061534608e+15	-2992.5712712	0.231366457945	0.793448647191
1203.81909548	2.49040741359e+15	-2967.29221199	0.231505358044	0.79333844475
1203.91959799	2.49019951582e+15	-2942.01737333	0.231644590053	0.793227994333
1204.0201005	2.48999165275e+15	-2916.74675419	0.231784307704	0.793117174123
1204.12060302	2.48978382439e+15	-2891.48035349	0.231924746586	0.793005797455
1204.22110553	2.48957603071e+15	-2866.21817019	0.23206600254	0.792893788576
1204.32160804	2.48936827172e+15	-2840.96020322	0.232208186162	0.792781060079
1204.42211055	2.4891605474e+15	-2815.70645153	0.232351557147	0.792667406425
1204.52261307	2.48895285774e+15	-2790.45691407	0.23249625952	0.792552713869
1204.62311558	2.48874520274e+15	-2765.21158979	0.2326424933	0.792436824363
1204.72361809	2.48853758238e+15	-2739.97047761	0.23279039231	0.792319632408
1204.8241206	2.48832999666e+15	-2714.73357651	0.2329402554	0.792200901836
1204.92462312	2.48812244558e+15	-2689.50088541	0.233092292813	0.792080466816
1205.02512563	2.48791492911e+15	-2664.27240327	0.233246725658	0.791958153021
1205.12562814	2.48770744725e+15	-2639.04812903	0.233403853565	0.79183372407
1205.22613065	2.4875e+15	-2613.82806164	0.233563936795	0.791706974915
1205.32663317	2.48729258734e+15	-2588.61220005	0.233727365669	0.791577597708
1205.42713568	2.48708520927e+15	-2563.4005432	0.233894451644	0.791445347242
1205.52763819	2.48687786578e+15	-2538.19309005	0.234065607174	0.791309898586
1205.6281407	2.48667055685e+15	-2512.98983954	0.234241237619	0.791170932681
1205.72864322	2.48646328249e+15	-2487.79079063	0.234422070459	0.791027875929
1205.82914573	2.48625604267e+15	-2462.59594225	0.234608459568	0.790880450687
1205.92964824	2.4860488374e+15	-2437.40529337	0.234801184829	0.790728042733
1206.03015075	2.48584166667e+15	-2412.21884293	0.23500109284	0.790569985662
1206.13065327	2.48563453046e+15	-2387.03658988	0.235209041362	0.790405604894
1206.23115578	2.48542742876e+15	-2361.85853317	0.235426311448	0.790233892055
1206.33165829	2.48522036158e+15	-2336.68467176	0.235654273092	0.790053769569
1206.4321608	2.48501332889e+15	-2311.5150046	0.235894481186	0.78986401505
1206.53266332	2.4848063307e+15	-2286.34953063	0.236149421416	0.789662672602
1206.63316583	2.48459936698e+15	-2261.18824881	0.236421668955	0.789447718145
1206.73366834	2.48439243774e+15	-2236.03115809	0.236715046386	0.789216145972
1206.83417085	2.48418554297e+15	-2210.87825743	0.237034101151	0.788964382965
1206.93467337	2.48397868265e+15	-2185.72954577	0.237386513449	0.7886863912
1207.03517588	2.48377185679e+15	-2160.58502208	0.237780903592	0.788375402391
1207.13567839	2.48356506536e+15	-2135.4446853	0.238232325303	0.788019592935
1207.2361809	2.48335830836e+15	-2110.3085344	0.23876185551	0.787602423218
1207.33668342	2.48315158578e+15	-2085.17656831	0.23940192552	0.787098463829
1207.43718593	2.48294489762e+15	-2060.04878601	0.240195245782	0.786474290287
1207.53768844	2.48273824386e+15	-2034.92518645	0.2411382303	0.785733006772
1207.63819095	2.4825316245e+15	-2009.80576857	0.242106374635	0.784972671929
1207.73869347	2.48232503953e+15	-1984.69053134	0.243095675422	0.784196481853
1207.83919598	2.48211848893e+15	-1959.57947372	0.244079703873	0.783425189753
1207.93969849	2.48191197271e+15	-1934.47259466	0.244931773989	0.782757940872
1208.04020101	2.48170549085e+15	-1909.36989311	0.245676542032	0.782175184809
1208.14070352	2.48149904334e+15	-1884.27136804	0.246350783438	0.781647987661
1208.24120603	2.48129263018e+15	-1859.1770184	0.246980027725	0.781156294844
1208.34170854	2.48108625135e+15	-1834.08684315	0.247582322684	0.780685950003
1208.44221106	2.48087990685e+15	-1809.00084125	0.248168686388	0.78022831828
1208.54271357	2.48067359667e+15	-1783.91901166	0.248747732018	0.779776661259
1208.64321608	2.4804673208e+15	-1758.84135333	0.249325302754	0.779326415116
1208.74371859	2.48026107924e+15	-1733.76786523	0.249905823371	0.778874131358
1208.84422111	2.48005487197e+15	-1708.69854632	0.250492790985	0.778417091614
1208.94472362	2.47984869898e+15	-1683.63339556	0.251089025572	0.777953110755
1209.04522613	2.47964256027e+15	-1658.5724119	0.25169756674	0.777479838278
1209.14572864	2.47943645582e+15	-1633.51559431	0.252319944121	0.776996102961
1209.24623116	2.47923038564e+15	-1608.46294175	0.252958497444	0.776500107894
1209.34673367	2.4790243497e+15	-1583.41445318	0.253615168173	0.775990370385
1209.44723618	2.47881834801e+15	-1558.37012757	0.254291826998	0.775465467264
1209.54773869	2.47861238056e+15	-1533.32996387	0.254990209181	0.774924085065
1209.64824121	2.47840644732e+15	-1508.29396105	0.255712355711	0.774364678337
1209.74874372	2.47820054831e+15	-1483.26211807	0.256460018772	0.773785930853
1209.84924623	2.4779946835e+15	-1458.23443389	0.25723516819	0.773186363546
1209.94974874	2.47778885289e+15	-1433.21090748	0.258040108199	0.772564245325
1210.05025126	2.47758305648e+15	-1408.1915378	0.258876731634	0.771918170271
1210.15075377	2.47737729424e+15	-1383.17632382	0.259747509284	0.77124629375
1210.25125628	2.47717156619e+15	-1358.1652645	0.260654765801	0.77054689284
1210.35175879	2.47696587229e+15	-1333.15835881	0.261601160045	0.769817996662
1210.45226131	2.47676021255e+15	-1308.15560571	0.262589527075	0.769057509817
1210.55276382	2.47655458697e+15	-1283.15700416	0.263622989884	0.768263128035
1210.65326633	2.47634899552e+15	-1258.16255314	0.264704702014	0.767432537802
1210.75376884	2.4761434382e+15	-1233.17225161	0.265838360649	0.766563024237
1210.85427136	2.47593791501e+15	-1208.18609854	0.267027853727	0.765651744914
1210.95477387	2.47573242593e+15	-1183.20409288	0.268277373889	0.764695645079
1211.05527638	2.47552697095e+15	-1158.22623362	0.269591675545	0.7636912645
1211.15577889	2.47532155008e+15	-1133.25251972	0.270975883199	0.762634888497
1211.25628141	2.47511616329e+15	-1108.28295015	0.272435731382	0.761522369593
1211.35678392	2.47491081059e+15	-1083.31752387	0.273977411898	0.760349249914
1211.45728643	2.47470549195e+15	-1058.35623985	0.275607885712	0.759110530496
1211.55778894	2.47450020738e+15	-1033.39909707	0.277334872362	0.75780068811
1211.65829146	2.47429495687e+15	-1008.44609449	0.279167001533	0.756413570441
1211.75879397	2.4740897404e+15	-983.497231083	0.281113875551	0.754942361108
1211.85929648	2.47388455797e+15	-958.552505819	0.283186360772	0.753379374415
1211.95979899	2.47367940957e+15	-933.611917669	0.28539656998	0.751716087167
1212.06030151	2.47347429519e+15	-908.675465602	0.2877583044	0.749942828218
1212.16080402	2.47326921482e+15	-883.743148592	0.290287070583	0.748048793949
1212.26130653	2.47306416846e+15	-858.814965608	0.293000635643	0.746021666493
1212.36180905	2.4728591561e+15	-833.890915624	0.295919199167	0.743847529092
1212.46231156	2.47265417772e+15	-808.97099761	0.299065949628	0.74151050548
1212.56281407	2.47244923332e+15	-784.05521054	0.302467392695	0.738992584423
1212.66331658	2.47224432289e+15	-759.143553387	0.306154257043	0.736273035395
1212.7638191	2.47203944642e+15	-734.236025124	0.310161989153	0.733328155395
1212.86432161	2.47183460391e+15	-709.332624724	0.314531465537	0.730130885623
1212.96482412	2.47162979534e+15	-684.433351161	0.319310118622	0.726650166612
1213.06532663	2.47142502071e+15	-659.538203411	0.324553103677	0.722850320621
1213.16582915	2.47122028001e+15	-634.647180446	0.330324049425	0.718690804352
1213.26633166	2.47101557323e+15	-609.760281243	0.336696618778	0.714125459297
1213.36683417	2.47081090036e+15	-584.877504776	0.343755537773	0.709102255579
1213.46733668	2.47060626139e+15	-559.998850022	0.351597592383	0.703563184204
1213.5678392	2.47040165631e+15	-535.124315956	0.360332726019	0.697444229619
1213.66834171	2.47019708513e+15	-510.253901554	0.370084838953	0.690675731946
1213.76884422	2.46999254782e+15	-485.387605793	0.380990683517	0.683184254465
1213.86934673	2.46978804438e+15	-460.525427651	0.393199808167	0.674893884803
1213.96984925	2.4695835748e+15	-435.667366104	0.406872391586	0.665729137521
1214.07035176	2.46937913907e+15	-410.81342013	0.422174583399	0.655619569109
1214.17085427	2.46917473719e+15	-385.963588707	0.439274101361	0.644504095967
1214.27135678	2.46897036914e+15	-361.117870813	0.458332043752	0.632337477636
1214.3718593	2.46876603493e+15	-336.276265428	0.479492848243	0.619097288481
1214.47236181	2.46856173452e+15	-311.43877153	0.502872386816	0.604790968771
1214.57286432	2.46835746794e+15	-286.605388098	0.528544091758	0.589462548632
1214.67336683	2.46815323515e+15	-261.776114113	0.556523028507	0.573198598253
1214.77386935	2.46794903615e+15	-236.950948554	0.586747849798	0.556132974922
1214.87437186	2.46774487095e+15	-212.129890401	0.619067161863	0.53844648681
1214.97487437	2.46754073952e+15	-187.312938636	0.653222370848	0.520366259136
1215.07537688	2.46733664185e+15	-162.500092239	0.688836816112	0.502159833715
1215.1758794	2.46713257795e+15	-137.691350192	0.725408621156	0.484126704119
1215.27638191	2.4669285478e+15	-112.886711476	0.76231091868	0.466586935716
1215.37688442	2.46672455139e+15	-88.0861750737	0.798798439273	0.449869184643
1215.47738693	2.46652058872e+15	-63.2897399674	0.83402460293	0.434297887792
1215.57788945	2.46631665978e+15	-38.4974051398	0.867064921562	0.420183011241
1215.67839196	2.46611276455e+15	-13.7091695739	0.896952248717	0.407810673132
1215.77889447	2.46590890303e+15	11.0749677468	0.922716430727	0.397437960721
1215.87939698	2.46570507522e+15	35.8550078388	0.943430725375	0.389289994726
1215.9798995	2.4655012811e+15	60.6309517178	0.95825869265	0.383560201003
1216.08040201	2.46529752066e+15	85.4028003995	0.966501616414	0.380411538429
1216.18090452	2.4650937939e+15	110.170554899	0.967640217453	0.379978647947
1216.28140704	2.46489010081e+15	134.934216232	0.961368086364	0.382369413598
1216.38190955	2.46468644138e+15	159.693785411	0.947614841852	0.387664562914
1216.48241206	2.4644828156e+15	184.449263453	0.926553948303	0.395915708264
1216.58291457	2.46427922346e+15	209.20065137	0.898598735847	0.407139770575
1216.68341709	2.46407566496e+15	233.947950176	0.86438297608	0.421311431674
1216.7839196	2.46387214008e+15	258.691160885	0.824728807097	0.438353854801
1216.88442211	2.46366864883e+15	283.430284509	0.780604889856	0.458128810006
1216.98492462	2.46346519118e+15	308.165322061	0.733076666115	0.480428595538
1217.08542714	2.46326176713e+15	332.896274553	0.683255099475	0.504970584724
1217.18592965	2.46305837668e+15	357.623142997	0.632243915966	0.531398049601
1217.28643216	2.46285501982e+15	382.345928404	0.581092266545	0.559287142182
1217.38693467	2.46265169652e+15	407.064631787	0.530755184478	0.588160632141
1217.48743719	2.4624484068e+15	431.779254155	0.482060696511	0.61750957995
1217.5879397	2.46224515064e+15	456.489796519	0.435690309966	0.646818008012
1217.68844221	2.46204192803e+15	481.196259891	0.392168014395	0.67559059548
1217.78894472	2.46183873896e+15	505.898645278	0.351860640764	0.703378137386
1217.88944724	2.46163558343e+15	530.596953692	0.314984697351	0.729800042058
1217.98994975	2.46143246142e+15	555.29118614	0.281624232662	0.754557169207
1218.09045226	2.46122937294e+15	579.981343633	0.251746590663	0.7774417241
1218.19095477	2.46102631796e+15	604.667427179	0.225227339447	0.798334705157
1218.29145729	2.46082329649e+15	629.349437785	0.201872127503	0.817199418592
1218.3919598	2.4606203085e+15	654.027376461	0.181438580343	0.834069471992
1218.49246231	2.46041735401e+15	678.701244213	0.163655550406	0.84903442108
1218.59296482	2.46021443299e+15	703.371042048	0.148242484466	0.862222014146
1218.69346734	2.46001154544e+15	728.036770974	0.134917640342	0.873787873595
1218.79396985	2.45980869135e+15	752.698431998	0.123413696896	0.883897921087
1218.89447236	2.45960587071e+15	777.356026124	0.11348226061	0.892720032579
1218.99497487	2.45940308352e+15	802.00955436	0.10489824394	0.900416140724
1219.09547739	2.45920032976e+15	826.659017711	0.0974618428385	0.907136954667
1219.1959799	2.45899760943e+15	851.304417182	0.0909991750499	0.913018464094
1219.29648241	2.45879492252e+15	875.945753778	0.0853608486327	0.918180900293
1219.39698492	2.45859226902e+15	900.583028504	0.0804200401329	0.922728681897
1219.49748744	2.45838964892e+15	925.216242363	0.0760705288886	0.926750841547
1219.59798995	2.45818706222e+15	949.84539636	0.0722234864143	0.930322958034
1219.69849246	2.4579845089e+15	974.470491499	0.0688056260202	0.933508112132
1219.79899497	2.45778198896e+15	999.091528783	0.0657562808783	0.936359045089
1219.89949749	2.45757950239e+15	1023.70850921	0.0630257445086	0.938919301362
1220.0	2.45737704918e+15	1048.32143379	0.0605727265857	0.941225314426
